.E
Time: 2.038
There was 1 error:
1) testSuperSubHistory(crystal.model.RevisionHistoryTest)java.lang.NullPointerException
	at crystal.model.RevisionHistoryTest.testSuperSubHistory(RevisionHistoryTest.java:91)
	at sun.reflect.NativeMethodAccessorImpl.invoke0(Native Method)
	at sun.reflect.NativeMethodAccessorImpl.invoke(NativeMethodAccessorImpl.java:57)
	at sun.reflect.DelegatingMethodAccessorImpl.invoke(DelegatingMethodAccessorImpl.java:43)
	at edu.washington.cs.dt.util.TestRunnerWrapper.main(TestRunnerWrapper.java:56)

FAILURES!!!
Tests run: 1,  Failures: 0,  Errors: 1

.
Time: 0.002

OK (1 test)

.
Time: 0.009

OK (1 test)

.
Time: 0

OK (1 test)

.
Time: 0.014

OK (1 test)

Execution time: 3341240147
0-th run
Pass: 4, Fail: 0, Error: 1
{crystal.model.RevisionHistoryTest.testSuperSubHistory=ERROR, crystal.util.SetOperationsTest.testSetDifference=PASS, crystal.model.DataSourceTest.testSetField=PASS, crystal.model.DataSourceTest.testSetKind=PASS, crystal.model.LocalStateResultTest.testErrorActionNameConstructor=PASS}


.
Time: 0.007

OK (1 test)

.
Time: 0.057

OK (1 test)

.E
Time: 0.003
There was 1 error:
1) testNullInputConstructor(crystal.client.ClientPreferencesTest)java.lang.IllegalArgumentException: Invalid string input
	at crystal.util.ValidInputChecker.checkValidStringInput(ValidInputChecker.java:135)
	at crystal.client.ClientPreferences.<init>(ClientPreferences.java:175)
	at crystal.client.ClientPreferencesTest.testNullInputConstructor(ClientPreferencesTest.java:35)
	at sun.reflect.NativeMethodAccessorImpl.invoke0(Native Method)
	at sun.reflect.NativeMethodAccessorImpl.invoke(NativeMethodAccessorImpl.java:57)
	at sun.reflect.DelegatingMethodAccessorImpl.invoke(DelegatingMethodAccessorImpl.java:43)
	at edu.washington.cs.dt.util.TestRunnerWrapper.main(TestRunnerWrapper.java:56)

FAILURES!!!
Tests run: 1,  Failures: 0,  Errors: 1

.
Time: 0

OK (1 test)

Execution time: 1356245053
0-th run
Pass: 3, Fail: 0, Error: 1
{crystal.util.SetOperationsTest.testXor=PASS, crystal.client.ClientPreferencesTest.testRemoveProjectPreferences=PASS, crystal.client.ClientPreferencesTest.testNullInputConstructor=ERROR, crystal.client.ClientPreferencesTest.testDuplicateProject=PASS}


.E
Time: 0.075
There was 1 error:
1) testDuplicateAddDataSource(crystal.client.ProjectPreferencesTest)java.lang.RuntimeException: Error adding new source; short name: shortName already exists for project: shortName
	at crystal.client.ProjectPreferences.addDataSource(ProjectPreferences.java:81)
	at crystal.client.ProjectPreferencesTest.testDuplicateAddDataSource(ProjectPreferencesTest.java:50)
	at sun.reflect.NativeMethodAccessorImpl.invoke0(Native Method)
	at sun.reflect.NativeMethodAccessorImpl.invoke(NativeMethodAccessorImpl.java:57)
	at sun.reflect.DelegatingMethodAccessorImpl.invoke(DelegatingMethodAccessorImpl.java:43)
	at edu.washington.cs.dt.util.TestRunnerWrapper.main(TestRunnerWrapper.java:56)

FAILURES!!!
Tests run: 1,  Failures: 0,  Errors: 1

.
Time: 0.043

OK (1 test)

.
Time: 0

OK (1 test)

.
Time: 0.004

OK (1 test)

.
Time: 0.001

OK (1 test)

Execution time: 1360458810
0-th run
Pass: 4, Fail: 0, Error: 1
{crystal.client.ProjectPreferencesTest.testDuplicateAddDataSource=ERROR, crystal.server.GuidanceCheckerTest.testGetCommitters=PASS, crystal.client.ClientPreferencesTest.testAddProjectPreferences=PASS, crystal.model.LocalStateResultTest.testLocalStateResult=PASS, crystal.model.LocalStateResultTest.testGetLastAction=PASS}


.
Time: 0.008

OK (1 test)

.
Time: 0.005

OK (1 test)

.
Time: 0

OK (1 test)

.
Time: 0

OK (1 test)

.
Time: 0.005

OK (1 test)

.
Time: 0.005

OK (1 test)

.
Time: 0.089

OK (1 test)

Execution time: 1344549531
0-th run
Pass: 7, Fail: 0, Error: 0
{crystal.model.LocalStateResultTest.testLocalStateResult=PASS, crystal.model.LocalStateResultTest.testGetLastLocalState=PASS, crystal.model.DataSourceTest.testSetField=PASS, crystal.model.DataSourceTest.testSetCompileCommand=PASS, crystal.model.DataSourceTest.testSetCloneString=PASS, crystal.model.DataSourceTest.testToString=PASS, crystal.model.RelationshipTest.testGetActionRepoKind=PASS}


.
Time: 0.018

OK (1 test)

.F
Time: 0.118
There was 1 failure:
1) testRelationship(crystal.client.ConflictDaemonTest)junit.framework.AssertionFailedError: non listeners expected:<0> but was:<2>
	at crystal.client.ConflictDaemonTest.testRelationship(ConflictDaemonTest.java:101)
	at sun.reflect.NativeMethodAccessorImpl.invoke0(Native Method)
	at sun.reflect.NativeMethodAccessorImpl.invoke(NativeMethodAccessorImpl.java:57)
	at sun.reflect.DelegatingMethodAccessorImpl.invoke(DelegatingMethodAccessorImpl.java:43)
	at edu.washington.cs.dt.util.TestRunnerWrapper.main(TestRunnerWrapper.java:56)

FAILURES!!!
Tests run: 1,  Failures: 1,  Errors: 0

.
Time: 0.007

OK (1 test)

.
Time: 0.026

OK (1 test)

.
Time: 0

OK (1 test)

Execution time: 1378267351
0-th run
Pass: 4, Fail: 1, Error: 0
{crystal.client.ConflictDaemonTest.testAddListener=PASS, crystal.client.ConflictDaemonTest.testRelationship=FAILURE, crystal.util.SetOperationsTest.testUnion=PASS, crystal.client.ProjectPreferencesTest.testGetNumOfVisibleSources=PASS, crystal.util.SetOperationsTest.testIntersection=PASS}


.
Time: 0.014

OK (1 test)

.
Time: 0.057

OK (1 test)

.
Time: 0

OK (1 test)

.
Time: 0

OK (1 test)

.
Time: 0.001

OK (1 test)

Execution time: 1356872278
0-th run
Pass: 5, Fail: 0, Error: 0
{crystal.model.LocalStateResultTest.testStrangeActionName=PASS, crystal.client.ClientPreferencesTest.testClientPreferences=PASS, crystal.model.LocalStateResultTest.testLocalStateResult=PASS, crystal.model.LocalStateResultTest.testGetNoErrorMessage=PASS, crystal.client.ProjectPreferencesTest.testClone=PASS}


.
Time: 0.008

OK (1 test)

.
Time: 2.033

OK (1 test)

.
Time: 0.161

OK (1 test)

.
Time: 0.001

OK (1 test)

.
Time: 0.001

OK (1 test)

.
Time: 0

OK (1 test)

Execution time: 3370425608
0-th run
Pass: 6, Fail: 0, Error: 0
{crystal.model.DataSourceTest.testSetField=PASS, crystal.model.DataSourceTest.testSetHistory=PASS, crystal.model.RelationshipTest.testEqualsObject=PASS, crystal.client.ConflictDaemonTest.testGetInstance=PASS, crystal.model.LocalStateResultTest.testLocalStateResult=PASS, crystal.model.LocalStateResultTest.testGetAction=PASS}


.
Time: 0.004

OK (1 test)

.
Time: 0.001

OK (1 test)

.
Time: 0.006

OK (1 test)

.
Time: 0.059

OK (1 test)

.E
Time: 0.003
There was 1 error:
1) testStrangeNameConstructor(crystal.model.RelationshipTest)java.lang.RuntimeException: Trying to create an invalid Relationship
	at crystal.model.Relationship.<init>(Relationship.java:111)
	at crystal.model.RelationshipTest.testStrangeNameConstructor(RelationshipTest.java:29)
	at sun.reflect.NativeMethodAccessorImpl.invoke0(Native Method)
	at sun.reflect.NativeMethodAccessorImpl.invoke(NativeMethodAccessorImpl.java:57)
	at sun.reflect.DelegatingMethodAccessorImpl.invoke(DelegatingMethodAccessorImpl.java:43)
	at edu.washington.cs.dt.util.TestRunnerWrapper.main(TestRunnerWrapper.java:56)

FAILURES!!!
Tests run: 1,  Failures: 0,  Errors: 1

Execution time: 1381677672
0-th run
Pass: 4, Fail: 0, Error: 1
{crystal.model.DataSourceTest.testSetField=PASS, crystal.model.DataSourceTest.testIsHidden=PASS, crystal.model.RelationshipTest.testGetDominant=PASS, crystal.client.ProjectPreferencesTest.testAddDataSource=PASS, crystal.model.RelationshipTest.testStrangeNameConstructor=ERROR}


.
Time: 0.01

OK (1 test)

.
Time: 0.005

OK (1 test)

.
Time: 0.065

OK (1 test)

.
Time: 0.587

OK (1 test)

.
Time: 0

OK (1 test)

Execution time: 1834041124
0-th run
Pass: 5, Fail: 0, Error: 0
{crystal.model.DataSourceTest.testSetField=PASS, crystal.model.DataSourceTest.testSetRemoteCmd=PASS, crystal.server.HgLogParserTest.testTwoLogs=PASS, crystal.client.ConflictDaemonTest.testLocalState=PASS, crystal.model.DataSourceTest.testSetParent=PASS}


.
Time: 0.006

OK (1 test)

.
Time: 0.003

OK (1 test)

.
Time: 0.075

OK (1 test)

.
Time: 0.056

OK (1 test)

.E
Time: 0.003
There was 1 error:
1) testNullIntersection(crystal.util.SetOperationsTest)java.lang.IllegalArgumentException: Null input
	at crystal.util.ValidInputChecker.checkNullInput(ValidInputChecker.java:125)
	at crystal.util.SetOperations.intersection(SetOperations.java:18)
	at crystal.util.SetOperationsTest.testNullIntersection(SetOperationsTest.java:22)
	at sun.reflect.NativeMethodAccessorImpl.invoke0(Native Method)
	at sun.reflect.NativeMethodAccessorImpl.invoke(NativeMethodAccessorImpl.java:57)
	at sun.reflect.DelegatingMethodAccessorImpl.invoke(DelegatingMethodAccessorImpl.java:43)
	at edu.washington.cs.dt.util.TestRunnerWrapper.main(TestRunnerWrapper.java:56)

FAILURES!!!
Tests run: 1,  Failures: 0,  Errors: 1

Execution time: 1323581241
0-th run
Pass: 4, Fail: 0, Error: 1
{crystal.model.LocalStateResultTest.testLocalStateResult=PASS, crystal.model.LocalStateResultTest.testGetLocalState=PASS, crystal.model.RelationshipTest.testCalculateAction=PASS, crystal.client.ProjectPreferencesTest.testRemoveDataSource=PASS, crystal.util.SetOperationsTest.testNullIntersection=ERROR}


.
Time: 0.117

OK (1 test)

.
Time: 0.064

OK (1 test)

.
Time: 0.013

OK (1 test)

.
Time: 0.001

OK (1 test)

.
Time: 0.002

OK (1 test)

Execution time: 1342507506
0-th run
Pass: 5, Fail: 0, Error: 0
{crystal.model.RelationshipTest.testConstructor=PASS, crystal.client.ProjectPreferencesTest.testProjectPreferences=PASS, crystal.server.GuidanceCheckerTest.testGetWhen=PASS, crystal.model.DataSourceTest.testSetField=PASS, crystal.model.DataSourceTest.testSetEnabled=PASS}


.E
Time: 0.062
There was 1 error:
1) testDuplicateAddProjectPreferences(crystal.client.ClientPreferencesTest)crystal.client.ClientPreferences$DuplicateProjectNameException: Duplicate project name: shortName
	at crystal.client.ClientPreferences.addProjectPreferences(ClientPreferences.java:217)
	at crystal.client.ClientPreferencesTest.testDuplicateAddProjectPreferences(ClientPreferencesTest.java:83)
	at sun.reflect.NativeMethodAccessorImpl.invoke0(Native Method)
	at sun.reflect.NativeMethodAccessorImpl.invoke(NativeMethodAccessorImpl.java:57)
	at sun.reflect.DelegatingMethodAccessorImpl.invoke(DelegatingMethodAccessorImpl.java:43)
	at edu.washington.cs.dt.util.TestRunnerWrapper.main(TestRunnerWrapper.java:56)

FAILURES!!!
Tests run: 1,  Failures: 0,  Errors: 1

.
Time: 0

OK (1 test)

.
Time: 0

OK (1 test)

.E
Time: 0.005
There was 1 error:
1) testParseNullLog(crystal.server.HgLogParserTest)java.lang.IllegalArgumentException: Null input
	at crystal.util.ValidInputChecker.checkNullInput(ValidInputChecker.java:125)
	at crystal.server.AbstractLogParser.abstractParseLog(AbstractLogParser.java:129)
	at crystal.server.HgLogParser.parseLog(HgLogParser.java:34)
	at crystal.server.HgLogParserTest.testParseNullLog(HgLogParserTest.java:29)
	at sun.reflect.NativeMethodAccessorImpl.invoke0(Native Method)
	at sun.reflect.NativeMethodAccessorImpl.invoke(NativeMethodAccessorImpl.java:57)
	at sun.reflect.DelegatingMethodAccessorImpl.invoke(DelegatingMethodAccessorImpl.java:43)
	at edu.washington.cs.dt.util.TestRunnerWrapper.main(TestRunnerWrapper.java:56)

FAILURES!!!
Tests run: 1,  Failures: 0,  Errors: 1

.E
Time: 2.015
There was 1 error:
1) testEqualsObject(crystal.model.RevisionHistoryTest)java.lang.NullPointerException
	at crystal.model.RevisionHistoryTest.testEqualsObject(RevisionHistoryTest.java:61)
	at sun.reflect.NativeMethodAccessorImpl.invoke0(Native Method)
	at sun.reflect.NativeMethodAccessorImpl.invoke(NativeMethodAccessorImpl.java:57)
	at sun.reflect.DelegatingMethodAccessorImpl.invoke(DelegatingMethodAccessorImpl.java:43)
	at edu.washington.cs.dt.util.TestRunnerWrapper.main(TestRunnerWrapper.java:56)

FAILURES!!!
Tests run: 1,  Failures: 0,  Errors: 1

Execution time: 3360773681
0-th run
Pass: 2, Fail: 0, Error: 3
{crystal.client.ClientPreferencesTest.testDuplicateAddProjectPreferences=ERROR, crystal.model.DataSourceTest.testSetField=PASS, crystal.model.DataSourceTest.testToString=PASS, crystal.server.HgLogParserTest.testParseNullLog=ERROR, crystal.model.RevisionHistoryTest.testEqualsObject=ERROR}


.
Time: 0.009

OK (1 test)

.
Time: 0.061

OK (1 test)

.
Time: 0

OK (1 test)

.E
Time: 0.005
There was 1 error:
1) testNullUnion(crystal.util.SetOperationsTest)java.lang.IllegalArgumentException: Null input
	at crystal.util.ValidInputChecker.checkNullInput(ValidInputChecker.java:125)
	at crystal.util.SetOperations.union(SetOperations.java:39)
	at crystal.util.SetOperationsTest.testNullUnion(SetOperationsTest.java:45)
	at sun.reflect.NativeMethodAccessorImpl.invoke0(Native Method)
	at sun.reflect.NativeMethodAccessorImpl.invoke(NativeMethodAccessorImpl.java:57)
	at sun.reflect.DelegatingMethodAccessorImpl.invoke(DelegatingMethodAccessorImpl.java:43)
	at edu.washington.cs.dt.util.TestRunnerWrapper.main(TestRunnerWrapper.java:56)

FAILURES!!!
Tests run: 1,  Failures: 0,  Errors: 1

Execution time: 1357829615
0-th run
Pass: 3, Fail: 0, Error: 1
{crystal.model.DataSourceTest.testSetField=PASS, crystal.client.ClientPreferencesTest.testDefaultSetting=PASS, crystal.model.DataSourceTest.testClone=PASS, crystal.util.SetOperationsTest.testNullUnion=ERROR}


.E
Time: 0.11
There was 1 error:
1) testInvalidPanelParameter(crystal.util.SpringLayoutUtilityTest)java.lang.IllegalArgumentException: Invalid input for panel.
	at crystal.util.SpringLayoutUtility.formGridInColumn(SpringLayoutUtility.java:35)
	at crystal.util.SpringLayoutUtilityTest.testInvalidPanelParameter(SpringLayoutUtilityTest.java:23)
	at sun.reflect.NativeMethodAccessorImpl.invoke0(Native Method)
	at sun.reflect.NativeMethodAccessorImpl.invoke(NativeMethodAccessorImpl.java:57)
	at sun.reflect.DelegatingMethodAccessorImpl.invoke(DelegatingMethodAccessorImpl.java:43)
	at edu.washington.cs.dt.util.TestRunnerWrapper.main(TestRunnerWrapper.java:56)

FAILURES!!!
Tests run: 1,  Failures: 0,  Errors: 1

.
Time: 0.065

OK (1 test)

.
Time: 0.009

OK (1 test)

.
Time: 0

OK (1 test)

.
Time: 0.037

OK (1 test)

Execution time: 1263056281
0-th run
Pass: 4, Fail: 0, Error: 1
{crystal.util.SpringLayoutUtilityTest.testInvalidPanelParameter=ERROR, crystal.server.HgLogParserTest.testSingleLog=PASS, crystal.model.LocalStateResultTest.testLocalStateResult=PASS, crystal.model.LocalStateResultTest.testGetLastErrorMessage=PASS, crystal.client.ClientPreferencesTest.testClone=PASS}


.
Time: 0.013

OK (1 test)

.
Time: 0.001

OK (1 test)

.
Time: 0.036

OK (1 test)

.
Time: 0.035

OK (1 test)

.
Time: 0

OK (1 test)

Execution time: 1340480438
0-th run
Pass: 5, Fail: 0, Error: 0
{crystal.model.LocalStateResultTest.testLocalStateResult=PASS, crystal.model.LocalStateResultTest.testToString=PASS, crystal.client.ConflictDaemonTest.testAddListener=PASS, crystal.client.ClientPreferencesTest.testRemoveProjectPreferencesAtIndex=PASS, crystal.model.LocalStateResultTest.testGetName=PASS}


File not found
File not found
.E
Time: 0.075
There was 1 error:
1) testParseLog(crystal.server.HgLogParserTest)java.lang.NullPointerException
	at crystal.server.HgLogParserTest.testParseLog(HgLogParserTest.java:61)
	at sun.reflect.NativeMethodAccessorImpl.invoke0(Native Method)
	at sun.reflect.NativeMethodAccessorImpl.invoke(NativeMethodAccessorImpl.java:57)
	at sun.reflect.DelegatingMethodAccessorImpl.invoke(DelegatingMethodAccessorImpl.java:43)
	at edu.washington.cs.dt.util.TestRunnerWrapper.main(TestRunnerWrapper.java:56)

FAILURES!!!
Tests run: 1,  Failures: 0,  Errors: 1

.F
Time: 0.031
There was 1 failure:
1) testGetProjectCheckoutLocation(crystal.client.ProjectPreferencesTest)junit.framework.AssertionFailedError: null
	at crystal.client.ProjectPreferencesTest.testGetProjectCheckoutLocation(ProjectPreferencesTest.java:167)
	at sun.reflect.NativeMethodAccessorImpl.invoke0(Native Method)
	at sun.reflect.NativeMethodAccessorImpl.invoke(NativeMethodAccessorImpl.java:57)
	at sun.reflect.DelegatingMethodAccessorImpl.invoke(DelegatingMethodAccessorImpl.java:43)
	at edu.washington.cs.dt.util.TestRunnerWrapper.main(TestRunnerWrapper.java:56)

FAILURES!!!
Tests run: 1,  Failures: 1,  Errors: 0

.E
Time: 1.426
There was 1 error:
1) testGetCommitters(crystal.model.RevisionHistoryTest)java.lang.NullPointerException
	at crystal.model.RevisionHistoryTest.testGetCommitters(RevisionHistoryTest.java:114)
	at sun.reflect.NativeMethodAccessorImpl.invoke0(Native Method)
	at sun.reflect.NativeMethodAccessorImpl.invoke(NativeMethodAccessorImpl.java:57)
	at sun.reflect.DelegatingMethodAccessorImpl.invoke(DelegatingMethodAccessorImpl.java:43)
	at edu.washington.cs.dt.util.TestRunnerWrapper.main(TestRunnerWrapper.java:56)

FAILURES!!!
Tests run: 1,  Failures: 0,  Errors: 1

Execution time: 2834533673
0-th run
Pass: 0, Fail: 1, Error: 2
{crystal.server.HgLogParserTest.testParseLog=ERROR, crystal.client.ProjectPreferencesTest.testGetProjectCheckoutLocation=FAILURE, crystal.model.RevisionHistoryTest.testGetCommitters=ERROR}


