.
Time: 0.011

OK (1 test)

.
Time: 0.005

OK (1 test)

.E
Time: 0.054
There was 1 error:
1) testDuplicateAddProjectPreferences(crystal.client.ClientPreferencesTest)crystal.client.ClientPreferences$DuplicateProjectNameException: Duplicate project name: shortName
	at crystal.client.ClientPreferences.addProjectPreferences(ClientPreferences.java:217)
	at crystal.client.ClientPreferencesTest.testDuplicateAddProjectPreferences(ClientPreferencesTest.java:83)
	at sun.reflect.NativeMethodAccessorImpl.invoke0(Native Method)
	at sun.reflect.NativeMethodAccessorImpl.invoke(NativeMethodAccessorImpl.java:57)
	at sun.reflect.DelegatingMethodAccessorImpl.invoke(DelegatingMethodAccessorImpl.java:43)
	at edu.washington.cs.dt.util.TestRunnerWrapper.main(TestRunnerWrapper.java:56)

FAILURES!!!
Tests run: 1,  Failures: 0,  Errors: 1

.
Time: 0.088

OK (1 test)

.
Time: 0.009

OK (1 test)

.
Time: 0.003

OK (1 test)

.E
Time: 0.005
There was 1 error:
1) testStrangeNameConstructor(crystal.model.RelationshipTest)java.lang.RuntimeException: Trying to create an invalid Relationship
	at crystal.model.Relationship.<init>(Relationship.java:111)
	at crystal.model.RelationshipTest.testStrangeNameConstructor(RelationshipTest.java:29)
	at sun.reflect.NativeMethodAccessorImpl.invoke0(Native Method)
	at sun.reflect.NativeMethodAccessorImpl.invoke(NativeMethodAccessorImpl.java:57)
	at sun.reflect.DelegatingMethodAccessorImpl.invoke(DelegatingMethodAccessorImpl.java:43)
	at edu.washington.cs.dt.util.TestRunnerWrapper.main(TestRunnerWrapper.java:56)

FAILURES!!!
Tests run: 1,  Failures: 0,  Errors: 1

.
Time: 0.013

OK (1 test)

.
Time: 0.004

OK (1 test)

Execution time: 1367068666
0-th run
Pass: 7, Fail: 0, Error: 2
{crystal.model.DataSourceTest.testSetField=PASS, crystal.model.DataSourceTest.testToString=PASS, crystal.client.ClientPreferencesTest.testDuplicateAddProjectPreferences=ERROR, crystal.model.RelationshipTest.testCalculateAction=PASS, crystal.model.RelationshipTest.testConstructor=PASS, crystal.model.RelationshipTest.testEqualsObject=PASS, crystal.model.RelationshipTest.testStrangeNameConstructor=ERROR, crystal.server.GuidanceCheckerTest.testGetWhen=PASS, crystal.model.RelationshipTest.testGetActionRepoKind=PASS}


.
Time: 0.07

OK (1 test)

.
Time: 0.03

OK (1 test)

.E
Time: 1.49
There was 1 error:
1) testGetCommitters(crystal.model.RevisionHistoryTest)java.lang.NullPointerException
	at crystal.model.RevisionHistoryTest.testGetCommitters(RevisionHistoryTest.java:114)
	at sun.reflect.NativeMethodAccessorImpl.invoke0(Native Method)
	at sun.reflect.NativeMethodAccessorImpl.invoke(NativeMethodAccessorImpl.java:57)
	at sun.reflect.DelegatingMethodAccessorImpl.invoke(DelegatingMethodAccessorImpl.java:43)
	at edu.washington.cs.dt.util.TestRunnerWrapper.main(TestRunnerWrapper.java:56)

FAILURES!!!
Tests run: 1,  Failures: 0,  Errors: 1

.
Time: 0.011

OK (1 test)

Execution time: 2869212163
0-th run
Pass: 3, Fail: 0, Error: 1
{crystal.server.HgLogParserTest.testSingleLog=PASS, crystal.client.ClientPreferencesTest.testAddProjectPreferences=PASS, crystal.model.RevisionHistoryTest.testGetCommitters=ERROR, crystal.util.SetOperationsTest.testSetDifference=PASS}


.
Time: 0.011

OK (1 test)

.
Time: 0

OK (1 test)

.
Time: 0.055

OK (1 test)

.E
Time: 1.992
There was 1 error:
1) testSuperSubHistory(crystal.model.RevisionHistoryTest)java.lang.NullPointerException
	at crystal.model.RevisionHistoryTest.testSuperSubHistory(RevisionHistoryTest.java:91)
	at sun.reflect.NativeMethodAccessorImpl.invoke0(Native Method)
	at sun.reflect.NativeMethodAccessorImpl.invoke(NativeMethodAccessorImpl.java:57)
	at sun.reflect.DelegatingMethodAccessorImpl.invoke(DelegatingMethodAccessorImpl.java:43)
	at edu.washington.cs.dt.util.TestRunnerWrapper.main(TestRunnerWrapper.java:56)

FAILURES!!!
Tests run: 1,  Failures: 0,  Errors: 1

.
Time: 0.003

OK (1 test)

.
Time: 0

OK (1 test)

Execution time: 3360862653
0-th run
Pass: 5, Fail: 0, Error: 1
{crystal.model.DataSourceTest.testSetField=PASS, crystal.model.DataSourceTest.testSetEnabled=PASS, crystal.client.ProjectPreferencesTest.testProjectPreferences=PASS, crystal.model.RevisionHistoryTest.testSuperSubHistory=ERROR, crystal.model.LocalStateResultTest.testLocalStateResult=PASS, crystal.model.LocalStateResultTest.testGetLastErrorMessage=PASS}


.
Time: 0.068

OK (1 test)

.E
Time: 0.003
There was 1 error:
1) testNullInputConstructor(crystal.client.ClientPreferencesTest)java.lang.IllegalArgumentException: Invalid string input
	at crystal.util.ValidInputChecker.checkValidStringInput(ValidInputChecker.java:135)
	at crystal.client.ClientPreferences.<init>(ClientPreferences.java:175)
	at crystal.client.ClientPreferencesTest.testNullInputConstructor(ClientPreferencesTest.java:35)
	at sun.reflect.NativeMethodAccessorImpl.invoke0(Native Method)
	at sun.reflect.NativeMethodAccessorImpl.invoke(NativeMethodAccessorImpl.java:57)
	at sun.reflect.DelegatingMethodAccessorImpl.invoke(DelegatingMethodAccessorImpl.java:43)
	at edu.washington.cs.dt.util.TestRunnerWrapper.main(TestRunnerWrapper.java:56)

FAILURES!!!
Tests run: 1,  Failures: 0,  Errors: 1

.E
Time: 0.001
There was 1 error:
1) testNullIntersection(crystal.util.SetOperationsTest)java.lang.IllegalArgumentException: Null input
	at crystal.util.ValidInputChecker.checkNullInput(ValidInputChecker.java:125)
	at crystal.util.SetOperations.intersection(SetOperations.java:18)
	at crystal.util.SetOperationsTest.testNullIntersection(SetOperationsTest.java:22)
	at sun.reflect.NativeMethodAccessorImpl.invoke0(Native Method)
	at sun.reflect.NativeMethodAccessorImpl.invoke(NativeMethodAccessorImpl.java:57)
	at sun.reflect.DelegatingMethodAccessorImpl.invoke(DelegatingMethodAccessorImpl.java:43)
	at edu.washington.cs.dt.util.TestRunnerWrapper.main(TestRunnerWrapper.java:56)

FAILURES!!!
Tests run: 1,  Failures: 0,  Errors: 1

.
Time: 0.006

OK (1 test)

Execution time: 1360599801
0-th run
Pass: 2, Fail: 0, Error: 2
{crystal.client.ClientPreferencesTest.testRemoveProjectPreferencesAtIndex=PASS, crystal.client.ClientPreferencesTest.testNullInputConstructor=ERROR, crystal.util.SetOperationsTest.testNullIntersection=ERROR, crystal.model.RelationshipTest.testGetDominant=PASS}


.
Time: 0.071

OK (1 test)

.F
Time: 0.004
There was 1 failure:
1) testGetProjectCheckoutLocation(crystal.client.ProjectPreferencesTest)junit.framework.AssertionFailedError: null
	at crystal.client.ProjectPreferencesTest.testGetProjectCheckoutLocation(ProjectPreferencesTest.java:167)
	at sun.reflect.NativeMethodAccessorImpl.invoke0(Native Method)
	at sun.reflect.NativeMethodAccessorImpl.invoke(NativeMethodAccessorImpl.java:57)
	at sun.reflect.DelegatingMethodAccessorImpl.invoke(DelegatingMethodAccessorImpl.java:43)
	at edu.washington.cs.dt.util.TestRunnerWrapper.main(TestRunnerWrapper.java:56)

FAILURES!!!
Tests run: 1,  Failures: 1,  Errors: 0

.E
Time: 1.974
There was 1 error:
1) testEqualsObject(crystal.model.RevisionHistoryTest)java.lang.NullPointerException
	at crystal.model.RevisionHistoryTest.testEqualsObject(RevisionHistoryTest.java:61)
	at sun.reflect.NativeMethodAccessorImpl.invoke0(Native Method)
	at sun.reflect.NativeMethodAccessorImpl.invoke(NativeMethodAccessorImpl.java:57)
	at sun.reflect.DelegatingMethodAccessorImpl.invoke(DelegatingMethodAccessorImpl.java:43)
	at edu.washington.cs.dt.util.TestRunnerWrapper.main(TestRunnerWrapper.java:56)

FAILURES!!!
Tests run: 1,  Failures: 0,  Errors: 1

.
Time: 0.002

OK (1 test)

.
Time: 0

OK (1 test)

Execution time: 3365664409
0-th run
Pass: 3, Fail: 1, Error: 1
{crystal.client.ProjectPreferencesTest.testRemoveDataSource=PASS, crystal.client.ProjectPreferencesTest.testGetProjectCheckoutLocation=FAILURE, crystal.model.RevisionHistoryTest.testEqualsObject=ERROR, crystal.model.LocalStateResultTest.testLocalStateResult=PASS, crystal.model.LocalStateResultTest.testGetNoErrorMessage=PASS}


.
Time: 0.01

OK (1 test)

.
Time: 0.005

OK (1 test)

.
Time: 0.058

OK (1 test)

.E
Time: 0.009
There was 1 error:
1) testParseNullLog(crystal.server.HgLogParserTest)java.lang.IllegalArgumentException: Null input
	at crystal.util.ValidInputChecker.checkNullInput(ValidInputChecker.java:125)
	at crystal.server.AbstractLogParser.abstractParseLog(AbstractLogParser.java:129)
	at crystal.server.HgLogParser.parseLog(HgLogParser.java:34)
	at crystal.server.HgLogParserTest.testParseNullLog(HgLogParserTest.java:29)
	at sun.reflect.NativeMethodAccessorImpl.invoke0(Native Method)
	at sun.reflect.NativeMethodAccessorImpl.invoke(NativeMethodAccessorImpl.java:57)
	at sun.reflect.DelegatingMethodAccessorImpl.invoke(DelegatingMethodAccessorImpl.java:43)
	at edu.washington.cs.dt.util.TestRunnerWrapper.main(TestRunnerWrapper.java:56)

FAILURES!!!
Tests run: 1,  Failures: 0,  Errors: 1

.
Time: 0.007

OK (1 test)

.
Time: 0

OK (1 test)

Execution time: 1363500657
0-th run
Pass: 5, Fail: 0, Error: 1
{crystal.model.DataSourceTest.testSetField=PASS, crystal.model.DataSourceTest.testSetCompileCommand=PASS, crystal.client.ProjectPreferencesTest.testGetNumOfVisibleSources=PASS, crystal.server.HgLogParserTest.testParseNullLog=ERROR, crystal.model.LocalStateResultTest.testLocalStateResult=PASS, crystal.model.LocalStateResultTest.testGetName=PASS}


.
Time: 0.06

OK (1 test)

.
Time: 0.005

OK (1 test)

.
Time: 0.008

OK (1 test)

.E
Time: 0.096
There was 1 error:
1) testInvalidPanelParameter(crystal.util.SpringLayoutUtilityTest)java.lang.IllegalArgumentException: Invalid input for panel.
	at crystal.util.SpringLayoutUtility.formGridInColumn(SpringLayoutUtility.java:35)
	at crystal.util.SpringLayoutUtilityTest.testInvalidPanelParameter(SpringLayoutUtilityTest.java:23)
	at sun.reflect.NativeMethodAccessorImpl.invoke0(Native Method)
	at sun.reflect.NativeMethodAccessorImpl.invoke(NativeMethodAccessorImpl.java:57)
	at sun.reflect.DelegatingMethodAccessorImpl.invoke(DelegatingMethodAccessorImpl.java:43)
	at edu.washington.cs.dt.util.TestRunnerWrapper.main(TestRunnerWrapper.java:56)

FAILURES!!!
Tests run: 1,  Failures: 0,  Errors: 1

Execution time: 1169038645
0-th run
Pass: 3, Fail: 0, Error: 1
{crystal.client.ClientPreferencesTest.testDefaultSetting=PASS, crystal.model.DataSourceTest.testSetField=PASS, crystal.model.LocalStateResultTest.testErrorActionNameConstructor=PASS, crystal.util.SpringLayoutUtilityTest.testInvalidPanelParameter=ERROR}


.
Time: 0.012

OK (1 test)

.
Time: 0

OK (1 test)

.
Time: 0

OK (1 test)

File not found
File not found
.E
Time: 0.071
There was 1 error:
1) testParseLog(crystal.server.HgLogParserTest)java.lang.NullPointerException
	at crystal.server.HgLogParserTest.testParseLog(HgLogParserTest.java:61)
	at sun.reflect.NativeMethodAccessorImpl.invoke0(Native Method)
	at sun.reflect.NativeMethodAccessorImpl.invoke(NativeMethodAccessorImpl.java:57)
	at sun.reflect.DelegatingMethodAccessorImpl.invoke(DelegatingMethodAccessorImpl.java:43)
	at edu.washington.cs.dt.util.TestRunnerWrapper.main(TestRunnerWrapper.java:56)

FAILURES!!!
Tests run: 1,  Failures: 0,  Errors: 1

.
Time: 0.005

OK (1 test)

.
Time: 0

OK (1 test)

Execution time: 1346041450
0-th run
Pass: 5, Fail: 0, Error: 1
{crystal.model.DataSourceTest.testSetField=PASS, crystal.model.DataSourceTest.testSetRemoteCmd=PASS, crystal.model.DataSourceTest.testSetParent=PASS, crystal.server.HgLogParserTest.testParseLog=ERROR, crystal.model.LocalStateResultTest.testLocalStateResult=PASS, crystal.model.LocalStateResultTest.testGetLastLocalState=PASS}


.
Time: 0.083

OK (1 test)

.E
Time: 0.009
There was 1 error:
1) testDuplicateAddDataSource(crystal.client.ProjectPreferencesTest)java.lang.RuntimeException: Error adding new source; short name: shortName already exists for project: shortName
	at crystal.client.ProjectPreferences.addDataSource(ProjectPreferences.java:81)
	at crystal.client.ProjectPreferencesTest.testDuplicateAddDataSource(ProjectPreferencesTest.java:50)
	at sun.reflect.NativeMethodAccessorImpl.invoke0(Native Method)
	at sun.reflect.NativeMethodAccessorImpl.invoke(NativeMethodAccessorImpl.java:57)
	at sun.reflect.DelegatingMethodAccessorImpl.invoke(DelegatingMethodAccessorImpl.java:43)
	at edu.washington.cs.dt.util.TestRunnerWrapper.main(TestRunnerWrapper.java:56)

FAILURES!!!
Tests run: 1,  Failures: 0,  Errors: 1

.
Time: 0.001

OK (1 test)

.
Time: 0.005

OK (1 test)

Execution time: 1351927100
0-th run
Pass: 3, Fail: 0, Error: 1
{crystal.client.ClientPreferencesTest.testClone=PASS, crystal.client.ProjectPreferencesTest.testDuplicateAddDataSource=ERROR, crystal.util.SetOperationsTest.testIntersection=PASS, crystal.client.ConflictDaemonTest.testGetInstance=PASS}


.
Time: 0.062

OK (1 test)

.
Time: 0.044

OK (1 test)

.
Time: 0.004

OK (1 test)

.
Time: 0

OK (1 test)

.
Time: 0.001

OK (1 test)

Execution time: 1336312415
0-th run
Pass: 5, Fail: 0, Error: 0
{crystal.client.ClientPreferencesTest.testRemoveProjectPreferences=PASS, crystal.server.GuidanceCheckerTest.testGetCommitters=PASS, crystal.model.LocalStateResultTest.testStrangeActionName=PASS, crystal.model.LocalStateResultTest.testLocalStateResult=PASS, crystal.model.LocalStateResultTest.testGetLocalState=PASS}


.
Time: 0.07

OK (1 test)

.
Time: 0.001

OK (1 test)

.
Time: 0.003

OK (1 test)

.
Time: 0

OK (1 test)

.
Time: 0

OK (1 test)

Execution time: 1350677607
0-th run
Pass: 5, Fail: 0, Error: 0
{crystal.client.ProjectPreferencesTest.testClone=PASS, crystal.client.ProjectPreferencesTest.testAddDataSource=PASS, crystal.model.LocalStateResultTest.testLocalStateResult=PASS, crystal.model.LocalStateResultTest.testGetLastAction=PASS, crystal.model.LocalStateResultTest.testGetAction=PASS}


.
Time: 0.006

OK (1 test)

.
Time: 0.006

OK (1 test)

.
Time: 0

OK (1 test)

.
Time: 0

OK (1 test)

.
Time: 0.053

OK (1 test)

Execution time: 1344740834
0-th run
Pass: 5, Fail: 0, Error: 0
{crystal.model.DataSourceTest.testSetField=PASS, crystal.model.DataSourceTest.testSetCloneString=PASS, crystal.model.DataSourceTest.testToString=PASS, crystal.model.DataSourceTest.testClone=PASS, crystal.client.ClientPreferencesTest.testClientPreferences=PASS}


.
Time: 0.007

OK (1 test)

.
Time: 2.027

OK (1 test)

.
Time: 0.029

OK (1 test)

.F
Time: 0.152
There was 1 failure:
1) testRelationship(crystal.client.ConflictDaemonTest)junit.framework.AssertionFailedError: non listeners expected:<0> but was:<2>
	at crystal.client.ConflictDaemonTest.testRelationship(ConflictDaemonTest.java:101)
	at sun.reflect.NativeMethodAccessorImpl.invoke0(Native Method)
	at sun.reflect.NativeMethodAccessorImpl.invoke(NativeMethodAccessorImpl.java:57)
	at sun.reflect.DelegatingMethodAccessorImpl.invoke(DelegatingMethodAccessorImpl.java:43)
	at edu.washington.cs.dt.util.TestRunnerWrapper.main(TestRunnerWrapper.java:56)

FAILURES!!!
Tests run: 1,  Failures: 1,  Errors: 0

.
Time: 0.001

OK (1 test)

.
Time: 0

OK (1 test)

Execution time: 3364278079
0-th run
Pass: 5, Fail: 1, Error: 0
{crystal.model.DataSourceTest.testSetField=PASS, crystal.model.DataSourceTest.testSetHistory=PASS, crystal.client.ConflictDaemonTest.testAddListener=PASS, crystal.client.ConflictDaemonTest.testRelationship=FAILURE, crystal.model.LocalStateResultTest.testLocalStateResult=PASS, crystal.model.LocalStateResultTest.testToString=PASS}


.
Time: 0.069

OK (1 test)

.
Time: 0.037

OK (1 test)

.
Time: 0.006

OK (1 test)

.
Time: 0.002

OK (1 test)

Execution time: 1364540351
0-th run
Pass: 4, Fail: 0, Error: 0
{crystal.client.ClientPreferencesTest.testDuplicateProject=PASS, crystal.server.HgLogParserTest.testTwoLogs=PASS, crystal.util.SetOperationsTest.testUnion=PASS, crystal.util.SetOperationsTest.testXor=PASS}


.
Time: 0.006

OK (1 test)

.
Time: 0.005

OK (1 test)

.
Time: 0

OK (1 test)

.
Time: 0.017

OK (1 test)

.E
Time: 0.013
There was 1 error:
1) testNullUnion(crystal.util.SetOperationsTest)java.lang.IllegalArgumentException: Null input
	at crystal.util.ValidInputChecker.checkNullInput(ValidInputChecker.java:125)
	at crystal.util.SetOperations.union(SetOperations.java:39)
	at crystal.util.SetOperationsTest.testNullUnion(SetOperationsTest.java:45)
	at sun.reflect.NativeMethodAccessorImpl.invoke0(Native Method)
	at sun.reflect.NativeMethodAccessorImpl.invoke(NativeMethodAccessorImpl.java:57)
	at sun.reflect.DelegatingMethodAccessorImpl.invoke(DelegatingMethodAccessorImpl.java:43)
	at edu.washington.cs.dt.util.TestRunnerWrapper.main(TestRunnerWrapper.java:56)

FAILURES!!!
Tests run: 1,  Failures: 0,  Errors: 1

Execution time: 1355452660
0-th run
Pass: 4, Fail: 0, Error: 1
{crystal.model.DataSourceTest.testSetField=PASS, crystal.model.DataSourceTest.testIsHidden=PASS, crystal.model.DataSourceTest.testSetKind=PASS, crystal.client.ConflictDaemonTest.testAddListener=PASS, crystal.util.SetOperationsTest.testNullUnion=ERROR}


.
Time: 0.66

OK (1 test)

Execution time: 1817767310
0-th run
Pass: 1, Fail: 0, Error: 0
{crystal.client.ConflictDaemonTest.testLocalState=PASS}


