.
Time: 0.01

OK (1 test)

.
Time: 0.091

OK (1 test)

.
Time: 0.003

OK (1 test)

.
Time: 0

OK (1 test)

.
Time: 0

OK (1 test)

.E
Time: 0.016
There was 1 error:
1) testParseNullLog(crystal.server.HgLogParserTest)java.lang.IllegalArgumentException: Null input
	at crystal.util.ValidInputChecker.checkNullInput(ValidInputChecker.java:125)
	at crystal.server.AbstractLogParser.abstractParseLog(AbstractLogParser.java:129)
	at crystal.server.HgLogParser.parseLog(HgLogParser.java:34)
	at crystal.server.HgLogParserTest.testParseNullLog(HgLogParserTest.java:29)
	at sun.reflect.NativeMethodAccessorImpl.invoke0(Native Method)
	at sun.reflect.NativeMethodAccessorImpl.invoke(NativeMethodAccessorImpl.java:57)
	at sun.reflect.DelegatingMethodAccessorImpl.invoke(DelegatingMethodAccessorImpl.java:43)
	at edu.washington.cs.dt.util.TestRunnerWrapper.main(TestRunnerWrapper.java:56)

FAILURES!!!
Tests run: 1,  Failures: 0,  Errors: 1

.
Time: 0.004

OK (1 test)

.
Time: 0

OK (1 test)

.
Time: 0

OK (1 test)

.
Time: 0

OK (1 test)

.
Time: 0

OK (1 test)

.E
Time: 1.481
There was 1 error:
1) testGetCommitters(crystal.model.RevisionHistoryTest)java.lang.NullPointerException
	at crystal.model.RevisionHistoryTest.testGetCommitters(RevisionHistoryTest.java:114)
	at sun.reflect.NativeMethodAccessorImpl.invoke0(Native Method)
	at sun.reflect.NativeMethodAccessorImpl.invoke(NativeMethodAccessorImpl.java:57)
	at sun.reflect.DelegatingMethodAccessorImpl.invoke(DelegatingMethodAccessorImpl.java:43)
	at edu.washington.cs.dt.util.TestRunnerWrapper.main(TestRunnerWrapper.java:56)

FAILURES!!!
Tests run: 1,  Failures: 0,  Errors: 1

.E
Time: 0.917
There was 1 error:
1) testSuperSubHistory(crystal.model.RevisionHistoryTest)java.lang.NullPointerException
	at crystal.model.RevisionHistoryTest.testSuperSubHistory(RevisionHistoryTest.java:91)
	at sun.reflect.NativeMethodAccessorImpl.invoke0(Native Method)
	at sun.reflect.NativeMethodAccessorImpl.invoke(NativeMethodAccessorImpl.java:57)
	at sun.reflect.DelegatingMethodAccessorImpl.invoke(DelegatingMethodAccessorImpl.java:43)
	at edu.washington.cs.dt.util.TestRunnerWrapper.main(TestRunnerWrapper.java:56)

FAILURES!!!
Tests run: 1,  Failures: 0,  Errors: 1

.E
Time: 0.905
There was 1 error:
1) testEqualsObject(crystal.model.RevisionHistoryTest)java.lang.NullPointerException
	at crystal.model.RevisionHistoryTest.testEqualsObject(RevisionHistoryTest.java:61)
	at sun.reflect.NativeMethodAccessorImpl.invoke0(Native Method)
	at sun.reflect.NativeMethodAccessorImpl.invoke(NativeMethodAccessorImpl.java:57)
	at sun.reflect.DelegatingMethodAccessorImpl.invoke(DelegatingMethodAccessorImpl.java:43)
	at edu.washington.cs.dt.util.TestRunnerWrapper.main(TestRunnerWrapper.java:56)

FAILURES!!!
Tests run: 1,  Failures: 0,  Errors: 1

File not found
File not found
.E
Time: 0.041
There was 1 error:
1) testParseLog(crystal.server.HgLogParserTest)java.lang.NullPointerException
	at crystal.server.HgLogParserTest.testParseLog(HgLogParserTest.java:61)
	at sun.reflect.NativeMethodAccessorImpl.invoke0(Native Method)
	at sun.reflect.NativeMethodAccessorImpl.invoke(NativeMethodAccessorImpl.java:57)
	at sun.reflect.DelegatingMethodAccessorImpl.invoke(DelegatingMethodAccessorImpl.java:43)
	at edu.washington.cs.dt.util.TestRunnerWrapper.main(TestRunnerWrapper.java:56)

FAILURES!!!
Tests run: 1,  Failures: 0,  Errors: 1

.
Time: 0.239

OK (1 test)

.
Time: 0.009

OK (1 test)

.
Time: 0.007

OK (1 test)

.E
Time: 0.005
There was 1 error:
1) testStrangeNameConstructor(crystal.model.RelationshipTest)java.lang.RuntimeException: Trying to create an invalid Relationship
	at crystal.model.Relationship.<init>(Relationship.java:111)
	at crystal.model.RelationshipTest.testStrangeNameConstructor(RelationshipTest.java:29)
	at sun.reflect.NativeMethodAccessorImpl.invoke0(Native Method)
	at sun.reflect.NativeMethodAccessorImpl.invoke(NativeMethodAccessorImpl.java:57)
	at sun.reflect.DelegatingMethodAccessorImpl.invoke(DelegatingMethodAccessorImpl.java:43)
	at edu.washington.cs.dt.util.TestRunnerWrapper.main(TestRunnerWrapper.java:56)

FAILURES!!!
Tests run: 1,  Failures: 0,  Errors: 1

.
Time: 0.02

OK (1 test)

.
Time: 0

OK (1 test)

Execution time: 5265838282
0-th run
Pass: 15, Fail: 0, Error: 6
{crystal.util.SetOperationsTest.testIntersection=PASS, crystal.client.ProjectPreferencesTest.testAddDataSource=PASS, crystal.model.LocalStateResultTest.testLocalStateResult=PASS, crystal.model.LocalStateResultTest.testGetLastAction=PASS, crystal.model.LocalStateResultTest.testGetAction=PASS, crystal.server.HgLogParserTest.testParseNullLog=ERROR, crystal.client.ConflictDaemonTest.testGetInstance=PASS, crystal.model.DataSourceTest.testSetField=PASS, crystal.model.DataSourceTest.testSetKind=PASS, crystal.model.DataSourceTest.testClone=PASS, crystal.client.ClientPreferencesTest.testClientPreferences=PASS, crystal.model.RevisionHistoryTest.testGetCommitters=ERROR, crystal.model.RevisionHistoryTest.testSuperSubHistory=ERROR, crystal.model.RevisionHistoryTest.testEqualsObject=ERROR, crystal.server.HgLogParserTest.testParseLog=ERROR, crystal.model.RelationshipTest.testCalculateAction=PASS, crystal.model.RelationshipTest.testConstructor=PASS, crystal.model.RelationshipTest.testEqualsObject=PASS, crystal.model.RelationshipTest.testStrangeNameConstructor=ERROR, crystal.server.GuidanceCheckerTest.testGetWhen=PASS, crystal.model.RelationshipTest.testGetActionRepoKind=PASS}


.
Time: 0.066

OK (1 test)

.
Time: 0.008

OK (1 test)

.
Time: 0

OK (1 test)

.
Time: 0

OK (1 test)

Execution time: 1335720959
0-th run
Pass: 4, Fail: 0, Error: 0
{crystal.client.ProjectPreferencesTest.testGetNumOfVisibleSources=PASS, crystal.model.LocalStateResultTest.testStrangeActionName=PASS, crystal.model.LocalStateResultTest.testLocalStateResult=PASS, crystal.model.LocalStateResultTest.testGetName=PASS}


.
Time: 0.072

OK (1 test)

.
Time: 0.004

OK (1 test)

.
Time: 0

OK (1 test)

.
Time: 0

OK (1 test)

.
Time: 0.006

OK (1 test)

Execution time: 1329160823
0-th run
Pass: 5, Fail: 0, Error: 0
{crystal.client.ProjectPreferencesTest.testRemoveDataSource=PASS, crystal.model.DataSourceTest.testSetField=PASS, crystal.model.DataSourceTest.testSetRemoteCmd=PASS, crystal.model.DataSourceTest.testSetEnabled=PASS, crystal.util.SetOperationsTest.testSetDifference=PASS}


.
Time: 0.009

OK (1 test)

.E
Time: 0.01
There was 1 error:
1) testNullUnion(crystal.util.SetOperationsTest)java.lang.IllegalArgumentException: Null input
	at crystal.util.ValidInputChecker.checkNullInput(ValidInputChecker.java:125)
	at crystal.util.SetOperations.union(SetOperations.java:39)
	at crystal.util.SetOperationsTest.testNullUnion(SetOperationsTest.java:45)
	at sun.reflect.NativeMethodAccessorImpl.invoke0(Native Method)
	at sun.reflect.NativeMethodAccessorImpl.invoke(NativeMethodAccessorImpl.java:57)
	at sun.reflect.DelegatingMethodAccessorImpl.invoke(DelegatingMethodAccessorImpl.java:43)
	at edu.washington.cs.dt.util.TestRunnerWrapper.main(TestRunnerWrapper.java:56)

FAILURES!!!
Tests run: 1,  Failures: 0,  Errors: 1

.
Time: 0.025

OK (1 test)

.
Time: 0

OK (1 test)

.
Time: 0.001

OK (1 test)

Execution time: 1358569980
0-th run
Pass: 4, Fail: 0, Error: 1
{crystal.util.SetOperationsTest.testXor=PASS, crystal.util.SetOperationsTest.testNullUnion=ERROR, crystal.model.LocalStateResultTest.testLocalStateResult=PASS, crystal.model.LocalStateResultTest.testGetLastLocalState=PASS, crystal.model.LocalStateResultTest.testGetLastErrorMessage=PASS}


.
Time: 0.061

OK (1 test)

.E
Time: 0.002
There was 1 error:
1) testDuplicateAddProjectPreferences(crystal.client.ClientPreferencesTest)crystal.client.ClientPreferences$DuplicateProjectNameException: Duplicate project name: shortName
	at crystal.client.ClientPreferences.addProjectPreferences(ClientPreferences.java:217)
	at crystal.client.ClientPreferencesTest.testDuplicateAddProjectPreferences(ClientPreferencesTest.java:83)
	at sun.reflect.NativeMethodAccessorImpl.invoke0(Native Method)
	at sun.reflect.NativeMethodAccessorImpl.invoke(NativeMethodAccessorImpl.java:57)
	at sun.reflect.DelegatingMethodAccessorImpl.invoke(DelegatingMethodAccessorImpl.java:43)
	at edu.washington.cs.dt.util.TestRunnerWrapper.main(TestRunnerWrapper.java:56)

FAILURES!!!
Tests run: 1,  Failures: 0,  Errors: 1

.
Time: 0

OK (1 test)

.
Time: 0.002

OK (1 test)

.
Time: 0.013

OK (1 test)

Execution time: 1366276239
0-th run
Pass: 4, Fail: 0, Error: 1
{crystal.client.ClientPreferencesTest.testRemoveProjectPreferences=PASS, crystal.client.ClientPreferencesTest.testDuplicateAddProjectPreferences=ERROR, crystal.model.DataSourceTest.testSetField=PASS, crystal.model.DataSourceTest.testIsHidden=PASS, crystal.client.ConflictDaemonTest.testAddListener=PASS}


.
Time: 0.073

OK (1 test)

.
Time: 0.002

OK (1 test)

.
Time: 0

OK (1 test)

.
Time: 0.027

OK (1 test)

.
Time: 0.001

OK (1 test)

.
Time: 0

OK (1 test)

.F
Time: 0.003
There was 1 failure:
1) testGetProjectCheckoutLocation(crystal.client.ProjectPreferencesTest)junit.framework.AssertionFailedError: null
	at crystal.client.ProjectPreferencesTest.testGetProjectCheckoutLocation(ProjectPreferencesTest.java:167)
	at sun.reflect.NativeMethodAccessorImpl.invoke0(Native Method)
	at sun.reflect.NativeMethodAccessorImpl.invoke(NativeMethodAccessorImpl.java:57)
	at sun.reflect.DelegatingMethodAccessorImpl.invoke(DelegatingMethodAccessorImpl.java:43)
	at edu.washington.cs.dt.util.TestRunnerWrapper.main(TestRunnerWrapper.java:56)

FAILURES!!!
Tests run: 1,  Failures: 1,  Errors: 0

Execution time: 1348015601
0-th run
Pass: 6, Fail: 1, Error: 0
{crystal.server.HgLogParserTest.testSingleLog=PASS, crystal.model.DataSourceTest.testSetField=PASS, crystal.model.DataSourceTest.testSetCompileCommand=PASS, crystal.client.ClientPreferencesTest.testDuplicateProject=PASS, crystal.model.LocalStateResultTest.testLocalStateResult=PASS, crystal.model.LocalStateResultTest.testToString=PASS, crystal.client.ProjectPreferencesTest.testGetProjectCheckoutLocation=FAILURE}


.
Time: 0.008

OK (1 test)

.
Time: 0.007

OK (1 test)

.
Time: 0.003

OK (1 test)

.
Time: 0.033

OK (1 test)

.
Time: 0.001

OK (1 test)

.
Time: 0

OK (1 test)

.
Time: 0.001

OK (1 test)

Execution time: 1361532622
0-th run
Pass: 7, Fail: 0, Error: 0
{crystal.model.DataSourceTest.testSetField=PASS, crystal.model.DataSourceTest.testToString=PASS, crystal.model.LocalStateResultTest.testErrorActionNameConstructor=PASS, crystal.client.ClientPreferencesTest.testRemoveProjectPreferencesAtIndex=PASS, crystal.model.LocalStateResultTest.testLocalStateResult=PASS, crystal.model.LocalStateResultTest.testGetLocalState=PASS, crystal.client.ClientPreferencesTest.testAddProjectPreferences=PASS}


.
Time: 0.008

OK (1 test)

.
Time: 2.084

OK (1 test)

Execution time: 3366017613
0-th run
Pass: 2, Fail: 0, Error: 0
{crystal.model.DataSourceTest.testSetField=PASS, crystal.model.DataSourceTest.testSetHistory=PASS}


.
Time: 0.017

OK (1 test)

.
Time: 0.006

OK (1 test)

.
Time: 0

OK (1 test)

.
Time: 0

OK (1 test)

Execution time: 1311056091
0-th run
Pass: 4, Fail: 0, Error: 0
{crystal.util.SetOperationsTest.testUnion=PASS, crystal.model.DataSourceTest.testSetField=PASS, crystal.model.DataSourceTest.testSetCloneString=PASS, crystal.model.DataSourceTest.testToString=PASS}


.
Time: 0.013

OK (1 test)

.
Time: 0.059

OK (1 test)

.
Time: 0

OK (1 test)

.
Time: 0

OK (1 test)

.
Time: 0.002

OK (1 test)

.
Time: 0

OK (1 test)

.
Time: 0.002

OK (1 test)

Execution time: 1349838589
0-th run
Pass: 7, Fail: 0, Error: 0
{crystal.model.RelationshipTest.testGetDominant=PASS, crystal.client.ClientPreferencesTest.testDefaultSetting=PASS, crystal.model.DataSourceTest.testSetField=PASS, crystal.model.DataSourceTest.testSetParent=PASS, crystal.model.LocalStateResultTest.testLocalStateResult=PASS, crystal.model.LocalStateResultTest.testGetNoErrorMessage=PASS, crystal.client.ProjectPreferencesTest.testProjectPreferences=PASS}


.
Time: 0.022

OK (1 test)

.F
Time: 0.11
There was 1 failure:
1) testRelationship(crystal.client.ConflictDaemonTest)junit.framework.AssertionFailedError: non listeners expected:<0> but was:<2>
	at crystal.client.ConflictDaemonTest.testRelationship(ConflictDaemonTest.java:101)
	at sun.reflect.NativeMethodAccessorImpl.invoke0(Native Method)
	at sun.reflect.NativeMethodAccessorImpl.invoke(NativeMethodAccessorImpl.java:57)
	at sun.reflect.DelegatingMethodAccessorImpl.invoke(DelegatingMethodAccessorImpl.java:43)
	at edu.washington.cs.dt.util.TestRunnerWrapper.main(TestRunnerWrapper.java:56)

FAILURES!!!
Tests run: 1,  Failures: 1,  Errors: 0

.
Time: 0.033

OK (1 test)

Execution time: 1363553419
0-th run
Pass: 2, Fail: 1, Error: 0
{crystal.client.ConflictDaemonTest.testAddListener=PASS, crystal.client.ConflictDaemonTest.testRelationship=FAILURE, crystal.client.ProjectPreferencesTest.testClone=PASS}


.
Time: 0.091

OK (1 test)

Execution time: 1379358456
0-th run
Pass: 1, Fail: 0, Error: 0
{crystal.client.ClientPreferencesTest.testClone=PASS}


.E
Time: 0.011
There was 1 error:
1) testNullIntersection(crystal.util.SetOperationsTest)java.lang.IllegalArgumentException: Null input
	at crystal.util.ValidInputChecker.checkNullInput(ValidInputChecker.java:125)
	at crystal.util.SetOperations.intersection(SetOperations.java:18)
	at crystal.util.SetOperationsTest.testNullIntersection(SetOperationsTest.java:22)
	at sun.reflect.NativeMethodAccessorImpl.invoke0(Native Method)
	at sun.reflect.NativeMethodAccessorImpl.invoke(NativeMethodAccessorImpl.java:57)
	at sun.reflect.DelegatingMethodAccessorImpl.invoke(DelegatingMethodAccessorImpl.java:43)
	at edu.washington.cs.dt.util.TestRunnerWrapper.main(TestRunnerWrapper.java:56)

FAILURES!!!
Tests run: 1,  Failures: 0,  Errors: 1

Execution time: 1312646210
0-th run
Pass: 0, Fail: 0, Error: 1
{crystal.util.SetOperationsTest.testNullIntersection=ERROR}


.E
Time: 0.07
There was 1 error:
1) testNullInputConstructor(crystal.client.ClientPreferencesTest)java.lang.IllegalArgumentException: Invalid string input
	at crystal.util.ValidInputChecker.checkValidStringInput(ValidInputChecker.java:135)
	at crystal.client.ClientPreferences.<init>(ClientPreferences.java:175)
	at crystal.client.ClientPreferencesTest.testNullInputConstructor(ClientPreferencesTest.java:35)
	at sun.reflect.NativeMethodAccessorImpl.invoke0(Native Method)
	at sun.reflect.NativeMethodAccessorImpl.invoke(NativeMethodAccessorImpl.java:57)
	at sun.reflect.DelegatingMethodAccessorImpl.invoke(DelegatingMethodAccessorImpl.java:43)
	at edu.washington.cs.dt.util.TestRunnerWrapper.main(TestRunnerWrapper.java:56)

FAILURES!!!
Tests run: 1,  Failures: 0,  Errors: 1

.E
Time: 0.001
There was 1 error:
1) testDuplicateAddDataSource(crystal.client.ProjectPreferencesTest)java.lang.RuntimeException: Error adding new source; short name: shortName already exists for project: shortName
	at crystal.client.ProjectPreferences.addDataSource(ProjectPreferences.java:81)
	at crystal.client.ProjectPreferencesTest.testDuplicateAddDataSource(ProjectPreferencesTest.java:50)
	at sun.reflect.NativeMethodAccessorImpl.invoke0(Native Method)
	at sun.reflect.NativeMethodAccessorImpl.invoke(NativeMethodAccessorImpl.java:57)
	at sun.reflect.DelegatingMethodAccessorImpl.invoke(DelegatingMethodAccessorImpl.java:43)
	at edu.washington.cs.dt.util.TestRunnerWrapper.main(TestRunnerWrapper.java:56)

FAILURES!!!
Tests run: 1,  Failures: 0,  Errors: 1

.E
Time: 0.095
There was 1 error:
1) testInvalidPanelParameter(crystal.util.SpringLayoutUtilityTest)java.lang.IllegalArgumentException: Invalid input for panel.
	at crystal.util.SpringLayoutUtility.formGridInColumn(SpringLayoutUtility.java:35)
	at crystal.util.SpringLayoutUtilityTest.testInvalidPanelParameter(SpringLayoutUtilityTest.java:23)
	at sun.reflect.NativeMethodAccessorImpl.invoke0(Native Method)
	at sun.reflect.NativeMethodAccessorImpl.invoke(NativeMethodAccessorImpl.java:57)
	at sun.reflect.DelegatingMethodAccessorImpl.invoke(DelegatingMethodAccessorImpl.java:43)
	at edu.washington.cs.dt.util.TestRunnerWrapper.main(TestRunnerWrapper.java:56)

FAILURES!!!
Tests run: 1,  Failures: 0,  Errors: 1

.
Time: 0.034

OK (1 test)

Execution time: 1230112885
0-th run
Pass: 1, Fail: 0, Error: 3
{crystal.client.ClientPreferencesTest.testNullInputConstructor=ERROR, crystal.client.ProjectPreferencesTest.testDuplicateAddDataSource=ERROR, crystal.util.SpringLayoutUtilityTest.testInvalidPanelParameter=ERROR, crystal.server.HgLogParserTest.testTwoLogs=PASS}


.
Time: 0.075

OK (1 test)

Execution time: 1294975924
0-th run
Pass: 1, Fail: 0, Error: 0
{crystal.server.GuidanceCheckerTest.testGetCommitters=PASS}


.
Time: 0.652

OK (1 test)

Execution time: 1844864433
0-th run
Pass: 1, Fail: 0, Error: 0
{crystal.client.ConflictDaemonTest.testLocalState=PASS}


