.E
Time: 0.066
There was 1 error:
1) testNullInputConstructor(crystal.client.ClientPreferencesTest)java.lang.IllegalArgumentException: Invalid string input
	at crystal.util.ValidInputChecker.checkValidStringInput(ValidInputChecker.java:135)
	at crystal.client.ClientPreferences.<init>(ClientPreferences.java:175)
	at crystal.client.ClientPreferencesTest.testNullInputConstructor(ClientPreferencesTest.java:35)
	at sun.reflect.NativeMethodAccessorImpl.invoke0(Native Method)
	at sun.reflect.NativeMethodAccessorImpl.invoke(NativeMethodAccessorImpl.java:57)
	at sun.reflect.DelegatingMethodAccessorImpl.invoke(DelegatingMethodAccessorImpl.java:43)
	at edu.washington.cs.dt.util.TestRunnerWrapper.main(TestRunnerWrapper.java:56)

FAILURES!!!
Tests run: 1,  Failures: 0,  Errors: 1

.
Time: 0.003

OK (1 test)

.
Time: 0.001

OK (1 test)

.E
Time: 0.003
There was 1 error:
1) testDuplicateAddProjectPreferences(crystal.client.ClientPreferencesTest)crystal.client.ClientPreferences$DuplicateProjectNameException: Duplicate project name: shortName
	at crystal.client.ClientPreferences.addProjectPreferences(ClientPreferences.java:217)
	at crystal.client.ClientPreferencesTest.testDuplicateAddProjectPreferences(ClientPreferencesTest.java:83)
	at sun.reflect.NativeMethodAccessorImpl.invoke0(Native Method)
	at sun.reflect.NativeMethodAccessorImpl.invoke(NativeMethodAccessorImpl.java:57)
	at sun.reflect.DelegatingMethodAccessorImpl.invoke(DelegatingMethodAccessorImpl.java:43)
	at edu.washington.cs.dt.util.TestRunnerWrapper.main(TestRunnerWrapper.java:56)

FAILURES!!!
Tests run: 1,  Failures: 0,  Errors: 1

.
Time: 0

OK (1 test)

.
Time: 0

OK (1 test)

.
Time: 0.001

OK (1 test)

.
Time: 0.001

OK (1 test)

.
Time: 0.013

OK (1 test)

.
Time: 0.015

OK (1 test)

.
Time: 0

OK (1 test)

.ERROR 2014-03-11 02:09:21,338 (ConflictDaemon.java:221) - Runtime Exception caught while getting state for: shortName_2_HG_cloneString_2
null
java.lang.NullPointerException
	at crystal.client.ConflictClient.refresh(ConflictClient.java:486)
	at crystal.client.ConflictClient.update(ConflictClient.java:561)
	at crystal.client.ConflictDaemon.calculateLocalState(ConflictDaemon.java:214)
	at crystal.client.ConflictDaemonTest.testLocalState(ConflictDaemonTest.java:57)
	at sun.reflect.NativeMethodAccessorImpl.invoke0(Native Method)
	at sun.reflect.NativeMethodAccessorImpl.invoke(NativeMethodAccessorImpl.java:57)
	at sun.reflect.DelegatingMethodAccessorImpl.invoke(DelegatingMethodAccessorImpl.java:43)
	at java.lang.reflect.Method.invoke(Method.java:606)
	at junit.framework.TestCase.runTest(TestCase.java:168)
	at junit.framework.TestCase.runBare(TestCase.java:134)
	at junit.framework.TestResult$1.protect(TestResult.java:110)
	at junit.framework.TestResult.runProtected(TestResult.java:128)
	at junit.framework.TestResult.run(TestResult.java:113)
	at junit.framework.TestCase.run(TestCase.java:124)
	at junit.textui.TestRunner.doRun(TestRunner.java:116)
	at junit.textui.TestRunner.runSingleMethod(TestRunner.java:189)
	at junit.textui.TestRunner.start(TestRunner.java:178)
	at edu.washington.cs.dt.util.TestRunnerWrapper.main(TestRunnerWrapper.java:56)

Time: 0.64

OK (1 test)

.F
Time: 0.074
There was 1 failure:
1) testRelationship(crystal.client.ConflictDaemonTest)junit.framework.AssertionFailedError: non listeners expected:<0> but was:<2>
	at crystal.client.ConflictDaemonTest.testRelationship(ConflictDaemonTest.java:101)
	at sun.reflect.NativeMethodAccessorImpl.invoke0(Native Method)
	at sun.reflect.NativeMethodAccessorImpl.invoke(NativeMethodAccessorImpl.java:57)
	at sun.reflect.DelegatingMethodAccessorImpl.invoke(DelegatingMethodAccessorImpl.java:43)
	at edu.washington.cs.dt.util.TestRunnerWrapper.main(TestRunnerWrapper.java:56)

FAILURES!!!
Tests run: 1,  Failures: 1,  Errors: 0

.
Time: 0

OK (1 test)

.
Time: 0

OK (1 test)

.E
Time: 0.001
There was 1 error:
1) testDuplicateAddDataSource(crystal.client.ProjectPreferencesTest)java.lang.RuntimeException: Error adding new source; short name: shortName already exists for project: shortName
	at crystal.client.ProjectPreferences.addDataSource(ProjectPreferences.java:81)
	at crystal.client.ProjectPreferencesTest.testDuplicateAddDataSource(ProjectPreferencesTest.java:50)
	at sun.reflect.NativeMethodAccessorImpl.invoke0(Native Method)
	at sun.reflect.NativeMethodAccessorImpl.invoke(NativeMethodAccessorImpl.java:57)
	at sun.reflect.DelegatingMethodAccessorImpl.invoke(DelegatingMethodAccessorImpl.java:43)
	at edu.washington.cs.dt.util.TestRunnerWrapper.main(TestRunnerWrapper.java:56)

FAILURES!!!
Tests run: 1,  Failures: 0,  Errors: 1

.
Time: 0

OK (1 test)

.
Time: 0.001

OK (1 test)

.
Time: 0.008

OK (1 test)

.F
Time: 0
There was 1 failure:
1) testGetProjectCheckoutLocation(crystal.client.ProjectPreferencesTest)junit.framework.AssertionFailedError: null
	at crystal.client.ProjectPreferencesTest.testGetProjectCheckoutLocation(ProjectPreferencesTest.java:167)
	at sun.reflect.NativeMethodAccessorImpl.invoke0(Native Method)
	at sun.reflect.NativeMethodAccessorImpl.invoke(NativeMethodAccessorImpl.java:57)
	at sun.reflect.DelegatingMethodAccessorImpl.invoke(DelegatingMethodAccessorImpl.java:43)
	at edu.washington.cs.dt.util.TestRunnerWrapper.main(TestRunnerWrapper.java:56)

FAILURES!!!
Tests run: 1,  Failures: 1,  Errors: 0

.
Time: 0.007

OK (1 test)

.
Time: 0

OK (1 test)

.
Time: 1.769

OK (1 test)

.
Time: 0

OK (1 test)

.
Time: 0

OK (1 test)

.
Time: 0

OK (1 test)

.
Time: 0

OK (1 test)

.
Time: 0.001

OK (1 test)

.
Time: 0

OK (1 test)

.
Time: 0

OK (1 test)

.
Time: 0.005

OK (1 test)

.
Time: 0.008

OK (1 test)

.
Time: 0

OK (1 test)

.
Time: 0.001

OK (1 test)

.
Time: 0.001

OK (1 test)

.
Time: 0

OK (1 test)

.
Time: 0

OK (1 test)

.
Time: 0

OK (1 test)

.
Time: 0

OK (1 test)

.
Time: 0.005

OK (1 test)

.

Time: 0

OK (1 test)

.
Time: 0

OK (1 test)

.E
Time: 0.013
There was 1 error:
1) testStrangeNameConstructor(crystal.model.RelationshipTest)java.lang.RuntimeException: Trying to create an invalid Relationship
	at crystal.model.Relationship.<init>(Relationship.java:111)
	at crystal.model.RelationshipTest.testStrangeNameConstructor(RelationshipTest.java:29)
	at sun.reflect.NativeMethodAccessorImpl.invoke0(Native Method)
	at sun.reflect.NativeMethodAccessorImpl.invoke(NativeMethodAccessorImpl.java:57)
	at sun.reflect.DelegatingMethodAccessorImpl.invoke(DelegatingMethodAccessorImpl.java:43)
	at edu.washington.cs.dt.util.TestRunnerWrapper.main(TestRunnerWrapper.java:56)

FAILURES!!!
Tests run: 1,  Failures: 0,  Errors: 1

.
Time: 0.017

OK (1 test)

.
Time: 0.015

OK (1 test)

.
Time: 0.007

OK (1 test)

.
Time: 0.009

OK (1 test)

.
Time: 0.008

OK (1 test)

.E
Time: 0.869
There was 1 error:
1) testEqualsObject(crystal.model.RevisionHistoryTest)java.lang.NullPointerException
	at crystal.model.RevisionHistoryTest.testEqualsObject(RevisionHistoryTest.java:61)
	at sun.reflect.NativeMethodAccessorImpl.invoke0(Native Method)
	at sun.reflect.NativeMethodAccessorImpl.invoke(NativeMethodAccessorImpl.java:57)
	at sun.reflect.DelegatingMethodAccessorImpl.invoke(DelegatingMethodAccessorImpl.java:43)
	at edu.washington.cs.dt.util.TestRunnerWrapper.main(TestRunnerWrapper.java:56)

FAILURES!!!
Tests run: 1,  Failures: 0,  Errors: 1

.E
Time: 1.083
There was 1 error:
1) testSuperSubHistory(crystal.model.RevisionHistoryTest)java.lang.NullPointerException
	at crystal.model.RevisionHistoryTest.testSuperSubHistory(RevisionHistoryTest.java:91)
	at sun.reflect.NativeMethodAccessorImpl.invoke0(Native Method)
	at sun.reflect.NativeMethodAccessorImpl.invoke(NativeMethodAccessorImpl.java:57)
	at sun.reflect.DelegatingMethodAccessorImpl.invoke(DelegatingMethodAccessorImpl.java:43)
	at edu.washington.cs.dt.util.TestRunnerWrapper.main(TestRunnerWrapper.java:56)

FAILURES!!!
Tests run: 1,  Failures: 0,  Errors: 1

.E
Time: 0.267
There was 1 error:
1) testGetCommitters(crystal.model.RevisionHistoryTest)java.lang.NullPointerException
	at crystal.model.RevisionHistoryTest.testGetCommitters(RevisionHistoryTest.java:114)
	at sun.reflect.NativeMethodAccessorImpl.invoke0(Native Method)
	at sun.reflect.NativeMethodAccessorImpl.invoke(NativeMethodAccessorImpl.java:57)
	at sun.reflect.DelegatingMethodAccessorImpl.invoke(DelegatingMethodAccessorImpl.java:43)
	at edu.washington.cs.dt.util.TestRunnerWrapper.main(TestRunnerWrapper.java:56)

FAILURES!!!
Tests run: 1,  Failures: 0,  Errors: 1

.
Time: 0.017

OK (1 test)

.
Time: 0.023

OK (1 test)

.E
Time: 0.008
There was 1 error:
1) testParseNullLog(crystal.server.HgLogParserTest)java.lang.IllegalArgumentException: Null input
	at crystal.util.ValidInputChecker.checkNullInput(ValidInputChecker.java:125)
	at crystal.server.AbstractLogParser.abstractParseLog(AbstractLogParser.java:129)
	at crystal.server.HgLogParser.parseLog(HgLogParser.java:34)
	at crystal.server.HgLogParserTest.testParseNullLog(HgLogParserTest.java:29)
	at sun.reflect.NativeMethodAccessorImpl.invoke0(Native Method)
	at sun.reflect.NativeMethodAccessorImpl.invoke(NativeMethodAccessorImpl.java:57)
	at sun.reflect.DelegatingMethodAccessorImpl.invoke(DelegatingMethodAccessorImpl.java:43)
	at edu.washington.cs.dt.util.TestRunnerWrapper.main(TestRunnerWrapper.java:56)

FAILURES!!!
Tests run: 1,  Failures: 0,  Errors: 1

File not found
File not found
.E
Time: 0.037
There was 1 error:
1) testParseLog(crystal.server.HgLogParserTest)java.lang.NullPointerException
	at crystal.server.HgLogParserTest.testParseLog(HgLogParserTest.java:61)
	at sun.reflect.NativeMethodAccessorImpl.invoke0(Native Method)
	at sun.reflect.NativeMethodAccessorImpl.invoke(NativeMethodAccessorImpl.java:57)
	at sun.reflect.DelegatingMethodAccessorImpl.invoke(DelegatingMethodAccessorImpl.java:43)
	at edu.washington.cs.dt.util.TestRunnerWrapper.main(TestRunnerWrapper.java:56)

FAILURES!!!
Tests run: 1,  Failures: 0,  Errors: 1

.
Time: 0.001

OK (1 test)

.
Time: 0.01

OK (1 test)

1
2
3
.F
Time: 0.014
There was 1 failure:
1) warning(junit.framework.TestSuite$1)junit.framework.AssertionFailedError: Exception in constructor: testBasicMergeConflict (java.lang.ExceptionInInitializerError
	at crystal.server.TestGitStateChecker.generatePreferences(TestGitStateChecker.java:176)
	at crystal.server.TestGitStateChecker.<init>(TestGitStateChecker.java:46)
	at sun.reflect.NativeConstructorAccessorImpl.newInstance0(Native Method)
	at sun.reflect.NativeConstructorAccessorImpl.newInstance(NativeConstructorAccessorImpl.java:57)
	at sun.reflect.DelegatingConstructorAccessorImpl.newInstance(DelegatingConstructorAccessorImpl.java:45)
	at java.lang.reflect.Constructor.newInstance(Constructor.java:526)
	at edu.washington.cs.dt.util.TestRunnerWrapper.main(TestRunnerWrapper.java:56)
Caused by: java.lang.NullPointerException
	at crystal.server.TestConstants.<clinit>(TestConstants.java:44)
	... 10 more
)
	at edu.washington.cs.dt.util.TestRunnerWrapper.main(TestRunnerWrapper.java:56)

FAILURES!!!
Tests run: 1,  Failures: 1,  Errors: 0

.F
Time: 0.01
There was 1 failure:
1) warning(junit.framework.TestSuite$1)junit.framework.AssertionFailedError: Exception in constructor: testBasicCleanMerge (java.lang.NoClassDefFoundError: Could not initialize class crystal.server.TestConstants
	at crystal.server.TestGitStateChecker.generatePreferences(TestGitStateChecker.java:176)
	at crystal.server.TestGitStateChecker.<init>(TestGitStateChecker.java:46)
	at sun.reflect.NativeConstructorAccessorImpl.newInstance0(Native Method)
	at sun.reflect.NativeConstructorAccessorImpl.newInstance(NativeConstructorAccessorImpl.java:57)
	at sun.reflect.DelegatingConstructorAccessorImpl.newInstance(DelegatingConstructorAccessorImpl.java:45)
	at java.lang.reflect.Constructor.newInstance(Constructor.java:526)
	at edu.washington.cs.dt.util.TestRunnerWrapper.main(TestRunnerWrapper.java:56)
)
	at edu.washington.cs.dt.util.TestRunnerWrapper.main(TestRunnerWrapper.java:56)

FAILURES!!!
Tests run: 1,  Failures: 1,  Errors: 0

.F
Time: 0.009
There was 1 failure:
1) warning(junit.framework.TestSuite$1)junit.framework.AssertionFailedError: Exception in constructor: testBasicAhead (java.lang.NoClassDefFoundError: Could not initialize class crystal.server.TestConstants
	at crystal.server.TestGitStateChecker.generatePreferences(TestGitStateChecker.java:176)
	at crystal.server.TestGitStateChecker.<init>(TestGitStateChecker.java:46)
	at sun.reflect.NativeConstructorAccessorImpl.newInstance0(Native Method)
	at sun.reflect.NativeConstructorAccessorImpl.newInstance(NativeConstructorAccessorImpl.java:57)
	at sun.reflect.DelegatingConstructorAccessorImpl.newInstance(DelegatingConstructorAccessorImpl.java:45)
	at java.lang.reflect.Constructor.newInstance(Constructor.java:526)
	at edu.washington.cs.dt.util.TestRunnerWrapper.main(TestRunnerWrapper.java:56)
)
	at edu.washington.cs.dt.util.TestRunnerWrapper.main(TestRunnerWrapper.java:56)

FAILURES!!!
Tests run: 1,  Failures: 1,  Errors: 0

.F
Time: 0.009
There was 1 failure:
1) warning(junit.framework.TestSuite$1)junit.framework.AssertionFailedError: Exception in constructor: testBasicBehind (java.lang.NoClassDefFoundError: Could not initialize class crystal.server.TestConstants
	at crystal.server.TestGitStateChecker.generatePreferences(TestGitStateChecker.java:176)
	at crystal.server.TestGitStateChecker.<init>(TestGitStateChecker.java:46)
	at sun.reflect.NativeConstructorAccessorImpl.newInstance0(Native Method)
	at sun.reflect.NativeConstructorAccessorImpl.newInstance(NativeConstructorAccessorImpl.java:57)
	at sun.reflect.DelegatingConstructorAccessorImpl.newInstance(DelegatingConstructorAccessorImpl.java:45)
	at java.lang.reflect.Constructor.newInstance(Constructor.java:526)
	at edu.washington.cs.dt.util.TestRunnerWrapper.main(TestRunnerWrapper.java:56)
)
	at edu.washington.cs.dt.util.TestRunnerWrapper.main(TestRunnerWrapper.java:56)

FAILURES!!!
Tests run: 1,  Failures: 1,  Errors: 0

.F
Time: 0
There was 1 failure:
1) warning(junit.framework.TestSuite$1)junit.framework.AssertionFailedError: Exception in constructor: testBasicSame (java.lang.NoClassDefFoundError: Could not initialize class crystal.server.TestConstants
	at crystal.server.TestGitStateChecker.generatePreferences(TestGitStateChecker.java:176)
	at crystal.server.TestGitStateChecker.<init>(TestGitStateChecker.java:46)
	at sun.reflect.NativeConstructorAccessorImpl.newInstance0(Native Method)
	at sun.reflect.NativeConstructorAccessorImpl.newInstance(NativeConstructorAccessorImpl.java:57)
	at sun.reflect.DelegatingConstructorAccessorImpl.newInstance(DelegatingConstructorAccessorImpl.java:45)
	at java.lang.reflect.Constructor.newInstance(Constructor.java:526)
	at edu.washington.cs.dt.util.TestRunnerWrapper.main(TestRunnerWrapper.java:56)
)
	at edu.washington.cs.dt.util.TestRunnerWrapper.main(TestRunnerWrapper.java:56)

FAILURES!!!
Tests run: 1,  Failures: 1,  Errors: 0

.F
Time: 0.007
There was 1 failure:
1) warning(junit.framework.TestSuite$1)junit.framework.AssertionFailedError: Exception in constructor: testBasicMergeConflict (java.lang.NoClassDefFoundError: Could not initialize class crystal.server.TestConstants
	at crystal.server.TestHgStateChecker.generatePreferences(TestHgStateChecker.java:172)
	at crystal.server.TestHgStateChecker.<init>(TestHgStateChecker.java:41)
	at sun.reflect.NativeConstructorAccessorImpl.newInstance0(Native Method)
	at sun.reflect.NativeConstructorAccessorImpl.newInstance(NativeConstructorAccessorImpl.java:57)
	at sun.reflect.DelegatingConstructorAccessorImpl.newInstance(DelegatingConstructorAccessorImpl.java:45)
	at java.lang.reflect.Constructor.newInstance(Constructor.java:526)
	at edu.washington.cs.dt.util.TestRunnerWrapper.main(TestRunnerWrapper.java:56)
)
	at edu.washington.cs.dt.util.TestRunnerWrapper.main(TestRunnerWrapper.java:56)

FAILURES!!!
Tests run: 1,  Failures: 1,  Errors: 0

.F
Time: 0.008
There was 1 failure:
1) warning(junit.framework.TestSuite$1)junit.framework.AssertionFailedError: Exception in constructor: testBasicCleanMerge (java.lang.NoClassDefFoundError: Could not initialize class crystal.server.TestConstants
	at crystal.server.TestHgStateChecker.generatePreferences(TestHgStateChecker.java:172)
	at crystal.server.TestHgStateChecker.<init>(TestHgStateChecker.java:41)
	at sun.reflect.NativeConstructorAccessorImpl.newInstance0(Native Method)
	at sun.reflect.NativeConstructorAccessorImpl.newInstance(NativeConstructorAccessorImpl.java:57)
	at sun.reflect.DelegatingConstructorAccessorImpl.newInstance(DelegatingConstructorAccessorImpl.java:45)
	at java.lang.reflect.Constructor.newInstance(Constructor.java:526)
	at edu.washington.cs.dt.util.TestRunnerWrapper.main(TestRunnerWrapper.java:56)
)
	at edu.washington.cs.dt.util.TestRunnerWrapper.main(TestRunnerWrapper.java:56)

FAILURES!!!
Tests run: 1,  Failures: 1,  Errors: 0

.F
Time: 0.005
There was 1 failure:
1) warning(junit.framework.TestSuite$1)junit.framework.AssertionFailedError: Exception in constructor: testBasicAhead (java.lang.NoClassDefFoundError: Could not initialize class crystal.server.TestConstants
	at crystal.server.TestHgStateChecker.generatePreferences(TestHgStateChecker.java:172)
	at crystal.server.TestHgStateChecker.<init>(TestHgStateChecker.java:41)
	at sun.reflect.NativeConstructorAccessorImpl.newInstance0(Native Method)
	at sun.reflect.NativeConstructorAccessorImpl.newInstance(NativeConstructorAccessorImpl.java:57)
	at sun.reflect.DelegatingConstructorAccessorImpl.newInstance(DelegatingConstructorAccessorImpl.java:45)
	at java.lang.reflect.Constructor.newInstance(Constructor.java:526)
	at edu.washington.cs.dt.util.TestRunnerWrapper.main(TestRunnerWrapper.java:56)
)
	at edu.washington.cs.dt.util.TestRunnerWrapper.main(TestRunnerWrapper.java:56)

FAILURES!!!
Tests run: 1,  Failures: 1,  Errors: 0

.F
Time: 0.01
There was 1 failure:
1) warning(junit.framework.TestSuite$1)junit.framework.AssertionFailedError: Exception in constructor: testBasicBehind (java.lang.NoClassDefFoundError: Could not initialize class crystal.server.TestConstants
	at crystal.server.TestHgStateChecker.generatePreferences(TestHgStateChecker.java:172)
	at crystal.server.TestHgStateChecker.<init>(TestHgStateChecker.java:41)
	at sun.reflect.NativeConstructorAccessorImpl.newInstance0(Native Method)
	at sun.reflect.NativeConstructorAccessorImpl.newInstance(NativeConstructorAccessorImpl.java:57)
	at sun.reflect.DelegatingConstructorAccessorImpl.newInstance(DelegatingConstructorAccessorImpl.java:45)
	at java.lang.reflect.Constructor.newInstance(Constructor.java:526)
	at edu.washington.cs.dt.util.TestRunnerWrapper.main(TestRunnerWrapper.java:56)
)
	at edu.washington.cs.dt.util.TestRunnerWrapper.main(TestRunnerWrapper.java:56)

FAILURES!!!
Tests run: 1,  Failures: 1,  Errors: 0

.F
Time: 0
There was 1 failure:
1) warning(junit.framework.TestSuite$1)junit.framework.AssertionFailedError: Exception in constructor: testBasicSame (java.lang.NoClassDefFoundError: Could not initialize class crystal.server.TestConstants
	at crystal.server.TestHgStateChecker.generatePreferences(TestHgStateChecker.java:172)
	at crystal.server.TestHgStateChecker.<init>(TestHgStateChecker.java:41)
	at sun.reflect.NativeConstructorAccessorImpl.newInstance0(Native Method)
	at sun.reflect.NativeConstructorAccessorImpl.newInstance(NativeConstructorAccessorImpl.java:57)
	at sun.reflect.DelegatingConstructorAccessorImpl.newInstance(DelegatingConstructorAccessorImpl.java:45)
	at java.lang.reflect.Constructor.newInstance(Constructor.java:526)
	at edu.washington.cs.dt.util.TestRunnerWrapper.main(TestRunnerWrapper.java:56)
)
	at edu.washington.cs.dt.util.TestRunnerWrapper.main(TestRunnerWrapper.java:56)

FAILURES!!!
Tests run: 1,  Failures: 1,  Errors: 0

.E
Time: 0
There was 1 error:
1) testNullIntersection(crystal.util.SetOperationsTest)java.lang.IllegalArgumentException: Null input
	at crystal.util.ValidInputChecker.checkNullInput(ValidInputChecker.java:125)
	at crystal.util.SetOperations.intersection(SetOperations.java:18)
	at crystal.util.SetOperationsTest.testNullIntersection(SetOperationsTest.java:22)
	at sun.reflect.NativeMethodAccessorImpl.invoke0(Native Method)
	at sun.reflect.NativeMethodAccessorImpl.invoke(NativeMethodAccessorImpl.java:57)
	at sun.reflect.DelegatingMethodAccessorImpl.invoke(DelegatingMethodAccessorImpl.java:43)
	at edu.washington.cs.dt.util.TestRunnerWrapper.main(TestRunnerWrapper.java:56)

FAILURES!!!
Tests run: 1,  Failures: 0,  Errors: 1

.
Time: 0.002

OK (1 test)

.E
Time: 0.002
There was 1 error:
1) testNullUnion(crystal.util.SetOperationsTest)java.lang.IllegalArgumentException: Null input
	at crystal.util.ValidInputChecker.checkNullInput(ValidInputChecker.java:125)
	at crystal.util.SetOperations.union(SetOperations.java:39)
	at crystal.util.SetOperationsTest.testNullUnion(SetOperationsTest.java:45)
	at sun.reflect.NativeMethodAccessorImpl.invoke0(Native Method)
	at sun.reflect.NativeMethodAccessorImpl.invoke(NativeMethodAccessorImpl.java:57)
	at sun.reflect.DelegatingMethodAccessorImpl.invoke(DelegatingMethodAccessorImpl.java:43)
	at edu.washington.cs.dt.util.TestRunnerWrapper.main(TestRunnerWrapper.java:56)

FAILURES!!!
Tests run: 1,  Failures: 0,  Errors: 1

.
Time: 0.001

OK (1 test)

.
Time: 0

OK (1 test)

.
Time: 0.002

OK (1 test)

.E
Time: 0.17
There was 1 error:
1) testInvalidPanelParameter(crystal.util.SpringLayoutUtilityTest)java.lang.IllegalArgumentException: Invalid input for panel.
	at crystal.util.SpringLayoutUtility.formGridInColumn(SpringLayoutUtility.java:35)
	at crystal.util.SpringLayoutUtilityTest.testInvalidPanelParameter(SpringLayoutUtilityTest.java:23)
	at sun.reflect.NativeMethodAccessorImpl.invoke0(Native Method)
	at sun.reflect.NativeMethodAccessorImpl.invoke(NativeMethodAccessorImpl.java:57)
	at sun.reflect.DelegatingMethodAccessorImpl.invoke(DelegatingMethodAccessorImpl.java:43)
	at edu.washington.cs.dt.util.TestRunnerWrapper.main(TestRunnerWrapper.java:56)

FAILURES!!!
Tests run: 1,  Failures: 0,  Errors: 1

.
Time: 0

OK (1 test)

Execution time: 7034053816
0-th run
Pass: 51, Fail: 12, Error: 12
{crystal.client.ClientPreferencesTest.testNullInputConstructor=117003313, crystal.client.ClientPreferencesTest.testClientPreferences=8275272, crystal.client.ClientPreferencesTest.testDefaultSetting=2733483, crystal.client.ClientPreferencesTest.testDuplicateAddProjectPreferences=9969918, crystal.client.ClientPreferencesTest.testAddProjectPreferences=2485036, crystal.client.ClientPreferencesTest.testDuplicateProject=2997083, crystal.client.ClientPreferencesTest.testRemoveProjectPreferences=2443927, crystal.client.ClientPreferencesTest.testRemoveProjectPreferencesAtIndex=5728137, crystal.client.ClientPreferencesTest.testClone=21331473, crystal.client.ConflictDaemonTest.testAddListener=20185992, crystal.client.ConflictDaemonTest.testGetInstance=3941000, crystal.client.ConflictDaemonTest.testLocalState=646610284, crystal.client.ConflictDaemonTest.testRelationship=74677935, crystal.client.ProjectPreferencesTest.testClone=2111149, crystal.client.ProjectPreferencesTest.testProjectPreferences=4267117, crystal.client.ProjectPreferencesTest.testDuplicateAddDataSource=8886905, crystal.client.ProjectPreferencesTest.testAddDataSource=450148, crystal.client.ProjectPreferencesTest.testGetNumOfVisibleSources=304213, crystal.client.ProjectPreferencesTest.testRemoveDataSource=12069046, crystal.client.ProjectPreferencesTest.testGetProjectCheckoutLocation=20937025, crystal.model.DataSourceTest.testClone=8305982, crystal.model.DataSourceTest.testSetField=2356018, crystal.model.DataSourceTest.testSetHistory=1778450194, crystal.model.DataSourceTest.testSetRemoteCmd=2745827, crystal.model.DataSourceTest.testSetCompileCommand=7927877, crystal.model.DataSourceTest.testSetEnabled=854323, crystal.model.DataSourceTest.testIsHidden=6838282, crystal.model.DataSourceTest.testSetParent=5279980, crystal.model.DataSourceTest.testSetKind=16003893, crystal.model.DataSourceTest.testSetCloneString=818330, crystal.model.DataSourceTest.testToString=6531169, crystal.model.LocalStateResultTest.testLocalStateResult=18981799, crystal.model.LocalStateResultTest.testStrangeActionName=1610683, crystal.model.LocalStateResultTest.testErrorActionNameConstructor=2950229, crystal.model.LocalStateResultTest.testGetAction=12370902, crystal.model.LocalStateResultTest.testGetLastAction=6879057, crystal.model.LocalStateResultTest.testGetName=6086095, crystal.model.LocalStateResultTest.testGetNoErrorMessage=3773839, crystal.model.LocalStateResultTest.testGetLastErrorMessage=740213, crystal.model.LocalStateResultTest.testGetLocalState=17255219, crystal.model.LocalStateResultTest.testGetLastLocalState=883202, crystal.model.LocalStateResultTest.testToString=1673243, crystal.model.RelationshipTest.testStrangeNameConstructor=17327027, crystal.model.RelationshipTest.testConstructor=26376480, crystal.model.RelationshipTest.testCalculateAction=17961672, crystal.model.RelationshipTest.testGetActionRepoKind=15947954, crystal.model.RelationshipTest.testGetDominant=11948211, crystal.model.RelationshipTest.testEqualsObject=19626959, crystal.model.RevisionHistoryTest.testEqualsObject=887058992, crystal.model.RevisionHistoryTest.testSuperSubHistory=1088110410, crystal.model.RevisionHistoryTest.testGetCommitters=269553796, crystal.server.GuidanceCheckerTest.testGetCommitters=18771456, crystal.server.GuidanceCheckerTest.testGetWhen=23629600, crystal.server.HgLogParserTest.testParseNullLog=18876647, crystal.server.HgLogParserTest.testParseLog=52969995, crystal.server.HgLogParserTest.testSingleLog=8819511, crystal.server.HgLogParserTest.testTwoLogs=21629066, crystal.server.TestGitStateChecker.testBasicMergeConflict=50559060, crystal.server.TestGitStateChecker.testBasicCleanMerge=27055684, crystal.server.TestGitStateChecker.testBasicAhead=21653882, crystal.server.TestGitStateChecker.testBasicBehind=16270637, crystal.server.TestGitStateChecker.testBasicSame=24806908, crystal.server.TestHgStateChecker.testBasicMergeConflict=25693019, crystal.server.TestHgStateChecker.testBasicCleanMerge=16208655, crystal.server.TestHgStateChecker.testBasicAhead=14138843, crystal.server.TestHgStateChecker.testBasicBehind=17415547, crystal.server.TestHgStateChecker.testBasicSame=21683154, crystal.util.SetOperationsTest.testNullIntersection=8895130, crystal.util.SetOperationsTest.testIntersection=8489092, crystal.util.SetOperationsTest.testNullUnion=8089368, crystal.util.SetOperationsTest.testUnion=6032965, crystal.util.SetOperationsTest.testSetDifference=4858952, crystal.util.SetOperationsTest.testXor=2363170, crystal.util.SpringLayoutUtilityTest.testInvalidPanelParameter=172194178, crystal.util.SpringLayoutUtilityTest.testFormGrid=2820246}

