The following arguments were used to generate this output.
[-technique, parallelization, -order, original, -origOrder, crystal-orig-order, -testInputDir, /home/user/dependent-tests-impact/experiments/crystalvc//sootTestOutput-orig, -filesToDelete, crystal-env-files, -project, Crystal, -testType, orig, -numOfMachines, 16, -outputDir, /home/user/dependent-tests-impact/experiments/parallelization-results, -timesToRun, 1, -dependentTestFile, /home/user/dependent-tests-impact/experiments/parallelization-dt-list/parallelization-Crystal-orig-16-original.txt]

Execution time of TLG and its time to find/nullify any DTs for 1 machine (does not include the time to run the tests in the new order): 0.488
Number of tests selected out of total in original order: 4 / 63
Number of DTs not fixed: 0
Number of DTs fixed: 0
Execution time for executing the following testing order: 0.027

Test order list:
[crystal.client.ClientPreferencesTest.testNullInputConstructor, crystal.client.ClientPreferencesTest.testClientPreferences, crystal.client.ClientPreferencesTest.testDefaultSetting, crystal.client.ClientPreferencesTest.testDuplicateAddProjectPreferences]

Time each test takes to run in the new order:
[23537657, 552877, 691508, 2087110]

Dependent test list:
[Test: crystal.model.DataSourceTest.testSetKind, Intended behavior: FAILURE, when executed after: [crystal.model.DataSourceTest.testIsHidden], The revealed different behavior: PASS, when executed after: [], Test: crystal.model.DataSourceTest.testIsHidden, Intended behavior: FAILURE, when executed after: [crystal.model.DataSourceTest.testSetEnabled], The revealed different behavior: PASS, when executed after: [], Test: crystal.model.DataSourceTest.testSetEnabled, Intended behavior: FAILURE, when executed after: [crystal.model.DataSourceTest.testSetCompileCommand], The revealed different behavior: PASS, when executed after: [], Test: crystal.model.DataSourceTest.testSetCompileCommand, Intended behavior: FAILURE, when executed after: [crystal.model.DataSourceTest.testSetField], The revealed different behavior: PASS, when executed after: [], Test: crystal.model.DataSourceTest.testSetHistory, Intended behavior: FAILURE, when executed after: [crystal.model.DataSourceTest.testSetCloneString], The revealed different behavior: PASS, when executed after: [], Test: crystal.model.DataSourceTest.testSetCloneString, Intended behavior: FAILURE, when executed after: [crystal.model.DataSourceTest.testSetKind], The revealed different behavior: PASS, when executed after: []]
--------------------------
Execution time of TLG and its time to find/nullify any DTs for 1 machine (does not include the time to run the tests in the new order): 0.501
Number of tests selected out of total in original order: 4 / 63
Number of DTs not fixed: 0
Number of DTs fixed: 0
Execution time for executing the following testing order: 0.020

Test order list:
[crystal.client.ClientPreferencesTest.testAddProjectPreferences, crystal.client.ClientPreferencesTest.testDuplicateProject, crystal.client.ClientPreferencesTest.testRemoveProjectPreferences, crystal.client.ClientPreferencesTest.testRemoveProjectPreferencesAtIndex]

Time each test takes to run in the new order:
[18158701, 1121621, 499907, 504271]

Dependent test list:
[Test: crystal.model.DataSourceTest.testSetKind, Intended behavior: FAILURE, when executed after: [crystal.model.DataSourceTest.testIsHidden], The revealed different behavior: PASS, when executed after: [], Test: crystal.model.DataSourceTest.testIsHidden, Intended behavior: FAILURE, when executed after: [crystal.model.DataSourceTest.testSetEnabled], The revealed different behavior: PASS, when executed after: [], Test: crystal.model.DataSourceTest.testSetEnabled, Intended behavior: FAILURE, when executed after: [crystal.model.DataSourceTest.testSetCompileCommand], The revealed different behavior: PASS, when executed after: [], Test: crystal.model.DataSourceTest.testSetCompileCommand, Intended behavior: FAILURE, when executed after: [crystal.model.DataSourceTest.testSetField], The revealed different behavior: PASS, when executed after: [], Test: crystal.model.DataSourceTest.testSetHistory, Intended behavior: FAILURE, when executed after: [crystal.model.DataSourceTest.testSetCloneString], The revealed different behavior: PASS, when executed after: [], Test: crystal.model.DataSourceTest.testSetCloneString, Intended behavior: FAILURE, when executed after: [crystal.model.DataSourceTest.testSetKind], The revealed different behavior: PASS, when executed after: []]
--------------------------
Execution time of TLG and its time to find/nullify any DTs for 1 machine (does not include the time to run the tests in the new order): 0.487
Number of tests selected out of total in original order: 4 / 63
Number of DTs not fixed: 0
Number of DTs fixed: 0
Execution time for executing the following testing order: 0.063

Test order list:
[crystal.client.ClientPreferencesTest.testClone, crystal.client.ConflictDaemonTest.testAddListener, crystal.client.ConflictDaemonTest.testGetInstance, crystal.client.ConflictDaemonTest.testLocalState]

Time each test takes to run in the new order:
[30073989, 7508220, 420157, 25267326]

Dependent test list:
[Test: crystal.model.DataSourceTest.testSetKind, Intended behavior: FAILURE, when executed after: [crystal.model.DataSourceTest.testIsHidden], The revealed different behavior: PASS, when executed after: [], Test: crystal.model.DataSourceTest.testIsHidden, Intended behavior: FAILURE, when executed after: [crystal.model.DataSourceTest.testSetEnabled], The revealed different behavior: PASS, when executed after: [], Test: crystal.model.DataSourceTest.testSetEnabled, Intended behavior: FAILURE, when executed after: [crystal.model.DataSourceTest.testSetCompileCommand], The revealed different behavior: PASS, when executed after: [], Test: crystal.model.DataSourceTest.testSetCompileCommand, Intended behavior: FAILURE, when executed after: [crystal.model.DataSourceTest.testSetField], The revealed different behavior: PASS, when executed after: [], Test: crystal.model.DataSourceTest.testSetHistory, Intended behavior: FAILURE, when executed after: [crystal.model.DataSourceTest.testSetCloneString], The revealed different behavior: PASS, when executed after: [], Test: crystal.model.DataSourceTest.testSetCloneString, Intended behavior: FAILURE, when executed after: [crystal.model.DataSourceTest.testSetKind], The revealed different behavior: PASS, when executed after: []]
--------------------------
Execution time of TLG and its time to find/nullify any DTs for 1 machine (does not include the time to run the tests in the new order): 0.502
Number of tests selected out of total in original order: 4 / 63
Number of DTs not fixed: 1
Number of DTs fixed: 0
Execution time for executing the following testing order: 0.088

Test order list:
[crystal.client.ConflictDaemonTest.testRelationship, crystal.client.ProjectPreferencesTest.testClone, crystal.client.ProjectPreferencesTest.testProjectPreferences, crystal.client.ProjectPreferencesTest.testDuplicateAddDataSource]

Time each test takes to run in the new order:
[82528334, 533211, 429269, 4679784]

DTs not fixed are:
[crystal.client.ConflictDaemonTest.testRelationship]

Dependent test list:
[Test: crystal.model.DataSourceTest.testSetKind, Intended behavior: FAILURE, when executed after: [crystal.model.DataSourceTest.testIsHidden], The revealed different behavior: PASS, when executed after: [], Test: crystal.model.DataSourceTest.testIsHidden, Intended behavior: FAILURE, when executed after: [crystal.model.DataSourceTest.testSetEnabled], The revealed different behavior: PASS, when executed after: [], Test: crystal.model.DataSourceTest.testSetEnabled, Intended behavior: FAILURE, when executed after: [crystal.model.DataSourceTest.testSetCompileCommand], The revealed different behavior: PASS, when executed after: [], Test: crystal.model.DataSourceTest.testSetCompileCommand, Intended behavior: FAILURE, when executed after: [crystal.model.DataSourceTest.testSetField], The revealed different behavior: PASS, when executed after: [], Test: crystal.model.DataSourceTest.testSetHistory, Intended behavior: FAILURE, when executed after: [crystal.model.DataSourceTest.testSetCloneString], The revealed different behavior: PASS, when executed after: [], Test: crystal.model.DataSourceTest.testSetCloneString, Intended behavior: FAILURE, when executed after: [crystal.model.DataSourceTest.testSetKind], The revealed different behavior: PASS, when executed after: []]
--------------------------
Execution time of TLG and its time to find/nullify any DTs for 1 machine (does not include the time to run the tests in the new order): 0.501
Number of tests selected out of total in original order: 4 / 63
Number of DTs not fixed: 0
Number of DTs fixed: 0
Execution time for executing the following testing order: 0.026

Test order list:
[crystal.client.ProjectPreferencesTest.testAddDataSource, crystal.client.ProjectPreferencesTest.testGetNumOfVisibleSources, crystal.client.ProjectPreferencesTest.testRemoveDataSource, crystal.client.ProjectPreferencesTest.testGetProjectCheckoutLocation]

Time each test takes to run in the new order:
[22779975, 508195, 492840, 2539562]

Dependent test list:
[Test: crystal.model.DataSourceTest.testSetKind, Intended behavior: FAILURE, when executed after: [crystal.model.DataSourceTest.testIsHidden], The revealed different behavior: PASS, when executed after: [], Test: crystal.model.DataSourceTest.testIsHidden, Intended behavior: FAILURE, when executed after: [crystal.model.DataSourceTest.testSetEnabled], The revealed different behavior: PASS, when executed after: [], Test: crystal.model.DataSourceTest.testSetEnabled, Intended behavior: FAILURE, when executed after: [crystal.model.DataSourceTest.testSetCompileCommand], The revealed different behavior: PASS, when executed after: [], Test: crystal.model.DataSourceTest.testSetCompileCommand, Intended behavior: FAILURE, when executed after: [crystal.model.DataSourceTest.testSetField], The revealed different behavior: PASS, when executed after: [], Test: crystal.model.DataSourceTest.testSetHistory, Intended behavior: FAILURE, when executed after: [crystal.model.DataSourceTest.testSetCloneString], The revealed different behavior: PASS, when executed after: [], Test: crystal.model.DataSourceTest.testSetCloneString, Intended behavior: FAILURE, when executed after: [crystal.model.DataSourceTest.testSetKind], The revealed different behavior: PASS, when executed after: []]
--------------------------
Execution time of TLG and its time to find/nullify any DTs for 1 machine (does not include the time to run the tests in the new order): 0.886
Number of tests selected out of total in original order: 9 / 63
Number of DTs not fixed: 0
Number of DTs fixed: 0
Execution time for executing the following testing order: 0.513

Test order list:
[crystal.model.DataSourceTest.testClone, crystal.model.DataSourceTest.testSetField, crystal.model.DataSourceTest.testSetCompileCommand, crystal.model.DataSourceTest.testSetEnabled, crystal.model.DataSourceTest.testIsHidden, crystal.model.DataSourceTest.testSetKind, crystal.model.DataSourceTest.testSetCloneString, crystal.model.DataSourceTest.testSetHistory, crystal.model.DataSourceTest.testSetRemoteCmd]

Time each test takes to run in the new order:
[7482865, 454834, 421847, 730804, 422816, 428745, 409924, 501981930, 491976]

Dependent test list:
[Test: crystal.model.DataSourceTest.testSetKind, Intended behavior: FAILURE, when executed after: [crystal.model.DataSourceTest.testIsHidden], The revealed different behavior: PASS, when executed after: [], Test: crystal.model.DataSourceTest.testIsHidden, Intended behavior: FAILURE, when executed after: [crystal.model.DataSourceTest.testSetEnabled], The revealed different behavior: PASS, when executed after: [], Test: crystal.model.DataSourceTest.testSetEnabled, Intended behavior: FAILURE, when executed after: [crystal.model.DataSourceTest.testSetCompileCommand], The revealed different behavior: PASS, when executed after: [], Test: crystal.model.DataSourceTest.testSetCompileCommand, Intended behavior: FAILURE, when executed after: [crystal.model.DataSourceTest.testSetField], The revealed different behavior: PASS, when executed after: [], Test: crystal.model.DataSourceTest.testSetHistory, Intended behavior: FAILURE, when executed after: [crystal.model.DataSourceTest.testSetCloneString], The revealed different behavior: PASS, when executed after: [], Test: crystal.model.DataSourceTest.testSetCloneString, Intended behavior: FAILURE, when executed after: [crystal.model.DataSourceTest.testSetKind], The revealed different behavior: PASS, when executed after: []]
--------------------------
Execution time of TLG and its time to find/nullify any DTs for 1 machine (does not include the time to run the tests in the new order): 0.182
Number of tests selected out of total in original order: 5 / 63
Number of DTs not fixed: 0
Number of DTs fixed: 0
Execution time for executing the following testing order: 0.012

Test order list:
[crystal.model.DataSourceTest.testSetField, crystal.model.DataSourceTest.testSetCompileCommand, crystal.model.DataSourceTest.testSetEnabled, crystal.model.DataSourceTest.testIsHidden, crystal.model.DataSourceTest.testSetParent]

Time each test takes to run in the new order:
[10167738, 575303, 562966, 568228, 571249]

Dependent test list:
[Test: crystal.model.DataSourceTest.testSetKind, Intended behavior: FAILURE, when executed after: [crystal.model.DataSourceTest.testIsHidden], The revealed different behavior: PASS, when executed after: [], Test: crystal.model.DataSourceTest.testIsHidden, Intended behavior: FAILURE, when executed after: [crystal.model.DataSourceTest.testSetEnabled], The revealed different behavior: PASS, when executed after: [], Test: crystal.model.DataSourceTest.testSetEnabled, Intended behavior: FAILURE, when executed after: [crystal.model.DataSourceTest.testSetCompileCommand], The revealed different behavior: PASS, when executed after: [], Test: crystal.model.DataSourceTest.testSetCompileCommand, Intended behavior: FAILURE, when executed after: [crystal.model.DataSourceTest.testSetField], The revealed different behavior: PASS, when executed after: [], Test: crystal.model.DataSourceTest.testSetHistory, Intended behavior: FAILURE, when executed after: [crystal.model.DataSourceTest.testSetCloneString], The revealed different behavior: PASS, when executed after: [], Test: crystal.model.DataSourceTest.testSetCloneString, Intended behavior: FAILURE, when executed after: [crystal.model.DataSourceTest.testSetKind], The revealed different behavior: PASS, when executed after: []]
--------------------------
Execution time of TLG and its time to find/nullify any DTs for 1 machine (does not include the time to run the tests in the new order): 0.190
Number of tests selected out of total in original order: 8 / 63
Number of DTs not fixed: 0
Number of DTs fixed: 0
Execution time for executing the following testing order: 0.011

Test order list:
[crystal.model.DataSourceTest.testSetField, crystal.model.DataSourceTest.testSetCompileCommand, crystal.model.DataSourceTest.testSetEnabled, crystal.model.DataSourceTest.testIsHidden, crystal.model.DataSourceTest.testSetKind, crystal.model.DataSourceTest.testSetCloneString, crystal.model.DataSourceTest.testToString, crystal.model.LocalStateResultTest.testStrangeActionName]

Time each test takes to run in the new order:
[6831825, 436330, 447024, 409157, 410525, 1363867, 442988, 1031448]

Dependent test list:
[Test: crystal.model.DataSourceTest.testSetKind, Intended behavior: FAILURE, when executed after: [crystal.model.DataSourceTest.testIsHidden], The revealed different behavior: PASS, when executed after: [], Test: crystal.model.DataSourceTest.testIsHidden, Intended behavior: FAILURE, when executed after: [crystal.model.DataSourceTest.testSetEnabled], The revealed different behavior: PASS, when executed after: [], Test: crystal.model.DataSourceTest.testSetEnabled, Intended behavior: FAILURE, when executed after: [crystal.model.DataSourceTest.testSetCompileCommand], The revealed different behavior: PASS, when executed after: [], Test: crystal.model.DataSourceTest.testSetCompileCommand, Intended behavior: FAILURE, when executed after: [crystal.model.DataSourceTest.testSetField], The revealed different behavior: PASS, when executed after: [], Test: crystal.model.DataSourceTest.testSetHistory, Intended behavior: FAILURE, when executed after: [crystal.model.DataSourceTest.testSetCloneString], The revealed different behavior: PASS, when executed after: [], Test: crystal.model.DataSourceTest.testSetCloneString, Intended behavior: FAILURE, when executed after: [crystal.model.DataSourceTest.testSetKind], The revealed different behavior: PASS, when executed after: []]
--------------------------
Execution time of TLG and its time to find/nullify any DTs for 1 machine (does not include the time to run the tests in the new order): 0.183
Number of tests selected out of total in original order: 4 / 63
Number of DTs not fixed: 0
Number of DTs fixed: 0
Execution time for executing the following testing order: 0.016

Test order list:
[crystal.model.LocalStateResultTest.testErrorActionNameConstructor, crystal.model.LocalStateResultTest.testGetAction, crystal.model.LocalStateResultTest.testGetLastAction, crystal.model.LocalStateResultTest.testGetName]

Time each test takes to run in the new order:
[6943749, 1973860, 5601138, 1064852]

Dependent test list:
[Test: crystal.model.DataSourceTest.testSetKind, Intended behavior: FAILURE, when executed after: [crystal.model.DataSourceTest.testIsHidden], The revealed different behavior: PASS, when executed after: [], Test: crystal.model.DataSourceTest.testIsHidden, Intended behavior: FAILURE, when executed after: [crystal.model.DataSourceTest.testSetEnabled], The revealed different behavior: PASS, when executed after: [], Test: crystal.model.DataSourceTest.testSetEnabled, Intended behavior: FAILURE, when executed after: [crystal.model.DataSourceTest.testSetCompileCommand], The revealed different behavior: PASS, when executed after: [], Test: crystal.model.DataSourceTest.testSetCompileCommand, Intended behavior: FAILURE, when executed after: [crystal.model.DataSourceTest.testSetField], The revealed different behavior: PASS, when executed after: [], Test: crystal.model.DataSourceTest.testSetHistory, Intended behavior: FAILURE, when executed after: [crystal.model.DataSourceTest.testSetCloneString], The revealed different behavior: PASS, when executed after: [], Test: crystal.model.DataSourceTest.testSetCloneString, Intended behavior: FAILURE, when executed after: [crystal.model.DataSourceTest.testSetKind], The revealed different behavior: PASS, when executed after: []]
--------------------------
Execution time of TLG and its time to find/nullify any DTs for 1 machine (does not include the time to run the tests in the new order): 0.183
Number of tests selected out of total in original order: 4 / 63
Number of DTs not fixed: 0
Number of DTs fixed: 0
Execution time for executing the following testing order: 0.017

Test order list:
[crystal.model.LocalStateResultTest.testGetNoErrorMessage, crystal.model.LocalStateResultTest.testGetLastErrorMessage, crystal.model.LocalStateResultTest.testGetLocalState, crystal.model.LocalStateResultTest.testGetLastLocalState]

Time each test takes to run in the new order:
[7899952, 6670438, 1036259, 998150]

Dependent test list:
[Test: crystal.model.DataSourceTest.testSetKind, Intended behavior: FAILURE, when executed after: [crystal.model.DataSourceTest.testIsHidden], The revealed different behavior: PASS, when executed after: [], Test: crystal.model.DataSourceTest.testIsHidden, Intended behavior: FAILURE, when executed after: [crystal.model.DataSourceTest.testSetEnabled], The revealed different behavior: PASS, when executed after: [], Test: crystal.model.DataSourceTest.testSetEnabled, Intended behavior: FAILURE, when executed after: [crystal.model.DataSourceTest.testSetCompileCommand], The revealed different behavior: PASS, when executed after: [], Test: crystal.model.DataSourceTest.testSetCompileCommand, Intended behavior: FAILURE, when executed after: [crystal.model.DataSourceTest.testSetField], The revealed different behavior: PASS, when executed after: [], Test: crystal.model.DataSourceTest.testSetHistory, Intended behavior: FAILURE, when executed after: [crystal.model.DataSourceTest.testSetCloneString], The revealed different behavior: PASS, when executed after: [], Test: crystal.model.DataSourceTest.testSetCloneString, Intended behavior: FAILURE, when executed after: [crystal.model.DataSourceTest.testSetKind], The revealed different behavior: PASS, when executed after: []]
--------------------------
Execution time of TLG and its time to find/nullify any DTs for 1 machine (does not include the time to run the tests in the new order): 0.495
Number of tests selected out of total in original order: 4 / 63
Number of DTs not fixed: 0
Number of DTs fixed: 0
Execution time for executing the following testing order: 0.033

Test order list:
[crystal.model.LocalStateResultTest.testToString, crystal.model.RelationshipTest.testStrangeNameConstructor, crystal.model.RelationshipTest.testConstructor, crystal.model.RelationshipTest.testCalculateAction]

Time each test takes to run in the new order:
[13427324, 1905764, 12490771, 5640747]

Dependent test list:
[Test: crystal.model.DataSourceTest.testSetKind, Intended behavior: FAILURE, when executed after: [crystal.model.DataSourceTest.testIsHidden], The revealed different behavior: PASS, when executed after: [], Test: crystal.model.DataSourceTest.testIsHidden, Intended behavior: FAILURE, when executed after: [crystal.model.DataSourceTest.testSetEnabled], The revealed different behavior: PASS, when executed after: [], Test: crystal.model.DataSourceTest.testSetEnabled, Intended behavior: FAILURE, when executed after: [crystal.model.DataSourceTest.testSetCompileCommand], The revealed different behavior: PASS, when executed after: [], Test: crystal.model.DataSourceTest.testSetCompileCommand, Intended behavior: FAILURE, when executed after: [crystal.model.DataSourceTest.testSetField], The revealed different behavior: PASS, when executed after: [], Test: crystal.model.DataSourceTest.testSetHistory, Intended behavior: FAILURE, when executed after: [crystal.model.DataSourceTest.testSetCloneString], The revealed different behavior: PASS, when executed after: [], Test: crystal.model.DataSourceTest.testSetCloneString, Intended behavior: FAILURE, when executed after: [crystal.model.DataSourceTest.testSetKind], The revealed different behavior: PASS, when executed after: []]
--------------------------
Execution time of TLG and its time to find/nullify any DTs for 1 machine (does not include the time to run the tests in the new order): 0.891
Number of tests selected out of total in original order: 4 / 63
Number of DTs not fixed: 0
Number of DTs fixed: 0
Execution time for executing the following testing order: 0.482

Test order list:
[crystal.model.RelationshipTest.testGetActionRepoKind, crystal.model.RelationshipTest.testGetDominant, crystal.model.RelationshipTest.testEqualsObject, crystal.model.RevisionHistoryTest.testEqualsObject]

Time each test takes to run in the new order:
[18563356, 1025521, 3585775, 458489249]

Dependent test list:
[Test: crystal.model.DataSourceTest.testSetKind, Intended behavior: FAILURE, when executed after: [crystal.model.DataSourceTest.testIsHidden], The revealed different behavior: PASS, when executed after: [], Test: crystal.model.DataSourceTest.testIsHidden, Intended behavior: FAILURE, when executed after: [crystal.model.DataSourceTest.testSetEnabled], The revealed different behavior: PASS, when executed after: [], Test: crystal.model.DataSourceTest.testSetEnabled, Intended behavior: FAILURE, when executed after: [crystal.model.DataSourceTest.testSetCompileCommand], The revealed different behavior: PASS, when executed after: [], Test: crystal.model.DataSourceTest.testSetCompileCommand, Intended behavior: FAILURE, when executed after: [crystal.model.DataSourceTest.testSetField], The revealed different behavior: PASS, when executed after: [], Test: crystal.model.DataSourceTest.testSetHistory, Intended behavior: FAILURE, when executed after: [crystal.model.DataSourceTest.testSetCloneString], The revealed different behavior: PASS, when executed after: [], Test: crystal.model.DataSourceTest.testSetCloneString, Intended behavior: FAILURE, when executed after: [crystal.model.DataSourceTest.testSetKind], The revealed different behavior: PASS, when executed after: []]
--------------------------
Execution time of TLG and its time to find/nullify any DTs for 1 machine (does not include the time to run the tests in the new order): 1.382
Number of tests selected out of total in original order: 4 / 63
Number of DTs not fixed: 0
Number of DTs fixed: 0
Execution time for executing the following testing order: 0.941

Test order list:
[crystal.model.RevisionHistoryTest.testSuperSubHistory, crystal.model.RevisionHistoryTest.testGetCommitters, crystal.server.GuidanceCheckerTest.testGetCommitters, crystal.server.GuidanceCheckerTest.testGetWhen]

Time each test takes to run in the new order:
[500450128, 388328691, 6165468, 46027593]

Dependent test list:
[Test: crystal.model.DataSourceTest.testSetKind, Intended behavior: FAILURE, when executed after: [crystal.model.DataSourceTest.testIsHidden], The revealed different behavior: PASS, when executed after: [], Test: crystal.model.DataSourceTest.testIsHidden, Intended behavior: FAILURE, when executed after: [crystal.model.DataSourceTest.testSetEnabled], The revealed different behavior: PASS, when executed after: [], Test: crystal.model.DataSourceTest.testSetEnabled, Intended behavior: FAILURE, when executed after: [crystal.model.DataSourceTest.testSetCompileCommand], The revealed different behavior: PASS, when executed after: [], Test: crystal.model.DataSourceTest.testSetCompileCommand, Intended behavior: FAILURE, when executed after: [crystal.model.DataSourceTest.testSetField], The revealed different behavior: PASS, when executed after: [], Test: crystal.model.DataSourceTest.testSetHistory, Intended behavior: FAILURE, when executed after: [crystal.model.DataSourceTest.testSetCloneString], The revealed different behavior: PASS, when executed after: [], Test: crystal.model.DataSourceTest.testSetCloneString, Intended behavior: FAILURE, when executed after: [crystal.model.DataSourceTest.testSetKind], The revealed different behavior: PASS, when executed after: []]
--------------------------
Execution time of TLG and its time to find/nullify any DTs for 1 machine (does not include the time to run the tests in the new order): 0.187
Number of tests selected out of total in original order: 4 / 63
Number of DTs not fixed: 0
Number of DTs fixed: 0
Execution time for executing the following testing order: 0.028

Test order list:
[crystal.server.HgLogParserTest.testParseNullLog, crystal.server.HgLogParserTest.testParseLog, crystal.server.HgLogParserTest.testSingleLog, crystal.server.HgLogParserTest.testTwoLogs]

Time each test takes to run in the new order:
[8998664, 16324102, 1548931, 1389070]

Dependent test list:
[Test: crystal.model.DataSourceTest.testSetKind, Intended behavior: FAILURE, when executed after: [crystal.model.DataSourceTest.testIsHidden], The revealed different behavior: PASS, when executed after: [], Test: crystal.model.DataSourceTest.testIsHidden, Intended behavior: FAILURE, when executed after: [crystal.model.DataSourceTest.testSetEnabled], The revealed different behavior: PASS, when executed after: [], Test: crystal.model.DataSourceTest.testSetEnabled, Intended behavior: FAILURE, when executed after: [crystal.model.DataSourceTest.testSetCompileCommand], The revealed different behavior: PASS, when executed after: [], Test: crystal.model.DataSourceTest.testSetCompileCommand, Intended behavior: FAILURE, when executed after: [crystal.model.DataSourceTest.testSetField], The revealed different behavior: PASS, when executed after: [], Test: crystal.model.DataSourceTest.testSetHistory, Intended behavior: FAILURE, when executed after: [crystal.model.DataSourceTest.testSetCloneString], The revealed different behavior: PASS, when executed after: [], Test: crystal.model.DataSourceTest.testSetCloneString, Intended behavior: FAILURE, when executed after: [crystal.model.DataSourceTest.testSetKind], The revealed different behavior: PASS, when executed after: []]
--------------------------
Execution time of TLG and its time to find/nullify any DTs for 1 machine (does not include the time to run the tests in the new order): 0.181
Number of tests selected out of total in original order: 4 / 63
Number of DTs not fixed: 0
Number of DTs fixed: 0
Execution time for executing the following testing order: 0.015

Test order list:
[crystal.util.SetOperationsTest.testNullIntersection, crystal.util.SetOperationsTest.testIntersection, crystal.util.SetOperationsTest.testNullUnion, crystal.util.SetOperationsTest.testUnion]

Time each test takes to run in the new order:
[8262236, 968185, 5437246, 455298]

Dependent test list:
[Test: crystal.model.DataSourceTest.testSetKind, Intended behavior: FAILURE, when executed after: [crystal.model.DataSourceTest.testIsHidden], The revealed different behavior: PASS, when executed after: [], Test: crystal.model.DataSourceTest.testIsHidden, Intended behavior: FAILURE, when executed after: [crystal.model.DataSourceTest.testSetEnabled], The revealed different behavior: PASS, when executed after: [], Test: crystal.model.DataSourceTest.testSetEnabled, Intended behavior: FAILURE, when executed after: [crystal.model.DataSourceTest.testSetCompileCommand], The revealed different behavior: PASS, when executed after: [], Test: crystal.model.DataSourceTest.testSetCompileCommand, Intended behavior: FAILURE, when executed after: [crystal.model.DataSourceTest.testSetField], The revealed different behavior: PASS, when executed after: [], Test: crystal.model.DataSourceTest.testSetHistory, Intended behavior: FAILURE, when executed after: [crystal.model.DataSourceTest.testSetCloneString], The revealed different behavior: PASS, when executed after: [], Test: crystal.model.DataSourceTest.testSetCloneString, Intended behavior: FAILURE, when executed after: [crystal.model.DataSourceTest.testSetKind], The revealed different behavior: PASS, when executed after: []]
--------------------------
Execution time of TLG and its time to find/nullify any DTs for 1 machine (does not include the time to run the tests in the new order): 0.179
Number of tests selected out of total in original order: 3 / 63
Number of DTs not fixed: 0
Number of DTs fixed: 0
Execution time for executing the following testing order: 0.026

Test order list:
[crystal.util.SetOperationsTest.testSetDifference, crystal.util.SetOperationsTest.testXor, crystal.util.SpringLayoutUtilityTest.testInvalidPanelParameter]

Time each test takes to run in the new order:
[6761631, 469401, 18292900]

Dependent test list:
[Test: crystal.model.DataSourceTest.testSetKind, Intended behavior: FAILURE, when executed after: [crystal.model.DataSourceTest.testIsHidden], The revealed different behavior: PASS, when executed after: [], Test: crystal.model.DataSourceTest.testIsHidden, Intended behavior: FAILURE, when executed after: [crystal.model.DataSourceTest.testSetEnabled], The revealed different behavior: PASS, when executed after: [], Test: crystal.model.DataSourceTest.testSetEnabled, Intended behavior: FAILURE, when executed after: [crystal.model.DataSourceTest.testSetCompileCommand], The revealed different behavior: PASS, when executed after: [], Test: crystal.model.DataSourceTest.testSetCompileCommand, Intended behavior: FAILURE, when executed after: [crystal.model.DataSourceTest.testSetField], The revealed different behavior: PASS, when executed after: [], Test: crystal.model.DataSourceTest.testSetHistory, Intended behavior: FAILURE, when executed after: [crystal.model.DataSourceTest.testSetCloneString], The revealed different behavior: PASS, when executed after: [], Test: crystal.model.DataSourceTest.testSetCloneString, Intended behavior: FAILURE, when executed after: [crystal.model.DataSourceTest.testSetKind], The revealed different behavior: PASS, when executed after: []]
--------------------------
Total time (of all machines and iterations plus initial TestListGenerator): 2.338
New order time: 0.941
Total number of tests executed in all machines out of total in original order: 73 / 63