The following arguments were used to generate this output.
[-technique, parallelization, -order, original, -origOrder, xml_security-orig-order, -testInputDir, /home/user/dependent-tests-impact/experiments/xml-security-orig-v1//sootTestOutput-orig, -filesToDelete, xml_security-env-files, -project, XML Security, -testType, orig, -numOfMachines, 8, -outputDir, /home/user/dependent-tests-impact/experiments/parallelization-results, -timesToRun, 1, -dependentTestFile, /home/user/dependent-tests-impact/experiments/parallelization-dt-list/parallelization-XML Security-orig-8-original.txt]

Execution time of TLG and its time to find/nullify any DTs for 1 machine (does not include the time to run the tests in the new order): 1.048
Number of tests selected out of total in original order: 13 / 97
Number of DTs not fixed: 0
Number of DTs fixed: 0
Execution time for executing the following testing order: 0.783

Test order list:
[org.apache.xml.security.test.algorithms.implementations.AESWrapperTest.test41, org.apache.xml.security.test.algorithms.implementations.AESWrapperTest.test42, org.apache.xml.security.test.algorithms.implementations.AESWrapperTest.test43, org.apache.xml.security.test.algorithms.implementations.AESWrapperTest.test44, org.apache.xml.security.test.algorithms.implementations.AESWrapperTest.test45, org.apache.xml.security.test.algorithms.implementations.AESWrapperTest.test46, org.apache.xml.security.test.algorithms.implementations.TripleDESWrapperTest.test34, org.apache.xml.security.test.c14n.helper.C14nHelperTest.testNamespaceIsAbsolute01, org.apache.xml.security.test.c14n.helper.C14nHelperTest.testNamespaceIsAbsolute02, org.apache.xml.security.test.c14n.helper.C14nHelperTest.testNamespaceIsAbsolute03, org.apache.xml.security.test.c14n.helper.C14nHelperTest.testNamespaceIsRelative01, org.apache.xml.security.test.c14n.helper.C14nHelperTest.testNamespaceIsRelative02, org.apache.xml.security.test.c14n.implementations.C14NInterop.test_Y4_stripped]

Time each test takes to run in the new order:
[560170594, 2944876, 3093188, 5494096, 4170562, 2709647, 18352066, 790391, 400059, 389783, 392562, 388012, 183819493]

Dependent test list:
[Test: org.apache.xml.security.test.c14n.implementations.ExclusiveC14NInterop.test_Y2, Intended behavior: FAILURE, when executed after: [org.apache.xml.security.test.c14n.implementations.ExclusiveC14NInterop.test_Y1], The revealed different behavior: PASS, when executed after: [], Test: org.apache.xml.security.test.c14n.implementations.ExclusiveC14NInterop.test_Y1, Intended behavior: FAILURE, when executed after: [org.apache.xml.security.test.algorithms.implementations.BlockEncryptionTest.test_AES128], The revealed different behavior: PASS, when executed after: []]
--------------------------
Execution time of TLG and its time to find/nullify any DTs for 1 machine (does not include the time to run the tests in the new order): 0.672
Number of tests selected out of total in original order: 12 / 97
Number of DTs not fixed: 0
Number of DTs fixed: 0
Execution time for executing the following testing order: 0.346

Test order list:
[org.apache.xml.security.test.c14n.implementations.Canonicalizer20010315ExclusiveTest.testA, org.apache.xml.security.test.c14n.implementations.Canonicalizer20010315ExclusiveTest.test221, org.apache.xml.security.test.c14n.implementations.Canonicalizer20010315ExclusiveTest.test222, org.apache.xml.security.test.c14n.implementations.Canonicalizer20010315ExclusiveTest.test221excl, org.apache.xml.security.test.c14n.implementations.Canonicalizer20010315ExclusiveTest.test222excl, org.apache.xml.security.test.c14n.implementations.Canonicalizer20010315Test.test31withComments, org.apache.xml.security.test.c14n.implementations.Canonicalizer20010315Test.test31, org.apache.xml.security.test.c14n.implementations.Canonicalizer20010315Test.test32, org.apache.xml.security.test.c14n.implementations.Canonicalizer20010315Test.test33, org.apache.xml.security.test.c14n.implementations.Canonicalizer20010315Test.test34validatingParser, org.apache.xml.security.test.c14n.implementations.Canonicalizer20010315Test.test35, org.apache.xml.security.test.c14n.implementations.Canonicalizer20010315Test.test36]

Time each test takes to run in the new order:
[281475855, 4306441, 1940886, 5997902, 1734338, 31103684, 5668297, 1842341, 3360696, 2563670, 3533153, 2700870]

Dependent test list:
[Test: org.apache.xml.security.test.c14n.implementations.ExclusiveC14NInterop.test_Y2, Intended behavior: FAILURE, when executed after: [org.apache.xml.security.test.c14n.implementations.ExclusiveC14NInterop.test_Y1], The revealed different behavior: PASS, when executed after: [], Test: org.apache.xml.security.test.c14n.implementations.ExclusiveC14NInterop.test_Y1, Intended behavior: FAILURE, when executed after: [org.apache.xml.security.test.algorithms.implementations.BlockEncryptionTest.test_AES128], The revealed different behavior: PASS, when executed after: []]
--------------------------
Execution time of TLG and its time to find/nullify any DTs for 1 machine (does not include the time to run the tests in the new order): 2.107
Number of tests selected out of total in original order: 13 / 97
Number of DTs not fixed: 0
Number of DTs fixed: 0
Execution time for executing the following testing order: 1.809

Test order list:
[org.apache.xml.security.test.c14n.implementations.Canonicalizer20010315Test.test37, org.apache.xml.security.test.c14n.implementations.Canonicalizer20010315Test.test37byNodeList, org.apache.xml.security.test.c14n.implementations.Canonicalizer20010315Test.testRelativeNSbehaviour, org.apache.xml.security.test.c14n.implementations.Canonicalizer20010315Test.testTranslationFromUTF16toUTF8, org.apache.xml.security.test.c14n.implementations.Canonicalizer20010315Test.testXMLAttributes1, org.apache.xml.security.test.c14n.implementations.Canonicalizer20010315Test.testXMLAttributes2, org.apache.xml.security.test.c14n.implementations.Canonicalizer20010315Test.testXMLAttributes3, org.apache.xml.security.test.algorithms.implementations.BlockEncryptionTest.test_AES128, org.apache.xml.security.test.c14n.implementations.ExclusiveC14NInterop.test_Y1, org.apache.xml.security.test.c14n.implementations.ExclusiveC14NInterop.test_Y2, org.apache.xml.security.test.c14n.implementations.ExclusiveC14NInterop.test_Y3, org.apache.xml.security.test.c14n.implementations.ExclusiveC14NInterop.test_Y5, org.apache.xml.security.test.external.org.apache.xalan.XPathAPI.AttributeAncestorOrSelf.test01]

Time each test takes to run in the new order:
[183939757, 16619447, 9521095, 55052485, 3430744, 5477921, 2488430, 2805594, 66500775, 71952788, 93381287, 1282443782, 15035419]

Dependent test list:
[Test: org.apache.xml.security.test.c14n.implementations.ExclusiveC14NInterop.test_Y2, Intended behavior: FAILURE, when executed after: [org.apache.xml.security.test.c14n.implementations.ExclusiveC14NInterop.test_Y1], The revealed different behavior: PASS, when executed after: [], Test: org.apache.xml.security.test.c14n.implementations.ExclusiveC14NInterop.test_Y1, Intended behavior: FAILURE, when executed after: [org.apache.xml.security.test.algorithms.implementations.BlockEncryptionTest.test_AES128], The revealed different behavior: PASS, when executed after: []]
--------------------------
Execution time of TLG and its time to find/nullify any DTs for 1 machine (does not include the time to run the tests in the new order): 0.688
Number of tests selected out of total in original order: 12 / 97
Number of DTs not fixed: 0
Number of DTs fixed: 0
Execution time for executing the following testing order: 0.370

Test order list:
[org.apache.xml.security.test.external.org.apache.xalan.XPathAPI.AttributeAncestorOrSelf.test02, org.apache.xml.security.test.external.org.apache.xalan.XPathAPI.AttributeAncestorOrSelf.test03, org.apache.xml.security.test.external.org.apache.xalan.XPathAPI.XalanBug1425Test.testBad01, org.apache.xml.security.test.external.org.apache.xalan.XPathAPI.XalanBug1425Test.testBad02, org.apache.xml.security.test.external.org.apache.xalan.XPathAPI.XalanBug1425Test.testBad03, org.apache.xml.security.test.external.org.apache.xalan.XPathAPI.XalanBug1425Test.testGood01, org.apache.xml.security.test.external.org.apache.xalan.XPathAPI.XalanBug1425Test.testGood02, org.apache.xml.security.test.external.org.apache.xalan.XPathAPI.XalanBug1425Test.testGood03, org.apache.xml.security.test.external.org.apache.xalan.XPathAPI.XalanBug1425Test.testGood04, org.apache.xml.security.test.external.org.apache.xalan.XPathAPI.XalanBug1425Test.testGood05, org.apache.xml.security.test.interop.BaltimoreTest.test_fifteen_enveloping_hmac_sha1, org.apache.xml.security.test.interop.BaltimoreTest.test_fifteen_enveloping_hmac_sha1_40]

Time each test takes to run in the new order:
[111493881, 5951590, 45426557, 2601760, 8766946, 6129790, 7822938, 5836949, 2011142, 1683772, 169056648, 3651104]

Dependent test list:
[Test: org.apache.xml.security.test.c14n.implementations.ExclusiveC14NInterop.test_Y2, Intended behavior: FAILURE, when executed after: [org.apache.xml.security.test.c14n.implementations.ExclusiveC14NInterop.test_Y1], The revealed different behavior: PASS, when executed after: [], Test: org.apache.xml.security.test.c14n.implementations.ExclusiveC14NInterop.test_Y1, Intended behavior: FAILURE, when executed after: [org.apache.xml.security.test.algorithms.implementations.BlockEncryptionTest.test_AES128], The revealed different behavior: PASS, when executed after: []]
--------------------------
Execution time of TLG and its time to find/nullify any DTs for 1 machine (does not include the time to run the tests in the new order): 1.171
Number of tests selected out of total in original order: 12 / 97
Number of DTs not fixed: 0
Number of DTs fixed: 0
Execution time for executing the following testing order: 0.846

Test order list:
[org.apache.xml.security.test.interop.BaltimoreTest.test_fifteen_enveloped_dsa, org.apache.xml.security.test.interop.BaltimoreTest.test_fifteen_enveloping_b64_dsa, org.apache.xml.security.test.interop.BaltimoreTest.test_fifteen_enveloping_dsa, org.apache.xml.security.test.interop.BaltimoreTest.test_fifteen_enveloping_rsa, org.apache.xml.security.test.interop.BaltimoreTest.test_fifteen_external_b64_dsa, org.apache.xml.security.test.interop.BaltimoreTest.test_fifteen_external_dsa, org.apache.xml.security.test.interop.BaltimoreTest.test_sixteen_external_dsa, org.apache.xml.security.test.interop.IAIKTest.test_signatureAlgorithms_signatures_hMACShortSignature, org.apache.xml.security.test.interop.IAIKTest.test_signatureAlgorithms_signatures_hMACSignature, org.apache.xml.security.test.interop.IAIKTest.test_coreFeatures_signatures_manifestSignature_core, org.apache.xml.security.test.interop.IAIKTest.test_coreFeatures_signatures_manifestSignature_manifest, org.apache.xml.security.test.interop.IAIKTest.test_coreFeatures_signatures_signatureTypesSignature]

Time each test takes to run in the new order:
[206572723, 31049161, 11020396, 11040875, 33808994, 9330335, 305176071, 107618043, 18149751, 16074503, 23106838, 72836105]

Dependent test list:
[Test: org.apache.xml.security.test.c14n.implementations.ExclusiveC14NInterop.test_Y2, Intended behavior: FAILURE, when executed after: [org.apache.xml.security.test.c14n.implementations.ExclusiveC14NInterop.test_Y1], The revealed different behavior: PASS, when executed after: [], Test: org.apache.xml.security.test.c14n.implementations.ExclusiveC14NInterop.test_Y1, Intended behavior: FAILURE, when executed after: [org.apache.xml.security.test.algorithms.implementations.BlockEncryptionTest.test_AES128], The revealed different behavior: PASS, when executed after: []]
--------------------------
Execution time of TLG and its time to find/nullify any DTs for 1 machine (does not include the time to run the tests in the new order): 0.647
Number of tests selected out of total in original order: 12 / 97
Number of DTs not fixed: 0
Number of DTs fixed: 0
Execution time for executing the following testing order: 0.324

Test order list:
[org.apache.xml.security.test.interop.IAIKTest.test_coreFeatures_signatures_anonymousReferenceSignature, org.apache.xml.security.test.interop.IAIKTest.test_signatureAlgorithms_signatures_dSASignature, org.apache.xml.security.test.interop.IAIKTest.test_signatureAlgorithms_signatures_rSASignature, org.apache.xml.security.test.interop.IAIKTest.test_transforms_signatures_base64DecodeSignature, org.apache.xml.security.test.interop.IAIKTest.test_transforms_signatures_c14nSignature, org.apache.xml.security.test.interop.IAIKTest.test_transforms_signatures_envelopedSignatureSignature, org.apache.xml.security.test.interop.IAIKTest.test_transforms_signatures_xPathSignature, org.apache.xml.security.test.interop.IBMTest.test_enveloping_hmac, org.apache.xml.security.test.interop.IBMTest.test_detached_dsa, org.apache.xml.security.test.interop.IBMTest.test_detached_rsa, org.apache.xml.security.test.interop.IBMTest.test_enveloped_dsa, org.apache.xml.security.test.interop.IBMTest.test_enveloped_rsa]

Time each test takes to run in the new order:
[182300720, 51499095, 15712762, 24072916, 16691053, 5335035, 15112209, 2565854, 1758485, 1674382, 2033851, 5609945]

Dependent test list:
[Test: org.apache.xml.security.test.c14n.implementations.ExclusiveC14NInterop.test_Y2, Intended behavior: FAILURE, when executed after: [org.apache.xml.security.test.c14n.implementations.ExclusiveC14NInterop.test_Y1], The revealed different behavior: PASS, when executed after: [], Test: org.apache.xml.security.test.c14n.implementations.ExclusiveC14NInterop.test_Y1, Intended behavior: FAILURE, when executed after: [org.apache.xml.security.test.algorithms.implementations.BlockEncryptionTest.test_AES128], The revealed different behavior: PASS, when executed after: []]
--------------------------
Execution time of TLG and its time to find/nullify any DTs for 1 machine (does not include the time to run the tests in the new order): 0.603
Number of tests selected out of total in original order: 12 / 97
Number of DTs not fixed: 0
Number of DTs fixed: 0
Execution time for executing the following testing order: 0.243

Test order list:
[org.apache.xml.security.test.interop.IBMTest.test_enveloping_dsa, org.apache.xml.security.test.interop.IBMTest.test_enveloping_rsa, org.apache.xml.security.test.interop.IBMTest.test_enveloping_dsa_soaped_broken, org.apache.xml.security.test.interop.RSASecurityTest.test_enveloping, org.apache.xml.security.test.interop.RSASecurityTest.test_enveloped, org.apache.xml.security.test.signature.XMLSignatureInputTest.testSetOctetStreamGetOctetStream, org.apache.xml.security.test.signature.XMLSignatureInputTest.testSetOctetStreamGetNodeSet1, org.apache.xml.security.test.signature.XMLSignatureInputTest.testSetOctetStreamGetNodeSet2, org.apache.xml.security.test.signature.XMLSignatureInputTest.testSetOctetStreamGetNodeSet3, org.apache.xml.security.test.signature.XMLSignatureInputTest.testSetOctetStreamGetNodeSet4, org.apache.xml.security.test.signature.XMLSignatureInputTest.testSetNodeSetGetNodeSet1, org.apache.xml.security.test.signature.XMLSignatureInputTest.testSetNodeSetGetOctetStream1]

Time each test takes to run in the new order:
[8926711, 3529195, 1932815, 175347479, 4423918, 545405, 8345209, 7390777, 2136510, 22912580, 5536656, 1895355]

Dependent test list:
[Test: org.apache.xml.security.test.c14n.implementations.ExclusiveC14NInterop.test_Y2, Intended behavior: FAILURE, when executed after: [org.apache.xml.security.test.c14n.implementations.ExclusiveC14NInterop.test_Y1], The revealed different behavior: PASS, when executed after: [], Test: org.apache.xml.security.test.c14n.implementations.ExclusiveC14NInterop.test_Y1, Intended behavior: FAILURE, when executed after: [org.apache.xml.security.test.algorithms.implementations.BlockEncryptionTest.test_AES128], The revealed different behavior: PASS, when executed after: []]
--------------------------
Execution time of TLG and its time to find/nullify any DTs for 1 machine (does not include the time to run the tests in the new order): 0.481
Number of tests selected out of total in original order: 12 / 97
Number of DTs not fixed: 0
Number of DTs fixed: 0
Execution time for executing the following testing order: 0.166

Test order list:
[org.apache.xml.security.test.signature.XMLSignatureInputTest.testIsInitializedWithOctetStream, org.apache.xml.security.test.signature.XMLSignatureInputTest.testOctetStreamIsOctetStream, org.apache.xml.security.test.signature.XMLSignatureInputTest.testOctetStreamIsNotNodeSet, org.apache.xml.security.test.signature.XMLSignatureInputTest.testIsInitializedWithNodeSet, org.apache.xml.security.test.signature.XMLSignatureInputTest.testNodeSetIsNotOctetStream, org.apache.xml.security.test.signature.XMLSignatureInputTest.testNodeSetIsNodeSet, org.apache.xml.security.test.transforms.implementations.TransformBase64DecodeTest.test1, org.apache.xml.security.test.transforms.implementations.TransformBase64DecodeTest.test2, org.apache.xml.security.test.transforms.implementations.TransformBase64DecodeTest.test3, org.apache.xml.security.test.utils.Base64Test.testA1, org.apache.xml.security.test.utils.resolver.ResourceResolverSpiTest.testExpandSystemId_1, org.apache.xml.security.test.utils.resolver.ResourceResolverSpiTest.testExpandSystemId_2]

Time each test takes to run in the new order:
[7053644, 495696, 471078, 99760898, 1736244, 1612625, 7185596, 1331198, 16987432, 2364284, 7989409, 18537703]

Dependent test list:
[Test: org.apache.xml.security.test.c14n.implementations.ExclusiveC14NInterop.test_Y2, Intended behavior: FAILURE, when executed after: [org.apache.xml.security.test.c14n.implementations.ExclusiveC14NInterop.test_Y1], The revealed different behavior: PASS, when executed after: [], Test: org.apache.xml.security.test.c14n.implementations.ExclusiveC14NInterop.test_Y1, Intended behavior: FAILURE, when executed after: [org.apache.xml.security.test.algorithms.implementations.BlockEncryptionTest.test_AES128], The revealed different behavior: PASS, when executed after: []]
--------------------------
Total time (of all machines and iterations plus initial TestListGenerator): 4.921
New order time: 1.809
Total number of tests executed in all machines out of total in original order: 98 / 97