The following arguments were used to generate this output.
[-technique, parallelization, -order, original, -origOrder, jodatime-auto-order, -testInputDir, /home/user/dependent-tests-impact/experiments/jodatime-b609d7d66d//sootTestOutput-auto, -filesToDelete, jodatime-env-files, -project, Joda-Time, -testType, auto, -numOfMachines, 16, -outputDir, /home/user/dependent-tests-impact/experiments/parallelization-results, -timesToRun, 1, -dependentTestFile, /home/user/dependent-tests-impact/experiments/parallelization-dt-list/parallelization-Joda-Time-auto-16-original.txt]

Execution time of TLG and its time to find/nullify any DTs for 1 machine (does not include the time to run the tests in the new order): 2.059
Number of tests selected out of total in original order: 139 / 2211
Number of DTs not fixed: 0
Number of DTs fixed: 0
Execution time for executing the following testing order: 1.949

Test order list:
[randoop.jodatime.RandoopTest0.test1, randoop.jodatime.RandoopTest0.test2, randoop.jodatime.RandoopTest0.test3, randoop.jodatime.RandoopTest0.test4, randoop.jodatime.RandoopTest0.test5, randoop.jodatime.RandoopTest0.test6, randoop.jodatime.RandoopTest0.test7, randoop.jodatime.RandoopTest0.test8, randoop.jodatime.RandoopTest0.test9, randoop.jodatime.RandoopTest0.test10, randoop.jodatime.RandoopTest0.test11, randoop.jodatime.RandoopTest0.test12, randoop.jodatime.RandoopTest0.test13, randoop.jodatime.RandoopTest0.test14, randoop.jodatime.RandoopTest0.test15, randoop.jodatime.RandoopTest0.test16, randoop.jodatime.RandoopTest0.test17, randoop.jodatime.RandoopTest0.test18, randoop.jodatime.RandoopTest0.test19, randoop.jodatime.RandoopTest0.test20, randoop.jodatime.RandoopTest0.test21, randoop.jodatime.RandoopTest0.test22, randoop.jodatime.RandoopTest0.test23, randoop.jodatime.RandoopTest0.test24, randoop.jodatime.RandoopTest0.test25, randoop.jodatime.RandoopTest0.test26, randoop.jodatime.RandoopTest0.test27, randoop.jodatime.RandoopTest0.test28, randoop.jodatime.RandoopTest0.test29, randoop.jodatime.RandoopTest0.test31, randoop.jodatime.RandoopTest0.test32, randoop.jodatime.RandoopTest0.test33, randoop.jodatime.RandoopTest0.test34, randoop.jodatime.RandoopTest0.test35, randoop.jodatime.RandoopTest0.test36, randoop.jodatime.RandoopTest0.test37, randoop.jodatime.RandoopTest0.test39, randoop.jodatime.RandoopTest0.test40, randoop.jodatime.RandoopTest0.test41, randoop.jodatime.RandoopTest0.test42, randoop.jodatime.RandoopTest0.test43, randoop.jodatime.RandoopTest0.test44, randoop.jodatime.RandoopTest0.test45, randoop.jodatime.RandoopTest0.test46, randoop.jodatime.RandoopTest0.test47, randoop.jodatime.RandoopTest0.test48, randoop.jodatime.RandoopTest0.test49, randoop.jodatime.RandoopTest0.test50, randoop.jodatime.RandoopTest0.test51, randoop.jodatime.RandoopTest0.test53, randoop.jodatime.RandoopTest0.test54, randoop.jodatime.RandoopTest0.test55, randoop.jodatime.RandoopTest0.test56, randoop.jodatime.RandoopTest0.test57, randoop.jodatime.RandoopTest0.test58, randoop.jodatime.RandoopTest0.test59, randoop.jodatime.RandoopTest0.test60, randoop.jodatime.RandoopTest0.test61, randoop.jodatime.RandoopTest0.test63, randoop.jodatime.RandoopTest0.test64, randoop.jodatime.RandoopTest0.test65, randoop.jodatime.RandoopTest0.test66, randoop.jodatime.RandoopTest0.test67, randoop.jodatime.RandoopTest0.test68, randoop.jodatime.RandoopTest0.test69, randoop.jodatime.RandoopTest0.test71, randoop.jodatime.RandoopTest0.test73, randoop.jodatime.RandoopTest0.test74, randoop.jodatime.RandoopTest0.test75, randoop.jodatime.RandoopTest0.test76, randoop.jodatime.RandoopTest0.test77, randoop.jodatime.RandoopTest0.test78, randoop.jodatime.RandoopTest0.test79, randoop.jodatime.RandoopTest0.test81, randoop.jodatime.RandoopTest0.test82, randoop.jodatime.RandoopTest0.test83, randoop.jodatime.RandoopTest0.test84, randoop.jodatime.RandoopTest0.test86, randoop.jodatime.RandoopTest0.test87, randoop.jodatime.RandoopTest0.test88, randoop.jodatime.RandoopTest0.test91, randoop.jodatime.RandoopTest0.test92, randoop.jodatime.RandoopTest0.test93, randoop.jodatime.RandoopTest0.test94, randoop.jodatime.RandoopTest0.test95, randoop.jodatime.RandoopTest0.test96, randoop.jodatime.RandoopTest0.test98, randoop.jodatime.RandoopTest0.test101, randoop.jodatime.RandoopTest0.test102, randoop.jodatime.RandoopTest0.test103, randoop.jodatime.RandoopTest0.test104, randoop.jodatime.RandoopTest0.test105, randoop.jodatime.RandoopTest0.test106, randoop.jodatime.RandoopTest0.test107, randoop.jodatime.RandoopTest0.test108, randoop.jodatime.RandoopTest0.test109, randoop.jodatime.RandoopTest0.test110, randoop.jodatime.RandoopTest0.test111, randoop.jodatime.RandoopTest0.test112, randoop.jodatime.RandoopTest0.test113, randoop.jodatime.RandoopTest0.test114, randoop.jodatime.RandoopTest0.test115, randoop.jodatime.RandoopTest0.test116, randoop.jodatime.RandoopTest0.test117, randoop.jodatime.RandoopTest0.test118, randoop.jodatime.RandoopTest0.test119, randoop.jodatime.RandoopTest0.test120, randoop.jodatime.RandoopTest0.test121, randoop.jodatime.RandoopTest0.test122, randoop.jodatime.RandoopTest0.test123, randoop.jodatime.RandoopTest0.test125, randoop.jodatime.RandoopTest0.test127, randoop.jodatime.RandoopTest0.test128, randoop.jodatime.RandoopTest0.test129, randoop.jodatime.RandoopTest0.test130, randoop.jodatime.RandoopTest0.test131, randoop.jodatime.RandoopTest0.test132, randoop.jodatime.RandoopTest0.test133, randoop.jodatime.RandoopTest0.test134, randoop.jodatime.RandoopTest0.test135, randoop.jodatime.RandoopTest0.test136, randoop.jodatime.RandoopTest0.test138, randoop.jodatime.RandoopTest0.test139, randoop.jodatime.RandoopTest0.test140, randoop.jodatime.RandoopTest0.test141, randoop.jodatime.RandoopTest0.test142, randoop.jodatime.RandoopTest0.test143, randoop.jodatime.RandoopTest0.test144, randoop.jodatime.RandoopTest0.test146, randoop.jodatime.RandoopTest0.test148, randoop.jodatime.RandoopTest0.test149, randoop.jodatime.RandoopTest0.test150, randoop.jodatime.RandoopTest0.test152, randoop.jodatime.RandoopTest0.test153, randoop.jodatime.RandoopTest0.test154, randoop.jodatime.RandoopTest0.test155, randoop.jodatime.RandoopTest0.test157, randoop.jodatime.RandoopTest0.test158, randoop.jodatime.RandoopTest0.test159]

Time each test takes to run in the new order:
[120353486, 48309419, 20418237, 28622759, 47863453, 40409605, 19555222, 21043198, 15822884, 30630981, 7743344, 15257832, 6665099, 6868308, 6006519, 15772515, 9566120, 26369366, 22384938, 13649562, 18713231, 13168756, 21811724, 19701331, 13117200, 13343014, 27490495, 25842042, 24166458, 24060062, 19505192, 15302300, 23085206, 23181390, 26938313, 27303541, 11133043, 33235255, 19638216, 15197220, 27073378, 25747326, 15218417, 23370958, 23267680, 21319622, 23527571, 23714989, 23574446, 11795119, 9589728, 14158231, 11458264, 13179321, 11633658, 12124304, 12200762, 13980217, 15997346, 7828278, 11644640, 3696145, 11652007, 20622013, 3646370, 20696663, 11983752, 14118230, 7672446, 16716685, 12326513, 17851294, 11958690, 12706129, 10960696, 11265059, 3254250, 20865042, 12018701, 2822489, 10686039, 10462548, 2630595, 10499262, 10898639, 2463706, 13152996, 2455411, 10473247, 2221944, 10269462, 2248834, 10439338, 10457896, 2706898, 10492956, 10530362, 11887036, 7626263, 8248242, 2380050, 10494083, 2392817, 10487623, 14426548, 2984305, 11103436, 10623056, 10613968, 3211779, 9915405, 2153011, 10176221, 2111369, 10369508, 10170102, 2137268, 10738209, 2243925, 12679047, 9187437, 2156709, 10255672, 10208690, 2167468, 7066563, 1998282, 10318325, 2168874, 10360598, 10115138, 1988043, 8886627, 1975611, 1866557, 13995520, 1903509, 9974371, 1879217]

Dependent test list:
[Test: randoop.jodatime.RandoopTest0.test196, Intended behavior: FAILURE, when executed after: [randoop.jodatime.RandoopTest0.test192], The revealed different behavior: PASS, when executed after: [], Test: randoop.jodatime.RandoopTest0.test192, Intended behavior: FAILURE, when executed after: [randoop.jodatime.RandoopTest0.test165], The revealed different behavior: PASS, when executed after: [], Test: randoop.jodatime.RandoopTest0.test165, Intended behavior: FAILURE, when executed after: [randoop.jodatime.RandoopTest0.test135], The revealed different behavior: PASS, when executed after: [], Test: randoop.jodatime.RandoopTest0.test360, Intended behavior: FAILURE, when executed after: [randoop.jodatime.RandoopTest0.test338], The revealed different behavior: PASS, when executed after: [], Test: randoop.jodatime.RandoopTest0.test338, Intended behavior: FAILURE, when executed after: [randoop.jodatime.RandoopTest0.test325], The revealed different behavior: PASS, when executed after: [], Test: randoop.jodatime.RandoopTest0.test325, Intended behavior: FAILURE, when executed after: [randoop.jodatime.RandoopTest0.test196], The revealed different behavior: PASS, when executed after: [], Test: randoop.jodatime.RandoopTest1.test235, Intended behavior: FAILURE, when executed after: [randoop.jodatime.RandoopTest1.test181], The revealed different behavior: PASS, when executed after: [], Test: randoop.jodatime.RandoopTest1.test181, Intended behavior: FAILURE, when executed after: [randoop.jodatime.RandoopTest0.test498], The revealed different behavior: PASS, when executed after: [], Test: randoop.jodatime.RandoopTest2.test36, Intended behavior: FAILURE, when executed after: [randoop.jodatime.RandoopTest2.test21], The revealed different behavior: PASS, when executed after: [], Test: randoop.jodatime.RandoopTest2.test77, Intended behavior: FAILURE, when executed after: [randoop.jodatime.RandoopTest1.test467], The revealed different behavior: PASS, when executed after: [], Test: randoop.jodatime.RandoopTest2.test21, Intended behavior: FAILURE, when executed after: [randoop.jodatime.RandoopTest1.test235], The revealed different behavior: PASS, when executed after: [], Test: randoop.jodatime.RandoopTest2.test254, Intended behavior: FAILURE, when executed after: [randoop.jodatime.RandoopTest2.test212], The revealed different behavior: PASS, when executed after: [], Test: randoop.jodatime.RandoopTest2.test243, Intended behavior: FAILURE, when executed after: [randoop.jodatime.RandoopTest2.test36], The revealed different behavior: PASS, when executed after: [], Test: randoop.jodatime.RandoopTest2.test490, Intended behavior: FAILURE, when executed after: [randoop.jodatime.RandoopTest2.test487], The revealed different behavior: PASS, when executed after: [], Test: randoop.jodatime.RandoopTest2.test487, Intended behavior: FAILURE, when executed after: [randoop.jodatime.RandoopTest2.test356], The revealed different behavior: PASS, when executed after: [], Test: randoop.jodatime.RandoopTest2.test356, Intended behavior: FAILURE, when executed after: [randoop.jodatime.RandoopTest2.test243], The revealed different behavior: PASS, when executed after: [], Test: randoop.jodatime.RandoopTest2.test474, Intended behavior: FAILURE, when executed after: [randoop.jodatime.RandoopTest2.test376], The revealed different behavior: PASS, when executed after: [], Test: randoop.jodatime.RandoopTest2.test493, Intended behavior: FAILURE, when executed after: [randoop.jodatime.RandoopTest2.test490], The revealed different behavior: PASS, when executed after: [], Test: randoop.jodatime.RandoopTest3.test195, Intended behavior: FAILURE, when executed after: [randoop.jodatime.RandoopTest3.test193], The revealed different behavior: PASS, when executed after: [], Test: randoop.jodatime.RandoopTest3.test193, Intended behavior: FAILURE, when executed after: [randoop.jodatime.RandoopTest3.test189], The revealed different behavior: PASS, when executed after: [], Test: randoop.jodatime.RandoopTest3.test189, Intended behavior: FAILURE, when executed after: [randoop.jodatime.RandoopTest3.test185], The revealed different behavior: PASS, when executed after: [], Test: randoop.jodatime.RandoopTest3.test185, Intended behavior: FAILURE, when executed after: [randoop.jodatime.RandoopTest3.test161], The revealed different behavior: PASS, when executed after: [], Test: randoop.jodatime.RandoopTest3.test161, Intended behavior: FAILURE, when executed after: [randoop.jodatime.RandoopTest2.test493], The revealed different behavior: PASS, when executed after: [], Test: randoop.jodatime.RandoopTest3.test389, Intended behavior: FAILURE, when executed after: [randoop.jodatime.RandoopTest3.test383], The revealed different behavior: PASS, when executed after: [], Test: randoop.jodatime.RandoopTest3.test383, Intended behavior: FAILURE, when executed after: [randoop.jodatime.RandoopTest3.test347], The revealed different behavior: PASS, when executed after: [], Test: randoop.jodatime.RandoopTest3.test347, Intended behavior: FAILURE, when executed after: [randoop.jodatime.RandoopTest3.test345], The revealed different behavior: PASS, when executed after: [], Test: randoop.jodatime.RandoopTest3.test345, Intended behavior: FAILURE, when executed after: [randoop.jodatime.RandoopTest3.test316], The revealed different behavior: PASS, when executed after: [], Test: randoop.jodatime.RandoopTest3.test316, Intended behavior: FAILURE, when executed after: [randoop.jodatime.RandoopTest3.test315], The revealed different behavior: PASS, when executed after: [], Test: randoop.jodatime.RandoopTest3.test315, Intended behavior: FAILURE, when executed after: [randoop.jodatime.RandoopTest3.test195], The revealed different behavior: PASS, when executed after: [], Test: randoop.jodatime.RandoopTest3.test496, Intended behavior: FAILURE, when executed after: [randoop.jodatime.RandoopTest3.test467], The revealed different behavior: PASS, when executed after: [], Test: randoop.jodatime.RandoopTest3.test467, Intended behavior: FAILURE, when executed after: [randoop.jodatime.RandoopTest3.test389], The revealed different behavior: PASS, when executed after: [], Test: randoop.jodatime.RandoopTest4.test259, Intended behavior: FAILURE, when executed after: [randoop.jodatime.RandoopTest4.test221], The revealed different behavior: PASS, when executed after: [], Test: randoop.jodatime.RandoopTest4.test221, Intended behavior: FAILURE, when executed after: [randoop.jodatime.RandoopTest4.test13], The revealed different behavior: PASS, when executed after: [], Test: randoop.jodatime.RandoopTest4.test401, Intended behavior: FAILURE, when executed after: [randoop.jodatime.RandoopTest4.test259], The revealed different behavior: PASS, when executed after: [], Test: randoop.jodatime.RandoopTest4.test434, Intended behavior: FAILURE, when executed after: [randoop.jodatime.RandoopTest4.test401], The revealed different behavior: PASS, when executed after: [], Test: randoop.jodatime.RandoopTest4.test13, Intended behavior: FAILURE, when executed after: [randoop.jodatime.RandoopTest3.test496], The revealed different behavior: PASS, when executed after: [], Test: randoop.jodatime.RandoopTest2.test212, Intended behavior: FAILURE, when executed after: [randoop.jodatime.RandoopTest2.test77], The revealed different behavior: PASS, when executed after: [], Test: randoop.jodatime.RandoopTest2.test376, Intended behavior: FAILURE, when executed after: [randoop.jodatime.RandoopTest2.test254], The revealed different behavior: PASS, when executed after: []]
--------------------------
Execution time of TLG and its time to find/nullify any DTs for 1 machine (does not include the time to run the tests in the new order): 1.304
Number of tests selected out of total in original order: 140 / 2211
Number of DTs not fixed: 0
Number of DTs fixed: 0
Execution time for executing the following testing order: 1.200

Test order list:
[randoop.jodatime.RandoopTest0.test160, randoop.jodatime.RandoopTest0.test161, randoop.jodatime.RandoopTest0.test162, randoop.jodatime.RandoopTest0.test163, randoop.jodatime.RandoopTest0.test164, randoop.jodatime.RandoopTest0.test135, randoop.jodatime.RandoopTest0.test165, randoop.jodatime.RandoopTest0.test166, randoop.jodatime.RandoopTest0.test167, randoop.jodatime.RandoopTest0.test168, randoop.jodatime.RandoopTest0.test169, randoop.jodatime.RandoopTest0.test170, randoop.jodatime.RandoopTest0.test171, randoop.jodatime.RandoopTest0.test172, randoop.jodatime.RandoopTest0.test173, randoop.jodatime.RandoopTest0.test174, randoop.jodatime.RandoopTest0.test175, randoop.jodatime.RandoopTest0.test176, randoop.jodatime.RandoopTest0.test177, randoop.jodatime.RandoopTest0.test180, randoop.jodatime.RandoopTest0.test181, randoop.jodatime.RandoopTest0.test182, randoop.jodatime.RandoopTest0.test183, randoop.jodatime.RandoopTest0.test184, randoop.jodatime.RandoopTest0.test185, randoop.jodatime.RandoopTest0.test188, randoop.jodatime.RandoopTest0.test189, randoop.jodatime.RandoopTest0.test190, randoop.jodatime.RandoopTest0.test192, randoop.jodatime.RandoopTest0.test193, randoop.jodatime.RandoopTest0.test195, randoop.jodatime.RandoopTest0.test196, randoop.jodatime.RandoopTest0.test197, randoop.jodatime.RandoopTest0.test198, randoop.jodatime.RandoopTest0.test199, randoop.jodatime.RandoopTest0.test200, randoop.jodatime.RandoopTest0.test201, randoop.jodatime.RandoopTest0.test202, randoop.jodatime.RandoopTest0.test203, randoop.jodatime.RandoopTest0.test204, randoop.jodatime.RandoopTest0.test205, randoop.jodatime.RandoopTest0.test206, randoop.jodatime.RandoopTest0.test207, randoop.jodatime.RandoopTest0.test208, randoop.jodatime.RandoopTest0.test209, randoop.jodatime.RandoopTest0.test210, randoop.jodatime.RandoopTest0.test211, randoop.jodatime.RandoopTest0.test212, randoop.jodatime.RandoopTest0.test213, randoop.jodatime.RandoopTest0.test214, randoop.jodatime.RandoopTest0.test215, randoop.jodatime.RandoopTest0.test216, randoop.jodatime.RandoopTest0.test217, randoop.jodatime.RandoopTest0.test218, randoop.jodatime.RandoopTest0.test219, randoop.jodatime.RandoopTest0.test220, randoop.jodatime.RandoopTest0.test221, randoop.jodatime.RandoopTest0.test222, randoop.jodatime.RandoopTest0.test223, randoop.jodatime.RandoopTest0.test224, randoop.jodatime.RandoopTest0.test225, randoop.jodatime.RandoopTest0.test226, randoop.jodatime.RandoopTest0.test228, randoop.jodatime.RandoopTest0.test229, randoop.jodatime.RandoopTest0.test230, randoop.jodatime.RandoopTest0.test232, randoop.jodatime.RandoopTest0.test233, randoop.jodatime.RandoopTest0.test234, randoop.jodatime.RandoopTest0.test235, randoop.jodatime.RandoopTest0.test237, randoop.jodatime.RandoopTest0.test238, randoop.jodatime.RandoopTest0.test239, randoop.jodatime.RandoopTest0.test240, randoop.jodatime.RandoopTest0.test241, randoop.jodatime.RandoopTest0.test242, randoop.jodatime.RandoopTest0.test243, randoop.jodatime.RandoopTest0.test244, randoop.jodatime.RandoopTest0.test246, randoop.jodatime.RandoopTest0.test247, randoop.jodatime.RandoopTest0.test248, randoop.jodatime.RandoopTest0.test249, randoop.jodatime.RandoopTest0.test250, randoop.jodatime.RandoopTest0.test251, randoop.jodatime.RandoopTest0.test252, randoop.jodatime.RandoopTest0.test254, randoop.jodatime.RandoopTest0.test255, randoop.jodatime.RandoopTest0.test256, randoop.jodatime.RandoopTest0.test257, randoop.jodatime.RandoopTest0.test258, randoop.jodatime.RandoopTest0.test259, randoop.jodatime.RandoopTest0.test260, randoop.jodatime.RandoopTest0.test261, randoop.jodatime.RandoopTest0.test262, randoop.jodatime.RandoopTest0.test263, randoop.jodatime.RandoopTest0.test264, randoop.jodatime.RandoopTest0.test266, randoop.jodatime.RandoopTest0.test267, randoop.jodatime.RandoopTest0.test269, randoop.jodatime.RandoopTest0.test270, randoop.jodatime.RandoopTest0.test271, randoop.jodatime.RandoopTest0.test272, randoop.jodatime.RandoopTest0.test273, randoop.jodatime.RandoopTest0.test274, randoop.jodatime.RandoopTest0.test275, randoop.jodatime.RandoopTest0.test276, randoop.jodatime.RandoopTest0.test278, randoop.jodatime.RandoopTest0.test279, randoop.jodatime.RandoopTest0.test280, randoop.jodatime.RandoopTest0.test281, randoop.jodatime.RandoopTest0.test282, randoop.jodatime.RandoopTest0.test283, randoop.jodatime.RandoopTest0.test284, randoop.jodatime.RandoopTest0.test286, randoop.jodatime.RandoopTest0.test287, randoop.jodatime.RandoopTest0.test291, randoop.jodatime.RandoopTest0.test293, randoop.jodatime.RandoopTest0.test294, randoop.jodatime.RandoopTest0.test295, randoop.jodatime.RandoopTest0.test297, randoop.jodatime.RandoopTest0.test298, randoop.jodatime.RandoopTest0.test299, randoop.jodatime.RandoopTest0.test300, randoop.jodatime.RandoopTest0.test301, randoop.jodatime.RandoopTest0.test302, randoop.jodatime.RandoopTest0.test303, randoop.jodatime.RandoopTest0.test304, randoop.jodatime.RandoopTest0.test305, randoop.jodatime.RandoopTest0.test306, randoop.jodatime.RandoopTest0.test308, randoop.jodatime.RandoopTest0.test309, randoop.jodatime.RandoopTest0.test310, randoop.jodatime.RandoopTest0.test311, randoop.jodatime.RandoopTest0.test312, randoop.jodatime.RandoopTest0.test314, randoop.jodatime.RandoopTest0.test315, randoop.jodatime.RandoopTest0.test317, randoop.jodatime.RandoopTest0.test318, randoop.jodatime.RandoopTest0.test319, randoop.jodatime.RandoopTest0.test320, randoop.jodatime.RandoopTest0.test321]

Time each test takes to run in the new order:
[82853559, 101483709, 24214107, 35050739, 46214862, 35259791, 43335786, 21267572, 13164879, 23405317, 16835170, 15566635, 6079134, 7362334, 6213395, 5402379, 7559285, 8040186, 23817948, 21541357, 12474852, 13568233, 3434469, 11364611, 11677608, 11549004, 22381965, 12878940, 18500390, 5941320, 16366420, 12355897, 12781724, 20667344, 12483592, 10838274, 31079060, 25437327, 20386177, 19644456, 10808982, 21077611, 13299384, 23875977, 24939674, 19315480, 13060510, 11270800, 6932444, 2330965, 8286204, 3073503, 2842447, 7980802, 1862682, 1915589, 1970303, 1874667, 2644846, 1996724, 6650683, 1880510, 2580488, 3233561, 1850615, 1864160, 1890694, 1859209, 1882721, 1856094, 1942771, 1824583, 1849856, 1860510, 2727419, 1852527, 1844455, 1846372, 2104088, 2061568, 1867204, 1806613, 1920686, 1905065, 3815173, 2815955, 1924689, 1909308, 1822513, 1826942, 2392155, 4307834, 2210764, 2196095, 1833434, 1925485, 1905217, 2911711, 1852004, 1837163, 2409527, 1850465, 2433068, 2033654, 2017655, 1894375, 1887554, 1822772, 2762285, 1841102, 1792273, 1836567, 1734784, 1763711, 2212792, 1813686, 1794871, 1936629, 1985276, 1717574, 2675184, 1797156, 1785025, 1729898, 1711056, 1868934, 1844759, 1723659, 2405387, 1748832, 1907847, 2621829, 1889322, 1778651, 1826405, 1737759, 1779338, 1738003, 1797156, 1781127]

Dependent test list:
[Test: randoop.jodatime.RandoopTest0.test196, Intended behavior: FAILURE, when executed after: [randoop.jodatime.RandoopTest0.test192], The revealed different behavior: PASS, when executed after: [], Test: randoop.jodatime.RandoopTest0.test192, Intended behavior: FAILURE, when executed after: [randoop.jodatime.RandoopTest0.test165], The revealed different behavior: PASS, when executed after: [], Test: randoop.jodatime.RandoopTest0.test165, Intended behavior: FAILURE, when executed after: [randoop.jodatime.RandoopTest0.test135], The revealed different behavior: PASS, when executed after: [], Test: randoop.jodatime.RandoopTest0.test360, Intended behavior: FAILURE, when executed after: [randoop.jodatime.RandoopTest0.test338], The revealed different behavior: PASS, when executed after: [], Test: randoop.jodatime.RandoopTest0.test338, Intended behavior: FAILURE, when executed after: [randoop.jodatime.RandoopTest0.test325], The revealed different behavior: PASS, when executed after: [], Test: randoop.jodatime.RandoopTest0.test325, Intended behavior: FAILURE, when executed after: [randoop.jodatime.RandoopTest0.test196], The revealed different behavior: PASS, when executed after: [], Test: randoop.jodatime.RandoopTest1.test235, Intended behavior: FAILURE, when executed after: [randoop.jodatime.RandoopTest1.test181], The revealed different behavior: PASS, when executed after: [], Test: randoop.jodatime.RandoopTest1.test181, Intended behavior: FAILURE, when executed after: [randoop.jodatime.RandoopTest0.test498], The revealed different behavior: PASS, when executed after: [], Test: randoop.jodatime.RandoopTest2.test36, Intended behavior: FAILURE, when executed after: [randoop.jodatime.RandoopTest2.test21], The revealed different behavior: PASS, when executed after: [], Test: randoop.jodatime.RandoopTest2.test77, Intended behavior: FAILURE, when executed after: [randoop.jodatime.RandoopTest1.test467], The revealed different behavior: PASS, when executed after: [], Test: randoop.jodatime.RandoopTest2.test21, Intended behavior: FAILURE, when executed after: [randoop.jodatime.RandoopTest1.test235], The revealed different behavior: PASS, when executed after: [], Test: randoop.jodatime.RandoopTest2.test254, Intended behavior: FAILURE, when executed after: [randoop.jodatime.RandoopTest2.test212], The revealed different behavior: PASS, when executed after: [], Test: randoop.jodatime.RandoopTest2.test243, Intended behavior: FAILURE, when executed after: [randoop.jodatime.RandoopTest2.test36], The revealed different behavior: PASS, when executed after: [], Test: randoop.jodatime.RandoopTest2.test490, Intended behavior: FAILURE, when executed after: [randoop.jodatime.RandoopTest2.test487], The revealed different behavior: PASS, when executed after: [], Test: randoop.jodatime.RandoopTest2.test487, Intended behavior: FAILURE, when executed after: [randoop.jodatime.RandoopTest2.test356], The revealed different behavior: PASS, when executed after: [], Test: randoop.jodatime.RandoopTest2.test356, Intended behavior: FAILURE, when executed after: [randoop.jodatime.RandoopTest2.test243], The revealed different behavior: PASS, when executed after: [], Test: randoop.jodatime.RandoopTest2.test474, Intended behavior: FAILURE, when executed after: [randoop.jodatime.RandoopTest2.test376], The revealed different behavior: PASS, when executed after: [], Test: randoop.jodatime.RandoopTest2.test493, Intended behavior: FAILURE, when executed after: [randoop.jodatime.RandoopTest2.test490], The revealed different behavior: PASS, when executed after: [], Test: randoop.jodatime.RandoopTest3.test195, Intended behavior: FAILURE, when executed after: [randoop.jodatime.RandoopTest3.test193], The revealed different behavior: PASS, when executed after: [], Test: randoop.jodatime.RandoopTest3.test193, Intended behavior: FAILURE, when executed after: [randoop.jodatime.RandoopTest3.test189], The revealed different behavior: PASS, when executed after: [], Test: randoop.jodatime.RandoopTest3.test189, Intended behavior: FAILURE, when executed after: [randoop.jodatime.RandoopTest3.test185], The revealed different behavior: PASS, when executed after: [], Test: randoop.jodatime.RandoopTest3.test185, Intended behavior: FAILURE, when executed after: [randoop.jodatime.RandoopTest3.test161], The revealed different behavior: PASS, when executed after: [], Test: randoop.jodatime.RandoopTest3.test161, Intended behavior: FAILURE, when executed after: [randoop.jodatime.RandoopTest2.test493], The revealed different behavior: PASS, when executed after: [], Test: randoop.jodatime.RandoopTest3.test389, Intended behavior: FAILURE, when executed after: [randoop.jodatime.RandoopTest3.test383], The revealed different behavior: PASS, when executed after: [], Test: randoop.jodatime.RandoopTest3.test383, Intended behavior: FAILURE, when executed after: [randoop.jodatime.RandoopTest3.test347], The revealed different behavior: PASS, when executed after: [], Test: randoop.jodatime.RandoopTest3.test347, Intended behavior: FAILURE, when executed after: [randoop.jodatime.RandoopTest3.test345], The revealed different behavior: PASS, when executed after: [], Test: randoop.jodatime.RandoopTest3.test345, Intended behavior: FAILURE, when executed after: [randoop.jodatime.RandoopTest3.test316], The revealed different behavior: PASS, when executed after: [], Test: randoop.jodatime.RandoopTest3.test316, Intended behavior: FAILURE, when executed after: [randoop.jodatime.RandoopTest3.test315], The revealed different behavior: PASS, when executed after: [], Test: randoop.jodatime.RandoopTest3.test315, Intended behavior: FAILURE, when executed after: [randoop.jodatime.RandoopTest3.test195], The revealed different behavior: PASS, when executed after: [], Test: randoop.jodatime.RandoopTest3.test496, Intended behavior: FAILURE, when executed after: [randoop.jodatime.RandoopTest3.test467], The revealed different behavior: PASS, when executed after: [], Test: randoop.jodatime.RandoopTest3.test467, Intended behavior: FAILURE, when executed after: [randoop.jodatime.RandoopTest3.test389], The revealed different behavior: PASS, when executed after: [], Test: randoop.jodatime.RandoopTest4.test259, Intended behavior: FAILURE, when executed after: [randoop.jodatime.RandoopTest4.test221], The revealed different behavior: PASS, when executed after: [], Test: randoop.jodatime.RandoopTest4.test221, Intended behavior: FAILURE, when executed after: [randoop.jodatime.RandoopTest4.test13], The revealed different behavior: PASS, when executed after: [], Test: randoop.jodatime.RandoopTest4.test401, Intended behavior: FAILURE, when executed after: [randoop.jodatime.RandoopTest4.test259], The revealed different behavior: PASS, when executed after: [], Test: randoop.jodatime.RandoopTest4.test434, Intended behavior: FAILURE, when executed after: [randoop.jodatime.RandoopTest4.test401], The revealed different behavior: PASS, when executed after: [], Test: randoop.jodatime.RandoopTest4.test13, Intended behavior: FAILURE, when executed after: [randoop.jodatime.RandoopTest3.test496], The revealed different behavior: PASS, when executed after: [], Test: randoop.jodatime.RandoopTest2.test212, Intended behavior: FAILURE, when executed after: [randoop.jodatime.RandoopTest2.test77], The revealed different behavior: PASS, when executed after: [], Test: randoop.jodatime.RandoopTest2.test376, Intended behavior: FAILURE, when executed after: [randoop.jodatime.RandoopTest2.test254], The revealed different behavior: PASS, when executed after: []]
--------------------------
Execution time of TLG and its time to find/nullify any DTs for 1 machine (does not include the time to run the tests in the new order): 2.053
Number of tests selected out of total in original order: 143 / 2211
Number of DTs not fixed: 0
Number of DTs fixed: 0
Execution time for executing the following testing order: 1.631

Test order list:
[randoop.jodatime.RandoopTest0.test322, randoop.jodatime.RandoopTest0.test323, randoop.jodatime.RandoopTest0.test324, randoop.jodatime.RandoopTest0.test135, randoop.jodatime.RandoopTest0.test165, randoop.jodatime.RandoopTest0.test192, randoop.jodatime.RandoopTest0.test196, randoop.jodatime.RandoopTest0.test325, randoop.jodatime.RandoopTest0.test326, randoop.jodatime.RandoopTest0.test327, randoop.jodatime.RandoopTest0.test328, randoop.jodatime.RandoopTest0.test329, randoop.jodatime.RandoopTest0.test330, randoop.jodatime.RandoopTest0.test331, randoop.jodatime.RandoopTest0.test332, randoop.jodatime.RandoopTest0.test333, randoop.jodatime.RandoopTest0.test334, randoop.jodatime.RandoopTest0.test335, randoop.jodatime.RandoopTest0.test337, randoop.jodatime.RandoopTest0.test338, randoop.jodatime.RandoopTest0.test339, randoop.jodatime.RandoopTest0.test342, randoop.jodatime.RandoopTest0.test343, randoop.jodatime.RandoopTest0.test344, randoop.jodatime.RandoopTest0.test346, randoop.jodatime.RandoopTest0.test347, randoop.jodatime.RandoopTest0.test348, randoop.jodatime.RandoopTest0.test349, randoop.jodatime.RandoopTest0.test350, randoop.jodatime.RandoopTest0.test351, randoop.jodatime.RandoopTest0.test352, randoop.jodatime.RandoopTest0.test353, randoop.jodatime.RandoopTest0.test354, randoop.jodatime.RandoopTest0.test356, randoop.jodatime.RandoopTest0.test357, randoop.jodatime.RandoopTest0.test358, randoop.jodatime.RandoopTest0.test359, randoop.jodatime.RandoopTest0.test360, randoop.jodatime.RandoopTest0.test361, randoop.jodatime.RandoopTest0.test363, randoop.jodatime.RandoopTest0.test364, randoop.jodatime.RandoopTest0.test365, randoop.jodatime.RandoopTest0.test367, randoop.jodatime.RandoopTest0.test368, randoop.jodatime.RandoopTest0.test369, randoop.jodatime.RandoopTest0.test370, randoop.jodatime.RandoopTest0.test371, randoop.jodatime.RandoopTest0.test372, randoop.jodatime.RandoopTest0.test376, randoop.jodatime.RandoopTest0.test378, randoop.jodatime.RandoopTest0.test381, randoop.jodatime.RandoopTest0.test382, randoop.jodatime.RandoopTest0.test383, randoop.jodatime.RandoopTest0.test384, randoop.jodatime.RandoopTest0.test385, randoop.jodatime.RandoopTest0.test386, randoop.jodatime.RandoopTest0.test387, randoop.jodatime.RandoopTest0.test388, randoop.jodatime.RandoopTest0.test389, randoop.jodatime.RandoopTest0.test390, randoop.jodatime.RandoopTest0.test391, randoop.jodatime.RandoopTest0.test394, randoop.jodatime.RandoopTest0.test395, randoop.jodatime.RandoopTest0.test396, randoop.jodatime.RandoopTest0.test397, randoop.jodatime.RandoopTest0.test399, randoop.jodatime.RandoopTest0.test400, randoop.jodatime.RandoopTest0.test401, randoop.jodatime.RandoopTest0.test402, randoop.jodatime.RandoopTest0.test403, randoop.jodatime.RandoopTest0.test404, randoop.jodatime.RandoopTest0.test406, randoop.jodatime.RandoopTest0.test407, randoop.jodatime.RandoopTest0.test408, randoop.jodatime.RandoopTest0.test409, randoop.jodatime.RandoopTest0.test410, randoop.jodatime.RandoopTest0.test411, randoop.jodatime.RandoopTest0.test412, randoop.jodatime.RandoopTest0.test413, randoop.jodatime.RandoopTest0.test414, randoop.jodatime.RandoopTest0.test415, randoop.jodatime.RandoopTest0.test416, randoop.jodatime.RandoopTest0.test417, randoop.jodatime.RandoopTest0.test418, randoop.jodatime.RandoopTest0.test419, randoop.jodatime.RandoopTest0.test420, randoop.jodatime.RandoopTest0.test421, randoop.jodatime.RandoopTest0.test423, randoop.jodatime.RandoopTest0.test424, randoop.jodatime.RandoopTest0.test427, randoop.jodatime.RandoopTest0.test429, randoop.jodatime.RandoopTest0.test430, randoop.jodatime.RandoopTest0.test431, randoop.jodatime.RandoopTest0.test432, randoop.jodatime.RandoopTest0.test433, randoop.jodatime.RandoopTest0.test434, randoop.jodatime.RandoopTest0.test435, randoop.jodatime.RandoopTest0.test436, randoop.jodatime.RandoopTest0.test437, randoop.jodatime.RandoopTest0.test439, randoop.jodatime.RandoopTest0.test441, randoop.jodatime.RandoopTest0.test442, randoop.jodatime.RandoopTest0.test443, randoop.jodatime.RandoopTest0.test444, randoop.jodatime.RandoopTest0.test445, randoop.jodatime.RandoopTest0.test446, randoop.jodatime.RandoopTest0.test447, randoop.jodatime.RandoopTest0.test448, randoop.jodatime.RandoopTest0.test450, randoop.jodatime.RandoopTest0.test451, randoop.jodatime.RandoopTest0.test452, randoop.jodatime.RandoopTest0.test453, randoop.jodatime.RandoopTest0.test454, randoop.jodatime.RandoopTest0.test456, randoop.jodatime.RandoopTest0.test459, randoop.jodatime.RandoopTest0.test462, randoop.jodatime.RandoopTest0.test463, randoop.jodatime.RandoopTest0.test465, randoop.jodatime.RandoopTest0.test467, randoop.jodatime.RandoopTest0.test468, randoop.jodatime.RandoopTest0.test469, randoop.jodatime.RandoopTest0.test470, randoop.jodatime.RandoopTest0.test471, randoop.jodatime.RandoopTest0.test472, randoop.jodatime.RandoopTest0.test473, randoop.jodatime.RandoopTest0.test474, randoop.jodatime.RandoopTest0.test475, randoop.jodatime.RandoopTest0.test476, randoop.jodatime.RandoopTest0.test478, randoop.jodatime.RandoopTest0.test479, randoop.jodatime.RandoopTest0.test480, randoop.jodatime.RandoopTest0.test482, randoop.jodatime.RandoopTest0.test483, randoop.jodatime.RandoopTest0.test484, randoop.jodatime.RandoopTest0.test485, randoop.jodatime.RandoopTest0.test486, randoop.jodatime.RandoopTest0.test487, randoop.jodatime.RandoopTest0.test488, randoop.jodatime.RandoopTest0.test489, randoop.jodatime.RandoopTest0.test490, randoop.jodatime.RandoopTest0.test491, randoop.jodatime.RandoopTest0.test492, randoop.jodatime.RandoopTest0.test495]

Time each test takes to run in the new order:
[138701844, 40269718, 18684308, 34880499, 42642510, 35327439, 20314321, 21879573, 10700932, 25492712, 9472888, 16989361, 5857711, 7070340, 8770515, 15446576, 16833687, 15074251, 20008969, 11691635, 22563743, 22735001, 13451628, 21216466, 13254060, 23448707, 7119904, 27213681, 32369387, 24977120, 21600954, 22201586, 24175637, 16218594, 27344283, 3592931, 20723133, 3422184, 20620805, 7606945, 12983208, 11738575, 14427871, 11551263, 10628187, 15919651, 11715347, 11766721, 13119616, 11480823, 11333822, 13031310, 7023485, 12007583, 12310716, 11398982, 2739455, 13979860, 10838721, 2561087, 17285134, 2507215, 14255617, 7425698, 8310825, 2346963, 10506716, 2165838, 10805196, 8840948, 9306470, 11794137, 2463151, 12889172, 2405762, 13772073, 2413786, 10251335, 2131194, 10298388, 2214249, 10451857, 8832775, 2404731, 9037783, 12264985, 11455817, 7156934, 2274622, 16730553, 2079684, 10040184, 2024184, 10362764, 1974761, 10207411, 2997092, 8436165, 2217071, 9995807, 2009784, 9967921, 1898745, 10638240, 1929207, 9955335, 1841142, 10685396, 6308976, 1852046, 1946716, 1899438, 9386341, 1898562, 12150631, 1710996, 9762996, 1753849, 9501788, 3047624, 8441919, 1786515, 1716990, 10041699, 1706051, 9623371, 1872477, 7375947, 1872052, 8376741, 2582673, 1864808, 1660331, 4792403, 1842191, 1651497, 9665741, 1778921, 1891855, 5752061, 1676723, 6856162, 6111948]

Dependent test list:
[Test: randoop.jodatime.RandoopTest0.test196, Intended behavior: FAILURE, when executed after: [randoop.jodatime.RandoopTest0.test192], The revealed different behavior: PASS, when executed after: [], Test: randoop.jodatime.RandoopTest0.test192, Intended behavior: FAILURE, when executed after: [randoop.jodatime.RandoopTest0.test165], The revealed different behavior: PASS, when executed after: [], Test: randoop.jodatime.RandoopTest0.test165, Intended behavior: FAILURE, when executed after: [randoop.jodatime.RandoopTest0.test135], The revealed different behavior: PASS, when executed after: [], Test: randoop.jodatime.RandoopTest0.test360, Intended behavior: FAILURE, when executed after: [randoop.jodatime.RandoopTest0.test338], The revealed different behavior: PASS, when executed after: [], Test: randoop.jodatime.RandoopTest0.test338, Intended behavior: FAILURE, when executed after: [randoop.jodatime.RandoopTest0.test325], The revealed different behavior: PASS, when executed after: [], Test: randoop.jodatime.RandoopTest0.test325, Intended behavior: FAILURE, when executed after: [randoop.jodatime.RandoopTest0.test196], The revealed different behavior: PASS, when executed after: [], Test: randoop.jodatime.RandoopTest1.test235, Intended behavior: FAILURE, when executed after: [randoop.jodatime.RandoopTest1.test181], The revealed different behavior: PASS, when executed after: [], Test: randoop.jodatime.RandoopTest1.test181, Intended behavior: FAILURE, when executed after: [randoop.jodatime.RandoopTest0.test498], The revealed different behavior: PASS, when executed after: [], Test: randoop.jodatime.RandoopTest2.test36, Intended behavior: FAILURE, when executed after: [randoop.jodatime.RandoopTest2.test21], The revealed different behavior: PASS, when executed after: [], Test: randoop.jodatime.RandoopTest2.test77, Intended behavior: FAILURE, when executed after: [randoop.jodatime.RandoopTest1.test467], The revealed different behavior: PASS, when executed after: [], Test: randoop.jodatime.RandoopTest2.test21, Intended behavior: FAILURE, when executed after: [randoop.jodatime.RandoopTest1.test235], The revealed different behavior: PASS, when executed after: [], Test: randoop.jodatime.RandoopTest2.test254, Intended behavior: FAILURE, when executed after: [randoop.jodatime.RandoopTest2.test212], The revealed different behavior: PASS, when executed after: [], Test: randoop.jodatime.RandoopTest2.test243, Intended behavior: FAILURE, when executed after: [randoop.jodatime.RandoopTest2.test36], The revealed different behavior: PASS, when executed after: [], Test: randoop.jodatime.RandoopTest2.test490, Intended behavior: FAILURE, when executed after: [randoop.jodatime.RandoopTest2.test487], The revealed different behavior: PASS, when executed after: [], Test: randoop.jodatime.RandoopTest2.test487, Intended behavior: FAILURE, when executed after: [randoop.jodatime.RandoopTest2.test356], The revealed different behavior: PASS, when executed after: [], Test: randoop.jodatime.RandoopTest2.test356, Intended behavior: FAILURE, when executed after: [randoop.jodatime.RandoopTest2.test243], The revealed different behavior: PASS, when executed after: [], Test: randoop.jodatime.RandoopTest2.test474, Intended behavior: FAILURE, when executed after: [randoop.jodatime.RandoopTest2.test376], The revealed different behavior: PASS, when executed after: [], Test: randoop.jodatime.RandoopTest2.test493, Intended behavior: FAILURE, when executed after: [randoop.jodatime.RandoopTest2.test490], The revealed different behavior: PASS, when executed after: [], Test: randoop.jodatime.RandoopTest3.test195, Intended behavior: FAILURE, when executed after: [randoop.jodatime.RandoopTest3.test193], The revealed different behavior: PASS, when executed after: [], Test: randoop.jodatime.RandoopTest3.test193, Intended behavior: FAILURE, when executed after: [randoop.jodatime.RandoopTest3.test189], The revealed different behavior: PASS, when executed after: [], Test: randoop.jodatime.RandoopTest3.test189, Intended behavior: FAILURE, when executed after: [randoop.jodatime.RandoopTest3.test185], The revealed different behavior: PASS, when executed after: [], Test: randoop.jodatime.RandoopTest3.test185, Intended behavior: FAILURE, when executed after: [randoop.jodatime.RandoopTest3.test161], The revealed different behavior: PASS, when executed after: [], Test: randoop.jodatime.RandoopTest3.test161, Intended behavior: FAILURE, when executed after: [randoop.jodatime.RandoopTest2.test493], The revealed different behavior: PASS, when executed after: [], Test: randoop.jodatime.RandoopTest3.test389, Intended behavior: FAILURE, when executed after: [randoop.jodatime.RandoopTest3.test383], The revealed different behavior: PASS, when executed after: [], Test: randoop.jodatime.RandoopTest3.test383, Intended behavior: FAILURE, when executed after: [randoop.jodatime.RandoopTest3.test347], The revealed different behavior: PASS, when executed after: [], Test: randoop.jodatime.RandoopTest3.test347, Intended behavior: FAILURE, when executed after: [randoop.jodatime.RandoopTest3.test345], The revealed different behavior: PASS, when executed after: [], Test: randoop.jodatime.RandoopTest3.test345, Intended behavior: FAILURE, when executed after: [randoop.jodatime.RandoopTest3.test316], The revealed different behavior: PASS, when executed after: [], Test: randoop.jodatime.RandoopTest3.test316, Intended behavior: FAILURE, when executed after: [randoop.jodatime.RandoopTest3.test315], The revealed different behavior: PASS, when executed after: [], Test: randoop.jodatime.RandoopTest3.test315, Intended behavior: FAILURE, when executed after: [randoop.jodatime.RandoopTest3.test195], The revealed different behavior: PASS, when executed after: [], Test: randoop.jodatime.RandoopTest3.test496, Intended behavior: FAILURE, when executed after: [randoop.jodatime.RandoopTest3.test467], The revealed different behavior: PASS, when executed after: [], Test: randoop.jodatime.RandoopTest3.test467, Intended behavior: FAILURE, when executed after: [randoop.jodatime.RandoopTest3.test389], The revealed different behavior: PASS, when executed after: [], Test: randoop.jodatime.RandoopTest4.test259, Intended behavior: FAILURE, when executed after: [randoop.jodatime.RandoopTest4.test221], The revealed different behavior: PASS, when executed after: [], Test: randoop.jodatime.RandoopTest4.test221, Intended behavior: FAILURE, when executed after: [randoop.jodatime.RandoopTest4.test13], The revealed different behavior: PASS, when executed after: [], Test: randoop.jodatime.RandoopTest4.test401, Intended behavior: FAILURE, when executed after: [randoop.jodatime.RandoopTest4.test259], The revealed different behavior: PASS, when executed after: [], Test: randoop.jodatime.RandoopTest4.test434, Intended behavior: FAILURE, when executed after: [randoop.jodatime.RandoopTest4.test401], The revealed different behavior: PASS, when executed after: [], Test: randoop.jodatime.RandoopTest4.test13, Intended behavior: FAILURE, when executed after: [randoop.jodatime.RandoopTest3.test496], The revealed different behavior: PASS, when executed after: [], Test: randoop.jodatime.RandoopTest2.test212, Intended behavior: FAILURE, when executed after: [randoop.jodatime.RandoopTest2.test77], The revealed different behavior: PASS, when executed after: [], Test: randoop.jodatime.RandoopTest2.test376, Intended behavior: FAILURE, when executed after: [randoop.jodatime.RandoopTest2.test254], The revealed different behavior: PASS, when executed after: []]
--------------------------
Execution time of TLG and its time to find/nullify any DTs for 1 machine (does not include the time to run the tests in the new order): 1.181
Number of tests selected out of total in original order: 138 / 2211
Number of DTs not fixed: 0
Number of DTs fixed: 0
Execution time for executing the following testing order: 1.034

Test order list:
[randoop.jodatime.RandoopTest0.test496, randoop.jodatime.RandoopTest0.test497, randoop.jodatime.RandoopTest0.test498, randoop.jodatime.RandoopTest0.test499, randoop.jodatime.RandoopTest0.test500, randoop.jodatime.RandoopTest1.test1, randoop.jodatime.RandoopTest1.test3, randoop.jodatime.RandoopTest1.test4, randoop.jodatime.RandoopTest1.test5, randoop.jodatime.RandoopTest1.test7, randoop.jodatime.RandoopTest1.test8, randoop.jodatime.RandoopTest1.test9, randoop.jodatime.RandoopTest1.test10, randoop.jodatime.RandoopTest1.test11, randoop.jodatime.RandoopTest1.test12, randoop.jodatime.RandoopTest1.test13, randoop.jodatime.RandoopTest1.test14, randoop.jodatime.RandoopTest1.test15, randoop.jodatime.RandoopTest1.test16, randoop.jodatime.RandoopTest1.test17, randoop.jodatime.RandoopTest1.test18, randoop.jodatime.RandoopTest1.test19, randoop.jodatime.RandoopTest1.test20, randoop.jodatime.RandoopTest1.test21, randoop.jodatime.RandoopTest1.test22, randoop.jodatime.RandoopTest1.test23, randoop.jodatime.RandoopTest1.test24, randoop.jodatime.RandoopTest1.test25, randoop.jodatime.RandoopTest1.test26, randoop.jodatime.RandoopTest1.test28, randoop.jodatime.RandoopTest1.test30, randoop.jodatime.RandoopTest1.test32, randoop.jodatime.RandoopTest1.test36, randoop.jodatime.RandoopTest1.test37, randoop.jodatime.RandoopTest1.test38, randoop.jodatime.RandoopTest1.test39, randoop.jodatime.RandoopTest1.test40, randoop.jodatime.RandoopTest1.test41, randoop.jodatime.RandoopTest1.test42, randoop.jodatime.RandoopTest1.test43, randoop.jodatime.RandoopTest1.test44, randoop.jodatime.RandoopTest1.test46, randoop.jodatime.RandoopTest1.test47, randoop.jodatime.RandoopTest1.test49, randoop.jodatime.RandoopTest1.test50, randoop.jodatime.RandoopTest1.test51, randoop.jodatime.RandoopTest1.test52, randoop.jodatime.RandoopTest1.test53, randoop.jodatime.RandoopTest1.test55, randoop.jodatime.RandoopTest1.test56, randoop.jodatime.RandoopTest1.test57, randoop.jodatime.RandoopTest1.test58, randoop.jodatime.RandoopTest1.test59, randoop.jodatime.RandoopTest1.test60, randoop.jodatime.RandoopTest1.test62, randoop.jodatime.RandoopTest1.test63, randoop.jodatime.RandoopTest1.test64, randoop.jodatime.RandoopTest1.test67, randoop.jodatime.RandoopTest1.test69, randoop.jodatime.RandoopTest1.test70, randoop.jodatime.RandoopTest1.test71, randoop.jodatime.RandoopTest1.test74, randoop.jodatime.RandoopTest1.test76, randoop.jodatime.RandoopTest1.test77, randoop.jodatime.RandoopTest1.test78, randoop.jodatime.RandoopTest1.test82, randoop.jodatime.RandoopTest1.test83, randoop.jodatime.RandoopTest1.test84, randoop.jodatime.RandoopTest1.test85, randoop.jodatime.RandoopTest1.test86, randoop.jodatime.RandoopTest1.test88, randoop.jodatime.RandoopTest1.test90, randoop.jodatime.RandoopTest1.test91, randoop.jodatime.RandoopTest1.test92, randoop.jodatime.RandoopTest1.test93, randoop.jodatime.RandoopTest1.test94, randoop.jodatime.RandoopTest1.test96, randoop.jodatime.RandoopTest1.test97, randoop.jodatime.RandoopTest1.test98, randoop.jodatime.RandoopTest1.test99, randoop.jodatime.RandoopTest1.test101, randoop.jodatime.RandoopTest1.test102, randoop.jodatime.RandoopTest1.test103, randoop.jodatime.RandoopTest1.test104, randoop.jodatime.RandoopTest1.test105, randoop.jodatime.RandoopTest1.test106, randoop.jodatime.RandoopTest1.test107, randoop.jodatime.RandoopTest1.test108, randoop.jodatime.RandoopTest1.test109, randoop.jodatime.RandoopTest1.test110, randoop.jodatime.RandoopTest1.test111, randoop.jodatime.RandoopTest1.test112, randoop.jodatime.RandoopTest1.test113, randoop.jodatime.RandoopTest1.test114, randoop.jodatime.RandoopTest1.test117, randoop.jodatime.RandoopTest1.test119, randoop.jodatime.RandoopTest1.test120, randoop.jodatime.RandoopTest1.test121, randoop.jodatime.RandoopTest1.test122, randoop.jodatime.RandoopTest1.test124, randoop.jodatime.RandoopTest1.test125, randoop.jodatime.RandoopTest1.test126, randoop.jodatime.RandoopTest1.test128, randoop.jodatime.RandoopTest1.test130, randoop.jodatime.RandoopTest1.test131, randoop.jodatime.RandoopTest1.test133, randoop.jodatime.RandoopTest1.test134, randoop.jodatime.RandoopTest1.test135, randoop.jodatime.RandoopTest1.test136, randoop.jodatime.RandoopTest1.test137, randoop.jodatime.RandoopTest1.test138, randoop.jodatime.RandoopTest1.test139, randoop.jodatime.RandoopTest1.test140, randoop.jodatime.RandoopTest1.test142, randoop.jodatime.RandoopTest1.test143, randoop.jodatime.RandoopTest1.test144, randoop.jodatime.RandoopTest1.test145, randoop.jodatime.RandoopTest1.test146, randoop.jodatime.RandoopTest1.test147, randoop.jodatime.RandoopTest1.test149, randoop.jodatime.RandoopTest1.test150, randoop.jodatime.RandoopTest1.test151, randoop.jodatime.RandoopTest1.test152, randoop.jodatime.RandoopTest1.test154, randoop.jodatime.RandoopTest1.test155, randoop.jodatime.RandoopTest1.test156, randoop.jodatime.RandoopTest1.test157, randoop.jodatime.RandoopTest1.test158, randoop.jodatime.RandoopTest1.test159, randoop.jodatime.RandoopTest1.test160, randoop.jodatime.RandoopTest1.test161, randoop.jodatime.RandoopTest1.test162, randoop.jodatime.RandoopTest1.test163, randoop.jodatime.RandoopTest1.test164, randoop.jodatime.RandoopTest1.test165, randoop.jodatime.RandoopTest1.test166, randoop.jodatime.RandoopTest1.test167, randoop.jodatime.RandoopTest1.test168]

Time each test takes to run in the new order:
[126817290, 44301456, 27091761, 43205279, 52779969, 12084406, 24212479, 20843222, 17816802, 13530157, 22051196, 13300975, 6975766, 5991878, 6725355, 6523177, 10516147, 5752786, 25069723, 15827474, 16664896, 7247480, 11241488, 10260197, 11846678, 11501019, 17149342, 14562648, 3148067, 15395313, 3055303, 10897693, 7109108, 10707504, 11741863, 17062489, 2354545, 5726890, 14517969, 3396415, 5694146, 2514447, 18303285, 10545546, 2057199, 10132888, 2338406, 13252005, 11808095, 2559326, 3167531, 14329894, 2641820, 13686178, 2630678, 8775472, 2271250, 14163089, 2229935, 9951983, 2294528, 6360273, 2340573, 7494387, 2116531, 2229556, 1913468, 2052125, 1995411, 1832487, 1950185, 1810265, 2759821, 1962720, 1733269, 2274796, 1979957, 2086673, 2035067, 2150935, 1842898, 1795439, 1881365, 2635888, 1796262, 1888679, 1888896, 4864247, 1943713, 2111385, 1737317, 1750346, 1755567, 2098098, 2660175, 1940834, 1739504, 1890257, 1814664, 1873581, 1741261, 1805857, 2029250, 1802412, 1771304, 3194066, 1762132, 1763158, 1814636, 1851292, 1848119, 1713507, 1727747, 1771352, 1742878, 1910429, 2991721, 2747670, 1981017, 3653256, 2122544, 3034610, 2238162, 2353951, 2409900, 1970563, 2150359, 1883788, 2630914, 2052500, 2434232, 2013101, 1832491, 1769300, 1732253, 2429770, 1762905, 1837186]

Dependent test list:
[Test: randoop.jodatime.RandoopTest0.test196, Intended behavior: FAILURE, when executed after: [randoop.jodatime.RandoopTest0.test192], The revealed different behavior: PASS, when executed after: [], Test: randoop.jodatime.RandoopTest0.test192, Intended behavior: FAILURE, when executed after: [randoop.jodatime.RandoopTest0.test165], The revealed different behavior: PASS, when executed after: [], Test: randoop.jodatime.RandoopTest0.test165, Intended behavior: FAILURE, when executed after: [randoop.jodatime.RandoopTest0.test135], The revealed different behavior: PASS, when executed after: [], Test: randoop.jodatime.RandoopTest0.test360, Intended behavior: FAILURE, when executed after: [randoop.jodatime.RandoopTest0.test338], The revealed different behavior: PASS, when executed after: [], Test: randoop.jodatime.RandoopTest0.test338, Intended behavior: FAILURE, when executed after: [randoop.jodatime.RandoopTest0.test325], The revealed different behavior: PASS, when executed after: [], Test: randoop.jodatime.RandoopTest0.test325, Intended behavior: FAILURE, when executed after: [randoop.jodatime.RandoopTest0.test196], The revealed different behavior: PASS, when executed after: [], Test: randoop.jodatime.RandoopTest1.test235, Intended behavior: FAILURE, when executed after: [randoop.jodatime.RandoopTest1.test181], The revealed different behavior: PASS, when executed after: [], Test: randoop.jodatime.RandoopTest1.test181, Intended behavior: FAILURE, when executed after: [randoop.jodatime.RandoopTest0.test498], The revealed different behavior: PASS, when executed after: [], Test: randoop.jodatime.RandoopTest2.test36, Intended behavior: FAILURE, when executed after: [randoop.jodatime.RandoopTest2.test21], The revealed different behavior: PASS, when executed after: [], Test: randoop.jodatime.RandoopTest2.test77, Intended behavior: FAILURE, when executed after: [randoop.jodatime.RandoopTest1.test467], The revealed different behavior: PASS, when executed after: [], Test: randoop.jodatime.RandoopTest2.test21, Intended behavior: FAILURE, when executed after: [randoop.jodatime.RandoopTest1.test235], The revealed different behavior: PASS, when executed after: [], Test: randoop.jodatime.RandoopTest2.test254, Intended behavior: FAILURE, when executed after: [randoop.jodatime.RandoopTest2.test212], The revealed different behavior: PASS, when executed after: [], Test: randoop.jodatime.RandoopTest2.test243, Intended behavior: FAILURE, when executed after: [randoop.jodatime.RandoopTest2.test36], The revealed different behavior: PASS, when executed after: [], Test: randoop.jodatime.RandoopTest2.test490, Intended behavior: FAILURE, when executed after: [randoop.jodatime.RandoopTest2.test487], The revealed different behavior: PASS, when executed after: [], Test: randoop.jodatime.RandoopTest2.test487, Intended behavior: FAILURE, when executed after: [randoop.jodatime.RandoopTest2.test356], The revealed different behavior: PASS, when executed after: [], Test: randoop.jodatime.RandoopTest2.test356, Intended behavior: FAILURE, when executed after: [randoop.jodatime.RandoopTest2.test243], The revealed different behavior: PASS, when executed after: [], Test: randoop.jodatime.RandoopTest2.test474, Intended behavior: FAILURE, when executed after: [randoop.jodatime.RandoopTest2.test376], The revealed different behavior: PASS, when executed after: [], Test: randoop.jodatime.RandoopTest2.test493, Intended behavior: FAILURE, when executed after: [randoop.jodatime.RandoopTest2.test490], The revealed different behavior: PASS, when executed after: [], Test: randoop.jodatime.RandoopTest3.test195, Intended behavior: FAILURE, when executed after: [randoop.jodatime.RandoopTest3.test193], The revealed different behavior: PASS, when executed after: [], Test: randoop.jodatime.RandoopTest3.test193, Intended behavior: FAILURE, when executed after: [randoop.jodatime.RandoopTest3.test189], The revealed different behavior: PASS, when executed after: [], Test: randoop.jodatime.RandoopTest3.test189, Intended behavior: FAILURE, when executed after: [randoop.jodatime.RandoopTest3.test185], The revealed different behavior: PASS, when executed after: [], Test: randoop.jodatime.RandoopTest3.test185, Intended behavior: FAILURE, when executed after: [randoop.jodatime.RandoopTest3.test161], The revealed different behavior: PASS, when executed after: [], Test: randoop.jodatime.RandoopTest3.test161, Intended behavior: FAILURE, when executed after: [randoop.jodatime.RandoopTest2.test493], The revealed different behavior: PASS, when executed after: [], Test: randoop.jodatime.RandoopTest3.test389, Intended behavior: FAILURE, when executed after: [randoop.jodatime.RandoopTest3.test383], The revealed different behavior: PASS, when executed after: [], Test: randoop.jodatime.RandoopTest3.test383, Intended behavior: FAILURE, when executed after: [randoop.jodatime.RandoopTest3.test347], The revealed different behavior: PASS, when executed after: [], Test: randoop.jodatime.RandoopTest3.test347, Intended behavior: FAILURE, when executed after: [randoop.jodatime.RandoopTest3.test345], The revealed different behavior: PASS, when executed after: [], Test: randoop.jodatime.RandoopTest3.test345, Intended behavior: FAILURE, when executed after: [randoop.jodatime.RandoopTest3.test316], The revealed different behavior: PASS, when executed after: [], Test: randoop.jodatime.RandoopTest3.test316, Intended behavior: FAILURE, when executed after: [randoop.jodatime.RandoopTest3.test315], The revealed different behavior: PASS, when executed after: [], Test: randoop.jodatime.RandoopTest3.test315, Intended behavior: FAILURE, when executed after: [randoop.jodatime.RandoopTest3.test195], The revealed different behavior: PASS, when executed after: [], Test: randoop.jodatime.RandoopTest3.test496, Intended behavior: FAILURE, when executed after: [randoop.jodatime.RandoopTest3.test467], The revealed different behavior: PASS, when executed after: [], Test: randoop.jodatime.RandoopTest3.test467, Intended behavior: FAILURE, when executed after: [randoop.jodatime.RandoopTest3.test389], The revealed different behavior: PASS, when executed after: [], Test: randoop.jodatime.RandoopTest4.test259, Intended behavior: FAILURE, when executed after: [randoop.jodatime.RandoopTest4.test221], The revealed different behavior: PASS, when executed after: [], Test: randoop.jodatime.RandoopTest4.test221, Intended behavior: FAILURE, when executed after: [randoop.jodatime.RandoopTest4.test13], The revealed different behavior: PASS, when executed after: [], Test: randoop.jodatime.RandoopTest4.test401, Intended behavior: FAILURE, when executed after: [randoop.jodatime.RandoopTest4.test259], The revealed different behavior: PASS, when executed after: [], Test: randoop.jodatime.RandoopTest4.test434, Intended behavior: FAILURE, when executed after: [randoop.jodatime.RandoopTest4.test401], The revealed different behavior: PASS, when executed after: [], Test: randoop.jodatime.RandoopTest4.test13, Intended behavior: FAILURE, when executed after: [randoop.jodatime.RandoopTest3.test496], The revealed different behavior: PASS, when executed after: [], Test: randoop.jodatime.RandoopTest2.test212, Intended behavior: FAILURE, when executed after: [randoop.jodatime.RandoopTest2.test77], The revealed different behavior: PASS, when executed after: [], Test: randoop.jodatime.RandoopTest2.test376, Intended behavior: FAILURE, when executed after: [randoop.jodatime.RandoopTest2.test254], The revealed different behavior: PASS, when executed after: []]
--------------------------
Execution time of TLG and its time to find/nullify any DTs for 1 machine (does not include the time to run the tests in the new order): 1.230
Number of tests selected out of total in original order: 139 / 2211
Number of DTs not fixed: 0
Number of DTs fixed: 0
Execution time for executing the following testing order: 1.065

Test order list:
[randoop.jodatime.RandoopTest1.test169, randoop.jodatime.RandoopTest1.test170, randoop.jodatime.RandoopTest1.test171, randoop.jodatime.RandoopTest1.test172, randoop.jodatime.RandoopTest1.test173, randoop.jodatime.RandoopTest1.test174, randoop.jodatime.RandoopTest1.test175, randoop.jodatime.RandoopTest1.test176, randoop.jodatime.RandoopTest1.test177, randoop.jodatime.RandoopTest1.test178, randoop.jodatime.RandoopTest1.test179, randoop.jodatime.RandoopTest1.test180, randoop.jodatime.RandoopTest0.test498, randoop.jodatime.RandoopTest1.test181, randoop.jodatime.RandoopTest1.test182, randoop.jodatime.RandoopTest1.test183, randoop.jodatime.RandoopTest1.test184, randoop.jodatime.RandoopTest1.test185, randoop.jodatime.RandoopTest1.test186, randoop.jodatime.RandoopTest1.test187, randoop.jodatime.RandoopTest1.test190, randoop.jodatime.RandoopTest1.test193, randoop.jodatime.RandoopTest1.test196, randoop.jodatime.RandoopTest1.test198, randoop.jodatime.RandoopTest1.test199, randoop.jodatime.RandoopTest1.test200, randoop.jodatime.RandoopTest1.test201, randoop.jodatime.RandoopTest1.test202, randoop.jodatime.RandoopTest1.test203, randoop.jodatime.RandoopTest1.test204, randoop.jodatime.RandoopTest1.test205, randoop.jodatime.RandoopTest1.test206, randoop.jodatime.RandoopTest1.test207, randoop.jodatime.RandoopTest1.test208, randoop.jodatime.RandoopTest1.test210, randoop.jodatime.RandoopTest1.test211, randoop.jodatime.RandoopTest1.test212, randoop.jodatime.RandoopTest1.test213, randoop.jodatime.RandoopTest1.test214, randoop.jodatime.RandoopTest1.test215, randoop.jodatime.RandoopTest1.test216, randoop.jodatime.RandoopTest1.test217, randoop.jodatime.RandoopTest1.test218, randoop.jodatime.RandoopTest1.test219, randoop.jodatime.RandoopTest1.test220, randoop.jodatime.RandoopTest1.test221, randoop.jodatime.RandoopTest1.test222, randoop.jodatime.RandoopTest1.test223, randoop.jodatime.RandoopTest1.test224, randoop.jodatime.RandoopTest1.test225, randoop.jodatime.RandoopTest1.test226, randoop.jodatime.RandoopTest1.test228, randoop.jodatime.RandoopTest1.test229, randoop.jodatime.RandoopTest1.test230, randoop.jodatime.RandoopTest1.test231, randoop.jodatime.RandoopTest1.test232, randoop.jodatime.RandoopTest1.test233, randoop.jodatime.RandoopTest1.test234, randoop.jodatime.RandoopTest1.test235, randoop.jodatime.RandoopTest1.test236, randoop.jodatime.RandoopTest1.test237, randoop.jodatime.RandoopTest1.test238, randoop.jodatime.RandoopTest1.test239, randoop.jodatime.RandoopTest1.test240, randoop.jodatime.RandoopTest1.test241, randoop.jodatime.RandoopTest1.test242, randoop.jodatime.RandoopTest1.test244, randoop.jodatime.RandoopTest1.test245, randoop.jodatime.RandoopTest1.test246, randoop.jodatime.RandoopTest1.test247, randoop.jodatime.RandoopTest1.test248, randoop.jodatime.RandoopTest1.test249, randoop.jodatime.RandoopTest1.test250, randoop.jodatime.RandoopTest1.test251, randoop.jodatime.RandoopTest1.test252, randoop.jodatime.RandoopTest1.test253, randoop.jodatime.RandoopTest1.test254, randoop.jodatime.RandoopTest1.test255, randoop.jodatime.RandoopTest1.test256, randoop.jodatime.RandoopTest1.test257, randoop.jodatime.RandoopTest1.test258, randoop.jodatime.RandoopTest1.test259, randoop.jodatime.RandoopTest1.test260, randoop.jodatime.RandoopTest1.test262, randoop.jodatime.RandoopTest1.test263, randoop.jodatime.RandoopTest1.test264, randoop.jodatime.RandoopTest1.test265, randoop.jodatime.RandoopTest1.test266, randoop.jodatime.RandoopTest1.test267, randoop.jodatime.RandoopTest1.test268, randoop.jodatime.RandoopTest1.test269, randoop.jodatime.RandoopTest1.test271, randoop.jodatime.RandoopTest1.test272, randoop.jodatime.RandoopTest1.test274, randoop.jodatime.RandoopTest1.test276, randoop.jodatime.RandoopTest1.test277, randoop.jodatime.RandoopTest1.test278, randoop.jodatime.RandoopTest1.test279, randoop.jodatime.RandoopTest1.test280, randoop.jodatime.RandoopTest1.test281, randoop.jodatime.RandoopTest1.test282, randoop.jodatime.RandoopTest1.test283, randoop.jodatime.RandoopTest1.test284, randoop.jodatime.RandoopTest1.test286, randoop.jodatime.RandoopTest1.test287, randoop.jodatime.RandoopTest1.test289, randoop.jodatime.RandoopTest1.test290, randoop.jodatime.RandoopTest1.test291, randoop.jodatime.RandoopTest1.test293, randoop.jodatime.RandoopTest1.test294, randoop.jodatime.RandoopTest1.test295, randoop.jodatime.RandoopTest1.test296, randoop.jodatime.RandoopTest1.test298, randoop.jodatime.RandoopTest1.test299, randoop.jodatime.RandoopTest1.test300, randoop.jodatime.RandoopTest1.test301, randoop.jodatime.RandoopTest1.test302, randoop.jodatime.RandoopTest1.test303, randoop.jodatime.RandoopTest1.test305, randoop.jodatime.RandoopTest1.test306, randoop.jodatime.RandoopTest1.test307, randoop.jodatime.RandoopTest1.test308, randoop.jodatime.RandoopTest1.test310, randoop.jodatime.RandoopTest1.test311, randoop.jodatime.RandoopTest1.test312, randoop.jodatime.RandoopTest1.test313, randoop.jodatime.RandoopTest1.test317, randoop.jodatime.RandoopTest1.test318, randoop.jodatime.RandoopTest1.test319, randoop.jodatime.RandoopTest1.test320, randoop.jodatime.RandoopTest1.test321, randoop.jodatime.RandoopTest1.test322, randoop.jodatime.RandoopTest1.test323, randoop.jodatime.RandoopTest1.test326, randoop.jodatime.RandoopTest1.test327, randoop.jodatime.RandoopTest1.test328, randoop.jodatime.RandoopTest1.test329, randoop.jodatime.RandoopTest1.test330, randoop.jodatime.RandoopTest1.test331]

Time each test takes to run in the new order:
[128551938, 38419308, 19644633, 67976196, 42238159, 12690717, 28150645, 10986598, 8620772, 20688474, 52586634, 7806722, 16875885, 8097216, 12910802, 7528600, 10685893, 6323800, 29206285, 21751487, 14184043, 21535395, 13642022, 13609639, 25020726, 8755187, 11896245, 13862736, 17064883, 11929908, 3409849, 11183261, 11440523, 4067272, 10641401, 12862026, 6698779, 2315520, 15552656, 10618115, 2437708, 10353103, 7723309, 2302055, 8275915, 2067168, 8377672, 2479337, 2133232, 9737259, 2084076, 6394979, 2024387, 6095049, 11214904, 2036282, 9963312, 2195894, 5081015, 5702197, 4314334, 1801958, 1845620, 1972453, 1793482, 2982616, 1804282, 1786275, 1771426, 1909673, 1840377, 2286390, 2825298, 2105516, 1784037, 1856003, 2314874, 1794910, 1939708, 1777325, 2041919, 2148599, 2032990, 2958857, 2050774, 1891441, 1859744, 3756772, 2138667, 1852673, 1954893, 1761256, 3228754, 2061677, 2582437, 1767888, 1992846, 1940827, 2064881, 1924944, 1741497, 2002692, 1792075, 1821240, 1954888, 2772584, 1814154, 1958854, 1918750, 1753263, 1771288, 1746516, 2112131, 1809899, 1871959, 2283946, 2772549, 3191187, 2322265, 1794833, 1873338, 2171586, 1866040, 1753855, 2261098, 1770575, 1783568, 2736801, 1925978, 1756236, 1827291, 1789698, 1855763, 1747449, 1736011, 1765912, 1768643, 1936592, 2598102]

Dependent test list:
[Test: randoop.jodatime.RandoopTest0.test196, Intended behavior: FAILURE, when executed after: [randoop.jodatime.RandoopTest0.test192], The revealed different behavior: PASS, when executed after: [], Test: randoop.jodatime.RandoopTest0.test192, Intended behavior: FAILURE, when executed after: [randoop.jodatime.RandoopTest0.test165], The revealed different behavior: PASS, when executed after: [], Test: randoop.jodatime.RandoopTest0.test165, Intended behavior: FAILURE, when executed after: [randoop.jodatime.RandoopTest0.test135], The revealed different behavior: PASS, when executed after: [], Test: randoop.jodatime.RandoopTest0.test360, Intended behavior: FAILURE, when executed after: [randoop.jodatime.RandoopTest0.test338], The revealed different behavior: PASS, when executed after: [], Test: randoop.jodatime.RandoopTest0.test338, Intended behavior: FAILURE, when executed after: [randoop.jodatime.RandoopTest0.test325], The revealed different behavior: PASS, when executed after: [], Test: randoop.jodatime.RandoopTest0.test325, Intended behavior: FAILURE, when executed after: [randoop.jodatime.RandoopTest0.test196], The revealed different behavior: PASS, when executed after: [], Test: randoop.jodatime.RandoopTest1.test235, Intended behavior: FAILURE, when executed after: [randoop.jodatime.RandoopTest1.test181], The revealed different behavior: PASS, when executed after: [], Test: randoop.jodatime.RandoopTest1.test181, Intended behavior: FAILURE, when executed after: [randoop.jodatime.RandoopTest0.test498], The revealed different behavior: PASS, when executed after: [], Test: randoop.jodatime.RandoopTest2.test36, Intended behavior: FAILURE, when executed after: [randoop.jodatime.RandoopTest2.test21], The revealed different behavior: PASS, when executed after: [], Test: randoop.jodatime.RandoopTest2.test77, Intended behavior: FAILURE, when executed after: [randoop.jodatime.RandoopTest1.test467], The revealed different behavior: PASS, when executed after: [], Test: randoop.jodatime.RandoopTest2.test21, Intended behavior: FAILURE, when executed after: [randoop.jodatime.RandoopTest1.test235], The revealed different behavior: PASS, when executed after: [], Test: randoop.jodatime.RandoopTest2.test254, Intended behavior: FAILURE, when executed after: [randoop.jodatime.RandoopTest2.test212], The revealed different behavior: PASS, when executed after: [], Test: randoop.jodatime.RandoopTest2.test243, Intended behavior: FAILURE, when executed after: [randoop.jodatime.RandoopTest2.test36], The revealed different behavior: PASS, when executed after: [], Test: randoop.jodatime.RandoopTest2.test490, Intended behavior: FAILURE, when executed after: [randoop.jodatime.RandoopTest2.test487], The revealed different behavior: PASS, when executed after: [], Test: randoop.jodatime.RandoopTest2.test487, Intended behavior: FAILURE, when executed after: [randoop.jodatime.RandoopTest2.test356], The revealed different behavior: PASS, when executed after: [], Test: randoop.jodatime.RandoopTest2.test356, Intended behavior: FAILURE, when executed after: [randoop.jodatime.RandoopTest2.test243], The revealed different behavior: PASS, when executed after: [], Test: randoop.jodatime.RandoopTest2.test474, Intended behavior: FAILURE, when executed after: [randoop.jodatime.RandoopTest2.test376], The revealed different behavior: PASS, when executed after: [], Test: randoop.jodatime.RandoopTest2.test493, Intended behavior: FAILURE, when executed after: [randoop.jodatime.RandoopTest2.test490], The revealed different behavior: PASS, when executed after: [], Test: randoop.jodatime.RandoopTest3.test195, Intended behavior: FAILURE, when executed after: [randoop.jodatime.RandoopTest3.test193], The revealed different behavior: PASS, when executed after: [], Test: randoop.jodatime.RandoopTest3.test193, Intended behavior: FAILURE, when executed after: [randoop.jodatime.RandoopTest3.test189], The revealed different behavior: PASS, when executed after: [], Test: randoop.jodatime.RandoopTest3.test189, Intended behavior: FAILURE, when executed after: [randoop.jodatime.RandoopTest3.test185], The revealed different behavior: PASS, when executed after: [], Test: randoop.jodatime.RandoopTest3.test185, Intended behavior: FAILURE, when executed after: [randoop.jodatime.RandoopTest3.test161], The revealed different behavior: PASS, when executed after: [], Test: randoop.jodatime.RandoopTest3.test161, Intended behavior: FAILURE, when executed after: [randoop.jodatime.RandoopTest2.test493], The revealed different behavior: PASS, when executed after: [], Test: randoop.jodatime.RandoopTest3.test389, Intended behavior: FAILURE, when executed after: [randoop.jodatime.RandoopTest3.test383], The revealed different behavior: PASS, when executed after: [], Test: randoop.jodatime.RandoopTest3.test383, Intended behavior: FAILURE, when executed after: [randoop.jodatime.RandoopTest3.test347], The revealed different behavior: PASS, when executed after: [], Test: randoop.jodatime.RandoopTest3.test347, Intended behavior: FAILURE, when executed after: [randoop.jodatime.RandoopTest3.test345], The revealed different behavior: PASS, when executed after: [], Test: randoop.jodatime.RandoopTest3.test345, Intended behavior: FAILURE, when executed after: [randoop.jodatime.RandoopTest3.test316], The revealed different behavior: PASS, when executed after: [], Test: randoop.jodatime.RandoopTest3.test316, Intended behavior: FAILURE, when executed after: [randoop.jodatime.RandoopTest3.test315], The revealed different behavior: PASS, when executed after: [], Test: randoop.jodatime.RandoopTest3.test315, Intended behavior: FAILURE, when executed after: [randoop.jodatime.RandoopTest3.test195], The revealed different behavior: PASS, when executed after: [], Test: randoop.jodatime.RandoopTest3.test496, Intended behavior: FAILURE, when executed after: [randoop.jodatime.RandoopTest3.test467], The revealed different behavior: PASS, when executed after: [], Test: randoop.jodatime.RandoopTest3.test467, Intended behavior: FAILURE, when executed after: [randoop.jodatime.RandoopTest3.test389], The revealed different behavior: PASS, when executed after: [], Test: randoop.jodatime.RandoopTest4.test259, Intended behavior: FAILURE, when executed after: [randoop.jodatime.RandoopTest4.test221], The revealed different behavior: PASS, when executed after: [], Test: randoop.jodatime.RandoopTest4.test221, Intended behavior: FAILURE, when executed after: [randoop.jodatime.RandoopTest4.test13], The revealed different behavior: PASS, when executed after: [], Test: randoop.jodatime.RandoopTest4.test401, Intended behavior: FAILURE, when executed after: [randoop.jodatime.RandoopTest4.test259], The revealed different behavior: PASS, when executed after: [], Test: randoop.jodatime.RandoopTest4.test434, Intended behavior: FAILURE, when executed after: [randoop.jodatime.RandoopTest4.test401], The revealed different behavior: PASS, when executed after: [], Test: randoop.jodatime.RandoopTest4.test13, Intended behavior: FAILURE, when executed after: [randoop.jodatime.RandoopTest3.test496], The revealed different behavior: PASS, when executed after: [], Test: randoop.jodatime.RandoopTest2.test212, Intended behavior: FAILURE, when executed after: [randoop.jodatime.RandoopTest2.test77], The revealed different behavior: PASS, when executed after: [], Test: randoop.jodatime.RandoopTest2.test376, Intended behavior: FAILURE, when executed after: [randoop.jodatime.RandoopTest2.test254], The revealed different behavior: PASS, when executed after: []]
--------------------------
Execution time of TLG and its time to find/nullify any DTs for 1 machine (does not include the time to run the tests in the new order): 1.179
Number of tests selected out of total in original order: 138 / 2211
Number of DTs not fixed: 0
Number of DTs fixed: 0
Execution time for executing the following testing order: 1.030

Test order list:
[randoop.jodatime.RandoopTest1.test332, randoop.jodatime.RandoopTest1.test333, randoop.jodatime.RandoopTest1.test335, randoop.jodatime.RandoopTest1.test336, randoop.jodatime.RandoopTest1.test337, randoop.jodatime.RandoopTest1.test338, randoop.jodatime.RandoopTest1.test339, randoop.jodatime.RandoopTest1.test342, randoop.jodatime.RandoopTest1.test344, randoop.jodatime.RandoopTest1.test346, randoop.jodatime.RandoopTest1.test347, randoop.jodatime.RandoopTest1.test348, randoop.jodatime.RandoopTest1.test349, randoop.jodatime.RandoopTest1.test350, randoop.jodatime.RandoopTest1.test351, randoop.jodatime.RandoopTest1.test352, randoop.jodatime.RandoopTest1.test353, randoop.jodatime.RandoopTest1.test354, randoop.jodatime.RandoopTest1.test355, randoop.jodatime.RandoopTest1.test356, randoop.jodatime.RandoopTest1.test357, randoop.jodatime.RandoopTest1.test361, randoop.jodatime.RandoopTest1.test362, randoop.jodatime.RandoopTest1.test363, randoop.jodatime.RandoopTest1.test366, randoop.jodatime.RandoopTest1.test369, randoop.jodatime.RandoopTest1.test370, randoop.jodatime.RandoopTest1.test371, randoop.jodatime.RandoopTest1.test372, randoop.jodatime.RandoopTest1.test373, randoop.jodatime.RandoopTest1.test374, randoop.jodatime.RandoopTest1.test375, randoop.jodatime.RandoopTest1.test376, randoop.jodatime.RandoopTest1.test377, randoop.jodatime.RandoopTest1.test378, randoop.jodatime.RandoopTest1.test379, randoop.jodatime.RandoopTest1.test380, randoop.jodatime.RandoopTest1.test381, randoop.jodatime.RandoopTest1.test382, randoop.jodatime.RandoopTest1.test383, randoop.jodatime.RandoopTest1.test384, randoop.jodatime.RandoopTest1.test385, randoop.jodatime.RandoopTest1.test387, randoop.jodatime.RandoopTest1.test388, randoop.jodatime.RandoopTest1.test389, randoop.jodatime.RandoopTest1.test390, randoop.jodatime.RandoopTest1.test391, randoop.jodatime.RandoopTest1.test393, randoop.jodatime.RandoopTest1.test395, randoop.jodatime.RandoopTest1.test396, randoop.jodatime.RandoopTest1.test397, randoop.jodatime.RandoopTest1.test400, randoop.jodatime.RandoopTest1.test401, randoop.jodatime.RandoopTest1.test402, randoop.jodatime.RandoopTest1.test405, randoop.jodatime.RandoopTest1.test406, randoop.jodatime.RandoopTest1.test407, randoop.jodatime.RandoopTest1.test408, randoop.jodatime.RandoopTest1.test409, randoop.jodatime.RandoopTest1.test410, randoop.jodatime.RandoopTest1.test411, randoop.jodatime.RandoopTest1.test412, randoop.jodatime.RandoopTest1.test415, randoop.jodatime.RandoopTest1.test416, randoop.jodatime.RandoopTest1.test417, randoop.jodatime.RandoopTest1.test418, randoop.jodatime.RandoopTest1.test419, randoop.jodatime.RandoopTest1.test420, randoop.jodatime.RandoopTest1.test421, randoop.jodatime.RandoopTest1.test424, randoop.jodatime.RandoopTest1.test425, randoop.jodatime.RandoopTest1.test426, randoop.jodatime.RandoopTest1.test428, randoop.jodatime.RandoopTest1.test429, randoop.jodatime.RandoopTest1.test431, randoop.jodatime.RandoopTest1.test432, randoop.jodatime.RandoopTest1.test433, randoop.jodatime.RandoopTest1.test434, randoop.jodatime.RandoopTest1.test435, randoop.jodatime.RandoopTest1.test436, randoop.jodatime.RandoopTest1.test437, randoop.jodatime.RandoopTest1.test438, randoop.jodatime.RandoopTest1.test439, randoop.jodatime.RandoopTest1.test440, randoop.jodatime.RandoopTest1.test441, randoop.jodatime.RandoopTest1.test442, randoop.jodatime.RandoopTest1.test443, randoop.jodatime.RandoopTest1.test444, randoop.jodatime.RandoopTest1.test445, randoop.jodatime.RandoopTest1.test448, randoop.jodatime.RandoopTest1.test450, randoop.jodatime.RandoopTest1.test451, randoop.jodatime.RandoopTest1.test452, randoop.jodatime.RandoopTest1.test453, randoop.jodatime.RandoopTest1.test454, randoop.jodatime.RandoopTest1.test455, randoop.jodatime.RandoopTest1.test456, randoop.jodatime.RandoopTest1.test458, randoop.jodatime.RandoopTest1.test459, randoop.jodatime.RandoopTest1.test460, randoop.jodatime.RandoopTest1.test461, randoop.jodatime.RandoopTest1.test462, randoop.jodatime.RandoopTest1.test463, randoop.jodatime.RandoopTest1.test464, randoop.jodatime.RandoopTest1.test465, randoop.jodatime.RandoopTest1.test467, randoop.jodatime.RandoopTest1.test470, randoop.jodatime.RandoopTest1.test471, randoop.jodatime.RandoopTest1.test473, randoop.jodatime.RandoopTest1.test475, randoop.jodatime.RandoopTest1.test476, randoop.jodatime.RandoopTest1.test477, randoop.jodatime.RandoopTest1.test478, randoop.jodatime.RandoopTest1.test479, randoop.jodatime.RandoopTest1.test480, randoop.jodatime.RandoopTest1.test481, randoop.jodatime.RandoopTest1.test483, randoop.jodatime.RandoopTest1.test485, randoop.jodatime.RandoopTest1.test486, randoop.jodatime.RandoopTest1.test487, randoop.jodatime.RandoopTest1.test488, randoop.jodatime.RandoopTest1.test489, randoop.jodatime.RandoopTest1.test490, randoop.jodatime.RandoopTest1.test491, randoop.jodatime.RandoopTest1.test492, randoop.jodatime.RandoopTest1.test493, randoop.jodatime.RandoopTest1.test494, randoop.jodatime.RandoopTest1.test496, randoop.jodatime.RandoopTest1.test497, randoop.jodatime.RandoopTest1.test498, randoop.jodatime.RandoopTest1.test499, randoop.jodatime.RandoopTest1.test500, randoop.jodatime.RandoopTest2.test1, randoop.jodatime.RandoopTest2.test2, randoop.jodatime.RandoopTest2.test3, randoop.jodatime.RandoopTest2.test4, randoop.jodatime.RandoopTest2.test5, randoop.jodatime.RandoopTest2.test6]

Time each test takes to run in the new order:
[135279042, 41129525, 22497322, 33186921, 42010617, 34183995, 19502691, 16251515, 8124947, 27971022, 22161004, 13964338, 22833355, 6829102, 5659609, 24936123, 13305639, 10700590, 24319936, 23588640, 13442850, 11102253, 12260244, 11805463, 9573770, 12487937, 3278719, 16985231, 2970532, 10837235, 10588709, 12553039, 2112477, 10153452, 2372553, 10088005, 15350812, 2310670, 8894418, 2060762, 2297477, 8043400, 2294299, 6228714, 2418696, 6163589, 10674440, 2159925, 2335358, 8149616, 2518150, 4511263, 1841173, 2172188, 7541777, 1932371, 1881435, 1882466, 2581902, 2410885, 2936144, 1998650, 7343481, 2078010, 1849014, 1911497, 1798218, 2285644, 1862977, 1952297, 1806847, 2732068, 2036298, 1946328, 1848313, 1833185, 1866914, 2184131, 1773739, 1850569, 1931615, 2606851, 1837258, 2864309, 1843774, 1982696, 1776871, 2073540, 1933098, 1795322, 1817778, 1811539, 1999204, 1834540, 2692177, 1972102, 1960834, 1869032, 2063098, 1823979, 1823792, 1929144, 2044001, 2052841, 2078484, 3049057, 1968271, 2022823, 1874868, 2136363, 2267072, 2045812, 1888944, 1777425, 2060266, 2130273, 2870899, 2000380, 2020890, 2163264, 1824421, 1813162, 2072954, 1809893, 2115500, 1835276, 1854439, 3217927, 1948373, 1864607, 1796540, 1865589, 18960882, 7431621, 5589576, 7632817, 7818331, 19979532]

Dependent test list:
[Test: randoop.jodatime.RandoopTest0.test196, Intended behavior: FAILURE, when executed after: [randoop.jodatime.RandoopTest0.test192], The revealed different behavior: PASS, when executed after: [], Test: randoop.jodatime.RandoopTest0.test192, Intended behavior: FAILURE, when executed after: [randoop.jodatime.RandoopTest0.test165], The revealed different behavior: PASS, when executed after: [], Test: randoop.jodatime.RandoopTest0.test165, Intended behavior: FAILURE, when executed after: [randoop.jodatime.RandoopTest0.test135], The revealed different behavior: PASS, when executed after: [], Test: randoop.jodatime.RandoopTest0.test360, Intended behavior: FAILURE, when executed after: [randoop.jodatime.RandoopTest0.test338], The revealed different behavior: PASS, when executed after: [], Test: randoop.jodatime.RandoopTest0.test338, Intended behavior: FAILURE, when executed after: [randoop.jodatime.RandoopTest0.test325], The revealed different behavior: PASS, when executed after: [], Test: randoop.jodatime.RandoopTest0.test325, Intended behavior: FAILURE, when executed after: [randoop.jodatime.RandoopTest0.test196], The revealed different behavior: PASS, when executed after: [], Test: randoop.jodatime.RandoopTest1.test235, Intended behavior: FAILURE, when executed after: [randoop.jodatime.RandoopTest1.test181], The revealed different behavior: PASS, when executed after: [], Test: randoop.jodatime.RandoopTest1.test181, Intended behavior: FAILURE, when executed after: [randoop.jodatime.RandoopTest0.test498], The revealed different behavior: PASS, when executed after: [], Test: randoop.jodatime.RandoopTest2.test36, Intended behavior: FAILURE, when executed after: [randoop.jodatime.RandoopTest2.test21], The revealed different behavior: PASS, when executed after: [], Test: randoop.jodatime.RandoopTest2.test77, Intended behavior: FAILURE, when executed after: [randoop.jodatime.RandoopTest1.test467], The revealed different behavior: PASS, when executed after: [], Test: randoop.jodatime.RandoopTest2.test21, Intended behavior: FAILURE, when executed after: [randoop.jodatime.RandoopTest1.test235], The revealed different behavior: PASS, when executed after: [], Test: randoop.jodatime.RandoopTest2.test254, Intended behavior: FAILURE, when executed after: [randoop.jodatime.RandoopTest2.test212], The revealed different behavior: PASS, when executed after: [], Test: randoop.jodatime.RandoopTest2.test243, Intended behavior: FAILURE, when executed after: [randoop.jodatime.RandoopTest2.test36], The revealed different behavior: PASS, when executed after: [], Test: randoop.jodatime.RandoopTest2.test490, Intended behavior: FAILURE, when executed after: [randoop.jodatime.RandoopTest2.test487], The revealed different behavior: PASS, when executed after: [], Test: randoop.jodatime.RandoopTest2.test487, Intended behavior: FAILURE, when executed after: [randoop.jodatime.RandoopTest2.test356], The revealed different behavior: PASS, when executed after: [], Test: randoop.jodatime.RandoopTest2.test356, Intended behavior: FAILURE, when executed after: [randoop.jodatime.RandoopTest2.test243], The revealed different behavior: PASS, when executed after: [], Test: randoop.jodatime.RandoopTest2.test474, Intended behavior: FAILURE, when executed after: [randoop.jodatime.RandoopTest2.test376], The revealed different behavior: PASS, when executed after: [], Test: randoop.jodatime.RandoopTest2.test493, Intended behavior: FAILURE, when executed after: [randoop.jodatime.RandoopTest2.test490], The revealed different behavior: PASS, when executed after: [], Test: randoop.jodatime.RandoopTest3.test195, Intended behavior: FAILURE, when executed after: [randoop.jodatime.RandoopTest3.test193], The revealed different behavior: PASS, when executed after: [], Test: randoop.jodatime.RandoopTest3.test193, Intended behavior: FAILURE, when executed after: [randoop.jodatime.RandoopTest3.test189], The revealed different behavior: PASS, when executed after: [], Test: randoop.jodatime.RandoopTest3.test189, Intended behavior: FAILURE, when executed after: [randoop.jodatime.RandoopTest3.test185], The revealed different behavior: PASS, when executed after: [], Test: randoop.jodatime.RandoopTest3.test185, Intended behavior: FAILURE, when executed after: [randoop.jodatime.RandoopTest3.test161], The revealed different behavior: PASS, when executed after: [], Test: randoop.jodatime.RandoopTest3.test161, Intended behavior: FAILURE, when executed after: [randoop.jodatime.RandoopTest2.test493], The revealed different behavior: PASS, when executed after: [], Test: randoop.jodatime.RandoopTest3.test389, Intended behavior: FAILURE, when executed after: [randoop.jodatime.RandoopTest3.test383], The revealed different behavior: PASS, when executed after: [], Test: randoop.jodatime.RandoopTest3.test383, Intended behavior: FAILURE, when executed after: [randoop.jodatime.RandoopTest3.test347], The revealed different behavior: PASS, when executed after: [], Test: randoop.jodatime.RandoopTest3.test347, Intended behavior: FAILURE, when executed after: [randoop.jodatime.RandoopTest3.test345], The revealed different behavior: PASS, when executed after: [], Test: randoop.jodatime.RandoopTest3.test345, Intended behavior: FAILURE, when executed after: [randoop.jodatime.RandoopTest3.test316], The revealed different behavior: PASS, when executed after: [], Test: randoop.jodatime.RandoopTest3.test316, Intended behavior: FAILURE, when executed after: [randoop.jodatime.RandoopTest3.test315], The revealed different behavior: PASS, when executed after: [], Test: randoop.jodatime.RandoopTest3.test315, Intended behavior: FAILURE, when executed after: [randoop.jodatime.RandoopTest3.test195], The revealed different behavior: PASS, when executed after: [], Test: randoop.jodatime.RandoopTest3.test496, Intended behavior: FAILURE, when executed after: [randoop.jodatime.RandoopTest3.test467], The revealed different behavior: PASS, when executed after: [], Test: randoop.jodatime.RandoopTest3.test467, Intended behavior: FAILURE, when executed after: [randoop.jodatime.RandoopTest3.test389], The revealed different behavior: PASS, when executed after: [], Test: randoop.jodatime.RandoopTest4.test259, Intended behavior: FAILURE, when executed after: [randoop.jodatime.RandoopTest4.test221], The revealed different behavior: PASS, when executed after: [], Test: randoop.jodatime.RandoopTest4.test221, Intended behavior: FAILURE, when executed after: [randoop.jodatime.RandoopTest4.test13], The revealed different behavior: PASS, when executed after: [], Test: randoop.jodatime.RandoopTest4.test401, Intended behavior: FAILURE, when executed after: [randoop.jodatime.RandoopTest4.test259], The revealed different behavior: PASS, when executed after: [], Test: randoop.jodatime.RandoopTest4.test434, Intended behavior: FAILURE, when executed after: [randoop.jodatime.RandoopTest4.test401], The revealed different behavior: PASS, when executed after: [], Test: randoop.jodatime.RandoopTest4.test13, Intended behavior: FAILURE, when executed after: [randoop.jodatime.RandoopTest3.test496], The revealed different behavior: PASS, when executed after: [], Test: randoop.jodatime.RandoopTest2.test212, Intended behavior: FAILURE, when executed after: [randoop.jodatime.RandoopTest2.test77], The revealed different behavior: PASS, when executed after: [], Test: randoop.jodatime.RandoopTest2.test376, Intended behavior: FAILURE, when executed after: [randoop.jodatime.RandoopTest2.test254], The revealed different behavior: PASS, when executed after: []]
--------------------------
Execution time of TLG and its time to find/nullify any DTs for 1 machine (does not include the time to run the tests in the new order): 1.630
Number of tests selected out of total in original order: 142 / 2211
Number of DTs not fixed: 0
Number of DTs fixed: 0
Execution time for executing the following testing order: 1.372

Test order list:
[randoop.jodatime.RandoopTest2.test7, randoop.jodatime.RandoopTest2.test8, randoop.jodatime.RandoopTest2.test9, randoop.jodatime.RandoopTest2.test10, randoop.jodatime.RandoopTest2.test11, randoop.jodatime.RandoopTest2.test12, randoop.jodatime.RandoopTest2.test13, randoop.jodatime.RandoopTest2.test14, randoop.jodatime.RandoopTest2.test15, randoop.jodatime.RandoopTest2.test16, randoop.jodatime.RandoopTest2.test17, randoop.jodatime.RandoopTest2.test18, randoop.jodatime.RandoopTest2.test19, randoop.jodatime.RandoopTest2.test20, randoop.jodatime.RandoopTest0.test498, randoop.jodatime.RandoopTest1.test181, randoop.jodatime.RandoopTest1.test235, randoop.jodatime.RandoopTest2.test21, randoop.jodatime.RandoopTest2.test22, randoop.jodatime.RandoopTest2.test23, randoop.jodatime.RandoopTest2.test24, randoop.jodatime.RandoopTest2.test25, randoop.jodatime.RandoopTest2.test26, randoop.jodatime.RandoopTest2.test28, randoop.jodatime.RandoopTest2.test29, randoop.jodatime.RandoopTest2.test30, randoop.jodatime.RandoopTest2.test31, randoop.jodatime.RandoopTest2.test32, randoop.jodatime.RandoopTest2.test33, randoop.jodatime.RandoopTest2.test34, randoop.jodatime.RandoopTest2.test35, randoop.jodatime.RandoopTest2.test36, randoop.jodatime.RandoopTest2.test37, randoop.jodatime.RandoopTest2.test38, randoop.jodatime.RandoopTest2.test39, randoop.jodatime.RandoopTest2.test40, randoop.jodatime.RandoopTest2.test42, randoop.jodatime.RandoopTest2.test43, randoop.jodatime.RandoopTest2.test45, randoop.jodatime.RandoopTest2.test46, randoop.jodatime.RandoopTest2.test49, randoop.jodatime.RandoopTest2.test50, randoop.jodatime.RandoopTest2.test51, randoop.jodatime.RandoopTest2.test52, randoop.jodatime.RandoopTest2.test53, randoop.jodatime.RandoopTest2.test54, randoop.jodatime.RandoopTest2.test55, randoop.jodatime.RandoopTest2.test57, randoop.jodatime.RandoopTest2.test58, randoop.jodatime.RandoopTest2.test59, randoop.jodatime.RandoopTest2.test60, randoop.jodatime.RandoopTest2.test61, randoop.jodatime.RandoopTest2.test62, randoop.jodatime.RandoopTest2.test63, randoop.jodatime.RandoopTest2.test64, randoop.jodatime.RandoopTest2.test66, randoop.jodatime.RandoopTest2.test67, randoop.jodatime.RandoopTest2.test68, randoop.jodatime.RandoopTest2.test69, randoop.jodatime.RandoopTest2.test70, randoop.jodatime.RandoopTest2.test71, randoop.jodatime.RandoopTest2.test72, randoop.jodatime.RandoopTest2.test74, randoop.jodatime.RandoopTest2.test75, randoop.jodatime.RandoopTest2.test76, randoop.jodatime.RandoopTest1.test467, randoop.jodatime.RandoopTest2.test77, randoop.jodatime.RandoopTest2.test78, randoop.jodatime.RandoopTest2.test79, randoop.jodatime.RandoopTest2.test80, randoop.jodatime.RandoopTest2.test81, randoop.jodatime.RandoopTest2.test83, randoop.jodatime.RandoopTest2.test84, randoop.jodatime.RandoopTest2.test85, randoop.jodatime.RandoopTest2.test86, randoop.jodatime.RandoopTest2.test87, randoop.jodatime.RandoopTest2.test88, randoop.jodatime.RandoopTest2.test90, randoop.jodatime.RandoopTest2.test91, randoop.jodatime.RandoopTest2.test93, randoop.jodatime.RandoopTest2.test94, randoop.jodatime.RandoopTest2.test95, randoop.jodatime.RandoopTest2.test96, randoop.jodatime.RandoopTest2.test97, randoop.jodatime.RandoopTest2.test98, randoop.jodatime.RandoopTest2.test99, randoop.jodatime.RandoopTest2.test100, randoop.jodatime.RandoopTest2.test101, randoop.jodatime.RandoopTest2.test102, randoop.jodatime.RandoopTest2.test103, randoop.jodatime.RandoopTest2.test104, randoop.jodatime.RandoopTest2.test106, randoop.jodatime.RandoopTest2.test107, randoop.jodatime.RandoopTest2.test108, randoop.jodatime.RandoopTest2.test109, randoop.jodatime.RandoopTest2.test110, randoop.jodatime.RandoopTest2.test111, randoop.jodatime.RandoopTest2.test112, randoop.jodatime.RandoopTest2.test113, randoop.jodatime.RandoopTest2.test114, randoop.jodatime.RandoopTest2.test115, randoop.jodatime.RandoopTest2.test116, randoop.jodatime.RandoopTest2.test117, randoop.jodatime.RandoopTest2.test118, randoop.jodatime.RandoopTest2.test119, randoop.jodatime.RandoopTest2.test120, randoop.jodatime.RandoopTest2.test121, randoop.jodatime.RandoopTest2.test122, randoop.jodatime.RandoopTest2.test123, randoop.jodatime.RandoopTest2.test124, randoop.jodatime.RandoopTest2.test125, randoop.jodatime.RandoopTest2.test127, randoop.jodatime.RandoopTest2.test129, randoop.jodatime.RandoopTest2.test130, randoop.jodatime.RandoopTest2.test131, randoop.jodatime.RandoopTest2.test132, randoop.jodatime.RandoopTest2.test133, randoop.jodatime.RandoopTest2.test134, randoop.jodatime.RandoopTest2.test135, randoop.jodatime.RandoopTest2.test136, randoop.jodatime.RandoopTest2.test137, randoop.jodatime.RandoopTest2.test139, randoop.jodatime.RandoopTest2.test140, randoop.jodatime.RandoopTest2.test142, randoop.jodatime.RandoopTest2.test143, randoop.jodatime.RandoopTest2.test144, randoop.jodatime.RandoopTest2.test145, randoop.jodatime.RandoopTest2.test147, randoop.jodatime.RandoopTest2.test148, randoop.jodatime.RandoopTest2.test149, randoop.jodatime.RandoopTest2.test150, randoop.jodatime.RandoopTest2.test151, randoop.jodatime.RandoopTest2.test152, randoop.jodatime.RandoopTest2.test153, randoop.jodatime.RandoopTest2.test154, randoop.jodatime.RandoopTest2.test155, randoop.jodatime.RandoopTest2.test156, randoop.jodatime.RandoopTest2.test158, randoop.jodatime.RandoopTest2.test159, randoop.jodatime.RandoopTest2.test160, randoop.jodatime.RandoopTest2.test161, randoop.jodatime.RandoopTest2.test164]

Time each test takes to run in the new order:
[123246027, 51779998, 24113058, 39164281, 39757335, 32338532, 20532417, 24881456, 16941083, 15184338, 18913675, 24628140, 6229608, 7425187, 15056937, 6916859, 11153362, 5571538, 22541617, 16554674, 21776329, 19478316, 13397248, 22668644, 25801391, 23304607, 14314104, 37250747, 24102512, 20293877, 26850895, 24037955, 19867213, 16241603, 25401469, 18239713, 8525161, 12250275, 14928465, 10452943, 7505106, 11529842, 11429806, 11341915, 28415093, 11420123, 3436971, 16800198, 11428620, 13532460, 13170588, 11156386, 11732319, 10904396, 2797726, 12888307, 9440807, 6421778, 2129324, 14587363, 11401485, 2332125, 6283965, 2161239, 13922260, 2244713, 5887146, 1810811, 9865144, 2042536, 6658895, 6695160, 5771042, 4172976, 6506025, 4789054, 1741522, 3956279, 1792812, 1873215, 1700338, 1992102, 2956006, 1937669, 1904330, 1666924, 2215566, 1933306, 1744385, 1972132, 2048446, 1710760, 2006849, 2968848, 1940336, 2050191, 1921316, 1823640, 1711615, 1703286, 1836023, 1891993, 7492320, 1889962, 3111064, 1789387, 1696171, 1694648, 1701486, 1712974, 1745978, 1776973, 1758435, 1837889, 1676674, 1705729, 3079209, 1723343, 1771418, 1882036, 1690103, 2185283, 1668789, 1675997, 1715626, 1699556, 1772358, 3127069, 1844945, 2025513, 1743650, 1696833, 1844593, 1683886, 1899616, 1729987, 1698546, 1670574, 2958344, 1689140, 2299531, 1750582]

Dependent test list:
[Test: randoop.jodatime.RandoopTest0.test196, Intended behavior: FAILURE, when executed after: [randoop.jodatime.RandoopTest0.test192], The revealed different behavior: PASS, when executed after: [], Test: randoop.jodatime.RandoopTest0.test192, Intended behavior: FAILURE, when executed after: [randoop.jodatime.RandoopTest0.test165], The revealed different behavior: PASS, when executed after: [], Test: randoop.jodatime.RandoopTest0.test165, Intended behavior: FAILURE, when executed after: [randoop.jodatime.RandoopTest0.test135], The revealed different behavior: PASS, when executed after: [], Test: randoop.jodatime.RandoopTest0.test360, Intended behavior: FAILURE, when executed after: [randoop.jodatime.RandoopTest0.test338], The revealed different behavior: PASS, when executed after: [], Test: randoop.jodatime.RandoopTest0.test338, Intended behavior: FAILURE, when executed after: [randoop.jodatime.RandoopTest0.test325], The revealed different behavior: PASS, when executed after: [], Test: randoop.jodatime.RandoopTest0.test325, Intended behavior: FAILURE, when executed after: [randoop.jodatime.RandoopTest0.test196], The revealed different behavior: PASS, when executed after: [], Test: randoop.jodatime.RandoopTest1.test235, Intended behavior: FAILURE, when executed after: [randoop.jodatime.RandoopTest1.test181], The revealed different behavior: PASS, when executed after: [], Test: randoop.jodatime.RandoopTest1.test181, Intended behavior: FAILURE, when executed after: [randoop.jodatime.RandoopTest0.test498], The revealed different behavior: PASS, when executed after: [], Test: randoop.jodatime.RandoopTest2.test36, Intended behavior: FAILURE, when executed after: [randoop.jodatime.RandoopTest2.test21], The revealed different behavior: PASS, when executed after: [], Test: randoop.jodatime.RandoopTest2.test77, Intended behavior: FAILURE, when executed after: [randoop.jodatime.RandoopTest1.test467], The revealed different behavior: PASS, when executed after: [], Test: randoop.jodatime.RandoopTest2.test21, Intended behavior: FAILURE, when executed after: [randoop.jodatime.RandoopTest1.test235], The revealed different behavior: PASS, when executed after: [], Test: randoop.jodatime.RandoopTest2.test254, Intended behavior: FAILURE, when executed after: [randoop.jodatime.RandoopTest2.test212], The revealed different behavior: PASS, when executed after: [], Test: randoop.jodatime.RandoopTest2.test243, Intended behavior: FAILURE, when executed after: [randoop.jodatime.RandoopTest2.test36], The revealed different behavior: PASS, when executed after: [], Test: randoop.jodatime.RandoopTest2.test490, Intended behavior: FAILURE, when executed after: [randoop.jodatime.RandoopTest2.test487], The revealed different behavior: PASS, when executed after: [], Test: randoop.jodatime.RandoopTest2.test487, Intended behavior: FAILURE, when executed after: [randoop.jodatime.RandoopTest2.test356], The revealed different behavior: PASS, when executed after: [], Test: randoop.jodatime.RandoopTest2.test356, Intended behavior: FAILURE, when executed after: [randoop.jodatime.RandoopTest2.test243], The revealed different behavior: PASS, when executed after: [], Test: randoop.jodatime.RandoopTest2.test474, Intended behavior: FAILURE, when executed after: [randoop.jodatime.RandoopTest2.test376], The revealed different behavior: PASS, when executed after: [], Test: randoop.jodatime.RandoopTest2.test493, Intended behavior: FAILURE, when executed after: [randoop.jodatime.RandoopTest2.test490], The revealed different behavior: PASS, when executed after: [], Test: randoop.jodatime.RandoopTest3.test195, Intended behavior: FAILURE, when executed after: [randoop.jodatime.RandoopTest3.test193], The revealed different behavior: PASS, when executed after: [], Test: randoop.jodatime.RandoopTest3.test193, Intended behavior: FAILURE, when executed after: [randoop.jodatime.RandoopTest3.test189], The revealed different behavior: PASS, when executed after: [], Test: randoop.jodatime.RandoopTest3.test189, Intended behavior: FAILURE, when executed after: [randoop.jodatime.RandoopTest3.test185], The revealed different behavior: PASS, when executed after: [], Test: randoop.jodatime.RandoopTest3.test185, Intended behavior: FAILURE, when executed after: [randoop.jodatime.RandoopTest3.test161], The revealed different behavior: PASS, when executed after: [], Test: randoop.jodatime.RandoopTest3.test161, Intended behavior: FAILURE, when executed after: [randoop.jodatime.RandoopTest2.test493], The revealed different behavior: PASS, when executed after: [], Test: randoop.jodatime.RandoopTest3.test389, Intended behavior: FAILURE, when executed after: [randoop.jodatime.RandoopTest3.test383], The revealed different behavior: PASS, when executed after: [], Test: randoop.jodatime.RandoopTest3.test383, Intended behavior: FAILURE, when executed after: [randoop.jodatime.RandoopTest3.test347], The revealed different behavior: PASS, when executed after: [], Test: randoop.jodatime.RandoopTest3.test347, Intended behavior: FAILURE, when executed after: [randoop.jodatime.RandoopTest3.test345], The revealed different behavior: PASS, when executed after: [], Test: randoop.jodatime.RandoopTest3.test345, Intended behavior: FAILURE, when executed after: [randoop.jodatime.RandoopTest3.test316], The revealed different behavior: PASS, when executed after: [], Test: randoop.jodatime.RandoopTest3.test316, Intended behavior: FAILURE, when executed after: [randoop.jodatime.RandoopTest3.test315], The revealed different behavior: PASS, when executed after: [], Test: randoop.jodatime.RandoopTest3.test315, Intended behavior: FAILURE, when executed after: [randoop.jodatime.RandoopTest3.test195], The revealed different behavior: PASS, when executed after: [], Test: randoop.jodatime.RandoopTest3.test496, Intended behavior: FAILURE, when executed after: [randoop.jodatime.RandoopTest3.test467], The revealed different behavior: PASS, when executed after: [], Test: randoop.jodatime.RandoopTest3.test467, Intended behavior: FAILURE, when executed after: [randoop.jodatime.RandoopTest3.test389], The revealed different behavior: PASS, when executed after: [], Test: randoop.jodatime.RandoopTest4.test259, Intended behavior: FAILURE, when executed after: [randoop.jodatime.RandoopTest4.test221], The revealed different behavior: PASS, when executed after: [], Test: randoop.jodatime.RandoopTest4.test221, Intended behavior: FAILURE, when executed after: [randoop.jodatime.RandoopTest4.test13], The revealed different behavior: PASS, when executed after: [], Test: randoop.jodatime.RandoopTest4.test401, Intended behavior: FAILURE, when executed after: [randoop.jodatime.RandoopTest4.test259], The revealed different behavior: PASS, when executed after: [], Test: randoop.jodatime.RandoopTest4.test434, Intended behavior: FAILURE, when executed after: [randoop.jodatime.RandoopTest4.test401], The revealed different behavior: PASS, when executed after: [], Test: randoop.jodatime.RandoopTest4.test13, Intended behavior: FAILURE, when executed after: [randoop.jodatime.RandoopTest3.test496], The revealed different behavior: PASS, when executed after: [], Test: randoop.jodatime.RandoopTest2.test212, Intended behavior: FAILURE, when executed after: [randoop.jodatime.RandoopTest2.test77], The revealed different behavior: PASS, when executed after: [], Test: randoop.jodatime.RandoopTest2.test376, Intended behavior: FAILURE, when executed after: [randoop.jodatime.RandoopTest2.test254], The revealed different behavior: PASS, when executed after: []]
--------------------------
Execution time of TLG and its time to find/nullify any DTs for 1 machine (does not include the time to run the tests in the new order): 3.027
Number of tests selected out of total in original order: 145 / 2211
Number of DTs not fixed: 0
Number of DTs fixed: 0
Execution time for executing the following testing order: 2.673

Test order list:
[randoop.jodatime.RandoopTest2.test165, randoop.jodatime.RandoopTest2.test166, randoop.jodatime.RandoopTest2.test167, randoop.jodatime.RandoopTest2.test168, randoop.jodatime.RandoopTest2.test169, randoop.jodatime.RandoopTest2.test170, randoop.jodatime.RandoopTest2.test172, randoop.jodatime.RandoopTest2.test173, randoop.jodatime.RandoopTest2.test174, randoop.jodatime.RandoopTest2.test175, randoop.jodatime.RandoopTest2.test177, randoop.jodatime.RandoopTest2.test178, randoop.jodatime.RandoopTest2.test179, randoop.jodatime.RandoopTest2.test180, randoop.jodatime.RandoopTest2.test181, randoop.jodatime.RandoopTest2.test182, randoop.jodatime.RandoopTest2.test183, randoop.jodatime.RandoopTest2.test184, randoop.jodatime.RandoopTest2.test185, randoop.jodatime.RandoopTest2.test186, randoop.jodatime.RandoopTest2.test187, randoop.jodatime.RandoopTest2.test188, randoop.jodatime.RandoopTest2.test189, randoop.jodatime.RandoopTest2.test190, randoop.jodatime.RandoopTest2.test191, randoop.jodatime.RandoopTest2.test192, randoop.jodatime.RandoopTest2.test193, randoop.jodatime.RandoopTest2.test194, randoop.jodatime.RandoopTest2.test195, randoop.jodatime.RandoopTest2.test196, randoop.jodatime.RandoopTest2.test197, randoop.jodatime.RandoopTest2.test198, randoop.jodatime.RandoopTest2.test199, randoop.jodatime.RandoopTest2.test200, randoop.jodatime.RandoopTest2.test201, randoop.jodatime.RandoopTest2.test202, randoop.jodatime.RandoopTest2.test203, randoop.jodatime.RandoopTest2.test204, randoop.jodatime.RandoopTest2.test205, randoop.jodatime.RandoopTest2.test206, randoop.jodatime.RandoopTest2.test207, randoop.jodatime.RandoopTest2.test209, randoop.jodatime.RandoopTest2.test210, randoop.jodatime.RandoopTest2.test211, randoop.jodatime.RandoopTest1.test467, randoop.jodatime.RandoopTest2.test77, randoop.jodatime.RandoopTest2.test212, randoop.jodatime.RandoopTest2.test213, randoop.jodatime.RandoopTest2.test214, randoop.jodatime.RandoopTest2.test215, randoop.jodatime.RandoopTest2.test216, randoop.jodatime.RandoopTest2.test217, randoop.jodatime.RandoopTest2.test218, randoop.jodatime.RandoopTest2.test219, randoop.jodatime.RandoopTest2.test220, randoop.jodatime.RandoopTest2.test221, randoop.jodatime.RandoopTest2.test222, randoop.jodatime.RandoopTest2.test223, randoop.jodatime.RandoopTest2.test224, randoop.jodatime.RandoopTest2.test226, randoop.jodatime.RandoopTest2.test227, randoop.jodatime.RandoopTest2.test229, randoop.jodatime.RandoopTest2.test230, randoop.jodatime.RandoopTest2.test231, randoop.jodatime.RandoopTest2.test233, randoop.jodatime.RandoopTest2.test234, randoop.jodatime.RandoopTest2.test235, randoop.jodatime.RandoopTest2.test236, randoop.jodatime.RandoopTest2.test237, randoop.jodatime.RandoopTest2.test238, randoop.jodatime.RandoopTest2.test239, randoop.jodatime.RandoopTest2.test241, randoop.jodatime.RandoopTest2.test242, randoop.jodatime.RandoopTest0.test498, randoop.jodatime.RandoopTest1.test181, randoop.jodatime.RandoopTest1.test235, randoop.jodatime.RandoopTest2.test21, randoop.jodatime.RandoopTest2.test36, randoop.jodatime.RandoopTest2.test243, randoop.jodatime.RandoopTest2.test244, randoop.jodatime.RandoopTest2.test245, randoop.jodatime.RandoopTest2.test247, randoop.jodatime.RandoopTest2.test248, randoop.jodatime.RandoopTest2.test250, randoop.jodatime.RandoopTest2.test251, randoop.jodatime.RandoopTest2.test252, randoop.jodatime.RandoopTest2.test253, randoop.jodatime.RandoopTest2.test254, randoop.jodatime.RandoopTest2.test255, randoop.jodatime.RandoopTest2.test256, randoop.jodatime.RandoopTest2.test258, randoop.jodatime.RandoopTest2.test259, randoop.jodatime.RandoopTest2.test260, randoop.jodatime.RandoopTest2.test261, randoop.jodatime.RandoopTest2.test263, randoop.jodatime.RandoopTest2.test265, randoop.jodatime.RandoopTest2.test266, randoop.jodatime.RandoopTest2.test267, randoop.jodatime.RandoopTest2.test268, randoop.jodatime.RandoopTest2.test269, randoop.jodatime.RandoopTest2.test270, randoop.jodatime.RandoopTest2.test272, randoop.jodatime.RandoopTest2.test273, randoop.jodatime.RandoopTest2.test275, randoop.jodatime.RandoopTest2.test276, randoop.jodatime.RandoopTest2.test277, randoop.jodatime.RandoopTest2.test278, randoop.jodatime.RandoopTest2.test279, randoop.jodatime.RandoopTest2.test280, randoop.jodatime.RandoopTest2.test282, randoop.jodatime.RandoopTest2.test283, randoop.jodatime.RandoopTest2.test284, randoop.jodatime.RandoopTest2.test285, randoop.jodatime.RandoopTest2.test287, randoop.jodatime.RandoopTest2.test288, randoop.jodatime.RandoopTest2.test289, randoop.jodatime.RandoopTest2.test291, randoop.jodatime.RandoopTest2.test292, randoop.jodatime.RandoopTest2.test294, randoop.jodatime.RandoopTest2.test295, randoop.jodatime.RandoopTest2.test296, randoop.jodatime.RandoopTest2.test297, randoop.jodatime.RandoopTest2.test298, randoop.jodatime.RandoopTest2.test299, randoop.jodatime.RandoopTest2.test300, randoop.jodatime.RandoopTest2.test301, randoop.jodatime.RandoopTest2.test302, randoop.jodatime.RandoopTest2.test303, randoop.jodatime.RandoopTest2.test304, randoop.jodatime.RandoopTest2.test307, randoop.jodatime.RandoopTest2.test308, randoop.jodatime.RandoopTest2.test309, randoop.jodatime.RandoopTest2.test310, randoop.jodatime.RandoopTest2.test311, randoop.jodatime.RandoopTest2.test312, randoop.jodatime.RandoopTest2.test313, randoop.jodatime.RandoopTest2.test314, randoop.jodatime.RandoopTest2.test315, randoop.jodatime.RandoopTest2.test316, randoop.jodatime.RandoopTest2.test317, randoop.jodatime.RandoopTest2.test318, randoop.jodatime.RandoopTest2.test319, randoop.jodatime.RandoopTest2.test320, randoop.jodatime.RandoopTest2.test321, randoop.jodatime.RandoopTest2.test322]

Time each test takes to run in the new order:
[181136745, 59311309, 23419312, 38121022, 48094397, 44258583, 32806075, 25665237, 23959670, 41498868, 14329166, 15712078, 10406909, 9581155, 6000457, 6013915, 14813597, 22712050, 21373113, 1287360747, 4271028, 10886997, 3288279, 2226402, 5853279, 1738446, 2061207, 9280785, 10582001, 2060943, 4853722, 1999094, 7941149, 8211489, 1823758, 1951727, 1894082, 9962593, 1800881, 7582165, 6283669, 1672648, 6301800, 1761845, 8807736, 15117656, 4605014, 7317833, 3384363, 20251114, 6644381, 11800431, 21435681, 13407633, 9729854, 2977291, 11367394, 14883883, 2872566, 10338583, 2105699, 17488741, 2100477, 2081412, 2003263, 10575169, 10415748, 2633236, 9078766, 20202801, 1939664, 8752751, 10164579, 10902905, 10276232, 2309137, 1924034, 1858819, 5933560, 2047933, 12212677, 2302791, 1847369, 10242462, 1867303, 5892161, 1820151, 6198157, 1795047, 5857718, 1812963, 5890987, 2137937, 2988286, 7742765, 6401745, 2161574, 5908972, 2262639, 7345086, 6551524, 2097413, 6204850, 7197586, 3561860, 7922736, 2097903, 2049630, 10363578, 6001006, 2244940, 5934893, 1969415, 2972709, 2014755, 1935784, 18861912, 2220112, 9947250, 2348663, 9228645, 1985994, 11404551, 2079401, 10080887, 2310041, 2444244, 8289752, 3424928, 10408659, 2254623, 2043059, 2289263, 6401317, 6582432, 2381849, 6264724, 2177979, 6281997, 6394292, 2177553, 6435559, 2065299, 9682376, 5799841]

Dependent test list:
[Test: randoop.jodatime.RandoopTest0.test196, Intended behavior: FAILURE, when executed after: [randoop.jodatime.RandoopTest0.test192], The revealed different behavior: PASS, when executed after: [], Test: randoop.jodatime.RandoopTest0.test192, Intended behavior: FAILURE, when executed after: [randoop.jodatime.RandoopTest0.test165], The revealed different behavior: PASS, when executed after: [], Test: randoop.jodatime.RandoopTest0.test165, Intended behavior: FAILURE, when executed after: [randoop.jodatime.RandoopTest0.test135], The revealed different behavior: PASS, when executed after: [], Test: randoop.jodatime.RandoopTest0.test360, Intended behavior: FAILURE, when executed after: [randoop.jodatime.RandoopTest0.test338], The revealed different behavior: PASS, when executed after: [], Test: randoop.jodatime.RandoopTest0.test338, Intended behavior: FAILURE, when executed after: [randoop.jodatime.RandoopTest0.test325], The revealed different behavior: PASS, when executed after: [], Test: randoop.jodatime.RandoopTest0.test325, Intended behavior: FAILURE, when executed after: [randoop.jodatime.RandoopTest0.test196], The revealed different behavior: PASS, when executed after: [], Test: randoop.jodatime.RandoopTest1.test235, Intended behavior: FAILURE, when executed after: [randoop.jodatime.RandoopTest1.test181], The revealed different behavior: PASS, when executed after: [], Test: randoop.jodatime.RandoopTest1.test181, Intended behavior: FAILURE, when executed after: [randoop.jodatime.RandoopTest0.test498], The revealed different behavior: PASS, when executed after: [], Test: randoop.jodatime.RandoopTest2.test36, Intended behavior: FAILURE, when executed after: [randoop.jodatime.RandoopTest2.test21], The revealed different behavior: PASS, when executed after: [], Test: randoop.jodatime.RandoopTest2.test77, Intended behavior: FAILURE, when executed after: [randoop.jodatime.RandoopTest1.test467], The revealed different behavior: PASS, when executed after: [], Test: randoop.jodatime.RandoopTest2.test21, Intended behavior: FAILURE, when executed after: [randoop.jodatime.RandoopTest1.test235], The revealed different behavior: PASS, when executed after: [], Test: randoop.jodatime.RandoopTest2.test254, Intended behavior: FAILURE, when executed after: [randoop.jodatime.RandoopTest2.test212], The revealed different behavior: PASS, when executed after: [], Test: randoop.jodatime.RandoopTest2.test243, Intended behavior: FAILURE, when executed after: [randoop.jodatime.RandoopTest2.test36], The revealed different behavior: PASS, when executed after: [], Test: randoop.jodatime.RandoopTest2.test490, Intended behavior: FAILURE, when executed after: [randoop.jodatime.RandoopTest2.test487], The revealed different behavior: PASS, when executed after: [], Test: randoop.jodatime.RandoopTest2.test487, Intended behavior: FAILURE, when executed after: [randoop.jodatime.RandoopTest2.test356], The revealed different behavior: PASS, when executed after: [], Test: randoop.jodatime.RandoopTest2.test356, Intended behavior: FAILURE, when executed after: [randoop.jodatime.RandoopTest2.test243], The revealed different behavior: PASS, when executed after: [], Test: randoop.jodatime.RandoopTest2.test474, Intended behavior: FAILURE, when executed after: [randoop.jodatime.RandoopTest2.test376], The revealed different behavior: PASS, when executed after: [], Test: randoop.jodatime.RandoopTest2.test493, Intended behavior: FAILURE, when executed after: [randoop.jodatime.RandoopTest2.test490], The revealed different behavior: PASS, when executed after: [], Test: randoop.jodatime.RandoopTest3.test195, Intended behavior: FAILURE, when executed after: [randoop.jodatime.RandoopTest3.test193], The revealed different behavior: PASS, when executed after: [], Test: randoop.jodatime.RandoopTest3.test193, Intended behavior: FAILURE, when executed after: [randoop.jodatime.RandoopTest3.test189], The revealed different behavior: PASS, when executed after: [], Test: randoop.jodatime.RandoopTest3.test189, Intended behavior: FAILURE, when executed after: [randoop.jodatime.RandoopTest3.test185], The revealed different behavior: PASS, when executed after: [], Test: randoop.jodatime.RandoopTest3.test185, Intended behavior: FAILURE, when executed after: [randoop.jodatime.RandoopTest3.test161], The revealed different behavior: PASS, when executed after: [], Test: randoop.jodatime.RandoopTest3.test161, Intended behavior: FAILURE, when executed after: [randoop.jodatime.RandoopTest2.test493], The revealed different behavior: PASS, when executed after: [], Test: randoop.jodatime.RandoopTest3.test389, Intended behavior: FAILURE, when executed after: [randoop.jodatime.RandoopTest3.test383], The revealed different behavior: PASS, when executed after: [], Test: randoop.jodatime.RandoopTest3.test383, Intended behavior: FAILURE, when executed after: [randoop.jodatime.RandoopTest3.test347], The revealed different behavior: PASS, when executed after: [], Test: randoop.jodatime.RandoopTest3.test347, Intended behavior: FAILURE, when executed after: [randoop.jodatime.RandoopTest3.test345], The revealed different behavior: PASS, when executed after: [], Test: randoop.jodatime.RandoopTest3.test345, Intended behavior: FAILURE, when executed after: [randoop.jodatime.RandoopTest3.test316], The revealed different behavior: PASS, when executed after: [], Test: randoop.jodatime.RandoopTest3.test316, Intended behavior: FAILURE, when executed after: [randoop.jodatime.RandoopTest3.test315], The revealed different behavior: PASS, when executed after: [], Test: randoop.jodatime.RandoopTest3.test315, Intended behavior: FAILURE, when executed after: [randoop.jodatime.RandoopTest3.test195], The revealed different behavior: PASS, when executed after: [], Test: randoop.jodatime.RandoopTest3.test496, Intended behavior: FAILURE, when executed after: [randoop.jodatime.RandoopTest3.test467], The revealed different behavior: PASS, when executed after: [], Test: randoop.jodatime.RandoopTest3.test467, Intended behavior: FAILURE, when executed after: [randoop.jodatime.RandoopTest3.test389], The revealed different behavior: PASS, when executed after: [], Test: randoop.jodatime.RandoopTest4.test259, Intended behavior: FAILURE, when executed after: [randoop.jodatime.RandoopTest4.test221], The revealed different behavior: PASS, when executed after: [], Test: randoop.jodatime.RandoopTest4.test221, Intended behavior: FAILURE, when executed after: [randoop.jodatime.RandoopTest4.test13], The revealed different behavior: PASS, when executed after: [], Test: randoop.jodatime.RandoopTest4.test401, Intended behavior: FAILURE, when executed after: [randoop.jodatime.RandoopTest4.test259], The revealed different behavior: PASS, when executed after: [], Test: randoop.jodatime.RandoopTest4.test434, Intended behavior: FAILURE, when executed after: [randoop.jodatime.RandoopTest4.test401], The revealed different behavior: PASS, when executed after: [], Test: randoop.jodatime.RandoopTest4.test13, Intended behavior: FAILURE, when executed after: [randoop.jodatime.RandoopTest3.test496], The revealed different behavior: PASS, when executed after: [], Test: randoop.jodatime.RandoopTest2.test212, Intended behavior: FAILURE, when executed after: [randoop.jodatime.RandoopTest2.test77], The revealed different behavior: PASS, when executed after: [], Test: randoop.jodatime.RandoopTest2.test376, Intended behavior: FAILURE, when executed after: [randoop.jodatime.RandoopTest2.test254], The revealed different behavior: PASS, when executed after: []]
--------------------------
Execution time of TLG and its time to find/nullify any DTs for 1 machine (does not include the time to run the tests in the new order): 1.512
Number of tests selected out of total in original order: 148 / 2211
Number of DTs not fixed: 0
Number of DTs fixed: 0
Execution time for executing the following testing order: 1.265

Test order list:
[randoop.jodatime.RandoopTest2.test323, randoop.jodatime.RandoopTest2.test324, randoop.jodatime.RandoopTest2.test325, randoop.jodatime.RandoopTest2.test326, randoop.jodatime.RandoopTest2.test328, randoop.jodatime.RandoopTest2.test329, randoop.jodatime.RandoopTest2.test330, randoop.jodatime.RandoopTest2.test331, randoop.jodatime.RandoopTest2.test332, randoop.jodatime.RandoopTest2.test333, randoop.jodatime.RandoopTest2.test335, randoop.jodatime.RandoopTest2.test336, randoop.jodatime.RandoopTest2.test338, randoop.jodatime.RandoopTest2.test339, randoop.jodatime.RandoopTest2.test340, randoop.jodatime.RandoopTest2.test342, randoop.jodatime.RandoopTest2.test345, randoop.jodatime.RandoopTest2.test347, randoop.jodatime.RandoopTest2.test349, randoop.jodatime.RandoopTest2.test351, randoop.jodatime.RandoopTest2.test352, randoop.jodatime.RandoopTest2.test353, randoop.jodatime.RandoopTest2.test354, randoop.jodatime.RandoopTest2.test355, randoop.jodatime.RandoopTest0.test498, randoop.jodatime.RandoopTest1.test181, randoop.jodatime.RandoopTest1.test235, randoop.jodatime.RandoopTest2.test21, randoop.jodatime.RandoopTest2.test36, randoop.jodatime.RandoopTest2.test243, randoop.jodatime.RandoopTest2.test356, randoop.jodatime.RandoopTest2.test357, randoop.jodatime.RandoopTest2.test358, randoop.jodatime.RandoopTest2.test359, randoop.jodatime.RandoopTest2.test360, randoop.jodatime.RandoopTest2.test362, randoop.jodatime.RandoopTest2.test365, randoop.jodatime.RandoopTest2.test366, randoop.jodatime.RandoopTest2.test367, randoop.jodatime.RandoopTest2.test368, randoop.jodatime.RandoopTest2.test369, randoop.jodatime.RandoopTest2.test370, randoop.jodatime.RandoopTest2.test371, randoop.jodatime.RandoopTest2.test372, randoop.jodatime.RandoopTest2.test373, randoop.jodatime.RandoopTest2.test374, randoop.jodatime.RandoopTest2.test375, randoop.jodatime.RandoopTest1.test467, randoop.jodatime.RandoopTest2.test77, randoop.jodatime.RandoopTest2.test212, randoop.jodatime.RandoopTest2.test254, randoop.jodatime.RandoopTest2.test376, randoop.jodatime.RandoopTest2.test377, randoop.jodatime.RandoopTest2.test378, randoop.jodatime.RandoopTest2.test380, randoop.jodatime.RandoopTest2.test381, randoop.jodatime.RandoopTest2.test382, randoop.jodatime.RandoopTest2.test383, randoop.jodatime.RandoopTest2.test384, randoop.jodatime.RandoopTest2.test386, randoop.jodatime.RandoopTest2.test387, randoop.jodatime.RandoopTest2.test388, randoop.jodatime.RandoopTest2.test390, randoop.jodatime.RandoopTest2.test391, randoop.jodatime.RandoopTest2.test392, randoop.jodatime.RandoopTest2.test393, randoop.jodatime.RandoopTest2.test394, randoop.jodatime.RandoopTest2.test395, randoop.jodatime.RandoopTest2.test397, randoop.jodatime.RandoopTest2.test398, randoop.jodatime.RandoopTest2.test399, randoop.jodatime.RandoopTest2.test400, randoop.jodatime.RandoopTest2.test401, randoop.jodatime.RandoopTest2.test402, randoop.jodatime.RandoopTest2.test404, randoop.jodatime.RandoopTest2.test405, randoop.jodatime.RandoopTest2.test406, randoop.jodatime.RandoopTest2.test408, randoop.jodatime.RandoopTest2.test409, randoop.jodatime.RandoopTest2.test410, randoop.jodatime.RandoopTest2.test411, randoop.jodatime.RandoopTest2.test413, randoop.jodatime.RandoopTest2.test414, randoop.jodatime.RandoopTest2.test415, randoop.jodatime.RandoopTest2.test416, randoop.jodatime.RandoopTest2.test417, randoop.jodatime.RandoopTest2.test418, randoop.jodatime.RandoopTest2.test419, randoop.jodatime.RandoopTest2.test420, randoop.jodatime.RandoopTest2.test421, randoop.jodatime.RandoopTest2.test422, randoop.jodatime.RandoopTest2.test424, randoop.jodatime.RandoopTest2.test426, randoop.jodatime.RandoopTest2.test427, randoop.jodatime.RandoopTest2.test428, randoop.jodatime.RandoopTest2.test429, randoop.jodatime.RandoopTest2.test430, randoop.jodatime.RandoopTest2.test431, randoop.jodatime.RandoopTest2.test432, randoop.jodatime.RandoopTest2.test433, randoop.jodatime.RandoopTest2.test434, randoop.jodatime.RandoopTest2.test435, randoop.jodatime.RandoopTest2.test436, randoop.jodatime.RandoopTest2.test437, randoop.jodatime.RandoopTest2.test438, randoop.jodatime.RandoopTest2.test439, randoop.jodatime.RandoopTest2.test440, randoop.jodatime.RandoopTest2.test441, randoop.jodatime.RandoopTest2.test442, randoop.jodatime.RandoopTest2.test443, randoop.jodatime.RandoopTest2.test444, randoop.jodatime.RandoopTest2.test445, randoop.jodatime.RandoopTest2.test446, randoop.jodatime.RandoopTest2.test449, randoop.jodatime.RandoopTest2.test450, randoop.jodatime.RandoopTest2.test453, randoop.jodatime.RandoopTest2.test454, randoop.jodatime.RandoopTest2.test455, randoop.jodatime.RandoopTest2.test456, randoop.jodatime.RandoopTest2.test457, randoop.jodatime.RandoopTest2.test458, randoop.jodatime.RandoopTest2.test459, randoop.jodatime.RandoopTest2.test460, randoop.jodatime.RandoopTest2.test461, randoop.jodatime.RandoopTest2.test464, randoop.jodatime.RandoopTest2.test465, randoop.jodatime.RandoopTest2.test466, randoop.jodatime.RandoopTest2.test467, randoop.jodatime.RandoopTest2.test468, randoop.jodatime.RandoopTest2.test469, randoop.jodatime.RandoopTest2.test470, randoop.jodatime.RandoopTest2.test471, randoop.jodatime.RandoopTest2.test472, randoop.jodatime.RandoopTest2.test473, randoop.jodatime.RandoopTest2.test474, randoop.jodatime.RandoopTest2.test475, randoop.jodatime.RandoopTest2.test476, randoop.jodatime.RandoopTest2.test478, randoop.jodatime.RandoopTest2.test480, randoop.jodatime.RandoopTest2.test481, randoop.jodatime.RandoopTest2.test482, randoop.jodatime.RandoopTest2.test483, randoop.jodatime.RandoopTest2.test484, randoop.jodatime.RandoopTest2.test486, randoop.jodatime.RandoopTest2.test487, randoop.jodatime.RandoopTest2.test489, randoop.jodatime.RandoopTest2.test490, randoop.jodatime.RandoopTest2.test491]

Time each test takes to run in the new order:
[133336493, 41733961, 26323231, 47466190, 45737231, 24211488, 23268804, 18064922, 18547339, 25266565, 64652329, 13470497, 8110246, 7691307, 6949893, 6346934, 8157989, 10058385, 18198465, 21761721, 13172469, 17572617, 11913391, 12122387, 21944173, 21842308, 15549541, 9572872, 16745698, 22073111, 8517484, 18979570, 11079825, 20695399, 13491347, 12625624, 11857532, 12697088, 21276755, 15678814, 12483700, 13163092, 12228043, 14652536, 19739115, 12281546, 2016471, 7336522, 10034452, 8641564, 2253071, 10397065, 1893455, 10413229, 6599821, 11926587, 1918872, 10150147, 2169094, 10252950, 3105106, 9358393, 2249040, 7565648, 2265572, 11206164, 2398364, 5830514, 1972948, 1999669, 1882510, 3065760, 2239919, 1963668, 2263996, 2055800, 2097188, 1683190, 1778857, 1678849, 1996493, 1860026, 2830015, 2571780, 1971840, 1695382, 3216815, 1866068, 1701877, 1947637, 1921479, 2238117, 1818478, 2652972, 1731446, 1895300, 1828579, 1926596, 2046162, 2215639, 2255661, 1772752, 1814709, 1656574, 2616822, 1881411, 2135928, 1665846, 1890766, 1884292, 1870793, 1892545, 1902567, 1777936, 1668856, 2891492, 1939198, 1701289, 1669877, 2273398, 1696824, 1893394, 1755795, 1711188, 1957736, 1799183, 1940535, 2769596, 1728558, 1671083, 1701101, 1789543, 4137647, 1745276, 1781049, 1921682, 1745377, 1749226, 3463083, 1825914, 1770485, 1678641, 2296068, 1729863, 1881554, 1816106, 1798807, 1709887]

Dependent test list:
[Test: randoop.jodatime.RandoopTest0.test196, Intended behavior: FAILURE, when executed after: [randoop.jodatime.RandoopTest0.test192], The revealed different behavior: PASS, when executed after: [], Test: randoop.jodatime.RandoopTest0.test192, Intended behavior: FAILURE, when executed after: [randoop.jodatime.RandoopTest0.test165], The revealed different behavior: PASS, when executed after: [], Test: randoop.jodatime.RandoopTest0.test165, Intended behavior: FAILURE, when executed after: [randoop.jodatime.RandoopTest0.test135], The revealed different behavior: PASS, when executed after: [], Test: randoop.jodatime.RandoopTest0.test360, Intended behavior: FAILURE, when executed after: [randoop.jodatime.RandoopTest0.test338], The revealed different behavior: PASS, when executed after: [], Test: randoop.jodatime.RandoopTest0.test338, Intended behavior: FAILURE, when executed after: [randoop.jodatime.RandoopTest0.test325], The revealed different behavior: PASS, when executed after: [], Test: randoop.jodatime.RandoopTest0.test325, Intended behavior: FAILURE, when executed after: [randoop.jodatime.RandoopTest0.test196], The revealed different behavior: PASS, when executed after: [], Test: randoop.jodatime.RandoopTest1.test235, Intended behavior: FAILURE, when executed after: [randoop.jodatime.RandoopTest1.test181], The revealed different behavior: PASS, when executed after: [], Test: randoop.jodatime.RandoopTest1.test181, Intended behavior: FAILURE, when executed after: [randoop.jodatime.RandoopTest0.test498], The revealed different behavior: PASS, when executed after: [], Test: randoop.jodatime.RandoopTest2.test36, Intended behavior: FAILURE, when executed after: [randoop.jodatime.RandoopTest2.test21], The revealed different behavior: PASS, when executed after: [], Test: randoop.jodatime.RandoopTest2.test77, Intended behavior: FAILURE, when executed after: [randoop.jodatime.RandoopTest1.test467], The revealed different behavior: PASS, when executed after: [], Test: randoop.jodatime.RandoopTest2.test21, Intended behavior: FAILURE, when executed after: [randoop.jodatime.RandoopTest1.test235], The revealed different behavior: PASS, when executed after: [], Test: randoop.jodatime.RandoopTest2.test254, Intended behavior: FAILURE, when executed after: [randoop.jodatime.RandoopTest2.test212], The revealed different behavior: PASS, when executed after: [], Test: randoop.jodatime.RandoopTest2.test243, Intended behavior: FAILURE, when executed after: [randoop.jodatime.RandoopTest2.test36], The revealed different behavior: PASS, when executed after: [], Test: randoop.jodatime.RandoopTest2.test490, Intended behavior: FAILURE, when executed after: [randoop.jodatime.RandoopTest2.test487], The revealed different behavior: PASS, when executed after: [], Test: randoop.jodatime.RandoopTest2.test487, Intended behavior: FAILURE, when executed after: [randoop.jodatime.RandoopTest2.test356], The revealed different behavior: PASS, when executed after: [], Test: randoop.jodatime.RandoopTest2.test356, Intended behavior: FAILURE, when executed after: [randoop.jodatime.RandoopTest2.test243], The revealed different behavior: PASS, when executed after: [], Test: randoop.jodatime.RandoopTest2.test474, Intended behavior: FAILURE, when executed after: [randoop.jodatime.RandoopTest2.test376], The revealed different behavior: PASS, when executed after: [], Test: randoop.jodatime.RandoopTest2.test493, Intended behavior: FAILURE, when executed after: [randoop.jodatime.RandoopTest2.test490], The revealed different behavior: PASS, when executed after: [], Test: randoop.jodatime.RandoopTest3.test195, Intended behavior: FAILURE, when executed after: [randoop.jodatime.RandoopTest3.test193], The revealed different behavior: PASS, when executed after: [], Test: randoop.jodatime.RandoopTest3.test193, Intended behavior: FAILURE, when executed after: [randoop.jodatime.RandoopTest3.test189], The revealed different behavior: PASS, when executed after: [], Test: randoop.jodatime.RandoopTest3.test189, Intended behavior: FAILURE, when executed after: [randoop.jodatime.RandoopTest3.test185], The revealed different behavior: PASS, when executed after: [], Test: randoop.jodatime.RandoopTest3.test185, Intended behavior: FAILURE, when executed after: [randoop.jodatime.RandoopTest3.test161], The revealed different behavior: PASS, when executed after: [], Test: randoop.jodatime.RandoopTest3.test161, Intended behavior: FAILURE, when executed after: [randoop.jodatime.RandoopTest2.test493], The revealed different behavior: PASS, when executed after: [], Test: randoop.jodatime.RandoopTest3.test389, Intended behavior: FAILURE, when executed after: [randoop.jodatime.RandoopTest3.test383], The revealed different behavior: PASS, when executed after: [], Test: randoop.jodatime.RandoopTest3.test383, Intended behavior: FAILURE, when executed after: [randoop.jodatime.RandoopTest3.test347], The revealed different behavior: PASS, when executed after: [], Test: randoop.jodatime.RandoopTest3.test347, Intended behavior: FAILURE, when executed after: [randoop.jodatime.RandoopTest3.test345], The revealed different behavior: PASS, when executed after: [], Test: randoop.jodatime.RandoopTest3.test345, Intended behavior: FAILURE, when executed after: [randoop.jodatime.RandoopTest3.test316], The revealed different behavior: PASS, when executed after: [], Test: randoop.jodatime.RandoopTest3.test316, Intended behavior: FAILURE, when executed after: [randoop.jodatime.RandoopTest3.test315], The revealed different behavior: PASS, when executed after: [], Test: randoop.jodatime.RandoopTest3.test315, Intended behavior: FAILURE, when executed after: [randoop.jodatime.RandoopTest3.test195], The revealed different behavior: PASS, when executed after: [], Test: randoop.jodatime.RandoopTest3.test496, Intended behavior: FAILURE, when executed after: [randoop.jodatime.RandoopTest3.test467], The revealed different behavior: PASS, when executed after: [], Test: randoop.jodatime.RandoopTest3.test467, Intended behavior: FAILURE, when executed after: [randoop.jodatime.RandoopTest3.test389], The revealed different behavior: PASS, when executed after: [], Test: randoop.jodatime.RandoopTest4.test259, Intended behavior: FAILURE, when executed after: [randoop.jodatime.RandoopTest4.test221], The revealed different behavior: PASS, when executed after: [], Test: randoop.jodatime.RandoopTest4.test221, Intended behavior: FAILURE, when executed after: [randoop.jodatime.RandoopTest4.test13], The revealed different behavior: PASS, when executed after: [], Test: randoop.jodatime.RandoopTest4.test401, Intended behavior: FAILURE, when executed after: [randoop.jodatime.RandoopTest4.test259], The revealed different behavior: PASS, when executed after: [], Test: randoop.jodatime.RandoopTest4.test434, Intended behavior: FAILURE, when executed after: [randoop.jodatime.RandoopTest4.test401], The revealed different behavior: PASS, when executed after: [], Test: randoop.jodatime.RandoopTest4.test13, Intended behavior: FAILURE, when executed after: [randoop.jodatime.RandoopTest3.test496], The revealed different behavior: PASS, when executed after: [], Test: randoop.jodatime.RandoopTest2.test212, Intended behavior: FAILURE, when executed after: [randoop.jodatime.RandoopTest2.test77], The revealed different behavior: PASS, when executed after: [], Test: randoop.jodatime.RandoopTest2.test376, Intended behavior: FAILURE, when executed after: [randoop.jodatime.RandoopTest2.test254], The revealed different behavior: PASS, when executed after: []]
--------------------------
Execution time of TLG and its time to find/nullify any DTs for 1 machine (does not include the time to run the tests in the new order): 2.698
Number of tests selected out of total in original order: 147 / 2211
Number of DTs not fixed: 0
Number of DTs fixed: 0
Execution time for executing the following testing order: 2.508

Test order list:
[randoop.jodatime.RandoopTest0.test498, randoop.jodatime.RandoopTest1.test181, randoop.jodatime.RandoopTest1.test235, randoop.jodatime.RandoopTest2.test21, randoop.jodatime.RandoopTest2.test36, randoop.jodatime.RandoopTest2.test243, randoop.jodatime.RandoopTest2.test356, randoop.jodatime.RandoopTest2.test487, randoop.jodatime.RandoopTest2.test490, randoop.jodatime.RandoopTest2.test493, randoop.jodatime.RandoopTest2.test494, randoop.jodatime.RandoopTest2.test495, randoop.jodatime.RandoopTest2.test497, randoop.jodatime.RandoopTest2.test498, randoop.jodatime.RandoopTest2.test500, randoop.jodatime.RandoopTest3.test1, randoop.jodatime.RandoopTest3.test3, randoop.jodatime.RandoopTest3.test5, randoop.jodatime.RandoopTest3.test7, randoop.jodatime.RandoopTest3.test8, randoop.jodatime.RandoopTest3.test9, randoop.jodatime.RandoopTest3.test10, randoop.jodatime.RandoopTest3.test11, randoop.jodatime.RandoopTest3.test12, randoop.jodatime.RandoopTest3.test13, randoop.jodatime.RandoopTest3.test14, randoop.jodatime.RandoopTest3.test15, randoop.jodatime.RandoopTest3.test16, randoop.jodatime.RandoopTest3.test17, randoop.jodatime.RandoopTest3.test18, randoop.jodatime.RandoopTest3.test20, randoop.jodatime.RandoopTest3.test21, randoop.jodatime.RandoopTest3.test22, randoop.jodatime.RandoopTest3.test23, randoop.jodatime.RandoopTest3.test24, randoop.jodatime.RandoopTest3.test25, randoop.jodatime.RandoopTest3.test26, randoop.jodatime.RandoopTest3.test27, randoop.jodatime.RandoopTest3.test28, randoop.jodatime.RandoopTest3.test29, randoop.jodatime.RandoopTest3.test30, randoop.jodatime.RandoopTest3.test31, randoop.jodatime.RandoopTest3.test32, randoop.jodatime.RandoopTest3.test33, randoop.jodatime.RandoopTest3.test34, randoop.jodatime.RandoopTest3.test35, randoop.jodatime.RandoopTest3.test36, randoop.jodatime.RandoopTest3.test37, randoop.jodatime.RandoopTest3.test38, randoop.jodatime.RandoopTest3.test39, randoop.jodatime.RandoopTest3.test40, randoop.jodatime.RandoopTest3.test41, randoop.jodatime.RandoopTest3.test42, randoop.jodatime.RandoopTest3.test43, randoop.jodatime.RandoopTest3.test44, randoop.jodatime.RandoopTest3.test45, randoop.jodatime.RandoopTest3.test46, randoop.jodatime.RandoopTest3.test48, randoop.jodatime.RandoopTest3.test49, randoop.jodatime.RandoopTest3.test50, randoop.jodatime.RandoopTest3.test52, randoop.jodatime.RandoopTest3.test53, randoop.jodatime.RandoopTest3.test54, randoop.jodatime.RandoopTest3.test55, randoop.jodatime.RandoopTest3.test56, randoop.jodatime.RandoopTest3.test57, randoop.jodatime.RandoopTest3.test58, randoop.jodatime.RandoopTest3.test59, randoop.jodatime.RandoopTest3.test60, randoop.jodatime.RandoopTest3.test61, randoop.jodatime.RandoopTest3.test62, randoop.jodatime.RandoopTest3.test64, randoop.jodatime.RandoopTest3.test65, randoop.jodatime.RandoopTest3.test66, randoop.jodatime.RandoopTest3.test68, randoop.jodatime.RandoopTest3.test71, randoop.jodatime.RandoopTest3.test73, randoop.jodatime.RandoopTest3.test75, randoop.jodatime.RandoopTest3.test78, randoop.jodatime.RandoopTest3.test79, randoop.jodatime.RandoopTest3.test80, randoop.jodatime.RandoopTest3.test81, randoop.jodatime.RandoopTest3.test82, randoop.jodatime.RandoopTest3.test83, randoop.jodatime.RandoopTest3.test84, randoop.jodatime.RandoopTest3.test85, randoop.jodatime.RandoopTest3.test86, randoop.jodatime.RandoopTest3.test87, randoop.jodatime.RandoopTest3.test88, randoop.jodatime.RandoopTest3.test89, randoop.jodatime.RandoopTest3.test90, randoop.jodatime.RandoopTest3.test91, randoop.jodatime.RandoopTest3.test92, randoop.jodatime.RandoopTest3.test94, randoop.jodatime.RandoopTest3.test95, randoop.jodatime.RandoopTest3.test96, randoop.jodatime.RandoopTest3.test98, randoop.jodatime.RandoopTest3.test99, randoop.jodatime.RandoopTest3.test100, randoop.jodatime.RandoopTest3.test102, randoop.jodatime.RandoopTest3.test103, randoop.jodatime.RandoopTest3.test104, randoop.jodatime.RandoopTest3.test105, randoop.jodatime.RandoopTest3.test106, randoop.jodatime.RandoopTest3.test107, randoop.jodatime.RandoopTest3.test108, randoop.jodatime.RandoopTest3.test109, randoop.jodatime.RandoopTest3.test112, randoop.jodatime.RandoopTest3.test113, randoop.jodatime.RandoopTest3.test114, randoop.jodatime.RandoopTest3.test115, randoop.jodatime.RandoopTest3.test116, randoop.jodatime.RandoopTest3.test118, randoop.jodatime.RandoopTest3.test119, randoop.jodatime.RandoopTest3.test120, randoop.jodatime.RandoopTest3.test121, randoop.jodatime.RandoopTest3.test122, randoop.jodatime.RandoopTest3.test124, randoop.jodatime.RandoopTest3.test125, randoop.jodatime.RandoopTest3.test128, randoop.jodatime.RandoopTest3.test129, randoop.jodatime.RandoopTest3.test130, randoop.jodatime.RandoopTest3.test132, randoop.jodatime.RandoopTest3.test133, randoop.jodatime.RandoopTest3.test134, randoop.jodatime.RandoopTest3.test135, randoop.jodatime.RandoopTest3.test136, randoop.jodatime.RandoopTest3.test137, randoop.jodatime.RandoopTest3.test138, randoop.jodatime.RandoopTest3.test139, randoop.jodatime.RandoopTest3.test140, randoop.jodatime.RandoopTest3.test141, randoop.jodatime.RandoopTest3.test142, randoop.jodatime.RandoopTest3.test143, randoop.jodatime.RandoopTest3.test144, randoop.jodatime.RandoopTest3.test145, randoop.jodatime.RandoopTest3.test146, randoop.jodatime.RandoopTest3.test148, randoop.jodatime.RandoopTest3.test149, randoop.jodatime.RandoopTest3.test150, randoop.jodatime.RandoopTest3.test151, randoop.jodatime.RandoopTest3.test152, randoop.jodatime.RandoopTest3.test153, randoop.jodatime.RandoopTest3.test154, randoop.jodatime.RandoopTest3.test157, randoop.jodatime.RandoopTest3.test158, randoop.jodatime.RandoopTest3.test159]

Time each test takes to run in the new order:
[129493312, 43494465, 20131610, 27802351, 45739278, 31836454, 45155042, 27206863, 29605874, 37674456, 25692206, 12698974, 26467999, 20314917, 15740136, 26788553, 15594602, 6956824, 28103814, 20009465, 27859035, 9359474, 20638203, 17571614, 13732922, 23692089, 21634148, 33733865, 23836206, 19397030, 19282806, 27381111, 19955009, 23261848, 37742854, 26071755, 35977083, 33624150, 28167859, 24950230, 29831582, 28884157, 28733126, 25320438, 30126404, 25782452, 25696964, 28648800, 32067685, 19951349, 15379499, 23523588, 27789577, 23459918, 19086106, 23193787, 18001341, 38827999, 24064415, 34125113, 24522037, 24518683, 35574092, 24497342, 24082345, 11817772, 11139897, 7882009, 2859758, 10986374, 10804347, 6391057, 15143151, 6823077, 10722735, 2686177, 10827390, 10657840, 3021594, 14790270, 10575183, 2765302, 11964026, 12749333, 3102098, 7093100, 10829491, 11061873, 2832848, 11026598, 16729768, 7104745, 11129204, 9315429, 8800290, 6983582, 11227580, 11075337, 2800018, 10999957, 15018852, 7208651, 2805076, 10881153, 10816882, 13680407, 6853118, 10781805, 2908990, 10915713, 10916325, 11011456, 3070971, 11035740, 11160938, 9711900, 2810569, 12410737, 11043861, 11414432, 11034328, 2878730, 9904657, 2619927, 18872639, 10753490, 5476989, 2593936, 15992475, 6730310, 11911613, 2848784, 11123045, 9548656, 2771018, 10823634, 10656292, 2805417, 10753442, 11905308, 9213874, 6755455, 10648021, 2641020, 10868132, 9810079, 2892932]

Dependent test list:
[Test: randoop.jodatime.RandoopTest0.test196, Intended behavior: FAILURE, when executed after: [randoop.jodatime.RandoopTest0.test192], The revealed different behavior: PASS, when executed after: [], Test: randoop.jodatime.RandoopTest0.test192, Intended behavior: FAILURE, when executed after: [randoop.jodatime.RandoopTest0.test165], The revealed different behavior: PASS, when executed after: [], Test: randoop.jodatime.RandoopTest0.test165, Intended behavior: FAILURE, when executed after: [randoop.jodatime.RandoopTest0.test135], The revealed different behavior: PASS, when executed after: [], Test: randoop.jodatime.RandoopTest0.test360, Intended behavior: FAILURE, when executed after: [randoop.jodatime.RandoopTest0.test338], The revealed different behavior: PASS, when executed after: [], Test: randoop.jodatime.RandoopTest0.test338, Intended behavior: FAILURE, when executed after: [randoop.jodatime.RandoopTest0.test325], The revealed different behavior: PASS, when executed after: [], Test: randoop.jodatime.RandoopTest0.test325, Intended behavior: FAILURE, when executed after: [randoop.jodatime.RandoopTest0.test196], The revealed different behavior: PASS, when executed after: [], Test: randoop.jodatime.RandoopTest1.test235, Intended behavior: FAILURE, when executed after: [randoop.jodatime.RandoopTest1.test181], The revealed different behavior: PASS, when executed after: [], Test: randoop.jodatime.RandoopTest1.test181, Intended behavior: FAILURE, when executed after: [randoop.jodatime.RandoopTest0.test498], The revealed different behavior: PASS, when executed after: [], Test: randoop.jodatime.RandoopTest2.test36, Intended behavior: FAILURE, when executed after: [randoop.jodatime.RandoopTest2.test21], The revealed different behavior: PASS, when executed after: [], Test: randoop.jodatime.RandoopTest2.test77, Intended behavior: FAILURE, when executed after: [randoop.jodatime.RandoopTest1.test467], The revealed different behavior: PASS, when executed after: [], Test: randoop.jodatime.RandoopTest2.test21, Intended behavior: FAILURE, when executed after: [randoop.jodatime.RandoopTest1.test235], The revealed different behavior: PASS, when executed after: [], Test: randoop.jodatime.RandoopTest2.test254, Intended behavior: FAILURE, when executed after: [randoop.jodatime.RandoopTest2.test212], The revealed different behavior: PASS, when executed after: [], Test: randoop.jodatime.RandoopTest2.test243, Intended behavior: FAILURE, when executed after: [randoop.jodatime.RandoopTest2.test36], The revealed different behavior: PASS, when executed after: [], Test: randoop.jodatime.RandoopTest2.test490, Intended behavior: FAILURE, when executed after: [randoop.jodatime.RandoopTest2.test487], The revealed different behavior: PASS, when executed after: [], Test: randoop.jodatime.RandoopTest2.test487, Intended behavior: FAILURE, when executed after: [randoop.jodatime.RandoopTest2.test356], The revealed different behavior: PASS, when executed after: [], Test: randoop.jodatime.RandoopTest2.test356, Intended behavior: FAILURE, when executed after: [randoop.jodatime.RandoopTest2.test243], The revealed different behavior: PASS, when executed after: [], Test: randoop.jodatime.RandoopTest2.test474, Intended behavior: FAILURE, when executed after: [randoop.jodatime.RandoopTest2.test376], The revealed different behavior: PASS, when executed after: [], Test: randoop.jodatime.RandoopTest2.test493, Intended behavior: FAILURE, when executed after: [randoop.jodatime.RandoopTest2.test490], The revealed different behavior: PASS, when executed after: [], Test: randoop.jodatime.RandoopTest3.test195, Intended behavior: FAILURE, when executed after: [randoop.jodatime.RandoopTest3.test193], The revealed different behavior: PASS, when executed after: [], Test: randoop.jodatime.RandoopTest3.test193, Intended behavior: FAILURE, when executed after: [randoop.jodatime.RandoopTest3.test189], The revealed different behavior: PASS, when executed after: [], Test: randoop.jodatime.RandoopTest3.test189, Intended behavior: FAILURE, when executed after: [randoop.jodatime.RandoopTest3.test185], The revealed different behavior: PASS, when executed after: [], Test: randoop.jodatime.RandoopTest3.test185, Intended behavior: FAILURE, when executed after: [randoop.jodatime.RandoopTest3.test161], The revealed different behavior: PASS, when executed after: [], Test: randoop.jodatime.RandoopTest3.test161, Intended behavior: FAILURE, when executed after: [randoop.jodatime.RandoopTest2.test493], The revealed different behavior: PASS, when executed after: [], Test: randoop.jodatime.RandoopTest3.test389, Intended behavior: FAILURE, when executed after: [randoop.jodatime.RandoopTest3.test383], The revealed different behavior: PASS, when executed after: [], Test: randoop.jodatime.RandoopTest3.test383, Intended behavior: FAILURE, when executed after: [randoop.jodatime.RandoopTest3.test347], The revealed different behavior: PASS, when executed after: [], Test: randoop.jodatime.RandoopTest3.test347, Intended behavior: FAILURE, when executed after: [randoop.jodatime.RandoopTest3.test345], The revealed different behavior: PASS, when executed after: [], Test: randoop.jodatime.RandoopTest3.test345, Intended behavior: FAILURE, when executed after: [randoop.jodatime.RandoopTest3.test316], The revealed different behavior: PASS, when executed after: [], Test: randoop.jodatime.RandoopTest3.test316, Intended behavior: FAILURE, when executed after: [randoop.jodatime.RandoopTest3.test315], The revealed different behavior: PASS, when executed after: [], Test: randoop.jodatime.RandoopTest3.test315, Intended behavior: FAILURE, when executed after: [randoop.jodatime.RandoopTest3.test195], The revealed different behavior: PASS, when executed after: [], Test: randoop.jodatime.RandoopTest3.test496, Intended behavior: FAILURE, when executed after: [randoop.jodatime.RandoopTest3.test467], The revealed different behavior: PASS, when executed after: [], Test: randoop.jodatime.RandoopTest3.test467, Intended behavior: FAILURE, when executed after: [randoop.jodatime.RandoopTest3.test389], The revealed different behavior: PASS, when executed after: [], Test: randoop.jodatime.RandoopTest4.test259, Intended behavior: FAILURE, when executed after: [randoop.jodatime.RandoopTest4.test221], The revealed different behavior: PASS, when executed after: [], Test: randoop.jodatime.RandoopTest4.test221, Intended behavior: FAILURE, when executed after: [randoop.jodatime.RandoopTest4.test13], The revealed different behavior: PASS, when executed after: [], Test: randoop.jodatime.RandoopTest4.test401, Intended behavior: FAILURE, when executed after: [randoop.jodatime.RandoopTest4.test259], The revealed different behavior: PASS, when executed after: [], Test: randoop.jodatime.RandoopTest4.test434, Intended behavior: FAILURE, when executed after: [randoop.jodatime.RandoopTest4.test401], The revealed different behavior: PASS, when executed after: [], Test: randoop.jodatime.RandoopTest4.test13, Intended behavior: FAILURE, when executed after: [randoop.jodatime.RandoopTest3.test496], The revealed different behavior: PASS, when executed after: [], Test: randoop.jodatime.RandoopTest2.test212, Intended behavior: FAILURE, when executed after: [randoop.jodatime.RandoopTest2.test77], The revealed different behavior: PASS, when executed after: [], Test: randoop.jodatime.RandoopTest2.test376, Intended behavior: FAILURE, when executed after: [randoop.jodatime.RandoopTest2.test254], The revealed different behavior: PASS, when executed after: []]
--------------------------
Execution time of TLG and its time to find/nullify any DTs for 1 machine (does not include the time to run the tests in the new order): 1.417
Number of tests selected out of total in original order: 148 / 2211
Number of DTs not fixed: 0
Number of DTs fixed: 0
Execution time for executing the following testing order: 1.246

Test order list:
[randoop.jodatime.RandoopTest0.test498, randoop.jodatime.RandoopTest1.test181, randoop.jodatime.RandoopTest1.test235, randoop.jodatime.RandoopTest2.test21, randoop.jodatime.RandoopTest2.test36, randoop.jodatime.RandoopTest2.test243, randoop.jodatime.RandoopTest2.test356, randoop.jodatime.RandoopTest2.test487, randoop.jodatime.RandoopTest2.test490, randoop.jodatime.RandoopTest2.test493, randoop.jodatime.RandoopTest3.test161, randoop.jodatime.RandoopTest3.test162, randoop.jodatime.RandoopTest3.test163, randoop.jodatime.RandoopTest3.test164, randoop.jodatime.RandoopTest3.test165, randoop.jodatime.RandoopTest3.test166, randoop.jodatime.RandoopTest3.test167, randoop.jodatime.RandoopTest3.test168, randoop.jodatime.RandoopTest3.test169, randoop.jodatime.RandoopTest3.test170, randoop.jodatime.RandoopTest3.test171, randoop.jodatime.RandoopTest3.test172, randoop.jodatime.RandoopTest3.test173, randoop.jodatime.RandoopTest3.test174, randoop.jodatime.RandoopTest3.test175, randoop.jodatime.RandoopTest3.test176, randoop.jodatime.RandoopTest3.test177, randoop.jodatime.RandoopTest3.test178, randoop.jodatime.RandoopTest3.test179, randoop.jodatime.RandoopTest3.test180, randoop.jodatime.RandoopTest3.test181, randoop.jodatime.RandoopTest3.test182, randoop.jodatime.RandoopTest3.test183, randoop.jodatime.RandoopTest3.test184, randoop.jodatime.RandoopTest3.test185, randoop.jodatime.RandoopTest3.test186, randoop.jodatime.RandoopTest3.test187, randoop.jodatime.RandoopTest3.test188, randoop.jodatime.RandoopTest3.test189, randoop.jodatime.RandoopTest3.test190, randoop.jodatime.RandoopTest3.test191, randoop.jodatime.RandoopTest3.test192, randoop.jodatime.RandoopTest3.test193, randoop.jodatime.RandoopTest3.test194, randoop.jodatime.RandoopTest3.test195, randoop.jodatime.RandoopTest3.test196, randoop.jodatime.RandoopTest3.test197, randoop.jodatime.RandoopTest3.test198, randoop.jodatime.RandoopTest3.test199, randoop.jodatime.RandoopTest3.test200, randoop.jodatime.RandoopTest3.test201, randoop.jodatime.RandoopTest3.test202, randoop.jodatime.RandoopTest3.test204, randoop.jodatime.RandoopTest3.test205, randoop.jodatime.RandoopTest3.test206, randoop.jodatime.RandoopTest3.test208, randoop.jodatime.RandoopTest3.test209, randoop.jodatime.RandoopTest3.test210, randoop.jodatime.RandoopTest3.test211, randoop.jodatime.RandoopTest3.test212, randoop.jodatime.RandoopTest3.test213, randoop.jodatime.RandoopTest3.test215, randoop.jodatime.RandoopTest3.test216, randoop.jodatime.RandoopTest3.test217, randoop.jodatime.RandoopTest3.test218, randoop.jodatime.RandoopTest3.test219, randoop.jodatime.RandoopTest3.test220, randoop.jodatime.RandoopTest3.test221, randoop.jodatime.RandoopTest3.test222, randoop.jodatime.RandoopTest3.test223, randoop.jodatime.RandoopTest3.test224, randoop.jodatime.RandoopTest3.test225, randoop.jodatime.RandoopTest3.test226, randoop.jodatime.RandoopTest3.test228, randoop.jodatime.RandoopTest3.test231, randoop.jodatime.RandoopTest3.test232, randoop.jodatime.RandoopTest3.test233, randoop.jodatime.RandoopTest3.test234, randoop.jodatime.RandoopTest3.test235, randoop.jodatime.RandoopTest3.test236, randoop.jodatime.RandoopTest3.test237, randoop.jodatime.RandoopTest3.test238, randoop.jodatime.RandoopTest3.test239, randoop.jodatime.RandoopTest3.test240, randoop.jodatime.RandoopTest3.test241, randoop.jodatime.RandoopTest3.test242, randoop.jodatime.RandoopTest3.test243, randoop.jodatime.RandoopTest3.test244, randoop.jodatime.RandoopTest3.test245, randoop.jodatime.RandoopTest3.test246, randoop.jodatime.RandoopTest3.test247, randoop.jodatime.RandoopTest3.test248, randoop.jodatime.RandoopTest3.test249, randoop.jodatime.RandoopTest3.test250, randoop.jodatime.RandoopTest3.test252, randoop.jodatime.RandoopTest3.test254, randoop.jodatime.RandoopTest3.test255, randoop.jodatime.RandoopTest3.test256, randoop.jodatime.RandoopTest3.test257, randoop.jodatime.RandoopTest3.test258, randoop.jodatime.RandoopTest3.test259, randoop.jodatime.RandoopTest3.test261, randoop.jodatime.RandoopTest3.test262, randoop.jodatime.RandoopTest3.test263, randoop.jodatime.RandoopTest3.test264, randoop.jodatime.RandoopTest3.test265, randoop.jodatime.RandoopTest3.test266, randoop.jodatime.RandoopTest3.test268, randoop.jodatime.RandoopTest3.test269, randoop.jodatime.RandoopTest3.test270, randoop.jodatime.RandoopTest3.test271, randoop.jodatime.RandoopTest3.test272, randoop.jodatime.RandoopTest3.test273, randoop.jodatime.RandoopTest3.test274, randoop.jodatime.RandoopTest3.test275, randoop.jodatime.RandoopTest3.test277, randoop.jodatime.RandoopTest3.test278, randoop.jodatime.RandoopTest3.test279, randoop.jodatime.RandoopTest3.test280, randoop.jodatime.RandoopTest3.test281, randoop.jodatime.RandoopTest3.test282, randoop.jodatime.RandoopTest3.test283, randoop.jodatime.RandoopTest3.test284, randoop.jodatime.RandoopTest3.test285, randoop.jodatime.RandoopTest3.test286, randoop.jodatime.RandoopTest3.test287, randoop.jodatime.RandoopTest3.test288, randoop.jodatime.RandoopTest3.test291, randoop.jodatime.RandoopTest3.test292, randoop.jodatime.RandoopTest3.test293, randoop.jodatime.RandoopTest3.test294, randoop.jodatime.RandoopTest3.test295, randoop.jodatime.RandoopTest3.test296, randoop.jodatime.RandoopTest3.test297, randoop.jodatime.RandoopTest3.test298, randoop.jodatime.RandoopTest3.test299, randoop.jodatime.RandoopTest3.test300, randoop.jodatime.RandoopTest3.test301, randoop.jodatime.RandoopTest3.test302, randoop.jodatime.RandoopTest3.test303, randoop.jodatime.RandoopTest3.test304, randoop.jodatime.RandoopTest3.test306, randoop.jodatime.RandoopTest3.test307, randoop.jodatime.RandoopTest3.test308, randoop.jodatime.RandoopTest3.test309, randoop.jodatime.RandoopTest3.test310, randoop.jodatime.RandoopTest3.test312, randoop.jodatime.RandoopTest3.test313]

Time each test takes to run in the new order:
[135963311, 44558658, 20671703, 29309895, 42249664, 34210239, 26089594, 17441179, 20932316, 33534276, 22327335, 19354674, 10287878, 7462028, 9251700, 12123718, 16505866, 16591962, 20312502, 14071164, 22125983, 21818773, 13550147, 19413467, 13064578, 17309220, 18097237, 11736334, 11691747, 8175118, 11638454, 12758785, 11488229, 12154592, 13395061, 11696186, 11760250, 12856275, 4399041, 11948874, 11869627, 23087281, 9603207, 7343563, 11239004, 9671130, 6587981, 10724030, 20066464, 6984006, 2846293, 10867594, 11224262, 7023551, 13443821, 9552478, 2816173, 10521941, 5679049, 10530948, 5653805, 10357827, 2339066, 9797564, 6715423, 2171592, 2077071, 4347471, 5697004, 1987311, 2041397, 2590160, 1802748, 1885477, 1782442, 1831411, 2036231, 1818306, 1982575, 1904426, 1739028, 1779772, 1763795, 2614381, 2029099, 2124466, 1726598, 1914308, 1773881, 1770937, 1968841, 1804214, 1851734, 2290029, 2679650, 1774693, 1816342, 1838731, 2848253, 2032943, 1977047, 1970375, 1840684, 1811140, 1735068, 1745656, 2740605, 1736536, 1800491, 2342437, 1878662, 1889638, 2671728, 3154921, 2308318, 2134443, 2492060, 3667958, 2562238, 2450375, 2280381, 2267516, 2257197, 2301056, 2197241, 2286463, 2161766, 2268528, 3422381, 2354058, 2355639, 2185885, 2155993, 3735709, 2508716, 2108884, 2073471, 2132840, 1977889, 2041469, 2991977, 1985138, 2057355, 2091605, 1998788, 1989433, 2013389, 2046602]

Dependent test list:
[Test: randoop.jodatime.RandoopTest0.test196, Intended behavior: FAILURE, when executed after: [randoop.jodatime.RandoopTest0.test192], The revealed different behavior: PASS, when executed after: [], Test: randoop.jodatime.RandoopTest0.test192, Intended behavior: FAILURE, when executed after: [randoop.jodatime.RandoopTest0.test165], The revealed different behavior: PASS, when executed after: [], Test: randoop.jodatime.RandoopTest0.test165, Intended behavior: FAILURE, when executed after: [randoop.jodatime.RandoopTest0.test135], The revealed different behavior: PASS, when executed after: [], Test: randoop.jodatime.RandoopTest0.test360, Intended behavior: FAILURE, when executed after: [randoop.jodatime.RandoopTest0.test338], The revealed different behavior: PASS, when executed after: [], Test: randoop.jodatime.RandoopTest0.test338, Intended behavior: FAILURE, when executed after: [randoop.jodatime.RandoopTest0.test325], The revealed different behavior: PASS, when executed after: [], Test: randoop.jodatime.RandoopTest0.test325, Intended behavior: FAILURE, when executed after: [randoop.jodatime.RandoopTest0.test196], The revealed different behavior: PASS, when executed after: [], Test: randoop.jodatime.RandoopTest1.test235, Intended behavior: FAILURE, when executed after: [randoop.jodatime.RandoopTest1.test181], The revealed different behavior: PASS, when executed after: [], Test: randoop.jodatime.RandoopTest1.test181, Intended behavior: FAILURE, when executed after: [randoop.jodatime.RandoopTest0.test498], The revealed different behavior: PASS, when executed after: [], Test: randoop.jodatime.RandoopTest2.test36, Intended behavior: FAILURE, when executed after: [randoop.jodatime.RandoopTest2.test21], The revealed different behavior: PASS, when executed after: [], Test: randoop.jodatime.RandoopTest2.test77, Intended behavior: FAILURE, when executed after: [randoop.jodatime.RandoopTest1.test467], The revealed different behavior: PASS, when executed after: [], Test: randoop.jodatime.RandoopTest2.test21, Intended behavior: FAILURE, when executed after: [randoop.jodatime.RandoopTest1.test235], The revealed different behavior: PASS, when executed after: [], Test: randoop.jodatime.RandoopTest2.test254, Intended behavior: FAILURE, when executed after: [randoop.jodatime.RandoopTest2.test212], The revealed different behavior: PASS, when executed after: [], Test: randoop.jodatime.RandoopTest2.test243, Intended behavior: FAILURE, when executed after: [randoop.jodatime.RandoopTest2.test36], The revealed different behavior: PASS, when executed after: [], Test: randoop.jodatime.RandoopTest2.test490, Intended behavior: FAILURE, when executed after: [randoop.jodatime.RandoopTest2.test487], The revealed different behavior: PASS, when executed after: [], Test: randoop.jodatime.RandoopTest2.test487, Intended behavior: FAILURE, when executed after: [randoop.jodatime.RandoopTest2.test356], The revealed different behavior: PASS, when executed after: [], Test: randoop.jodatime.RandoopTest2.test356, Intended behavior: FAILURE, when executed after: [randoop.jodatime.RandoopTest2.test243], The revealed different behavior: PASS, when executed after: [], Test: randoop.jodatime.RandoopTest2.test474, Intended behavior: FAILURE, when executed after: [randoop.jodatime.RandoopTest2.test376], The revealed different behavior: PASS, when executed after: [], Test: randoop.jodatime.RandoopTest2.test493, Intended behavior: FAILURE, when executed after: [randoop.jodatime.RandoopTest2.test490], The revealed different behavior: PASS, when executed after: [], Test: randoop.jodatime.RandoopTest3.test195, Intended behavior: FAILURE, when executed after: [randoop.jodatime.RandoopTest3.test193], The revealed different behavior: PASS, when executed after: [], Test: randoop.jodatime.RandoopTest3.test193, Intended behavior: FAILURE, when executed after: [randoop.jodatime.RandoopTest3.test189], The revealed different behavior: PASS, when executed after: [], Test: randoop.jodatime.RandoopTest3.test189, Intended behavior: FAILURE, when executed after: [randoop.jodatime.RandoopTest3.test185], The revealed different behavior: PASS, when executed after: [], Test: randoop.jodatime.RandoopTest3.test185, Intended behavior: FAILURE, when executed after: [randoop.jodatime.RandoopTest3.test161], The revealed different behavior: PASS, when executed after: [], Test: randoop.jodatime.RandoopTest3.test161, Intended behavior: FAILURE, when executed after: [randoop.jodatime.RandoopTest2.test493], The revealed different behavior: PASS, when executed after: [], Test: randoop.jodatime.RandoopTest3.test389, Intended behavior: FAILURE, when executed after: [randoop.jodatime.RandoopTest3.test383], The revealed different behavior: PASS, when executed after: [], Test: randoop.jodatime.RandoopTest3.test383, Intended behavior: FAILURE, when executed after: [randoop.jodatime.RandoopTest3.test347], The revealed different behavior: PASS, when executed after: [], Test: randoop.jodatime.RandoopTest3.test347, Intended behavior: FAILURE, when executed after: [randoop.jodatime.RandoopTest3.test345], The revealed different behavior: PASS, when executed after: [], Test: randoop.jodatime.RandoopTest3.test345, Intended behavior: FAILURE, when executed after: [randoop.jodatime.RandoopTest3.test316], The revealed different behavior: PASS, when executed after: [], Test: randoop.jodatime.RandoopTest3.test316, Intended behavior: FAILURE, when executed after: [randoop.jodatime.RandoopTest3.test315], The revealed different behavior: PASS, when executed after: [], Test: randoop.jodatime.RandoopTest3.test315, Intended behavior: FAILURE, when executed after: [randoop.jodatime.RandoopTest3.test195], The revealed different behavior: PASS, when executed after: [], Test: randoop.jodatime.RandoopTest3.test496, Intended behavior: FAILURE, when executed after: [randoop.jodatime.RandoopTest3.test467], The revealed different behavior: PASS, when executed after: [], Test: randoop.jodatime.RandoopTest3.test467, Intended behavior: FAILURE, when executed after: [randoop.jodatime.RandoopTest3.test389], The revealed different behavior: PASS, when executed after: [], Test: randoop.jodatime.RandoopTest4.test259, Intended behavior: FAILURE, when executed after: [randoop.jodatime.RandoopTest4.test221], The revealed different behavior: PASS, when executed after: [], Test: randoop.jodatime.RandoopTest4.test221, Intended behavior: FAILURE, when executed after: [randoop.jodatime.RandoopTest4.test13], The revealed different behavior: PASS, when executed after: [], Test: randoop.jodatime.RandoopTest4.test401, Intended behavior: FAILURE, when executed after: [randoop.jodatime.RandoopTest4.test259], The revealed different behavior: PASS, when executed after: [], Test: randoop.jodatime.RandoopTest4.test434, Intended behavior: FAILURE, when executed after: [randoop.jodatime.RandoopTest4.test401], The revealed different behavior: PASS, when executed after: [], Test: randoop.jodatime.RandoopTest4.test13, Intended behavior: FAILURE, when executed after: [randoop.jodatime.RandoopTest3.test496], The revealed different behavior: PASS, when executed after: [], Test: randoop.jodatime.RandoopTest2.test212, Intended behavior: FAILURE, when executed after: [randoop.jodatime.RandoopTest2.test77], The revealed different behavior: PASS, when executed after: [], Test: randoop.jodatime.RandoopTest2.test376, Intended behavior: FAILURE, when executed after: [randoop.jodatime.RandoopTest2.test254], The revealed different behavior: PASS, when executed after: []]
--------------------------
Execution time of TLG and its time to find/nullify any DTs for 1 machine (does not include the time to run the tests in the new order): 1.240
Number of tests selected out of total in original order: 153 / 2211
Number of DTs not fixed: 0
Number of DTs fixed: 0
Execution time for executing the following testing order: 1.087

Test order list:
[randoop.jodatime.RandoopTest3.test314, randoop.jodatime.RandoopTest0.test498, randoop.jodatime.RandoopTest1.test181, randoop.jodatime.RandoopTest1.test235, randoop.jodatime.RandoopTest2.test21, randoop.jodatime.RandoopTest2.test36, randoop.jodatime.RandoopTest2.test243, randoop.jodatime.RandoopTest2.test356, randoop.jodatime.RandoopTest2.test487, randoop.jodatime.RandoopTest2.test490, randoop.jodatime.RandoopTest2.test493, randoop.jodatime.RandoopTest3.test161, randoop.jodatime.RandoopTest3.test185, randoop.jodatime.RandoopTest3.test189, randoop.jodatime.RandoopTest3.test193, randoop.jodatime.RandoopTest3.test195, randoop.jodatime.RandoopTest3.test315, randoop.jodatime.RandoopTest3.test316, randoop.jodatime.RandoopTest3.test317, randoop.jodatime.RandoopTest3.test318, randoop.jodatime.RandoopTest3.test319, randoop.jodatime.RandoopTest3.test320, randoop.jodatime.RandoopTest3.test321, randoop.jodatime.RandoopTest3.test322, randoop.jodatime.RandoopTest3.test323, randoop.jodatime.RandoopTest3.test324, randoop.jodatime.RandoopTest3.test325, randoop.jodatime.RandoopTest3.test326, randoop.jodatime.RandoopTest3.test327, randoop.jodatime.RandoopTest3.test328, randoop.jodatime.RandoopTest3.test330, randoop.jodatime.RandoopTest3.test331, randoop.jodatime.RandoopTest3.test332, randoop.jodatime.RandoopTest3.test333, randoop.jodatime.RandoopTest3.test334, randoop.jodatime.RandoopTest3.test335, randoop.jodatime.RandoopTest3.test336, randoop.jodatime.RandoopTest3.test337, randoop.jodatime.RandoopTest3.test338, randoop.jodatime.RandoopTest3.test340, randoop.jodatime.RandoopTest3.test341, randoop.jodatime.RandoopTest3.test342, randoop.jodatime.RandoopTest3.test343, randoop.jodatime.RandoopTest3.test344, randoop.jodatime.RandoopTest3.test345, randoop.jodatime.RandoopTest3.test346, randoop.jodatime.RandoopTest3.test347, randoop.jodatime.RandoopTest3.test348, randoop.jodatime.RandoopTest3.test349, randoop.jodatime.RandoopTest3.test350, randoop.jodatime.RandoopTest3.test351, randoop.jodatime.RandoopTest3.test352, randoop.jodatime.RandoopTest3.test353, randoop.jodatime.RandoopTest3.test355, randoop.jodatime.RandoopTest3.test356, randoop.jodatime.RandoopTest3.test357, randoop.jodatime.RandoopTest3.test358, randoop.jodatime.RandoopTest3.test360, randoop.jodatime.RandoopTest3.test362, randoop.jodatime.RandoopTest3.test363, randoop.jodatime.RandoopTest3.test364, randoop.jodatime.RandoopTest3.test365, randoop.jodatime.RandoopTest3.test367, randoop.jodatime.RandoopTest3.test368, randoop.jodatime.RandoopTest3.test370, randoop.jodatime.RandoopTest3.test372, randoop.jodatime.RandoopTest3.test374, randoop.jodatime.RandoopTest3.test375, randoop.jodatime.RandoopTest3.test376, randoop.jodatime.RandoopTest3.test377, randoop.jodatime.RandoopTest3.test378, randoop.jodatime.RandoopTest3.test379, randoop.jodatime.RandoopTest3.test380, randoop.jodatime.RandoopTest3.test381, randoop.jodatime.RandoopTest3.test382, randoop.jodatime.RandoopTest3.test383, randoop.jodatime.RandoopTest3.test386, randoop.jodatime.RandoopTest3.test387, randoop.jodatime.RandoopTest3.test388, randoop.jodatime.RandoopTest3.test389, randoop.jodatime.RandoopTest3.test390, randoop.jodatime.RandoopTest3.test391, randoop.jodatime.RandoopTest3.test393, randoop.jodatime.RandoopTest3.test394, randoop.jodatime.RandoopTest3.test395, randoop.jodatime.RandoopTest3.test396, randoop.jodatime.RandoopTest3.test397, randoop.jodatime.RandoopTest3.test398, randoop.jodatime.RandoopTest3.test399, randoop.jodatime.RandoopTest3.test400, randoop.jodatime.RandoopTest3.test401, randoop.jodatime.RandoopTest3.test402, randoop.jodatime.RandoopTest3.test403, randoop.jodatime.RandoopTest3.test404, randoop.jodatime.RandoopTest3.test405, randoop.jodatime.RandoopTest3.test406, randoop.jodatime.RandoopTest3.test407, randoop.jodatime.RandoopTest3.test408, randoop.jodatime.RandoopTest3.test409, randoop.jodatime.RandoopTest3.test411, randoop.jodatime.RandoopTest3.test412, randoop.jodatime.RandoopTest3.test413, randoop.jodatime.RandoopTest3.test414, randoop.jodatime.RandoopTest3.test415, randoop.jodatime.RandoopTest3.test416, randoop.jodatime.RandoopTest3.test417, randoop.jodatime.RandoopTest3.test418, randoop.jodatime.RandoopTest3.test419, randoop.jodatime.RandoopTest3.test420, randoop.jodatime.RandoopTest3.test421, randoop.jodatime.RandoopTest3.test422, randoop.jodatime.RandoopTest3.test423, randoop.jodatime.RandoopTest3.test424, randoop.jodatime.RandoopTest3.test425, randoop.jodatime.RandoopTest3.test426, randoop.jodatime.RandoopTest3.test427, randoop.jodatime.RandoopTest3.test428, randoop.jodatime.RandoopTest3.test429, randoop.jodatime.RandoopTest3.test430, randoop.jodatime.RandoopTest3.test431, randoop.jodatime.RandoopTest3.test432, randoop.jodatime.RandoopTest3.test434, randoop.jodatime.RandoopTest3.test435, randoop.jodatime.RandoopTest3.test436, randoop.jodatime.RandoopTest3.test437, randoop.jodatime.RandoopTest3.test438, randoop.jodatime.RandoopTest3.test439, randoop.jodatime.RandoopTest3.test440, randoop.jodatime.RandoopTest3.test441, randoop.jodatime.RandoopTest3.test442, randoop.jodatime.RandoopTest3.test443, randoop.jodatime.RandoopTest3.test444, randoop.jodatime.RandoopTest3.test445, randoop.jodatime.RandoopTest3.test446, randoop.jodatime.RandoopTest3.test447, randoop.jodatime.RandoopTest3.test448, randoop.jodatime.RandoopTest3.test449, randoop.jodatime.RandoopTest3.test451, randoop.jodatime.RandoopTest3.test452, randoop.jodatime.RandoopTest3.test453, randoop.jodatime.RandoopTest3.test454, randoop.jodatime.RandoopTest3.test455, randoop.jodatime.RandoopTest3.test456, randoop.jodatime.RandoopTest3.test457, randoop.jodatime.RandoopTest3.test458, randoop.jodatime.RandoopTest3.test459, randoop.jodatime.RandoopTest3.test460, randoop.jodatime.RandoopTest3.test461, randoop.jodatime.RandoopTest3.test462, randoop.jodatime.RandoopTest3.test463, randoop.jodatime.RandoopTest3.test464, randoop.jodatime.RandoopTest3.test465, randoop.jodatime.RandoopTest3.test466]

Time each test takes to run in the new order:
[72279904, 97655783, 24789319, 35729835, 38353965, 20659235, 19074178, 19258087, 16686670, 35395171, 31078176, 15642230, 6500040, 5851963, 7667458, 9520757, 7796329, 5319304, 27342087, 31522322, 12199248, 12448560, 7772431, 23735120, 11592976, 12902673, 12876796, 11066001, 10213636, 13792508, 10565434, 10934945, 2890875, 10185542, 2047657, 11074591, 10104466, 2861928, 2106215, 2018017, 14425467, 5730276, 2100107, 7534085, 10894350, 2397099, 2499138, 2005451, 19604641, 7011104, 6152011, 2199653, 12365335, 6101207, 2132662, 10087035, 2072247, 6063415, 7561392, 2152525, 3101105, 6263359, 8798008, 2259451, 7619547, 7744393, 9173406, 2304464, 7796048, 2313511, 8382092, 3255725, 2107079, 2045290, 1978591, 2088928, 1883303, 2033901, 1823653, 1946319, 1727471, 1712954, 2655136, 2036745, 1791066, 1779957, 1779211, 2135797, 1834000, 1816918, 2590085, 1859059, 2074998, 1832729, 2624447, 1801710, 2018015, 1920462, 1796042, 1771407, 1737734, 1825599, 1800266, 1774024, 1786391, 2733276, 1913794, 1782946, 1944425, 1714570, 1805356, 1759804, 1834734, 1822705, 1753054, 1742265, 1735070, 2914498, 1966651, 1716812, 1969933, 1877144, 1803002, 1768568, 1718827, 1769083, 1723823, 1739159, 2570903, 2014866, 1727011, 2291848, 1854557, 2426711, 1822818, 1730171, 1841628, 1918092, 1854039, 3045911, 1813356, 1798085, 1716555, 1985412, 1871164, 9331443, 2819833, 1750792, 1855341, 1730320, 1908895, 2550078, 1754857]

Dependent test list:
[Test: randoop.jodatime.RandoopTest0.test196, Intended behavior: FAILURE, when executed after: [randoop.jodatime.RandoopTest0.test192], The revealed different behavior: PASS, when executed after: [], Test: randoop.jodatime.RandoopTest0.test192, Intended behavior: FAILURE, when executed after: [randoop.jodatime.RandoopTest0.test165], The revealed different behavior: PASS, when executed after: [], Test: randoop.jodatime.RandoopTest0.test165, Intended behavior: FAILURE, when executed after: [randoop.jodatime.RandoopTest0.test135], The revealed different behavior: PASS, when executed after: [], Test: randoop.jodatime.RandoopTest0.test360, Intended behavior: FAILURE, when executed after: [randoop.jodatime.RandoopTest0.test338], The revealed different behavior: PASS, when executed after: [], Test: randoop.jodatime.RandoopTest0.test338, Intended behavior: FAILURE, when executed after: [randoop.jodatime.RandoopTest0.test325], The revealed different behavior: PASS, when executed after: [], Test: randoop.jodatime.RandoopTest0.test325, Intended behavior: FAILURE, when executed after: [randoop.jodatime.RandoopTest0.test196], The revealed different behavior: PASS, when executed after: [], Test: randoop.jodatime.RandoopTest1.test235, Intended behavior: FAILURE, when executed after: [randoop.jodatime.RandoopTest1.test181], The revealed different behavior: PASS, when executed after: [], Test: randoop.jodatime.RandoopTest1.test181, Intended behavior: FAILURE, when executed after: [randoop.jodatime.RandoopTest0.test498], The revealed different behavior: PASS, when executed after: [], Test: randoop.jodatime.RandoopTest2.test36, Intended behavior: FAILURE, when executed after: [randoop.jodatime.RandoopTest2.test21], The revealed different behavior: PASS, when executed after: [], Test: randoop.jodatime.RandoopTest2.test77, Intended behavior: FAILURE, when executed after: [randoop.jodatime.RandoopTest1.test467], The revealed different behavior: PASS, when executed after: [], Test: randoop.jodatime.RandoopTest2.test21, Intended behavior: FAILURE, when executed after: [randoop.jodatime.RandoopTest1.test235], The revealed different behavior: PASS, when executed after: [], Test: randoop.jodatime.RandoopTest2.test254, Intended behavior: FAILURE, when executed after: [randoop.jodatime.RandoopTest2.test212], The revealed different behavior: PASS, when executed after: [], Test: randoop.jodatime.RandoopTest2.test243, Intended behavior: FAILURE, when executed after: [randoop.jodatime.RandoopTest2.test36], The revealed different behavior: PASS, when executed after: [], Test: randoop.jodatime.RandoopTest2.test490, Intended behavior: FAILURE, when executed after: [randoop.jodatime.RandoopTest2.test487], The revealed different behavior: PASS, when executed after: [], Test: randoop.jodatime.RandoopTest2.test487, Intended behavior: FAILURE, when executed after: [randoop.jodatime.RandoopTest2.test356], The revealed different behavior: PASS, when executed after: [], Test: randoop.jodatime.RandoopTest2.test356, Intended behavior: FAILURE, when executed after: [randoop.jodatime.RandoopTest2.test243], The revealed different behavior: PASS, when executed after: [], Test: randoop.jodatime.RandoopTest2.test474, Intended behavior: FAILURE, when executed after: [randoop.jodatime.RandoopTest2.test376], The revealed different behavior: PASS, when executed after: [], Test: randoop.jodatime.RandoopTest2.test493, Intended behavior: FAILURE, when executed after: [randoop.jodatime.RandoopTest2.test490], The revealed different behavior: PASS, when executed after: [], Test: randoop.jodatime.RandoopTest3.test195, Intended behavior: FAILURE, when executed after: [randoop.jodatime.RandoopTest3.test193], The revealed different behavior: PASS, when executed after: [], Test: randoop.jodatime.RandoopTest3.test193, Intended behavior: FAILURE, when executed after: [randoop.jodatime.RandoopTest3.test189], The revealed different behavior: PASS, when executed after: [], Test: randoop.jodatime.RandoopTest3.test189, Intended behavior: FAILURE, when executed after: [randoop.jodatime.RandoopTest3.test185], The revealed different behavior: PASS, when executed after: [], Test: randoop.jodatime.RandoopTest3.test185, Intended behavior: FAILURE, when executed after: [randoop.jodatime.RandoopTest3.test161], The revealed different behavior: PASS, when executed after: [], Test: randoop.jodatime.RandoopTest3.test161, Intended behavior: FAILURE, when executed after: [randoop.jodatime.RandoopTest2.test493], The revealed different behavior: PASS, when executed after: [], Test: randoop.jodatime.RandoopTest3.test389, Intended behavior: FAILURE, when executed after: [randoop.jodatime.RandoopTest3.test383], The revealed different behavior: PASS, when executed after: [], Test: randoop.jodatime.RandoopTest3.test383, Intended behavior: FAILURE, when executed after: [randoop.jodatime.RandoopTest3.test347], The revealed different behavior: PASS, when executed after: [], Test: randoop.jodatime.RandoopTest3.test347, Intended behavior: FAILURE, when executed after: [randoop.jodatime.RandoopTest3.test345], The revealed different behavior: PASS, when executed after: [], Test: randoop.jodatime.RandoopTest3.test345, Intended behavior: FAILURE, when executed after: [randoop.jodatime.RandoopTest3.test316], The revealed different behavior: PASS, when executed after: [], Test: randoop.jodatime.RandoopTest3.test316, Intended behavior: FAILURE, when executed after: [randoop.jodatime.RandoopTest3.test315], The revealed different behavior: PASS, when executed after: [], Test: randoop.jodatime.RandoopTest3.test315, Intended behavior: FAILURE, when executed after: [randoop.jodatime.RandoopTest3.test195], The revealed different behavior: PASS, when executed after: [], Test: randoop.jodatime.RandoopTest3.test496, Intended behavior: FAILURE, when executed after: [randoop.jodatime.RandoopTest3.test467], The revealed different behavior: PASS, when executed after: [], Test: randoop.jodatime.RandoopTest3.test467, Intended behavior: FAILURE, when executed after: [randoop.jodatime.RandoopTest3.test389], The revealed different behavior: PASS, when executed after: [], Test: randoop.jodatime.RandoopTest4.test259, Intended behavior: FAILURE, when executed after: [randoop.jodatime.RandoopTest4.test221], The revealed different behavior: PASS, when executed after: [], Test: randoop.jodatime.RandoopTest4.test221, Intended behavior: FAILURE, when executed after: [randoop.jodatime.RandoopTest4.test13], The revealed different behavior: PASS, when executed after: [], Test: randoop.jodatime.RandoopTest4.test401, Intended behavior: FAILURE, when executed after: [randoop.jodatime.RandoopTest4.test259], The revealed different behavior: PASS, when executed after: [], Test: randoop.jodatime.RandoopTest4.test434, Intended behavior: FAILURE, when executed after: [randoop.jodatime.RandoopTest4.test401], The revealed different behavior: PASS, when executed after: [], Test: randoop.jodatime.RandoopTest4.test13, Intended behavior: FAILURE, when executed after: [randoop.jodatime.RandoopTest3.test496], The revealed different behavior: PASS, when executed after: [], Test: randoop.jodatime.RandoopTest2.test212, Intended behavior: FAILURE, when executed after: [randoop.jodatime.RandoopTest2.test77], The revealed different behavior: PASS, when executed after: [], Test: randoop.jodatime.RandoopTest2.test376, Intended behavior: FAILURE, when executed after: [randoop.jodatime.RandoopTest2.test254], The revealed different behavior: PASS, when executed after: []]
--------------------------
Execution time of TLG and its time to find/nullify any DTs for 1 machine (does not include the time to run the tests in the new order): 1.998
Number of tests selected out of total in original order: 159 / 2211
Number of DTs not fixed: 0
Number of DTs fixed: 0
Execution time for executing the following testing order: 1.635

Test order list:
[randoop.jodatime.RandoopTest0.test498, randoop.jodatime.RandoopTest1.test181, randoop.jodatime.RandoopTest1.test235, randoop.jodatime.RandoopTest2.test21, randoop.jodatime.RandoopTest2.test36, randoop.jodatime.RandoopTest2.test243, randoop.jodatime.RandoopTest2.test356, randoop.jodatime.RandoopTest2.test487, randoop.jodatime.RandoopTest2.test490, randoop.jodatime.RandoopTest2.test493, randoop.jodatime.RandoopTest3.test161, randoop.jodatime.RandoopTest3.test185, randoop.jodatime.RandoopTest3.test189, randoop.jodatime.RandoopTest3.test193, randoop.jodatime.RandoopTest3.test195, randoop.jodatime.RandoopTest3.test315, randoop.jodatime.RandoopTest3.test316, randoop.jodatime.RandoopTest3.test345, randoop.jodatime.RandoopTest3.test347, randoop.jodatime.RandoopTest3.test383, randoop.jodatime.RandoopTest3.test389, randoop.jodatime.RandoopTest3.test467, randoop.jodatime.RandoopTest3.test468, randoop.jodatime.RandoopTest3.test470, randoop.jodatime.RandoopTest3.test471, randoop.jodatime.RandoopTest3.test473, randoop.jodatime.RandoopTest3.test474, randoop.jodatime.RandoopTest3.test476, randoop.jodatime.RandoopTest3.test477, randoop.jodatime.RandoopTest3.test478, randoop.jodatime.RandoopTest3.test479, randoop.jodatime.RandoopTest3.test480, randoop.jodatime.RandoopTest3.test481, randoop.jodatime.RandoopTest3.test483, randoop.jodatime.RandoopTest3.test484, randoop.jodatime.RandoopTest3.test486, randoop.jodatime.RandoopTest3.test487, randoop.jodatime.RandoopTest3.test488, randoop.jodatime.RandoopTest3.test489, randoop.jodatime.RandoopTest3.test490, randoop.jodatime.RandoopTest3.test491, randoop.jodatime.RandoopTest3.test492, randoop.jodatime.RandoopTest3.test493, randoop.jodatime.RandoopTest3.test494, randoop.jodatime.RandoopTest3.test495, randoop.jodatime.RandoopTest3.test496, randoop.jodatime.RandoopTest3.test497, randoop.jodatime.RandoopTest3.test498, randoop.jodatime.RandoopTest3.test499, randoop.jodatime.RandoopTest3.test500, randoop.jodatime.RandoopTest4.test1, randoop.jodatime.RandoopTest4.test2, randoop.jodatime.RandoopTest4.test3, randoop.jodatime.RandoopTest4.test4, randoop.jodatime.RandoopTest4.test5, randoop.jodatime.RandoopTest4.test6, randoop.jodatime.RandoopTest4.test7, randoop.jodatime.RandoopTest4.test8, randoop.jodatime.RandoopTest4.test9, randoop.jodatime.RandoopTest4.test10, randoop.jodatime.RandoopTest4.test11, randoop.jodatime.RandoopTest4.test12, randoop.jodatime.RandoopTest4.test13, randoop.jodatime.RandoopTest4.test14, randoop.jodatime.RandoopTest4.test17, randoop.jodatime.RandoopTest4.test18, randoop.jodatime.RandoopTest4.test19, randoop.jodatime.RandoopTest4.test20, randoop.jodatime.RandoopTest4.test21, randoop.jodatime.RandoopTest4.test22, randoop.jodatime.RandoopTest4.test24, randoop.jodatime.RandoopTest4.test25, randoop.jodatime.RandoopTest4.test26, randoop.jodatime.RandoopTest4.test30, randoop.jodatime.RandoopTest4.test31, randoop.jodatime.RandoopTest4.test33, randoop.jodatime.RandoopTest4.test35, randoop.jodatime.RandoopTest4.test36, randoop.jodatime.RandoopTest4.test38, randoop.jodatime.RandoopTest4.test39, randoop.jodatime.RandoopTest4.test40, randoop.jodatime.RandoopTest4.test41, randoop.jodatime.RandoopTest4.test42, randoop.jodatime.RandoopTest4.test43, randoop.jodatime.RandoopTest4.test44, randoop.jodatime.RandoopTest4.test45, randoop.jodatime.RandoopTest4.test46, randoop.jodatime.RandoopTest4.test47, randoop.jodatime.RandoopTest4.test48, randoop.jodatime.RandoopTest4.test50, randoop.jodatime.RandoopTest4.test52, randoop.jodatime.RandoopTest4.test53, randoop.jodatime.RandoopTest4.test54, randoop.jodatime.RandoopTest4.test56, randoop.jodatime.RandoopTest4.test57, randoop.jodatime.RandoopTest4.test58, randoop.jodatime.RandoopTest4.test59, randoop.jodatime.RandoopTest4.test60, randoop.jodatime.RandoopTest4.test61, randoop.jodatime.RandoopTest4.test62, randoop.jodatime.RandoopTest4.test63, randoop.jodatime.RandoopTest4.test64, randoop.jodatime.RandoopTest4.test65, randoop.jodatime.RandoopTest4.test66, randoop.jodatime.RandoopTest4.test67, randoop.jodatime.RandoopTest4.test68, randoop.jodatime.RandoopTest4.test69, randoop.jodatime.RandoopTest4.test70, randoop.jodatime.RandoopTest4.test71, randoop.jodatime.RandoopTest4.test72, randoop.jodatime.RandoopTest4.test73, randoop.jodatime.RandoopTest4.test74, randoop.jodatime.RandoopTest4.test75, randoop.jodatime.RandoopTest4.test76, randoop.jodatime.RandoopTest4.test77, randoop.jodatime.RandoopTest4.test78, randoop.jodatime.RandoopTest4.test79, randoop.jodatime.RandoopTest4.test80, randoop.jodatime.RandoopTest4.test81, randoop.jodatime.RandoopTest4.test82, randoop.jodatime.RandoopTest4.test84, randoop.jodatime.RandoopTest4.test85, randoop.jodatime.RandoopTest4.test86, randoop.jodatime.RandoopTest4.test87, randoop.jodatime.RandoopTest4.test88, randoop.jodatime.RandoopTest4.test89, randoop.jodatime.RandoopTest4.test90, randoop.jodatime.RandoopTest4.test91, randoop.jodatime.RandoopTest4.test92, randoop.jodatime.RandoopTest4.test94, randoop.jodatime.RandoopTest4.test95, randoop.jodatime.RandoopTest4.test96, randoop.jodatime.RandoopTest4.test97, randoop.jodatime.RandoopTest4.test98, randoop.jodatime.RandoopTest4.test99, randoop.jodatime.RandoopTest4.test100, randoop.jodatime.RandoopTest4.test101, randoop.jodatime.RandoopTest4.test102, randoop.jodatime.RandoopTest4.test103, randoop.jodatime.RandoopTest4.test104, randoop.jodatime.RandoopTest4.test105, randoop.jodatime.RandoopTest4.test106, randoop.jodatime.RandoopTest4.test107, randoop.jodatime.RandoopTest4.test110, randoop.jodatime.RandoopTest4.test111, randoop.jodatime.RandoopTest4.test112, randoop.jodatime.RandoopTest4.test114, randoop.jodatime.RandoopTest4.test115, randoop.jodatime.RandoopTest4.test116, randoop.jodatime.RandoopTest4.test117, randoop.jodatime.RandoopTest4.test119, randoop.jodatime.RandoopTest4.test120, randoop.jodatime.RandoopTest4.test121, randoop.jodatime.RandoopTest4.test122, randoop.jodatime.RandoopTest4.test123, randoop.jodatime.RandoopTest4.test124, randoop.jodatime.RandoopTest4.test125, randoop.jodatime.RandoopTest4.test126, randoop.jodatime.RandoopTest4.test127]

Time each test takes to run in the new order:
[130791745, 43641904, 20327214, 27722004, 46299159, 37454496, 47134891, 24610941, 35564062, 31725646, 34208342, 14028062, 26534074, 19090282, 10719258, 10977653, 14360582, 9626283, 27164753, 23128113, 19899981, 25867434, 19110238, 22900227, 10702039, 14257452, 23029299, 3476557, 11693674, 12213077, 7412151, 21626299, 10528943, 10899783, 21841117, 3735000, 20428467, 10122605, 12094648, 11599848, 7515667, 14695191, 12678715, 11212675, 2953658, 13518906, 2881012, 10956718, 17927303, 2724614, 33467596, 2508460, 2411626, 17418031, 8615245, 6853897, 7119820, 7686692, 9134869, 2319474, 2209388, 2962531, 2078757, 2696196, 2012535, 2663579, 2117694, 2090303, 2083287, 3688480, 2661160, 1901285, 2119232, 4601709, 1819802, 1795594, 3341713, 2054582, 1945840, 2412013, 3578879, 2180898, 1877989, 2235391, 1868926, 1856916, 2315532, 1887431, 2047273, 1859365, 2193716, 1794291, 3040161, 1751178, 2100224, 1771436, 1760403, 1769497, 1737009, 2240875, 2015269, 2196316, 7291095, 15429945, 13007811, 13200612, 21510720, 13401893, 13491804, 19432884, 21536637, 19095867, 7521054, 21294324, 15039653, 15877048, 21135436, 8268071, 13394446, 7064606, 11006317, 3101874, 11271465, 11335822, 7105630, 12504952, 11166588, 11478929, 3062943, 7693126, 2011984, 1958107, 1907040, 2122847, 3156400, 2010511, 2563077, 3198305, 1941153, 1752473, 1950046, 1832691, 2064537, 1845145, 1781805, 1947997, 1755581, 1703660, 3169512, 1921719, 1850298, 1953431, 1873268, 1875117, 2054299, 2017354, 1979569, 1785066, 1916051]

Dependent test list:
[Test: randoop.jodatime.RandoopTest0.test196, Intended behavior: FAILURE, when executed after: [randoop.jodatime.RandoopTest0.test192], The revealed different behavior: PASS, when executed after: [], Test: randoop.jodatime.RandoopTest0.test192, Intended behavior: FAILURE, when executed after: [randoop.jodatime.RandoopTest0.test165], The revealed different behavior: PASS, when executed after: [], Test: randoop.jodatime.RandoopTest0.test165, Intended behavior: FAILURE, when executed after: [randoop.jodatime.RandoopTest0.test135], The revealed different behavior: PASS, when executed after: [], Test: randoop.jodatime.RandoopTest0.test360, Intended behavior: FAILURE, when executed after: [randoop.jodatime.RandoopTest0.test338], The revealed different behavior: PASS, when executed after: [], Test: randoop.jodatime.RandoopTest0.test338, Intended behavior: FAILURE, when executed after: [randoop.jodatime.RandoopTest0.test325], The revealed different behavior: PASS, when executed after: [], Test: randoop.jodatime.RandoopTest0.test325, Intended behavior: FAILURE, when executed after: [randoop.jodatime.RandoopTest0.test196], The revealed different behavior: PASS, when executed after: [], Test: randoop.jodatime.RandoopTest1.test235, Intended behavior: FAILURE, when executed after: [randoop.jodatime.RandoopTest1.test181], The revealed different behavior: PASS, when executed after: [], Test: randoop.jodatime.RandoopTest1.test181, Intended behavior: FAILURE, when executed after: [randoop.jodatime.RandoopTest0.test498], The revealed different behavior: PASS, when executed after: [], Test: randoop.jodatime.RandoopTest2.test36, Intended behavior: FAILURE, when executed after: [randoop.jodatime.RandoopTest2.test21], The revealed different behavior: PASS, when executed after: [], Test: randoop.jodatime.RandoopTest2.test77, Intended behavior: FAILURE, when executed after: [randoop.jodatime.RandoopTest1.test467], The revealed different behavior: PASS, when executed after: [], Test: randoop.jodatime.RandoopTest2.test21, Intended behavior: FAILURE, when executed after: [randoop.jodatime.RandoopTest1.test235], The revealed different behavior: PASS, when executed after: [], Test: randoop.jodatime.RandoopTest2.test254, Intended behavior: FAILURE, when executed after: [randoop.jodatime.RandoopTest2.test212], The revealed different behavior: PASS, when executed after: [], Test: randoop.jodatime.RandoopTest2.test243, Intended behavior: FAILURE, when executed after: [randoop.jodatime.RandoopTest2.test36], The revealed different behavior: PASS, when executed after: [], Test: randoop.jodatime.RandoopTest2.test490, Intended behavior: FAILURE, when executed after: [randoop.jodatime.RandoopTest2.test487], The revealed different behavior: PASS, when executed after: [], Test: randoop.jodatime.RandoopTest2.test487, Intended behavior: FAILURE, when executed after: [randoop.jodatime.RandoopTest2.test356], The revealed different behavior: PASS, when executed after: [], Test: randoop.jodatime.RandoopTest2.test356, Intended behavior: FAILURE, when executed after: [randoop.jodatime.RandoopTest2.test243], The revealed different behavior: PASS, when executed after: [], Test: randoop.jodatime.RandoopTest2.test474, Intended behavior: FAILURE, when executed after: [randoop.jodatime.RandoopTest2.test376], The revealed different behavior: PASS, when executed after: [], Test: randoop.jodatime.RandoopTest2.test493, Intended behavior: FAILURE, when executed after: [randoop.jodatime.RandoopTest2.test490], The revealed different behavior: PASS, when executed after: [], Test: randoop.jodatime.RandoopTest3.test195, Intended behavior: FAILURE, when executed after: [randoop.jodatime.RandoopTest3.test193], The revealed different behavior: PASS, when executed after: [], Test: randoop.jodatime.RandoopTest3.test193, Intended behavior: FAILURE, when executed after: [randoop.jodatime.RandoopTest3.test189], The revealed different behavior: PASS, when executed after: [], Test: randoop.jodatime.RandoopTest3.test189, Intended behavior: FAILURE, when executed after: [randoop.jodatime.RandoopTest3.test185], The revealed different behavior: PASS, when executed after: [], Test: randoop.jodatime.RandoopTest3.test185, Intended behavior: FAILURE, when executed after: [randoop.jodatime.RandoopTest3.test161], The revealed different behavior: PASS, when executed after: [], Test: randoop.jodatime.RandoopTest3.test161, Intended behavior: FAILURE, when executed after: [randoop.jodatime.RandoopTest2.test493], The revealed different behavior: PASS, when executed after: [], Test: randoop.jodatime.RandoopTest3.test389, Intended behavior: FAILURE, when executed after: [randoop.jodatime.RandoopTest3.test383], The revealed different behavior: PASS, when executed after: [], Test: randoop.jodatime.RandoopTest3.test383, Intended behavior: FAILURE, when executed after: [randoop.jodatime.RandoopTest3.test347], The revealed different behavior: PASS, when executed after: [], Test: randoop.jodatime.RandoopTest3.test347, Intended behavior: FAILURE, when executed after: [randoop.jodatime.RandoopTest3.test345], The revealed different behavior: PASS, when executed after: [], Test: randoop.jodatime.RandoopTest3.test345, Intended behavior: FAILURE, when executed after: [randoop.jodatime.RandoopTest3.test316], The revealed different behavior: PASS, when executed after: [], Test: randoop.jodatime.RandoopTest3.test316, Intended behavior: FAILURE, when executed after: [randoop.jodatime.RandoopTest3.test315], The revealed different behavior: PASS, when executed after: [], Test: randoop.jodatime.RandoopTest3.test315, Intended behavior: FAILURE, when executed after: [randoop.jodatime.RandoopTest3.test195], The revealed different behavior: PASS, when executed after: [], Test: randoop.jodatime.RandoopTest3.test496, Intended behavior: FAILURE, when executed after: [randoop.jodatime.RandoopTest3.test467], The revealed different behavior: PASS, when executed after: [], Test: randoop.jodatime.RandoopTest3.test467, Intended behavior: FAILURE, when executed after: [randoop.jodatime.RandoopTest3.test389], The revealed different behavior: PASS, when executed after: [], Test: randoop.jodatime.RandoopTest4.test259, Intended behavior: FAILURE, when executed after: [randoop.jodatime.RandoopTest4.test221], The revealed different behavior: PASS, when executed after: [], Test: randoop.jodatime.RandoopTest4.test221, Intended behavior: FAILURE, when executed after: [randoop.jodatime.RandoopTest4.test13], The revealed different behavior: PASS, when executed after: [], Test: randoop.jodatime.RandoopTest4.test401, Intended behavior: FAILURE, when executed after: [randoop.jodatime.RandoopTest4.test259], The revealed different behavior: PASS, when executed after: [], Test: randoop.jodatime.RandoopTest4.test434, Intended behavior: FAILURE, when executed after: [randoop.jodatime.RandoopTest4.test401], The revealed different behavior: PASS, when executed after: [], Test: randoop.jodatime.RandoopTest4.test13, Intended behavior: FAILURE, when executed after: [randoop.jodatime.RandoopTest3.test496], The revealed different behavior: PASS, when executed after: [], Test: randoop.jodatime.RandoopTest2.test212, Intended behavior: FAILURE, when executed after: [randoop.jodatime.RandoopTest2.test77], The revealed different behavior: PASS, when executed after: [], Test: randoop.jodatime.RandoopTest2.test376, Intended behavior: FAILURE, when executed after: [randoop.jodatime.RandoopTest2.test254], The revealed different behavior: PASS, when executed after: []]
--------------------------
Execution time of TLG and its time to find/nullify any DTs for 1 machine (does not include the time to run the tests in the new order): 3.192
Number of tests selected out of total in original order: 162 / 2211
Number of DTs not fixed: 0
Number of DTs fixed: 0
Execution time for executing the following testing order: 2.898

Test order list:
[randoop.jodatime.RandoopTest4.test128, randoop.jodatime.RandoopTest4.test129, randoop.jodatime.RandoopTest4.test130, randoop.jodatime.RandoopTest4.test131, randoop.jodatime.RandoopTest4.test132, randoop.jodatime.RandoopTest4.test134, randoop.jodatime.RandoopTest4.test135, randoop.jodatime.RandoopTest4.test136, randoop.jodatime.RandoopTest4.test137, randoop.jodatime.RandoopTest4.test138, randoop.jodatime.RandoopTest4.test139, randoop.jodatime.RandoopTest4.test140, randoop.jodatime.RandoopTest4.test141, randoop.jodatime.RandoopTest4.test142, randoop.jodatime.RandoopTest4.test143, randoop.jodatime.RandoopTest4.test145, randoop.jodatime.RandoopTest4.test147, randoop.jodatime.RandoopTest4.test149, randoop.jodatime.RandoopTest4.test150, randoop.jodatime.RandoopTest4.test153, randoop.jodatime.RandoopTest4.test154, randoop.jodatime.RandoopTest4.test158, randoop.jodatime.RandoopTest4.test159, randoop.jodatime.RandoopTest4.test160, randoop.jodatime.RandoopTest4.test161, randoop.jodatime.RandoopTest4.test162, randoop.jodatime.RandoopTest4.test163, randoop.jodatime.RandoopTest4.test164, randoop.jodatime.RandoopTest4.test165, randoop.jodatime.RandoopTest4.test166, randoop.jodatime.RandoopTest4.test167, randoop.jodatime.RandoopTest4.test168, randoop.jodatime.RandoopTest4.test169, randoop.jodatime.RandoopTest4.test170, randoop.jodatime.RandoopTest4.test171, randoop.jodatime.RandoopTest4.test172, randoop.jodatime.RandoopTest4.test173, randoop.jodatime.RandoopTest4.test174, randoop.jodatime.RandoopTest4.test176, randoop.jodatime.RandoopTest4.test179, randoop.jodatime.RandoopTest4.test180, randoop.jodatime.RandoopTest4.test181, randoop.jodatime.RandoopTest4.test182, randoop.jodatime.RandoopTest4.test183, randoop.jodatime.RandoopTest4.test184, randoop.jodatime.RandoopTest4.test185, randoop.jodatime.RandoopTest4.test186, randoop.jodatime.RandoopTest4.test188, randoop.jodatime.RandoopTest4.test189, randoop.jodatime.RandoopTest4.test190, randoop.jodatime.RandoopTest4.test191, randoop.jodatime.RandoopTest4.test192, randoop.jodatime.RandoopTest4.test193, randoop.jodatime.RandoopTest4.test197, randoop.jodatime.RandoopTest4.test198, randoop.jodatime.RandoopTest4.test199, randoop.jodatime.RandoopTest4.test200, randoop.jodatime.RandoopTest4.test201, randoop.jodatime.RandoopTest4.test203, randoop.jodatime.RandoopTest4.test205, randoop.jodatime.RandoopTest4.test206, randoop.jodatime.RandoopTest4.test209, randoop.jodatime.RandoopTest4.test210, randoop.jodatime.RandoopTest4.test211, randoop.jodatime.RandoopTest4.test212, randoop.jodatime.RandoopTest4.test213, randoop.jodatime.RandoopTest4.test216, randoop.jodatime.RandoopTest4.test218, randoop.jodatime.RandoopTest4.test219, randoop.jodatime.RandoopTest4.test220, randoop.jodatime.RandoopTest0.test498, randoop.jodatime.RandoopTest1.test181, randoop.jodatime.RandoopTest1.test235, randoop.jodatime.RandoopTest2.test21, randoop.jodatime.RandoopTest2.test36, randoop.jodatime.RandoopTest2.test243, randoop.jodatime.RandoopTest2.test356, randoop.jodatime.RandoopTest2.test487, randoop.jodatime.RandoopTest2.test490, randoop.jodatime.RandoopTest2.test493, randoop.jodatime.RandoopTest3.test161, randoop.jodatime.RandoopTest3.test185, randoop.jodatime.RandoopTest3.test189, randoop.jodatime.RandoopTest3.test193, randoop.jodatime.RandoopTest3.test195, randoop.jodatime.RandoopTest3.test315, randoop.jodatime.RandoopTest3.test316, randoop.jodatime.RandoopTest3.test345, randoop.jodatime.RandoopTest3.test347, randoop.jodatime.RandoopTest3.test383, randoop.jodatime.RandoopTest3.test389, randoop.jodatime.RandoopTest3.test467, randoop.jodatime.RandoopTest3.test496, randoop.jodatime.RandoopTest4.test13, randoop.jodatime.RandoopTest4.test221, randoop.jodatime.RandoopTest4.test222, randoop.jodatime.RandoopTest4.test223, randoop.jodatime.RandoopTest4.test226, randoop.jodatime.RandoopTest4.test227, randoop.jodatime.RandoopTest4.test229, randoop.jodatime.RandoopTest4.test230, randoop.jodatime.RandoopTest4.test233, randoop.jodatime.RandoopTest4.test234, randoop.jodatime.RandoopTest4.test235, randoop.jodatime.RandoopTest4.test236, randoop.jodatime.RandoopTest4.test237, randoop.jodatime.RandoopTest4.test238, randoop.jodatime.RandoopTest4.test239, randoop.jodatime.RandoopTest4.test240, randoop.jodatime.RandoopTest4.test241, randoop.jodatime.RandoopTest4.test242, randoop.jodatime.RandoopTest4.test243, randoop.jodatime.RandoopTest4.test244, randoop.jodatime.RandoopTest4.test245, randoop.jodatime.RandoopTest4.test247, randoop.jodatime.RandoopTest4.test248, randoop.jodatime.RandoopTest4.test249, randoop.jodatime.RandoopTest4.test250, randoop.jodatime.RandoopTest4.test251, randoop.jodatime.RandoopTest4.test252, randoop.jodatime.RandoopTest4.test253, randoop.jodatime.RandoopTest4.test254, randoop.jodatime.RandoopTest4.test255, randoop.jodatime.RandoopTest4.test256, randoop.jodatime.RandoopTest4.test257, randoop.jodatime.RandoopTest4.test258, randoop.jodatime.RandoopTest4.test259, randoop.jodatime.RandoopTest4.test261, randoop.jodatime.RandoopTest4.test262, randoop.jodatime.RandoopTest4.test263, randoop.jodatime.RandoopTest4.test266, randoop.jodatime.RandoopTest4.test268, randoop.jodatime.RandoopTest4.test269, randoop.jodatime.RandoopTest4.test271, randoop.jodatime.RandoopTest4.test272, randoop.jodatime.RandoopTest4.test273, randoop.jodatime.RandoopTest4.test274, randoop.jodatime.RandoopTest4.test277, randoop.jodatime.RandoopTest4.test278, randoop.jodatime.RandoopTest4.test279, randoop.jodatime.RandoopTest4.test280, randoop.jodatime.RandoopTest4.test281, randoop.jodatime.RandoopTest4.test284, randoop.jodatime.RandoopTest4.test285, randoop.jodatime.RandoopTest4.test286, randoop.jodatime.RandoopTest4.test287, randoop.jodatime.RandoopTest4.test288, randoop.jodatime.RandoopTest4.test289, randoop.jodatime.RandoopTest4.test291, randoop.jodatime.RandoopTest4.test292, randoop.jodatime.RandoopTest4.test294, randoop.jodatime.RandoopTest4.test295, randoop.jodatime.RandoopTest4.test296, randoop.jodatime.RandoopTest4.test299, randoop.jodatime.RandoopTest4.test301, randoop.jodatime.RandoopTest4.test302, randoop.jodatime.RandoopTest4.test303, randoop.jodatime.RandoopTest4.test304, randoop.jodatime.RandoopTest4.test305, randoop.jodatime.RandoopTest4.test306, randoop.jodatime.RandoopTest4.test307, randoop.jodatime.RandoopTest4.test309]

Time each test takes to run in the new order:
[133242465, 46752283, 18939825, 38314222, 41735216, 35447960, 27834601, 20840222, 14314460, 29497053, 16311493, 13528612, 7923344, 6649087, 6879879, 5318347, 7849674, 8584660, 31037189, 15058283, 15315440, 26661943, 13445933, 25915862, 13515334, 1229429241, 9724982, 21936623, 13877368, 13819930, 29544708, 14688679, 23839658, 23649244, 23163175, 22633295, 16674171, 14083131, 22423063, 15566787, 13887363, 33245958, 14596100, 22640514, 22148261, 12526675, 2221397, 10155682, 11188063, 1998590, 6989406, 1841751, 10254302, 1860018, 10416872, 1921623, 9827752, 2033136, 9865394, 10744254, 1740937, 8398954, 5728587, 1919085, 6931822, 3563388, 5182154, 1888573, 3127555, 6654270, 15134926, 10775257, 17654483, 18258650, 11293554, 11406297, 3543405, 25735273, 5268575, 25297786, 14718145, 19034734, 13873222, 14916246, 21422120, 13852535, 10287512, 2239282, 18225325, 1968614, 10019917, 2094636, 10070891, 6932950, 1892088, 10114781, 2457727, 13673301, 13167964, 2004971, 10429078, 10159581, 1987100, 10323471, 5971218, 10764100, 3416991, 9332880, 2297173, 1867396, 4434942, 7660589, 3294378, 2029995, 2123475, 3343256, 2310142, 2003930, 2134214, 1877180, 1947078, 1893884, 1971537, 1653094, 1890607, 1631059, 2973258, 1894568, 1782688, 1680412, 1718091, 1741541, 1735770, 1609769, 1874092, 1874165, 2005854, 1696787, 2899333, 1864163, 1958466, 2556890, 1697420, 1622946, 1682426, 1635517, 1658801, 1794199, 1886623, 3051038, 1872572, 1807200, 1944953, 1656456, 1847001, 1930476, 1867343, 1750529, 1879845, 1940698, 3157971, 1681230]

Dependent test list:
[Test: randoop.jodatime.RandoopTest0.test196, Intended behavior: FAILURE, when executed after: [randoop.jodatime.RandoopTest0.test192], The revealed different behavior: PASS, when executed after: [], Test: randoop.jodatime.RandoopTest0.test192, Intended behavior: FAILURE, when executed after: [randoop.jodatime.RandoopTest0.test165], The revealed different behavior: PASS, when executed after: [], Test: randoop.jodatime.RandoopTest0.test165, Intended behavior: FAILURE, when executed after: [randoop.jodatime.RandoopTest0.test135], The revealed different behavior: PASS, when executed after: [], Test: randoop.jodatime.RandoopTest0.test360, Intended behavior: FAILURE, when executed after: [randoop.jodatime.RandoopTest0.test338], The revealed different behavior: PASS, when executed after: [], Test: randoop.jodatime.RandoopTest0.test338, Intended behavior: FAILURE, when executed after: [randoop.jodatime.RandoopTest0.test325], The revealed different behavior: PASS, when executed after: [], Test: randoop.jodatime.RandoopTest0.test325, Intended behavior: FAILURE, when executed after: [randoop.jodatime.RandoopTest0.test196], The revealed different behavior: PASS, when executed after: [], Test: randoop.jodatime.RandoopTest1.test235, Intended behavior: FAILURE, when executed after: [randoop.jodatime.RandoopTest1.test181], The revealed different behavior: PASS, when executed after: [], Test: randoop.jodatime.RandoopTest1.test181, Intended behavior: FAILURE, when executed after: [randoop.jodatime.RandoopTest0.test498], The revealed different behavior: PASS, when executed after: [], Test: randoop.jodatime.RandoopTest2.test36, Intended behavior: FAILURE, when executed after: [randoop.jodatime.RandoopTest2.test21], The revealed different behavior: PASS, when executed after: [], Test: randoop.jodatime.RandoopTest2.test77, Intended behavior: FAILURE, when executed after: [randoop.jodatime.RandoopTest1.test467], The revealed different behavior: PASS, when executed after: [], Test: randoop.jodatime.RandoopTest2.test21, Intended behavior: FAILURE, when executed after: [randoop.jodatime.RandoopTest1.test235], The revealed different behavior: PASS, when executed after: [], Test: randoop.jodatime.RandoopTest2.test254, Intended behavior: FAILURE, when executed after: [randoop.jodatime.RandoopTest2.test212], The revealed different behavior: PASS, when executed after: [], Test: randoop.jodatime.RandoopTest2.test243, Intended behavior: FAILURE, when executed after: [randoop.jodatime.RandoopTest2.test36], The revealed different behavior: PASS, when executed after: [], Test: randoop.jodatime.RandoopTest2.test490, Intended behavior: FAILURE, when executed after: [randoop.jodatime.RandoopTest2.test487], The revealed different behavior: PASS, when executed after: [], Test: randoop.jodatime.RandoopTest2.test487, Intended behavior: FAILURE, when executed after: [randoop.jodatime.RandoopTest2.test356], The revealed different behavior: PASS, when executed after: [], Test: randoop.jodatime.RandoopTest2.test356, Intended behavior: FAILURE, when executed after: [randoop.jodatime.RandoopTest2.test243], The revealed different behavior: PASS, when executed after: [], Test: randoop.jodatime.RandoopTest2.test474, Intended behavior: FAILURE, when executed after: [randoop.jodatime.RandoopTest2.test376], The revealed different behavior: PASS, when executed after: [], Test: randoop.jodatime.RandoopTest2.test493, Intended behavior: FAILURE, when executed after: [randoop.jodatime.RandoopTest2.test490], The revealed different behavior: PASS, when executed after: [], Test: randoop.jodatime.RandoopTest3.test195, Intended behavior: FAILURE, when executed after: [randoop.jodatime.RandoopTest3.test193], The revealed different behavior: PASS, when executed after: [], Test: randoop.jodatime.RandoopTest3.test193, Intended behavior: FAILURE, when executed after: [randoop.jodatime.RandoopTest3.test189], The revealed different behavior: PASS, when executed after: [], Test: randoop.jodatime.RandoopTest3.test189, Intended behavior: FAILURE, when executed after: [randoop.jodatime.RandoopTest3.test185], The revealed different behavior: PASS, when executed after: [], Test: randoop.jodatime.RandoopTest3.test185, Intended behavior: FAILURE, when executed after: [randoop.jodatime.RandoopTest3.test161], The revealed different behavior: PASS, when executed after: [], Test: randoop.jodatime.RandoopTest3.test161, Intended behavior: FAILURE, when executed after: [randoop.jodatime.RandoopTest2.test493], The revealed different behavior: PASS, when executed after: [], Test: randoop.jodatime.RandoopTest3.test389, Intended behavior: FAILURE, when executed after: [randoop.jodatime.RandoopTest3.test383], The revealed different behavior: PASS, when executed after: [], Test: randoop.jodatime.RandoopTest3.test383, Intended behavior: FAILURE, when executed after: [randoop.jodatime.RandoopTest3.test347], The revealed different behavior: PASS, when executed after: [], Test: randoop.jodatime.RandoopTest3.test347, Intended behavior: FAILURE, when executed after: [randoop.jodatime.RandoopTest3.test345], The revealed different behavior: PASS, when executed after: [], Test: randoop.jodatime.RandoopTest3.test345, Intended behavior: FAILURE, when executed after: [randoop.jodatime.RandoopTest3.test316], The revealed different behavior: PASS, when executed after: [], Test: randoop.jodatime.RandoopTest3.test316, Intended behavior: FAILURE, when executed after: [randoop.jodatime.RandoopTest3.test315], The revealed different behavior: PASS, when executed after: [], Test: randoop.jodatime.RandoopTest3.test315, Intended behavior: FAILURE, when executed after: [randoop.jodatime.RandoopTest3.test195], The revealed different behavior: PASS, when executed after: [], Test: randoop.jodatime.RandoopTest3.test496, Intended behavior: FAILURE, when executed after: [randoop.jodatime.RandoopTest3.test467], The revealed different behavior: PASS, when executed after: [], Test: randoop.jodatime.RandoopTest3.test467, Intended behavior: FAILURE, when executed after: [randoop.jodatime.RandoopTest3.test389], The revealed different behavior: PASS, when executed after: [], Test: randoop.jodatime.RandoopTest4.test259, Intended behavior: FAILURE, when executed after: [randoop.jodatime.RandoopTest4.test221], The revealed different behavior: PASS, when executed after: [], Test: randoop.jodatime.RandoopTest4.test221, Intended behavior: FAILURE, when executed after: [randoop.jodatime.RandoopTest4.test13], The revealed different behavior: PASS, when executed after: [], Test: randoop.jodatime.RandoopTest4.test401, Intended behavior: FAILURE, when executed after: [randoop.jodatime.RandoopTest4.test259], The revealed different behavior: PASS, when executed after: [], Test: randoop.jodatime.RandoopTest4.test434, Intended behavior: FAILURE, when executed after: [randoop.jodatime.RandoopTest4.test401], The revealed different behavior: PASS, when executed after: [], Test: randoop.jodatime.RandoopTest4.test13, Intended behavior: FAILURE, when executed after: [randoop.jodatime.RandoopTest3.test496], The revealed different behavior: PASS, when executed after: [], Test: randoop.jodatime.RandoopTest2.test212, Intended behavior: FAILURE, when executed after: [randoop.jodatime.RandoopTest2.test77], The revealed different behavior: PASS, when executed after: [], Test: randoop.jodatime.RandoopTest2.test376, Intended behavior: FAILURE, when executed after: [randoop.jodatime.RandoopTest2.test254], The revealed different behavior: PASS, when executed after: []]
--------------------------
Execution time of TLG and its time to find/nullify any DTs for 1 machine (does not include the time to run the tests in the new order): 2.042
Number of tests selected out of total in original order: 164 / 2211
Number of DTs not fixed: 0
Number of DTs fixed: 0
Execution time for executing the following testing order: 1.847

Test order list:
[randoop.jodatime.RandoopTest4.test310, randoop.jodatime.RandoopTest4.test311, randoop.jodatime.RandoopTest4.test312, randoop.jodatime.RandoopTest4.test313, randoop.jodatime.RandoopTest4.test314, randoop.jodatime.RandoopTest4.test315, randoop.jodatime.RandoopTest4.test317, randoop.jodatime.RandoopTest4.test318, randoop.jodatime.RandoopTest4.test320, randoop.jodatime.RandoopTest4.test321, randoop.jodatime.RandoopTest4.test322, randoop.jodatime.RandoopTest4.test323, randoop.jodatime.RandoopTest4.test324, randoop.jodatime.RandoopTest4.test325, randoop.jodatime.RandoopTest4.test326, randoop.jodatime.RandoopTest4.test328, randoop.jodatime.RandoopTest4.test330, randoop.jodatime.RandoopTest4.test331, randoop.jodatime.RandoopTest4.test332, randoop.jodatime.RandoopTest4.test334, randoop.jodatime.RandoopTest4.test335, randoop.jodatime.RandoopTest4.test337, randoop.jodatime.RandoopTest4.test338, randoop.jodatime.RandoopTest4.test339, randoop.jodatime.RandoopTest4.test340, randoop.jodatime.RandoopTest4.test341, randoop.jodatime.RandoopTest4.test342, randoop.jodatime.RandoopTest4.test343, randoop.jodatime.RandoopTest4.test345, randoop.jodatime.RandoopTest4.test346, randoop.jodatime.RandoopTest4.test347, randoop.jodatime.RandoopTest4.test348, randoop.jodatime.RandoopTest4.test349, randoop.jodatime.RandoopTest4.test351, randoop.jodatime.RandoopTest4.test352, randoop.jodatime.RandoopTest4.test353, randoop.jodatime.RandoopTest4.test354, randoop.jodatime.RandoopTest4.test355, randoop.jodatime.RandoopTest4.test356, randoop.jodatime.RandoopTest4.test357, randoop.jodatime.RandoopTest4.test358, randoop.jodatime.RandoopTest4.test359, randoop.jodatime.RandoopTest4.test361, randoop.jodatime.RandoopTest4.test362, randoop.jodatime.RandoopTest4.test363, randoop.jodatime.RandoopTest4.test364, randoop.jodatime.RandoopTest4.test365, randoop.jodatime.RandoopTest4.test366, randoop.jodatime.RandoopTest4.test367, randoop.jodatime.RandoopTest4.test370, randoop.jodatime.RandoopTest4.test371, randoop.jodatime.RandoopTest4.test372, randoop.jodatime.RandoopTest4.test373, randoop.jodatime.RandoopTest4.test374, randoop.jodatime.RandoopTest4.test375, randoop.jodatime.RandoopTest4.test376, randoop.jodatime.RandoopTest4.test378, randoop.jodatime.RandoopTest4.test379, randoop.jodatime.RandoopTest4.test380, randoop.jodatime.RandoopTest4.test382, randoop.jodatime.RandoopTest4.test384, randoop.jodatime.RandoopTest4.test385, randoop.jodatime.RandoopTest4.test386, randoop.jodatime.RandoopTest4.test388, randoop.jodatime.RandoopTest4.test389, randoop.jodatime.RandoopTest4.test390, randoop.jodatime.RandoopTest4.test391, randoop.jodatime.RandoopTest4.test392, randoop.jodatime.RandoopTest4.test394, randoop.jodatime.RandoopTest4.test395, randoop.jodatime.RandoopTest4.test396, randoop.jodatime.RandoopTest4.test397, randoop.jodatime.RandoopTest4.test398, randoop.jodatime.RandoopTest4.test399, randoop.jodatime.RandoopTest0.test498, randoop.jodatime.RandoopTest1.test181, randoop.jodatime.RandoopTest1.test235, randoop.jodatime.RandoopTest2.test21, randoop.jodatime.RandoopTest2.test36, randoop.jodatime.RandoopTest2.test243, randoop.jodatime.RandoopTest2.test356, randoop.jodatime.RandoopTest2.test487, randoop.jodatime.RandoopTest2.test490, randoop.jodatime.RandoopTest2.test493, randoop.jodatime.RandoopTest3.test161, randoop.jodatime.RandoopTest3.test185, randoop.jodatime.RandoopTest3.test189, randoop.jodatime.RandoopTest3.test193, randoop.jodatime.RandoopTest3.test195, randoop.jodatime.RandoopTest3.test315, randoop.jodatime.RandoopTest3.test316, randoop.jodatime.RandoopTest3.test345, randoop.jodatime.RandoopTest3.test347, randoop.jodatime.RandoopTest3.test383, randoop.jodatime.RandoopTest3.test389, randoop.jodatime.RandoopTest3.test467, randoop.jodatime.RandoopTest3.test496, randoop.jodatime.RandoopTest4.test13, randoop.jodatime.RandoopTest4.test221, randoop.jodatime.RandoopTest4.test259, randoop.jodatime.RandoopTest4.test401, randoop.jodatime.RandoopTest4.test403, randoop.jodatime.RandoopTest4.test404, randoop.jodatime.RandoopTest4.test405, randoop.jodatime.RandoopTest4.test406, randoop.jodatime.RandoopTest4.test407, randoop.jodatime.RandoopTest4.test408, randoop.jodatime.RandoopTest4.test409, randoop.jodatime.RandoopTest4.test413, randoop.jodatime.RandoopTest4.test414, randoop.jodatime.RandoopTest4.test415, randoop.jodatime.RandoopTest4.test416, randoop.jodatime.RandoopTest4.test418, randoop.jodatime.RandoopTest4.test419, randoop.jodatime.RandoopTest4.test420, randoop.jodatime.RandoopTest4.test421, randoop.jodatime.RandoopTest4.test422, randoop.jodatime.RandoopTest4.test423, randoop.jodatime.RandoopTest4.test424, randoop.jodatime.RandoopTest4.test426, randoop.jodatime.RandoopTest4.test428, randoop.jodatime.RandoopTest4.test429, randoop.jodatime.RandoopTest4.test430, randoop.jodatime.RandoopTest4.test431, randoop.jodatime.RandoopTest4.test432, randoop.jodatime.RandoopTest4.test433, randoop.jodatime.RandoopTest4.test434, randoop.jodatime.RandoopTest4.test435, randoop.jodatime.RandoopTest4.test436, randoop.jodatime.RandoopTest4.test437, randoop.jodatime.RandoopTest4.test439, randoop.jodatime.RandoopTest4.test440, randoop.jodatime.RandoopTest4.test441, randoop.jodatime.RandoopTest4.test442, randoop.jodatime.RandoopTest4.test443, randoop.jodatime.RandoopTest4.test444, randoop.jodatime.RandoopTest4.test445, randoop.jodatime.RandoopTest4.test446, randoop.jodatime.RandoopTest4.test447, randoop.jodatime.RandoopTest4.test448, randoop.jodatime.RandoopTest4.test449, randoop.jodatime.RandoopTest4.test450, randoop.jodatime.RandoopTest4.test451, randoop.jodatime.RandoopTest4.test452, randoop.jodatime.RandoopTest4.test453, randoop.jodatime.RandoopTest4.test454, randoop.jodatime.RandoopTest4.test455, randoop.jodatime.RandoopTest4.test456, randoop.jodatime.RandoopTest4.test457, randoop.jodatime.RandoopTest4.test458, randoop.jodatime.RandoopTest4.test459, randoop.jodatime.RandoopTest4.test460, randoop.jodatime.RandoopTest4.test463, randoop.jodatime.RandoopTest4.test464, randoop.jodatime.RandoopTest4.test465, randoop.jodatime.RandoopTest4.test466, randoop.jodatime.RandoopTest4.test467, randoop.jodatime.RandoopTest4.test468, randoop.jodatime.RandoopTest4.test470, randoop.jodatime.RandoopTest4.test471, randoop.jodatime.RandoopTest4.test472, randoop.jodatime.RandoopTest4.test473, randoop.jodatime.RandoopTest4.test474, randoop.jodatime.RandoopTest4.test475]

Time each test takes to run in the new order:
[130851739, 48859086, 27578641, 46068345, 40796752, 37167393, 28948098, 14764880, 22300462, 13765197, 19222766, 14263628, 6165862, 7496827, 5588280, 6855600, 11631103, 5262572, 26084316, 9295281, 21700235, 15868600, 3177774, 16604386, 3485336, 34867284, 15636692, 18502545, 7998576, 15474739, 11703347, 12549257, 12719435, 11860595, 11248486, 12890565, 15024385, 16425993, 13305257, 4220724, 26075106, 13110853, 6316855, 2035806, 5440168, 2407086, 11730690, 2089722, 6914788, 6475246, 3553888, 2579256, 10353099, 10057172, 8529916, 2694620, 6409879, 2631485, 2344726, 10647238, 2505345, 13443953, 2533580, 5232883, 1941883, 2300572, 2050797, 2212407, 2135803, 2022680, 1811636, 2093499, 2782583, 1779318, 12208738, 10680288, 3188411, 13204164, 2688276, 6904792, 6788009, 17811277, 2853485, 2704124, 9116879, 2122159, 1892713, 2032308, 1907126, 2025910, 2021756, 2075869, 3573263, 2143205, 2034042, 2116611, 2046341, 2266215, 1954489, 1935311, 2448113, 2266578, 2206680, 3319239, 1954145, 2233211, 2127998, 2472638, 2142654, 1893500, 2125937, 3344354, 2052615, 2064293, 4408985, 1972231, 1865646, 57977895, 2103501, 537795527, 1914396, 1799608, 2118860, 2118958, 2093440, 2353353, 3592887, 1817028, 2073437, 2002799, 8321283, 1859797, 2112730, 2003589, 2066391, 1821554, 2007087, 3257027, 2189796, 2133971, 1906007, 1842866, 2228873, 1998296, 1800792, 1837585, 2493713, 2902947, 3301045, 1916910, 2064008, 2234348, 1805194, 2202405, 1990861, 2017630, 1946706, 2035943, 2084513, 3474053, 1834845, 2574426, 2049291, 1810800]

Dependent test list:
[Test: randoop.jodatime.RandoopTest0.test196, Intended behavior: FAILURE, when executed after: [randoop.jodatime.RandoopTest0.test192], The revealed different behavior: PASS, when executed after: [], Test: randoop.jodatime.RandoopTest0.test192, Intended behavior: FAILURE, when executed after: [randoop.jodatime.RandoopTest0.test165], The revealed different behavior: PASS, when executed after: [], Test: randoop.jodatime.RandoopTest0.test165, Intended behavior: FAILURE, when executed after: [randoop.jodatime.RandoopTest0.test135], The revealed different behavior: PASS, when executed after: [], Test: randoop.jodatime.RandoopTest0.test360, Intended behavior: FAILURE, when executed after: [randoop.jodatime.RandoopTest0.test338], The revealed different behavior: PASS, when executed after: [], Test: randoop.jodatime.RandoopTest0.test338, Intended behavior: FAILURE, when executed after: [randoop.jodatime.RandoopTest0.test325], The revealed different behavior: PASS, when executed after: [], Test: randoop.jodatime.RandoopTest0.test325, Intended behavior: FAILURE, when executed after: [randoop.jodatime.RandoopTest0.test196], The revealed different behavior: PASS, when executed after: [], Test: randoop.jodatime.RandoopTest1.test235, Intended behavior: FAILURE, when executed after: [randoop.jodatime.RandoopTest1.test181], The revealed different behavior: PASS, when executed after: [], Test: randoop.jodatime.RandoopTest1.test181, Intended behavior: FAILURE, when executed after: [randoop.jodatime.RandoopTest0.test498], The revealed different behavior: PASS, when executed after: [], Test: randoop.jodatime.RandoopTest2.test36, Intended behavior: FAILURE, when executed after: [randoop.jodatime.RandoopTest2.test21], The revealed different behavior: PASS, when executed after: [], Test: randoop.jodatime.RandoopTest2.test77, Intended behavior: FAILURE, when executed after: [randoop.jodatime.RandoopTest1.test467], The revealed different behavior: PASS, when executed after: [], Test: randoop.jodatime.RandoopTest2.test21, Intended behavior: FAILURE, when executed after: [randoop.jodatime.RandoopTest1.test235], The revealed different behavior: PASS, when executed after: [], Test: randoop.jodatime.RandoopTest2.test254, Intended behavior: FAILURE, when executed after: [randoop.jodatime.RandoopTest2.test212], The revealed different behavior: PASS, when executed after: [], Test: randoop.jodatime.RandoopTest2.test243, Intended behavior: FAILURE, when executed after: [randoop.jodatime.RandoopTest2.test36], The revealed different behavior: PASS, when executed after: [], Test: randoop.jodatime.RandoopTest2.test490, Intended behavior: FAILURE, when executed after: [randoop.jodatime.RandoopTest2.test487], The revealed different behavior: PASS, when executed after: [], Test: randoop.jodatime.RandoopTest2.test487, Intended behavior: FAILURE, when executed after: [randoop.jodatime.RandoopTest2.test356], The revealed different behavior: PASS, when executed after: [], Test: randoop.jodatime.RandoopTest2.test356, Intended behavior: FAILURE, when executed after: [randoop.jodatime.RandoopTest2.test243], The revealed different behavior: PASS, when executed after: [], Test: randoop.jodatime.RandoopTest2.test474, Intended behavior: FAILURE, when executed after: [randoop.jodatime.RandoopTest2.test376], The revealed different behavior: PASS, when executed after: [], Test: randoop.jodatime.RandoopTest2.test493, Intended behavior: FAILURE, when executed after: [randoop.jodatime.RandoopTest2.test490], The revealed different behavior: PASS, when executed after: [], Test: randoop.jodatime.RandoopTest3.test195, Intended behavior: FAILURE, when executed after: [randoop.jodatime.RandoopTest3.test193], The revealed different behavior: PASS, when executed after: [], Test: randoop.jodatime.RandoopTest3.test193, Intended behavior: FAILURE, when executed after: [randoop.jodatime.RandoopTest3.test189], The revealed different behavior: PASS, when executed after: [], Test: randoop.jodatime.RandoopTest3.test189, Intended behavior: FAILURE, when executed after: [randoop.jodatime.RandoopTest3.test185], The revealed different behavior: PASS, when executed after: [], Test: randoop.jodatime.RandoopTest3.test185, Intended behavior: FAILURE, when executed after: [randoop.jodatime.RandoopTest3.test161], The revealed different behavior: PASS, when executed after: [], Test: randoop.jodatime.RandoopTest3.test161, Intended behavior: FAILURE, when executed after: [randoop.jodatime.RandoopTest2.test493], The revealed different behavior: PASS, when executed after: [], Test: randoop.jodatime.RandoopTest3.test389, Intended behavior: FAILURE, when executed after: [randoop.jodatime.RandoopTest3.test383], The revealed different behavior: PASS, when executed after: [], Test: randoop.jodatime.RandoopTest3.test383, Intended behavior: FAILURE, when executed after: [randoop.jodatime.RandoopTest3.test347], The revealed different behavior: PASS, when executed after: [], Test: randoop.jodatime.RandoopTest3.test347, Intended behavior: FAILURE, when executed after: [randoop.jodatime.RandoopTest3.test345], The revealed different behavior: PASS, when executed after: [], Test: randoop.jodatime.RandoopTest3.test345, Intended behavior: FAILURE, when executed after: [randoop.jodatime.RandoopTest3.test316], The revealed different behavior: PASS, when executed after: [], Test: randoop.jodatime.RandoopTest3.test316, Intended behavior: FAILURE, when executed after: [randoop.jodatime.RandoopTest3.test315], The revealed different behavior: PASS, when executed after: [], Test: randoop.jodatime.RandoopTest3.test315, Intended behavior: FAILURE, when executed after: [randoop.jodatime.RandoopTest3.test195], The revealed different behavior: PASS, when executed after: [], Test: randoop.jodatime.RandoopTest3.test496, Intended behavior: FAILURE, when executed after: [randoop.jodatime.RandoopTest3.test467], The revealed different behavior: PASS, when executed after: [], Test: randoop.jodatime.RandoopTest3.test467, Intended behavior: FAILURE, when executed after: [randoop.jodatime.RandoopTest3.test389], The revealed different behavior: PASS, when executed after: [], Test: randoop.jodatime.RandoopTest4.test259, Intended behavior: FAILURE, when executed after: [randoop.jodatime.RandoopTest4.test221], The revealed different behavior: PASS, when executed after: [], Test: randoop.jodatime.RandoopTest4.test221, Intended behavior: FAILURE, when executed after: [randoop.jodatime.RandoopTest4.test13], The revealed different behavior: PASS, when executed after: [], Test: randoop.jodatime.RandoopTest4.test401, Intended behavior: FAILURE, when executed after: [randoop.jodatime.RandoopTest4.test259], The revealed different behavior: PASS, when executed after: [], Test: randoop.jodatime.RandoopTest4.test434, Intended behavior: FAILURE, when executed after: [randoop.jodatime.RandoopTest4.test401], The revealed different behavior: PASS, when executed after: [], Test: randoop.jodatime.RandoopTest4.test13, Intended behavior: FAILURE, when executed after: [randoop.jodatime.RandoopTest3.test496], The revealed different behavior: PASS, when executed after: [], Test: randoop.jodatime.RandoopTest2.test212, Intended behavior: FAILURE, when executed after: [randoop.jodatime.RandoopTest2.test77], The revealed different behavior: PASS, when executed after: [], Test: randoop.jodatime.RandoopTest2.test376, Intended behavior: FAILURE, when executed after: [randoop.jodatime.RandoopTest2.test254], The revealed different behavior: PASS, when executed after: []]
--------------------------
Execution time of TLG and its time to find/nullify any DTs for 1 machine (does not include the time to run the tests in the new order): 1.577
Number of tests selected out of total in original order: 138 / 2211
Number of DTs not fixed: 0
Number of DTs fixed: 0
Execution time for executing the following testing order: 1.370

Test order list:
[randoop.jodatime.RandoopTest4.test476, randoop.jodatime.RandoopTest4.test477, randoop.jodatime.RandoopTest4.test478, randoop.jodatime.RandoopTest4.test479, randoop.jodatime.RandoopTest4.test480, randoop.jodatime.RandoopTest4.test481, randoop.jodatime.RandoopTest4.test482, randoop.jodatime.RandoopTest4.test483, randoop.jodatime.RandoopTest4.test484, randoop.jodatime.RandoopTest4.test487, randoop.jodatime.RandoopTest4.test489, randoop.jodatime.RandoopTest4.test490, randoop.jodatime.RandoopTest4.test491, randoop.jodatime.RandoopTest4.test493, randoop.jodatime.RandoopTest4.test494, randoop.jodatime.RandoopTest4.test495, randoop.jodatime.RandoopTest4.test496, randoop.jodatime.RandoopTest4.test497, randoop.jodatime.RandoopTest4.test498, randoop.jodatime.RandoopTest4.test499, randoop.jodatime.RandoopTest4.test500, randoop.jodatime.RandoopTest5.test1, randoop.jodatime.RandoopTest5.test2, randoop.jodatime.RandoopTest5.test3, randoop.jodatime.RandoopTest5.test4, randoop.jodatime.RandoopTest5.test5, randoop.jodatime.RandoopTest5.test6, randoop.jodatime.RandoopTest5.test8, randoop.jodatime.RandoopTest5.test9, randoop.jodatime.RandoopTest5.test10, randoop.jodatime.RandoopTest5.test11, randoop.jodatime.RandoopTest5.test12, randoop.jodatime.RandoopTest5.test13, randoop.jodatime.RandoopTest5.test14, randoop.jodatime.RandoopTest5.test16, randoop.jodatime.RandoopTest5.test17, randoop.jodatime.RandoopTest5.test18, randoop.jodatime.RandoopTest5.test19, randoop.jodatime.RandoopTest5.test21, randoop.jodatime.RandoopTest5.test23, randoop.jodatime.RandoopTest5.test24, randoop.jodatime.RandoopTest5.test25, randoop.jodatime.RandoopTest5.test26, randoop.jodatime.RandoopTest5.test27, randoop.jodatime.RandoopTest5.test28, randoop.jodatime.RandoopTest5.test30, randoop.jodatime.RandoopTest5.test32, randoop.jodatime.RandoopTest5.test33, randoop.jodatime.RandoopTest5.test34, randoop.jodatime.RandoopTest5.test35, randoop.jodatime.RandoopTest5.test36, randoop.jodatime.RandoopTest5.test37, randoop.jodatime.RandoopTest5.test38, randoop.jodatime.RandoopTest5.test39, randoop.jodatime.RandoopTest5.test40, randoop.jodatime.RandoopTest5.test41, randoop.jodatime.RandoopTest5.test42, randoop.jodatime.RandoopTest5.test43, randoop.jodatime.RandoopTest5.test44, randoop.jodatime.RandoopTest5.test46, randoop.jodatime.RandoopTest5.test48, randoop.jodatime.RandoopTest5.test49, randoop.jodatime.RandoopTest5.test50, randoop.jodatime.RandoopTest5.test51, randoop.jodatime.RandoopTest5.test52, randoop.jodatime.RandoopTest5.test53, randoop.jodatime.RandoopTest5.test54, randoop.jodatime.RandoopTest5.test55, randoop.jodatime.RandoopTest5.test56, randoop.jodatime.RandoopTest5.test58, randoop.jodatime.RandoopTest5.test59, randoop.jodatime.RandoopTest5.test60, randoop.jodatime.RandoopTest5.test61, randoop.jodatime.RandoopTest5.test62, randoop.jodatime.RandoopTest5.test63, randoop.jodatime.RandoopTest5.test64, randoop.jodatime.RandoopTest5.test65, randoop.jodatime.RandoopTest5.test66, randoop.jodatime.RandoopTest5.test67, randoop.jodatime.RandoopTest5.test68, randoop.jodatime.RandoopTest5.test69, randoop.jodatime.RandoopTest5.test70, randoop.jodatime.RandoopTest5.test71, randoop.jodatime.RandoopTest5.test74, randoop.jodatime.RandoopTest5.test77, randoop.jodatime.RandoopTest5.test79, randoop.jodatime.RandoopTest5.test81, randoop.jodatime.RandoopTest5.test82, randoop.jodatime.RandoopTest5.test83, randoop.jodatime.RandoopTest5.test84, randoop.jodatime.RandoopTest5.test85, randoop.jodatime.RandoopTest5.test87, randoop.jodatime.RandoopTest5.test88, randoop.jodatime.RandoopTest5.test89, randoop.jodatime.RandoopTest5.test90, randoop.jodatime.RandoopTest5.test91, randoop.jodatime.RandoopTest5.test92, randoop.jodatime.RandoopTest5.test93, randoop.jodatime.RandoopTest5.test94, randoop.jodatime.RandoopTest5.test95, randoop.jodatime.RandoopTest5.test99, randoop.jodatime.RandoopTest5.test100, randoop.jodatime.RandoopTest5.test101, randoop.jodatime.RandoopTest5.test103, randoop.jodatime.RandoopTest5.test104, randoop.jodatime.RandoopTest5.test105, randoop.jodatime.RandoopTest5.test106, randoop.jodatime.RandoopTest5.test107, randoop.jodatime.RandoopTest5.test108, randoop.jodatime.RandoopTest5.test109, randoop.jodatime.RandoopTest5.test110, randoop.jodatime.RandoopTest5.test112, randoop.jodatime.RandoopTest5.test114, randoop.jodatime.RandoopTest5.test115, randoop.jodatime.RandoopTest5.test116, randoop.jodatime.RandoopTest5.test117, randoop.jodatime.RandoopTest5.test118, randoop.jodatime.RandoopTest5.test119, randoop.jodatime.RandoopTest5.test120, randoop.jodatime.RandoopTest5.test121, randoop.jodatime.RandoopTest5.test122, randoop.jodatime.RandoopTest5.test123, randoop.jodatime.RandoopTest5.test124, randoop.jodatime.RandoopTest5.test125, randoop.jodatime.RandoopTest5.test126, randoop.jodatime.RandoopTest5.test127, randoop.jodatime.RandoopTest5.test128, randoop.jodatime.RandoopTest5.test129, randoop.jodatime.RandoopTest5.test130, randoop.jodatime.RandoopTest5.test131, randoop.jodatime.RandoopTest5.test132, randoop.jodatime.RandoopTest5.test133, randoop.jodatime.RandoopTest5.test134, randoop.jodatime.RandoopTest5.test135, randoop.jodatime.RandoopTest5.test136, randoop.jodatime.RandoopTest5.test137, randoop.jodatime.RandoopTest5.test138, randoop.jodatime.RandoopTest5.test139]

Time each test takes to run in the new order:
[125178921, 53761784, 21830834, 39462050, 34893067, 37524058, 23423594, 19450115, 16049174, 40265312, 7012694, 14524658, 7592244, 7459056, 6692677, 5272218, 9233630, 19763835, 23426765, 23160995, 18745849, 2584505, 5731094, 6938328, 4107668, 1665753, 10847952, 2460544, 17076208, 4612777, 7997363, 1599247, 19692954, 10211739, 1811614, 9990353, 2144092, 13555401, 3749959, 12137975, 1770574, 1716628, 10252617, 6404549, 2540862, 10255885, 2714420, 14427675, 16167400, 10882708, 2472487, 13201962, 2602725, 10440971, 10379082, 12390459, 2289990, 7000909, 7458137, 14446633, 2287485, 10492191, 2324567, 10460146, 6309126, 2370474, 10349731, 2510397, 10338948, 12557560, 9535359, 2658647, 9703535, 2887480, 10648813, 10762576, 2583188, 17477332, 2382528, 10463591, 8963379, 2424974, 2598980, 18405661, 9709698, 2594134, 10789814, 2295050, 10377332, 10349913, 5124847, 2626506, 10392042, 10340225, 12185822, 2204472, 10378532, 2237936, 9675747, 7277335, 2161878, 14551928, 2160590, 12886020, 2583332, 10473906, 10494275, 12149199, 2197802, 6489002, 2172281, 10860844, 6946616, 2536348, 10239323, 10661388, 1781058, 1422186, 9647909, 1365490, 9617049, 1445585, 1368281, 9241432, 1418282, 10587822, 1484389, 1185000, 8916904, 2364359, 1261334, 8872606, 1507059, 1200831, 9790656, 1154261, 9797193, 1530347]

Dependent test list:
[Test: randoop.jodatime.RandoopTest0.test196, Intended behavior: FAILURE, when executed after: [randoop.jodatime.RandoopTest0.test192], The revealed different behavior: PASS, when executed after: [], Test: randoop.jodatime.RandoopTest0.test192, Intended behavior: FAILURE, when executed after: [randoop.jodatime.RandoopTest0.test165], The revealed different behavior: PASS, when executed after: [], Test: randoop.jodatime.RandoopTest0.test165, Intended behavior: FAILURE, when executed after: [randoop.jodatime.RandoopTest0.test135], The revealed different behavior: PASS, when executed after: [], Test: randoop.jodatime.RandoopTest0.test360, Intended behavior: FAILURE, when executed after: [randoop.jodatime.RandoopTest0.test338], The revealed different behavior: PASS, when executed after: [], Test: randoop.jodatime.RandoopTest0.test338, Intended behavior: FAILURE, when executed after: [randoop.jodatime.RandoopTest0.test325], The revealed different behavior: PASS, when executed after: [], Test: randoop.jodatime.RandoopTest0.test325, Intended behavior: FAILURE, when executed after: [randoop.jodatime.RandoopTest0.test196], The revealed different behavior: PASS, when executed after: [], Test: randoop.jodatime.RandoopTest1.test235, Intended behavior: FAILURE, when executed after: [randoop.jodatime.RandoopTest1.test181], The revealed different behavior: PASS, when executed after: [], Test: randoop.jodatime.RandoopTest1.test181, Intended behavior: FAILURE, when executed after: [randoop.jodatime.RandoopTest0.test498], The revealed different behavior: PASS, when executed after: [], Test: randoop.jodatime.RandoopTest2.test36, Intended behavior: FAILURE, when executed after: [randoop.jodatime.RandoopTest2.test21], The revealed different behavior: PASS, when executed after: [], Test: randoop.jodatime.RandoopTest2.test77, Intended behavior: FAILURE, when executed after: [randoop.jodatime.RandoopTest1.test467], The revealed different behavior: PASS, when executed after: [], Test: randoop.jodatime.RandoopTest2.test21, Intended behavior: FAILURE, when executed after: [randoop.jodatime.RandoopTest1.test235], The revealed different behavior: PASS, when executed after: [], Test: randoop.jodatime.RandoopTest2.test254, Intended behavior: FAILURE, when executed after: [randoop.jodatime.RandoopTest2.test212], The revealed different behavior: PASS, when executed after: [], Test: randoop.jodatime.RandoopTest2.test243, Intended behavior: FAILURE, when executed after: [randoop.jodatime.RandoopTest2.test36], The revealed different behavior: PASS, when executed after: [], Test: randoop.jodatime.RandoopTest2.test490, Intended behavior: FAILURE, when executed after: [randoop.jodatime.RandoopTest2.test487], The revealed different behavior: PASS, when executed after: [], Test: randoop.jodatime.RandoopTest2.test487, Intended behavior: FAILURE, when executed after: [randoop.jodatime.RandoopTest2.test356], The revealed different behavior: PASS, when executed after: [], Test: randoop.jodatime.RandoopTest2.test356, Intended behavior: FAILURE, when executed after: [randoop.jodatime.RandoopTest2.test243], The revealed different behavior: PASS, when executed after: [], Test: randoop.jodatime.RandoopTest2.test474, Intended behavior: FAILURE, when executed after: [randoop.jodatime.RandoopTest2.test376], The revealed different behavior: PASS, when executed after: [], Test: randoop.jodatime.RandoopTest2.test493, Intended behavior: FAILURE, when executed after: [randoop.jodatime.RandoopTest2.test490], The revealed different behavior: PASS, when executed after: [], Test: randoop.jodatime.RandoopTest3.test195, Intended behavior: FAILURE, when executed after: [randoop.jodatime.RandoopTest3.test193], The revealed different behavior: PASS, when executed after: [], Test: randoop.jodatime.RandoopTest3.test193, Intended behavior: FAILURE, when executed after: [randoop.jodatime.RandoopTest3.test189], The revealed different behavior: PASS, when executed after: [], Test: randoop.jodatime.RandoopTest3.test189, Intended behavior: FAILURE, when executed after: [randoop.jodatime.RandoopTest3.test185], The revealed different behavior: PASS, when executed after: [], Test: randoop.jodatime.RandoopTest3.test185, Intended behavior: FAILURE, when executed after: [randoop.jodatime.RandoopTest3.test161], The revealed different behavior: PASS, when executed after: [], Test: randoop.jodatime.RandoopTest3.test161, Intended behavior: FAILURE, when executed after: [randoop.jodatime.RandoopTest2.test493], The revealed different behavior: PASS, when executed after: [], Test: randoop.jodatime.RandoopTest3.test389, Intended behavior: FAILURE, when executed after: [randoop.jodatime.RandoopTest3.test383], The revealed different behavior: PASS, when executed after: [], Test: randoop.jodatime.RandoopTest3.test383, Intended behavior: FAILURE, when executed after: [randoop.jodatime.RandoopTest3.test347], The revealed different behavior: PASS, when executed after: [], Test: randoop.jodatime.RandoopTest3.test347, Intended behavior: FAILURE, when executed after: [randoop.jodatime.RandoopTest3.test345], The revealed different behavior: PASS, when executed after: [], Test: randoop.jodatime.RandoopTest3.test345, Intended behavior: FAILURE, when executed after: [randoop.jodatime.RandoopTest3.test316], The revealed different behavior: PASS, when executed after: [], Test: randoop.jodatime.RandoopTest3.test316, Intended behavior: FAILURE, when executed after: [randoop.jodatime.RandoopTest3.test315], The revealed different behavior: PASS, when executed after: [], Test: randoop.jodatime.RandoopTest3.test315, Intended behavior: FAILURE, when executed after: [randoop.jodatime.RandoopTest3.test195], The revealed different behavior: PASS, when executed after: [], Test: randoop.jodatime.RandoopTest3.test496, Intended behavior: FAILURE, when executed after: [randoop.jodatime.RandoopTest3.test467], The revealed different behavior: PASS, when executed after: [], Test: randoop.jodatime.RandoopTest3.test467, Intended behavior: FAILURE, when executed after: [randoop.jodatime.RandoopTest3.test389], The revealed different behavior: PASS, when executed after: [], Test: randoop.jodatime.RandoopTest4.test259, Intended behavior: FAILURE, when executed after: [randoop.jodatime.RandoopTest4.test221], The revealed different behavior: PASS, when executed after: [], Test: randoop.jodatime.RandoopTest4.test221, Intended behavior: FAILURE, when executed after: [randoop.jodatime.RandoopTest4.test13], The revealed different behavior: PASS, when executed after: [], Test: randoop.jodatime.RandoopTest4.test401, Intended behavior: FAILURE, when executed after: [randoop.jodatime.RandoopTest4.test259], The revealed different behavior: PASS, when executed after: [], Test: randoop.jodatime.RandoopTest4.test434, Intended behavior: FAILURE, when executed after: [randoop.jodatime.RandoopTest4.test401], The revealed different behavior: PASS, when executed after: [], Test: randoop.jodatime.RandoopTest4.test13, Intended behavior: FAILURE, when executed after: [randoop.jodatime.RandoopTest3.test496], The revealed different behavior: PASS, when executed after: [], Test: randoop.jodatime.RandoopTest2.test212, Intended behavior: FAILURE, when executed after: [randoop.jodatime.RandoopTest2.test77], The revealed different behavior: PASS, when executed after: [], Test: randoop.jodatime.RandoopTest2.test376, Intended behavior: FAILURE, when executed after: [randoop.jodatime.RandoopTest2.test254], The revealed different behavior: PASS, when executed after: []]
--------------------------
Total time (of all machines and iterations plus initial TestListGenerator): 26.890
New order time: 2.898
Total number of tests executed in all machines out of total in original order: 2343 / 2211