The following arguments were used to generate this output.
[-technique, parallelization, -order, time, -timeOrder, /home/user/dependent-tests-impact/experiments/crystalvc//crystal-orig-time.txt, -origOrder, crystal-orig-order, -testInputDir, /home/user/dependent-tests-impact/experiments/crystalvc//sootTestOutput-orig, -filesToDelete, crystal-env-files, -numOfMachines, 4, -project, Crystal, -testType, orig, -timesToRun, 1, -outputDir, /home/user/dependent-tests-impact/experiments/parallelization-results, -dependentTestFile, /home/user/dependent-tests-impact/experiments/parallelization-dt-list/parallelization-Crystal-orig-4-time.txt]

Execution time of TLG and its time to find/nullify any DTs for 1 machine (does not include the time to run the tests in the new order): 0.901
Number of tests selected out of total in original order: 14 / 63
Number of DTs not fixed: 2
Number of DTs fixed: 0
Execution time for executing the following testing order: 0.512

Test order list:
[crystal.client.ClientPreferencesTest.testDefaultSetting, crystal.client.ProjectPreferencesTest.testGetNumOfVisibleSources, crystal.model.DataSourceTest.testClone, crystal.model.DataSourceTest.testSetRemoteCmd, crystal.model.DataSourceTest.testSetCompileCommand, crystal.model.LocalStateResultTest.testGetAction, crystal.model.LocalStateResultTest.testGetLastAction, crystal.model.LocalStateResultTest.testGetNoErrorMessage, crystal.model.RelationshipTest.testStrangeNameConstructor, crystal.model.RelationshipTest.testConstructor, crystal.model.RelationshipTest.testGetDominant, crystal.model.RevisionHistoryTest.testEqualsObject, crystal.server.HgLogParserTest.testParseNullLog, crystal.util.SetOperationsTest.testIntersection]

Time each test takes to run in the new order:
[20904949, 617644, 598003, 6162136, 2131026, 3276864, 1067631, 1032394, 1861960, 12690571, 517499, 455218579, 1098924, 4955566]

DTs not fixed are:
[crystal.model.DataSourceTest.testSetRemoteCmd, crystal.model.DataSourceTest.testSetCompileCommand]

Dependent test list:
[Test: crystal.model.DataSourceTest.testIsHidden, Intended behavior: FAILURE, when executed after: [crystal.model.DataSourceTest.testSetField], The revealed different behavior: PASS, when executed after: [], Test: crystal.model.DataSourceTest.testSetHistory, Intended behavior: FAILURE, when executed after: [crystal.model.DataSourceTest.testIsHidden], The revealed different behavior: PASS, when executed after: []]
--------------------------
Execution time of TLG and its time to find/nullify any DTs for 1 machine (does not include the time to run the tests in the new order): 0.655
Number of tests selected out of total in original order: 24 / 63
Number of DTs not fixed: 0
Number of DTs fixed: 0
Execution time for executing the following testing order: 0.409

Test order list:
[crystal.client.ClientPreferencesTest.testClientPreferences, crystal.client.ClientPreferencesTest.testAddProjectPreferences, crystal.client.ClientPreferencesTest.testDuplicateProject, crystal.client.ClientPreferencesTest.testRemoveProjectPreferences, crystal.client.ConflictDaemonTest.testLocalState, crystal.client.ProjectPreferencesTest.testClone, crystal.client.ProjectPreferencesTest.testDuplicateAddDataSource, crystal.client.ProjectPreferencesTest.testRemoveDataSource, crystal.client.ProjectPreferencesTest.testGetProjectCheckoutLocation, crystal.model.DataSourceTest.testSetField, crystal.model.DataSourceTest.testIsHidden, crystal.model.DataSourceTest.testSetParent, crystal.model.DataSourceTest.testSetKind, crystal.model.DataSourceTest.testSetCloneString, crystal.model.LocalStateResultTest.testStrangeActionName, crystal.model.LocalStateResultTest.testGetName, crystal.model.LocalStateResultTest.testToString, crystal.model.RevisionHistoryTest.testGetCommitters, crystal.server.GuidanceCheckerTest.testGetCommitters, crystal.server.HgLogParserTest.testParseLog, crystal.util.SetOperationsTest.testNullIntersection, crystal.util.SetOperationsTest.testNullUnion, crystal.util.SetOperationsTest.testXor, crystal.util.SpringLayoutUtilityTest.testInvalidPanelParameter]

Time each test takes to run in the new order:
[18713564, 633384, 487128, 690082, 32166163, 741903, 5337407, 558268, 1510296, 540178, 460131, 442491, 437582, 442112, 517075, 1037704, 2815842, 259760728, 3505635, 12029717, 1431414, 996984, 8557153, 55360271]

Dependent test list:
[Test: crystal.model.DataSourceTest.testIsHidden, Intended behavior: FAILURE, when executed after: [crystal.model.DataSourceTest.testSetField], The revealed different behavior: PASS, when executed after: [], Test: crystal.model.DataSourceTest.testSetHistory, Intended behavior: FAILURE, when executed after: [crystal.model.DataSourceTest.testIsHidden], The revealed different behavior: PASS, when executed after: []]
--------------------------
Execution time of TLG and its time to find/nullify any DTs for 1 machine (does not include the time to run the tests in the new order): 0.890
Number of tests selected out of total in original order: 25 / 63
Number of DTs not fixed: 0
Number of DTs fixed: 0
Execution time for executing the following testing order: 0.547

Test order list:
[crystal.client.ClientPreferencesTest.testNullInputConstructor, crystal.client.ClientPreferencesTest.testDuplicateAddProjectPreferences, crystal.client.ClientPreferencesTest.testRemoveProjectPreferencesAtIndex, crystal.client.ClientPreferencesTest.testClone, crystal.client.ConflictDaemonTest.testAddListener, crystal.client.ConflictDaemonTest.testGetInstance, crystal.client.ConflictDaemonTest.testRelationship, crystal.client.ProjectPreferencesTest.testProjectPreferences, crystal.client.ProjectPreferencesTest.testAddDataSource, crystal.model.DataSourceTest.testSetField, crystal.model.DataSourceTest.testSetEnabled, crystal.model.DataSourceTest.testToString, crystal.model.LocalStateResultTest.testErrorActionNameConstructor, crystal.model.LocalStateResultTest.testGetLastErrorMessage, crystal.model.LocalStateResultTest.testGetLocalState, crystal.model.LocalStateResultTest.testGetLastLocalState, crystal.model.RelationshipTest.testCalculateAction, crystal.model.RelationshipTest.testGetActionRepoKind, crystal.model.RelationshipTest.testEqualsObject, crystal.model.RevisionHistoryTest.testSuperSubHistory, crystal.server.GuidanceCheckerTest.testGetWhen, crystal.server.HgLogParserTest.testSingleLog, crystal.server.HgLogParserTest.testTwoLogs, crystal.util.SetOperationsTest.testUnion, crystal.util.SetOperationsTest.testSetDifference]

Time each test takes to run in the new order:
[23012030, 4520476, 493150, 6300953, 3214568, 438891, 13751569, 241960, 247578, 857150, 443658, 521651, 858069, 1304947, 1026982, 1027241, 1501880, 816480, 1859763, 469690117, 5872007, 7640100, 767441, 552909, 520943]

Dependent test list:
[Test: crystal.model.DataSourceTest.testIsHidden, Intended behavior: FAILURE, when executed after: [crystal.model.DataSourceTest.testSetField], The revealed different behavior: PASS, when executed after: [], Test: crystal.model.DataSourceTest.testSetHistory, Intended behavior: FAILURE, when executed after: [crystal.model.DataSourceTest.testIsHidden], The revealed different behavior: PASS, when executed after: []]
--------------------------
Execution time of TLG and its time to find/nullify any DTs for 1 machine (does not include the time to run the tests in the new order): 0.897
Number of tests selected out of total in original order: 3 / 63
Number of DTs not fixed: 0
Number of DTs fixed: 0
Execution time for executing the following testing order: 0.542

Test order list:
[crystal.model.DataSourceTest.testSetField, crystal.model.DataSourceTest.testIsHidden, crystal.model.DataSourceTest.testSetHistory]

Time each test takes to run in the new order:
[6574956, 440668, 535142899]

Dependent test list:
[Test: crystal.model.DataSourceTest.testIsHidden, Intended behavior: FAILURE, when executed after: [crystal.model.DataSourceTest.testSetField], The revealed different behavior: PASS, when executed after: [], Test: crystal.model.DataSourceTest.testSetHistory, Intended behavior: FAILURE, when executed after: [crystal.model.DataSourceTest.testIsHidden], The revealed different behavior: PASS, when executed after: []]
--------------------------
Total time (of all machines and iterations plus initial TestListGenerator): 2.050
New order time: 0.547
Total number of tests executed in all machines out of total in original order: 66 / 63