The following arguments were used to generate this output.
[-technique, parallelization, -order, original, -origOrder, crystal-orig-order, -testInputDir, /home/user/dependent-tests-impact/experiments/crystalvc//sootTestOutput-orig, -filesToDelete, crystal-env-files, -project, Crystal, -testType, orig, -numOfMachines, 8, -outputDir, /home/user/dependent-tests-impact/experiments/parallelization-results, -timesToRun, 1, -dependentTestFile, /home/user/dependent-tests-impact/experiments/parallelization-dt-list/parallelization-Crystal-orig-8-original.txt]

Execution time of TLG and its time to find/nullify any DTs for 1 machine (does not include the time to run the tests in the new order): 0.485
Number of tests selected out of total in original order: 8 / 63
Number of DTs not fixed: 0
Number of DTs fixed: 0
Execution time for executing the following testing order: 0.032

Test order list:
[crystal.client.ClientPreferencesTest.testNullInputConstructor, crystal.client.ClientPreferencesTest.testClientPreferences, crystal.client.ClientPreferencesTest.testDefaultSetting, crystal.client.ClientPreferencesTest.testDuplicateAddProjectPreferences, crystal.client.ClientPreferencesTest.testAddProjectPreferences, crystal.client.ClientPreferencesTest.testDuplicateProject, crystal.client.ClientPreferencesTest.testRemoveProjectPreferences, crystal.client.ClientPreferencesTest.testRemoveProjectPreferencesAtIndex]

Time each test takes to run in the new order:
[24179171, 3744191, 663133, 1172087, 1273366, 488465, 503216, 472101]

Dependent test list:
[Test: crystal.model.DataSourceTest.testSetHistory, Intended behavior: FAILURE, when executed after: [crystal.model.DataSourceTest.testToString], The revealed different behavior: PASS, when executed after: [], Test: crystal.model.DataSourceTest.testToString, Intended behavior: FAILURE, when executed after: [crystal.model.DataSourceTest.testSetField], The revealed different behavior: PASS, when executed after: []]
--------------------------
Execution time of TLG and its time to find/nullify any DTs for 1 machine (does not include the time to run the tests in the new order): 0.504
Number of tests selected out of total in original order: 8 / 63
Number of DTs not fixed: 0
Number of DTs fixed: 0
Execution time for executing the following testing order: 0.078

Test order list:
[crystal.client.ClientPreferencesTest.testClone, crystal.client.ConflictDaemonTest.testAddListener, crystal.client.ConflictDaemonTest.testGetInstance, crystal.client.ConflictDaemonTest.testLocalState, crystal.client.ConflictDaemonTest.testRelationship, crystal.client.ProjectPreferencesTest.testClone, crystal.client.ProjectPreferencesTest.testProjectPreferences, crystal.client.ProjectPreferencesTest.testDuplicateAddDataSource]

Time each test takes to run in the new order:
[29186185, 7572462, 411169, 25085889, 13588641, 568075, 455302, 1066582]

Dependent test list:
[Test: crystal.model.DataSourceTest.testSetHistory, Intended behavior: FAILURE, when executed after: [crystal.model.DataSourceTest.testToString], The revealed different behavior: PASS, when executed after: [], Test: crystal.model.DataSourceTest.testToString, Intended behavior: FAILURE, when executed after: [crystal.model.DataSourceTest.testSetField], The revealed different behavior: PASS, when executed after: []]
--------------------------
Execution time of TLG and its time to find/nullify any DTs for 1 machine (does not include the time to run the tests in the new order): 0.888
Number of tests selected out of total in original order: 9 / 63
Number of DTs not fixed: 0
Number of DTs fixed: 0
Execution time for executing the following testing order: 0.496

Test order list:
[crystal.client.ProjectPreferencesTest.testAddDataSource, crystal.client.ProjectPreferencesTest.testGetNumOfVisibleSources, crystal.client.ProjectPreferencesTest.testRemoveDataSource, crystal.client.ProjectPreferencesTest.testGetProjectCheckoutLocation, crystal.model.DataSourceTest.testClone, crystal.model.DataSourceTest.testSetField, crystal.model.DataSourceTest.testToString, crystal.model.DataSourceTest.testSetHistory, crystal.model.DataSourceTest.testSetRemoteCmd]

Time each test takes to run in the new order:
[17883129, 646193, 487703, 5335717, 515599, 428794, 458312, 469790465, 473841]

Dependent test list:
[Test: crystal.model.DataSourceTest.testSetHistory, Intended behavior: FAILURE, when executed after: [crystal.model.DataSourceTest.testToString], The revealed different behavior: PASS, when executed after: [], Test: crystal.model.DataSourceTest.testToString, Intended behavior: FAILURE, when executed after: [crystal.model.DataSourceTest.testSetField], The revealed different behavior: PASS, when executed after: []]
--------------------------
Execution time of TLG and its time to find/nullify any DTs for 1 machine (does not include the time to run the tests in the new order): 0.186
Number of tests selected out of total in original order: 9 / 63
Number of DTs not fixed: 6
Number of DTs fixed: 0
Execution time for executing the following testing order: 0.027

Test order list:
[crystal.model.DataSourceTest.testSetCompileCommand, crystal.model.DataSourceTest.testSetEnabled, crystal.model.DataSourceTest.testIsHidden, crystal.model.DataSourceTest.testSetParent, crystal.model.DataSourceTest.testSetKind, crystal.model.DataSourceTest.testSetCloneString, crystal.model.DataSourceTest.testSetField, crystal.model.DataSourceTest.testToString, crystal.model.LocalStateResultTest.testStrangeActionName]

Time each test takes to run in the new order:
[7596632, 6239091, 1049320, 1027636, 1485489, 990622, 915988, 1277567, 6345231]

DTs not fixed are:
[crystal.model.DataSourceTest.testIsHidden, crystal.model.DataSourceTest.testSetKind, crystal.model.DataSourceTest.testSetEnabled, crystal.model.DataSourceTest.testSetCloneString, crystal.model.DataSourceTest.testSetParent, crystal.model.DataSourceTest.testSetCompileCommand]

Dependent test list:
[Test: crystal.model.DataSourceTest.testSetHistory, Intended behavior: FAILURE, when executed after: [crystal.model.DataSourceTest.testToString], The revealed different behavior: PASS, when executed after: [], Test: crystal.model.DataSourceTest.testToString, Intended behavior: FAILURE, when executed after: [crystal.model.DataSourceTest.testSetField], The revealed different behavior: PASS, when executed after: []]
--------------------------
Execution time of TLG and its time to find/nullify any DTs for 1 machine (does not include the time to run the tests in the new order): 0.490
Number of tests selected out of total in original order: 8 / 63
Number of DTs not fixed: 0
Number of DTs fixed: 0
Execution time for executing the following testing order: 0.021

Test order list:
[crystal.model.LocalStateResultTest.testErrorActionNameConstructor, crystal.model.LocalStateResultTest.testGetAction, crystal.model.LocalStateResultTest.testGetLastAction, crystal.model.LocalStateResultTest.testGetName, crystal.model.LocalStateResultTest.testGetNoErrorMessage, crystal.model.LocalStateResultTest.testGetLastErrorMessage, crystal.model.LocalStateResultTest.testGetLocalState, crystal.model.LocalStateResultTest.testGetLastLocalState]

Time each test takes to run in the new order:
[6981004, 1978891, 6627857, 1020507, 1132683, 973914, 1009291, 974809]

Dependent test list:
[Test: crystal.model.DataSourceTest.testSetHistory, Intended behavior: FAILURE, when executed after: [crystal.model.DataSourceTest.testToString], The revealed different behavior: PASS, when executed after: [], Test: crystal.model.DataSourceTest.testToString, Intended behavior: FAILURE, when executed after: [crystal.model.DataSourceTest.testSetField], The revealed different behavior: PASS, when executed after: []]
--------------------------
Execution time of TLG and its time to find/nullify any DTs for 1 machine (does not include the time to run the tests in the new order): 0.883
Number of tests selected out of total in original order: 8 / 63
Number of DTs not fixed: 0
Number of DTs fixed: 0
Execution time for executing the following testing order: 0.518

Test order list:
[crystal.model.LocalStateResultTest.testToString, crystal.model.RelationshipTest.testStrangeNameConstructor, crystal.model.RelationshipTest.testConstructor, crystal.model.RelationshipTest.testCalculateAction, crystal.model.RelationshipTest.testGetActionRepoKind, crystal.model.RelationshipTest.testGetDominant, crystal.model.RelationshipTest.testEqualsObject, crystal.model.RevisionHistoryTest.testEqualsObject]

Time each test takes to run in the new order:
[15084212, 3082650, 16504550, 5618383, 4157508, 1185460, 6729517, 465549735]

Dependent test list:
[Test: crystal.model.DataSourceTest.testSetHistory, Intended behavior: FAILURE, when executed after: [crystal.model.DataSourceTest.testToString], The revealed different behavior: PASS, when executed after: [], Test: crystal.model.DataSourceTest.testToString, Intended behavior: FAILURE, when executed after: [crystal.model.DataSourceTest.testSetField], The revealed different behavior: PASS, when executed after: []]
--------------------------
Execution time of TLG and its time to find/nullify any DTs for 1 machine (does not include the time to run the tests in the new order): 1.379
Number of tests selected out of total in original order: 8 / 63
Number of DTs not fixed: 0
Number of DTs fixed: 0
Execution time for executing the following testing order: 0.979

Test order list:
[crystal.model.RevisionHistoryTest.testSuperSubHistory, crystal.model.RevisionHistoryTest.testGetCommitters, crystal.server.GuidanceCheckerTest.testGetCommitters, crystal.server.GuidanceCheckerTest.testGetWhen, crystal.server.HgLogParserTest.testParseNullLog, crystal.server.HgLogParserTest.testParseLog, crystal.server.HgLogParserTest.testSingleLog, crystal.server.HgLogParserTest.testTwoLogs]

Time each test takes to run in the new order:
[525212829, 383528289, 10019442, 45752585, 1585043, 5778368, 3722954, 3245530]

Dependent test list:
[Test: crystal.model.DataSourceTest.testSetHistory, Intended behavior: FAILURE, when executed after: [crystal.model.DataSourceTest.testToString], The revealed different behavior: PASS, when executed after: [], Test: crystal.model.DataSourceTest.testToString, Intended behavior: FAILURE, when executed after: [crystal.model.DataSourceTest.testSetField], The revealed different behavior: PASS, when executed after: []]
--------------------------
Execution time of TLG and its time to find/nullify any DTs for 1 machine (does not include the time to run the tests in the new order): 0.285
Number of tests selected out of total in original order: 7 / 63
Number of DTs not fixed: 0
Number of DTs fixed: 0
Execution time for executing the following testing order: 0.035

Test order list:
[crystal.util.SetOperationsTest.testNullIntersection, crystal.util.SetOperationsTest.testIntersection, crystal.util.SetOperationsTest.testNullUnion, crystal.util.SetOperationsTest.testUnion, crystal.util.SetOperationsTest.testSetDifference, crystal.util.SetOperationsTest.testXor, crystal.util.SpringLayoutUtilityTest.testInvalidPanelParameter]

Time each test takes to run in the new order:
[8873081, 1080812, 5773367, 690204, 478957, 438471, 17609261]

Dependent test list:
[Test: crystal.model.DataSourceTest.testSetHistory, Intended behavior: FAILURE, when executed after: [crystal.model.DataSourceTest.testToString], The revealed different behavior: PASS, when executed after: [], Test: crystal.model.DataSourceTest.testToString, Intended behavior: FAILURE, when executed after: [crystal.model.DataSourceTest.testSetField], The revealed different behavior: PASS, when executed after: []]
--------------------------
Total time (of all machines and iterations plus initial TestListGenerator): 2.213
New order time: 0.979
Total number of tests executed in all machines out of total in original order: 65 / 63