The following arguments were used to generate this output.
[-technique, parallelization, -order, time, -timeOrder, /home/user/dependent-tests-impact/experiments/crystalvc//crystal-orig-time.txt, -origOrder, crystal-orig-order, -testInputDir, /home/user/dependent-tests-impact/experiments/crystalvc//sootTestOutput-orig, -filesToDelete, crystal-env-files, -numOfMachines, 16, -project, Crystal, -testType, orig, -timesToRun, 1, -outputDir, /home/user/dependent-tests-impact/experiments/parallelization-results, -dependentTestFile, /home/user/dependent-tests-impact/experiments/parallelization-dt-list/parallelization-Crystal-orig-16-time.txt]

Execution time of TLG and its time to find/nullify any DTs for 1 machine (does not include the time to run the tests in the new order): 0.499
Number of tests selected out of total in original order: 8 / 63
Number of DTs not fixed: 0
Number of DTs fixed: 0
Execution time for executing the following testing order: 0.060

Test order list:
[crystal.client.ClientPreferencesTest.testDuplicateAddProjectPreferences, crystal.client.ConflictDaemonTest.testGetInstance, crystal.client.ProjectPreferencesTest.testDuplicateAddDataSource, crystal.model.LocalStateResultTest.testGetName, crystal.model.LocalStateResultTest.testGetLocalState, crystal.model.RelationshipTest.testStrangeNameConstructor, crystal.model.RelationshipTest.testConstructor, crystal.server.HgLogParserTest.testParseNullLog]

Time each test takes to run in the new order:
[28291802, 2617210, 4950748, 2738153, 1696783, 3359086, 14789996, 1527943]

Dependent test list:
[Test: crystal.model.DataSourceTest.testSetEnabled, Intended behavior: FAILURE, when executed after: [crystal.model.DataSourceTest.testSetCompileCommand], The revealed different behavior: PASS, when executed after: [], Test: crystal.model.DataSourceTest.testSetRemoteCmd, Intended behavior: FAILURE, when executed after: [crystal.model.DataSourceTest.testSetField], The revealed different behavior: PASS, when executed after: [], Test: crystal.model.DataSourceTest.testSetKind, Intended behavior: FAILURE, when executed after: [crystal.model.DataSourceTest.testIsHidden], The revealed different behavior: PASS, when executed after: [], Test: crystal.model.DataSourceTest.testSetCloneString, Intended behavior: FAILURE, when executed after: [crystal.model.DataSourceTest.testSetKind], The revealed different behavior: PASS, when executed after: [], Test: crystal.model.DataSourceTest.testSetCompileCommand, Intended behavior: FAILURE, when executed after: [crystal.model.DataSourceTest.testSetRemoteCmd], The revealed different behavior: PASS, when executed after: [], Test: crystal.model.DataSourceTest.testIsHidden, Intended behavior: FAILURE, when executed after: [crystal.model.DataSourceTest.testSetEnabled], The revealed different behavior: PASS, when executed after: [], Test: crystal.model.DataSourceTest.testSetHistory, Intended behavior: FAILURE, when executed after: [crystal.model.DataSourceTest.testSetCloneString], The revealed different behavior: PASS, when executed after: []]
--------------------------
Execution time of TLG and its time to find/nullify any DTs for 1 machine (does not include the time to run the tests in the new order): 0.497
Number of tests selected out of total in original order: 7 / 63
Number of DTs not fixed: 0
Number of DTs fixed: 0
Execution time for executing the following testing order: 0.069

Test order list:
[crystal.client.ClientPreferencesTest.testAddProjectPreferences, crystal.model.LocalStateResultTest.testGetNoErrorMessage, crystal.model.LocalStateResultTest.testToString, crystal.server.GuidanceCheckerTest.testGetWhen, crystal.server.HgLogParserTest.testSingleLog, crystal.server.HgLogParserTest.testTwoLogs, crystal.util.SetOperationsTest.testNullIntersection]

Time each test takes to run in the new order:
[29866061, 5076736, 2947344, 18583612, 7565570, 3456748, 1809522]

Dependent test list:
[Test: crystal.model.DataSourceTest.testSetEnabled, Intended behavior: FAILURE, when executed after: [crystal.model.DataSourceTest.testSetCompileCommand], The revealed different behavior: PASS, when executed after: [], Test: crystal.model.DataSourceTest.testSetRemoteCmd, Intended behavior: FAILURE, when executed after: [crystal.model.DataSourceTest.testSetField], The revealed different behavior: PASS, when executed after: [], Test: crystal.model.DataSourceTest.testSetKind, Intended behavior: FAILURE, when executed after: [crystal.model.DataSourceTest.testIsHidden], The revealed different behavior: PASS, when executed after: [], Test: crystal.model.DataSourceTest.testSetCloneString, Intended behavior: FAILURE, when executed after: [crystal.model.DataSourceTest.testSetKind], The revealed different behavior: PASS, when executed after: [], Test: crystal.model.DataSourceTest.testSetCompileCommand, Intended behavior: FAILURE, when executed after: [crystal.model.DataSourceTest.testSetRemoteCmd], The revealed different behavior: PASS, when executed after: [], Test: crystal.model.DataSourceTest.testIsHidden, Intended behavior: FAILURE, when executed after: [crystal.model.DataSourceTest.testSetEnabled], The revealed different behavior: PASS, when executed after: [], Test: crystal.model.DataSourceTest.testSetHistory, Intended behavior: FAILURE, when executed after: [crystal.model.DataSourceTest.testSetCloneString], The revealed different behavior: PASS, when executed after: []]
--------------------------
Execution time of TLG and its time to find/nullify any DTs for 1 machine (does not include the time to run the tests in the new order): 0.489
Number of tests selected out of total in original order: 9 / 63
Number of DTs not fixed: 0
Number of DTs fixed: 0
Execution time for executing the following testing order: 0.062

Test order list:
[crystal.client.ClientPreferencesTest.testNullInputConstructor, crystal.client.ClientPreferencesTest.testClientPreferences, crystal.client.ProjectPreferencesTest.testClone, crystal.model.DataSourceTest.testSetField, crystal.model.DataSourceTest.testSetRemoteCmd, crystal.model.LocalStateResultTest.testGetAction, crystal.model.LocalStateResultTest.testGetLastLocalState, crystal.model.RelationshipTest.testCalculateAction, crystal.util.SetOperationsTest.testUnion]

Time each test takes to run in the new order:
[32346505, 729038, 2342339, 646262, 534295, 4602691, 1347311, 17240766, 1873696]

Dependent test list:
[Test: crystal.model.DataSourceTest.testSetEnabled, Intended behavior: FAILURE, when executed after: [crystal.model.DataSourceTest.testSetCompileCommand], The revealed different behavior: PASS, when executed after: [], Test: crystal.model.DataSourceTest.testSetRemoteCmd, Intended behavior: FAILURE, when executed after: [crystal.model.DataSourceTest.testSetField], The revealed different behavior: PASS, when executed after: [], Test: crystal.model.DataSourceTest.testSetKind, Intended behavior: FAILURE, when executed after: [crystal.model.DataSourceTest.testIsHidden], The revealed different behavior: PASS, when executed after: [], Test: crystal.model.DataSourceTest.testSetCloneString, Intended behavior: FAILURE, when executed after: [crystal.model.DataSourceTest.testSetKind], The revealed different behavior: PASS, when executed after: [], Test: crystal.model.DataSourceTest.testSetCompileCommand, Intended behavior: FAILURE, when executed after: [crystal.model.DataSourceTest.testSetRemoteCmd], The revealed different behavior: PASS, when executed after: [], Test: crystal.model.DataSourceTest.testIsHidden, Intended behavior: FAILURE, when executed after: [crystal.model.DataSourceTest.testSetEnabled], The revealed different behavior: PASS, when executed after: [], Test: crystal.model.DataSourceTest.testSetHistory, Intended behavior: FAILURE, when executed after: [crystal.model.DataSourceTest.testSetCloneString], The revealed different behavior: PASS, when executed after: []]
--------------------------
Execution time of TLG and its time to find/nullify any DTs for 1 machine (does not include the time to run the tests in the new order): 0.503
Number of tests selected out of total in original order: 8 / 63
Number of DTs not fixed: 1
Number of DTs fixed: 0
Execution time for executing the following testing order: 0.064

Test order list:
[crystal.client.ClientPreferencesTest.testDuplicateProject, crystal.client.ClientPreferencesTest.testRemoveProjectPreferencesAtIndex, crystal.model.DataSourceTest.testToString, crystal.model.LocalStateResultTest.testStrangeActionName, crystal.model.RelationshipTest.testGetActionRepoKind, crystal.model.RelationshipTest.testGetDominant, crystal.model.RelationshipTest.testEqualsObject, crystal.util.SetOperationsTest.testNullUnion]

Time each test takes to run in the new order:
[24341991, 5406547, 7219918, 5420311, 16481934, 783968, 2847772, 1859234]

DTs not fixed are:
[crystal.model.DataSourceTest.testToString]

Dependent test list:
[Test: crystal.model.DataSourceTest.testSetEnabled, Intended behavior: FAILURE, when executed after: [crystal.model.DataSourceTest.testSetCompileCommand], The revealed different behavior: PASS, when executed after: [], Test: crystal.model.DataSourceTest.testSetRemoteCmd, Intended behavior: FAILURE, when executed after: [crystal.model.DataSourceTest.testSetField], The revealed different behavior: PASS, when executed after: [], Test: crystal.model.DataSourceTest.testSetKind, Intended behavior: FAILURE, when executed after: [crystal.model.DataSourceTest.testIsHidden], The revealed different behavior: PASS, when executed after: [], Test: crystal.model.DataSourceTest.testSetCloneString, Intended behavior: FAILURE, when executed after: [crystal.model.DataSourceTest.testSetKind], The revealed different behavior: PASS, when executed after: [], Test: crystal.model.DataSourceTest.testSetCompileCommand, Intended behavior: FAILURE, when executed after: [crystal.model.DataSourceTest.testSetRemoteCmd], The revealed different behavior: PASS, when executed after: [], Test: crystal.model.DataSourceTest.testIsHidden, Intended behavior: FAILURE, when executed after: [crystal.model.DataSourceTest.testSetEnabled], The revealed different behavior: PASS, when executed after: [], Test: crystal.model.DataSourceTest.testSetHistory, Intended behavior: FAILURE, when executed after: [crystal.model.DataSourceTest.testSetCloneString], The revealed different behavior: PASS, when executed after: []]
--------------------------
Execution time of TLG and its time to find/nullify any DTs for 1 machine (does not include the time to run the tests in the new order): 0.512
Number of tests selected out of total in original order: 12 / 63
Number of DTs not fixed: 0
Number of DTs fixed: 0
Execution time for executing the following testing order: 0.027

Test order list:
[crystal.client.ConflictDaemonTest.testAddListener, crystal.model.DataSourceTest.testClone, crystal.model.DataSourceTest.testSetField, crystal.model.DataSourceTest.testSetRemoteCmd, crystal.model.DataSourceTest.testSetCompileCommand, crystal.model.DataSourceTest.testSetEnabled, crystal.model.DataSourceTest.testSetParent, crystal.model.DataSourceTest.testIsHidden, crystal.model.DataSourceTest.testSetKind, crystal.model.DataSourceTest.testSetCloneString, crystal.model.LocalStateResultTest.testErrorActionNameConstructor, crystal.util.SetOperationsTest.testXor]

Time each test takes to run in the new order:
[12361258, 9036002, 667799, 511596, 209176, 198756, 202284, 195604, 195383, 197317, 1997147, 1640012]

Dependent test list:
[Test: crystal.model.DataSourceTest.testSetEnabled, Intended behavior: FAILURE, when executed after: [crystal.model.DataSourceTest.testSetCompileCommand], The revealed different behavior: PASS, when executed after: [], Test: crystal.model.DataSourceTest.testSetRemoteCmd, Intended behavior: FAILURE, when executed after: [crystal.model.DataSourceTest.testSetField], The revealed different behavior: PASS, when executed after: [], Test: crystal.model.DataSourceTest.testSetKind, Intended behavior: FAILURE, when executed after: [crystal.model.DataSourceTest.testIsHidden], The revealed different behavior: PASS, when executed after: [], Test: crystal.model.DataSourceTest.testSetCloneString, Intended behavior: FAILURE, when executed after: [crystal.model.DataSourceTest.testSetKind], The revealed different behavior: PASS, when executed after: [], Test: crystal.model.DataSourceTest.testSetCompileCommand, Intended behavior: FAILURE, when executed after: [crystal.model.DataSourceTest.testSetRemoteCmd], The revealed different behavior: PASS, when executed after: [], Test: crystal.model.DataSourceTest.testIsHidden, Intended behavior: FAILURE, when executed after: [crystal.model.DataSourceTest.testSetEnabled], The revealed different behavior: PASS, when executed after: [], Test: crystal.model.DataSourceTest.testSetHistory, Intended behavior: FAILURE, when executed after: [crystal.model.DataSourceTest.testSetCloneString], The revealed different behavior: PASS, when executed after: []]
--------------------------
Execution time of TLG and its time to find/nullify any DTs for 1 machine (does not include the time to run the tests in the new order): 0.506
Number of tests selected out of total in original order: 11 / 63
Number of DTs not fixed: 0
Number of DTs fixed: 0
Execution time for executing the following testing order: 0.044

Test order list:
[crystal.client.ClientPreferencesTest.testDefaultSetting, crystal.client.ProjectPreferencesTest.testAddDataSource, crystal.client.ProjectPreferencesTest.testRemoveDataSource, crystal.model.DataSourceTest.testSetField, crystal.model.DataSourceTest.testSetRemoteCmd, crystal.model.DataSourceTest.testSetCompileCommand, crystal.model.DataSourceTest.testSetEnabled, crystal.model.DataSourceTest.testIsHidden, crystal.model.DataSourceTest.testSetKind, crystal.model.LocalStateResultTest.testGetLastAction, crystal.util.SetOperationsTest.testSetDifference]

Time each test takes to run in the new order:
[28977733, 907912, 915787, 3849615, 559289, 535791, 530003, 530198, 583559, 5244568, 1702231]

Dependent test list:
[Test: crystal.model.DataSourceTest.testSetEnabled, Intended behavior: FAILURE, when executed after: [crystal.model.DataSourceTest.testSetCompileCommand], The revealed different behavior: PASS, when executed after: [], Test: crystal.model.DataSourceTest.testSetRemoteCmd, Intended behavior: FAILURE, when executed after: [crystal.model.DataSourceTest.testSetField], The revealed different behavior: PASS, when executed after: [], Test: crystal.model.DataSourceTest.testSetKind, Intended behavior: FAILURE, when executed after: [crystal.model.DataSourceTest.testIsHidden], The revealed different behavior: PASS, when executed after: [], Test: crystal.model.DataSourceTest.testSetCloneString, Intended behavior: FAILURE, when executed after: [crystal.model.DataSourceTest.testSetKind], The revealed different behavior: PASS, when executed after: [], Test: crystal.model.DataSourceTest.testSetCompileCommand, Intended behavior: FAILURE, when executed after: [crystal.model.DataSourceTest.testSetRemoteCmd], The revealed different behavior: PASS, when executed after: [], Test: crystal.model.DataSourceTest.testIsHidden, Intended behavior: FAILURE, when executed after: [crystal.model.DataSourceTest.testSetEnabled], The revealed different behavior: PASS, when executed after: [], Test: crystal.model.DataSourceTest.testSetHistory, Intended behavior: FAILURE, when executed after: [crystal.model.DataSourceTest.testSetCloneString], The revealed different behavior: PASS, when executed after: []]
--------------------------
Execution time of TLG and its time to find/nullify any DTs for 1 machine (does not include the time to run the tests in the new order): 0.499
Number of tests selected out of total in original order: 10 / 63
Number of DTs not fixed: 0
Number of DTs fixed: 0
Execution time for executing the following testing order: 0.061

Test order list:
[crystal.client.ClientPreferencesTest.testRemoveProjectPreferences, crystal.client.ClientPreferencesTest.testClone, crystal.client.ProjectPreferencesTest.testGetNumOfVisibleSources, crystal.client.ProjectPreferencesTest.testGetProjectCheckoutLocation, crystal.model.DataSourceTest.testSetField, crystal.model.DataSourceTest.testSetRemoteCmd, crystal.model.DataSourceTest.testSetCompileCommand, crystal.model.LocalStateResultTest.testGetLastErrorMessage, crystal.server.GuidanceCheckerTest.testGetCommitters, crystal.util.SetOperationsTest.testIntersection]

Time each test takes to run in the new order:
[24891544, 10412023, 726881, 8534817, 723841, 685952, 1028157, 1920745, 10240954, 1543945]

Dependent test list:
[Test: crystal.model.DataSourceTest.testSetEnabled, Intended behavior: FAILURE, when executed after: [crystal.model.DataSourceTest.testSetCompileCommand], The revealed different behavior: PASS, when executed after: [], Test: crystal.model.DataSourceTest.testSetRemoteCmd, Intended behavior: FAILURE, when executed after: [crystal.model.DataSourceTest.testSetField], The revealed different behavior: PASS, when executed after: [], Test: crystal.model.DataSourceTest.testSetKind, Intended behavior: FAILURE, when executed after: [crystal.model.DataSourceTest.testIsHidden], The revealed different behavior: PASS, when executed after: [], Test: crystal.model.DataSourceTest.testSetCloneString, Intended behavior: FAILURE, when executed after: [crystal.model.DataSourceTest.testSetKind], The revealed different behavior: PASS, when executed after: [], Test: crystal.model.DataSourceTest.testSetCompileCommand, Intended behavior: FAILURE, when executed after: [crystal.model.DataSourceTest.testSetRemoteCmd], The revealed different behavior: PASS, when executed after: [], Test: crystal.model.DataSourceTest.testIsHidden, Intended behavior: FAILURE, when executed after: [crystal.model.DataSourceTest.testSetEnabled], The revealed different behavior: PASS, when executed after: [], Test: crystal.model.DataSourceTest.testSetHistory, Intended behavior: FAILURE, when executed after: [crystal.model.DataSourceTest.testSetCloneString], The revealed different behavior: PASS, when executed after: []]
--------------------------
Execution time of TLG and its time to find/nullify any DTs for 1 machine (does not include the time to run the tests in the new order): 0.504
Number of tests selected out of total in original order: 1 / 63
Number of DTs not fixed: 0
Number of DTs fixed: 0
Execution time for executing the following testing order: 0.091

Test order list:
[crystal.client.ConflictDaemonTest.testLocalState]

Time each test takes to run in the new order:
[90526040]

Dependent test list:
[Test: crystal.model.DataSourceTest.testSetEnabled, Intended behavior: FAILURE, when executed after: [crystal.model.DataSourceTest.testSetCompileCommand], The revealed different behavior: PASS, when executed after: [], Test: crystal.model.DataSourceTest.testSetRemoteCmd, Intended behavior: FAILURE, when executed after: [crystal.model.DataSourceTest.testSetField], The revealed different behavior: PASS, when executed after: [], Test: crystal.model.DataSourceTest.testSetKind, Intended behavior: FAILURE, when executed after: [crystal.model.DataSourceTest.testIsHidden], The revealed different behavior: PASS, when executed after: [], Test: crystal.model.DataSourceTest.testSetCloneString, Intended behavior: FAILURE, when executed after: [crystal.model.DataSourceTest.testSetKind], The revealed different behavior: PASS, when executed after: [], Test: crystal.model.DataSourceTest.testSetCompileCommand, Intended behavior: FAILURE, when executed after: [crystal.model.DataSourceTest.testSetRemoteCmd], The revealed different behavior: PASS, when executed after: [], Test: crystal.model.DataSourceTest.testIsHidden, Intended behavior: FAILURE, when executed after: [crystal.model.DataSourceTest.testSetEnabled], The revealed different behavior: PASS, when executed after: [], Test: crystal.model.DataSourceTest.testSetHistory, Intended behavior: FAILURE, when executed after: [crystal.model.DataSourceTest.testSetCloneString], The revealed different behavior: PASS, when executed after: []]
--------------------------
Execution time of TLG and its time to find/nullify any DTs for 1 machine (does not include the time to run the tests in the new order): 0.316
Number of tests selected out of total in original order: 1 / 63
Number of DTs not fixed: 0
Number of DTs fixed: 0
Execution time for executing the following testing order: 0.042

Test order list:
[crystal.util.SpringLayoutUtilityTest.testInvalidPanelParameter]

Time each test takes to run in the new order:
[42050993]

Dependent test list:
[Test: crystal.model.DataSourceTest.testSetEnabled, Intended behavior: FAILURE, when executed after: [crystal.model.DataSourceTest.testSetCompileCommand], The revealed different behavior: PASS, when executed after: [], Test: crystal.model.DataSourceTest.testSetRemoteCmd, Intended behavior: FAILURE, when executed after: [crystal.model.DataSourceTest.testSetField], The revealed different behavior: PASS, when executed after: [], Test: crystal.model.DataSourceTest.testSetKind, Intended behavior: FAILURE, when executed after: [crystal.model.DataSourceTest.testIsHidden], The revealed different behavior: PASS, when executed after: [], Test: crystal.model.DataSourceTest.testSetCloneString, Intended behavior: FAILURE, when executed after: [crystal.model.DataSourceTest.testSetKind], The revealed different behavior: PASS, when executed after: [], Test: crystal.model.DataSourceTest.testSetCompileCommand, Intended behavior: FAILURE, when executed after: [crystal.model.DataSourceTest.testSetRemoteCmd], The revealed different behavior: PASS, when executed after: [], Test: crystal.model.DataSourceTest.testIsHidden, Intended behavior: FAILURE, when executed after: [crystal.model.DataSourceTest.testSetEnabled], The revealed different behavior: PASS, when executed after: [], Test: crystal.model.DataSourceTest.testSetHistory, Intended behavior: FAILURE, when executed after: [crystal.model.DataSourceTest.testSetCloneString], The revealed different behavior: PASS, when executed after: []]
--------------------------
Execution time of TLG and its time to find/nullify any DTs for 1 machine (does not include the time to run the tests in the new order): 0.539
Number of tests selected out of total in original order: 1 / 63
Number of DTs not fixed: 1
Number of DTs fixed: 0
Execution time for executing the following testing order: 0.110

Test order list:
[crystal.client.ConflictDaemonTest.testRelationship]

Time each test takes to run in the new order:
[109719119]

DTs not fixed are:
[crystal.client.ConflictDaemonTest.testRelationship]

Dependent test list:
[Test: crystal.model.DataSourceTest.testSetEnabled, Intended behavior: FAILURE, when executed after: [crystal.model.DataSourceTest.testSetCompileCommand], The revealed different behavior: PASS, when executed after: [], Test: crystal.model.DataSourceTest.testSetRemoteCmd, Intended behavior: FAILURE, when executed after: [crystal.model.DataSourceTest.testSetField], The revealed different behavior: PASS, when executed after: [], Test: crystal.model.DataSourceTest.testSetKind, Intended behavior: FAILURE, when executed after: [crystal.model.DataSourceTest.testIsHidden], The revealed different behavior: PASS, when executed after: [], Test: crystal.model.DataSourceTest.testSetCloneString, Intended behavior: FAILURE, when executed after: [crystal.model.DataSourceTest.testSetKind], The revealed different behavior: PASS, when executed after: [], Test: crystal.model.DataSourceTest.testSetCompileCommand, Intended behavior: FAILURE, when executed after: [crystal.model.DataSourceTest.testSetRemoteCmd], The revealed different behavior: PASS, when executed after: [], Test: crystal.model.DataSourceTest.testIsHidden, Intended behavior: FAILURE, when executed after: [crystal.model.DataSourceTest.testSetEnabled], The revealed different behavior: PASS, when executed after: [], Test: crystal.model.DataSourceTest.testSetHistory, Intended behavior: FAILURE, when executed after: [crystal.model.DataSourceTest.testSetCloneString], The revealed different behavior: PASS, when executed after: []]
--------------------------
Execution time of TLG and its time to find/nullify any DTs for 1 machine (does not include the time to run the tests in the new order): 0.894
Number of tests selected out of total in original order: 1 / 63
Number of DTs not fixed: 0
Number of DTs fixed: 0
Execution time for executing the following testing order: 0.393

Test order list:
[crystal.model.RevisionHistoryTest.testGetCommitters]

Time each test takes to run in the new order:
[392703378]

Dependent test list:
[Test: crystal.model.DataSourceTest.testSetEnabled, Intended behavior: FAILURE, when executed after: [crystal.model.DataSourceTest.testSetCompileCommand], The revealed different behavior: PASS, when executed after: [], Test: crystal.model.DataSourceTest.testSetRemoteCmd, Intended behavior: FAILURE, when executed after: [crystal.model.DataSourceTest.testSetField], The revealed different behavior: PASS, when executed after: [], Test: crystal.model.DataSourceTest.testSetKind, Intended behavior: FAILURE, when executed after: [crystal.model.DataSourceTest.testIsHidden], The revealed different behavior: PASS, when executed after: [], Test: crystal.model.DataSourceTest.testSetCloneString, Intended behavior: FAILURE, when executed after: [crystal.model.DataSourceTest.testSetKind], The revealed different behavior: PASS, when executed after: [], Test: crystal.model.DataSourceTest.testSetCompileCommand, Intended behavior: FAILURE, when executed after: [crystal.model.DataSourceTest.testSetRemoteCmd], The revealed different behavior: PASS, when executed after: [], Test: crystal.model.DataSourceTest.testIsHidden, Intended behavior: FAILURE, when executed after: [crystal.model.DataSourceTest.testSetEnabled], The revealed different behavior: PASS, when executed after: [], Test: crystal.model.DataSourceTest.testSetHistory, Intended behavior: FAILURE, when executed after: [crystal.model.DataSourceTest.testSetCloneString], The revealed different behavior: PASS, when executed after: []]
--------------------------
Execution time of TLG and its time to find/nullify any DTs for 1 machine (does not include the time to run the tests in the new order): 0.497
Number of tests selected out of total in original order: 1 / 63
Number of DTs not fixed: 0
Number of DTs fixed: 0
Execution time for executing the following testing order: 0.026

Test order list:
[crystal.client.ProjectPreferencesTest.testProjectPreferences]

Time each test takes to run in the new order:
[26496888]

Dependent test list:
[Test: crystal.model.DataSourceTest.testSetEnabled, Intended behavior: FAILURE, when executed after: [crystal.model.DataSourceTest.testSetCompileCommand], The revealed different behavior: PASS, when executed after: [], Test: crystal.model.DataSourceTest.testSetRemoteCmd, Intended behavior: FAILURE, when executed after: [crystal.model.DataSourceTest.testSetField], The revealed different behavior: PASS, when executed after: [], Test: crystal.model.DataSourceTest.testSetKind, Intended behavior: FAILURE, when executed after: [crystal.model.DataSourceTest.testIsHidden], The revealed different behavior: PASS, when executed after: [], Test: crystal.model.DataSourceTest.testSetCloneString, Intended behavior: FAILURE, when executed after: [crystal.model.DataSourceTest.testSetKind], The revealed different behavior: PASS, when executed after: [], Test: crystal.model.DataSourceTest.testSetCompileCommand, Intended behavior: FAILURE, when executed after: [crystal.model.DataSourceTest.testSetRemoteCmd], The revealed different behavior: PASS, when executed after: [], Test: crystal.model.DataSourceTest.testIsHidden, Intended behavior: FAILURE, when executed after: [crystal.model.DataSourceTest.testSetEnabled], The revealed different behavior: PASS, when executed after: [], Test: crystal.model.DataSourceTest.testSetHistory, Intended behavior: FAILURE, when executed after: [crystal.model.DataSourceTest.testSetCloneString], The revealed different behavior: PASS, when executed after: []]
--------------------------
Execution time of TLG and its time to find/nullify any DTs for 1 machine (does not include the time to run the tests in the new order): 0.880
Number of tests selected out of total in original order: 1 / 63
Number of DTs not fixed: 0
Number of DTs fixed: 0
Execution time for executing the following testing order: 0.553

Test order list:
[crystal.model.RevisionHistoryTest.testSuperSubHistory]

Time each test takes to run in the new order:
[552594617]

Dependent test list:
[Test: crystal.model.DataSourceTest.testSetEnabled, Intended behavior: FAILURE, when executed after: [crystal.model.DataSourceTest.testSetCompileCommand], The revealed different behavior: PASS, when executed after: [], Test: crystal.model.DataSourceTest.testSetRemoteCmd, Intended behavior: FAILURE, when executed after: [crystal.model.DataSourceTest.testSetField], The revealed different behavior: PASS, when executed after: [], Test: crystal.model.DataSourceTest.testSetKind, Intended behavior: FAILURE, when executed after: [crystal.model.DataSourceTest.testIsHidden], The revealed different behavior: PASS, when executed after: [], Test: crystal.model.DataSourceTest.testSetCloneString, Intended behavior: FAILURE, when executed after: [crystal.model.DataSourceTest.testSetKind], The revealed different behavior: PASS, when executed after: [], Test: crystal.model.DataSourceTest.testSetCompileCommand, Intended behavior: FAILURE, when executed after: [crystal.model.DataSourceTest.testSetRemoteCmd], The revealed different behavior: PASS, when executed after: [], Test: crystal.model.DataSourceTest.testIsHidden, Intended behavior: FAILURE, when executed after: [crystal.model.DataSourceTest.testSetEnabled], The revealed different behavior: PASS, when executed after: [], Test: crystal.model.DataSourceTest.testSetHistory, Intended behavior: FAILURE, when executed after: [crystal.model.DataSourceTest.testSetCloneString], The revealed different behavior: PASS, when executed after: []]
--------------------------
Execution time of TLG and its time to find/nullify any DTs for 1 machine (does not include the time to run the tests in the new order): 0.499
Number of tests selected out of total in original order: 1 / 63
Number of DTs not fixed: 0
Number of DTs fixed: 0
Execution time for executing the following testing order: 0.033

Test order list:
[crystal.server.HgLogParserTest.testParseLog]

Time each test takes to run in the new order:
[33432498]

Dependent test list:
[Test: crystal.model.DataSourceTest.testSetEnabled, Intended behavior: FAILURE, when executed after: [crystal.model.DataSourceTest.testSetCompileCommand], The revealed different behavior: PASS, when executed after: [], Test: crystal.model.DataSourceTest.testSetRemoteCmd, Intended behavior: FAILURE, when executed after: [crystal.model.DataSourceTest.testSetField], The revealed different behavior: PASS, when executed after: [], Test: crystal.model.DataSourceTest.testSetKind, Intended behavior: FAILURE, when executed after: [crystal.model.DataSourceTest.testIsHidden], The revealed different behavior: PASS, when executed after: [], Test: crystal.model.DataSourceTest.testSetCloneString, Intended behavior: FAILURE, when executed after: [crystal.model.DataSourceTest.testSetKind], The revealed different behavior: PASS, when executed after: [], Test: crystal.model.DataSourceTest.testSetCompileCommand, Intended behavior: FAILURE, when executed after: [crystal.model.DataSourceTest.testSetRemoteCmd], The revealed different behavior: PASS, when executed after: [], Test: crystal.model.DataSourceTest.testIsHidden, Intended behavior: FAILURE, when executed after: [crystal.model.DataSourceTest.testSetEnabled], The revealed different behavior: PASS, when executed after: [], Test: crystal.model.DataSourceTest.testSetHistory, Intended behavior: FAILURE, when executed after: [crystal.model.DataSourceTest.testSetCloneString], The revealed different behavior: PASS, when executed after: []]
--------------------------
Execution time of TLG and its time to find/nullify any DTs for 1 machine (does not include the time to run the tests in the new order): 0.898
Number of tests selected out of total in original order: 1 / 63
Number of DTs not fixed: 0
Number of DTs fixed: 0
Execution time for executing the following testing order: 0.656

Test order list:
[crystal.model.RevisionHistoryTest.testEqualsObject]

Time each test takes to run in the new order:
[655651045]

Dependent test list:
[Test: crystal.model.DataSourceTest.testSetEnabled, Intended behavior: FAILURE, when executed after: [crystal.model.DataSourceTest.testSetCompileCommand], The revealed different behavior: PASS, when executed after: [], Test: crystal.model.DataSourceTest.testSetRemoteCmd, Intended behavior: FAILURE, when executed after: [crystal.model.DataSourceTest.testSetField], The revealed different behavior: PASS, when executed after: [], Test: crystal.model.DataSourceTest.testSetKind, Intended behavior: FAILURE, when executed after: [crystal.model.DataSourceTest.testIsHidden], The revealed different behavior: PASS, when executed after: [], Test: crystal.model.DataSourceTest.testSetCloneString, Intended behavior: FAILURE, when executed after: [crystal.model.DataSourceTest.testSetKind], The revealed different behavior: PASS, when executed after: [], Test: crystal.model.DataSourceTest.testSetCompileCommand, Intended behavior: FAILURE, when executed after: [crystal.model.DataSourceTest.testSetRemoteCmd], The revealed different behavior: PASS, when executed after: [], Test: crystal.model.DataSourceTest.testIsHidden, Intended behavior: FAILURE, when executed after: [crystal.model.DataSourceTest.testSetEnabled], The revealed different behavior: PASS, when executed after: [], Test: crystal.model.DataSourceTest.testSetHistory, Intended behavior: FAILURE, when executed after: [crystal.model.DataSourceTest.testSetCloneString], The revealed different behavior: PASS, when executed after: []]
--------------------------
Execution time of TLG and its time to find/nullify any DTs for 1 machine (does not include the time to run the tests in the new order): 0.900
Number of tests selected out of total in original order: 8 / 63
Number of DTs not fixed: 0
Number of DTs fixed: 0
Execution time for executing the following testing order: 0.567

Test order list:
[crystal.model.DataSourceTest.testSetField, crystal.model.DataSourceTest.testSetRemoteCmd, crystal.model.DataSourceTest.testSetCompileCommand, crystal.model.DataSourceTest.testSetEnabled, crystal.model.DataSourceTest.testIsHidden, crystal.model.DataSourceTest.testSetKind, crystal.model.DataSourceTest.testSetCloneString, crystal.model.DataSourceTest.testSetHistory]

Time each test takes to run in the new order:
[8523274, 501487, 491857, 456087, 452611, 456469, 1577187, 554930910]

Dependent test list:
[Test: crystal.model.DataSourceTest.testSetEnabled, Intended behavior: FAILURE, when executed after: [crystal.model.DataSourceTest.testSetCompileCommand], The revealed different behavior: PASS, when executed after: [], Test: crystal.model.DataSourceTest.testSetRemoteCmd, Intended behavior: FAILURE, when executed after: [crystal.model.DataSourceTest.testSetField], The revealed different behavior: PASS, when executed after: [], Test: crystal.model.DataSourceTest.testSetKind, Intended behavior: FAILURE, when executed after: [crystal.model.DataSourceTest.testIsHidden], The revealed different behavior: PASS, when executed after: [], Test: crystal.model.DataSourceTest.testSetCloneString, Intended behavior: FAILURE, when executed after: [crystal.model.DataSourceTest.testSetKind], The revealed different behavior: PASS, when executed after: [], Test: crystal.model.DataSourceTest.testSetCompileCommand, Intended behavior: FAILURE, when executed after: [crystal.model.DataSourceTest.testSetRemoteCmd], The revealed different behavior: PASS, when executed after: [], Test: crystal.model.DataSourceTest.testIsHidden, Intended behavior: FAILURE, when executed after: [crystal.model.DataSourceTest.testSetEnabled], The revealed different behavior: PASS, when executed after: [], Test: crystal.model.DataSourceTest.testSetHistory, Intended behavior: FAILURE, when executed after: [crystal.model.DataSourceTest.testSetCloneString], The revealed different behavior: PASS, when executed after: []]
--------------------------
Total time (of all machines and iterations plus initial TestListGenerator): 2.915
New order time: 0.656
Total number of tests executed in all machines out of total in original order: 81 / 63