.F
Time: 0.007
There was 1 failure:
1) test_AES_46(org.apache.xml.security.test.algorithms.implementations.KeyWrapTest)junit.framework.AssertionFailedError: Method "test_AES_46" not found
	at edu.washington.cs.dt.util.TestRunnerWrapper.main(TestRunnerWrapper.java:56)

FAILURES!!!
Tests run: 1,  Failures: 1,  Errors: 0

log4j:WARN No appenders could be found for logger (org.apache.xml.security.Init).
log4j:WARN Please initialize the log4j system properly.
.
Time: 0.001

OK (1 test)

.F
Time: 0.012
There was 1 failure:
1) test_AES256(org.apache.xml.security.test.algorithms.implementations.BlockEncryptionTest)junit.framework.AssertionFailedError: Method "test_AES256" not found
	at edu.washington.cs.dt.util.TestRunnerWrapper.main(TestRunnerWrapper.java:56)

FAILURES!!!
Tests run: 1,  Failures: 1,  Errors: 0

.
Time: 0.02

OK (1 test)

.
Time: 0.703

OK (1 test)

.F
Time: 0
There was 1 failure:
1) test_AES_44(org.apache.xml.security.test.algorithms.implementations.KeyWrapTest)junit.framework.AssertionFailedError: Method "test_AES_44" not found
	at edu.washington.cs.dt.util.TestRunnerWrapper.main(TestRunnerWrapper.java:56)

FAILURES!!!
Tests run: 1,  Failures: 1,  Errors: 0

.
Time: 0

OK (1 test)

.F
Time: 0.001
There was 1 failure:
1) test_AES128(org.apache.xml.security.test.algorithms.implementations.BlockEncryptionTest)junit.framework.AssertionFailedError: Method "test_AES128" not found
	at edu.washington.cs.dt.util.TestRunnerWrapper.main(TestRunnerWrapper.java:56)

FAILURES!!!
Tests run: 1,  Failures: 1,  Errors: 0

.
Time: 0.263

OK (1 test)

.
Time: 0.022

OK (1 test)

.
Time: 0.034

OK (1 test)

.
Time: 0

OK (1 test)

.
Time: 0.647

OK (1 test)

.
Time: 0.02

OK (1 test)

.F
Time: 0
There was 1 failure:
1) test_AES_45(org.apache.xml.security.test.algorithms.implementations.KeyWrapTest)junit.framework.AssertionFailedError: Method "test_AES_45" not found
	at edu.washington.cs.dt.util.TestRunnerWrapper.main(TestRunnerWrapper.java:56)

FAILURES!!!
Tests run: 1,  Failures: 1,  Errors: 0

.
Time: 0.015

OK (1 test)

.
Time: 0.027

OK (1 test)

.
Time: 0.019

OK (1 test)

.
Time: 0.025

OK (1 test)

.F
Time: 0
There was 1 failure:
1) test_3DES(org.apache.xml.security.test.algorithms.implementations.KeyWrapTest)junit.framework.AssertionFailedError: Method "test_3DES" not found
	at edu.washington.cs.dt.util.TestRunnerWrapper.main(TestRunnerWrapper.java:56)

FAILURES!!!
Tests run: 1,  Failures: 1,  Errors: 0

.
Time: 0.005

OK (1 test)

.
Time: 0.021

OK (1 test)

.
Time: 0.011

OK (1 test)

.
Time: 0.011

OK (1 test)

.
Time: 0.016

OK (1 test)

.
Time: 0.002

OK (1 test)

.
Time: 0.003

OK (1 test)

.F
Time: 0
There was 1 failure:
1) test_AES_41(org.apache.xml.security.test.algorithms.implementations.KeyWrapTest)junit.framework.AssertionFailedError: Method "test_AES_41" not found
	at edu.washington.cs.dt.util.TestRunnerWrapper.main(TestRunnerWrapper.java:56)

FAILURES!!!
Tests run: 1,  Failures: 1,  Errors: 0

.
Time: 0.017

OK (1 test)

.F
Time: 0
There was 1 failure:
1) test_AES_43(org.apache.xml.security.test.algorithms.implementations.KeyWrapTest)junit.framework.AssertionFailedError: Method "test_AES_43" not found
	at edu.washington.cs.dt.util.TestRunnerWrapper.main(TestRunnerWrapper.java:56)

FAILURES!!!
Tests run: 1,  Failures: 1,  Errors: 0

.
Time: 0.01

OK (1 test)

.
Time: 0

OK (1 test)

.
Time: 0.009

OK (1 test)

.F
Time: 0.002
There was 1 failure:
1) test_AES_42(org.apache.xml.security.test.algorithms.implementations.KeyWrapTest)junit.framework.AssertionFailedError: Method "test_AES_42" not found
	at edu.washington.cs.dt.util.TestRunnerWrapper.main(TestRunnerWrapper.java:56)

FAILURES!!!
Tests run: 1,  Failures: 1,  Errors: 0

.F
Time: 0.013
There was 1 failure:
1) test_AES192(org.apache.xml.security.test.algorithms.implementations.BlockEncryptionTest)junit.framework.AssertionFailedError: Method "test_AES192" not found
	at edu.washington.cs.dt.util.TestRunnerWrapper.main(TestRunnerWrapper.java:56)

FAILURES!!!
Tests run: 1,  Failures: 1,  Errors: 0

.F
Time: 3.913
There was 1 failure:
1) test_Y5(org.apache.xml.security.test.c14n.implementations.ExclusiveC14NInterop)junit.framework.AssertionFailedError: 3 10 19
	at org.apache.xml.security.test.c14n.implementations.ExclusiveC14NInterop.test_Y5(ExclusiveC14NInterop.java:201)
	at sun.reflect.NativeMethodAccessorImpl.invoke0(Native Method)
	at sun.reflect.NativeMethodAccessorImpl.invoke(NativeMethodAccessorImpl.java:57)
	at sun.reflect.DelegatingMethodAccessorImpl.invoke(DelegatingMethodAccessorImpl.java:43)
	at edu.washington.cs.dt.util.TestRunnerWrapper.main(TestRunnerWrapper.java:56)

FAILURES!!!
Tests run: 1,  Failures: 1,  Errors: 0

.
Time: 0.022

OK (1 test)

.
Time: 0

OK (1 test)

.E
Time: 0.014
There was 1 error:
1) testSetOctetStreamGetNodeSet4(org.apache.xml.security.test.signature.XMLSignatureInputTest)java.lang.NullPointerException
	at org.apache.xml.security.signature.XMLSignatureInput.getNodeSet(XMLSignatureInput.java:314)
	at org.apache.xml.security.signature.XMLSignatureInput.getNodeSet(XMLSignatureInput.java:250)
	at org.apache.xml.security.test.signature.XMLSignatureInputTest.testSetOctetStreamGetNodeSet4(XMLSignatureInputTest.java:337)
	at sun.reflect.NativeMethodAccessorImpl.invoke0(Native Method)
	at sun.reflect.NativeMethodAccessorImpl.invoke(NativeMethodAccessorImpl.java:57)
	at sun.reflect.DelegatingMethodAccessorImpl.invoke(DelegatingMethodAccessorImpl.java:43)
	at edu.washington.cs.dt.util.TestRunnerWrapper.main(TestRunnerWrapper.java:56)

FAILURES!!!
Tests run: 1,  Failures: 0,  Errors: 1

.
Time: 0.653

OK (1 test)

.

Time: 0.02

OK (1 test)

.F
Time: 0.012
There was 1 failure:
1) testSetOctetStreamGetNodeSet2(org.apache.xml.security.test.signature.XMLSignatureInputTest)junit.framework.AssertionFailedError: _nodeSetInput2 Number of nodes expected:<12> but was:<14>
	at org.apache.xml.security.test.signature.XMLSignatureInputTest.testSetOctetStreamGetNodeSet2(XMLSignatureInputTest.java:264)
	at sun.reflect.NativeMethodAccessorImpl.invoke0(Native Method)
	at sun.reflect.NativeMethodAccessorImpl.invoke(NativeMethodAccessorImpl.java:57)
	at sun.reflect.DelegatingMethodAccessorImpl.invoke(DelegatingMethodAccessorImpl.java:43)
	at edu.washington.cs.dt.util.TestRunnerWrapper.main(TestRunnerWrapper.java:56)

FAILURES!!!
Tests run: 1,  Failures: 1,  Errors: 0

.
Time: 0.023

OK (1 test)

.
Time: 0.003

OK (1 test)

.
Time: 0.066

OK (1 test)

.F
Time: 0.002
There was 1 failure:
1) testSetOctetStreamGetNodeSet3(org.apache.xml.security.test.signature.XMLSignatureInputTest)junit.framework.AssertionFailedError: _nodeSetInput3 Number of nodes expected:<12> but was:<14>
	at org.apache.xml.security.test.signature.XMLSignatureInputTest.testSetOctetStreamGetNodeSet3(XMLSignatureInputTest.java:302)
	at sun.reflect.NativeMethodAccessorImpl.invoke0(Native Method)
	at sun.reflect.NativeMethodAccessorImpl.invoke(NativeMethodAccessorImpl.java:57)
	at sun.reflect.DelegatingMethodAccessorImpl.invoke(DelegatingMethodAccessorImpl.java:43)
	at edu.washington.cs.dt.util.TestRunnerWrapper.main(TestRunnerWrapper.java:56)

FAILURES!!!
Tests run: 1,  Failures: 1,  Errors: 0

.F
Time: 0.072
There was 1 failure:
1) test_Y4_stripped(org.apache.xml.security.test.c14n.implementations.C14NInterop)junit.framework.AssertionFailedError: null
	at org.apache.xml.security.test.c14n.implementations.C14NInterop.test_Y4_stripped(C14NInterop.java:190)
	at sun.reflect.NativeMethodAccessorImpl.invoke0(Native Method)
	at sun.reflect.NativeMethodAccessorImpl.invoke(NativeMethodAccessorImpl.java:57)
	at sun.reflect.DelegatingMethodAccessorImpl.invoke(DelegatingMethodAccessorImpl.java:43)
	at edu.washington.cs.dt.util.TestRunnerWrapper.main(TestRunnerWrapper.java:56)

FAILURES!!!
Tests run: 1,  Failures: 1,  Errors: 0

.
Time: 0.003

OK (1 test)

.
Time: 0.046

OK (1 test)

.
Time: 0.002

OK (1 test)

.
Time: 0

OK (1 test)

.
Time: 0.009

OK (1 test)

.
Time: 0.002

OK (1 test)

.
Time: 0

OK (1 test)

.
Time: 0

OK (1 test)

.
Time: 0.015

OK (1 test)

.
Time: 0.021

OK (1 test)

.
Time: 0.006

OK (1 test)

.
Time: 0

OK (1 test)

.
Time: 0.106

OK (1 test)

.
Time: 0.246

OK (1 test)

.E
Time: 0.004
There was 1 error:
1) test_enveloping_hmac(org.apache.xml.security.test.interop.IBMTest)java.io.FileNotFoundException: data/com/ibm/xss4j-20011029/enveloping-hmac.key (No such file or directory)
	at java.io.FileInputStream.open(Native Method)
	at java.io.FileInputStream.<init>(FileInputStream.java:146)
	at java.io.FileInputStream.<init>(FileInputStream.java:101)
	at org.apache.xml.security.utils.JavaUtils.getBytesFromFile(JavaUtils.java:197)
	at org.apache.xml.security.test.interop.IBMTest.test_enveloping_hmac(IBMTest.java:157)
	at sun.reflect.NativeMethodAccessorImpl.invoke0(Native Method)
	at sun.reflect.NativeMethodAccessorImpl.invoke(NativeMethodAccessorImpl.java:57)
	at sun.reflect.DelegatingMethodAccessorImpl.invoke(DelegatingMethodAccessorImpl.java:43)
	at edu.washington.cs.dt.util.TestRunnerWrapper.main(TestRunnerWrapper.java:56)

FAILURES!!!
Tests run: 1,  Failures: 0,  Errors: 1

.
Time: 0.043

OK (1 test)

.
Time: 0.093

OK (1 test)

.
Time: 0.018

OK (1 test)

.
Time: 0.061

OK (1 test)

.
Time: 0.047

OK (1 test)

.
Time: 0.026

OK (1 test)

.
Time: 0.17

OK (1 test)

.
Time: 0.072

OK (1 test)

.
Time: 0.022

OK (1 test)

.
Time: 0.032

OK (1 test)

.
Time: 0.067

OK (1 test)

.
Time: 0.053

OK (1 test)

.
Time: 0.899

OK (1 test)

.
Time: 0.024

OK (1 test)

.
Time: 0.036

OK (1 test)

.
Time: 0.043

OK (1 test)

.
Time: 0.043

OK (1 test)

.
Time: 0.02

OK (1 test)

.
Time: 0.026

OK (1 test)

.

Time: 0.001

OK (1 test)

.F
Time: 0.008
There was 1 failure:
1) testSetOctetStreamGetNodeSet1(org.apache.xml.security.test.signature.XMLSignatureInputTest)junit.framework.AssertionFailedError: _nodeSetInput1 Number of nodes expected:<12> but was:<14>
	at org.apache.xml.security.test.signature.XMLSignatureInputTest.testSetOctetStreamGetNodeSet1(XMLSignatureInputTest.java:225)
	at sun.reflect.NativeMethodAccessorImpl.invoke0(Native Method)
	at sun.reflect.NativeMethodAccessorImpl.invoke(NativeMethodAccessorImpl.java:57)
	at sun.reflect.DelegatingMethodAccessorImpl.invoke(DelegatingMethodAccessorImpl.java:43)
	at edu.washington.cs.dt.util.TestRunnerWrapper.main(TestRunnerWrapper.java:56)

FAILURES!!!
Tests run: 1,  Failures: 1,  Errors: 0

Execution time: 10721685567
0-th run
Pass: 66, Fail: 15, Error: 2
{org.apache.xml.security.test.algorithms.implementations.KeyWrapTest.test_AES_46=FAILURE, org.apache.xml.security.test.c14n.helper.C14nHelperTest.testNamespaceIsAbsolute01=PASS, org.apache.xml.security.test.algorithms.implementations.BlockEncryptionTest.test_AES256=FAILURE, org.apache.xml.security.test.c14n.implementations.Canonicalizer20010315ExclusiveTest.test222excl=PASS, org.apache.xml.security.test.c14n.implementations.Canonicalizer20010315Test.test37=PASS, org.apache.xml.security.test.algorithms.implementations.KeyWrapTest.test_AES_44=FAILURE, org.apache.xml.security.test.c14n.helper.C14nHelperTest.testNamespaceIsAbsolute03=PASS, org.apache.xml.security.test.algorithms.implementations.BlockEncryptionTest.test_AES128=FAILURE, org.apache.xml.security.test.c14n.implementations.Canonicalizer20010315Test.testTranslationFromUTF16toUTF8=PASS, org.apache.xml.security.test.c14n.implementations.Canonicalizer20010315Test.testXMLAttributes1=PASS, org.apache.xml.security.test.c14n.implementations.Canonicalizer20010315Test.test37byNodeList=PASS, org.apache.xml.security.test.c14n.helper.C14nHelperTest.testNamespaceIsAbsolute02=PASS, org.apache.xml.security.test.c14n.implementations.Canonicalizer20010315ExclusiveTest.testA=PASS, org.apache.xml.security.test.c14n.implementations.Canonicalizer20010315Test.test33=PASS, org.apache.xml.security.test.algorithms.implementations.KeyWrapTest.test_AES_45=FAILURE, org.apache.xml.security.test.c14n.implementations.Canonicalizer20010315Test.testRelativeNSbehaviour=PASS, org.apache.xml.security.test.c14n.implementations.Canonicalizer20010315Test.test31withComments=PASS, org.apache.xml.security.test.c14n.implementations.Canonicalizer20010315Test.test32=PASS, org.apache.xml.security.test.c14n.implementations.Canonicalizer20010315Test.test34validatingParser=PASS, org.apache.xml.security.test.algorithms.implementations.KeyWrapTest.test_3DES=FAILURE, org.apache.xml.security.test.c14n.helper.C14nHelperTest.testNamespaceIsRelative01=PASS, org.apache.xml.security.test.c14n.implementations.Canonicalizer20010315ExclusiveTest.test221=PASS, org.apache.xml.security.test.algorithms.implementations.BlockEncryptionTest.test_3DES=PASS, org.apache.xml.security.test.c14n.implementations.Canonicalizer20010315Test.testXMLAttributes3=PASS, org.apache.xml.security.test.c14n.implementations.Canonicalizer20010315Test.test35=PASS, org.apache.xml.security.test.c14n.implementations.Canonicalizer20010315Test.test31=PASS, org.apache.xml.security.test.c14n.implementations.Canonicalizer20010315Test.testXMLAttributes2=PASS, org.apache.xml.security.test.algorithms.implementations.KeyWrapTest.test_AES_41=FAILURE, org.apache.xml.security.test.c14n.implementations.Canonicalizer20010315ExclusiveTest.test222=PASS, org.apache.xml.security.test.algorithms.implementations.KeyWrapTest.test_AES_43=FAILURE, org.apache.xml.security.test.c14n.implementations.Canonicalizer20010315ExclusiveTest.test221excl=PASS, org.apache.xml.security.test.c14n.helper.C14nHelperTest.testNamespaceIsRelative02=PASS, org.apache.xml.security.test.c14n.implementations.Canonicalizer20010315Test.test36=PASS, org.apache.xml.security.test.algorithms.implementations.KeyWrapTest.test_AES_42=FAILURE, org.apache.xml.security.test.algorithms.implementations.BlockEncryptionTest.test_AES192=FAILURE, org.apache.xml.security.test.c14n.implementations.ExclusiveC14NInterop.test_Y5=FAILURE, org.apache.xml.security.test.signature.XMLSignatureInputTest.testSetNodeSetGetOctetStream1=PASS, org.apache.xml.security.test.utils.Base64Test.testA1=PASS, org.apache.xml.security.test.signature.XMLSignatureInputTest.testSetOctetStreamGetNodeSet4=ERROR, org.apache.xml.security.test.algorithms.implementations.TripleDESWrapperTest.test34=PASS, org.apache.xml.security.test.external.org.apache.xalan.XPathAPI.XalanBug1425Test.testBad01=PASS, org.apache.xml.security.test.signature.XMLSignatureInputTest.testSetOctetStreamGetNodeSet2=FAILURE, org.apache.xml.security.test.interop.IAIKTest.test_signatureAlgorithms_signatures_hMACShortSignature=PASS, org.apache.xml.security.test.transforms.implementations.TransformBase64DecodeTest.test3=PASS, org.apache.xml.security.test.c14n.implementations.ExclusiveC14NInterop.test_Y1=PASS, org.apache.xml.security.test.signature.XMLSignatureInputTest.testSetOctetStreamGetNodeSet3=FAILURE, org.apache.xml.security.test.c14n.implementations.C14NInterop.test_Y4_stripped=FAILURE, org.apache.xml.security.test.transforms.implementations.TransformBase64DecodeTest.test1=PASS, org.apache.xml.security.test.interop.IAIKTest.test_coreFeatures_signatures_anonymousReferenceSignature=PASS, org.apache.xml.security.test.signature.XMLSignatureInputTest.testIsInitializedWithNodeSet=PASS, org.apache.xml.security.test.utils.resolver.ResourceResolverSpiTest.testExpandSystemId_1=PASS, org.apache.xml.security.test.interop.BaltimoreTest.test_fifteen_enveloping_hmac_sha1=PASS, org.apache.xml.security.test.signature.XMLSignatureInputTest.testSetNodeSetGetNodeSet1=PASS, org.apache.xml.security.test.signature.XMLSignatureInputTest.testSetOctetStreamGetOctetStream=PASS, org.apache.xml.security.test.signature.XMLSignatureInputTest.testIsInitializedWithOctetStream=PASS, org.apache.xml.security.test.signature.XMLSignatureInputTest.testNodeSetIsNotOctetStream=PASS, org.apache.xml.security.test.interop.RSASecurityTest.test_enveloping=PASS, org.apache.xml.security.test.external.org.apache.xalan.XPathAPI.AttributeAncestorOrSelf.test01=PASS, org.apache.xml.security.test.signature.XMLSignatureInputTest.testOctetStreamIsOctetStream=PASS, org.apache.xml.security.test.c14n.implementations.ExclusiveC14NInterop.test_Y2=PASS, org.apache.xml.security.test.c14n.implementations.ExclusiveC14NInterop.test_Y3=PASS, org.apache.xml.security.test.interop.IBMTest.test_enveloping_hmac=ERROR, org.apache.xml.security.test.interop.IAIKTest.test_signatureAlgorithms_signatures_dSASignature=PASS, org.apache.xml.security.test.interop.IAIKTest.test_transforms_signatures_base64DecodeSignature=PASS, org.apache.xml.security.test.interop.IAIKTest.test_signatureAlgorithms_signatures_hMACSignature=PASS, org.apache.xml.security.test.interop.IAIKTest.test_transforms_signatures_xPathSignature=PASS, org.apache.xml.security.test.interop.IAIKTest.test_transforms_signatures_c14nSignature=PASS, org.apache.xml.security.test.interop.IAIKTest.test_transforms_signatures_envelopedSignatureSignature=PASS, org.apache.xml.security.test.interop.IAIKTest.test_coreFeatures_signatures_signatureTypesSignature=PASS, org.apache.xml.security.test.interop.IAIKTest.test_coreFeatures_signatures_manifestSignature_manifest=PASS, org.apache.xml.security.test.interop.IAIKTest.test_signatureAlgorithms_signatures_rSASignature=PASS, org.apache.xml.security.test.interop.IAIKTest.test_coreFeatures_signatures_manifestSignature_core=PASS, org.apache.xml.security.test.interop.BaltimoreTest.test_fifteen_enveloping_b64_dsa=PASS, org.apache.xml.security.test.interop.BaltimoreTest.test_fifteen_external_b64_dsa=PASS, org.apache.xml.security.test.interop.BaltimoreTest.test_sixteen_external_dsa=PASS, org.apache.xml.security.test.interop.BaltimoreTest.test_fifteen_enveloping_rsa=PASS, org.apache.xml.security.test.interop.BaltimoreTest.test_fifteen_enveloped_dsa=PASS, org.apache.xml.security.test.interop.BaltimoreTest.test_fifteen_external_dsa=PASS, org.apache.xml.security.test.interop.BaltimoreTest.test_fifteen_enveloping_dsa=PASS, org.apache.xml.security.test.interop.BaltimoreTest.test_fifteen_enveloping_hmac_sha1_40=PASS, org.apache.xml.security.test.interop.RSASecurityTest.test_enveloped=PASS, org.apache.xml.security.test.transforms.implementations.TransformBase64DecodeTest.test2=PASS, org.apache.xml.security.test.signature.XMLSignatureInputTest.testSetOctetStreamGetNodeSet1=FAILURE}

