The following arguments were used to generate this output.
[-technique, parallelization, -order, time, -timeOrder, /home/user/dependent-tests-impact/experiments/zeppelin/zeppelin-interpreter/target//zeppelin-interpreter-auto-time.txt, -origOrder, zeppelin-interpreter-auto-order, -testInputDir, /home/user/dependent-tests-impact/experiments/zeppelin/zeppelin-interpreter/target//sootTestOutput-auto, -filesToDelete, zeppelin-interpreter-env-files, -numOfMachines, 8, -project, Zeppelin-Interpreter, -testType, auto, -timesToRun, 1, -outputDir, /home/user/dependent-tests-impact/experiments/parallelization-results, -resolveDependences, /home/user/dependent-tests-impact/experiments/parallelization-dt-list/parallelization-Zeppelin-Interpreter-auto-8-time.txt]

Execution time of TLG and its time to find/nullify any DTs for 1 machine (does not include the time to run the tests in the new order): 215.327
Number of tests selected out of total in original order: 158 / 1213
Number of DTs not fixed: 0
Number of DTs fixed: 3
Execution time for executing the following testing order: 1.903

Test order list:
[RegressionTest2.test008, RegressionTest2.test011, RegressionTest2.test016, RegressionTest2.test022, RegressionTest2.test046, RegressionTest2.test056, RegressionTest2.test057, RegressionTest2.test061, RegressionTest2.test071, RegressionTest2.test090, RegressionTest2.test096, RegressionTest2.test105, RegressionTest2.test110, RegressionTest2.test112, RegressionTest2.test119, RegressionTest2.test124, RegressionTest2.test126, RegressionTest2.test127, RegressionTest2.test140, RegressionTest2.test149, RegressionTest2.test155, RegressionTest2.test166, RegressionTest0.test004, RegressionTest0.test006, RegressionTest0.test008, RegressionTest0.test022, RegressionTest0.test025, RegressionTest0.test030, RegressionTest0.test038, RegressionTest0.test040, RegressionTest0.test047, RegressionTest0.test049, RegressionTest0.test067, RegressionTest0.test076, RegressionTest0.test084, RegressionTest0.test086, RegressionTest0.test011, RegressionTest0.test091, RegressionTest0.test093, RegressionTest0.test102, RegressionTest0.test107, RegressionTest0.test108, RegressionTest0.test117, RegressionTest0.test122, RegressionTest0.test219, RegressionTest0.test233, RegressionTest0.test242, RegressionTest0.test254, RegressionTest0.test258, RegressionTest0.test263, RegressionTest0.test273, RegressionTest0.test279, RegressionTest0.test298, RegressionTest0.test300, RegressionTest0.test301, RegressionTest0.test310, RegressionTest0.test334, RegressionTest0.test337, RegressionTest0.test340, RegressionTest0.test198, RegressionTest0.test199, RegressionTest0.test209, RegressionTest0.test196, RegressionTest0.test166, RegressionTest0.test346, RegressionTest0.test348, RegressionTest0.test350, RegressionTest0.test354, RegressionTest0.test361, RegressionTest0.test366, RegressionTest0.test370, RegressionTest0.test375, RegressionTest0.test382, RegressionTest0.test385, RegressionTest0.test393, RegressionTest0.test398, RegressionTest0.test399, RegressionTest0.test419, RegressionTest0.test427, RegressionTest0.test431, RegressionTest0.test434, RegressionTest0.test447, RegressionTest0.test458, RegressionTest0.test459, RegressionTest0.test470, RegressionTest0.test473, RegressionTest0.test475, RegressionTest2.test043, RegressionTest0.test342, RegressionTest0.test378, RegressionTest0.test496, RegressionTest0.test498, ErrorTest0.test09, ErrorTest0.test10, ErrorTest0.test17, ErrorTest0.test23, ErrorTest0.test25, RegressionTest1.test001, RegressionTest1.test029, RegressionTest1.test031, RegressionTest1.test039, RegressionTest1.test059, RegressionTest1.test068, RegressionTest1.test080, RegressionTest1.test082, RegressionTest1.test087, RegressionTest1.test092, RegressionTest1.test095, RegressionTest1.test097, RegressionTest1.test104, RegressionTest1.test107, RegressionTest1.test115, RegressionTest1.test129, RegressionTest1.test211, RegressionTest1.test240, RegressionTest1.test244, RegressionTest1.test245, RegressionTest1.test247, RegressionTest1.test251, RegressionTest1.test263, RegressionTest1.test265, RegressionTest1.test277, RegressionTest1.test284, RegressionTest1.test285, RegressionTest1.test290, RegressionTest1.test292, RegressionTest1.test309, RegressionTest1.test319, RegressionTest1.test329, RegressionTest1.test331, RegressionTest1.test342, RegressionTest1.test197, RegressionTest1.test199, RegressionTest1.test200, RegressionTest1.test206, RegressionTest1.test208, RegressionTest1.test191, RegressionTest1.test171, RegressionTest1.test347, RegressionTest1.test348, RegressionTest1.test358, RegressionTest1.test370, RegressionTest1.test371, RegressionTest1.test373, RegressionTest1.test374, RegressionTest1.test376, RegressionTest1.test381, RegressionTest1.test401, RegressionTest1.test402, RegressionTest1.test408, RegressionTest1.test416, RegressionTest1.test428, RegressionTest1.test429, RegressionTest1.test431, RegressionTest1.test453, RegressionTest1.test466, RegressionTest1.test484, RegressionTest1.test491]

Time each test takes to run in the new order:
[116779307, 26889351, 27723668, 44506346, 31944428, 25554364, 64614559, 18421412, 22929797, 26529727, 26142207, 24547871, 74144965, 227266995, 30651265, 10537447, 9884238, 9858021, 33412930, 28220536, 20406444, 16115950, 26273255, 44637847, 60139579, 48993899, 28246044, 35502977, 30801324, 36133603, 41459244, 27611541, 34373829, 36210082, 4609993, 12143274, 8612652, 19661727, 16139273, 5945618, 14599181, 11062706, 4318494, 4108957, 7471112, 2830774, 3534069, 2889456, 3262787, 3158425, 3069195, 3774702, 2592601, 2524327, 2602379, 2574551, 2637149, 2522716, 2620953, 2580933, 2684870, 3563155, 2577024, 2951354, 9109930, 2503099, 2520390, 5154045, 3249634, 3145845, 4722471, 6719908, 8786361, 3254173, 3153340, 2841143, 2820629, 3996126, 3564250, 4087837, 2761887, 2956700, 4462270, 3851136, 4541749, 9106700, 3359509, 1247463, 2868691, 2785845, 2865821, 2697773, 706073, 557116, 509216, 816568, 535084, 10046300, 4206141, 2715369, 3225334, 2673580, 5714204, 2607902, 2700861, 2533840, 4361480, 3049722, 2930006, 2671614, 2753376, 2584523, 3333882, 3717146, 4223434, 10153429, 7743706, 9043088, 3282262, 8201248, 4108261, 3970222, 3317836, 2891485, 7923411, 6957411, 2785964, 4023737, 3368433, 3323579, 3085873, 2958233, 5480855, 5756325, 8802238, 2636567, 3173221, 7628259, 8555677, 3113174, 5080349, 2825824, 2588523, 3115171, 2655551, 2551780, 2623732, 4683385, 4193447, 3894734, 2925675, 2764560, 2582772, 2783886, 2591531, 2600883, 2661278, 4368415]

Dependent test list:
[Test: RegressionTest0.test198, Intended behavior: FAILURE, when executed after: [RegressionTest0.test091], The revealed different behavior: PASS, when executed after: [], Test: RegressionTest0.test496, Intended behavior: FAILURE, when executed after: [RegressionTest0.test378], The revealed different behavior: PASS, when executed after: [], Test: RegressionTest0.test378, Intended behavior: FAILURE, when executed after: [RegressionTest0.test342], The revealed different behavior: PASS, when executed after: [], Test: RegressionTest0.test342, Intended behavior: FAILURE, when executed after: [RegressionTest2.test043], The revealed different behavior: PASS, when executed after: [], Test: RegressionTest0.test091, Intended behavior: FAILURE, when executed after: [RegressionTest0.test011], The revealed different behavior: PASS, when executed after: []]
--------------------------
Execution time of TLG and its time to find/nullify any DTs for 1 machine (does not include the time to run the tests in the new order): 147.721
Number of tests selected out of total in original order: 149 / 1213
Number of DTs not fixed: 0
Number of DTs fixed: 4
Execution time for executing the following testing order: 1.984

Test order list:
[RegressionTest2.test002, RegressionTest2.test028, RegressionTest2.test053, RegressionTest2.test068, RegressionTest2.test094, RegressionTest2.test132, RegressionTest2.test138, RegressionTest2.test143, RegressionTest2.test150, RegressionTest2.test015, RegressionTest2.test161, RegressionTest2.test168, RegressionTest2.test170, RegressionTest2.test174, RegressionTest0.test002, RegressionTest0.test018, RegressionTest0.test020, RegressionTest0.test045, RegressionTest0.test085, RegressionTest0.test092, RegressionTest0.test094, RegressionTest0.test104, RegressionTest0.test120, RegressionTest0.test123, RegressionTest0.test133, RegressionTest0.test135, RegressionTest0.test137, RegressionTest0.test183, RegressionTest0.test185, RegressionTest0.test216, RegressionTest0.test218, RegressionTest0.test225, RegressionTest0.test226, RegressionTest0.test231, RegressionTest0.test237, RegressionTest0.test246, RegressionTest0.test257, RegressionTest0.test262, RegressionTest0.test275, RegressionTest0.test289, RegressionTest0.test011, RegressionTest0.test091, RegressionTest0.test297, RegressionTest0.test311, RegressionTest0.test317, RegressionTest0.test318, RegressionTest0.test320, RegressionTest0.test323, RegressionTest0.test336, RegressionTest0.test341, RegressionTest0.test205, RegressionTest0.test165, RegressionTest0.test170, RegressionTest0.test171, RegressionTest0.test345, RegressionTest0.test352, RegressionTest0.test362, RegressionTest0.test369, RegressionTest0.test373, RegressionTest0.test376, RegressionTest0.test386, RegressionTest0.test404, RegressionTest0.test406, RegressionTest0.test410, RegressionTest0.test423, RegressionTest0.test455, RegressionTest0.test460, RegressionTest0.test465, RegressionTest0.test471, RegressionTest0.test478, RegressionTest0.test479, RegressionTest0.test493, RegressionTest0.test494, ErrorTest0.test01, RegressionTest0.test003, ErrorTest0.test05, ErrorTest0.test07, ErrorTest0.test26, ErrorTest0.test27, RegressionTest1.test006, RegressionTest1.test008, RegressionTest0.test424, RegressionTest0.test429, RegressionTest1.test009, RegressionTest1.test022, RegressionTest1.test023, RegressionTest1.test026, RegressionTest1.test033, RegressionTest1.test038, RegressionTest1.test048, RegressionTest1.test056, RegressionTest1.test057, RegressionTest1.test067, RegressionTest1.test070, RegressionTest1.test084, RegressionTest1.test090, RegressionTest1.test101, RegressionTest1.test108, RegressionTest1.test109, RegressionTest1.test110, RegressionTest1.test119, RegressionTest1.test144, RegressionTest1.test145, RegressionTest1.test148, RegressionTest1.test015, RegressionTest1.test186, RegressionTest1.test188, RegressionTest1.test217, RegressionTest1.test226, RegressionTest1.test233, RegressionTest1.test268, RegressionTest1.test269, RegressionTest1.test278, RegressionTest1.test301, RegressionTest1.test318, RegressionTest1.test327, RegressionTest1.test328, RegressionTest1.test332, RegressionTest1.test333, RegressionTest1.test336, RegressionTest1.test337, RegressionTest1.test341, RegressionTest1.test156, RegressionTest1.test173, RegressionTest1.test351, RegressionTest1.test352, RegressionTest1.test355, RegressionTest1.test361, RegressionTest1.test366, RegressionTest1.test369, RegressionTest1.test378, RegressionTest1.test399, RegressionTest1.test400, RegressionTest1.test403, RegressionTest1.test404, RegressionTest1.test415, RegressionTest1.test426, RegressionTest1.test437, RegressionTest1.test451, RegressionTest1.test460, RegressionTest1.test470, RegressionTest1.test474, RegressionTest1.test481, RegressionTest1.test489, RegressionTest1.test493, RegressionTest1.test495, RegressionTest1.test496, RegressionTest1.test497, RegressionTest1.test500]

Time each test takes to run in the new order:
[285150897, 31026753, 47217335, 34652430, 58888693, 19464906, 17013399, 23021800, 25500309, 17370250, 28490739, 50316614, 42317002, 30089534, 46243233, 65258235, 30037131, 42856835, 56221412, 48533126, 60189570, 36695457, 41259393, 33939933, 59444905, 41350705, 17938148, 28000603, 10358050, 12824045, 20628351, 17001215, 4160652, 3543577, 19240703, 30220075, 7345041, 4053552, 2714963, 3083658, 2689676, 3304516, 2474325, 3251566, 2565221, 2891214, 4698415, 3855631, 2914637, 2966281, 2434436, 2500272, 7814535, 3876249, 2765690, 2847991, 2447685, 4019524, 2436551, 2949296, 2491468, 2527664, 2820679, 4022707, 2575021, 2486487, 4790338, 6582568, 2694873, 2728674, 9363865, 2510825, 5063703, 1112227, 9672058, 991713, 2665107, 2201959, 1491029, 15093770, 33670483, 21515046, 15540942, 5070557, 12473337, 25438977, 3894165, 7982162, 4293309, 4157497, 4501298, 7663206, 6593911, 4434532, 10816361, 3246211, 3282709, 2628536, 2632958, 2574944, 2602759, 2625670, 4432394, 9177495, 2627051, 2568699, 2740769, 4689642, 5038131, 2721828, 6017221, 2984177, 5119518, 2544866, 2582743, 3183237, 2881555, 2491200, 2716326, 3213506, 2514065, 10726835, 6663558, 3236619, 2634692, 2622692, 2905185, 2501475, 2470200, 2960761, 2613930, 9980184, 2734438, 12682072, 9222850, 2881395, 5474713, 2732327, 3036423, 2632567, 3348846, 3012783, 2544112, 6524583, 5900137, 2917723, 2673014, 2897267, 2582065]

Dependent test list:
[Test: RegressionTest0.test198, Intended behavior: FAILURE, when executed after: [RegressionTest0.test297], The revealed different behavior: PASS, when executed after: [], Test: RegressionTest0.test496, Intended behavior: FAILURE, when executed after: [RegressionTest0.test378], The revealed different behavior: PASS, when executed after: [], Test: RegressionTest0.test378, Intended behavior: FAILURE, when executed after: [RegressionTest0.test342], The revealed different behavior: PASS, when executed after: [], Test: RegressionTest0.test342, Intended behavior: FAILURE, when executed after: [RegressionTest2.test043], The revealed different behavior: PASS, when executed after: [], Test: RegressionTest0.test091, Intended behavior: FAILURE, when executed after: [RegressionTest0.test011], The revealed different behavior: PASS, when executed after: [], Test: RegressionTest1.test009, Intended behavior: FAILURE, when executed after: [RegressionTest0.test429], The revealed different behavior: PASS, when executed after: [], Test: ErrorTest0.test05, Intended behavior: FAILURE, when executed after: [RegressionTest0.test003], The revealed different behavior: PASS, when executed after: [], Test: RegressionTest0.test429, Intended behavior: FAILURE, when executed after: [RegressionTest0.test424], The revealed different behavior: PASS, when executed after: [], Test: RegressionTest0.test297, Intended behavior: FAILURE, when executed after: [RegressionTest0.test091], The revealed different behavior: PASS, when executed after: []]
--------------------------
Execution time of TLG and its time to find/nullify any DTs for 1 machine (does not include the time to run the tests in the new order): 241.189
Number of tests selected out of total in original order: 159 / 1213
Number of DTs not fixed: 0
Number of DTs fixed: 4
Execution time for executing the following testing order: 1.824

Test order list:
[RegressionTest2.test006, RegressionTest2.test017, RegressionTest2.test019, RegressionTest2.test026, RegressionTest2.test030, RegressionTest2.test034, RegressionTest2.test052, RegressionTest2.test069, RegressionTest2.test074, RegressionTest2.test080, RegressionTest2.test088, RegressionTest2.test093, RegressionTest2.test117, RegressionTest2.test118, RegressionTest2.test129, RegressionTest2.test131, RegressionTest2.test133, RegressionTest2.test141, RegressionTest2.test146, RegressionTest2.test162, RegressionTest2.test165, RegressionTest0.test182, RegressionTest0.test010, RegressionTest0.test024, RegressionTest0.test027, RegressionTest0.test048, RegressionTest0.test068, RegressionTest0.test073, RegressionTest0.test087, RegressionTest0.test109, RegressionTest0.test119, RegressionTest0.test125, RegressionTest0.test136, RegressionTest0.test138, RegressionTest0.test142, RegressionTest0.test145, RegressionTest0.test184, RegressionTest0.test187, RegressionTest0.test189, RegressionTest0.test181, RegressionTest0.test214, RegressionTest0.test224, RegressionTest0.test228, RegressionTest0.test260, RegressionTest0.test270, RegressionTest0.test271, RegressionTest0.test272, RegressionTest0.test278, RegressionTest0.test281, RegressionTest0.test283, RegressionTest0.test288, RegressionTest0.test293, RegressionTest0.test315, RegressionTest0.test328, RegressionTest0.test330, RegressionTest0.test344, RegressionTest0.test192, RegressionTest0.test155, RegressionTest0.test164, RegressionTest0.test167, RegressionTest0.test172, RegressionTest0.test179, RegressionTest0.test347, RegressionTest0.test363, RegressionTest0.test374, RegressionTest0.test384, RegressionTest0.test409, RegressionTest0.test415, RegressionTest0.test416, RegressionTest0.test422, RegressionTest0.test432, RegressionTest0.test433, RegressionTest0.test440, RegressionTest0.test445, RegressionTest0.test446, RegressionTest2.test043, RegressionTest2.test090, RegressionTest0.test342, RegressionTest0.test378, RegressionTest0.test448, RegressionTest0.test003, RegressionTest0.test463, RegressionTest0.test468, RegressionTest0.test483, RegressionTest0.test500, ErrorTest0.test16, ErrorTest0.test19, ErrorTest0.test33, ErrorTest0.test05, ErrorTest0.test34, RegressionTest1.test035, RegressionTest1.test051, RegressionTest1.test065, RegressionTest1.test077, RegressionTest1.test081, RegressionTest1.test085, RegressionTest1.test093, RegressionTest1.test102, RegressionTest1.test106, RegressionTest1.test112, RegressionTest1.test117, RegressionTest1.test122, RegressionTest1.test127, RegressionTest1.test147, RegressionTest1.test151, RegressionTest1.test153, RegressionTest1.test013, RegressionTest1.test213, RegressionTest1.test214, RegressionTest1.test218, RegressionTest1.test220, RegressionTest1.test222, RegressionTest1.test227, RegressionTest1.test231, RegressionTest1.test237, RegressionTest1.test239, RegressionTest1.test242, RegressionTest1.test243, RegressionTest1.test246, RegressionTest1.test252, RegressionTest1.test255, RegressionTest1.test297, RegressionTest1.test298, RegressionTest1.test299, RegressionTest1.test300, RegressionTest1.test303, RegressionTest1.test306, RegressionTest1.test313, RegressionTest1.test315, RegressionTest1.test325, RegressionTest1.test339, RegressionTest1.test344, RegressionTest1.test207, RegressionTest1.test158, RegressionTest1.test159, RegressionTest1.test162, RegressionTest1.test163, RegressionTest1.test164, RegressionTest1.test169, RegressionTest1.test170, RegressionTest1.test174, RegressionTest1.test367, RegressionTest1.test375, RegressionTest1.test380, RegressionTest1.test383, RegressionTest1.test387, RegressionTest1.test392, RegressionTest1.test405, RegressionTest1.test412, RegressionTest1.test413, RegressionTest1.test418, RegressionTest1.test421, RegressionTest1.test434, RegressionTest1.test436, RegressionTest1.test452, RegressionTest1.test457, RegressionTest1.test461, RegressionTest1.test473, RegressionTest1.test499]

Time each test takes to run in the new order:
[159168027, 30684442, 28900879, 231635609, 26614069, 19186638, 19537453, 22694286, 16965388, 34352761, 29461160, 34528845, 23679155, 31070563, 12566285, 30580809, 9600239, 9355622, 28811599, 8590553, 11643205, 28184836, 28031601, 66359090, 60930276, 22062130, 21904749, 10378612, 10719483, 16679764, 17682045, 14603735, 18863120, 15921012, 27135713, 29255442, 17663062, 5004899, 5091360, 4837291, 15788952, 4436109, 20108428, 3463784, 14564602, 9239244, 2760666, 2718101, 2647140, 6121997, 3044626, 4216193, 4405536, 2555231, 2501434, 17847976, 2671797, 2625058, 2946523, 2658129, 3235077, 5632739, 4043265, 2998077, 2713408, 3039025, 9114807, 2656184, 2598354, 2555476, 2678779, 4781091, 2658743, 2610164, 12583108, 1258196, 7304300, 5992144, 3440813, 2861292, 2751420, 3796965, 8557708, 4815339, 3629452, 923812, 562978, 497367, 455359, 900256, 3151760, 19484658, 2808827, 4228064, 2694887, 13843213, 14608533, 13077297, 4337241, 7008906, 3543356, 3680421, 2904076, 2702470, 4002115, 4599443, 5216348, 9098450, 3127156, 2931974, 2590982, 3063675, 2757301, 2603466, 3993111, 2679840, 2623827, 4378694, 2634899, 2647887, 6270689, 2644282, 2570020, 2712787, 2665924, 4326040, 8997311, 6732496, 9740096, 11735507, 10729780, 2781053, 3013968, 3697575, 2892760, 2830557, 2811207, 4327659, 6941006, 5730724, 2907136, 2752404, 2935831, 2911844, 2638680, 3319814, 3582021, 7839620, 11981567, 10032253, 2835459, 3455953, 3155267, 2650965, 2691939, 7007570, 2656788, 4198260, 3563331]

Dependent test list:
[Test: RegressionTest0.test198, Intended behavior: FAILURE, when executed after: [RegressionTest0.test297], The revealed different behavior: PASS, when executed after: [], Test: RegressionTest0.test496, Intended behavior: FAILURE, when executed after: [RegressionTest0.test448], The revealed different behavior: PASS, when executed after: [], Test: RegressionTest0.test378, Intended behavior: FAILURE, when executed after: [RegressionTest0.test342], The revealed different behavior: PASS, when executed after: [], Test: RegressionTest0.test342, Intended behavior: FAILURE, when executed after: [RegressionTest2.test090], The revealed different behavior: PASS, when executed after: [], Test: RegressionTest0.test091, Intended behavior: FAILURE, when executed after: [RegressionTest0.test011], The revealed different behavior: PASS, when executed after: [], Test: RegressionTest1.test009, Intended behavior: FAILURE, when executed after: [RegressionTest0.test429], The revealed different behavior: PASS, when executed after: [], Test: ErrorTest0.test05, Intended behavior: FAILURE, when executed after: [RegressionTest0.test463], The revealed different behavior: PASS, when executed after: [], Test: RegressionTest0.test429, Intended behavior: FAILURE, when executed after: [RegressionTest0.test424], The revealed different behavior: PASS, when executed after: [], Test: RegressionTest0.test297, Intended behavior: FAILURE, when executed after: [RegressionTest0.test091], The revealed different behavior: PASS, when executed after: [], Test: ErrorTest0.test34, Intended behavior: FAILURE, when executed after: [ErrorTest0.test05], The revealed different behavior: PASS, when executed after: [], Test: RegressionTest0.test463, Intended behavior: FAILURE, when executed after: [RegressionTest0.test003], The revealed different behavior: PASS, when executed after: [], Test: RegressionTest0.test448, Intended behavior: FAILURE, when executed after: [RegressionTest0.test378], The revealed different behavior: PASS, when executed after: [], Test: RegressionTest2.test090, Intended behavior: FAILURE, when executed after: [RegressionTest2.test043], The revealed different behavior: PASS, when executed after: []]
--------------------------
Execution time of TLG and its time to find/nullify any DTs for 1 machine (does not include the time to run the tests in the new order): 171.928
Number of tests selected out of total in original order: 158 / 1213
Number of DTs not fixed: 0
Number of DTs fixed: 3
Execution time for executing the following testing order: 1.823

Test order list:
[RegressionTest2.test004, RegressionTest2.test023, RegressionTest2.test024, RegressionTest2.test027, RegressionTest2.test032, RegressionTest2.test044, RegressionTest2.test047, RegressionTest2.test048, RegressionTest2.test050, RegressionTest2.test051, RegressionTest2.test064, RegressionTest2.test075, RegressionTest2.test078, RegressionTest2.test079, RegressionTest2.test082, RegressionTest2.test099, RegressionTest2.test100, RegressionTest2.test104, RegressionTest2.test109, RegressionTest2.test122, RegressionTest2.test135, RegressionTest2.test144, RegressionTest2.test158, RegressionTest2.test160, RegressionTest2.test171, RegressionTest2.test178, RegressionTest0.test019, RegressionTest0.test035, RegressionTest0.test011, RegressionTest0.test036, RegressionTest0.test037, RegressionTest0.test058, RegressionTest0.test072, RegressionTest0.test078, RegressionTest0.test081, RegressionTest0.test089, RegressionTest0.test095, RegressionTest0.test100, RegressionTest0.test103, RegressionTest0.test106, RegressionTest0.test113, RegressionTest0.test116, RegressionTest0.test121, RegressionTest0.test128, RegressionTest0.test151, RegressionTest0.test154, RegressionTest0.test013, RegressionTest0.test186, RegressionTest0.test211, RegressionTest0.test213, RegressionTest0.test220, RegressionTest0.test221, RegressionTest0.test227, RegressionTest0.test241, RegressionTest0.test261, RegressionTest0.test268, RegressionTest0.test280, RegressionTest0.test284, RegressionTest0.test286, RegressionTest0.test290, RegressionTest0.test292, RegressionTest0.test296, RegressionTest0.test302, RegressionTest0.test306, RegressionTest0.test309, RegressionTest0.test322, RegressionTest0.test324, RegressionTest0.test327, RegressionTest0.test333, RegressionTest0.test200, RegressionTest0.test201, RegressionTest0.test191, RegressionTest0.test158, RegressionTest0.test159, RegressionTest0.test168, RegressionTest0.test353, RegressionTest0.test358, RegressionTest0.test377, RegressionTest0.test381, RegressionTest0.test003, RegressionTest0.test390, RegressionTest0.test396, RegressionTest0.test401, RegressionTest0.test424, RegressionTest0.test426, RegressionTest0.test436, RegressionTest0.test441, RegressionTest0.test442, RegressionTest0.test443, RegressionTest0.test453, RegressionTest0.test456, RegressionTest0.test469, RegressionTest0.test481, RegressionTest0.test486, RegressionTest0.test499, ErrorTest0.test06, ErrorTest0.test29, ErrorTest0.test30, RegressionTest1.test025, RegressionTest1.test027, RegressionTest1.test040, RegressionTest0.test410, RegressionTest0.test428, RegressionTest1.test008, RegressionTest1.test043, RegressionTest1.test054, RegressionTest1.test062, RegressionTest1.test064, RegressionTest1.test074, RegressionTest1.test091, RegressionTest1.test094, RegressionTest1.test098, RegressionTest1.test103, RegressionTest1.test111, RegressionTest1.test123, RegressionTest1.test124, RegressionTest1.test132, RegressionTest1.test137, RegressionTest1.test152, RegressionTest1.test154, RegressionTest1.test012, RegressionTest1.test185, RegressionTest1.test215, RegressionTest1.test223, RegressionTest1.test228, RegressionTest1.test236, RegressionTest1.test279, RegressionTest1.test308, RegressionTest1.test316, RegressionTest1.test321, RegressionTest1.test323, RegressionTest1.test330, RegressionTest1.test335, RegressionTest1.test338, RegressionTest1.test178, RegressionTest1.test346, RegressionTest1.test349, RegressionTest1.test353, RegressionTest1.test354, RegressionTest1.test359, RegressionTest1.test362, RegressionTest1.test364, RegressionTest1.test372, RegressionTest1.test390, RegressionTest1.test398, RegressionTest1.test406, RegressionTest1.test411, RegressionTest1.test417, RegressionTest1.test420, RegressionTest1.test424, RegressionTest1.test438, RegressionTest1.test447, RegressionTest1.test448, RegressionTest1.test450, RegressionTest1.test462, RegressionTest1.test465, RegressionTest1.test490, RegressionTest1.test492]

Time each test takes to run in the new order:
[119619640, 30250055, 31930278, 43274419, 239770304, 17881434, 17242499, 16296919, 60631770, 18389744, 23123227, 34014995, 23912878, 30327653, 26859226, 21198574, 9866512, 13793403, 28849602, 15028271, 15830592, 10388066, 8900101, 14447072, 8425047, 10466500, 55261744, 44423772, 50638120, 39481603, 39244306, 29349925, 27603901, 36961388, 32439570, 23997736, 17504513, 5159376, 16090754, 18055313, 3623949, 19062669, 5385126, 2638364, 6163784, 2678423, 2622624, 3817328, 6249637, 2542248, 2678919, 6362110, 6464079, 3027091, 11347558, 8962635, 3947295, 7048366, 3072166, 2613233, 3313902, 2659011, 2586588, 2631852, 2504342, 3792629, 3067607, 3501710, 4017766, 3436727, 14675138, 4321541, 3365962, 12241421, 3011955, 4175925, 6695563, 2619069, 2890991, 2500594, 2948584, 3744168, 3148763, 2600468, 2716127, 2666727, 5652229, 3201187, 3249611, 2759808, 8691993, 2720990, 2484353, 2451008, 2523071, 606531, 592387, 442730, 6423353, 2526665, 2513016, 3766109, 4114253, 3928132, 3197642, 11907388, 3153320, 7340321, 6852055, 4144949, 7707994, 3129322, 3347199, 3047145, 2638307, 3762106, 2796228, 4066958, 5634482, 2865568, 2673435, 2780896, 3174606, 3051796, 2772094, 2642192, 2777321, 2664721, 4551122, 3240963, 8952755, 3370230, 2663267, 5611416, 2574669, 3353964, 6319245, 2742492, 4783012, 3207790, 2637093, 2553921, 2604232, 2649150, 2748137, 2819148, 2582179, 2959115, 6623619, 2689880, 2943763, 5387591, 19982745, 2632164, 2441451, 2425108, 2558907, 2533634]

Dependent test list:
[Test: RegressionTest0.test198, Intended behavior: FAILURE, when executed after: [RegressionTest0.test297], The revealed different behavior: PASS, when executed after: [], Test: RegressionTest0.test496, Intended behavior: FAILURE, when executed after: [RegressionTest0.test448], The revealed different behavior: PASS, when executed after: [], Test: RegressionTest0.test378, Intended behavior: FAILURE, when executed after: [RegressionTest0.test342], The revealed different behavior: PASS, when executed after: [], Test: RegressionTest0.test342, Intended behavior: FAILURE, when executed after: [RegressionTest2.test090], The revealed different behavior: PASS, when executed after: [], Test: RegressionTest0.test091, Intended behavior: FAILURE, when executed after: [RegressionTest0.test036], The revealed different behavior: PASS, when executed after: [], Test: RegressionTest1.test009, Intended behavior: FAILURE, when executed after: [RegressionTest0.test429], The revealed different behavior: PASS, when executed after: [], Test: ErrorTest0.test05, Intended behavior: FAILURE, when executed after: [RegressionTest0.test463], The revealed different behavior: PASS, when executed after: [], Test: RegressionTest0.test429, Intended behavior: FAILURE, when executed after: [RegressionTest0.test424], The revealed different behavior: PASS, when executed after: [], Test: RegressionTest0.test297, Intended behavior: FAILURE, when executed after: [RegressionTest0.test091], The revealed different behavior: PASS, when executed after: [], Test: ErrorTest0.test34, Intended behavior: FAILURE, when executed after: [ErrorTest0.test05], The revealed different behavior: PASS, when executed after: [], Test: RegressionTest0.test463, Intended behavior: FAILURE, when executed after: [RegressionTest0.test390], The revealed different behavior: PASS, when executed after: [], Test: RegressionTest0.test448, Intended behavior: FAILURE, when executed after: [RegressionTest0.test378], The revealed different behavior: PASS, when executed after: [], Test: RegressionTest2.test090, Intended behavior: FAILURE, when executed after: [RegressionTest2.test043], The revealed different behavior: PASS, when executed after: [], Test: RegressionTest1.test043, Intended behavior: FAILURE, when executed after: [RegressionTest1.test008], The revealed different behavior: PASS, when executed after: [], Test: RegressionTest0.test428, Intended behavior: FAILURE, when executed after: [RegressionTest0.test410], The revealed different behavior: PASS, when executed after: [], Test: RegressionTest0.test410, Intended behavior: FAILURE, when executed after: [RegressionTest2.test027], The revealed different behavior: PASS, when executed after: [], Test: RegressionTest1.test008, Intended behavior: FAILURE, when executed after: [RegressionTest0.test428], The revealed different behavior: PASS, when executed after: [], Test: RegressionTest0.test390, Intended behavior: FAILURE, when executed after: [RegressionTest0.test003], The revealed different behavior: PASS, when executed after: [], Test: RegressionTest0.test036, Intended behavior: FAILURE, when executed after: [RegressionTest0.test011], The revealed different behavior: PASS, when executed after: []]
--------------------------
Execution time of TLG and its time to find/nullify any DTs for 1 machine (does not include the time to run the tests in the new order): 103.486
Number of tests selected out of total in original order: 159 / 1213
Number of DTs not fixed: 0
Number of DTs fixed: 3
Execution time for executing the following testing order: 1.773

Test order list:
[RegressionTest2.test003, RegressionTest2.test021, RegressionTest2.test038, RegressionTest2.test063, RegressionTest2.test070, RegressionTest2.test073, RegressionTest2.test077, RegressionTest2.test102, RegressionTest2.test114, RegressionTest2.test116, RegressionTest2.test123, RegressionTest2.test128, RegressionTest2.test137, RegressionTest2.test151, RegressionTest2.test154, RegressionTest2.test012, RegressionTest2.test163, RegressionTest2.test164, RegressionTest2.test177, RegressionTest0.test007, RegressionTest2.test034, RegressionTest0.test001, RegressionTest0.test016, RegressionTest0.test017, RegressionTest0.test021, RegressionTest0.test023, RegressionTest0.test050, RegressionTest0.test059, RegressionTest0.test065, RegressionTest0.test082, RegressionTest0.test083, RegressionTest0.test096, RegressionTest0.test110, RegressionTest0.test129, RegressionTest0.test130, RegressionTest0.test144, RegressionTest0.test146, RegressionTest0.test149, RegressionTest0.test150, RegressionTest0.test153, RegressionTest0.test212, RegressionTest0.test215, RegressionTest0.test217, RegressionTest0.test252, RegressionTest0.test264, RegressionTest0.test267, RegressionTest0.test269, RegressionTest0.test274, RegressionTest0.test282, RegressionTest0.test287, RegressionTest0.test321, RegressionTest0.test326, RegressionTest0.test329, RegressionTest0.test339, RegressionTest2.test043, RegressionTest2.test090, RegressionTest0.test342, RegressionTest0.test203, RegressionTest0.test204, RegressionTest0.test210, RegressionTest0.test193, RegressionTest0.test156, RegressionTest0.test163, RegressionTest0.test359, RegressionTest0.test364, RegressionTest0.test371, RegressionTest0.test379, RegressionTest0.test387, RegressionTest0.test407, RegressionTest0.test408, RegressionTest0.test418, RegressionTest0.test420, RegressionTest0.test425, RegressionTest2.test027, RegressionTest0.test410, RegressionTest0.test428, RegressionTest0.test003, RegressionTest0.test390, RegressionTest0.test430, RegressionTest0.test435, RegressionTest0.test457, RegressionTest0.test477, RegressionTest0.test484, RegressionTest0.test492, ErrorTest0.test04, ErrorTest0.test08, ErrorTest0.test12, RegressionTest1.test018, RegressionTest1.test019, RegressionTest1.test020, RegressionTest1.test028, RegressionTest1.test030, RegressionTest1.test032, RegressionTest1.test036, RegressionTest1.test041, RegressionTest1.test042, RegressionTest1.test044, RegressionTest1.test045, RegressionTest1.test052, RegressionTest1.test058, RegressionTest1.test066, RegressionTest0.test463, ErrorTest0.test05, ErrorTest0.test34, RegressionTest1.test069, RegressionTest1.test076, RegressionTest1.test114, RegressionTest1.test116, RegressionTest1.test126, RegressionTest1.test130, RegressionTest1.test135, RegressionTest1.test138, RegressionTest1.test139, RegressionTest1.test140, RegressionTest1.test143, RegressionTest1.test150, RegressionTest1.test014, RegressionTest1.test187, RegressionTest1.test219, RegressionTest1.test235, RegressionTest1.test241, RegressionTest1.test257, RegressionTest1.test259, RegressionTest1.test266, RegressionTest1.test270, RegressionTest1.test289, RegressionTest1.test293, RegressionTest1.test307, RegressionTest1.test314, RegressionTest1.test324, RegressionTest1.test340, RegressionTest1.test343, RegressionTest1.test180, RegressionTest1.test198, RegressionTest1.test205, RegressionTest1.test195, RegressionTest1.test157, RegressionTest1.test166, RegressionTest1.test172, RegressionTest1.test179, RegressionTest1.test357, RegressionTest1.test360, RegressionTest1.test382, RegressionTest1.test386, RegressionTest1.test397, RegressionTest1.test409, RegressionTest1.test410, RegressionTest1.test422, RegressionTest1.test423, RegressionTest1.test430, RegressionTest1.test432, RegressionTest1.test442, RegressionTest1.test443, RegressionTest1.test458, RegressionTest1.test459, RegressionTest1.test463, RegressionTest1.test464, RegressionTest1.test476, RegressionTest1.test478]

Time each test takes to run in the new order:
[160273257, 23531976, 24560693, 46835458, 207429569, 14488962, 27061766, 20980504, 20657335, 18908297, 34375841, 37073928, 22944399, 34165288, 33213184, 12722316, 11982716, 10204177, 35435249, 41852020, 17665993, 33473705, 52857970, 48304901, 24229341, 30571795, 30255196, 30209530, 20545864, 21477427, 21469500, 21268805, 37386754, 18666100, 5942527, 27951939, 16859973, 4992322, 4590951, 4445339, 4703569, 3732641, 23129833, 2741491, 2969214, 10819688, 2776255, 2801011, 2702569, 4226671, 5067712, 3350909, 3177331, 2991149, 1135873, 1973850, 2902568, 11408036, 11767702, 4046186, 12595434, 2980310, 3922302, 3105504, 3128637, 2972457, 3406496, 7075839, 3735171, 2991920, 2823695, 2886959, 3797421, 898715, 3546018, 3074388, 3167732, 2967908, 4115221, 13331179, 14252311, 2987204, 2609170, 4733628, 909344, 503190, 629812, 3059864, 2687734, 2594137, 2557528, 2775840, 2541868, 2552716, 2855309, 4042423, 2915902, 2646227, 2753243, 2956574, 2866434, 2737276, 485623, 823678, 4754977, 3377358, 2417186, 4311167, 4626249, 2906478, 2560487, 17286385, 7697538, 3243676, 3656334, 2764272, 4492273, 2696959, 2900189, 2540995, 2527883, 2679124, 2528714, 3062148, 3337339, 2581384, 5485318, 3724861, 3892935, 3663359, 3139403, 2961301, 2605481, 2600934, 3005761, 2459493, 2429746, 3861021, 2461503, 2472955, 2427621, 2526129, 2736209, 2449971, 2441548, 6330302, 2477131, 4286101, 2437177, 2545490, 2971041, 2487146, 2466558, 2419152, 2893920, 2605155, 2530911, 10224020, 2628951]

Dependent test list:
[Test: RegressionTest0.test198, Intended behavior: FAILURE, when executed after: [RegressionTest0.test297], The revealed different behavior: PASS, when executed after: [], Test: RegressionTest0.test496, Intended behavior: FAILURE, when executed after: [RegressionTest0.test448], The revealed different behavior: PASS, when executed after: [], Test: RegressionTest0.test378, Intended behavior: FAILURE, when executed after: [RegressionTest0.test342], The revealed different behavior: PASS, when executed after: [], Test: RegressionTest0.test342, Intended behavior: FAILURE, when executed after: [RegressionTest2.test090], The revealed different behavior: PASS, when executed after: [], Test: RegressionTest0.test091, Intended behavior: FAILURE, when executed after: [RegressionTest0.test036], The revealed different behavior: PASS, when executed after: [], Test: RegressionTest1.test009, Intended behavior: FAILURE, when executed after: [RegressionTest0.test429], The revealed different behavior: PASS, when executed after: [], Test: ErrorTest0.test05, Intended behavior: FAILURE, when executed after: [RegressionTest0.test463], The revealed different behavior: PASS, when executed after: [], Test: RegressionTest0.test429, Intended behavior: FAILURE, when executed after: [RegressionTest0.test424], The revealed different behavior: PASS, when executed after: [], Test: RegressionTest0.test297, Intended behavior: FAILURE, when executed after: [RegressionTest0.test091], The revealed different behavior: PASS, when executed after: [], Test: ErrorTest0.test34, Intended behavior: FAILURE, when executed after: [ErrorTest0.test05], The revealed different behavior: PASS, when executed after: [], Test: RegressionTest0.test463, Intended behavior: FAILURE, when executed after: [RegressionTest0.test430], The revealed different behavior: PASS, when executed after: [], Test: RegressionTest0.test448, Intended behavior: FAILURE, when executed after: [RegressionTest0.test378], The revealed different behavior: PASS, when executed after: [], Test: RegressionTest2.test090, Intended behavior: FAILURE, when executed after: [RegressionTest2.test043], The revealed different behavior: PASS, when executed after: [], Test: RegressionTest1.test043, Intended behavior: FAILURE, when executed after: [RegressionTest1.test008], The revealed different behavior: PASS, when executed after: [], Test: RegressionTest0.test428, Intended behavior: FAILURE, when executed after: [RegressionTest0.test410], The revealed different behavior: PASS, when executed after: [], Test: RegressionTest0.test410, Intended behavior: FAILURE, when executed after: [RegressionTest2.test027], The revealed different behavior: PASS, when executed after: [], Test: RegressionTest1.test008, Intended behavior: FAILURE, when executed after: [RegressionTest0.test428], The revealed different behavior: PASS, when executed after: [], Test: RegressionTest0.test390, Intended behavior: FAILURE, when executed after: [RegressionTest0.test003], The revealed different behavior: PASS, when executed after: [], Test: RegressionTest0.test036, Intended behavior: FAILURE, when executed after: [RegressionTest0.test011], The revealed different behavior: PASS, when executed after: [], Test: RegressionTest1.test069, Intended behavior: FAILURE, when executed after: [ErrorTest0.test34], The revealed different behavior: PASS, when executed after: [], Test: RegressionTest0.test430, Intended behavior: FAILURE, when executed after: [RegressionTest0.test390], The revealed different behavior: PASS, when executed after: [], Test: RegressionTest0.test001, Intended behavior: FAILURE, when executed after: [RegressionTest2.test034], The revealed different behavior: PASS, when executed after: []]
--------------------------
Execution time of TLG and its time to find/nullify any DTs for 1 machine (does not include the time to run the tests in the new order): 500.580
Number of tests selected out of total in original order: 158 / 1213
Number of DTs not fixed: 0
Number of DTs fixed: 2
Execution time for executing the following testing order: 1.687

Test order list:
[RegressionTest2.test007, RegressionTest2.test029, RegressionTest2.test031, RegressionTest2.test035, RegressionTest2.test036, RegressionTest2.test039, RegressionTest2.test041, RegressionTest2.test042, RegressionTest2.test043, RegressionTest2.test058, RegressionTest2.test059, RegressionTest2.test067, RegressionTest2.test087, RegressionTest2.test090, RegressionTest2.test098, RegressionTest2.test106, RegressionTest2.test108, RegressionTest2.test113, RegressionTest2.test115, RegressionTest2.test121, RegressionTest2.test130, RegressionTest2.test145, RegressionTest2.test152, RegressionTest2.test013, RegressionTest2.test157, RegressionTest2.test167, RegressionTest2.test172, RegressionTest2.test179, RegressionTest0.test005, RegressionTest0.test026, RegressionTest0.test029, RegressionTest0.test034, RegressionTest0.test042, RegressionTest0.test046, RegressionTest0.test051, RegressionTest0.test052, RegressionTest0.test054, RegressionTest0.test055, RegressionTest0.test056, RegressionTest0.test061, RegressionTest0.test062, RegressionTest0.test070, RegressionTest0.test124, RegressionTest0.test126, RegressionTest0.test131, RegressionTest0.test134, RegressionTest0.test140, RegressionTest0.test141, RegressionTest0.test147, RegressionTest0.test148, RegressionTest0.test222, RegressionTest0.test236, RegressionTest0.test239, RegressionTest0.test244, RegressionTest0.test248, RegressionTest0.test249, RegressionTest0.test250, RegressionTest0.test251, RegressionTest0.test265, RegressionTest0.test291, RegressionTest0.test294, RegressionTest0.test295, RegressionTest0.test299, RegressionTest0.test304, RegressionTest0.test316, RegressionTest0.test325, RegressionTest0.test335, RegressionTest0.test342, RegressionTest0.test195, RegressionTest0.test160, RegressionTest0.test161, RegressionTest0.test169, RegressionTest0.test175, RegressionTest0.test177, RegressionTest0.test349, RegressionTest0.test356, RegressionTest0.test357, RegressionTest0.test378, RegressionTest0.test380, RegressionTest0.test388, RegressionTest0.test394, RegressionTest0.test403, RegressionTest0.test421, RegressionTest0.test444, RegressionTest0.test449, RegressionTest0.test452, RegressionTest0.test454, RegressionTest0.test462, RegressionTest0.test490, RegressionTest0.test491, ErrorTest0.test02, ErrorTest0.test14, ErrorTest0.test24, ErrorTest0.test32, RegressionTest1.test182, RegressionTest1.test003, RegressionTest1.test004, RegressionTest1.test017, RegressionTest1.test024, RegressionTest1.test047, RegressionTest1.test072, RegressionTest1.test073, RegressionTest1.test075, RegressionTest1.test078, RegressionTest1.test088, RegressionTest1.test183, RegressionTest1.test181, RegressionTest1.test216, RegressionTest1.test221, RegressionTest1.test225, RegressionTest1.test229, RegressionTest1.test234, RegressionTest1.test238, RegressionTest1.test248, RegressionTest1.test256, RegressionTest1.test262, RegressionTest1.test264, RegressionTest1.test281, RegressionTest1.test287, RegressionTest1.test288, RegressionTest1.test291, RegressionTest1.test304, RegressionTest1.test310, RegressionTest1.test311, RegressionTest1.test320, RegressionTest1.test204, RegressionTest1.test190, RegressionTest0.test424, RegressionTest0.test429, RegressionTest1.test009, RegressionTest1.test193, RegressionTest1.test155, RegressionTest1.test161, RegressionTest1.test168, RegressionTest1.test175, RegressionTest1.test363, RegressionTest1.test365, RegressionTest1.test377, RegressionTest1.test389, RegressionTest1.test393, RegressionTest1.test394, RegressionTest1.test395, RegressionTest1.test396, RegressionTest1.test435, RegressionTest1.test454, RegressionTest1.test455, RegressionTest1.test456, RegressionTest1.test467, RegressionTest1.test468, RegressionTest1.test469, RegressionTest1.test472, RegressionTest1.test475, RegressionTest1.test479, RegressionTest1.test480, RegressionTest1.test482, RegressionTest1.test485, RegressionTest1.test486, RegressionTest1.test487]

Time each test takes to run in the new order:
[88841848, 68853205, 43567932, 40903130, 23656839, 46828696, 16642663, 21761605, 30613434, 14255061, 29679587, 16746022, 18592374, 51679652, 20166901, 186126235, 12061957, 11828973, 27877971, 8409510, 8072014, 11602368, 19107862, 9810484, 8228205, 12373393, 23728116, 24163769, 60823834, 32258535, 14849090, 12504091, 11334089, 16234282, 11688561, 22164149, 18792999, 31324299, 20835230, 16807559, 18192232, 20451353, 25914826, 17060571, 8840597, 14056246, 3960388, 3191308, 7043072, 13055954, 2991235, 2798746, 2874414, 3989200, 4042134, 4120479, 2780839, 3017607, 3012198, 2868963, 2841616, 2962414, 5465017, 11772915, 7075885, 7540734, 5577008, 4837909, 6733598, 3463890, 2790287, 2902872, 2568664, 2492274, 2731732, 2705295, 3737655, 2718680, 2940945, 3338734, 2761849, 5990585, 2698808, 2809388, 14748236, 6961375, 5204474, 2806703, 2708240, 2477899, 606505, 1279779, 759522, 517342, 3254960, 3646906, 6628859, 2766357, 2804683, 3911865, 3025199, 2708036, 2466378, 2450334, 2435633, 2608029, 2972393, 2431912, 2566125, 3040492, 3894332, 3124670, 2589159, 5769672, 2861619, 9264520, 2634777, 9197543, 2567940, 2610564, 3808656, 6239914, 2651277, 2737988, 2979563, 2475960, 2976941, 2690653, 3264420, 2987800, 4059784, 3011378, 2725329, 2435207, 2509464, 2418720, 6147428, 2498678, 3802859, 2898962, 2512784, 3895836, 2529932, 2715525, 4878853, 2653008, 7445043, 2755655, 2578347, 2409038, 2518419, 4068235, 2489581, 2622088, 3318852, 2712042, 2856668, 2615286]

Dependent test list:
[Test: RegressionTest0.test198, Intended behavior: FAILURE, when executed after: [RegressionTest0.test297], The revealed different behavior: PASS, when executed after: [], Test: RegressionTest0.test496, Intended behavior: FAILURE, when executed after: [RegressionTest0.test448], The revealed different behavior: PASS, when executed after: [], Test: RegressionTest0.test378, Intended behavior: FAILURE, when executed after: [RegressionTest0.test357], The revealed different behavior: PASS, when executed after: [], Test: RegressionTest0.test342, Intended behavior: FAILURE, when executed after: [RegressionTest0.test335], The revealed different behavior: PASS, when executed after: [], Test: RegressionTest0.test091, Intended behavior: FAILURE, when executed after: [RegressionTest0.test036], The revealed different behavior: PASS, when executed after: [], Test: RegressionTest1.test009, Intended behavior: FAILURE, when executed after: [RegressionTest0.test429], The revealed different behavior: PASS, when executed after: [], Test: ErrorTest0.test05, Intended behavior: FAILURE, when executed after: [RegressionTest0.test463], The revealed different behavior: PASS, when executed after: [], Test: RegressionTest0.test429, Intended behavior: FAILURE, when executed after: [RegressionTest0.test424], The revealed different behavior: PASS, when executed after: [], Test: RegressionTest0.test297, Intended behavior: FAILURE, when executed after: [RegressionTest0.test091], The revealed different behavior: PASS, when executed after: [], Test: ErrorTest0.test34, Intended behavior: FAILURE, when executed after: [ErrorTest0.test05], The revealed different behavior: PASS, when executed after: [], Test: RegressionTest0.test463, Intended behavior: FAILURE, when executed after: [RegressionTest0.test430], The revealed different behavior: PASS, when executed after: [], Test: RegressionTest0.test448, Intended behavior: FAILURE, when executed after: [RegressionTest0.test378], The revealed different behavior: PASS, when executed after: [], Test: RegressionTest2.test090, Intended behavior: FAILURE, when executed after: [RegressionTest2.test087], The revealed different behavior: PASS, when executed after: [], Test: RegressionTest1.test043, Intended behavior: FAILURE, when executed after: [RegressionTest1.test008], The revealed different behavior: PASS, when executed after: [], Test: RegressionTest0.test428, Intended behavior: FAILURE, when executed after: [RegressionTest0.test410], The revealed different behavior: PASS, when executed after: [], Test: RegressionTest0.test410, Intended behavior: FAILURE, when executed after: [RegressionTest2.test027], The revealed different behavior: PASS, when executed after: [], Test: RegressionTest1.test008, Intended behavior: FAILURE, when executed after: [RegressionTest0.test428], The revealed different behavior: PASS, when executed after: [], Test: RegressionTest0.test390, Intended behavior: FAILURE, when executed after: [RegressionTest0.test003], The revealed different behavior: PASS, when executed after: [], Test: RegressionTest0.test036, Intended behavior: FAILURE, when executed after: [RegressionTest0.test011], The revealed different behavior: PASS, when executed after: [], Test: RegressionTest1.test069, Intended behavior: FAILURE, when executed after: [ErrorTest0.test34], The revealed different behavior: PASS, when executed after: [], Test: RegressionTest0.test430, Intended behavior: FAILURE, when executed after: [RegressionTest0.test390], The revealed different behavior: PASS, when executed after: [], Test: RegressionTest0.test001, Intended behavior: FAILURE, when executed after: [RegressionTest2.test034], The revealed different behavior: PASS, when executed after: [], Test: RegressionTest0.test357, Intended behavior: FAILURE, when executed after: [RegressionTest0.test356], The revealed different behavior: PASS, when executed after: [], Test: RegressionTest0.test356, Intended behavior: FAILURE, when executed after: [RegressionTest0.test349], The revealed different behavior: PASS, when executed after: [], Test: RegressionTest0.test349, Intended behavior: FAILURE, when executed after: [RegressionTest0.test177], The revealed different behavior: PASS, when executed after: [], Test: RegressionTest0.test177, Intended behavior: FAILURE, when executed after: [RegressionTest0.test175], The revealed different behavior: PASS, when executed after: [], Test: RegressionTest0.test175, Intended behavior: FAILURE, when executed after: [RegressionTest0.test169], The revealed different behavior: PASS, when executed after: [], Test: RegressionTest0.test169, Intended behavior: FAILURE, when executed after: [RegressionTest0.test161], The revealed different behavior: PASS, when executed after: [], Test: RegressionTest0.test161, Intended behavior: FAILURE, when executed after: [RegressionTest0.test160], The revealed different behavior: PASS, when executed after: [], Test: RegressionTest0.test160, Intended behavior: FAILURE, when executed after: [RegressionTest0.test195], The revealed different behavior: PASS, when executed after: [], Test: RegressionTest0.test195, Intended behavior: FAILURE, when executed after: [RegressionTest0.test342], The revealed different behavior: PASS, when executed after: [], Test: RegressionTest0.test335, Intended behavior: FAILURE, when executed after: [RegressionTest0.test325], The revealed different behavior: PASS, when executed after: [], Test: RegressionTest0.test325, Intended behavior: FAILURE, when executed after: [RegressionTest0.test316], The revealed different behavior: PASS, when executed after: [], Test: RegressionTest0.test316, Intended behavior: FAILURE, when executed after: [RegressionTest0.test304], The revealed different behavior: PASS, when executed after: [], Test: RegressionTest0.test304, Intended behavior: FAILURE, when executed after: [RegressionTest0.test299], The revealed different behavior: PASS, when executed after: [], Test: RegressionTest0.test299, Intended behavior: FAILURE, when executed after: [RegressionTest0.test295], The revealed different behavior: PASS, when executed after: [], Test: RegressionTest0.test295, Intended behavior: FAILURE, when executed after: [RegressionTest0.test294], The revealed different behavior: PASS, when executed after: [], Test: RegressionTest0.test294, Intended behavior: FAILURE, when executed after: [RegressionTest0.test291], The revealed different behavior: PASS, when executed after: [], Test: RegressionTest0.test291, Intended behavior: FAILURE, when executed after: [RegressionTest0.test265], The revealed different behavior: PASS, when executed after: [], Test: RegressionTest0.test265, Intended behavior: FAILURE, when executed after: [RegressionTest0.test251], The revealed different behavior: PASS, when executed after: [], Test: RegressionTest0.test251, Intended behavior: FAILURE, when executed after: [RegressionTest0.test250], The revealed different behavior: PASS, when executed after: [], Test: RegressionTest0.test250, Intended behavior: FAILURE, when executed after: [RegressionTest0.test249], The revealed different behavior: PASS, when executed after: [], Test: RegressionTest0.test249, Intended behavior: FAILURE, when executed after: [RegressionTest0.test248], The revealed different behavior: PASS, when executed after: [], Test: RegressionTest0.test248, Intended behavior: FAILURE, when executed after: [RegressionTest0.test244], The revealed different behavior: PASS, when executed after: [], Test: RegressionTest0.test244, Intended behavior: FAILURE, when executed after: [RegressionTest0.test239], The revealed different behavior: PASS, when executed after: [], Test: RegressionTest0.test239, Intended behavior: FAILURE, when executed after: [RegressionTest0.test236], The revealed different behavior: PASS, when executed after: [], Test: RegressionTest0.test236, Intended behavior: FAILURE, when executed after: [RegressionTest0.test222], The revealed different behavior: PASS, when executed after: [], Test: RegressionTest0.test222, Intended behavior: FAILURE, when executed after: [RegressionTest0.test148], The revealed different behavior: PASS, when executed after: [], Test: RegressionTest0.test148, Intended behavior: FAILURE, when executed after: [RegressionTest0.test147], The revealed different behavior: PASS, when executed after: [], Test: RegressionTest0.test147, Intended behavior: FAILURE, when executed after: [RegressionTest0.test141], The revealed different behavior: PASS, when executed after: [], Test: RegressionTest0.test141, Intended behavior: FAILURE, when executed after: [RegressionTest0.test140], The revealed different behavior: PASS, when executed after: [], Test: RegressionTest0.test140, Intended behavior: FAILURE, when executed after: [RegressionTest0.test134], The revealed different behavior: PASS, when executed after: [], Test: RegressionTest0.test134, Intended behavior: FAILURE, when executed after: [RegressionTest0.test131], The revealed different behavior: PASS, when executed after: [], Test: RegressionTest0.test131, Intended behavior: FAILURE, when executed after: [RegressionTest0.test126], The revealed different behavior: PASS, when executed after: [], Test: RegressionTest0.test126, Intended behavior: FAILURE, when executed after: [RegressionTest0.test124], The revealed different behavior: PASS, when executed after: [], Test: RegressionTest0.test124, Intended behavior: FAILURE, when executed after: [RegressionTest0.test070], The revealed different behavior: PASS, when executed after: [], Test: RegressionTest0.test070, Intended behavior: FAILURE, when executed after: [RegressionTest0.test062], The revealed different behavior: PASS, when executed after: [], Test: RegressionTest0.test062, Intended behavior: FAILURE, when executed after: [RegressionTest0.test061], The revealed different behavior: PASS, when executed after: [], Test: RegressionTest0.test061, Intended behavior: FAILURE, when executed after: [RegressionTest0.test056], The revealed different behavior: PASS, when executed after: [], Test: RegressionTest0.test056, Intended behavior: FAILURE, when executed after: [RegressionTest0.test055], The revealed different behavior: PASS, when executed after: [], Test: RegressionTest0.test055, Intended behavior: FAILURE, when executed after: [RegressionTest0.test054], The revealed different behavior: PASS, when executed after: [], Test: RegressionTest0.test054, Intended behavior: FAILURE, when executed after: [RegressionTest0.test052], The revealed different behavior: PASS, when executed after: [], Test: RegressionTest0.test052, Intended behavior: FAILURE, when executed after: [RegressionTest0.test051], The revealed different behavior: PASS, when executed after: [], Test: RegressionTest0.test051, Intended behavior: FAILURE, when executed after: [RegressionTest0.test046], The revealed different behavior: PASS, when executed after: [], Test: RegressionTest0.test046, Intended behavior: FAILURE, when executed after: [RegressionTest0.test042], The revealed different behavior: PASS, when executed after: [], Test: RegressionTest0.test042, Intended behavior: FAILURE, when executed after: [RegressionTest0.test034], The revealed different behavior: PASS, when executed after: [], Test: RegressionTest0.test034, Intended behavior: FAILURE, when executed after: [RegressionTest0.test029], The revealed different behavior: PASS, when executed after: [], Test: RegressionTest0.test029, Intended behavior: FAILURE, when executed after: [RegressionTest0.test026], The revealed different behavior: PASS, when executed after: [], Test: RegressionTest0.test026, Intended behavior: FAILURE, when executed after: [RegressionTest0.test005], The revealed different behavior: PASS, when executed after: [], Test: RegressionTest0.test005, Intended behavior: FAILURE, when executed after: [RegressionTest2.test179], The revealed different behavior: PASS, when executed after: [], Test: RegressionTest2.test179, Intended behavior: FAILURE, when executed after: [RegressionTest2.test172], The revealed different behavior: PASS, when executed after: [], Test: RegressionTest2.test172, Intended behavior: FAILURE, when executed after: [RegressionTest2.test167], The revealed different behavior: PASS, when executed after: [], Test: RegressionTest2.test167, Intended behavior: FAILURE, when executed after: [RegressionTest2.test157], The revealed different behavior: PASS, when executed after: [], Test: RegressionTest2.test157, Intended behavior: FAILURE, when executed after: [RegressionTest2.test013], The revealed different behavior: PASS, when executed after: [], Test: RegressionTest2.test013, Intended behavior: FAILURE, when executed after: [RegressionTest2.test152], The revealed different behavior: PASS, when executed after: [], Test: RegressionTest2.test152, Intended behavior: FAILURE, when executed after: [RegressionTest2.test145], The revealed different behavior: PASS, when executed after: [], Test: RegressionTest2.test145, Intended behavior: FAILURE, when executed after: [RegressionTest2.test130], The revealed different behavior: PASS, when executed after: [], Test: RegressionTest2.test130, Intended behavior: FAILURE, when executed after: [RegressionTest2.test121], The revealed different behavior: PASS, when executed after: [], Test: RegressionTest2.test121, Intended behavior: FAILURE, when executed after: [RegressionTest2.test115], The revealed different behavior: PASS, when executed after: [], Test: RegressionTest2.test115, Intended behavior: FAILURE, when executed after: [RegressionTest2.test113], The revealed different behavior: PASS, when executed after: [], Test: RegressionTest2.test113, Intended behavior: FAILURE, when executed after: [RegressionTest2.test108], The revealed different behavior: PASS, when executed after: [], Test: RegressionTest2.test108, Intended behavior: FAILURE, when executed after: [RegressionTest2.test106], The revealed different behavior: PASS, when executed after: [], Test: RegressionTest2.test106, Intended behavior: FAILURE, when executed after: [RegressionTest2.test098], The revealed different behavior: PASS, when executed after: [], Test: RegressionTest2.test098, Intended behavior: FAILURE, when executed after: [RegressionTest2.test090], The revealed different behavior: PASS, when executed after: [], Test: RegressionTest2.test087, Intended behavior: FAILURE, when executed after: [RegressionTest2.test067], The revealed different behavior: PASS, when executed after: [], Test: RegressionTest2.test067, Intended behavior: FAILURE, when executed after: [RegressionTest2.test059], The revealed different behavior: PASS, when executed after: [], Test: RegressionTest2.test059, Intended behavior: FAILURE, when executed after: [RegressionTest2.test058], The revealed different behavior: PASS, when executed after: [], Test: RegressionTest2.test058, Intended behavior: FAILURE, when executed after: [RegressionTest2.test043], The revealed different behavior: PASS, when executed after: [], Test: RegressionTest2.test043, Intended behavior: FAILURE, when executed after: [RegressionTest2.test042], The revealed different behavior: PASS, when executed after: [], Test: RegressionTest2.test042, Intended behavior: FAILURE, when executed after: [RegressionTest2.test041], The revealed different behavior: PASS, when executed after: [], Test: RegressionTest2.test041, Intended behavior: FAILURE, when executed after: [RegressionTest2.test039], The revealed different behavior: PASS, when executed after: [], Test: RegressionTest2.test039, Intended behavior: FAILURE, when executed after: [RegressionTest2.test036], The revealed different behavior: PASS, when executed after: [], Test: RegressionTest2.test036, Intended behavior: FAILURE, when executed after: [RegressionTest2.test035], The revealed different behavior: PASS, when executed after: [], Test: RegressionTest2.test035, Intended behavior: FAILURE, when executed after: [RegressionTest2.test031], The revealed different behavior: PASS, when executed after: [], Test: RegressionTest2.test031, Intended behavior: FAILURE, when executed after: [RegressionTest2.test029], The revealed different behavior: PASS, when executed after: [], Test: RegressionTest2.test029, Intended behavior: FAILURE, when executed after: [RegressionTest2.test007], The revealed different behavior: PASS, when executed after: [], Test: RegressionTest1.test193, Intended behavior: FAILURE, when executed after: [RegressionTest1.test009], The revealed different behavior: PASS, when executed after: []]
--------------------------
Execution time of TLG and its time to find/nullify any DTs for 1 machine (does not include the time to run the tests in the new order): 34.168
Number of tests selected out of total in original order: 157 / 1213
Number of DTs not fixed: 0
Number of DTs fixed: 1
Execution time for executing the following testing order: 1.858

Test order list:
[RegressionTest2.test005, RegressionTest2.test009, RegressionTest2.test010, RegressionTest2.test025, RegressionTest2.test033, RegressionTest2.test037, RegressionTest2.test055, RegressionTest2.test060, RegressionTest2.test062, RegressionTest2.test076, RegressionTest2.test081, RegressionTest2.test083, RegressionTest2.test086, RegressionTest2.test089, RegressionTest2.test091, RegressionTest2.test092, RegressionTest2.test097, RegressionTest2.test101, RegressionTest2.test103, RegressionTest2.test107, RegressionTest2.test111, RegressionTest2.test125, RegressionTest2.test147, RegressionTest2.test153, RegressionTest2.test159, RegressionTest2.test169, RegressionTest2.test175, RegressionTest0.test009, RegressionTest0.test028, RegressionTest0.test041, RegressionTest0.test053, RegressionTest0.test057, RegressionTest0.test066, RegressionTest0.test075, RegressionTest0.test090, RegressionTest0.test098, RegressionTest0.test099, RegressionTest0.test111, RegressionTest0.test112, RegressionTest0.test139, RegressionTest0.test188, RegressionTest0.test223, RegressionTest0.test230, RegressionTest0.test240, RegressionTest0.test243, RegressionTest0.test245, RegressionTest0.test247, RegressionTest0.test011, RegressionTest0.test036, RegressionTest0.test091, RegressionTest0.test255, RegressionTest0.test266, RegressionTest0.test276, RegressionTest0.test277, RegressionTest0.test305, RegressionTest0.test308, RegressionTest0.test319, RegressionTest0.test331, RegressionTest0.test180, RegressionTest0.test194, RegressionTest0.test157, RegressionTest0.test174, RegressionTest0.test176, RegressionTest0.test351, RegressionTest0.test367, RegressionTest0.test383, RegressionTest0.test389, RegressionTest0.test391, RegressionTest0.test392, RegressionTest0.test395, RegressionTest0.test400, RegressionTest0.test402, RegressionTest0.test405, RegressionTest0.test413, RegressionTest0.test414, RegressionTest0.test424, RegressionTest0.test429, RegressionTest0.test438, RegressionTest0.test439, RegressionTest0.test450, RegressionTest0.test451, RegressionTest0.test464, RegressionTest0.test467, RegressionTest0.test482, RegressionTest0.test485, ErrorTest0.test03, ErrorTest0.test11, ErrorTest0.test20, ErrorTest0.test21, RegressionTest1.test002, RegressionTest1.test021, RegressionTest1.test034, RegressionTest1.test037, RegressionTest1.test046, RegressionTest1.test049, RegressionTest1.test050, RegressionTest1.test053, RegressionTest1.test061, RegressionTest1.test083, RegressionTest1.test089, RegressionTest1.test099, RegressionTest1.test105, RegressionTest1.test118, RegressionTest1.test121, RegressionTest1.test125, RegressionTest1.test128, RegressionTest1.test131, RegressionTest1.test134, RegressionTest1.test136, RegressionTest1.test141, RegressionTest1.test142, RegressionTest1.test146, RegressionTest1.test149, RegressionTest1.test184, RegressionTest1.test189, RegressionTest1.test212, RegressionTest1.test224, RegressionTest1.test250, RegressionTest1.test253, RegressionTest1.test254, RegressionTest1.test261, RegressionTest1.test271, RegressionTest1.test272, RegressionTest1.test274, RegressionTest1.test276, RegressionTest1.test280, RegressionTest1.test294, RegressionTest1.test302, RegressionTest1.test305, RegressionTest1.test312, RegressionTest1.test326, RegressionTest1.test202, RegressionTest1.test203, RegressionTest1.test192, RegressionTest1.test196, RegressionTest1.test160, RegressionTest1.test165, RegressionTest1.test167, RegressionTest1.test345, RegressionTest1.test350, RegressionTest1.test379, RegressionTest1.test385, RegressionTest1.test388, RegressionTest1.test391, RegressionTest1.test407, RegressionTest1.test414, RegressionTest1.test425, RegressionTest1.test427, RegressionTest1.test439, RegressionTest1.test440, RegressionTest1.test444, RegressionTest1.test445, RegressionTest1.test446, RegressionTest1.test471, RegressionTest1.test483, RegressionTest1.test494, RegressionTest1.test498]

Time each test takes to run in the new order:
[152918922, 22684365, 217770474, 41333383, 28876419, 15707628, 27890250, 15136344, 22116463, 20989605, 24626220, 29849727, 37636673, 21630186, 23512858, 30424788, 15105954, 13536269, 26819009, 14137183, 10617792, 17250972, 13848435, 10667559, 9748175, 13888439, 27499754, 82231591, 48157736, 53180279, 33603198, 39523003, 31516274, 16336334, 11226100, 17183261, 13446161, 21202022, 4848656, 11757245, 3507896, 11787485, 3755857, 14922619, 4110674, 3410489, 4891686, 4164015, 3548851, 3221656, 2578010, 2637225, 2699440, 2611935, 4168176, 3307056, 2557333, 3615881, 7457565, 3520261, 3100543, 3117988, 2978600, 3381830, 5891759, 3466690, 3372642, 3563437, 3696036, 3254250, 3338544, 3470771, 7413317, 6229657, 4501593, 2614194, 2662035, 11167470, 6186026, 14313901, 4473826, 13129604, 6387300, 9953236, 5280455, 1022118, 505792, 568178, 996402, 13060277, 3256576, 5467933, 22732101, 3295847, 3166466, 3074845, 3057261, 8417020, 3065980, 3014761, 2893353, 6538392, 2877146, 6333275, 3554798, 3665497, 3809515, 5637753, 2660740, 2634458, 2538948, 2482224, 2498268, 2580130, 2546848, 8049587, 3280186, 3188515, 4899959, 3185001, 2670931, 7561661, 4102427, 2728767, 2715381, 2559880, 2858706, 3737465, 16392418, 2726436, 2545367, 2660716, 3072407, 16409286, 7648121, 3224645, 8335331, 11543891, 3317025, 3360943, 7545757, 2613374, 2603426, 2581240, 2726987, 2605323, 2556191, 6807056, 2553845, 2578866, 9744277, 2876718, 11048300, 3466967, 4492602, 7415935, 3134859]

Dependent test list:
[Test: RegressionTest0.test198, Intended behavior: FAILURE, when executed after: [RegressionTest0.test297], The revealed different behavior: PASS, when executed after: [], Test: RegressionTest0.test496, Intended behavior: FAILURE, when executed after: [RegressionTest0.test448], The revealed different behavior: PASS, when executed after: [], Test: RegressionTest0.test378, Intended behavior: FAILURE, when executed after: [RegressionTest0.test357], The revealed different behavior: PASS, when executed after: [], Test: RegressionTest0.test342, Intended behavior: FAILURE, when executed after: [RegressionTest0.test335], The revealed different behavior: PASS, when executed after: [], Test: RegressionTest0.test091, Intended behavior: FAILURE, when executed after: [RegressionTest0.test036], The revealed different behavior: PASS, when executed after: [], Test: RegressionTest1.test009, Intended behavior: FAILURE, when executed after: [RegressionTest0.test429], The revealed different behavior: PASS, when executed after: [], Test: ErrorTest0.test05, Intended behavior: FAILURE, when executed after: [RegressionTest0.test463], The revealed different behavior: PASS, when executed after: [], Test: RegressionTest0.test429, Intended behavior: FAILURE, when executed after: [RegressionTest0.test424], The revealed different behavior: PASS, when executed after: [], Test: RegressionTest0.test297, Intended behavior: FAILURE, when executed after: [RegressionTest0.test255], The revealed different behavior: PASS, when executed after: [], Test: ErrorTest0.test34, Intended behavior: FAILURE, when executed after: [ErrorTest0.test05], The revealed different behavior: PASS, when executed after: [], Test: RegressionTest0.test463, Intended behavior: FAILURE, when executed after: [RegressionTest0.test430], The revealed different behavior: PASS, when executed after: [], Test: RegressionTest0.test448, Intended behavior: FAILURE, when executed after: [RegressionTest0.test378], The revealed different behavior: PASS, when executed after: [], Test: RegressionTest2.test090, Intended behavior: FAILURE, when executed after: [RegressionTest2.test087], The revealed different behavior: PASS, when executed after: [], Test: RegressionTest1.test043, Intended behavior: FAILURE, when executed after: [RegressionTest1.test008], The revealed different behavior: PASS, when executed after: [], Test: RegressionTest0.test428, Intended behavior: FAILURE, when executed after: [RegressionTest0.test410], The revealed different behavior: PASS, when executed after: [], Test: RegressionTest0.test410, Intended behavior: FAILURE, when executed after: [RegressionTest2.test027], The revealed different behavior: PASS, when executed after: [], Test: RegressionTest1.test008, Intended behavior: FAILURE, when executed after: [RegressionTest0.test428], The revealed different behavior: PASS, when executed after: [], Test: RegressionTest0.test390, Intended behavior: FAILURE, when executed after: [RegressionTest0.test003], The revealed different behavior: PASS, when executed after: [], Test: RegressionTest0.test036, Intended behavior: FAILURE, when executed after: [RegressionTest0.test011], The revealed different behavior: PASS, when executed after: [], Test: RegressionTest1.test069, Intended behavior: FAILURE, when executed after: [ErrorTest0.test34], The revealed different behavior: PASS, when executed after: [], Test: RegressionTest0.test430, Intended behavior: FAILURE, when executed after: [RegressionTest0.test390], The revealed different behavior: PASS, when executed after: [], Test: RegressionTest0.test001, Intended behavior: FAILURE, when executed after: [RegressionTest2.test034], The revealed different behavior: PASS, when executed after: [], Test: RegressionTest0.test357, Intended behavior: FAILURE, when executed after: [RegressionTest0.test356], The revealed different behavior: PASS, when executed after: [], Test: RegressionTest0.test356, Intended behavior: FAILURE, when executed after: [RegressionTest0.test349], The revealed different behavior: PASS, when executed after: [], Test: RegressionTest0.test349, Intended behavior: FAILURE, when executed after: [RegressionTest0.test177], The revealed different behavior: PASS, when executed after: [], Test: RegressionTest0.test177, Intended behavior: FAILURE, when executed after: [RegressionTest0.test175], The revealed different behavior: PASS, when executed after: [], Test: RegressionTest0.test175, Intended behavior: FAILURE, when executed after: [RegressionTest0.test169], The revealed different behavior: PASS, when executed after: [], Test: RegressionTest0.test169, Intended behavior: FAILURE, when executed after: [RegressionTest0.test161], The revealed different behavior: PASS, when executed after: [], Test: RegressionTest0.test161, Intended behavior: FAILURE, when executed after: [RegressionTest0.test160], The revealed different behavior: PASS, when executed after: [], Test: RegressionTest0.test160, Intended behavior: FAILURE, when executed after: [RegressionTest0.test195], The revealed different behavior: PASS, when executed after: [], Test: RegressionTest0.test195, Intended behavior: FAILURE, when executed after: [RegressionTest0.test342], The revealed different behavior: PASS, when executed after: [], Test: RegressionTest0.test335, Intended behavior: FAILURE, when executed after: [RegressionTest0.test325], The revealed different behavior: PASS, when executed after: [], Test: RegressionTest0.test325, Intended behavior: FAILURE, when executed after: [RegressionTest0.test316], The revealed different behavior: PASS, when executed after: [], Test: RegressionTest0.test316, Intended behavior: FAILURE, when executed after: [RegressionTest0.test304], The revealed different behavior: PASS, when executed after: [], Test: RegressionTest0.test304, Intended behavior: FAILURE, when executed after: [RegressionTest0.test299], The revealed different behavior: PASS, when executed after: [], Test: RegressionTest0.test299, Intended behavior: FAILURE, when executed after: [RegressionTest0.test295], The revealed different behavior: PASS, when executed after: [], Test: RegressionTest0.test295, Intended behavior: FAILURE, when executed after: [RegressionTest0.test294], The revealed different behavior: PASS, when executed after: [], Test: RegressionTest0.test294, Intended behavior: FAILURE, when executed after: [RegressionTest0.test291], The revealed different behavior: PASS, when executed after: [], Test: RegressionTest0.test291, Intended behavior: FAILURE, when executed after: [RegressionTest0.test265], The revealed different behavior: PASS, when executed after: [], Test: RegressionTest0.test265, Intended behavior: FAILURE, when executed after: [RegressionTest0.test251], The revealed different behavior: PASS, when executed after: [], Test: RegressionTest0.test251, Intended behavior: FAILURE, when executed after: [RegressionTest0.test250], The revealed different behavior: PASS, when executed after: [], Test: RegressionTest0.test250, Intended behavior: FAILURE, when executed after: [RegressionTest0.test249], The revealed different behavior: PASS, when executed after: [], Test: RegressionTest0.test249, Intended behavior: FAILURE, when executed after: [RegressionTest0.test248], The revealed different behavior: PASS, when executed after: [], Test: RegressionTest0.test248, Intended behavior: FAILURE, when executed after: [RegressionTest0.test244], The revealed different behavior: PASS, when executed after: [], Test: RegressionTest0.test244, Intended behavior: FAILURE, when executed after: [RegressionTest0.test239], The revealed different behavior: PASS, when executed after: [], Test: RegressionTest0.test239, Intended behavior: FAILURE, when executed after: [RegressionTest0.test236], The revealed different behavior: PASS, when executed after: [], Test: RegressionTest0.test236, Intended behavior: FAILURE, when executed after: [RegressionTest0.test222], The revealed different behavior: PASS, when executed after: [], Test: RegressionTest0.test222, Intended behavior: FAILURE, when executed after: [RegressionTest0.test148], The revealed different behavior: PASS, when executed after: [], Test: RegressionTest0.test148, Intended behavior: FAILURE, when executed after: [RegressionTest0.test147], The revealed different behavior: PASS, when executed after: [], Test: RegressionTest0.test147, Intended behavior: FAILURE, when executed after: [RegressionTest0.test141], The revealed different behavior: PASS, when executed after: [], Test: RegressionTest0.test141, Intended behavior: FAILURE, when executed after: [RegressionTest0.test140], The revealed different behavior: PASS, when executed after: [], Test: RegressionTest0.test140, Intended behavior: FAILURE, when executed after: [RegressionTest0.test134], The revealed different behavior: PASS, when executed after: [], Test: RegressionTest0.test134, Intended behavior: FAILURE, when executed after: [RegressionTest0.test131], The revealed different behavior: PASS, when executed after: [], Test: RegressionTest0.test131, Intended behavior: FAILURE, when executed after: [RegressionTest0.test126], The revealed different behavior: PASS, when executed after: [], Test: RegressionTest0.test126, Intended behavior: FAILURE, when executed after: [RegressionTest0.test124], The revealed different behavior: PASS, when executed after: [], Test: RegressionTest0.test124, Intended behavior: FAILURE, when executed after: [RegressionTest0.test070], The revealed different behavior: PASS, when executed after: [], Test: RegressionTest0.test070, Intended behavior: FAILURE, when executed after: [RegressionTest0.test062], The revealed different behavior: PASS, when executed after: [], Test: RegressionTest0.test062, Intended behavior: FAILURE, when executed after: [RegressionTest0.test061], The revealed different behavior: PASS, when executed after: [], Test: RegressionTest0.test061, Intended behavior: FAILURE, when executed after: [RegressionTest0.test056], The revealed different behavior: PASS, when executed after: [], Test: RegressionTest0.test056, Intended behavior: FAILURE, when executed after: [RegressionTest0.test055], The revealed different behavior: PASS, when executed after: [], Test: RegressionTest0.test055, Intended behavior: FAILURE, when executed after: [RegressionTest0.test054], The revealed different behavior: PASS, when executed after: [], Test: RegressionTest0.test054, Intended behavior: FAILURE, when executed after: [RegressionTest0.test052], The revealed different behavior: PASS, when executed after: [], Test: RegressionTest0.test052, Intended behavior: FAILURE, when executed after: [RegressionTest0.test051], The revealed different behavior: PASS, when executed after: [], Test: RegressionTest0.test051, Intended behavior: FAILURE, when executed after: [RegressionTest0.test046], The revealed different behavior: PASS, when executed after: [], Test: RegressionTest0.test046, Intended behavior: FAILURE, when executed after: [RegressionTest0.test042], The revealed different behavior: PASS, when executed after: [], Test: RegressionTest0.test042, Intended behavior: FAILURE, when executed after: [RegressionTest0.test034], The revealed different behavior: PASS, when executed after: [], Test: RegressionTest0.test034, Intended behavior: FAILURE, when executed after: [RegressionTest0.test029], The revealed different behavior: PASS, when executed after: [], Test: RegressionTest0.test029, Intended behavior: FAILURE, when executed after: [RegressionTest0.test026], The revealed different behavior: PASS, when executed after: [], Test: RegressionTest0.test026, Intended behavior: FAILURE, when executed after: [RegressionTest0.test005], The revealed different behavior: PASS, when executed after: [], Test: RegressionTest0.test005, Intended behavior: FAILURE, when executed after: [RegressionTest2.test179], The revealed different behavior: PASS, when executed after: [], Test: RegressionTest2.test179, Intended behavior: FAILURE, when executed after: [RegressionTest2.test172], The revealed different behavior: PASS, when executed after: [], Test: RegressionTest2.test172, Intended behavior: FAILURE, when executed after: [RegressionTest2.test167], The revealed different behavior: PASS, when executed after: [], Test: RegressionTest2.test167, Intended behavior: FAILURE, when executed after: [RegressionTest2.test157], The revealed different behavior: PASS, when executed after: [], Test: RegressionTest2.test157, Intended behavior: FAILURE, when executed after: [RegressionTest2.test013], The revealed different behavior: PASS, when executed after: [], Test: RegressionTest2.test013, Intended behavior: FAILURE, when executed after: [RegressionTest2.test152], The revealed different behavior: PASS, when executed after: [], Test: RegressionTest2.test152, Intended behavior: FAILURE, when executed after: [RegressionTest2.test145], The revealed different behavior: PASS, when executed after: [], Test: RegressionTest2.test145, Intended behavior: FAILURE, when executed after: [RegressionTest2.test130], The revealed different behavior: PASS, when executed after: [], Test: RegressionTest2.test130, Intended behavior: FAILURE, when executed after: [RegressionTest2.test121], The revealed different behavior: PASS, when executed after: [], Test: RegressionTest2.test121, Intended behavior: FAILURE, when executed after: [RegressionTest2.test115], The revealed different behavior: PASS, when executed after: [], Test: RegressionTest2.test115, Intended behavior: FAILURE, when executed after: [RegressionTest2.test113], The revealed different behavior: PASS, when executed after: [], Test: RegressionTest2.test113, Intended behavior: FAILURE, when executed after: [RegressionTest2.test108], The revealed different behavior: PASS, when executed after: [], Test: RegressionTest2.test108, Intended behavior: FAILURE, when executed after: [RegressionTest2.test106], The revealed different behavior: PASS, when executed after: [], Test: RegressionTest2.test106, Intended behavior: FAILURE, when executed after: [RegressionTest2.test098], The revealed different behavior: PASS, when executed after: [], Test: RegressionTest2.test098, Intended behavior: FAILURE, when executed after: [RegressionTest2.test090], The revealed different behavior: PASS, when executed after: [], Test: RegressionTest2.test087, Intended behavior: FAILURE, when executed after: [RegressionTest2.test067], The revealed different behavior: PASS, when executed after: [], Test: RegressionTest2.test067, Intended behavior: FAILURE, when executed after: [RegressionTest2.test059], The revealed different behavior: PASS, when executed after: [], Test: RegressionTest2.test059, Intended behavior: FAILURE, when executed after: [RegressionTest2.test058], The revealed different behavior: PASS, when executed after: [], Test: RegressionTest2.test058, Intended behavior: FAILURE, when executed after: [RegressionTest2.test043], The revealed different behavior: PASS, when executed after: [], Test: RegressionTest2.test043, Intended behavior: FAILURE, when executed after: [RegressionTest2.test042], The revealed different behavior: PASS, when executed after: [], Test: RegressionTest2.test042, Intended behavior: FAILURE, when executed after: [RegressionTest2.test041], The revealed different behavior: PASS, when executed after: [], Test: RegressionTest2.test041, Intended behavior: FAILURE, when executed after: [RegressionTest2.test039], The revealed different behavior: PASS, when executed after: [], Test: RegressionTest2.test039, Intended behavior: FAILURE, when executed after: [RegressionTest2.test036], The revealed different behavior: PASS, when executed after: [], Test: RegressionTest2.test036, Intended behavior: FAILURE, when executed after: [RegressionTest2.test035], The revealed different behavior: PASS, when executed after: [], Test: RegressionTest2.test035, Intended behavior: FAILURE, when executed after: [RegressionTest2.test031], The revealed different behavior: PASS, when executed after: [], Test: RegressionTest2.test031, Intended behavior: FAILURE, when executed after: [RegressionTest2.test029], The revealed different behavior: PASS, when executed after: [], Test: RegressionTest2.test029, Intended behavior: FAILURE, when executed after: [RegressionTest2.test007], The revealed different behavior: PASS, when executed after: [], Test: RegressionTest1.test193, Intended behavior: FAILURE, when executed after: [RegressionTest1.test009], The revealed different behavior: PASS, when executed after: [], Test: RegressionTest0.test255, Intended behavior: FAILURE, when executed after: [RegressionTest0.test091], The revealed different behavior: PASS, when executed after: []]
--------------------------
Execution time of TLG and its time to find/nullify any DTs for 1 machine (does not include the time to run the tests in the new order): 3.018
Number of tests selected out of total in original order: 154 / 1213
Number of DTs not fixed: 0
Number of DTs fixed: 0
Execution time for executing the following testing order: 1.854

Test order list:
[RegressionTest2.test001, RegressionTest2.test018, RegressionTest2.test020, RegressionTest2.test040, RegressionTest2.test045, RegressionTest2.test049, RegressionTest2.test054, RegressionTest2.test065, RegressionTest2.test066, RegressionTest2.test072, RegressionTest2.test084, RegressionTest2.test085, RegressionTest2.test095, RegressionTest2.test120, RegressionTest2.test134, RegressionTest2.test136, RegressionTest2.test139, RegressionTest2.test142, RegressionTest2.test148, RegressionTest2.test014, RegressionTest2.test156, RegressionTest2.test173, RegressionTest2.test176, RegressionTest0.test003, RegressionTest0.test011, RegressionTest0.test031, RegressionTest0.test032, RegressionTest0.test033, RegressionTest0.test039, RegressionTest0.test043, RegressionTest0.test044, RegressionTest0.test060, RegressionTest0.test063, RegressionTest0.test064, RegressionTest0.test069, RegressionTest0.test071, RegressionTest0.test074, RegressionTest0.test077, RegressionTest0.test079, RegressionTest0.test080, RegressionTest0.test088, RegressionTest0.test097, RegressionTest0.test101, RegressionTest0.test105, RegressionTest0.test114, RegressionTest0.test115, RegressionTest0.test118, RegressionTest0.test127, RegressionTest0.test132, RegressionTest0.test143, RegressionTest0.test152, RegressionTest0.test012, RegressionTest0.test014, RegressionTest0.test015, RegressionTest0.test229, RegressionTest0.test232, RegressionTest0.test234, RegressionTest0.test235, RegressionTest0.test238, RegressionTest0.test253, RegressionTest0.test256, RegressionTest0.test259, RegressionTest0.test285, RegressionTest0.test303, RegressionTest0.test307, RegressionTest0.test312, RegressionTest0.test313, RegressionTest0.test314, RegressionTest0.test332, RegressionTest0.test338, RegressionTest0.test343, RegressionTest0.test197, RegressionTest0.test202, RegressionTest0.test206, RegressionTest0.test207, RegressionTest0.test208, RegressionTest0.test190, RegressionTest0.test162, RegressionTest0.test173, RegressionTest0.test178, RegressionTest0.test355, RegressionTest0.test360, RegressionTest0.test365, RegressionTest0.test368, RegressionTest0.test372, RegressionTest0.test397, RegressionTest0.test411, RegressionTest0.test412, RegressionTest0.test417, RegressionTest0.test437, RegressionTest0.test461, RegressionTest0.test466, RegressionTest0.test472, RegressionTest0.test474, RegressionTest0.test476, RegressionTest0.test480, RegressionTest0.test487, RegressionTest0.test488, RegressionTest0.test489, RegressionTest0.test495, RegressionTest0.test497, ErrorTest0.test13, ErrorTest0.test15, ErrorTest0.test18, ErrorTest0.test22, ErrorTest0.test28, ErrorTest0.test31, RegressionTest1.test005, RegressionTest1.test007, RegressionTest1.test010, RegressionTest1.test011, RegressionTest1.test016, RegressionTest1.test055, RegressionTest1.test060, RegressionTest1.test063, RegressionTest1.test071, RegressionTest1.test079, RegressionTest1.test086, RegressionTest1.test096, RegressionTest1.test100, RegressionTest1.test113, RegressionTest1.test120, RegressionTest1.test133, RegressionTest1.test230, RegressionTest1.test232, RegressionTest1.test249, RegressionTest1.test258, RegressionTest1.test260, RegressionTest1.test267, RegressionTest1.test273, RegressionTest1.test275, RegressionTest1.test282, RegressionTest1.test283, RegressionTest1.test286, RegressionTest1.test295, RegressionTest1.test296, RegressionTest1.test317, RegressionTest1.test322, RegressionTest1.test334, RegressionTest1.test201, RegressionTest1.test209, RegressionTest1.test210, RegressionTest1.test194, RegressionTest1.test176, RegressionTest1.test177, RegressionTest1.test356, RegressionTest1.test368, RegressionTest1.test384, RegressionTest1.test419, RegressionTest1.test433, RegressionTest1.test441, RegressionTest1.test449, RegressionTest1.test477, RegressionTest1.test488]

Time each test takes to run in the new order:
[107218778, 73290575, 27745634, 40228205, 24479571, 16967261, 18149154, 15150106, 28123798, 18447728, 264119957, 10828659, 11170046, 19547719, 23192911, 27587126, 10288091, 11222511, 39138425, 8818838, 8630540, 10453135, 8623339, 28129854, 65479790, 55835143, 41480441, 40771202, 26959899, 26629517, 20004332, 23709215, 22570704, 31992639, 19507304, 7449246, 44728559, 14468777, 22497953, 9761551, 28445140, 19811867, 23787929, 16929246, 3095969, 2900208, 2871257, 2793293, 9906099, 2860512, 7871916, 2711153, 2715606, 3509223, 2927774, 3668568, 2835378, 2608833, 2535717, 3271405, 2629994, 2420957, 3410811, 3578836, 2407550, 2418337, 2793525, 4085617, 3539931, 3183401, 2576946, 2625717, 4141874, 4549647, 3165675, 6179926, 3418368, 3331127, 11091895, 3034438, 2879076, 2853862, 4854168, 4239143, 2799054, 2697629, 3337358, 3173909, 2739465, 2814675, 2610631, 2538881, 2758834, 5411883, 6158801, 2696858, 2629134, 3114277, 2738019, 2716406, 2597466, 894641, 480327, 8724750, 1585235, 8844831, 685007, 21986634, 7947670, 4038236, 16692577, 4062752, 6013625, 3263277, 3026542, 7791919, 10929263, 3192096, 4518483, 2790711, 2967033, 6217697, 3343240, 2841202, 2807130, 9250120, 3458563, 2967886, 4957219, 2618159, 2627502, 3025561, 2584134, 3437949, 2436933, 2721857, 2439175, 2734866, 2670681, 3761793, 2725754, 2512624, 2510898, 2933921, 2572086, 8083136, 2567145, 2542516, 4035733, 6720095, 4389653, 3048590, 2941215, 3008992]

Dependent test list:
[Test: RegressionTest0.test198, Intended behavior: FAILURE, when executed after: [RegressionTest0.test297], The revealed different behavior: PASS, when executed after: [], Test: RegressionTest0.test496, Intended behavior: FAILURE, when executed after: [RegressionTest0.test448], The revealed different behavior: PASS, when executed after: [], Test: RegressionTest0.test378, Intended behavior: FAILURE, when executed after: [RegressionTest0.test357], The revealed different behavior: PASS, when executed after: [], Test: RegressionTest0.test342, Intended behavior: FAILURE, when executed after: [RegressionTest0.test335], The revealed different behavior: PASS, when executed after: [], Test: RegressionTest0.test091, Intended behavior: FAILURE, when executed after: [RegressionTest0.test036], The revealed different behavior: PASS, when executed after: [], Test: RegressionTest1.test009, Intended behavior: FAILURE, when executed after: [RegressionTest0.test429], The revealed different behavior: PASS, when executed after: [], Test: ErrorTest0.test05, Intended behavior: FAILURE, when executed after: [RegressionTest0.test463], The revealed different behavior: PASS, when executed after: [], Test: RegressionTest0.test429, Intended behavior: FAILURE, when executed after: [RegressionTest0.test424], The revealed different behavior: PASS, when executed after: [], Test: RegressionTest0.test297, Intended behavior: FAILURE, when executed after: [RegressionTest0.test255], The revealed different behavior: PASS, when executed after: [], Test: ErrorTest0.test34, Intended behavior: FAILURE, when executed after: [ErrorTest0.test05], The revealed different behavior: PASS, when executed after: [], Test: RegressionTest0.test463, Intended behavior: FAILURE, when executed after: [RegressionTest0.test430], The revealed different behavior: PASS, when executed after: [], Test: RegressionTest0.test448, Intended behavior: FAILURE, when executed after: [RegressionTest0.test378], The revealed different behavior: PASS, when executed after: [], Test: RegressionTest2.test090, Intended behavior: FAILURE, when executed after: [RegressionTest2.test087], The revealed different behavior: PASS, when executed after: [], Test: RegressionTest1.test043, Intended behavior: FAILURE, when executed after: [RegressionTest1.test008], The revealed different behavior: PASS, when executed after: [], Test: RegressionTest0.test428, Intended behavior: FAILURE, when executed after: [RegressionTest0.test410], The revealed different behavior: PASS, when executed after: [], Test: RegressionTest0.test410, Intended behavior: FAILURE, when executed after: [RegressionTest2.test027], The revealed different behavior: PASS, when executed after: [], Test: RegressionTest1.test008, Intended behavior: FAILURE, when executed after: [RegressionTest0.test428], The revealed different behavior: PASS, when executed after: [], Test: RegressionTest0.test390, Intended behavior: FAILURE, when executed after: [RegressionTest0.test003], The revealed different behavior: PASS, when executed after: [], Test: RegressionTest0.test036, Intended behavior: FAILURE, when executed after: [RegressionTest0.test011], The revealed different behavior: PASS, when executed after: [], Test: RegressionTest1.test069, Intended behavior: FAILURE, when executed after: [ErrorTest0.test34], The revealed different behavior: PASS, when executed after: [], Test: RegressionTest0.test430, Intended behavior: FAILURE, when executed after: [RegressionTest0.test390], The revealed different behavior: PASS, when executed after: [], Test: RegressionTest0.test001, Intended behavior: FAILURE, when executed after: [RegressionTest2.test034], The revealed different behavior: PASS, when executed after: [], Test: RegressionTest0.test357, Intended behavior: FAILURE, when executed after: [RegressionTest0.test356], The revealed different behavior: PASS, when executed after: [], Test: RegressionTest0.test356, Intended behavior: FAILURE, when executed after: [RegressionTest0.test349], The revealed different behavior: PASS, when executed after: [], Test: RegressionTest0.test349, Intended behavior: FAILURE, when executed after: [RegressionTest0.test177], The revealed different behavior: PASS, when executed after: [], Test: RegressionTest0.test177, Intended behavior: FAILURE, when executed after: [RegressionTest0.test175], The revealed different behavior: PASS, when executed after: [], Test: RegressionTest0.test175, Intended behavior: FAILURE, when executed after: [RegressionTest0.test169], The revealed different behavior: PASS, when executed after: [], Test: RegressionTest0.test169, Intended behavior: FAILURE, when executed after: [RegressionTest0.test161], The revealed different behavior: PASS, when executed after: [], Test: RegressionTest0.test161, Intended behavior: FAILURE, when executed after: [RegressionTest0.test160], The revealed different behavior: PASS, when executed after: [], Test: RegressionTest0.test160, Intended behavior: FAILURE, when executed after: [RegressionTest0.test195], The revealed different behavior: PASS, when executed after: [], Test: RegressionTest0.test195, Intended behavior: FAILURE, when executed after: [RegressionTest0.test342], The revealed different behavior: PASS, when executed after: [], Test: RegressionTest0.test335, Intended behavior: FAILURE, when executed after: [RegressionTest0.test325], The revealed different behavior: PASS, when executed after: [], Test: RegressionTest0.test325, Intended behavior: FAILURE, when executed after: [RegressionTest0.test316], The revealed different behavior: PASS, when executed after: [], Test: RegressionTest0.test316, Intended behavior: FAILURE, when executed after: [RegressionTest0.test304], The revealed different behavior: PASS, when executed after: [], Test: RegressionTest0.test304, Intended behavior: FAILURE, when executed after: [RegressionTest0.test299], The revealed different behavior: PASS, when executed after: [], Test: RegressionTest0.test299, Intended behavior: FAILURE, when executed after: [RegressionTest0.test295], The revealed different behavior: PASS, when executed after: [], Test: RegressionTest0.test295, Intended behavior: FAILURE, when executed after: [RegressionTest0.test294], The revealed different behavior: PASS, when executed after: [], Test: RegressionTest0.test294, Intended behavior: FAILURE, when executed after: [RegressionTest0.test291], The revealed different behavior: PASS, when executed after: [], Test: RegressionTest0.test291, Intended behavior: FAILURE, when executed after: [RegressionTest0.test265], The revealed different behavior: PASS, when executed after: [], Test: RegressionTest0.test265, Intended behavior: FAILURE, when executed after: [RegressionTest0.test251], The revealed different behavior: PASS, when executed after: [], Test: RegressionTest0.test251, Intended behavior: FAILURE, when executed after: [RegressionTest0.test250], The revealed different behavior: PASS, when executed after: [], Test: RegressionTest0.test250, Intended behavior: FAILURE, when executed after: [RegressionTest0.test249], The revealed different behavior: PASS, when executed after: [], Test: RegressionTest0.test249, Intended behavior: FAILURE, when executed after: [RegressionTest0.test248], The revealed different behavior: PASS, when executed after: [], Test: RegressionTest0.test248, Intended behavior: FAILURE, when executed after: [RegressionTest0.test244], The revealed different behavior: PASS, when executed after: [], Test: RegressionTest0.test244, Intended behavior: FAILURE, when executed after: [RegressionTest0.test239], The revealed different behavior: PASS, when executed after: [], Test: RegressionTest0.test239, Intended behavior: FAILURE, when executed after: [RegressionTest0.test236], The revealed different behavior: PASS, when executed after: [], Test: RegressionTest0.test236, Intended behavior: FAILURE, when executed after: [RegressionTest0.test222], The revealed different behavior: PASS, when executed after: [], Test: RegressionTest0.test222, Intended behavior: FAILURE, when executed after: [RegressionTest0.test148], The revealed different behavior: PASS, when executed after: [], Test: RegressionTest0.test148, Intended behavior: FAILURE, when executed after: [RegressionTest0.test147], The revealed different behavior: PASS, when executed after: [], Test: RegressionTest0.test147, Intended behavior: FAILURE, when executed after: [RegressionTest0.test141], The revealed different behavior: PASS, when executed after: [], Test: RegressionTest0.test141, Intended behavior: FAILURE, when executed after: [RegressionTest0.test140], The revealed different behavior: PASS, when executed after: [], Test: RegressionTest0.test140, Intended behavior: FAILURE, when executed after: [RegressionTest0.test134], The revealed different behavior: PASS, when executed after: [], Test: RegressionTest0.test134, Intended behavior: FAILURE, when executed after: [RegressionTest0.test131], The revealed different behavior: PASS, when executed after: [], Test: RegressionTest0.test131, Intended behavior: FAILURE, when executed after: [RegressionTest0.test126], The revealed different behavior: PASS, when executed after: [], Test: RegressionTest0.test126, Intended behavior: FAILURE, when executed after: [RegressionTest0.test124], The revealed different behavior: PASS, when executed after: [], Test: RegressionTest0.test124, Intended behavior: FAILURE, when executed after: [RegressionTest0.test070], The revealed different behavior: PASS, when executed after: [], Test: RegressionTest0.test070, Intended behavior: FAILURE, when executed after: [RegressionTest0.test062], The revealed different behavior: PASS, when executed after: [], Test: RegressionTest0.test062, Intended behavior: FAILURE, when executed after: [RegressionTest0.test061], The revealed different behavior: PASS, when executed after: [], Test: RegressionTest0.test061, Intended behavior: FAILURE, when executed after: [RegressionTest0.test056], The revealed different behavior: PASS, when executed after: [], Test: RegressionTest0.test056, Intended behavior: FAILURE, when executed after: [RegressionTest0.test055], The revealed different behavior: PASS, when executed after: [], Test: RegressionTest0.test055, Intended behavior: FAILURE, when executed after: [RegressionTest0.test054], The revealed different behavior: PASS, when executed after: [], Test: RegressionTest0.test054, Intended behavior: FAILURE, when executed after: [RegressionTest0.test052], The revealed different behavior: PASS, when executed after: [], Test: RegressionTest0.test052, Intended behavior: FAILURE, when executed after: [RegressionTest0.test051], The revealed different behavior: PASS, when executed after: [], Test: RegressionTest0.test051, Intended behavior: FAILURE, when executed after: [RegressionTest0.test046], The revealed different behavior: PASS, when executed after: [], Test: RegressionTest0.test046, Intended behavior: FAILURE, when executed after: [RegressionTest0.test042], The revealed different behavior: PASS, when executed after: [], Test: RegressionTest0.test042, Intended behavior: FAILURE, when executed after: [RegressionTest0.test034], The revealed different behavior: PASS, when executed after: [], Test: RegressionTest0.test034, Intended behavior: FAILURE, when executed after: [RegressionTest0.test029], The revealed different behavior: PASS, when executed after: [], Test: RegressionTest0.test029, Intended behavior: FAILURE, when executed after: [RegressionTest0.test026], The revealed different behavior: PASS, when executed after: [], Test: RegressionTest0.test026, Intended behavior: FAILURE, when executed after: [RegressionTest0.test005], The revealed different behavior: PASS, when executed after: [], Test: RegressionTest0.test005, Intended behavior: FAILURE, when executed after: [RegressionTest2.test179], The revealed different behavior: PASS, when executed after: [], Test: RegressionTest2.test179, Intended behavior: FAILURE, when executed after: [RegressionTest2.test172], The revealed different behavior: PASS, when executed after: [], Test: RegressionTest2.test172, Intended behavior: FAILURE, when executed after: [RegressionTest2.test167], The revealed different behavior: PASS, when executed after: [], Test: RegressionTest2.test167, Intended behavior: FAILURE, when executed after: [RegressionTest2.test157], The revealed different behavior: PASS, when executed after: [], Test: RegressionTest2.test157, Intended behavior: FAILURE, when executed after: [RegressionTest2.test013], The revealed different behavior: PASS, when executed after: [], Test: RegressionTest2.test013, Intended behavior: FAILURE, when executed after: [RegressionTest2.test152], The revealed different behavior: PASS, when executed after: [], Test: RegressionTest2.test152, Intended behavior: FAILURE, when executed after: [RegressionTest2.test145], The revealed different behavior: PASS, when executed after: [], Test: RegressionTest2.test145, Intended behavior: FAILURE, when executed after: [RegressionTest2.test130], The revealed different behavior: PASS, when executed after: [], Test: RegressionTest2.test130, Intended behavior: FAILURE, when executed after: [RegressionTest2.test121], The revealed different behavior: PASS, when executed after: [], Test: RegressionTest2.test121, Intended behavior: FAILURE, when executed after: [RegressionTest2.test115], The revealed different behavior: PASS, when executed after: [], Test: RegressionTest2.test115, Intended behavior: FAILURE, when executed after: [RegressionTest2.test113], The revealed different behavior: PASS, when executed after: [], Test: RegressionTest2.test113, Intended behavior: FAILURE, when executed after: [RegressionTest2.test108], The revealed different behavior: PASS, when executed after: [], Test: RegressionTest2.test108, Intended behavior: FAILURE, when executed after: [RegressionTest2.test106], The revealed different behavior: PASS, when executed after: [], Test: RegressionTest2.test106, Intended behavior: FAILURE, when executed after: [RegressionTest2.test098], The revealed different behavior: PASS, when executed after: [], Test: RegressionTest2.test098, Intended behavior: FAILURE, when executed after: [RegressionTest2.test090], The revealed different behavior: PASS, when executed after: [], Test: RegressionTest2.test087, Intended behavior: FAILURE, when executed after: [RegressionTest2.test067], The revealed different behavior: PASS, when executed after: [], Test: RegressionTest2.test067, Intended behavior: FAILURE, when executed after: [RegressionTest2.test059], The revealed different behavior: PASS, when executed after: [], Test: RegressionTest2.test059, Intended behavior: FAILURE, when executed after: [RegressionTest2.test058], The revealed different behavior: PASS, when executed after: [], Test: RegressionTest2.test058, Intended behavior: FAILURE, when executed after: [RegressionTest2.test043], The revealed different behavior: PASS, when executed after: [], Test: RegressionTest2.test043, Intended behavior: FAILURE, when executed after: [RegressionTest2.test042], The revealed different behavior: PASS, when executed after: [], Test: RegressionTest2.test042, Intended behavior: FAILURE, when executed after: [RegressionTest2.test041], The revealed different behavior: PASS, when executed after: [], Test: RegressionTest2.test041, Intended behavior: FAILURE, when executed after: [RegressionTest2.test039], The revealed different behavior: PASS, when executed after: [], Test: RegressionTest2.test039, Intended behavior: FAILURE, when executed after: [RegressionTest2.test036], The revealed different behavior: PASS, when executed after: [], Test: RegressionTest2.test036, Intended behavior: FAILURE, when executed after: [RegressionTest2.test035], The revealed different behavior: PASS, when executed after: [], Test: RegressionTest2.test035, Intended behavior: FAILURE, when executed after: [RegressionTest2.test031], The revealed different behavior: PASS, when executed after: [], Test: RegressionTest2.test031, Intended behavior: FAILURE, when executed after: [RegressionTest2.test029], The revealed different behavior: PASS, when executed after: [], Test: RegressionTest2.test029, Intended behavior: FAILURE, when executed after: [RegressionTest2.test007], The revealed different behavior: PASS, when executed after: [], Test: RegressionTest1.test193, Intended behavior: FAILURE, when executed after: [RegressionTest1.test009], The revealed different behavior: PASS, when executed after: [], Test: RegressionTest0.test255, Intended behavior: FAILURE, when executed after: [RegressionTest0.test091], The revealed different behavior: PASS, when executed after: []]
--------------------------
Total time (of all machines and iterations plus initial TestListGenerator): 15.160
New order time: 1.984
Total number of tests executed in all machines out of total in original order: 1252 / 1213