Test: crystal.model.DataSourceTest.testIsHidden
Intended behavior: FAILURE
when executed after: [crystal.model.DataSourceTest.testSetEnabled]
The revealed different behavior: PASS
when executed after: []

Test: crystal.model.DataSourceTest.testSetEnabled
Intended behavior: FAILURE
when executed after: [crystal.model.DataSourceTest.testSetCompileCommand]
The revealed different behavior: PASS
when executed after: []

Test: crystal.model.DataSourceTest.testSetCompileCommand
Intended behavior: FAILURE
when executed after: [crystal.model.DataSourceTest.testSetField]
The revealed different behavior: PASS
when executed after: []

Test: crystal.model.LocalStateResultTest.testGetAction
Intended behavior: FAILURE
when executed after: [crystal.model.LocalStateResultTest.testLocalStateResult]
The revealed different behavior: PASS
when executed after: []

Test: crystal.model.LocalStateResultTest.testToString
Intended behavior: FAILURE
when executed after: [crystal.model.LocalStateResultTest.testGetAction]
The revealed different behavior: PASS
when executed after: []

