.E
Time: 0.04
There was 1 error:
1) testNullInputConstructor(crystal.client.ClientPreferencesTest)java.lang.IllegalArgumentException: Invalid string input
	at crystal.util.ValidInputChecker.checkValidStringInput(ValidInputChecker.java:135)
	at crystal.client.ClientPreferences.<init>(ClientPreferences.java:175)
	at crystal.client.ClientPreferencesTest.testNullInputConstructor(ClientPreferencesTest.java:35)
	at sun.reflect.NativeMethodAccessorImpl.invoke0(Native Method)
	at sun.reflect.NativeMethodAccessorImpl.invoke(NativeMethodAccessorImpl.java:57)
	at sun.reflect.DelegatingMethodAccessorImpl.invoke(DelegatingMethodAccessorImpl.java:43)
	at edu.washington.cs.dt.util.TestRunnerWrapper.main(TestRunnerWrapper.java:56)

FAILURES!!!
Tests run: 1,  Failures: 0,  Errors: 1

.
Time: 0.002

OK (1 test)

.
Time: 0.003

OK (1 test)

.E
Time: 0
There was 1 error:
1) testDuplicateAddProjectPreferences(crystal.client.ClientPreferencesTest)crystal.client.ClientPreferences$DuplicateProjectNameException: Duplicate project name: shortName
	at crystal.client.ClientPreferences.addProjectPreferences(ClientPreferences.java:217)
	at crystal.client.ClientPreferencesTest.testDuplicateAddProjectPreferences(ClientPreferencesTest.java:83)
	at sun.reflect.NativeMethodAccessorImpl.invoke0(Native Method)
	at sun.reflect.NativeMethodAccessorImpl.invoke(NativeMethodAccessorImpl.java:57)
	at sun.reflect.DelegatingMethodAccessorImpl.invoke(DelegatingMethodAccessorImpl.java:43)
	at edu.washington.cs.dt.util.TestRunnerWrapper.main(TestRunnerWrapper.java:56)

FAILURES!!!
Tests run: 1,  Failures: 0,  Errors: 1

.
Time: 0

OK (1 test)

.
Time: 0

OK (1 test)

.
Time: 0

OK (1 test)

.
Time: 0

OK (1 test)

.
Time: 0.009

OK (1 test)

.
Time: 0.012

OK (1 test)

.
Time: 0

OK (1 test)

.ERROR 2014-03-04 00:20:54,975 (ConflictDaemon.java:221) - Runtime Exception caught while getting state for: shortName_2_HG_cloneString_2
null
java.lang.NullPointerException
	at crystal.client.ConflictClient.refresh(ConflictClient.java:486)
	at crystal.client.ConflictClient.update(ConflictClient.java:561)
	at crystal.client.ConflictDaemon.calculateLocalState(ConflictDaemon.java:214)
	at crystal.client.ConflictDaemonTest.testLocalState(ConflictDaemonTest.java:57)
	at sun.reflect.NativeMethodAccessorImpl.invoke0(Native Method)
	at sun.reflect.NativeMethodAccessorImpl.invoke(NativeMethodAccessorImpl.java:57)
	at sun.reflect.DelegatingMethodAccessorImpl.invoke(DelegatingMethodAccessorImpl.java:43)
	at java.lang.reflect.Method.invoke(Method.java:606)
	at junit.framework.TestCase.runTest(TestCase.java:168)
	at junit.framework.TestCase.runBare(TestCase.java:134)
	at junit.framework.TestResult$1.protect(TestResult.java:110)
	at junit.framework.TestResult.runProtected(TestResult.java:128)
	at junit.framework.TestResult.run(TestResult.java:113)
	at junit.framework.TestCase.run(TestCase.java:124)
	at junit.textui.TestRunner.doRun(TestRunner.java:116)
	at junit.textui.TestRunner.runSingleMethod(TestRunner.java:189)
	at junit.textui.TestRunner.start(TestRunner.java:178)
	at edu.washington.cs.dt.util.TestRunnerWrapper.main(TestRunnerWrapper.java:56)

Time: 0.363

OK (1 test)

.F
Time: 0.05
There was 1 failure:
1) testRelationship(crystal.client.ConflictDaemonTest)junit.framework.AssertionFailedError: non listeners expected:<0> but was:<2>
	at crystal.client.ConflictDaemonTest.testRelationship(ConflictDaemonTest.java:101)
	at sun.reflect.NativeMethodAccessorImpl.invoke0(Native Method)
	at sun.reflect.NativeMethodAccessorImpl.invoke(NativeMethodAccessorImpl.java:57)
	at sun.reflect.DelegatingMethodAccessorImpl.invoke(DelegatingMethodAccessorImpl.java:43)
	at edu.washington.cs.dt.util.TestRunnerWrapper.main(TestRunnerWrapper.java:56)

FAILURES!!!
Tests run: 1,  Failures: 1,  Errors: 0

.
Time: 0.002

OK (1 test)

.
Time: 0.002

OK (1 test)

.E
Time: 0.001
There was 1 error:
1) testDuplicateAddDataSource(crystal.client.ProjectPreferencesTest)java.lang.RuntimeException: Error adding new source; short name: shortName already exists for project: shortName
	at crystal.client.ProjectPreferences.addDataSource(ProjectPreferences.java:81)
	at crystal.client.ProjectPreferencesTest.testDuplicateAddDataSource(ProjectPreferencesTest.java:50)
	at sun.reflect.NativeMethodAccessorImpl.invoke0(Native Method)
	at sun.reflect.NativeMethodAccessorImpl.invoke(NativeMethodAccessorImpl.java:57)
	at sun.reflect.DelegatingMethodAccessorImpl.invoke(DelegatingMethodAccessorImpl.java:43)
	at edu.washington.cs.dt.util.TestRunnerWrapper.main(TestRunnerWrapper.java:56)

FAILURES!!!
Tests run: 1,  Failures: 0,  Errors: 1

.
Time: 0

OK (1 test)

.
Time: 0

OK (1 test)

.
Time: 0.003

OK (1 test)

.F
Time: 0
There was 1 failure:
1) testGetProjectCheckoutLocation(crystal.client.ProjectPreferencesTest)junit.framework.AssertionFailedError: null
	at crystal.client.ProjectPreferencesTest.testGetProjectCheckoutLocation(ProjectPreferencesTest.java:167)
	at sun.reflect.NativeMethodAccessorImpl.invoke0(Native Method)
	at sun.reflect.NativeMethodAccessorImpl.invoke(NativeMethodAccessorImpl.java:57)
	at sun.reflect.DelegatingMethodAccessorImpl.invoke(DelegatingMethodAccessorImpl.java:43)
	at edu.washington.cs.dt.util.TestRunnerWrapper.main(TestRunnerWrapper.java:56)

FAILURES!!!
Tests run: 1,  Failures: 1,  Errors: 0

.
Time: 0.005

OK (1 test)

.
Time: 0.001

OK (1 test)

.
Time: 1.102

OK (1 test)

.
Time: 0

OK (1 test)

.
Time: 0

OK (1 test)

.
Time: 0

OK (1 test)

.
Time: 0

OK (1 test)

.
Time: 0

OK (1 test)

.
Time: 0

OK (1 test)

.
Time: 0

OK (1 test)

.
Time: 0

OK (1 test)

.
Time: 0

OK (1 test)

.
Time: 0

OK (1 test)

.
Time: 0

OK (1 test)

.
Time: 0

OK (1 test)

.
Time: 0.002

OK (1 test)

.
Time: 0

OK (1 test)

.
Time: 0

OK (1 test)

.
Time: 0

OK (1 test)

.
Time: 0

OK (1 test)

.

Time: 0

OK (1 test)

.
Time: 0

OK (1 test)

.E
Time: 0.01
There was 1 error:
1) testStrangeNameConstructor(crystal.model.RelationshipTest)java.lang.RuntimeException: Trying to create an invalid Relationship
	at crystal.model.Relationship.<init>(Relationship.java:111)
	at crystal.model.RelationshipTest.testStrangeNameConstructor(RelationshipTest.java:29)
	at sun.reflect.NativeMethodAccessorImpl.invoke0(Native Method)
	at sun.reflect.NativeMethodAccessorImpl.invoke(NativeMethodAccessorImpl.java:57)
	at sun.reflect.DelegatingMethodAccessorImpl.invoke(DelegatingMethodAccessorImpl.java:43)
	at edu.washington.cs.dt.util.TestRunnerWrapper.main(TestRunnerWrapper.java:56)

FAILURES!!!
Tests run: 1,  Failures: 0,  Errors: 1

.
Time: 0.007

OK (1 test)

.
Time: 0.013

OK (1 test)

.
Time: 0.001

OK (1 test)

.
Time: 0.001

OK (1 test)

.
Time: 0.001

OK (1 test)

.E
Time: 0.792
There was 1 error:
1) testEqualsObject(crystal.model.RevisionHistoryTest)java.lang.NullPointerException
	at crystal.model.RevisionHistoryTest.testEqualsObject(RevisionHistoryTest.java:61)
	at sun.reflect.NativeMethodAccessorImpl.invoke0(Native Method)
	at sun.reflect.NativeMethodAccessorImpl.invoke(NativeMethodAccessorImpl.java:57)
	at sun.reflect.DelegatingMethodAccessorImpl.invoke(DelegatingMethodAccessorImpl.java:43)
	at edu.washington.cs.dt.util.TestRunnerWrapper.main(TestRunnerWrapper.java:56)

FAILURES!!!
Tests run: 1,  Failures: 0,  Errors: 1

.E
Time: 0.979
There was 1 error:
1) testSuperSubHistory(crystal.model.RevisionHistoryTest)java.lang.NullPointerException
	at crystal.model.RevisionHistoryTest.testSuperSubHistory(RevisionHistoryTest.java:91)
	at sun.reflect.NativeMethodAccessorImpl.invoke0(Native Method)
	at sun.reflect.NativeMethodAccessorImpl.invoke(NativeMethodAccessorImpl.java:57)
	at sun.reflect.DelegatingMethodAccessorImpl.invoke(DelegatingMethodAccessorImpl.java:43)
	at edu.washington.cs.dt.util.TestRunnerWrapper.main(TestRunnerWrapper.java:56)

FAILURES!!!
Tests run: 1,  Failures: 0,  Errors: 1

.E
Time: 0.272
There was 1 error:
1) testGetCommitters(crystal.model.RevisionHistoryTest)java.lang.NullPointerException
	at crystal.model.RevisionHistoryTest.testGetCommitters(RevisionHistoryTest.java:114)
	at sun.reflect.NativeMethodAccessorImpl.invoke0(Native Method)
	at sun.reflect.NativeMethodAccessorImpl.invoke(NativeMethodAccessorImpl.java:57)
	at sun.reflect.DelegatingMethodAccessorImpl.invoke(DelegatingMethodAccessorImpl.java:43)
	at edu.washington.cs.dt.util.TestRunnerWrapper.main(TestRunnerWrapper.java:56)

FAILURES!!!
Tests run: 1,  Failures: 0,  Errors: 1

.
Time: 0.014

OK (1 test)

.
Time: 0.012

OK (1 test)

.E
Time: 0
There was 1 error:
1) testParseNullLog(crystal.server.HgLogParserTest)java.lang.IllegalArgumentException: Null input
	at crystal.util.ValidInputChecker.checkNullInput(ValidInputChecker.java:125)
	at crystal.server.AbstractLogParser.abstractParseLog(AbstractLogParser.java:129)
	at crystal.server.HgLogParser.parseLog(HgLogParser.java:34)
	at crystal.server.HgLogParserTest.testParseNullLog(HgLogParserTest.java:29)
	at sun.reflect.NativeMethodAccessorImpl.invoke0(Native Method)
	at sun.reflect.NativeMethodAccessorImpl.invoke(NativeMethodAccessorImpl.java:57)
	at sun.reflect.DelegatingMethodAccessorImpl.invoke(DelegatingMethodAccessorImpl.java:43)
	at edu.washington.cs.dt.util.TestRunnerWrapper.main(TestRunnerWrapper.java:56)

FAILURES!!!
Tests run: 1,  Failures: 0,  Errors: 1

File not found
File not found
.E
Time: 0.026
There was 1 error:
1) testParseLog(crystal.server.HgLogParserTest)java.lang.NullPointerException
	at crystal.server.HgLogParserTest.testParseLog(HgLogParserTest.java:61)
	at sun.reflect.NativeMethodAccessorImpl.invoke0(Native Method)
	at sun.reflect.NativeMethodAccessorImpl.invoke(NativeMethodAccessorImpl.java:57)
	at sun.reflect.DelegatingMethodAccessorImpl.invoke(DelegatingMethodAccessorImpl.java:43)
	at edu.washington.cs.dt.util.TestRunnerWrapper.main(TestRunnerWrapper.java:56)

FAILURES!!!
Tests run: 1,  Failures: 0,  Errors: 1

.
Time: 0.001

OK (1 test)

.
Time: 0.015

OK (1 test)

1
2
3
.F
Time: 0.002
There was 1 failure:
1) warning(junit.framework.TestSuite$1)junit.framework.AssertionFailedError: Exception in constructor: testBasicMergeConflict (java.lang.ExceptionInInitializerError
	at crystal.server.TestGitStateChecker.generatePreferences(TestGitStateChecker.java:176)
	at crystal.server.TestGitStateChecker.<init>(TestGitStateChecker.java:46)
	at sun.reflect.NativeConstructorAccessorImpl.newInstance0(Native Method)
	at sun.reflect.NativeConstructorAccessorImpl.newInstance(NativeConstructorAccessorImpl.java:57)
	at sun.reflect.DelegatingConstructorAccessorImpl.newInstance(DelegatingConstructorAccessorImpl.java:45)
	at java.lang.reflect.Constructor.newInstance(Constructor.java:526)
	at edu.washington.cs.dt.util.TestRunnerWrapper.main(TestRunnerWrapper.java:56)
Caused by: java.lang.NullPointerException
	at crystal.server.TestConstants.<clinit>(TestConstants.java:44)
	... 10 more
)
	at edu.washington.cs.dt.util.TestRunnerWrapper.main(TestRunnerWrapper.java:56)

FAILURES!!!
Tests run: 1,  Failures: 1,  Errors: 0

.F
Time: 0.004
There was 1 failure:
1) warning(junit.framework.TestSuite$1)junit.framework.AssertionFailedError: Exception in constructor: testBasicCleanMerge (java.lang.NoClassDefFoundError: Could not initialize class crystal.server.TestConstants
	at crystal.server.TestGitStateChecker.generatePreferences(TestGitStateChecker.java:176)
	at crystal.server.TestGitStateChecker.<init>(TestGitStateChecker.java:46)
	at sun.reflect.NativeConstructorAccessorImpl.newInstance0(Native Method)
	at sun.reflect.NativeConstructorAccessorImpl.newInstance(NativeConstructorAccessorImpl.java:57)
	at sun.reflect.DelegatingConstructorAccessorImpl.newInstance(DelegatingConstructorAccessorImpl.java:45)
	at java.lang.reflect.Constructor.newInstance(Constructor.java:526)
	at edu.washington.cs.dt.util.TestRunnerWrapper.main(TestRunnerWrapper.java:56)
)
	at edu.washington.cs.dt.util.TestRunnerWrapper.main(TestRunnerWrapper.java:56)

FAILURES!!!
Tests run: 1,  Failures: 1,  Errors: 0

.F
Time: 0.009
There was 1 failure:
1) warning(junit.framework.TestSuite$1)junit.framework.AssertionFailedError: Exception in constructor: testBasicAhead (java.lang.NoClassDefFoundError: Could not initialize class crystal.server.TestConstants
	at crystal.server.TestGitStateChecker.generatePreferences(TestGitStateChecker.java:176)
	at crystal.server.TestGitStateChecker.<init>(TestGitStateChecker.java:46)
	at sun.reflect.NativeConstructorAccessorImpl.newInstance0(Native Method)
	at sun.reflect.NativeConstructorAccessorImpl.newInstance(NativeConstructorAccessorImpl.java:57)
	at sun.reflect.DelegatingConstructorAccessorImpl.newInstance(DelegatingConstructorAccessorImpl.java:45)
	at java.lang.reflect.Constructor.newInstance(Constructor.java:526)
	at edu.washington.cs.dt.util.TestRunnerWrapper.main(TestRunnerWrapper.java:56)
)
	at edu.washington.cs.dt.util.TestRunnerWrapper.main(TestRunnerWrapper.java:56)

FAILURES!!!
Tests run: 1,  Failures: 1,  Errors: 0

.F
Time: 0
There was 1 failure:
1) warning(junit.framework.TestSuite$1)junit.framework.AssertionFailedError: Exception in constructor: testBasicBehind (java.lang.NoClassDefFoundError: Could not initialize class crystal.server.TestConstants
	at crystal.server.TestGitStateChecker.generatePreferences(TestGitStateChecker.java:176)
	at crystal.server.TestGitStateChecker.<init>(TestGitStateChecker.java:46)
	at sun.reflect.NativeConstructorAccessorImpl.newInstance0(Native Method)
	at sun.reflect.NativeConstructorAccessorImpl.newInstance(NativeConstructorAccessorImpl.java:57)
	at sun.reflect.DelegatingConstructorAccessorImpl.newInstance(DelegatingConstructorAccessorImpl.java:45)
	at java.lang.reflect.Constructor.newInstance(Constructor.java:526)
	at edu.washington.cs.dt.util.TestRunnerWrapper.main(TestRunnerWrapper.java:56)
)
	at edu.washington.cs.dt.util.TestRunnerWrapper.main(TestRunnerWrapper.java:56)

FAILURES!!!
Tests run: 1,  Failures: 1,  Errors: 0

.F
Time: 0.006
There was 1 failure:
1) warning(junit.framework.TestSuite$1)junit.framework.AssertionFailedError: Exception in constructor: testBasicSame (java.lang.NoClassDefFoundError: Could not initialize class crystal.server.TestConstants
	at crystal.server.TestGitStateChecker.generatePreferences(TestGitStateChecker.java:176)
	at crystal.server.TestGitStateChecker.<init>(TestGitStateChecker.java:46)
	at sun.reflect.NativeConstructorAccessorImpl.newInstance0(Native Method)
	at sun.reflect.NativeConstructorAccessorImpl.newInstance(NativeConstructorAccessorImpl.java:57)
	at sun.reflect.DelegatingConstructorAccessorImpl.newInstance(DelegatingConstructorAccessorImpl.java:45)
	at java.lang.reflect.Constructor.newInstance(Constructor.java:526)
	at edu.washington.cs.dt.util.TestRunnerWrapper.main(TestRunnerWrapper.java:56)
)
	at edu.washington.cs.dt.util.TestRunnerWrapper.main(TestRunnerWrapper.java:56)

FAILURES!!!
Tests run: 1,  Failures: 1,  Errors: 0

.F
Time: 0
There was 1 failure:
1) warning(junit.framework.TestSuite$1)junit.framework.AssertionFailedError: Exception in constructor: testBasicMergeConflict (java.lang.NoClassDefFoundError: Could not initialize class crystal.server.TestConstants
	at crystal.server.TestHgStateChecker.generatePreferences(TestHgStateChecker.java:172)
	at crystal.server.TestHgStateChecker.<init>(TestHgStateChecker.java:41)
	at sun.reflect.NativeConstructorAccessorImpl.newInstance0(Native Method)
	at sun.reflect.NativeConstructorAccessorImpl.newInstance(NativeConstructorAccessorImpl.java:57)
	at sun.reflect.DelegatingConstructorAccessorImpl.newInstance(DelegatingConstructorAccessorImpl.java:45)
	at java.lang.reflect.Constructor.newInstance(Constructor.java:526)
	at edu.washington.cs.dt.util.TestRunnerWrapper.main(TestRunnerWrapper.java:56)
)
	at edu.washington.cs.dt.util.TestRunnerWrapper.main(TestRunnerWrapper.java:56)

FAILURES!!!
Tests run: 1,  Failures: 1,  Errors: 0

.F
Time: 0
There was 1 failure:
1) warning(junit.framework.TestSuite$1)junit.framework.AssertionFailedError: Exception in constructor: testBasicCleanMerge (java.lang.NoClassDefFoundError: Could not initialize class crystal.server.TestConstants
	at crystal.server.TestHgStateChecker.generatePreferences(TestHgStateChecker.java:172)
	at crystal.server.TestHgStateChecker.<init>(TestHgStateChecker.java:41)
	at sun.reflect.NativeConstructorAccessorImpl.newInstance0(Native Method)
	at sun.reflect.NativeConstructorAccessorImpl.newInstance(NativeConstructorAccessorImpl.java:57)
	at sun.reflect.DelegatingConstructorAccessorImpl.newInstance(DelegatingConstructorAccessorImpl.java:45)
	at java.lang.reflect.Constructor.newInstance(Constructor.java:526)
	at edu.washington.cs.dt.util.TestRunnerWrapper.main(TestRunnerWrapper.java:56)
)
	at edu.washington.cs.dt.util.TestRunnerWrapper.main(TestRunnerWrapper.java:56)

FAILURES!!!
Tests run: 1,  Failures: 1,  Errors: 0

.F
Time: 0
There was 1 failure:
1) warning(junit.framework.TestSuite$1)junit.framework.AssertionFailedError: Exception in constructor: testBasicAhead (java.lang.NoClassDefFoundError: Could not initialize class crystal.server.TestConstants
	at crystal.server.TestHgStateChecker.generatePreferences(TestHgStateChecker.java:172)
	at crystal.server.TestHgStateChecker.<init>(TestHgStateChecker.java:41)
	at sun.reflect.NativeConstructorAccessorImpl.newInstance0(Native Method)
	at sun.reflect.NativeConstructorAccessorImpl.newInstance(NativeConstructorAccessorImpl.java:57)
	at sun.reflect.DelegatingConstructorAccessorImpl.newInstance(DelegatingConstructorAccessorImpl.java:45)
	at java.lang.reflect.Constructor.newInstance(Constructor.java:526)
	at edu.washington.cs.dt.util.TestRunnerWrapper.main(TestRunnerWrapper.java:56)
)
	at edu.washington.cs.dt.util.TestRunnerWrapper.main(TestRunnerWrapper.java:56)

FAILURES!!!
Tests run: 1,  Failures: 1,  Errors: 0

.F
Time: 0.002
There was 1 failure:
1) warning(junit.framework.TestSuite$1)junit.framework.AssertionFailedError: Exception in constructor: testBasicBehind (java.lang.NoClassDefFoundError: Could not initialize class crystal.server.TestConstants
	at crystal.server.TestHgStateChecker.generatePreferences(TestHgStateChecker.java:172)
	at crystal.server.TestHgStateChecker.<init>(TestHgStateChecker.java:41)
	at sun.reflect.NativeConstructorAccessorImpl.newInstance0(Native Method)
	at sun.reflect.NativeConstructorAccessorImpl.newInstance(NativeConstructorAccessorImpl.java:57)
	at sun.reflect.DelegatingConstructorAccessorImpl.newInstance(DelegatingConstructorAccessorImpl.java:45)
	at java.lang.reflect.Constructor.newInstance(Constructor.java:526)
	at edu.washington.cs.dt.util.TestRunnerWrapper.main(TestRunnerWrapper.java:56)
)
	at edu.washington.cs.dt.util.TestRunnerWrapper.main(TestRunnerWrapper.java:56)

FAILURES!!!
Tests run: 1,  Failures: 1,  Errors: 0

.F
Time: 0.001
There was 1 failure:
1) warning(junit.framework.TestSuite$1)junit.framework.AssertionFailedError: Exception in constructor: testBasicSame (java.lang.NoClassDefFoundError: Could not initialize class crystal.server.TestConstants
	at crystal.server.TestHgStateChecker.generatePreferences(TestHgStateChecker.java:172)
	at crystal.server.TestHgStateChecker.<init>(TestHgStateChecker.java:41)
	at sun.reflect.NativeConstructorAccessorImpl.newInstance0(Native Method)
	at sun.reflect.NativeConstructorAccessorImpl.newInstance(NativeConstructorAccessorImpl.java:57)
	at sun.reflect.DelegatingConstructorAccessorImpl.newInstance(DelegatingConstructorAccessorImpl.java:45)
	at java.lang.reflect.Constructor.newInstance(Constructor.java:526)
	at edu.washington.cs.dt.util.TestRunnerWrapper.main(TestRunnerWrapper.java:56)
)
	at edu.washington.cs.dt.util.TestRunnerWrapper.main(TestRunnerWrapper.java:56)

FAILURES!!!
Tests run: 1,  Failures: 1,  Errors: 0

.E
Time: 0.001
There was 1 error:
1) testNullIntersection(crystal.util.SetOperationsTest)java.lang.IllegalArgumentException: Null input
	at crystal.util.ValidInputChecker.checkNullInput(ValidInputChecker.java:125)
	at crystal.util.SetOperations.intersection(SetOperations.java:18)
	at crystal.util.SetOperationsTest.testNullIntersection(SetOperationsTest.java:22)
	at sun.reflect.NativeMethodAccessorImpl.invoke0(Native Method)
	at sun.reflect.NativeMethodAccessorImpl.invoke(NativeMethodAccessorImpl.java:57)
	at sun.reflect.DelegatingMethodAccessorImpl.invoke(DelegatingMethodAccessorImpl.java:43)
	at edu.washington.cs.dt.util.TestRunnerWrapper.main(TestRunnerWrapper.java:56)

FAILURES!!!
Tests run: 1,  Failures: 0,  Errors: 1

.
Time: 0

OK (1 test)

.E
Time: 0.002
There was 1 error:
1) testNullUnion(crystal.util.SetOperationsTest)java.lang.IllegalArgumentException: Null input
	at crystal.util.ValidInputChecker.checkNullInput(ValidInputChecker.java:125)
	at crystal.util.SetOperations.union(SetOperations.java:39)
	at crystal.util.SetOperationsTest.testNullUnion(SetOperationsTest.java:45)
	at sun.reflect.NativeMethodAccessorImpl.invoke0(Native Method)
	at sun.reflect.NativeMethodAccessorImpl.invoke(NativeMethodAccessorImpl.java:57)
	at sun.reflect.DelegatingMethodAccessorImpl.invoke(DelegatingMethodAccessorImpl.java:43)
	at edu.washington.cs.dt.util.TestRunnerWrapper.main(TestRunnerWrapper.java:56)

FAILURES!!!
Tests run: 1,  Failures: 0,  Errors: 1

.
Time: 0.007

OK (1 test)

.
Time: 0.001

OK (1 test)

.
Time: 0.001

OK (1 test)

.E
Time: 0.156
There was 1 error:
1) testInvalidPanelParameter(crystal.util.SpringLayoutUtilityTest)java.lang.IllegalArgumentException: Invalid input for panel.
	at crystal.util.SpringLayoutUtility.formGridInColumn(SpringLayoutUtility.java:35)
	at crystal.util.SpringLayoutUtilityTest.testInvalidPanelParameter(SpringLayoutUtilityTest.java:23)
	at sun.reflect.NativeMethodAccessorImpl.invoke0(Native Method)
	at sun.reflect.NativeMethodAccessorImpl.invoke(NativeMethodAccessorImpl.java:57)
	at sun.reflect.DelegatingMethodAccessorImpl.invoke(DelegatingMethodAccessorImpl.java:43)
	at edu.washington.cs.dt.util.TestRunnerWrapper.main(TestRunnerWrapper.java:56)

FAILURES!!!
Tests run: 1,  Failures: 0,  Errors: 1

.
Time: 0.003

OK (1 test)

0-th run
Pass: 51, Fail: 12, Error: 12
{crystal.client.ClientPreferencesTest.testNullInputConstructor=69163894, crystal.client.ClientPreferencesTest.testClientPreferences=2121671, crystal.client.ClientPreferencesTest.testDefaultSetting=3128769, crystal.client.ClientPreferencesTest.testDuplicateAddProjectPreferences=3825222, crystal.client.ClientPreferencesTest.testAddProjectPreferences=2310753, crystal.client.ClientPreferencesTest.testDuplicateProject=849933, crystal.client.ClientPreferencesTest.testRemoveProjectPreferences=4802657, crystal.client.ClientPreferencesTest.testRemoveProjectPreferencesAtIndex=872099, crystal.client.ClientPreferencesTest.testClone=13069083, crystal.client.ConflictDaemonTest.testAddListener=12359123, crystal.client.ConflictDaemonTest.testGetInstance=936168, crystal.client.ConflictDaemonTest.testLocalState=364724525, crystal.client.ConflictDaemonTest.testRelationship=51173513, crystal.client.ProjectPreferencesTest.testClone=2548385, crystal.client.ProjectPreferencesTest.testProjectPreferences=2576016, crystal.client.ProjectPreferencesTest.testDuplicateAddDataSource=4687679, crystal.client.ProjectPreferencesTest.testAddDataSource=3552735, crystal.client.ProjectPreferencesTest.testGetNumOfVisibleSources=916238, crystal.client.ProjectPreferencesTest.testRemoveDataSource=4403445, crystal.client.ProjectPreferencesTest.testGetProjectCheckoutLocation=10677603, crystal.model.DataSourceTest.testClone=5255398, crystal.model.DataSourceTest.testSetField=2385519, crystal.model.DataSourceTest.testSetHistory=1116164579, crystal.model.DataSourceTest.testSetRemoteCmd=1683398, crystal.model.DataSourceTest.testSetCompileCommand=1833435, crystal.model.DataSourceTest.testSetEnabled=697370, crystal.model.DataSourceTest.testIsHidden=4451895, crystal.model.DataSourceTest.testSetParent=4302254, crystal.model.DataSourceTest.testSetKind=14595419, crystal.model.DataSourceTest.testSetCloneString=9023796, crystal.model.DataSourceTest.testToString=5259349, crystal.model.LocalStateResultTest.testLocalStateResult=7342429, crystal.model.LocalStateResultTest.testStrangeActionName=6316927, crystal.model.LocalStateResultTest.testErrorActionNameConstructor=1528265, crystal.model.LocalStateResultTest.testGetAction=1961579, crystal.model.LocalStateResultTest.testGetLastAction=11890064, crystal.model.LocalStateResultTest.testGetName=2168695, crystal.model.LocalStateResultTest.testGetNoErrorMessage=8069899, crystal.model.LocalStateResultTest.testGetLastErrorMessage=4134619, crystal.model.LocalStateResultTest.testGetLocalState=3638109, crystal.model.LocalStateResultTest.testGetLastLocalState=3795420, crystal.model.LocalStateResultTest.testToString=3865752, crystal.model.RelationshipTest.testStrangeNameConstructor=22553151, crystal.model.RelationshipTest.testConstructor=14452613, crystal.model.RelationshipTest.testCalculateAction=19900616, crystal.model.RelationshipTest.testGetActionRepoKind=13106621, crystal.model.RelationshipTest.testGetDominant=13478384, crystal.model.RelationshipTest.testEqualsObject=9420357, crystal.model.RevisionHistoryTest.testEqualsObject=809690940, crystal.model.RevisionHistoryTest.testSuperSubHistory=982657620, crystal.model.RevisionHistoryTest.testGetCommitters=274572644, crystal.server.GuidanceCheckerTest.testGetCommitters=16835790, crystal.server.GuidanceCheckerTest.testGetWhen=21184090, crystal.server.HgLogParserTest.testParseNullLog=11140123, crystal.server.HgLogParserTest.testParseLog=49725981, crystal.server.HgLogParserTest.testSingleLog=1101276, crystal.server.HgLogParserTest.testTwoLogs=21566649, crystal.server.TestGitStateChecker.testBasicMergeConflict=47261700, crystal.server.TestGitStateChecker.testBasicCleanMerge=31901087, crystal.server.TestGitStateChecker.testBasicAhead=25317218, crystal.server.TestGitStateChecker.testBasicBehind=18900380, crystal.server.TestGitStateChecker.testBasicSame=14940962, crystal.server.TestHgStateChecker.testBasicMergeConflict=31020964, crystal.server.TestHgStateChecker.testBasicCleanMerge=15397511, crystal.server.TestHgStateChecker.testBasicAhead=15888373, crystal.server.TestHgStateChecker.testBasicBehind=16836995, crystal.server.TestHgStateChecker.testBasicSame=12006462, crystal.util.SetOperationsTest.testNullIntersection=5843282, crystal.util.SetOperationsTest.testIntersection=5551014, crystal.util.SetOperationsTest.testNullUnion=5379528, crystal.util.SetOperationsTest.testUnion=7336639, crystal.util.SetOperationsTest.testSetDifference=1840714, crystal.util.SetOperationsTest.testXor=8823727, crystal.util.SpringLayoutUtilityTest.testInvalidPanelParameter=158395889, crystal.util.SpringLayoutUtilityTest.testFormGrid=11842957}

