The following arguments were used to generate this output.
[-technique, selection, -coverage, statement, -order, original, -origOrder, ambari-new/ambari-server/target/ambari-server-orig-order, -testInputDir, ambari/ambari-server/target/sootTestOutput-orig-selection, -filesToDelete, ambari-new/ambari-server/target/ambari-server-env-files, -project, Ambari-Server, -testType, orig, -oldVersCFG, ambari/ambari-server/target/selectionOutput, -newVersCFG, ambari-new/ambari-server/target/selectionOutput, -getCoverage, -outputDir, /homes/gws/winglam/winglam/ambari/dependent-tests-impact/experiments/selection-results, -timesToRun, 1, -dependentTestFile, /homes/gws/winglam/winglam/ambari/dependent-tests-impact/experiments/selection-dt-list/selection-Crystal-orig-statement-original.txt]

Execution time of TLG and its time to find/nullify any DTs for 1 machine (does not include the time to run the tests in the new order): 4.194
Number of tests selected out of total in original order: 32 / 2374
Number of DTs not fixed: 0
Number of DTs fixed: 0
APFD value: 0.7749665767780005
Execution time for executing the following testing order: 4.322

Test order list:
[org.apache.ambari.server.state.quicklinksprofile.EvaluatorTest.testWithEmptyFilters, org.apache.ambari.server.state.quicklinksprofile.EvaluatorTest.testNoMatchingFilter, org.apache.ambari.server.state.quicklinksprofile.EvaluatorTest.testLinkNameFiltersEvaluatedFirst, org.apache.ambari.server.state.quicklinksprofile.EvaluatorTest.testLinkAttributeFiltersEvaluatedSecondly, org.apache.ambari.server.state.quicklinksprofile.EvaluatorTest.testLinkAttributeFiltersWorkWithNullAttributes, org.apache.ambari.server.state.quicklinksprofile.EvaluatorTest.testHideFilterTakesPrecedence, org.apache.ambari.server.state.quicklinksprofile.QuickLinksProfileEvaluatorTest.testNullsAreAccepted, org.apache.ambari.server.state.quicklinksprofile.QuickLinksProfileEvaluatorTest.testComponentLevelFiltersEvaluatedFirst, org.apache.ambari.server.state.quicklinksprofile.QuickLinksProfileEvaluatorTest.testLinkWithNoComponentField, org.apache.ambari.server.state.quicklinksprofile.QuickLinksProfileEvaluatorTest.testServiceLevelFiltersEvaluatedSecondly, org.apache.ambari.server.state.quicklinksprofile.QuickLinksProfileEvaluatorTest.testGlobalFiltersEvaluatedLast, org.apache.ambari.server.state.quicklinksprofile.QuickLinksProfileEvaluatorTest.testNoMatchingRule, org.apache.ambari.server.upgrade.UpgradeCatalog250Test.testExecuteDDLUpdates, org.apache.ambari.server.upgrade.UpgradeCatalog250Test.testExecuteDMLUpdates, org.apache.ambari.server.upgrade.UpgradeCatalog250Test.testAmsEnvUpdateConfigs, org.apache.ambari.server.upgrade.UpgradeCatalog250Test.testLogSearchUpdateConfigs, org.apache.ambari.server.upgrade.UpgradeCatalog250Test.testAmbariInfraUpdateConfigs, org.apache.ambari.server.view.ViewRegistryTest.testOnAmbariEventServiceCreation, org.apache.ambari.server.view.ViewRegistryTest.testOnAmbariEventServiceCreation_widcardStackVersion, org.apache.ambari.server.view.ViewRegistryTest.testOnAmbariEventServiceCreation_mismatchStackVersion, org.apache.ambari.server.view.ViewRegistryTest.testOnAmbariEventServiceCreation_missingClusterService, org.apache.ambari.server.agent.TestActionQueue.testConcurrentOperations, org.apache.ambari.server.agent.TestActionQueue.testDequeueCommandType, org.apache.ambari.server.security.authorization.AmbariLdapBindAuthenticatorTest.testAuthenticateWithoutLogin, org.apache.ambari.server.security.authorization.AmbariLdapBindAuthenticatorTest.testAuthenticateWithLoginAliasDefault, org.apache.ambari.server.security.authorization.AmbariLdapBindAuthenticatorTest.testAuthenticateWithLoginAliasForceToLower, org.apache.ambari.server.security.authorization.AmbariLdapBindAuthenticatorTest.testAuthenticateWithNullLDAPUsername, org.apache.ambari.server.security.AmbariLdapUtilsTest.testIsLdapObjectOutOfScopeFromBaseDn, org.apache.ambari.server.security.AmbariLdapUtilsTest.testIsLdapObjectOutOfScopeFromBaseDn_dnOutOfScope, org.apache.ambari.server.security.ldap.AmbariLdapDataPopulatorTest.testGetLdapUserByMemberAttr, org.apache.ambari.server.security.ldap.AmbariLdapDataPopulatorTest.testGetLdapUserByMemberAttrNoPagination, org.apache.ambari.server.security.ldap.AmbariLdapDataPopulatorTest.testLdapUserContextMapper_uidAndUsernameAreNull]

Time each test takes to run in the new order:
[77077059, 1860426, 1803071, 1636258, 1660820, 1277579, 3151267, 744548, 720466, 727446, 674528, 725275, 450990537, 24905382, 63062743, 14795682, 4395864, 304351649, 13175789, 11087180, 9318109, 165626834, 24359681, 67993887, 1616103, 1404977, 1259291, 488681413, 289230182, 737220064, 866304448, 690316015]

Dependent test list:
[Test: crystal.model.DataSourceTest.testSetKind, Intended behavior: FAILURE, when executed after: [crystal.model.DataSourceTest.testIsHidden], The revealed different behavior: PASS, when executed after: [], Test: crystal.model.DataSourceTest.testIsHidden, Intended behavior: FAILURE, when executed after: [crystal.model.DataSourceTest.testSetEnabled], The revealed different behavior: PASS, when executed after: [], Test: crystal.model.DataSourceTest.testSetEnabled, Intended behavior: FAILURE, when executed after: [crystal.model.DataSourceTest.testSetCompileCommand], The revealed different behavior: PASS, when executed after: [], Test: crystal.model.DataSourceTest.testSetCompileCommand, Intended behavior: FAILURE, when executed after: [crystal.model.DataSourceTest.testSetField], The revealed different behavior: PASS, when executed after: [], Test: crystal.model.DataSourceTest.testSetHistory, Intended behavior: FAILURE, when executed after: [crystal.model.DataSourceTest.testSetCloneString], The revealed different behavior: PASS, when executed after: [], Test: crystal.model.DataSourceTest.testSetCloneString, Intended behavior: FAILURE, when executed after: [crystal.model.DataSourceTest.testSetKind], The revealed different behavior: PASS, when executed after: []]

Coverage test list:
[7, 4, 3, 0, 0, 1, 15, 9, 2, 1, 0, 0, 69, 2, 22, 22, 16, 170, 1, 1, 0, 22, 4, 107, 5, 2, 1, 2, 0, 22, 0, 4]
--------------------------
Total time (of all machines and iterations plus initial TestListGenerator): 283.263