The following arguments were used to generate this output.
[-technique, selection, -coverage, function, -order, original, -origOrder, ambari-new/ambari-server/target/ambari-server-orig-order, -testInputDir, ambari/ambari-server/target/sootTestOutput-orig-selection, -filesToDelete, ambari-new/ambari-server/target/ambari-server-env-files, -project, Ambari-Server, -testType, orig, -oldVersCFG, ambari/ambari-server/target/selectionOutput, -newVersCFG, ambari-new/ambari-server/target/selectionOutput, -getCoverage, -outputDir, /homes/gws/winglam/winglam/ambari/dependent-tests-impact/experiments/selection-results, -timesToRun, 1, -dependentTestFile, /homes/gws/winglam/winglam/ambari/dependent-tests-impact/experiments/selection-dt-list/selection-Crystal-orig-function-original.txt]

Execution time of TLG and its time to find/nullify any DTs for 1 machine (does not include the time to run the tests in the new order): 51.049
Number of tests selected out of total in original order: 80 / 2374
Number of DTs not fixed: 2
Number of DTs fixed: 0
APFD value: 0.3608045393951663
Execution time for executing the following testing order: 49.450

Test order list:
[org.apache.ambari.server.state.quicklinksprofile.EvaluatorTest.testWithEmptyFilters, org.apache.ambari.server.state.quicklinksprofile.EvaluatorTest.testNoMatchingFilter, org.apache.ambari.server.state.quicklinksprofile.EvaluatorTest.testLinkNameFiltersEvaluatedFirst, org.apache.ambari.server.state.quicklinksprofile.EvaluatorTest.testLinkAttributeFiltersEvaluatedSecondly, org.apache.ambari.server.state.quicklinksprofile.EvaluatorTest.testLinkAttributeFiltersWorkWithNullAttributes, org.apache.ambari.server.state.quicklinksprofile.EvaluatorTest.testHideFilterTakesPrecedence, org.apache.ambari.server.state.quicklinksprofile.QuickLinksProfileEvaluatorTest.testNullsAreAccepted, org.apache.ambari.server.state.quicklinksprofile.QuickLinksProfileEvaluatorTest.testComponentLevelFiltersEvaluatedFirst, org.apache.ambari.server.state.quicklinksprofile.QuickLinksProfileEvaluatorTest.testLinkWithNoComponentField, org.apache.ambari.server.state.quicklinksprofile.QuickLinksProfileEvaluatorTest.testServiceLevelFiltersEvaluatedSecondly, org.apache.ambari.server.state.quicklinksprofile.QuickLinksProfileEvaluatorTest.testGlobalFiltersEvaluatedLast, org.apache.ambari.server.state.quicklinksprofile.QuickLinksProfileEvaluatorTest.testNoMatchingRule, org.apache.ambari.server.state.stack.upgrade.StageWrapperBuilderTest.testBuildOrder, org.apache.ambari.server.state.stack.upgrade.StageWrapperBuilderTest.testAutoSkipCheckInserted, org.apache.ambari.server.upgrade.UpgradeCatalog250Test.testExecuteDDLUpdates, org.apache.ambari.server.upgrade.UpgradeCatalog250Test.testExecuteDMLUpdates, org.apache.ambari.server.upgrade.UpgradeCatalog250Test.testAmsHbaseSiteUpdateConfigs, org.apache.ambari.server.upgrade.UpgradeCatalog250Test.testAmsEnvUpdateConfigs, org.apache.ambari.server.upgrade.UpgradeCatalog250Test.testLogSearchUpdateConfigs, org.apache.ambari.server.upgrade.UpgradeCatalog250Test.testAmbariInfraUpdateConfigs, org.apache.ambari.server.bootstrap.BootStrapTest.testRun, org.apache.ambari.server.bootstrap.BootStrapTest.testHostFailure, org.apache.ambari.server.api.services.stackadvisor.StackAdvisorBlueprintProcessorTest.testAdviseConfiguration, org.apache.ambari.server.api.services.stackadvisor.StackAdvisorBlueprintProcessorTest.testAdviseConfigurationWithOnlyStackDefaultsApply, org.apache.ambari.server.api.services.stackadvisor.StackAdvisorBlueprintProcessorTest.testAdviseConfigurationWithOnlyStackDefaultsApplyWhenNoUserInputForDefault, org.apache.ambari.server.api.services.stackadvisor.StackAdvisorBlueprintProcessorTest.testAdviseConfigurationWith_ALWAYS_APPLY_DONT_OVERRIDE_CUSTOM_VALUES, org.apache.ambari.server.api.services.stackadvisor.StackAdvisorBlueprintProcessorTest.testAdviseConfigurationWhenConfigurationRecommendFails, org.apache.ambari.server.api.services.stackadvisor.StackAdvisorBlueprintProcessorTest.testAdviseConfigurationWhenConfigurationRecommendHasInvalidResponse, org.apache.ambari.server.api.services.stackadvisor.StackAdvisorRunnerTest.testRunScript_processExitCodeZero_returnTrue, org.apache.ambari.server.api.services.stackadvisor.StackAdvisorRunnerTest.testRunScript_processExitCode2_returnFalse, org.apache.ambari.server.api.services.stackadvisor.StackAdvisorRunnerTest.testRunScript_processExitCode1_returnFalse, org.apache.ambari.server.api.services.stackadvisor.StackAdvisorRunnerTest.testRunScript_processStartThrowsException_returnFalse, org.apache.ambari.server.view.ViewContextImplTest.testGetPropertiesWithParameters, org.apache.ambari.server.view.persistence.DataStoreImplTest.testRemove, org.apache.ambari.server.view.persistence.DataStoreImplTest.testStore_create, org.apache.ambari.server.view.persistence.DataStoreImplTest.testStore_create_longStringValue, org.apache.ambari.server.view.persistence.DataStoreImplTest.testStore_create_largeEntity, org.apache.ambari.server.view.persistence.DataStoreImplTest.testStore_update, org.apache.ambari.server.view.persistence.DataStoreImplTest.testStore_update_longStringValue, org.apache.ambari.server.view.ViewRegistryTest.testReadViewArchives, org.apache.ambari.server.view.ViewRegistryTest.testReadViewArchives_removeUndeployed, org.apache.ambari.server.view.ViewRegistryTest.testReadViewArchives_badArchive, org.apache.ambari.server.view.ViewRegistryTest.testReadViewArchives_viewAutoInstanceCreation, org.apache.ambari.server.view.ViewRegistryTest.testReadViewArchives_exception, org.apache.ambari.server.view.ViewRegistryTest.testOnAmbariEventServiceCreation, org.apache.ambari.server.view.ViewRegistryTest.testOnAmbariEventServiceCreation_widcardStackVersion, org.apache.ambari.server.view.ViewRegistryTest.testOnAmbariEventServiceCreation_mismatchStackVersion, org.apache.ambari.server.view.ViewRegistryTest.testOnAmbariEventServiceCreation_missingClusterService, org.apache.ambari.server.view.ViewExtractorTest.testExtractViewArchive, org.apache.ambari.server.serveraction.kerberos.AbstractPrepareKerberosServerActionTest.testProcessServiceComponentHosts, org.apache.ambari.server.serveraction.kerberos.KerberosServerActionTest.testProcessIdentitiesSuccess, org.apache.ambari.server.serveraction.kerberos.KerberosServerActionTest.testProcessIdentitiesFail, org.apache.ambari.server.serveraction.kerberos.ADKerberosOperationHandlerTest.testProcessCreateTemplateDefault, org.apache.ambari.server.serveraction.kerberos.ADKerberosOperationHandlerTest.testProcessCreateTemplateCustom, org.apache.ambari.server.serveraction.kerberos.ADKerberosOperationHandlerTest.testDigests, org.apache.ambari.server.agent.TestActionQueue.testConcurrentOperations, org.apache.ambari.server.agent.TestActionQueue.testDequeueCommandType, org.apache.ambari.server.controller.internal.URLStreamProviderTest.testProcessURL_securityNotSetup, org.apache.ambari.server.controller.AmbariManagementControllerImplTest.testCreateClusterWithRepository, org.apache.ambari.server.security.authorization.AmbariLdapBindAuthenticatorTest.testAuthenticateWithoutLogin, org.apache.ambari.server.security.authorization.AmbariLdapBindAuthenticatorTest.testAuthenticateWithLoginAliasDefault, org.apache.ambari.server.security.authorization.AmbariLdapBindAuthenticatorTest.testAuthenticateWithLoginAliasForceToLower, org.apache.ambari.server.security.authorization.AmbariLdapBindAuthenticatorTest.testAuthenticateWithNullLDAPUsername, org.apache.ambari.server.security.encryption.CredentialStoreServiceImplTest.testSetAndGetCredential_Temporary, org.apache.ambari.server.security.encryption.CredentialStoreServiceImplTest.testSetAndGetCredential_Persisted, org.apache.ambari.server.security.encryption.CredentialStoreServiceImplTest.testRemoveCredential_Temporary, org.apache.ambari.server.security.encryption.CredentialStoreServiceImplTest.testRemoveCredential_Persisted, org.apache.ambari.server.security.encryption.CredentialStoreServiceImplTest.testRemoveCredential_Either, org.apache.ambari.server.security.encryption.CredentialStoreServiceImplTest.testUpdateCredential, org.apache.ambari.server.security.encryption.CredentialStoreServiceImplTest.testContainsCredential, org.apache.ambari.server.security.encryption.CredentialStoreServiceImplTest.testIsCredentialPersisted, org.apache.ambari.server.security.encryption.CredentialStoreServiceImplTest.testListCredentials, org.apache.ambari.server.security.encryption.CredentialStoreTest.testFileBasedCredentialStoreService_RemoveCredential, org.apache.ambari.server.security.authentication.AmbariJWTAuthenticationFilterTest.testDoFilterSuccess, org.apache.ambari.server.security.authentication.AmbariJWTAuthenticationFilterTest.testDoFilterFailure, org.apache.ambari.server.security.AmbariLdapUtilsTest.testIsLdapObjectOutOfScopeFromBaseDn, org.apache.ambari.server.security.AmbariLdapUtilsTest.testIsLdapObjectOutOfScopeFromBaseDn_dnOutOfScope, org.apache.ambari.server.security.ldap.AmbariLdapDataPopulatorTest.testGetLdapUserByMemberAttr, org.apache.ambari.server.security.ldap.AmbariLdapDataPopulatorTest.testGetLdapUserByMemberAttrNoPagination, org.apache.ambari.server.security.ldap.AmbariLdapDataPopulatorTest.testLdapUserContextMapper_uidAndUsernameAreNull]

Time each test takes to run in the new order:
[76671305, 1831053, 1850414, 1656502, 1474600, 1435203, 3157020, 816224, 774829, 785614, 735619, 748924, 510744, 388235, 461928116, 32373135, 70834623, 3080768, 14516192, 4772333, 25152602916, 2207678708, 47083846, 4993747, 1679653, 1550097, 2135505, 1380846, 671173453, 400602305, 351152910, 460356741, 262628282, 1364454740, 1227779377, 2300663951, 1022729054, 1084228235, 1979800585, 321568214, 32652398, 23736668, 31545589, 27026378, 10168779, 6572544, 6181650, 5694028, 6715060, 32051434, 127416499, 4830970, 35206785, 10305235, 1950178, 181334014, 17437585, 6334951, 29589948, 30104507, 1252105, 917651, 943273, 540382337, 201770469, 2777615116, 2868333686, 220494717, 166823989, 166460874, 167951691, 166998356, 3833139, 66065378, 12053145, 291288714, 255322821, 538790822, 461303407, 367818563]

DTs not fixed are:
[org.apache.ambari.server.security.authentication.AmbariJWTAuthenticationFilterTest.testDoFilterFailure, org.apache.ambari.server.security.authentication.AmbariJWTAuthenticationFilterTest.testDoFilterSuccess]

Dependent test list:
[Test: crystal.model.DataSourceTest.testSetKind, Intended behavior: FAILURE, when executed after: [crystal.model.DataSourceTest.testIsHidden], The revealed different behavior: PASS, when executed after: [], Test: crystal.model.DataSourceTest.testIsHidden, Intended behavior: FAILURE, when executed after: [crystal.model.DataSourceTest.testSetEnabled], The revealed different behavior: PASS, when executed after: [], Test: crystal.model.DataSourceTest.testSetEnabled, Intended behavior: FAILURE, when executed after: [crystal.model.DataSourceTest.testSetCompileCommand], The revealed different behavior: PASS, when executed after: [], Test: crystal.model.DataSourceTest.testSetCompileCommand, Intended behavior: FAILURE, when executed after: [crystal.model.DataSourceTest.testSetField], The revealed different behavior: PASS, when executed after: [], Test: crystal.model.DataSourceTest.testSetHistory, Intended behavior: FAILURE, when executed after: [crystal.model.DataSourceTest.testSetCloneString], The revealed different behavior: PASS, when executed after: [], Test: crystal.model.DataSourceTest.testSetCloneString, Intended behavior: FAILURE, when executed after: [crystal.model.DataSourceTest.testSetKind], The revealed different behavior: PASS, when executed after: []]

Coverage test list:
[15, 17, 2, 0, 0, 0, 38, 12, 0, 0, 0, 0, 17, 17, 77, 2, 10, 2, 4, 4, 135, 6, 105, 0, 0, 0, 0, 0, 4, 0, 0, 0, 115, 231, 32, 4, 0, 0, 0, 227, 2, 0, 0, 0, 154, 0, 0, 0, 10, 19, 47, 0, 51, 2, 2, 30, 4, 4, 25, 113, 4, 0, 0, 103, 0, 0, 0, 0, 0, 6, 2, 10, 10, 27, 6, 2, 0, 23, 0, 4]
--------------------------
Total time (of all machines and iterations plus initial TestListGenerator): 51.628