The following arguments were used to generate this output.
[-technique, selection, -coverage, function, -order, original, -origOrder, ambari-new/ambari-server/target/ambari-server-auto-order, -testInputDir, ambari/ambari-server/target/sootTestOutput-auto-selection, -filesToDelete, ambari-new/ambari-server/target/ambari-server-env-files, -project, Ambari-Server, -testType, auto, -oldVersCFG, ambari/ambari-server/target/selectionOutput, -newVersCFG, ambari-new/ambari-server/target/selectionOutput, -getCoverage, -outputDir, /homes/gws/winglam/winglam/ambari/dependent-tests-impact/experiments/selection-results, -timesToRun, 1, -dependentTestFile, /homes/gws/winglam/winglam/ambari/dependent-tests-impact/experiments/selection-dt-list/selection-Crystal-auto-function-original.txt]

Execution time of TLG and its time to find/nullify any DTs for 1 machine (does not include the time to run the tests in the new order): 1.465
Number of tests selected out of total in original order: 19 / 3337
Number of DTs not fixed: 0
Number of DTs fixed: 0
APFD value: 0.2883049632940722
Execution time for executing the following testing order: 0.378

Test order list:
[RegressionTest2.test020, RegressionTest2.test176, RegressionTest2.test236, RegressionTest2.test311, RegressionTest2.test338, RegressionTest2.test388, RegressionTest2.test448, RegressionTest2.test462, RegressionTest1.test004, RegressionTest1.test147, RegressionTest1.test334, RegressionTest4.test302, RegressionTest0.test090, RegressionTest0.test331, RegressionTest0.test429, RegressionTest3.test068, RegressionTest3.test090, RegressionTest6.test101, RegressionTest6.test147]

Time each test takes to run in the new order:
[190766460, 20909412, 10240514, 11151173, 10832596, 10979568, 10364443, 8003046, 18069207, 4793466, 18284139, 12693550, 11432116, 4382077, 13915501, 12138025, 3845303, 3602202, 1183139]

Dependent test list:
[Test: randoop.crystal.RandoopTest0.test285, Intended behavior: FAILURE, when executed after: [randoop.crystal.RandoopTest0.test116], The revealed different behavior: PASS, when executed after: [], Test: randoop.crystal.RandoopTest0.test437, Intended behavior: FAILURE, when executed after: [randoop.crystal.RandoopTest0.test285], The revealed different behavior: PASS, when executed after: [], Test: randoop.crystal.RandoopTest1.test121, Intended behavior: FAILURE, when executed after: [randoop.crystal.RandoopTest1.test13], The revealed different behavior: PASS, when executed after: [], Test: randoop.crystal.RandoopTest1.test135, Intended behavior: FAILURE, when executed after: [randoop.crystal.RandoopTest0.test228], The revealed different behavior: PASS, when executed after: [], Test: randoop.crystal.RandoopTest0.test228, Intended behavior: FAILURE, when executed after: [randoop.crystal.RandoopTest0.test227], The revealed different behavior: PASS, when executed after: []]

Coverage test list:
[34, 5, 11, 5, 5, 0, 5, 28, 5, 0, 5, 5, 5, 5, 5, 0, 0, 0, 17]
--------------------------
Total time (of all machines and iterations plus initial TestListGenerator): 1.854