The following arguments were used to generate this output.
[-technique, selection, -coverage, statement, -order, relative, -origOrder, ambari-new/ambari-server/target/ambari-server-orig-order, -testInputDir, ambari/ambari-server/target/sootTestOutput-orig-selection, -filesToDelete, ambari-new/ambari-server/target/ambari-server-env-files, -project, Ambari-Server, -testType, orig, -oldVersCFG, ambari/ambari-server/target/selectionOutput, -newVersCFG, ambari-new/ambari-server/target/selectionOutput, -getCoverage, -outputDir, /homes/gws/winglam/winglam/ambari/dependent-tests-impact/experiments/selection-results, -timesToRun, 1, -dependentTestFile, /homes/gws/winglam/winglam/ambari/dependent-tests-impact/experiments/selection-dt-list/selection-Crystal-orig-statement-relative.txt]

Execution time of TLG and its time to find/nullify any DTs for 1 machine (does not include the time to run the tests in the new order): 4.315
Number of tests selected out of total in original order: 32 / 2374
Number of DTs not fixed: 0
Number of DTs fixed: 0
APFD value: 0.6932076378187638
Execution time for executing the following testing order: 4.118

Test order list:
[org.apache.ambari.server.upgrade.UpgradeCatalog250Test.testLogSearchUpdateConfigs, org.apache.ambari.server.state.quicklinksprofile.QuickLinksProfileEvaluatorTest.testGlobalFiltersEvaluatedLast, org.apache.ambari.server.security.ldap.AmbariLdapDataPopulatorTest.testGetLdapUserByMemberAttr, org.apache.ambari.server.security.authorization.AmbariLdapBindAuthenticatorTest.testAuthenticateWithLoginAliasDefault, org.apache.ambari.server.view.ViewRegistryTest.testOnAmbariEventServiceCreation, org.apache.ambari.server.state.quicklinksprofile.EvaluatorTest.testLinkNameFiltersEvaluatedFirst, org.apache.ambari.server.upgrade.UpgradeCatalog250Test.testAmbariInfraUpdateConfigs, org.apache.ambari.server.security.AmbariLdapUtilsTest.testIsLdapObjectOutOfScopeFromBaseDn, org.apache.ambari.server.state.quicklinksprofile.QuickLinksProfileEvaluatorTest.testComponentLevelFiltersEvaluatedFirst, org.apache.ambari.server.agent.TestActionQueue.testConcurrentOperations, org.apache.ambari.server.state.quicklinksprofile.QuickLinksProfileEvaluatorTest.testNullsAreAccepted, org.apache.ambari.server.security.ldap.AmbariLdapDataPopulatorTest.testLdapUserContextMapper_uidAndUsernameAreNull, org.apache.ambari.server.state.quicklinksprofile.QuickLinksProfileEvaluatorTest.testServiceLevelFiltersEvaluatedSecondly, org.apache.ambari.server.state.quicklinksprofile.EvaluatorTest.testHideFilterTakesPrecedence, org.apache.ambari.server.security.ldap.AmbariLdapDataPopulatorTest.testGetLdapUserByMemberAttrNoPagination, org.apache.ambari.server.state.quicklinksprofile.EvaluatorTest.testLinkAttributeFiltersWorkWithNullAttributes, org.apache.ambari.server.state.quicklinksprofile.QuickLinksProfileEvaluatorTest.testLinkWithNoComponentField, org.apache.ambari.server.upgrade.UpgradeCatalog250Test.testExecuteDDLUpdates, org.apache.ambari.server.upgrade.UpgradeCatalog250Test.testAmsEnvUpdateConfigs, org.apache.ambari.server.upgrade.UpgradeCatalog250Test.testExecuteDMLUpdates, org.apache.ambari.server.view.ViewRegistryTest.testOnAmbariEventServiceCreation_mismatchStackVersion, org.apache.ambari.server.view.ViewRegistryTest.testOnAmbariEventServiceCreation_widcardStackVersion, org.apache.ambari.server.security.authorization.AmbariLdapBindAuthenticatorTest.testAuthenticateWithoutLogin, org.apache.ambari.server.state.quicklinksprofile.QuickLinksProfileEvaluatorTest.testNoMatchingRule, org.apache.ambari.server.security.authorization.AmbariLdapBindAuthenticatorTest.testAuthenticateWithLoginAliasForceToLower, org.apache.ambari.server.agent.TestActionQueue.testDequeueCommandType, org.apache.ambari.server.state.quicklinksprofile.EvaluatorTest.testLinkAttributeFiltersEvaluatedSecondly, org.apache.ambari.server.security.AmbariLdapUtilsTest.testIsLdapObjectOutOfScopeFromBaseDn_dnOutOfScope, org.apache.ambari.server.security.authorization.AmbariLdapBindAuthenticatorTest.testAuthenticateWithNullLDAPUsername, org.apache.ambari.server.state.quicklinksprofile.EvaluatorTest.testNoMatchingFilter, org.apache.ambari.server.view.ViewRegistryTest.testOnAmbariEventServiceCreation_missingClusterService, org.apache.ambari.server.state.quicklinksprofile.EvaluatorTest.testWithEmptyFilters]

Time each test takes to run in the new order:
[488402167, 2708804, 995470507, 51378652, 319603637, 1426194, 5246149, 321752045, 486368, 164183083, 484249, 514966732, 476870, 569753, 689686302, 898506, 463734, 143328877, 3986663, 18472417, 16206781, 15834886, 1833407, 577195, 1912641, 27226764, 722161, 311970313, 1798468, 663770, 14045702, 842886]

Dependent test list:
[Test: crystal.model.DataSourceTest.testIsHidden, Intended behavior: FAILURE, when executed after: [crystal.model.DataSourceTest.testSetField], The revealed different behavior: PASS, when executed after: [], Test: crystal.model.DataSourceTest.testSetHistory, Intended behavior: FAILURE, when executed after: [crystal.model.DataSourceTest.testSetCloneString], The revealed different behavior: PASS, when executed after: [], Test: crystal.model.DataSourceTest.testSetCloneString, Intended behavior: FAILURE, when executed after: [crystal.model.DataSourceTest.testIsHidden], The revealed different behavior: PASS, when executed after: []]

Coverage test list:
[2654, 2181, 1563, 727, 400, 363, 363, 254, 254, 218, 218, 145, 145, 109, 72, 72, 72, 72, 36, 36, 36, 0, 0, 0, 0, 0, 0, 0, 0, 0, 0, 0]
--------------------------
Total time (of all machines and iterations plus initial TestListGenerator): 6.346