The following arguments were used to generate this output.
[-technique, selection, -coverage, function, -order, absolute, -origOrder, ambari-new/ambari-server/target/ambari-server-orig-order, -testInputDir, ambari/ambari-server/target/sootTestOutput-orig-selection, -filesToDelete, ambari-new/ambari-server/target/ambari-server-env-files, -project, Ambari-Server, -testType, orig, -oldVersCFG, ambari/ambari-server/target/selectionOutput, -newVersCFG, ambari-new/ambari-server/target/selectionOutput, -getCoverage, -outputDir, /homes/gws/winglam/winglam/ambari/dependent-tests-impact/experiments/selection-results, -timesToRun, 1, -dependentTestFile, /homes/gws/winglam/winglam/ambari/dependent-tests-impact/experiments/selection-dt-list/selection-Crystal-orig-function-absolute.txt]

Execution time of TLG and its time to find/nullify any DTs for 1 machine (does not include the time to run the tests in the new order): 59.308
Number of tests selected out of total in original order: 80 / 2374
Number of DTs not fixed: 2
Number of DTs fixed: 0
APFD value: 0.5701109547661721
Execution time for executing the following testing order: 50.857

Test order list:
[org.apache.ambari.server.state.quicklinksprofile.QuickLinksProfileEvaluatorTest.testGlobalFiltersEvaluatedLast, org.apache.ambari.server.state.quicklinksprofile.QuickLinksProfileEvaluatorTest.testLinkWithNoComponentField, org.apache.ambari.server.state.quicklinksprofile.QuickLinksProfileEvaluatorTest.testNoMatchingRule, org.apache.ambari.server.state.quicklinksprofile.QuickLinksProfileEvaluatorTest.testServiceLevelFiltersEvaluatedSecondly, org.apache.ambari.server.state.quicklinksprofile.QuickLinksProfileEvaluatorTest.testComponentLevelFiltersEvaluatedFirst, org.apache.ambari.server.state.quicklinksprofile.QuickLinksProfileEvaluatorTest.testNullsAreAccepted, org.apache.ambari.server.state.quicklinksprofile.EvaluatorTest.testLinkAttributeFiltersEvaluatedSecondly, org.apache.ambari.server.state.quicklinksprofile.EvaluatorTest.testLinkNameFiltersEvaluatedFirst, org.apache.ambari.server.state.quicklinksprofile.EvaluatorTest.testNoMatchingFilter, org.apache.ambari.server.state.quicklinksprofile.EvaluatorTest.testHideFilterTakesPrecedence, org.apache.ambari.server.state.quicklinksprofile.EvaluatorTest.testLinkAttributeFiltersWorkWithNullAttributes, org.apache.ambari.server.security.encryption.CredentialStoreServiceImplTest.testListCredentials, org.apache.ambari.server.security.ldap.AmbariLdapDataPopulatorTest.testGetLdapUserByMemberAttr, org.apache.ambari.server.security.ldap.AmbariLdapDataPopulatorTest.testGetLdapUserByMemberAttrNoPagination, org.apache.ambari.server.state.quicklinksprofile.EvaluatorTest.testWithEmptyFilters, org.apache.ambari.server.view.ViewRegistryTest.testReadViewArchives, org.apache.ambari.server.view.ViewRegistryTest.testReadViewArchives_exception, org.apache.ambari.server.view.ViewRegistryTest.testReadViewArchives_removeUndeployed, org.apache.ambari.server.view.ViewRegistryTest.testReadViewArchives_viewAutoInstanceCreation, org.apache.ambari.server.agent.TestActionQueue.testConcurrentOperations, org.apache.ambari.server.agent.TestActionQueue.testDequeueCommandType, org.apache.ambari.server.api.services.stackadvisor.StackAdvisorBlueprintProcessorTest.testAdviseConfiguration, org.apache.ambari.server.api.services.stackadvisor.StackAdvisorBlueprintProcessorTest.testAdviseConfigurationWhenConfigurationRecommendFails, org.apache.ambari.server.api.services.stackadvisor.StackAdvisorBlueprintProcessorTest.testAdviseConfigurationWhenConfigurationRecommendHasInvalidResponse, org.apache.ambari.server.api.services.stackadvisor.StackAdvisorBlueprintProcessorTest.testAdviseConfigurationWithOnlyStackDefaultsApply, org.apache.ambari.server.api.services.stackadvisor.StackAdvisorBlueprintProcessorTest.testAdviseConfigurationWithOnlyStackDefaultsApplyWhenNoUserInputForDefault, org.apache.ambari.server.api.services.stackadvisor.StackAdvisorBlueprintProcessorTest.testAdviseConfigurationWith_ALWAYS_APPLY_DONT_OVERRIDE_CUSTOM_VALUES, org.apache.ambari.server.api.services.stackadvisor.StackAdvisorRunnerTest.testRunScript_processExitCode1_returnFalse, org.apache.ambari.server.api.services.stackadvisor.StackAdvisorRunnerTest.testRunScript_processExitCode2_returnFalse, org.apache.ambari.server.api.services.stackadvisor.StackAdvisorRunnerTest.testRunScript_processExitCodeZero_returnTrue, org.apache.ambari.server.api.services.stackadvisor.StackAdvisorRunnerTest.testRunScript_processStartThrowsException_returnFalse, org.apache.ambari.server.bootstrap.BootStrapTest.testHostFailure, org.apache.ambari.server.bootstrap.BootStrapTest.testRun, org.apache.ambari.server.controller.AmbariManagementControllerImplTest.testCreateClusterWithRepository, org.apache.ambari.server.controller.internal.URLStreamProviderTest.testProcessURL_securityNotSetup, org.apache.ambari.server.security.AmbariLdapUtilsTest.testIsLdapObjectOutOfScopeFromBaseDn, org.apache.ambari.server.security.AmbariLdapUtilsTest.testIsLdapObjectOutOfScopeFromBaseDn_dnOutOfScope, org.apache.ambari.server.security.authentication.AmbariJWTAuthenticationFilterTest.testDoFilterFailure, org.apache.ambari.server.security.authentication.AmbariJWTAuthenticationFilterTest.testDoFilterSuccess, org.apache.ambari.server.security.authorization.AmbariLdapBindAuthenticatorTest.testAuthenticateWithLoginAliasDefault, org.apache.ambari.server.security.authorization.AmbariLdapBindAuthenticatorTest.testAuthenticateWithLoginAliasForceToLower, org.apache.ambari.server.security.authorization.AmbariLdapBindAuthenticatorTest.testAuthenticateWithNullLDAPUsername, org.apache.ambari.server.security.authorization.AmbariLdapBindAuthenticatorTest.testAuthenticateWithoutLogin, org.apache.ambari.server.security.encryption.CredentialStoreServiceImplTest.testContainsCredential, org.apache.ambari.server.security.encryption.CredentialStoreServiceImplTest.testIsCredentialPersisted, org.apache.ambari.server.security.encryption.CredentialStoreServiceImplTest.testRemoveCredential_Either, org.apache.ambari.server.security.encryption.CredentialStoreServiceImplTest.testRemoveCredential_Persisted, org.apache.ambari.server.security.encryption.CredentialStoreServiceImplTest.testRemoveCredential_Temporary, org.apache.ambari.server.security.encryption.CredentialStoreServiceImplTest.testSetAndGetCredential_Persisted, org.apache.ambari.server.security.encryption.CredentialStoreServiceImplTest.testSetAndGetCredential_Temporary, org.apache.ambari.server.security.encryption.CredentialStoreServiceImplTest.testUpdateCredential, org.apache.ambari.server.security.encryption.CredentialStoreTest.testFileBasedCredentialStoreService_RemoveCredential, org.apache.ambari.server.security.ldap.AmbariLdapDataPopulatorTest.testLdapUserContextMapper_uidAndUsernameAreNull, org.apache.ambari.server.serveraction.kerberos.ADKerberosOperationHandlerTest.testDigests, org.apache.ambari.server.serveraction.kerberos.ADKerberosOperationHandlerTest.testProcessCreateTemplateCustom, org.apache.ambari.server.serveraction.kerberos.ADKerberosOperationHandlerTest.testProcessCreateTemplateDefault, org.apache.ambari.server.serveraction.kerberos.AbstractPrepareKerberosServerActionTest.testProcessServiceComponentHosts, org.apache.ambari.server.serveraction.kerberos.KerberosServerActionTest.testProcessIdentitiesFail, org.apache.ambari.server.serveraction.kerberos.KerberosServerActionTest.testProcessIdentitiesSuccess, org.apache.ambari.server.state.stack.upgrade.StageWrapperBuilderTest.testAutoSkipCheckInserted, org.apache.ambari.server.state.stack.upgrade.StageWrapperBuilderTest.testBuildOrder, org.apache.ambari.server.upgrade.UpgradeCatalog250Test.testAmbariInfraUpdateConfigs, org.apache.ambari.server.upgrade.UpgradeCatalog250Test.testAmsEnvUpdateConfigs, org.apache.ambari.server.upgrade.UpgradeCatalog250Test.testAmsHbaseSiteUpdateConfigs, org.apache.ambari.server.upgrade.UpgradeCatalog250Test.testExecuteDDLUpdates, org.apache.ambari.server.upgrade.UpgradeCatalog250Test.testExecuteDMLUpdates, org.apache.ambari.server.upgrade.UpgradeCatalog250Test.testLogSearchUpdateConfigs, org.apache.ambari.server.view.ViewContextImplTest.testGetPropertiesWithParameters, org.apache.ambari.server.view.ViewExtractorTest.testExtractViewArchive, org.apache.ambari.server.view.ViewRegistryTest.testOnAmbariEventServiceCreation, org.apache.ambari.server.view.ViewRegistryTest.testOnAmbariEventServiceCreation_mismatchStackVersion, org.apache.ambari.server.view.ViewRegistryTest.testOnAmbariEventServiceCreation_missingClusterService, org.apache.ambari.server.view.ViewRegistryTest.testOnAmbariEventServiceCreation_widcardStackVersion, org.apache.ambari.server.view.ViewRegistryTest.testReadViewArchives_badArchive, org.apache.ambari.server.view.persistence.DataStoreImplTest.testRemove, org.apache.ambari.server.view.persistence.DataStoreImplTest.testStore_create, org.apache.ambari.server.view.persistence.DataStoreImplTest.testStore_create_largeEntity, org.apache.ambari.server.view.persistence.DataStoreImplTest.testStore_create_longStringValue, org.apache.ambari.server.view.persistence.DataStoreImplTest.testStore_update, org.apache.ambari.server.view.persistence.DataStoreImplTest.testStore_update_longStringValue]

Time each test takes to run in the new order:
[76065215, 1231870, 1222918, 1295353, 1119258, 1117135, 3962772, 1235691, 1322483, 1286594, 1150031, 784846595, 1032104980, 660040132, 719764, 506491370, 38972078, 33663388, 35579223, 161696169, 31029622, 28452412, 1091702, 838937, 5314551, 1059374, 802776, 684370109, 350421689, 367840907, 317033414, 10234478809, 23005983491, 71033910, 9216526, 290096522, 272918407, 61365698, 53062614, 27661313, 1383588, 1091729, 1241396, 711194447, 211482594, 192352735, 170062822, 166574314, 165059467, 162753079, 183429188, 4222143, 382063905, 262653260, 10217651, 3445552, 26403149, 108594305, 6293291, 322643, 152510, 61167515, 2412840, 3435111, 14713406, 8779622, 4198034, 44578712, 7712565, 9497909, 6877446, 6458395, 6869209, 17885949, 1148639627, 1103180360, 1132554140, 2252928053, 1061179714, 2033627269]

DTs not fixed are:
[org.apache.ambari.server.security.authentication.AmbariJWTAuthenticationFilterTest.testDoFilterFailure, org.apache.ambari.server.security.authentication.AmbariJWTAuthenticationFilterTest.testDoFilterSuccess]

Dependent test list:
[Test: crystal.model.DataSourceTest.testSetHistory, Intended behavior: FAILURE, when executed after: [crystal.model.DataSourceTest.testSetCloneString], The revealed different behavior: PASS, when executed after: [], Test: crystal.model.DataSourceTest.testSetCloneString, Intended behavior: FAILURE, when executed after: [crystal.model.DataSourceTest.testSetField], The revealed different behavior: PASS, when executed after: []]

Coverage test list:
[79, 6, 0, 0, 0, 0, 0, 0, 0, 0, 0, 113, 27, 0, 0, 401, 0, 2, 0, 40, 4, 105, 0, 0, 0, 0, 0, 4, 0, 0, 0, 139, 0, 30, 4, 2, 0, 19, 15, 98, 0, 0, 19, 6, 2, 17, 0, 0, 0, 0, 0, 10, 4, 51, 2, 2, 19, 45, 2, 30, 4, 12, 6, 2, 45, 2, 4, 94, 10, 154, 0, 0, 0, 0, 73, 32, 4, 0, 0, 0]
--------------------------
Total time (of all machines and iterations plus initial TestListGenerator): 53.079