The following arguments were used to generate this output.
[-technique, selection, -coverage, function, -order, relative, -origOrder, ambari-new/ambari-server/target/ambari-server-orig-order, -testInputDir, ambari/ambari-server/target/sootTestOutput-orig-selection, -filesToDelete, ambari-new/ambari-server/target/ambari-server-env-files, -project, Ambari-Server, -testType, orig, -oldVersCFG, ambari/ambari-server/target/selectionOutput, -newVersCFG, ambari-new/ambari-server/target/selectionOutput, -getCoverage, -outputDir, /homes/gws/winglam/winglam/ambari/dependent-tests-impact/experiments/selection-results, -timesToRun, 1, -dependentTestFile, /homes/gws/winglam/winglam/ambari/dependent-tests-impact/experiments/selection-dt-list/selection-Crystal-orig-function-relative.txt]

Execution time of TLG and its time to find/nullify any DTs for 1 machine (does not include the time to run the tests in the new order): 52.893
Number of tests selected out of total in original order: 80 / 2374
Number of DTs not fixed: 1
Number of DTs fixed: 0
APFD value: 0.8957317738373346
Execution time for executing the following testing order: 53.296

Test order list:
[org.apache.ambari.server.state.quicklinksprofile.QuickLinksProfileEvaluatorTest.testGlobalFiltersEvaluatedLast, org.apache.ambari.server.security.encryption.CredentialStoreServiceImplTest.testListCredentials, org.apache.ambari.server.security.ldap.AmbariLdapDataPopulatorTest.testGetLdapUserByMemberAttr, org.apache.ambari.server.view.ViewRegistryTest.testReadViewArchives, org.apache.ambari.server.agent.TestActionQueue.testConcurrentOperations, org.apache.ambari.server.api.services.stackadvisor.StackAdvisorBlueprintProcessorTest.testAdviseConfiguration, org.apache.ambari.server.api.services.stackadvisor.StackAdvisorRunnerTest.testRunScript_processExitCode1_returnFalse, org.apache.ambari.server.bootstrap.BootStrapTest.testHostFailure, org.apache.ambari.server.controller.AmbariManagementControllerImplTest.testCreateClusterWithRepository, org.apache.ambari.server.controller.internal.URLStreamProviderTest.testProcessURL_securityNotSetup, org.apache.ambari.server.security.AmbariLdapUtilsTest.testIsLdapObjectOutOfScopeFromBaseDn, org.apache.ambari.server.security.authentication.AmbariJWTAuthenticationFilterTest.testDoFilterFailure, org.apache.ambari.server.security.authorization.AmbariLdapBindAuthenticatorTest.testAuthenticateWithLoginAliasDefault, org.apache.ambari.server.serveraction.kerberos.ADKerberosOperationHandlerTest.testDigests, org.apache.ambari.server.serveraction.kerberos.AbstractPrepareKerberosServerActionTest.testProcessServiceComponentHosts, org.apache.ambari.server.serveraction.kerberos.KerberosServerActionTest.testProcessIdentitiesFail, org.apache.ambari.server.state.quicklinksprofile.EvaluatorTest.testLinkAttributeFiltersEvaluatedSecondly, org.apache.ambari.server.state.stack.upgrade.StageWrapperBuilderTest.testAutoSkipCheckInserted, org.apache.ambari.server.state.stack.upgrade.StageWrapperBuilderTest.testBuildOrder, org.apache.ambari.server.upgrade.UpgradeCatalog250Test.testAmbariInfraUpdateConfigs, org.apache.ambari.server.upgrade.UpgradeCatalog250Test.testAmsEnvUpdateConfigs, org.apache.ambari.server.upgrade.UpgradeCatalog250Test.testExecuteDDLUpdates, org.apache.ambari.server.upgrade.UpgradeCatalog250Test.testExecuteDMLUpdates, org.apache.ambari.server.upgrade.UpgradeCatalog250Test.testLogSearchUpdateConfigs, org.apache.ambari.server.view.ViewContextImplTest.testGetPropertiesWithParameters, org.apache.ambari.server.view.ViewRegistryTest.testOnAmbariEventServiceCreation, org.apache.ambari.server.view.persistence.DataStoreImplTest.testRemove, org.apache.ambari.server.view.persistence.DataStoreImplTest.testStore_create, org.apache.ambari.server.view.ViewRegistryTest.testReadViewArchives_removeUndeployed, org.apache.ambari.server.view.ViewRegistryTest.testOnAmbariEventServiceCreation_widcardStackVersion, org.apache.ambari.server.bootstrap.BootStrapTest.testRun, org.apache.ambari.server.security.authorization.AmbariLdapBindAuthenticatorTest.testAuthenticateWithoutLogin, org.apache.ambari.server.api.services.stackadvisor.StackAdvisorBlueprintProcessorTest.testAdviseConfigurationWithOnlyStackDefaultsApply, org.apache.ambari.server.security.encryption.CredentialStoreServiceImplTest.testRemoveCredential_Either, org.apache.ambari.server.view.persistence.DataStoreImplTest.testStore_update, org.apache.ambari.server.state.quicklinksprofile.QuickLinksProfileEvaluatorTest.testNoMatchingRule, org.apache.ambari.server.serveraction.kerberos.ADKerberosOperationHandlerTest.testProcessCreateTemplateCustom, org.apache.ambari.server.serveraction.kerberos.KerberosServerActionTest.testProcessIdentitiesSuccess, org.apache.ambari.server.security.authentication.AmbariJWTAuthenticationFilterTest.testDoFilterSuccess, org.apache.ambari.server.security.ldap.AmbariLdapDataPopulatorTest.testGetLdapUserByMemberAttrNoPagination, org.apache.ambari.server.upgrade.UpgradeCatalog250Test.testAmsHbaseSiteUpdateConfigs, org.apache.ambari.server.agent.TestActionQueue.testDequeueCommandType, org.apache.ambari.server.security.encryption.CredentialStoreTest.testFileBasedCredentialStoreService_RemoveCredential, org.apache.ambari.server.view.ViewExtractorTest.testExtractViewArchive, org.apache.ambari.server.security.encryption.CredentialStoreServiceImplTest.testIsCredentialPersisted, org.apache.ambari.server.security.ldap.AmbariLdapDataPopulatorTest.testLdapUserContextMapper_uidAndUsernameAreNull, org.apache.ambari.server.state.quicklinksprofile.EvaluatorTest.testLinkNameFiltersEvaluatedFirst, org.apache.ambari.server.api.services.stackadvisor.StackAdvisorRunnerTest.testRunScript_processExitCode2_returnFalse, org.apache.ambari.server.security.authorization.AmbariLdapBindAuthenticatorTest.testAuthenticateWithLoginAliasForceToLower, org.apache.ambari.server.view.persistence.DataStoreImplTest.testStore_create_largeEntity, org.apache.ambari.server.serveraction.kerberos.ADKerberosOperationHandlerTest.testProcessCreateTemplateDefault, org.apache.ambari.server.api.services.stackadvisor.StackAdvisorBlueprintProcessorTest.testAdviseConfigurationWhenConfigurationRecommendFails, org.apache.ambari.server.api.services.stackadvisor.StackAdvisorBlueprintProcessorTest.testAdviseConfigurationWhenConfigurationRecommendHasInvalidResponse, org.apache.ambari.server.api.services.stackadvisor.StackAdvisorBlueprintProcessorTest.testAdviseConfigurationWithOnlyStackDefaultsApplyWhenNoUserInputForDefault, org.apache.ambari.server.api.services.stackadvisor.StackAdvisorBlueprintProcessorTest.testAdviseConfigurationWith_ALWAYS_APPLY_DONT_OVERRIDE_CUSTOM_VALUES, org.apache.ambari.server.api.services.stackadvisor.StackAdvisorRunnerTest.testRunScript_processExitCodeZero_returnTrue, org.apache.ambari.server.api.services.stackadvisor.StackAdvisorRunnerTest.testRunScript_processStartThrowsException_returnFalse, org.apache.ambari.server.security.AmbariLdapUtilsTest.testIsLdapObjectOutOfScopeFromBaseDn_dnOutOfScope, org.apache.ambari.server.security.authorization.AmbariLdapBindAuthenticatorTest.testAuthenticateWithNullLDAPUsername, org.apache.ambari.server.security.encryption.CredentialStoreServiceImplTest.testContainsCredential, org.apache.ambari.server.security.encryption.CredentialStoreServiceImplTest.testRemoveCredential_Persisted, org.apache.ambari.server.security.encryption.CredentialStoreServiceImplTest.testRemoveCredential_Temporary, org.apache.ambari.server.security.encryption.CredentialStoreServiceImplTest.testSetAndGetCredential_Persisted, org.apache.ambari.server.security.encryption.CredentialStoreServiceImplTest.testSetAndGetCredential_Temporary, org.apache.ambari.server.security.encryption.CredentialStoreServiceImplTest.testUpdateCredential, org.apache.ambari.server.state.quicklinksprofile.EvaluatorTest.testHideFilterTakesPrecedence, org.apache.ambari.server.state.quicklinksprofile.EvaluatorTest.testLinkAttributeFiltersWorkWithNullAttributes, org.apache.ambari.server.state.quicklinksprofile.EvaluatorTest.testNoMatchingFilter, org.apache.ambari.server.state.quicklinksprofile.EvaluatorTest.testWithEmptyFilters, org.apache.ambari.server.state.quicklinksprofile.QuickLinksProfileEvaluatorTest.testComponentLevelFiltersEvaluatedFirst, org.apache.ambari.server.state.quicklinksprofile.QuickLinksProfileEvaluatorTest.testLinkWithNoComponentField, org.apache.ambari.server.state.quicklinksprofile.QuickLinksProfileEvaluatorTest.testNullsAreAccepted, org.apache.ambari.server.state.quicklinksprofile.QuickLinksProfileEvaluatorTest.testServiceLevelFiltersEvaluatedSecondly, org.apache.ambari.server.view.ViewRegistryTest.testOnAmbariEventServiceCreation_mismatchStackVersion, org.apache.ambari.server.view.ViewRegistryTest.testOnAmbariEventServiceCreation_missingClusterService, org.apache.ambari.server.view.ViewRegistryTest.testReadViewArchives_badArchive, org.apache.ambari.server.view.ViewRegistryTest.testReadViewArchives_exception, org.apache.ambari.server.view.ViewRegistryTest.testReadViewArchives_viewAutoInstanceCreation, org.apache.ambari.server.view.persistence.DataStoreImplTest.testStore_create_longStringValue, org.apache.ambari.server.view.persistence.DataStoreImplTest.testStore_update_longStringValue]

Time each test takes to run in the new order:
[75116463, 2773404783, 1124501685, 604035697, 170570761, 29308086, 412695785, 2227873131, 69616708, 16844831, 321337585, 60179043, 26571271, 85921855, 27363269, 120414165, 889051, 299575, 166334, 71213022, 2950995, 16467013, 10728496, 4900628, 52190185, 12798374, 1443063709, 1109248463, 33670894, 8723978, 23633274831, 3171559, 6075445, 2864819597, 1149608644, 341952, 10054654, 6059873, 38927747, 509721229, 6343165, 14964508, 11904704, 9363795, 168191693, 373709977, 475053, 323293990, 1457184, 1127130857, 3207930, 1060066, 585884, 631255, 755585, 310466432, 317851165, 247807119, 1412437, 500102474, 226684158, 2857006889, 2826389056, 228898421, 181445729, 367659, 243778, 311818, 275429, 180761, 168365, 185609, 225353, 6640333, 6449703, 19454497, 23750631, 25061547, 2254350401, 2081791300]

DTs not fixed are:
[org.apache.ambari.server.security.authentication.AmbariJWTAuthenticationFilterTest.testDoFilterFailure]

Dependent test list:
[Test: crystal.model.DataSourceTest.testIsHidden, Intended behavior: FAILURE, when executed after: [crystal.model.DataSourceTest.testSetField], The revealed different behavior: PASS, when executed after: [], Test: crystal.model.DataSourceTest.testSetHistory, Intended behavior: FAILURE, when executed after: [crystal.model.DataSourceTest.testSetCloneString], The revealed different behavior: PASS, when executed after: [], Test: crystal.model.DataSourceTest.testSetCloneString, Intended behavior: FAILURE, when executed after: [crystal.model.DataSourceTest.testIsHidden], The revealed different behavior: PASS, when executed after: []]

Coverage test list:
[2105, 526, 526, 526, 263, 263, 263, 263, 263, 263, 263, 263, 263, 263, 263, 263, 263, 263, 263, 263, 263, 263, 263, 263, 263, 263, 263, 263, 0, 0, 0, 0, 0, 0, 0, 0, 0, 0, 0, 0, 0, 0, 0, 0, 0, 0, 0, 0, 0, 0, 0, 0, 0, 0, 0, 0, 0, 0, 0, 0, 0, 0, 0, 0, 0, 0, 0, 0, 0, 0, 0, 0, 0, 0, 0, 0, 0, 0, 0, 0]
--------------------------
Total time (of all machines and iterations plus initial TestListGenerator): 55.561