.
Time: 0.487

OK (1 test)

.
Time: 0.005

OK (1 test)

.
Time: 0.005

OK (1 test)

.
Time: 0.006

OK (1 test)

.
Time: 0.018

OK (1 test)

.
Time: 0.019

OK (1 test)

.
Time: 1.058

OK (1 test)

.
Time: 0.051

OK (1 test)

.
Time: 0.03

OK (1 test)

.
Time: 0.001

OK (1 test)

.
Time: 0.109

OK (1 test)

.
Time: 0.067

OK (1 test)

.
Time: 0.052

OK (1 test)

.
Time: 0.041

OK (1 test)

.
Time: 0.054

OK (1 test)

.
Time: 0.043

OK (1 test)

.
Time: 0.061

OK (1 test)

.
Time: 0.009

OK (1 test)

.
Time: 0.001

OK (1 test)

.
Time: 0

OK (1 test)

.
Time: 0.003

OK (1 test)

.
Time: 0.002

OK (1 test)

.
Time: 0

OK (1 test)

.E
Time: 0.025
There was 1 error:
1) test_Y4_stripped(org.apache.xml.security.test.c14n.implementations.C14NInterop)java.io.FileNotFoundException: /home/winglam/workspace/dependent-tests-impact/experiments/xml-security-orig-v1/data/interop/c14n/Y4/signatureStripped.xml (No such file or directory)
	at java.io.FileInputStream.open(Native Method)
	at java.io.FileInputStream.<init>(FileInputStream.java:146)
	at java.io.FileInputStream.<init>(FileInputStream.java:101)
	at sun.net.www.protocol.file.FileURLConnection.connect(FileURLConnection.java:90)
	at sun.net.www.protocol.file.FileURLConnection.getInputStream(FileURLConnection.java:188)
	at java.net.URL.openStream(URL.java:1037)
	at org.apache.xerces.impl.XMLEntityManager.startEntity(XMLEntityManager.java:731)
	at org.apache.xerces.impl.XMLEntityManager.startDocumentEntity(XMLEntityManager.java:676)
	at org.apache.xerces.impl.XMLDocumentScannerImpl.setInputSource(XMLDocumentScannerImpl.java:252)
	at org.apache.xerces.parsers.StandardParserConfiguration.parse(StandardParserConfiguration.java:499)
	at org.apache.xerces.parsers.StandardParserConfiguration.parse(StandardParserConfiguration.java:581)
	at org.apache.xerces.parsers.XMLParser.parse(XMLParser.java:147)
	at org.apache.xerces.parsers.DOMParser.parse(DOMParser.java:221)
	at org.apache.xerces.jaxp.DocumentBuilderImpl.parse(DocumentBuilderImpl.java:209)
	at javax.xml.parsers.DocumentBuilder.parse(DocumentBuilder.java:205)
	at org.apache.xml.security.test.c14n.implementations.C14NInterop.t(C14NInterop.java:210)
	at org.apache.xml.security.test.c14n.implementations.C14NInterop.test_Y4_stripped(C14NInterop.java:188)
	at sun.reflect.NativeMethodAccessorImpl.invoke0(Native Method)
	at sun.reflect.NativeMethodAccessorImpl.invoke(NativeMethodAccessorImpl.java:57)
	at sun.reflect.DelegatingMethodAccessorImpl.invoke(DelegatingMethodAccessorImpl.java:43)
	at edu.washington.cs.dt.util.TestRunnerWrapper.main(TestRunnerWrapper.java:56)

FAILURES!!!
Tests run: 1,  Failures: 0,  Errors: 1

.
Time: 0.929

OK (1 test)

.
Time: 0.009

OK (1 test)

.
Time: 0.005

OK (1 test)

.
Time: 0.009

OK (1 test)

.
Time: 0.004

OK (1 test)

.
Time: 0.06

OK (1 test)

.
Time: 0.006

OK (1 test)

.
Time: 0.002

OK (1 test)

.
Time: 0.013

OK (1 test)

.
Time: 0.014

OK (1 test)

.
Time: 0.04

OK (1 test)

.
Time: 0.024

OK (1 test)

.
Time: 0.083

OK (1 test)

.
Time: 0.054

OK (1 test)

.
Time: 0.003

OK (1 test)

.
Time: 0.178

OK (1 test)

.

Time: 0.012

OK (1 test)

.
Time: 0.009

OK (1 test)

.
Time: 0.008

OK (1 test)

.
Time: 0.348

OK (1 test)

.
Time: 0.723

OK (1 test)

.
Time: 0.442

OK (1 test)

.F
Time: 16.357
There was 1 failure:
1) test_Y5(org.apache.xml.security.test.c14n.implementations.ExclusiveC14NInterop)junit.framework.AssertionFailedError: 8 10 19 24 26
	at org.apache.xml.security.test.c14n.implementations.ExclusiveC14NInterop.test_Y5(ExclusiveC14NInterop.java:201)
	at sun.reflect.NativeMethodAccessorImpl.invoke0(Native Method)
	at sun.reflect.NativeMethodAccessorImpl.invoke(NativeMethodAccessorImpl.java:57)
	at sun.reflect.DelegatingMethodAccessorImpl.invoke(DelegatingMethodAccessorImpl.java:43)
	at edu.washington.cs.dt.util.TestRunnerWrapper.main(TestRunnerWrapper.java:56)

FAILURES!!!
Tests run: 1,  Failures: 1,  Errors: 0

.
Time: 0.002

OK (1 test)

.
Time: 0.003

OK (1 test)

.
Time: 0.001

OK (1 test)

.
Time: 0.002

OK (1 test)

.
Time: 0.013

OK (1 test)

.
Time: 0.002

OK (1 test)

.
Time: 0.004

OK (1 test)

.
Time: 0.013

OK (1 test)

.
Time: 0.002

OK (1 test)

.
Time: 0.002

OK (1 test)

.
Time: 0.002

OK (1 test)

.
Time: 0.072

OK (1 test)

.
Time: 0.063

OK (1 test)

.
Time: 0.111

OK (1 test)

.
Time: 0.128

OK (1 test)

.
Time: 0.078

OK (1 test)

.
Time: 0.123

OK (1 test)

.
Time: 0.081

OK (1 test)

.
Time: 0.063

OK (1 test)

.
Time: 1.867

OK (1 test)

.
Time: 0.051

OK (1 test)

.
Time: 0.054

OK (1 test)

.
Time: 0.07

OK (1 test)

.
Time: 0.107

OK (1 test)

.
Time: 0.244

OK (1 test)

.
Time: 0.076

OK (1 test)

.
Time: 0.087

OK (1 test)

.
Time: 0.063

OK (1 test)

.
Time: 0.066

OK (1 test)

.
Time: 0.105

OK (1 test)

.
Time: 0.065

OK (1 test)

.
Time: 0.104

OK (1 test)

.E
Time: 0.009
There was 1 error:
1) test_enveloping_hmac(org.apache.xml.security.test.interop.IBMTest)java.io.FileNotFoundException: data/com/ibm/xss4j-20011029/enveloping-hmac.key (No such file or directory)
	at java.io.FileInputStream.open(Native Method)
	at java.io.FileInputStream.<init>(FileInputStream.java:146)
	at java.io.FileInputStream.<init>(FileInputStream.java:101)
	at org.apache.xml.security.utils.JavaUtils.getBytesFromFile(JavaUtils.java:232)
	at org.apache.xml.security.test.interop.IBMTest.test_enveloping_hmac(IBMTest.java:157)
	at sun.reflect.NativeMethodAccessorImpl.invoke0(Native Method)
	at sun.reflect.NativeMethodAccessorImpl.invoke(NativeMethodAccessorImpl.java:57)
	at sun.reflect.DelegatingMethodAccessorImpl.invoke(DelegatingMethodAccessorImpl.java:43)
	at edu.washington.cs.dt.util.TestRunnerWrapper.main(TestRunnerWrapper.java:56)

FAILURES!!!
Tests run: 1,  Failures: 0,  Errors: 1

.E
Time: 0.012
There was 1 error:
1) test_detached_dsa(org.apache.xml.security.test.interop.IBMTest)java.io.FileNotFoundException: data/com/ibm/xss4j-20011029/detached-dsa.sig (No such file or directory)
	at java.io.FileInputStream.open(Native Method)
	at java.io.FileInputStream.<init>(FileInputStream.java:146)
	at org.apache.xml.security.test.interop.InteropTest.verify(InteropTest.java:117)
	at org.apache.xml.security.test.interop.IBMTest.test_detached_dsa(IBMTest.java:186)
	at sun.reflect.NativeMethodAccessorImpl.invoke0(Native Method)
	at sun.reflect.NativeMethodAccessorImpl.invoke(NativeMethodAccessorImpl.java:57)
	at sun.reflect.DelegatingMethodAccessorImpl.invoke(DelegatingMethodAccessorImpl.java:43)
	at edu.washington.cs.dt.util.TestRunnerWrapper.main(TestRunnerWrapper.java:56)

FAILURES!!!
Tests run: 1,  Failures: 0,  Errors: 1

.
E
Time: 0.01
There was 1 error:
1) test_detached_rsa(org.apache.xml.security.test.interop.IBMTest)java.io.FileNotFoundException: data/com/ibm/xss4j-20011029/detached-rsa.sig (No such file or directory)
	at java.io.FileInputStream.open(Native Method)
	at java.io.FileInputStream.<init>(FileInputStream.java:146)
	at org.apache.xml.security.test.interop.InteropTest.verify(InteropTest.java:117)
	at org.apache.xml.security.test.interop.IBMTest.test_detached_rsa(IBMTest.java:211)
	at sun.reflect.NativeMethodAccessorImpl.invoke0(Native Method)
	at sun.reflect.NativeMethodAccessorImpl.invoke(NativeMethodAccessorImpl.java:57)
	at sun.reflect.DelegatingMethodAccessorImpl.invoke(DelegatingMethodAccessorImpl.java:43)
	at edu.washington.cs.dt.util.TestRunnerWrapper.main(TestRunnerWrapper.java:56)

FAILURES!!!
Tests run: 1,  Failures: 0,  Errors: 1

.E
Time: 0.012
There was 1 error:
1) test_enveloped_dsa(org.apache.xml.security.test.interop.IBMTest)java.io.FileNotFoundException: data/com/ibm/xss4j-20011029/enveloped-dsa.sig (No such file or directory)
	at java.io.FileInputStream.open(Native Method)
	at java.io.FileInputStream.<init>(FileInputStream.java:146)
	at org.apache.xml.security.test.interop.InteropTest.verify(InteropTest.java:117)
	at org.apache.xml.security.test.interop.IBMTest.test_enveloped_dsa(IBMTest.java:236)
	at sun.reflect.NativeMethodAccessorImpl.invoke0(Native Method)
	at sun.reflect.NativeMethodAccessorImpl.invoke(NativeMethodAccessorImpl.java:57)
	at sun.reflect.DelegatingMethodAccessorImpl.invoke(DelegatingMethodAccessorImpl.java:43)
	at edu.washington.cs.dt.util.TestRunnerWrapper.main(TestRunnerWrapper.java:56)

FAILURES!!!
Tests run: 1,  Failures: 0,  Errors: 1

.E
Time: 0.011
There was 1 error:
1) test_enveloped_rsa(org.apache.xml.security.test.interop.IBMTest)java.io.FileNotFoundException: data/com/ibm/xss4j-20011029/enveloped-rsa.sig (No such file or directory)
	at java.io.FileInputStream.open(Native Method)
	at java.io.FileInputStream.<init>(FileInputStream.java:146)
	at org.apache.xml.security.test.interop.InteropTest.verify(InteropTest.java:117)
	at org.apache.xml.security.test.interop.IBMTest.test_enveloped_rsa(IBMTest.java:261)
	at sun.reflect.NativeMethodAccessorImpl.invoke0(Native Method)
	at sun.reflect.NativeMethodAccessorImpl.invoke(NativeMethodAccessorImpl.java:57)
	at sun.reflect.DelegatingMethodAccessorImpl.invoke(DelegatingMethodAccessorImpl.java:43)
	at edu.washington.cs.dt.util.TestRunnerWrapper.main(TestRunnerWrapper.java:56)

FAILURES!!!
Tests run: 1,  Failures: 0,  Errors: 1

.E
Time: 0.011
There was 1 error:
1) test_enveloping_dsa(org.apache.xml.security.test.interop.IBMTest)java.io.FileNotFoundException: data/com/ibm/xss4j-20011029/enveloping-dsa.sig (No such file or directory)
	at java.io.FileInputStream.open(Native Method)
	at java.io.FileInputStream.<init>(FileInputStream.java:146)
	at org.apache.xml.security.test.interop.InteropTest.verify(InteropTest.java:117)
	at org.apache.xml.security.test.interop.IBMTest.test_enveloping_dsa(IBMTest.java:286)
	at sun.reflect.NativeMethodAccessorImpl.invoke0(Native Method)
	at sun.reflect.NativeMethodAccessorImpl.invoke(NativeMethodAccessorImpl.java:57)
	at sun.reflect.DelegatingMethodAccessorImpl.invoke(DelegatingMethodAccessorImpl.java:43)
	at edu.washington.cs.dt.util.TestRunnerWrapper.main(TestRunnerWrapper.java:56)

FAILURES!!!
Tests run: 1,  Failures: 0,  Errors: 1

.E
Time: 0.009
There was 1 error:
1) test_enveloping_rsa(org.apache.xml.security.test.interop.IBMTest)java.io.FileNotFoundException: data/com/ibm/xss4j-20011029/enveloping-rsa.sig (No such file or directory)
	at java.io.FileInputStream.open(Native Method)
	at java.io.FileInputStream.<init>(FileInputStream.java:146)
	at org.apache.xml.security.test.interop.InteropTest.verify(InteropTest.java:117)
	at org.apache.xml.security.test.interop.IBMTest.test_enveloping_rsa(IBMTest.java:311)
	at sun.reflect.NativeMethodAccessorImpl.invoke0(Native Method)
	at sun.reflect.NativeMethodAccessorImpl.invoke(NativeMethodAccessorImpl.java:57)
	at sun.reflect.DelegatingMethodAccessorImpl.invoke(DelegatingMethodAccessorImpl.java:43)
	at edu.washington.cs.dt.util.TestRunnerWrapper.main(TestRunnerWrapper.java:56)

FAILURES!!!
Tests run: 1,  Failures: 0,  Errors: 1

.E
Time: 0.009
There was 1 error:
1) test_enveloping_dsa_soaped_broken(org.apache.xml.security.test.interop.IBMTest)java.io.FileNotFoundException: data/com/ibm/xss4j-20011029/enveloping-dsa-soaped-broken.sig (No such file or directory)
	at java.io.FileInputStream.open(Native Method)
	at java.io.FileInputStream.<init>(FileInputStream.java:146)
	at org.apache.xml.security.test.interop.InteropTest.verify(InteropTest.java:117)
	at org.apache.xml.security.test.interop.IBMTest.test_enveloping_dsa_soaped_broken(IBMTest.java:336)
	at sun.reflect.NativeMethodAccessorImpl.invoke0(Native Method)
	at sun.reflect.NativeMethodAccessorImpl.invoke(NativeMethodAccessorImpl.java:57)
	at sun.reflect.DelegatingMethodAccessorImpl.invoke(DelegatingMethodAccessorImpl.java:43)
	at edu.washington.cs.dt.util.TestRunnerWrapper.main(TestRunnerWrapper.java:56)

FAILURES!!!
Tests run: 1,  Failures: 0,  Errors: 1

.
Time: 0.09

OK (1 test)

.
Time: 0.062

OK (1 test)

.
Time: 0.002

OK (1 test)

.
Time: 0.012

OK (1 test)

.
Time: 0.002

OK (1 test)

.
Time: 0.001

OK (1 test)

.
Time: 0.017

OK (1 test)

.
Time: 0.007

OK (1 test)

.
Time: 0.012

OK (1 test)

.
Time: 0.002

OK (1 test)

.
Time: 0

OK (1 test)

.
Time: 0.004

OK (1 test)

.
Time: 0.011

OK (1 test)

.
Time: 0.015

OK (1 test)

.
Time: 0.002

OK (1 test)

.
Time: 0.011

OK (1 test)

.
Time: 0.012

OK (1 test)

.
Time: 0.024

OK (1 test)

.
Time: 0.002

OK (1 test)

.
Time: 0.003

OK (1 test)

.
Time: 0.023

OK (1 test)

Execution time: 26501795712
0-th run
Pass: 98, Fail: 1, Error: 9
{org.apache.xml.security.test.algorithms.implementations.AESWrapperTest.test41=509704944, org.apache.xml.security.test.algorithms.implementations.AESWrapperTest.test42=6598960, org.apache.xml.security.test.algorithms.implementations.AESWrapperTest.test43=5658277, org.apache.xml.security.test.algorithms.implementations.AESWrapperTest.test44=7026706, org.apache.xml.security.test.algorithms.implementations.AESWrapperTest.test45=22479628, org.apache.xml.security.test.algorithms.implementations.AESWrapperTest.test46=24071467, org.apache.xml.security.test.algorithms.implementations.BlockEncryptionTest.test_AES128=1059390514, org.apache.xml.security.test.algorithms.implementations.BlockEncryptionTest.test_AES192=51928658, org.apache.xml.security.test.algorithms.implementations.BlockEncryptionTest.test_AES256=30561264, org.apache.xml.security.test.algorithms.implementations.BlockEncryptionTest.test_3DES=7075762, org.apache.xml.security.test.algorithms.implementations.KeyWrapTest.test_3DES=114355129, org.apache.xml.security.test.algorithms.implementations.KeyWrapTest.test_AES_41=69812206, org.apache.xml.security.test.algorithms.implementations.KeyWrapTest.test_AES_42=59754392, org.apache.xml.security.test.algorithms.implementations.KeyWrapTest.test_AES_43=42161151, org.apache.xml.security.test.algorithms.implementations.KeyWrapTest.test_AES_44=59236822, org.apache.xml.security.test.algorithms.implementations.KeyWrapTest.test_AES_45=46512165, org.apache.xml.security.test.algorithms.implementations.KeyWrapTest.test_AES_46=62375793, org.apache.xml.security.test.algorithms.implementations.TripleDESWrapperTest.test34=13651224, org.apache.xml.security.test.c14n.helper.C14nHelperTest.testNamespaceIsAbsolute01=2246672, org.apache.xml.security.test.c14n.helper.C14nHelperTest.testNamespaceIsAbsolute02=796169, org.apache.xml.security.test.c14n.helper.C14nHelperTest.testNamespaceIsAbsolute03=4353542, org.apache.xml.security.test.c14n.helper.C14nHelperTest.testNamespaceIsRelative01=3220884, org.apache.xml.security.test.c14n.helper.C14nHelperTest.testNamespaceIsRelative02=796529, org.apache.xml.security.test.c14n.implementations.C14NInterop.test_Y4_stripped=41228598, org.apache.xml.security.test.c14n.implementations.Canonicalizer20010315ExclusiveTest.testA=934389205, org.apache.xml.security.test.c14n.implementations.Canonicalizer20010315ExclusiveTest.test221=9727980, org.apache.xml.security.test.c14n.implementations.Canonicalizer20010315ExclusiveTest.test222=9683168, org.apache.xml.security.test.c14n.implementations.Canonicalizer20010315ExclusiveTest.test221excl=10646356, org.apache.xml.security.test.c14n.implementations.Canonicalizer20010315ExclusiveTest.test222excl=6275320, org.apache.xml.security.test.c14n.implementations.Canonicalizer20010315Test.test31withComments=61152893, org.apache.xml.security.test.c14n.implementations.Canonicalizer20010315Test.test31=9936243, org.apache.xml.security.test.c14n.implementations.Canonicalizer20010315Test.test32=9373271, org.apache.xml.security.test.c14n.implementations.Canonicalizer20010315Test.test33=16926084, org.apache.xml.security.test.c14n.implementations.Canonicalizer20010315Test.test34validatingParser=14837482, org.apache.xml.security.test.c14n.implementations.Canonicalizer20010315Test.test35=46867560, org.apache.xml.security.test.c14n.implementations.Canonicalizer20010315Test.test36=34369223, org.apache.xml.security.test.c14n.implementations.Canonicalizer20010315Test.test37=88382820, org.apache.xml.security.test.c14n.implementations.Canonicalizer20010315Test.test37byNodeList=55816959, org.apache.xml.security.test.c14n.implementations.Canonicalizer20010315Test.testRelativeNSbehaviour=7032992, org.apache.xml.security.test.c14n.implementations.Canonicalizer20010315Test.testTranslationFromUTF16toUTF8=181307881, org.apache.xml.security.test.c14n.implementations.Canonicalizer20010315Test.testXMLAttributes1=19889563, org.apache.xml.security.test.c14n.implementations.Canonicalizer20010315Test.testXMLAttributes2=10828602, org.apache.xml.security.test.c14n.implementations.Canonicalizer20010315Test.testXMLAttributes3=10701373, org.apache.xml.security.test.c14n.implementations.ExclusiveC14NInterop.test_Y1=348907352, org.apache.xml.security.test.c14n.implementations.ExclusiveC14NInterop.test_Y2=726526444, org.apache.xml.security.test.c14n.implementations.ExclusiveC14NInterop.test_Y3=443889722, org.apache.xml.security.test.c14n.implementations.ExclusiveC14NInterop.test_Y5=16361018847, org.apache.xml.security.test.external.org.apache.xalan.XPathAPI.AttributeAncestorOrSelf.test01=2645570, org.apache.xml.security.test.external.org.apache.xalan.XPathAPI.AttributeAncestorOrSelf.test02=4824298, org.apache.xml.security.test.external.org.apache.xalan.XPathAPI.AttributeAncestorOrSelf.test03=5712723, org.apache.xml.security.test.external.org.apache.xalan.XPathAPI.XalanBug1425Test.testBad01=4106394, org.apache.xml.security.test.external.org.apache.xalan.XPathAPI.XalanBug1425Test.testBad02=17898980, org.apache.xml.security.test.external.org.apache.xalan.XPathAPI.XalanBug1425Test.testBad03=9492865, org.apache.xml.security.test.external.org.apache.xalan.XPathAPI.XalanBug1425Test.testGood01=8495016, org.apache.xml.security.test.external.org.apache.xalan.XPathAPI.XalanBug1425Test.testGood02=13535609, org.apache.xml.security.test.external.org.apache.xalan.XPathAPI.XalanBug1425Test.testGood03=10415564, org.apache.xml.security.test.external.org.apache.xalan.XPathAPI.XalanBug1425Test.testGood04=5665123, org.apache.xml.security.test.external.org.apache.xalan.XPathAPI.XalanBug1425Test.testGood05=5174800, org.apache.xml.security.test.interop.BaltimoreTest.test_fifteen_enveloping_hmac_sha1=73589168, org.apache.xml.security.test.interop.BaltimoreTest.test_fifteen_enveloping_hmac_sha1_40=64531203, org.apache.xml.security.test.interop.BaltimoreTest.test_fifteen_enveloped_dsa=116368708, org.apache.xml.security.test.interop.BaltimoreTest.test_fifteen_enveloping_b64_dsa=139724019, org.apache.xml.security.test.interop.BaltimoreTest.test_fifteen_enveloping_dsa=84601262, org.apache.xml.security.test.interop.BaltimoreTest.test_fifteen_enveloping_rsa=127476260, org.apache.xml.security.test.interop.BaltimoreTest.test_fifteen_external_b64_dsa=87968880, org.apache.xml.security.test.interop.BaltimoreTest.test_fifteen_external_dsa=67988833, org.apache.xml.security.test.interop.BaltimoreTest.test_sixteen_external_dsa=1871441744, org.apache.xml.security.test.interop.IAIKTest.test_signatureAlgorithms_signatures_hMACShortSignature=55482863, org.apache.xml.security.test.interop.IAIKTest.test_signatureAlgorithms_signatures_hMACSignature=59430887, org.apache.xml.security.test.interop.IAIKTest.test_coreFeatures_signatures_manifestSignature_core=70761639, org.apache.xml.security.test.interop.IAIKTest.test_coreFeatures_signatures_manifestSignature_manifest=112314058, org.apache.xml.security.test.interop.IAIKTest.test_coreFeatures_signatures_signatureTypesSignature=246461691, org.apache.xml.security.test.interop.IAIKTest.test_coreFeatures_signatures_anonymousReferenceSignature=80261674, org.apache.xml.security.test.interop.IAIKTest.test_signatureAlgorithms_signatures_dSASignature=88045980, org.apache.xml.security.test.interop.IAIKTest.test_signatureAlgorithms_signatures_rSASignature=66846864, org.apache.xml.security.test.interop.IAIKTest.test_transforms_signatures_base64DecodeSignature=73352958, org.apache.xml.security.test.interop.IAIKTest.test_transforms_signatures_c14nSignature=109049009, org.apache.xml.security.test.interop.IAIKTest.test_transforms_signatures_envelopedSignatureSignature=65652986, org.apache.xml.security.test.interop.IAIKTest.test_transforms_signatures_xPathSignature=109344678, org.apache.xml.security.test.interop.IBMTest.test_enveloping_hmac=12594283, org.apache.xml.security.test.interop.IBMTest.test_detached_dsa=13529642, org.apache.xml.security.test.interop.IBMTest.test_detached_rsa=11983087, org.apache.xml.security.test.interop.IBMTest.test_enveloped_dsa=13796523, org.apache.xml.security.test.interop.IBMTest.test_enveloped_rsa=14593051, org.apache.xml.security.test.interop.IBMTest.test_enveloping_dsa=22029901, org.apache.xml.security.test.interop.IBMTest.test_enveloping_rsa=22588390, org.apache.xml.security.test.interop.IBMTest.test_enveloping_dsa_soaped_broken=14392875, org.apache.xml.security.test.interop.RSASecurityTest.test_enveloping=94276103, org.apache.xml.security.test.interop.RSASecurityTest.test_enveloped=71025908, org.apache.xml.security.test.signature.XMLSignatureInputTest.testSetOctetStreamGetOctetStream=7650170, org.apache.xml.security.test.signature.XMLSignatureInputTest.testSetOctetStreamGetNodeSet1=12921575, org.apache.xml.security.test.signature.XMLSignatureInputTest.testSetOctetStreamGetNodeSet2=17132858, org.apache.xml.security.test.signature.XMLSignatureInputTest.testSetOctetStreamGetNodeSet3=12457291, org.apache.xml.security.test.signature.XMLSignatureInputTest.testSetOctetStreamGetNodeSet4=26757781, org.apache.xml.security.test.signature.XMLSignatureInputTest.testSetNodeSetGetNodeSet1=11016578, org.apache.xml.security.test.signature.XMLSignatureInputTest.testSetNodeSetGetOctetStream1=12626615, org.apache.xml.security.test.signature.XMLSignatureInputTest.testIsInitializedWithOctetStream=6288131, org.apache.xml.security.test.signature.XMLSignatureInputTest.testOctetStreamIsOctetStream=3921501, org.apache.xml.security.test.signature.XMLSignatureInputTest.testOctetStreamIsNotNodeSet=5053498, org.apache.xml.security.test.signature.XMLSignatureInputTest.testIsInitializedWithNodeSet=11177552, org.apache.xml.security.test.signature.XMLSignatureInputTest.testNodeSetIsNotOctetStream=15989266, org.apache.xml.security.test.signature.XMLSignatureInputTest.testNodeSetIsNodeSet=11764979, org.apache.xml.security.test.transforms.implementations.TransformBase64DecodeTest.test1=21060283, org.apache.xml.security.test.transforms.implementations.TransformBase64DecodeTest.test2=19718332, org.apache.xml.security.test.transforms.implementations.TransformBase64DecodeTest.test3=38917888, org.apache.xml.security.test.utils.Base64Test.testA1=3163961, org.apache.xml.security.test.utils.resolver.ResourceResolverSpiTest.testExpandSystemId_1=6066870, org.apache.xml.security.test.utils.resolver.ResourceResolverSpiTest.testExpandSystemId_2=23378510}

