.
Time: 0.58

OK (1 test)

.
Time: 0.225

OK (1 test)

.
Time: 0.077

OK (1 test)

.
Time: 0.002

OK (1 test)

.
Time: 0.11

OK (1 test)

.
Time: 0.119

OK (1 test)

.
Time: 0.002

OK (1 test)

.
Time: 0.011

OK (1 test)

.E
Time: 0.013
There was 1 error:
1) test_enveloping_dsa_soaped_broken(org.apache.xml.security.test.interop.IBMTest)java.io.FileNotFoundException: data/com/ibm/xss4j-20011029/enveloping-dsa-soaped-broken.sig (No such file or directory)
	at java.io.FileInputStream.open(Native Method)
	at java.io.FileInputStream.<init>(FileInputStream.java:146)
	at org.apache.xml.security.test.interop.InteropTest.verify(InteropTest.java:117)
	at org.apache.xml.security.test.interop.IBMTest.test_enveloping_dsa_soaped_broken(IBMTest.java:336)
	at sun.reflect.NativeMethodAccessorImpl.invoke0(Native Method)
	at sun.reflect.NativeMethodAccessorImpl.invoke(NativeMethodAccessorImpl.java:57)
	at sun.reflect.DelegatingMethodAccessorImpl.invoke(DelegatingMethodAccessorImpl.java:43)
	at edu.washington.cs.dt.util.TestRunnerWrapper.main(TestRunnerWrapper.java:53)

FAILURES!!!
Tests run: 1,  Failures: 0,  Errors: 1

.
Time: 0.023

OK (1 test)

.
Time: 0.038

OK (1 test)

.E
Time: 0.012
There was 1 error:
1) test_enveloped_rsa(org.apache.xml.security.test.interop.IBMTest)java.io.FileNotFoundException: data/com/ibm/xss4j-20011029/enveloped-rsa.sig (No such file or directory)
	at java.io.FileInputStream.open(Native Method)
	at java.io.FileInputStream.<init>(FileInputStream.java:146)
	at org.apache.xml.security.test.interop.InteropTest.verify(InteropTest.java:117)
	at org.apache.xml.security.test.interop.IBMTest.test_enveloped_rsa(IBMTest.java:261)
	at sun.reflect.NativeMethodAccessorImpl.invoke0(Native Method)
	at sun.reflect.NativeMethodAccessorImpl.invoke(NativeMethodAccessorImpl.java:57)
	at sun.reflect.DelegatingMethodAccessorImpl.invoke(DelegatingMethodAccessorImpl.java:43)
	at edu.washington.cs.dt.util.TestRunnerWrapper.main(TestRunnerWrapper.java:53)

FAILURES!!!
Tests run: 1,  Failures: 0,  Errors: 1

.E
Time: 0.016
There was 1 error:
1) test_detached_dsa(org.apache.xml.security.test.interop.IBMTest)java.io.FileNotFoundException: data/com/ibm/xss4j-20011029/detached-dsa.sig (No such file or directory)
	at java.io.FileInputStream.open(Native Method)
	at java.io.FileInputStream.<init>(FileInputStream.java:146)
	at org.apache.xml.security.test.interop.InteropTest.verify(InteropTest.java:117)
	at org.apache.xml.security.test.interop.IBMTest.test_detached_dsa(IBMTest.java:186)
	at sun.reflect.NativeMethodAccessorImpl.invoke0(Native Method)
	at sun.reflect.NativeMethodAccessorImpl.invoke(NativeMethodAccessorImpl.java:57)
	at sun.reflect.DelegatingMethodAccessorImpl.invoke(DelegatingMethodAccessorImpl.java:43)
	at edu.washington.cs.dt.util.TestRunnerWrapper.main(TestRunnerWrapper.java:53)

FAILURES!!!
Tests run: 1,  Failures: 0,  Errors: 1

.
Time: 0.029

OK (1 test)

.
Time: 0.072

OK (1 test)

.
Time: 0.04

OK (1 test)

.E
Time: 0.028
There was 1 error:
1) test_enveloping_rsa(org.apache.xml.security.test.interop.IBMTest)java.io.FileNotFoundException: data/com/ibm/xss4j-20011029/enveloping-rsa.sig (No such file or directory)
	at java.io.FileInputStream.open(Native Method)
	at java.io.FileInputStream.<init>(FileInputStream.java:146)
	at org.apache.xml.security.test.interop.InteropTest.verify(InteropTest.java:117)
	at org.apache.xml.security.test.interop.IBMTest.test_enveloping_rsa(IBMTest.java:311)
	at sun.reflect.NativeMethodAccessorImpl.invoke0(Native Method)
	at sun.reflect.NativeMethodAccessorImpl.invoke(NativeMethodAccessorImpl.java:57)
	at sun.reflect.DelegatingMethodAccessorImpl.invoke(DelegatingMethodAccessorImpl.java:43)
	at edu.washington.cs.dt.util.TestRunnerWrapper.main(TestRunnerWrapper.java:53)

FAILURES!!!
Tests run: 1,  Failures: 0,  Errors: 1

.E
Time: 0.013
There was 1 error:
1) test_enveloped_dsa(org.apache.xml.security.test.interop.IBMTest)java.io.FileNotFoundException: data/com/ibm/xss4j-20011029/enveloped-dsa.sig (No such file or directory)
	at java.io.FileInputStream.open(Native Method)
	at java.io.FileInputStream.<init>(FileInputStream.java:146)
	at org.apache.xml.security.test.interop.InteropTest.verify(InteropTest.java:117)
	at org.apache.xml.security.test.interop.IBMTest.test_enveloped_dsa(IBMTest.java:236)
	at sun.reflect.NativeMethodAccessorImpl.invoke0(Native Method)
	at sun.reflect.NativeMethodAccessorImpl.invoke(NativeMethodAccessorImpl.java:57)
	at sun.reflect.DelegatingMethodAccessorImpl.invoke(DelegatingMethodAccessorImpl.java:43)
	at edu.washington.cs.dt.util.TestRunnerWrapper.main(TestRunnerWrapper.java:53)

FAILURES!!!
Tests run: 1,  Failures: 0,  Errors: 1

.
Time: 0.025

OK (1 test)

.E
Time: 0.013
There was 1 error:
1) test_detached_rsa(org.apache.xml.security.test.interop.IBMTest)java.io.FileNotFoundException: data/com/ibm/xss4j-20011029/detached-rsa.sig (No such file or directory)
	at java.io.FileInputStream.open(Native Method)
	at java.io.FileInputStream.<init>(FileInputStream.java:146)
	at org.apache.xml.security.test.interop.InteropTest.verify(InteropTest.java:117)
	at org.apache.xml.security.test.interop.IBMTest.test_detached_rsa(IBMTest.java:211)
	at sun.reflect.NativeMethodAccessorImpl.invoke0(Native Method)
	at sun.reflect.NativeMethodAccessorImpl.invoke(NativeMethodAccessorImpl.java:57)
	at sun.reflect.DelegatingMethodAccessorImpl.invoke(DelegatingMethodAccessorImpl.java:43)
	at edu.washington.cs.dt.util.TestRunnerWrapper.main(TestRunnerWrapper.java:53)

FAILURES!!!
Tests run: 1,  Failures: 0,  Errors: 1

.
Time: 0.023

OK (1 test)

.
Time: 0.015

OK (1 test)

.
Time: 0.018

OK (1 test)

.
Time: 0.018

OK (1 test)

.
Time: 0.034

OK (1 test)

.
Time: 0.019

OK (1 test)

.E
Time: 0.012
There was 1 error:
1) test_enveloping_dsa(org.apache.xml.security.test.interop.IBMTest)java.io.FileNotFoundException: data/com/ibm/xss4j-20011029/enveloping-dsa.sig (No such file or directory)
	at java.io.FileInputStream.open(Native Method)
	at java.io.FileInputStream.<init>(FileInputStream.java:146)
	at org.apache.xml.security.test.interop.InteropTest.verify(InteropTest.java:117)
	at org.apache.xml.security.test.interop.IBMTest.test_enveloping_dsa(IBMTest.java:286)
	at sun.reflect.NativeMethodAccessorImpl.invoke0(Native Method)
	at sun.reflect.NativeMethodAccessorImpl.invoke(NativeMethodAccessorImpl.java:57)
	at sun.reflect.DelegatingMethodAccessorImpl.invoke(DelegatingMethodAccessorImpl.java:43)
	at edu.washington.cs.dt.util.TestRunnerWrapper.main(TestRunnerWrapper.java:53)

FAILURES!!!
Tests run: 1,  Failures: 0,  Errors: 1

0-th run
Pass: 20, Fail: 0, Error: 7
{org.apache.xml.security.test.interop.BaltimoreTest.test_fifteen_enveloping_b64_dsa=PASS, org.apache.xml.security.test.interop.IAIKTest.test_transforms_signatures_base64DecodeSignature=PASS, org.apache.xml.security.test.c14n.implementations.Canonicalizer20010315Test.test32=PASS, org.apache.xml.security.test.signature.XMLSignatureInputTest.testIsInitializedWithNodeSet=PASS, org.apache.xml.security.test.external.org.apache.xalan.XPathAPI.XalanBug1425Test.testGood02=PASS, org.apache.xml.security.test.algorithms.implementations.AESWrapperTest.test41=PASS, org.apache.xml.security.test.external.org.apache.xalan.XPathAPI.XalanBug1425Test.testBad03=PASS, org.apache.xml.security.test.external.org.apache.xalan.XPathAPI.XalanBug1425Test.testGood01=PASS, org.apache.xml.security.test.interop.IBMTest.test_enveloping_dsa_soaped_broken=ERROR, org.apache.xml.security.test.external.org.apache.xalan.XPathAPI.AttributeAncestorOrSelf.test02=PASS, org.apache.xml.security.test.algorithms.implementations.AESWrapperTest.test46=PASS, org.apache.xml.security.test.interop.IBMTest.test_enveloped_rsa=ERROR, org.apache.xml.security.test.interop.IBMTest.test_detached_dsa=ERROR, org.apache.xml.security.test.algorithms.implementations.AESWrapperTest.test43=PASS, org.apache.xml.security.test.algorithms.implementations.TripleDESWrapperTest.test34=PASS, org.apache.xml.security.test.algorithms.implementations.AESWrapperTest.test45=PASS, org.apache.xml.security.test.interop.IBMTest.test_enveloping_rsa=ERROR, org.apache.xml.security.test.interop.IBMTest.test_enveloped_dsa=ERROR, org.apache.xml.security.test.external.org.apache.xalan.XPathAPI.XalanBug1425Test.testGood04=PASS, org.apache.xml.security.test.interop.IBMTest.test_detached_rsa=ERROR, org.apache.xml.security.test.external.org.apache.xalan.XPathAPI.XalanBug1425Test.testGood03=PASS, org.apache.xml.security.test.external.org.apache.xalan.XPathAPI.AttributeAncestorOrSelf.test03=PASS, org.apache.xml.security.test.external.org.apache.xalan.XPathAPI.XalanBug1425Test.testBad02=PASS, org.apache.xml.security.test.external.org.apache.xalan.XPathAPI.XalanBug1425Test.testGood05=PASS, org.apache.xml.security.test.algorithms.implementations.AESWrapperTest.test44=PASS, org.apache.xml.security.test.algorithms.implementations.AESWrapperTest.test42=PASS, org.apache.xml.security.test.interop.IBMTest.test_enveloping_dsa=ERROR}


.
Time: 1.037

OK (1 test)

.F
Time: 16.049
There was 1 failure:
1) test_Y5(org.apache.xml.security.test.c14n.implementations.ExclusiveC14NInterop)junit.framework.AssertionFailedError: 8 10 19 24 26
	at org.apache.xml.security.test.c14n.implementations.ExclusiveC14NInterop.test_Y5(ExclusiveC14NInterop.java:201)
	at sun.reflect.NativeMethodAccessorImpl.invoke0(Native Method)
	at sun.reflect.NativeMethodAccessorImpl.invoke(NativeMethodAccessorImpl.java:57)
	at sun.reflect.DelegatingMethodAccessorImpl.invoke(DelegatingMethodAccessorImpl.java:43)
	at edu.washington.cs.dt.util.TestRunnerWrapper.main(TestRunnerWrapper.java:53)

FAILURES!!!
Tests run: 1,  Failures: 1,  Errors: 0

.
Time: 0.003

OK (1 test)

.
Time: 0.001

OK (1 test)

0-th run
Pass: 3, Fail: 1, Error: 0
{org.apache.xml.security.test.interop.IAIKTest.test_signatureAlgorithms_signatures_dSASignature=PASS, org.apache.xml.security.test.c14n.implementations.ExclusiveC14NInterop.test_Y5=FAILURE, org.apache.xml.security.test.c14n.implementations.Canonicalizer20010315ExclusiveTest.test222=PASS, org.apache.xml.security.test.signature.XMLSignatureInputTest.testSetOctetStreamGetOctetStream=PASS}


.
Time: 1.501

OK (1 test)

.
Time: 0.097

OK (1 test)

.
Time: 0.049

OK (1 test)

.
Time: 0.016

OK (1 test)

.
Time: 0.053

OK (1 test)

.
Time: 0.011

OK (1 test)

0-th run
Pass: 6, Fail: 0, Error: 0
{org.apache.xml.security.test.c14n.implementations.Canonicalizer20010315ExclusiveTest.testA=PASS, org.apache.xml.security.test.algorithms.implementations.BlockEncryptionTest.test_AES128=PASS, org.apache.xml.security.test.algorithms.implementations.KeyWrapTest.test_AES_42=PASS, org.apache.xml.security.test.algorithms.implementations.BlockEncryptionTest.test_AES192=PASS, org.apache.xml.security.test.c14n.implementations.Canonicalizer20010315Test.test34validatingParser=PASS, org.apache.xml.security.test.signature.XMLSignatureInputTest.testSetOctetStreamGetNodeSet3=PASS}


log4j:WARN No appenders could be found for logger (org.apache.xml.security.test.c14n.implementations.ExclusiveC14NInterop).
log4j:WARN Please initialize the log4j system properly.
.E
Time: 0.383
There was 1 error:
1) test_Y1(org.apache.xml.security.test.c14n.implementations.ExclusiveC14NInterop)org.apache.xml.security.c14n.InvalidCanonicalizerException: You must initialize the xml-security library correctly before you use it. Call the static method "org.apache.xml.security.Init.init();" to do that before you use any functionality from that library.
	at org.apache.xml.security.c14n.Canonicalizer.<init>(Canonicalizer.java:137)
	at org.apache.xml.security.c14n.Canonicalizer.getInstance(Canonicalizer.java:152)
	at org.apache.xml.security.signature.SignedInfo.<init>(SignedInfo.java:183)
	at org.apache.xml.security.signature.XMLSignature.<init>(XMLSignature.java:197)
	at org.apache.xml.security.test.c14n.implementations.ExclusiveC14NInterop.t(ExclusiveC14NInterop.java:239)
	at org.apache.xml.security.test.c14n.implementations.ExclusiveC14NInterop.test_Y1(ExclusiveC14NInterop.java:143)
	at sun.reflect.NativeMethodAccessorImpl.invoke0(Native Method)
	at sun.reflect.NativeMethodAccessorImpl.invoke(NativeMethodAccessorImpl.java:57)
	at sun.reflect.DelegatingMethodAccessorImpl.invoke(DelegatingMethodAccessorImpl.java:43)
	at edu.washington.cs.dt.util.TestRunnerWrapper.main(TestRunnerWrapper.java:53)

FAILURES!!!
Tests run: 1,  Failures: 0,  Errors: 1

.
Time: 0.37

OK (1 test)

.
Time: 0.079

OK (1 test)

.E
Time: 0.01
There was 1 error:
1) test_Y4_stripped(org.apache.xml.security.test.c14n.implementations.C14NInterop)java.io.FileNotFoundException: /home/winglam/workspace/dependent-tests-impact/experiments/xml-security-orig-v1/data/interop/c14n/Y4/signatureStripped.xml (No such file or directory)
	at java.io.FileInputStream.open(Native Method)
	at java.io.FileInputStream.<init>(FileInputStream.java:146)
	at java.io.FileInputStream.<init>(FileInputStream.java:101)
	at sun.net.www.protocol.file.FileURLConnection.connect(FileURLConnection.java:90)
	at sun.net.www.protocol.file.FileURLConnection.getInputStream(FileURLConnection.java:188)
	at java.net.URL.openStream(URL.java:1037)
	at org.apache.xerces.impl.XMLEntityManager.startEntity(XMLEntityManager.java:731)
	at org.apache.xerces.impl.XMLEntityManager.startDocumentEntity(XMLEntityManager.java:676)
	at org.apache.xerces.impl.XMLDocumentScannerImpl.setInputSource(XMLDocumentScannerImpl.java:252)
	at org.apache.xerces.parsers.StandardParserConfiguration.parse(StandardParserConfiguration.java:499)
	at org.apache.xerces.parsers.StandardParserConfiguration.parse(StandardParserConfiguration.java:581)
	at org.apache.xerces.parsers.XMLParser.parse(XMLParser.java:147)
	at org.apache.xerces.parsers.DOMParser.parse(DOMParser.java:221)
	at org.apache.xerces.jaxp.DocumentBuilderImpl.parse(DocumentBuilderImpl.java:209)
	at javax.xml.parsers.DocumentBuilder.parse(DocumentBuilder.java:205)
	at org.apache.xml.security.test.c14n.implementations.C14NInterop.t(C14NInterop.java:210)
	at org.apache.xml.security.test.c14n.implementations.C14NInterop.test_Y4_stripped(C14NInterop.java:188)
	at sun.reflect.NativeMethodAccessorImpl.invoke0(Native Method)
	at sun.reflect.NativeMethodAccessorImpl.invoke(NativeMethodAccessorImpl.java:57)
	at sun.reflect.DelegatingMethodAccessorImpl.invoke(DelegatingMethodAccessorImpl.java:43)
	at edu.washington.cs.dt.util.TestRunnerWrapper.main(TestRunnerWrapper.java:53)

FAILURES!!!
Tests run: 1,  Failures: 0,  Errors: 1

0-th run
Pass: 2, Fail: 0, Error: 2
{org.apache.xml.security.test.c14n.implementations.ExclusiveC14NInterop.test_Y1=ERROR, org.apache.xml.security.test.interop.BaltimoreTest.test_fifteen_enveloping_hmac_sha1=PASS, org.apache.xml.security.test.c14n.implementations.Canonicalizer20010315Test.testXMLAttributes3=PASS, org.apache.xml.security.test.c14n.implementations.C14NInterop.test_Y4_stripped=ERROR}


log4j:WARN No appenders could be found for logger (org.apache.xml.security.test.c14n.implementations.ExclusiveC14NInterop).
log4j:WARN Please initialize the log4j system properly.
.E
Time: 0.4
There was 1 error:
1) test_Y3(org.apache.xml.security.test.c14n.implementations.ExclusiveC14NInterop)org.apache.xml.security.c14n.InvalidCanonicalizerException: You must initialize the xml-security library correctly before you use it. Call the static method "org.apache.xml.security.Init.init();" to do that before you use any functionality from that library.
	at org.apache.xml.security.c14n.Canonicalizer.<init>(Canonicalizer.java:137)
	at org.apache.xml.security.c14n.Canonicalizer.getInstance(Canonicalizer.java:152)
	at org.apache.xml.security.signature.SignedInfo.<init>(SignedInfo.java:183)
	at org.apache.xml.security.signature.XMLSignature.<init>(XMLSignature.java:197)
	at org.apache.xml.security.test.c14n.implementations.ExclusiveC14NInterop.t(ExclusiveC14NInterop.java:239)
	at org.apache.xml.security.test.c14n.implementations.ExclusiveC14NInterop.test_Y3(ExclusiveC14NInterop.java:167)
	at sun.reflect.NativeMethodAccessorImpl.invoke0(Native Method)
	at sun.reflect.NativeMethodAccessorImpl.invoke(NativeMethodAccessorImpl.java:57)
	at sun.reflect.DelegatingMethodAccessorImpl.invoke(DelegatingMethodAccessorImpl.java:43)
	at edu.washington.cs.dt.util.TestRunnerWrapper.main(TestRunnerWrapper.java:53)

FAILURES!!!
Tests run: 1,  Failures: 0,  Errors: 1

.
Time: 0.389

OK (1 test)

.
Time: 0.116

OK (1 test)

.
Time: 0.265

OK (1 test)

0-th run
Pass: 3, Fail: 0, Error: 1
{org.apache.xml.security.test.c14n.implementations.ExclusiveC14NInterop.test_Y3=ERROR, org.apache.xml.security.test.interop.IAIKTest.test_signatureAlgorithms_signatures_hMACShortSignature=PASS, org.apache.xml.security.test.c14n.implementations.Canonicalizer20010315Test.test31=PASS, org.apache.xml.security.test.c14n.implementations.Canonicalizer20010315Test.testTranslationFromUTF16toUTF8=PASS}


.
Time: 1.193

OK (1 test)

.
Time: 0.06

OK (1 test)

.
Time: 0.448

OK (1 test)

.
Time: 0.206

OK (1 test)

.
Time: 0.037

OK (1 test)

.
Time: 0.057

OK (1 test)

.
Time: 0

OK (1 test)

.
Time: 0.004

OK (1 test)

0-th run
Pass: 8, Fail: 0, Error: 0
{org.apache.xml.security.test.interop.IAIKTest.test_transforms_signatures_xPathSignature=PASS, org.apache.xml.security.test.transforms.implementations.TransformBase64DecodeTest.test3=PASS, org.apache.xml.security.test.algorithms.implementations.KeyWrapTest.test_AES_43=PASS, org.apache.xml.security.test.algorithms.implementations.BlockEncryptionTest.test_AES256=PASS, org.apache.xml.security.test.transforms.implementations.TransformBase64DecodeTest.test2=PASS, org.apache.xml.security.test.signature.XMLSignatureInputTest.testSetOctetStreamGetNodeSet4=PASS, org.apache.xml.security.test.signature.XMLSignatureInputTest.testIsInitializedWithOctetStream=PASS, org.apache.xml.security.test.c14n.helper.C14nHelperTest.testNamespaceIsAbsolute03=PASS}


.
Time: 7.286

OK (1 test)

.
Time: 0.351

OK (1 test)

.
Time: 0.17

OK (1 test)

.
Time: 0.023

OK (1 test)

.
Time: 0.141

OK (1 test)

.
Time: 0.01

OK (1 test)

.
Time: 0.023

OK (1 test)

.
Time: 0.004

OK (1 test)

0-th run
Pass: 8, Fail: 0, Error: 0
{org.apache.xml.security.test.interop.BaltimoreTest.test_sixteen_external_dsa=PASS, org.apache.xml.security.test.algorithms.implementations.KeyWrapTest.test_AES_45=PASS, org.apache.xml.security.test.algorithms.implementations.KeyWrapTest.test_AES_46=PASS, org.apache.xml.security.test.transforms.implementations.TransformBase64DecodeTest.test1=PASS, org.apache.xml.security.test.c14n.implementations.Canonicalizer20010315Test.test33=PASS, org.apache.xml.security.test.c14n.implementations.Canonicalizer20010315Test.testRelativeNSbehaviour=PASS, org.apache.xml.security.test.signature.XMLSignatureInputTest.testNodeSetIsNotOctetStream=PASS, org.apache.xml.security.test.c14n.helper.C14nHelperTest.testNamespaceIsAbsolute02=PASS}


log4j:WARN No appenders could be found for logger (org.apache.xml.security.test.c14n.implementations.ExclusiveC14NInterop).
log4j:WARN Please initialize the log4j system properly.
.E
Time: 0.607
There was 1 error:
1) test_Y2(org.apache.xml.security.test.c14n.implementations.ExclusiveC14NInterop)org.apache.xml.security.c14n.InvalidCanonicalizerException: You must initialize the xml-security library correctly before you use it. Call the static method "org.apache.xml.security.Init.init();" to do that before you use any functionality from that library.
	at org.apache.xml.security.c14n.Canonicalizer.<init>(Canonicalizer.java:137)
	at org.apache.xml.security.c14n.Canonicalizer.getInstance(Canonicalizer.java:152)
	at org.apache.xml.security.signature.SignedInfo.<init>(SignedInfo.java:183)
	at org.apache.xml.security.signature.XMLSignature.<init>(XMLSignature.java:197)
	at org.apache.xml.security.test.c14n.implementations.ExclusiveC14NInterop.t(ExclusiveC14NInterop.java:239)
	at org.apache.xml.security.test.c14n.implementations.ExclusiveC14NInterop.test_Y2(ExclusiveC14NInterop.java:155)
	at sun.reflect.NativeMethodAccessorImpl.invoke0(Native Method)
	at sun.reflect.NativeMethodAccessorImpl.invoke(NativeMethodAccessorImpl.java:57)
	at sun.reflect.DelegatingMethodAccessorImpl.invoke(DelegatingMethodAccessorImpl.java:43)
	at edu.washington.cs.dt.util.TestRunnerWrapper.main(TestRunnerWrapper.java:53)

FAILURES!!!
Tests run: 1,  Failures: 0,  Errors: 1

.
Time: 0.39

OK (1 test)

.
Time: 0.082

OK (1 test)

.
Time: 0.096

OK (1 test)

.
Time: 0.011

OK (1 test)

0-th run
Pass: 4, Fail: 0, Error: 1
{org.apache.xml.security.test.c14n.implementations.ExclusiveC14NInterop.test_Y2=ERROR, org.apache.xml.security.test.interop.BaltimoreTest.test_fifteen_enveloping_hmac_sha1_40=PASS, org.apache.xml.security.test.c14n.implementations.Canonicalizer20010315Test.testXMLAttributes1=PASS, org.apache.xml.security.test.external.org.apache.xalan.XPathAPI.XalanBug1425Test.testBad01=PASS, org.apache.xml.security.test.signature.XMLSignatureInputTest.testNodeSetIsNodeSet=PASS}


.
Time: 0.734

OK (1 test)

.
Time: 0.135

OK (1 test)

.
Time: 0.07

OK (1 test)

.
Time: 0.013

OK (1 test)

.
Time: 0.001

OK (1 test)

0-th run
Pass: 5, Fail: 0, Error: 0
{org.apache.xml.security.test.interop.IAIKTest.test_coreFeatures_signatures_manifestSignature_manifest=PASS, org.apache.xml.security.test.interop.IAIKTest.test_signatureAlgorithms_signatures_hMACSignature=PASS, org.apache.xml.security.test.c14n.implementations.Canonicalizer20010315Test.testXMLAttributes2=PASS, org.apache.xml.security.test.external.org.apache.xalan.XPathAPI.AttributeAncestorOrSelf.test01=PASS, org.apache.xml.security.test.c14n.helper.C14nHelperTest.testNamespaceIsRelative01=PASS}


.
Time: 0.577

OK (1 test)

.
Time: 0.165

OK (1 test)

.
Time: 0.093

OK (1 test)

.
Time: 0.01

OK (1 test)

.
Time: 0.053

OK (1 test)

0-th run
Pass: 5, Fail: 0, Error: 0
{org.apache.xml.security.test.interop.RSASecurityTest.test_enveloping=PASS, org.apache.xml.security.test.interop.BaltimoreTest.test_fifteen_external_dsa=PASS, org.apache.xml.security.test.c14n.implementations.Canonicalizer20010315Test.test31withComments=PASS, org.apache.xml.security.test.signature.XMLSignatureInputTest.testSetOctetStreamGetNodeSet2=PASS, org.apache.xml.security.test.c14n.implementations.Canonicalizer20010315Test.test37byNodeList=PASS}


.
Time: 0.608

OK (1 test)

.
Time: 0.094

OK (1 test)

.
Time: 0.02

OK (1 test)

.
Time: 0.01

OK (1 test)

.
Time: 0

OK (1 test)

0-th run
Pass: 5, Fail: 0, Error: 0
{org.apache.xml.security.test.interop.BaltimoreTest.test_fifteen_enveloping_rsa=PASS, org.apache.xml.security.test.interop.IAIKTest.test_signatureAlgorithms_signatures_rSASignature=PASS, org.apache.xml.security.test.c14n.implementations.Canonicalizer20010315ExclusiveTest.test221excl=PASS, org.apache.xml.security.test.signature.XMLSignatureInputTest.testSetNodeSetGetNodeSet1=PASS, org.apache.xml.security.test.signature.XMLSignatureInputTest.testOctetStreamIsNotNodeSet=PASS}


.
Time: 0.555

OK (1 test)

.
Time: 0.112

OK (1 test)

.
Time: 0.016

OK (1 test)

.
Time: 0

OK (1 test)

.E
Time: 0.001
There was 1 error:
1) test_enveloping_hmac(org.apache.xml.security.test.interop.IBMTest)java.io.FileNotFoundException: data/com/ibm/xss4j-20011029/enveloping-hmac.key (No such file or directory)
	at java.io.FileInputStream.open(Native Method)
	at java.io.FileInputStream.<init>(FileInputStream.java:146)
	at java.io.FileInputStream.<init>(FileInputStream.java:101)
	at org.apache.xml.security.utils.JavaUtils.getBytesFromFile(JavaUtils.java:232)
	at org.apache.xml.security.test.interop.IBMTest.test_enveloping_hmac(IBMTest.java:157)
	at sun.reflect.NativeMethodAccessorImpl.invoke0(Native Method)
	at sun.reflect.NativeMethodAccessorImpl.invoke(NativeMethodAccessorImpl.java:57)
	at sun.reflect.DelegatingMethodAccessorImpl.invoke(DelegatingMethodAccessorImpl.java:43)
	at edu.washington.cs.dt.util.TestRunnerWrapper.main(TestRunnerWrapper.java:53)

FAILURES!!!
Tests run: 1,  Failures: 0,  Errors: 1

0-th run
Pass: 4, Fail: 0, Error: 1
{org.apache.xml.security.test.interop.BaltimoreTest.test_fifteen_enveloped_dsa=PASS, org.apache.xml.security.test.interop.BaltimoreTest.test_fifteen_enveloping_dsa=PASS, org.apache.xml.security.test.signature.XMLSignatureInputTest.testSetNodeSetGetOctetStream1=PASS, org.apache.xml.security.test.utils.resolver.ResourceResolverSpiTest.testExpandSystemId_1=PASS, org.apache.xml.security.test.interop.IBMTest.test_enveloping_hmac=ERROR}


.
Time: 2.24

OK (1 test)

.
Time: 0.195

OK (1 test)

.
Time: 0.181

OK (1 test)

.
Time: 0.099

OK (1 test)

.
Time: 0.112

OK (1 test)

.
Time: 0.013

OK (1 test)

.
Time: 0.003

OK (1 test)

.
Time: 0

OK (1 test)

0-th run
Pass: 8, Fail: 0, Error: 0
{org.apache.xml.security.test.interop.IAIKTest.test_coreFeatures_signatures_signatureTypesSignature=PASS, org.apache.xml.security.test.algorithms.implementations.KeyWrapTest.test_3DES=PASS, org.apache.xml.security.test.algorithms.implementations.KeyWrapTest.test_AES_44=PASS, org.apache.xml.security.test.algorithms.implementations.KeyWrapTest.test_AES_41=PASS, org.apache.xml.security.test.c14n.implementations.Canonicalizer20010315Test.test37=PASS, org.apache.xml.security.test.c14n.implementations.Canonicalizer20010315ExclusiveTest.test221=PASS, org.apache.xml.security.test.signature.XMLSignatureInputTest.testOctetStreamIsOctetStream=PASS, org.apache.xml.security.test.c14n.helper.C14nHelperTest.testNamespaceIsRelative02=PASS}


.
Time: 0.585

OK (1 test)

.
Time: 0.097

OK (1 test)

.
Time: 0.052

OK (1 test)

.
Time: 0.007

OK (1 test)

.
Time: 0.001

OK (1 test)

0-th run
Pass: 5, Fail: 0, Error: 0
{org.apache.xml.security.test.interop.RSASecurityTest.test_enveloped=PASS, org.apache.xml.security.test.interop.IAIKTest.test_coreFeatures_signatures_anonymousReferenceSignature=PASS, org.apache.xml.security.test.c14n.implementations.Canonicalizer20010315Test.test35=PASS, org.apache.xml.security.test.utils.resolver.ResourceResolverSpiTest.testExpandSystemId_2=PASS, org.apache.xml.security.test.c14n.helper.C14nHelperTest.testNamespaceIsAbsolute01=PASS}


.
Time: 0.617

OK (1 test)

.
Time: 0.244

OK (1 test)

.
Time: 0.03

OK (1 test)

.
Time: 0.036

OK (1 test)

0-th run
Pass: 4, Fail: 0, Error: 0
{org.apache.xml.security.test.interop.IAIKTest.test_transforms_signatures_envelopedSignatureSignature=PASS, org.apache.xml.security.test.interop.BaltimoreTest.test_fifteen_external_b64_dsa=PASS, org.apache.xml.security.test.c14n.implementations.Canonicalizer20010315ExclusiveTest.test222excl=PASS, org.apache.xml.security.test.signature.XMLSignatureInputTest.testSetOctetStreamGetNodeSet1=PASS}


.
Time: 0.647

OK (1 test)

.
Time: 0.171

OK (1 test)

.
Time: 0.042

OK (1 test)

.
Time: 0

OK (1 test)

0-th run
Pass: 4, Fail: 0, Error: 0
{org.apache.xml.security.test.interop.IAIKTest.test_coreFeatures_signatures_manifestSignature_core=PASS, org.apache.xml.security.test.interop.IAIKTest.test_transforms_signatures_c14nSignature=PASS, org.apache.xml.security.test.c14n.implementations.Canonicalizer20010315Test.test36=PASS, org.apache.xml.security.test.utils.Base64Test.testA1=PASS}


