The following arguments were used to generate this output.
[-technique, parallelization, -order, original, -origOrder, crystal-orig-order, -testInputDir, /home/winglam/dt-copy3/dependent-tests-impact/experiments/crystalvc//sootTestOutput-orig, -filesToDelete, crystal-env-files, -project, Crystal, -testType, orig, -numOfMachines, 8, -outputDir, /home/winglam/dt-copy3/dependent-tests-impact/experiments/parallelization-results, -timesToRun, 5, -dependentTestFile, /home/winglam/dt-copy3/dependent-tests-impact/experiments/parallelization-dt-list/parallelization-Crystal-orig-8-original.txt]

Execution time of TLG and its time to find/nullify any DTs for 1 machine (does not include the time to run the tests in the new order): 0.163
Number of tests selected out of total in original order: 8 / 63
Number of DTs not fixed: 0
Number of DTs fixed: 0
Execution time for executing the following testing order: 0.022

Test order list:
[crystal.client.ClientPreferencesTest.testNullInputConstructor, crystal.client.ClientPreferencesTest.testClientPreferences, crystal.client.ClientPreferencesTest.testDefaultSetting, crystal.client.ClientPreferencesTest.testDuplicateAddProjectPreferences, crystal.client.ClientPreferencesTest.testAddProjectPreferences, crystal.client.ClientPreferencesTest.testDuplicateProject, crystal.client.ClientPreferencesTest.testRemoveProjectPreferences, crystal.client.ClientPreferencesTest.testRemoveProjectPreferencesAtIndex]

Time each test takes to run in the new order:
[19001294, 311431, 646450, 752605, 244414, 285227, 277069, 237739]

Dependent test list:
[Test: crystal.model.DataSourceTest.testSetHistory, Intended behavior: FAILURE, when executed after: [crystal.model.DataSourceTest.testToString], The revealed different behavior: PASS, when executed after: [], Test: crystal.model.DataSourceTest.testToString, Intended behavior: FAILURE, when executed after: [crystal.model.DataSourceTest.testSetField], The revealed different behavior: PASS, when executed after: []]
--------------------------
Execution time of TLG and its time to find/nullify any DTs for 1 machine (does not include the time to run the tests in the new order): 0.208
Number of tests selected out of total in original order: 8 / 63
Number of DTs not fixed: 0
Number of DTs fixed: 0
Execution time for executing the following testing order: 0.067

Test order list:
[crystal.client.ClientPreferencesTest.testClone, crystal.client.ConflictDaemonTest.testAddListener, crystal.client.ConflictDaemonTest.testGetInstance, crystal.client.ConflictDaemonTest.testLocalState, crystal.client.ConflictDaemonTest.testRelationship, crystal.client.ProjectPreferencesTest.testClone, crystal.client.ProjectPreferencesTest.testProjectPreferences, crystal.client.ProjectPreferencesTest.testDuplicateAddDataSource]

Time each test takes to run in the new order:
[21804114, 4160985, 247965, 16877655, 22563439, 386046, 243218, 880679]

Dependent test list:
[Test: crystal.model.DataSourceTest.testSetHistory, Intended behavior: FAILURE, when executed after: [crystal.model.DataSourceTest.testToString], The revealed different behavior: PASS, when executed after: [], Test: crystal.model.DataSourceTest.testToString, Intended behavior: FAILURE, when executed after: [crystal.model.DataSourceTest.testSetField], The revealed different behavior: PASS, when executed after: []]
--------------------------
Execution time of TLG and its time to find/nullify any DTs for 1 machine (does not include the time to run the tests in the new order): 0.425
Number of tests selected out of total in original order: 9 / 63
Number of DTs not fixed: 0
Number of DTs fixed: 0
Execution time for executing the following testing order: 0.274

Test order list:
[crystal.client.ProjectPreferencesTest.testAddDataSource, crystal.client.ProjectPreferencesTest.testGetNumOfVisibleSources, crystal.client.ProjectPreferencesTest.testRemoveDataSource, crystal.client.ProjectPreferencesTest.testGetProjectCheckoutLocation, crystal.model.DataSourceTest.testClone, crystal.model.DataSourceTest.testSetField, crystal.model.DataSourceTest.testToString, crystal.model.DataSourceTest.testSetHistory, crystal.model.DataSourceTest.testSetRemoteCmd]

Time each test takes to run in the new order:
[17247362, 275538, 319710, 2350492, 351467, 264345, 238966, 252926909, 324231]

Dependent test list:
[Test: crystal.model.DataSourceTest.testSetHistory, Intended behavior: FAILURE, when executed after: [crystal.model.DataSourceTest.testToString], The revealed different behavior: PASS, when executed after: [], Test: crystal.model.DataSourceTest.testToString, Intended behavior: FAILURE, when executed after: [crystal.model.DataSourceTest.testSetField], The revealed different behavior: PASS, when executed after: []]
--------------------------
Execution time of TLG and its time to find/nullify any DTs for 1 machine (does not include the time to run the tests in the new order): 0.170
Number of tests selected out of total in original order: 9 / 63
Number of DTs not fixed: 6
Number of DTs fixed: 0
Execution time for executing the following testing order: 0.019

Test order list:
[crystal.model.DataSourceTest.testSetCompileCommand, crystal.model.DataSourceTest.testSetEnabled, crystal.model.DataSourceTest.testIsHidden, crystal.model.DataSourceTest.testSetParent, crystal.model.DataSourceTest.testSetKind, crystal.model.DataSourceTest.testSetCloneString, crystal.model.DataSourceTest.testSetField, crystal.model.DataSourceTest.testToString, crystal.model.LocalStateResultTest.testStrangeActionName]

Time each test takes to run in the new order:
[11637317, 837200, 808488, 768798, 768139, 967008, 777963, 1194965, 1017779]

DTs not fixed are:
[crystal.model.DataSourceTest.testIsHidden, crystal.model.DataSourceTest.testSetKind, crystal.model.DataSourceTest.testSetEnabled, crystal.model.DataSourceTest.testSetCloneString, crystal.model.DataSourceTest.testSetParent, crystal.model.DataSourceTest.testSetCompileCommand]

Dependent test list:
[Test: crystal.model.DataSourceTest.testSetHistory, Intended behavior: FAILURE, when executed after: [crystal.model.DataSourceTest.testToString], The revealed different behavior: PASS, when executed after: [], Test: crystal.model.DataSourceTest.testToString, Intended behavior: FAILURE, when executed after: [crystal.model.DataSourceTest.testSetField], The revealed different behavior: PASS, when executed after: []]
--------------------------
Execution time of TLG and its time to find/nullify any DTs for 1 machine (does not include the time to run the tests in the new order): 0.159
Number of tests selected out of total in original order: 8 / 63
Number of DTs not fixed: 0
Number of DTs fixed: 0
Execution time for executing the following testing order: 0.018

Test order list:
[crystal.model.LocalStateResultTest.testErrorActionNameConstructor, crystal.model.LocalStateResultTest.testGetAction, crystal.model.LocalStateResultTest.testGetLastAction, crystal.model.LocalStateResultTest.testGetName, crystal.model.LocalStateResultTest.testGetNoErrorMessage, crystal.model.LocalStateResultTest.testGetLastErrorMessage, crystal.model.LocalStateResultTest.testGetLocalState, crystal.model.LocalStateResultTest.testGetLastLocalState]

Time each test takes to run in the new order:
[11110443, 2379248, 718691, 723979, 656762, 662078, 678246, 661341]

Dependent test list:
[Test: crystal.model.DataSourceTest.testSetHistory, Intended behavior: FAILURE, when executed after: [crystal.model.DataSourceTest.testToString], The revealed different behavior: PASS, when executed after: [], Test: crystal.model.DataSourceTest.testToString, Intended behavior: FAILURE, when executed after: [crystal.model.DataSourceTest.testSetField], The revealed different behavior: PASS, when executed after: []]
--------------------------
Execution time of TLG and its time to find/nullify any DTs for 1 machine (does not include the time to run the tests in the new order): 0.483
Number of tests selected out of total in original order: 8 / 63
Number of DTs not fixed: 0
Number of DTs fixed: 0
Execution time for executing the following testing order: 0.283

Test order list:
[crystal.model.LocalStateResultTest.testToString, crystal.model.RelationshipTest.testStrangeNameConstructor, crystal.model.RelationshipTest.testConstructor, crystal.model.RelationshipTest.testCalculateAction, crystal.model.RelationshipTest.testGetActionRepoKind, crystal.model.RelationshipTest.testGetDominant, crystal.model.RelationshipTest.testEqualsObject, crystal.model.RevisionHistoryTest.testEqualsObject]

Time each test takes to run in the new order:
[11597111, 1580270, 22864298, 1970681, 1196002, 948533, 1104688, 242122592]

Dependent test list:
[Test: crystal.model.DataSourceTest.testSetHistory, Intended behavior: FAILURE, when executed after: [crystal.model.DataSourceTest.testToString], The revealed different behavior: PASS, when executed after: [], Test: crystal.model.DataSourceTest.testToString, Intended behavior: FAILURE, when executed after: [crystal.model.DataSourceTest.testSetField], The revealed different behavior: PASS, when executed after: []]
--------------------------
Execution time of TLG and its time to find/nullify any DTs for 1 machine (does not include the time to run the tests in the new order): 0.570
Number of tests selected out of total in original order: 8 / 63
Number of DTs not fixed: 0
Number of DTs fixed: 0
Execution time for executing the following testing order: 0.409

Test order list:
[crystal.model.RevisionHistoryTest.testSuperSubHistory, crystal.model.RevisionHistoryTest.testGetCommitters, crystal.server.GuidanceCheckerTest.testGetCommitters, crystal.server.GuidanceCheckerTest.testGetWhen, crystal.server.HgLogParserTest.testParseNullLog, crystal.server.HgLogParserTest.testParseLog, crystal.server.HgLogParserTest.testSingleLog, crystal.server.HgLogParserTest.testTwoLogs]

Time each test takes to run in the new order:
[257842501, 118899704, 1663401, 26174575, 600534, 2733974, 943720, 461233]

Dependent test list:
[Test: crystal.model.DataSourceTest.testSetHistory, Intended behavior: FAILURE, when executed after: [crystal.model.DataSourceTest.testToString], The revealed different behavior: PASS, when executed after: [], Test: crystal.model.DataSourceTest.testToString, Intended behavior: FAILURE, when executed after: [crystal.model.DataSourceTest.testSetField], The revealed different behavior: PASS, when executed after: []]
--------------------------
Execution time of TLG and its time to find/nullify any DTs for 1 machine (does not include the time to run the tests in the new order): 0.188
Number of tests selected out of total in original order: 7 / 63
Number of DTs not fixed: 0
Number of DTs fixed: 0
Execution time for executing the following testing order: 0.041

Test order list:
[crystal.util.SetOperationsTest.testNullIntersection, crystal.util.SetOperationsTest.testIntersection, crystal.util.SetOperationsTest.testNullUnion, crystal.util.SetOperationsTest.testUnion, crystal.util.SetOperationsTest.testSetDifference, crystal.util.SetOperationsTest.testXor, crystal.util.SpringLayoutUtilityTest.testInvalidPanelParameter]

Time each test takes to run in the new order:
[12911228, 1348357, 755266, 292045, 265498, 233553, 25413402]

Dependent test list:
[Test: crystal.model.DataSourceTest.testSetHistory, Intended behavior: FAILURE, when executed after: [crystal.model.DataSourceTest.testToString], The revealed different behavior: PASS, when executed after: [], Test: crystal.model.DataSourceTest.testToString, Intended behavior: FAILURE, when executed after: [crystal.model.DataSourceTest.testSetField], The revealed different behavior: PASS, when executed after: []]
--------------------------
Total time (of all machines and iterations plus initial TestListGenerator): 1.146
New order time: 0.409
Total number of tests executed in all machines out of total in original order: 65 / 63