Test: randoop.xmlsecurity.RandoopTest1.test124
Intended behavior: FAILURE
when executed after: [randoop.xmlsecurity.RandoopTest0.test213, randoop.xmlsecurity.RandoopTest0.test40]
The revealed different behavior: PASS
when executed after: []

Test: randoop.xmlsecurity.RandoopTest0.test193
Intended behavior: FAILURE
when executed after: [randoop.xmlsecurity.RandoopTest0.test139]
The revealed different behavior: PASS
when executed after: [randoop.xmlsecurity.RandoopTest0.test495, randoop.xmlsecurity.RandoopTest0.test213]

Test: randoop.xmlsecurity.RandoopTest0.test342
Intended behavior: FAILURE
when executed after: [randoop.xmlsecurity.RandoopTest0.test211]
The revealed different behavior: PASS
when executed after: []

Test: randoop.xmlsecurity.RandoopTest0.test382
Intended behavior: FAILURE
when executed after: [randoop.xmlsecurity.RandoopTest0.test230, randoop.xmlsecurity.RandoopTest0.test255]
The revealed different behavior: PASS
when executed after: [randoop.xmlsecurity.RandoopTest0.test495]

Test: randoop.xmlsecurity.RandoopTest0.test61
Intended behavior: FAILURE
when executed after: [randoop.xmlsecurity.RandoopTest0.test26]
The revealed different behavior: PASS
when executed after: []

Test: randoop.xmlsecurity.RandoopTest0.test104
Intended behavior: FAILURE
when executed after: [randoop.xmlsecurity.RandoopTest0.test26]
The revealed different behavior: PASS
when executed after: []

Test: randoop.xmlsecurity.RandoopTest0.test105
Intended behavior: FAILURE
when executed after: []
The revealed different behavior: PASS
when executed after: [randoop.xmlsecurity.RandoopTest0.test318, randoop.xmlsecurity.RandoopTest0.test211]

Test: randoop.xmlsecurity.RandoopTest0.test168
Intended behavior: FAILURE
when executed after: []
The revealed different behavior: PASS
when executed after: [randoop.xmlsecurity.RandoopTest0.test318, randoop.xmlsecurity.RandoopTest0.test211]

Test: randoop.xmlsecurity.RandoopTest0.test89
Intended behavior: FAILURE
when executed after: []
The revealed different behavior: PASS
when executed after: [randoop.xmlsecurity.RandoopTest0.test318, randoop.xmlsecurity.RandoopTest0.test211]

Test: randoop.xmlsecurity.RandoopTest0.test107
Intended behavior: FAILURE
when executed after: []
The revealed different behavior: PASS
when executed after: [randoop.xmlsecurity.RandoopTest0.test318, randoop.xmlsecurity.RandoopTest0.test211]

Test: randoop.xmlsecurity.RandoopTest0.test1
Intended behavior: FAILURE
when executed after: []
The revealed different behavior: PASS
when executed after: [randoop.xmlsecurity.RandoopTest0.test318, randoop.xmlsecurity.RandoopTest0.test211]

Test: randoop.xmlsecurity.RandoopTest0.test43
Intended behavior: FAILURE
when executed after: []
The revealed different behavior: PASS
when executed after: [randoop.xmlsecurity.RandoopTest0.test211, randoop.xmlsecurity.RandoopTest0.test318]

Test: randoop.xmlsecurity.RandoopTest0.test81
Intended behavior: FAILURE
when executed after: []
The revealed different behavior: PASS
when executed after: [randoop.xmlsecurity.RandoopTest0.test211, randoop.xmlsecurity.RandoopTest0.test318]

Test: randoop.xmlsecurity.RandoopTest1.test7
Intended behavior: FAILURE
when executed after: [randoop.xmlsecurity.RandoopTest0.test495, randoop.xmlsecurity.RandoopTest0.test40]
The revealed different behavior: PASS
when executed after: []

Test: randoop.xmlsecurity.RandoopTest0.test110
Intended behavior: FAILURE
when executed after: [randoop.xmlsecurity.RandoopTest0.test72, randoop.xmlsecurity.RandoopTest0.test40]
The revealed different behavior: PASS
when executed after: []

Test: randoop.xmlsecurity.RandoopTest0.test29
Intended behavior: FAILURE
when executed after: []
The revealed different behavior: PASS
when executed after: [randoop.xmlsecurity.RandoopTest0.test211, randoop.xmlsecurity.RandoopTest0.test318]

Test: randoop.xmlsecurity.RandoopTest0.test500
Intended behavior: FAILURE
when executed after: [randoop.xmlsecurity.RandoopTest0.test495, randoop.xmlsecurity.RandoopTest0.test40]
The revealed different behavior: PASS
when executed after: []

Test: randoop.xmlsecurity.RandoopTest0.test15
Intended behavior: FAILURE
when executed after: []
The revealed different behavior: PASS
when executed after: [randoop.xmlsecurity.RandoopTest0.test37, randoop.xmlsecurity.RandoopTest0.test28]

Test: randoop.xmlsecurity.RandoopTest0.test37
Intended behavior: FAILURE
when executed after: []
The revealed different behavior: PASS
when executed after: [randoop.xmlsecurity.RandoopTest0.test40]

Test: randoop.xmlsecurity.RandoopTest0.test28
Intended behavior: FAILURE
when executed after: []
The revealed different behavior: PASS
when executed after: [randoop.xmlsecurity.RandoopTest0.test40]

Test: randoop.xmlsecurity.RandoopTest0.test40
Intended behavior: FAILURE
when executed after: []
The revealed different behavior: PASS
when executed after: [randoop.xmlsecurity.RandoopTest1.test74, randoop.xmlsecurity.RandoopTest0.test45]

Test: randoop.xmlsecurity.RandoopTest0.test175
Intended behavior: FAILURE
when executed after: []
The revealed different behavior: PASS
when executed after: [randoop.xmlsecurity.RandoopTest0.test211, randoop.xmlsecurity.RandoopTest0.test318]

Test: randoop.xmlsecurity.RandoopTest0.test460
Intended behavior: FAILURE
when executed after: [randoop.xmlsecurity.RandoopTest0.test344]
The revealed different behavior: PASS
when executed after: []

Test: randoop.xmlsecurity.RandoopTest0.test151
Intended behavior: FAILURE
when executed after: []
The revealed different behavior: PASS
when executed after: [randoop.xmlsecurity.RandoopTest0.test211, randoop.xmlsecurity.RandoopTest0.test318]

Test: randoop.xmlsecurity.RandoopTest0.test45
Intended behavior: FAILURE
when executed after: []
The revealed different behavior: PASS
when executed after: [randoop.xmlsecurity.RandoopTest0.test139, randoop.xmlsecurity.RandoopTest0.test213]

Test: randoop.xmlsecurity.RandoopTest0.test495
Intended behavior: FAILURE
when executed after: []
The revealed different behavior: PASS
when executed after: [randoop.xmlsecurity.RandoopTest1.test74, randoop.xmlsecurity.RandoopTest1.test81]

Test: randoop.xmlsecurity.RandoopTest0.test171
Intended behavior: FAILURE
when executed after: []
The revealed different behavior: PASS
when executed after: [randoop.xmlsecurity.RandoopTest0.test318, randoop.xmlsecurity.RandoopTest0.test211]

Test: randoop.xmlsecurity.RandoopTest0.test172
Intended behavior: FAILURE
when executed after: []
The revealed different behavior: PASS
when executed after: [randoop.xmlsecurity.RandoopTest0.test318, randoop.xmlsecurity.RandoopTest0.test211]

Test: randoop.xmlsecurity.RandoopTest0.test155
Intended behavior: FAILURE
when executed after: []
The revealed different behavior: PASS
when executed after: [randoop.xmlsecurity.RandoopTest0.test318, randoop.xmlsecurity.RandoopTest0.test211]

Test: randoop.xmlsecurity.RandoopTest1.test26
Intended behavior: FAILURE
when executed after: [randoop.xmlsecurity.RandoopTest0.test211]
The revealed different behavior: PASS
when executed after: []

Test: randoop.xmlsecurity.RandoopTest0.test84
Intended behavior: FAILURE
when executed after: []
The revealed different behavior: PASS
when executed after: [randoop.xmlsecurity.RandoopTest0.test211, randoop.xmlsecurity.RandoopTest0.test318]

Test: randoop.xmlsecurity.RandoopTest0.test359
Intended behavior: FAILURE
when executed after: []
The revealed different behavior: PASS
when executed after: [randoop.xmlsecurity.RandoopTest0.test424]

Test: randoop.xmlsecurity.RandoopTest1.test51
Intended behavior: FAILURE
when executed after: [randoop.xmlsecurity.RandoopTest0.test70]
The revealed different behavior: PASS
when executed after: []

Test: randoop.xmlsecurity.RandoopTest0.test77
Intended behavior: FAILURE
when executed after: []
The revealed different behavior: PASS
when executed after: [randoop.xmlsecurity.RandoopTest0.test211, randoop.xmlsecurity.RandoopTest0.test318]

Test: randoop.xmlsecurity.RandoopTest0.test117
Intended behavior: FAILURE
when executed after: []
The revealed different behavior: PASS
when executed after: [randoop.xmlsecurity.RandoopTest0.test211, randoop.xmlsecurity.RandoopTest0.test318]

Test: randoop.xmlsecurity.RandoopTest0.test51
Intended behavior: FAILURE
when executed after: []
The revealed different behavior: PASS
when executed after: [randoop.xmlsecurity.RandoopTest0.test211, randoop.xmlsecurity.RandoopTest0.test318]

Test: randoop.xmlsecurity.RandoopTest0.test213
Intended behavior: FAILURE
when executed after: []
The revealed different behavior: PASS
when executed after: [randoop.xmlsecurity.RandoopTest0.test230, randoop.xmlsecurity.RandoopTest0.test255]

Test: randoop.xmlsecurity.RandoopTest0.test231
Intended behavior: FAILURE
when executed after: [randoop.xmlsecurity.RandoopTest0.test176]
The revealed different behavior: PASS
when executed after: []

Test: randoop.xmlsecurity.RandoopTest0.test181
Intended behavior: FAILURE
when executed after: []
The revealed different behavior: PASS
when executed after: [randoop.xmlsecurity.RandoopTest0.test211, randoop.xmlsecurity.RandoopTest0.test318]

Test: randoop.xmlsecurity.RandoopTest0.test79
Intended behavior: FAILURE
when executed after: []
The revealed different behavior: PASS
when executed after: [randoop.xmlsecurity.RandoopTest0.test211, randoop.xmlsecurity.RandoopTest0.test318]

Test: randoop.xmlsecurity.RandoopTest0.test96
Intended behavior: FAILURE
when executed after: []
The revealed different behavior: PASS
when executed after: [randoop.xmlsecurity.RandoopTest0.test211, randoop.xmlsecurity.RandoopTest0.test318]

Test: randoop.xmlsecurity.RandoopTest0.test123
Intended behavior: FAILURE
when executed after: []
The revealed different behavior: PASS
when executed after: [randoop.xmlsecurity.RandoopTest0.test211, randoop.xmlsecurity.RandoopTest0.test318]

Test: randoop.xmlsecurity.RandoopTest0.test6
Intended behavior: FAILURE
when executed after: []
The revealed different behavior: PASS
when executed after: [randoop.xmlsecurity.RandoopTest0.test211, randoop.xmlsecurity.RandoopTest0.test318]

Test: randoop.xmlsecurity.RandoopTest0.test4
Intended behavior: FAILURE
when executed after: []
The revealed different behavior: PASS
when executed after: [randoop.xmlsecurity.RandoopTest0.test15]

Test: randoop.xmlsecurity.RandoopTest0.test92
Intended behavior: FAILURE
when executed after: []
The revealed different behavior: PASS
when executed after: [randoop.xmlsecurity.RandoopTest0.test211, randoop.xmlsecurity.RandoopTest0.test318]

Test: randoop.xmlsecurity.RandoopTest0.test3
Intended behavior: FAILURE
when executed after: []
The revealed different behavior: PASS
when executed after: [randoop.xmlsecurity.RandoopTest0.test15]

Test: randoop.xmlsecurity.RandoopTest0.test208
Intended behavior: FAILURE
when executed after: []
The revealed different behavior: PASS
when executed after: [randoop.xmlsecurity.RandoopTest0.test211, randoop.xmlsecurity.RandoopTest0.test318]

Test: randoop.xmlsecurity.RandoopTest0.test35
Intended behavior: FAILURE
when executed after: []
The revealed different behavior: PASS
when executed after: [randoop.xmlsecurity.RandoopTest0.test139, randoop.xmlsecurity.RandoopTest0.test213]

Test: randoop.xmlsecurity.RandoopTest0.test205
Intended behavior: FAILURE
when executed after: []
The revealed different behavior: PASS
when executed after: [randoop.xmlsecurity.RandoopTest0.test211, randoop.xmlsecurity.RandoopTest0.test318]

Test: randoop.xmlsecurity.RandoopTest0.test13
Intended behavior: FAILURE
when executed after: []
The revealed different behavior: PASS
when executed after: [randoop.xmlsecurity.RandoopTest0.test211, randoop.xmlsecurity.RandoopTest0.test318]

Test: randoop.xmlsecurity.RandoopTest1.test97
Intended behavior: FAILURE
when executed after: [randoop.xmlsecurity.RandoopTest0.test213, randoop.xmlsecurity.RandoopTest0.test40]
The revealed different behavior: PASS
when executed after: []

Test: randoop.xmlsecurity.RandoopTest0.test14
Intended behavior: FAILURE
when executed after: []
The revealed different behavior: PASS
when executed after: [randoop.xmlsecurity.RandoopTest0.test211, randoop.xmlsecurity.RandoopTest0.test318]

Test: randoop.xmlsecurity.RandoopTest0.test165
Intended behavior: FAILURE
when executed after: []
The revealed different behavior: PASS
when executed after: [randoop.xmlsecurity.RandoopTest0.test211, randoop.xmlsecurity.RandoopTest0.test318]

Test: randoop.xmlsecurity.RandoopTest0.test163
Intended behavior: FAILURE
when executed after: []
The revealed different behavior: PASS
when executed after: [randoop.xmlsecurity.RandoopTest0.test211, randoop.xmlsecurity.RandoopTest0.test318]

Test: randoop.xmlsecurity.RandoopTest0.test11
Intended behavior: FAILURE
when executed after: []
The revealed different behavior: PASS
when executed after: [randoop.xmlsecurity.RandoopTest0.test211, randoop.xmlsecurity.RandoopTest0.test318]

Test: randoop.xmlsecurity.RandoopTest0.test161
Intended behavior: FAILURE
when executed after: []
The revealed different behavior: PASS
when executed after: [randoop.xmlsecurity.RandoopTest0.test211, randoop.xmlsecurity.RandoopTest0.test318]

Test: randoop.xmlsecurity.RandoopTest0.test143
Intended behavior: FAILURE
when executed after: []
The revealed different behavior: PASS
when executed after: [randoop.xmlsecurity.RandoopTest0.test211, randoop.xmlsecurity.RandoopTest0.test318]

Test: randoop.xmlsecurity.RandoopTest1.test80
Intended behavior: FAILURE
when executed after: [randoop.xmlsecurity.RandoopTest0.test40]
The revealed different behavior: PASS
when executed after: []

Test: randoop.xmlsecurity.RandoopTest0.test458
Intended behavior: FAILURE
when executed after: []
The revealed different behavior: PASS
when executed after: [randoop.xmlsecurity.RandoopTest0.test495]

Test: randoop.xmlsecurity.RandoopTest0.test463
Intended behavior: FAILURE
when executed after: []
The revealed different behavior: PASS
when executed after: [randoop.xmlsecurity.RandoopTest0.test495]

Test: randoop.xmlsecurity.RandoopTest0.test66
Intended behavior: FAILURE
when executed after: []
The revealed different behavior: PASS
when executed after: [randoop.xmlsecurity.RandoopTest0.test211, randoop.xmlsecurity.RandoopTest0.test318]

