The following arguments were used to generate this output.
[-technique, parallelization, -order, time, -timeOrder, xml_security-orig-time.txt, -origOrder, xml_security-orig-order, -testInputDir, sootTestOutput-orig, -filesToDelete, xml_security-env-files, -numOfMachines, 16, -project, XML Security, -testType, orig, -timesToRun, 1, -outputDir, /homes/gws/winglam/winglam/dependent-tests-impact/experiments/parallelization-results, -dependentTestFile, /homes/gws/winglam/winglam/dependent-tests-impact/experiments/parallelization-dt-list/parallelization-XML Security-orig-16-time.txt]

Execution time of TLG and its time to find/nullify any DTs for 1 machine (does not include the time to run the tests in the new order): 0.613
Number of tests selected out of total in original order: 12 / 107
Number of DTs not fixed: 0
Number of DTs fixed: 0
Execution time for executing the following testing order: 0.506

Test order list:
[org.apache.xml.security.test.algorithms.implementations.AESWrapperTest.test42, org.apache.xml.security.test.algorithms.implementations.AESWrapperTest.test44, org.apache.xml.security.test.algorithms.implementations.BlockEncryptionTest.test_AES256, org.apache.xml.security.test.c14n.helper.C14nHelperTest.testNamespaceIsRelative01, org.apache.xml.security.test.c14n.implementations.Canonicalizer20010315Test.test31, org.apache.xml.security.test.c14n.implementations.Canonicalizer20010315Test.test37byNodeList, org.apache.xml.security.test.external.org.apache.xalan.XPathAPI.XalanBug1425Test.testBad03, org.apache.xml.security.test.external.org.apache.xalan.XPathAPI.XalanBug1425Test.testGood05, org.apache.xml.security.test.interop.IAIKTest.test_coreFeatures_signatures_manifestSignature_core, org.apache.xml.security.test.interop.IAIKTest.test_coreFeatures_signatures_signatureTypesSignature, org.apache.xml.security.test.signature.XMLSignatureInputTest.testSetOctetStreamGetNodeSet2, org.apache.xml.security.test.signature.XMLSignatureInputTest.testOctetStreamIsOctetStream]

Time each test takes to run in the new order:
[108297017, 1655618, 219677340, 867709, 13557783, 11805863, 10040654, 1544204, 49159506, 87648334, 1504029, 234553]

Dependent test list:
[Test: org.apache.xml.security.test.c14n.implementations.ExclusiveC14NInterop.test_Y3, Intended behavior: FAILURE, when executed after: [org.apache.xml.security.test.c14n.implementations.ExclusiveC14NInterop.test_Y2], The revealed different behavior: PASS, when executed after: [], Test: org.apache.xml.security.test.c14n.implementations.ExclusiveC14NInterop.test_Y2, Intended behavior: FAILURE, when executed after: [org.apache.xml.security.test.algorithms.implementations.BlockEncryptionTest.test_AES128], The revealed different behavior: PASS, when executed after: [], Test: org.apache.xml.security.test.c14n.implementations.ExclusiveC14NInterop.test_Y5, Intended behavior: FAILURE, when executed after: [org.apache.xml.security.test.c14n.implementations.ExclusiveC14NInterop.test_Y3], The revealed different behavior: PASS, when executed after: []]
--------------------------
Execution time of TLG and its time to find/nullify any DTs for 1 machine (does not include the time to run the tests in the new order): 0.518
Number of tests selected out of total in original order: 10 / 107
Number of DTs not fixed: 0
Number of DTs fixed: 0
Execution time for executing the following testing order: 0.431

Test order list:
[org.apache.xml.security.test.algorithms.implementations.KeyWrapTest.test_3DES, org.apache.xml.security.test.algorithms.implementations.KeyWrapTest.test_AES_43, org.apache.xml.security.test.algorithms.implementations.KeyWrapTest.test_AES_45, org.apache.xml.security.test.c14n.implementations.Canonicalizer20010315Test.testXMLAttributes3, org.apache.xml.security.test.external.org.apache.xalan.XPathAPI.AttributeAncestorOrSelf.test01, org.apache.xml.security.test.external.org.apache.xalan.XPathAPI.XalanBug1425Test.testBad02, org.apache.xml.security.test.interop.IAIKTest.test_transforms_signatures_base64DecodeSignature, org.apache.xml.security.test.interop.IBMTest.test_enveloped_dsa, org.apache.xml.security.test.signature.XMLSignatureInputTest.testIsInitializedWithNodeSet, org.apache.xml.security.test.transforms.implementations.TransformBase64DecodeTest.test3]

Time each test takes to run in the new order:
[316712776, 9415330, 6543549, 10832831, 8617403, 11935677, 56374507, 2487932, 1868381, 6315915]

Dependent test list:
[Test: org.apache.xml.security.test.c14n.implementations.ExclusiveC14NInterop.test_Y3, Intended behavior: FAILURE, when executed after: [org.apache.xml.security.test.c14n.implementations.ExclusiveC14NInterop.test_Y2], The revealed different behavior: PASS, when executed after: [], Test: org.apache.xml.security.test.c14n.implementations.ExclusiveC14NInterop.test_Y2, Intended behavior: FAILURE, when executed after: [org.apache.xml.security.test.algorithms.implementations.BlockEncryptionTest.test_AES128], The revealed different behavior: PASS, when executed after: [], Test: org.apache.xml.security.test.c14n.implementations.ExclusiveC14NInterop.test_Y5, Intended behavior: FAILURE, when executed after: [org.apache.xml.security.test.c14n.implementations.ExclusiveC14NInterop.test_Y3], The revealed different behavior: PASS, when executed after: []]
--------------------------
Execution time of TLG and its time to find/nullify any DTs for 1 machine (does not include the time to run the tests in the new order): 0.523
Number of tests selected out of total in original order: 11 / 107
Number of DTs not fixed: 0
Number of DTs fixed: 0
Execution time for executing the following testing order: 0.234

Test order list:
[org.apache.xml.security.test.algorithms.implementations.AESWrapperTest.test45, org.apache.xml.security.test.c14n.helper.C14nHelperTest.testNamespaceIsAbsolute01, org.apache.xml.security.test.c14n.implementations.Canonicalizer20010315ExclusiveTest.test221excl, org.apache.xml.security.test.c14n.implementations.Canonicalizer20010315Test.testXMLAttributes2, org.apache.xml.security.test.interop.BaltimoreTest.test_fifteen_enveloping_hmac_sha1_40, org.apache.xml.security.test.interop.BaltimoreTest.test_fifteen_enveloping_dsa, org.apache.xml.security.test.interop.BaltimoreTest.test_fifteen_external_b64_dsa, org.apache.xml.security.test.interop.IAIKTest.test_signatureAlgorithms_signatures_dSASignature, org.apache.xml.security.test.interop.IBMTest.test_detached_dsa, org.apache.xml.security.test.interop.IBMTest.test_enveloped_rsa, org.apache.xml.security.test.signature.XMLSignatureInputTest.testSetOctetStreamGetNodeSet1]

Time each test takes to run in the new order:
[106865895, 592411, 4551321, 10171761, 28541311, 36329942, 20289319, 17939811, 1890878, 966521, 6274806]

Dependent test list:
[Test: org.apache.xml.security.test.c14n.implementations.ExclusiveC14NInterop.test_Y3, Intended behavior: FAILURE, when executed after: [org.apache.xml.security.test.c14n.implementations.ExclusiveC14NInterop.test_Y2], The revealed different behavior: PASS, when executed after: [], Test: org.apache.xml.security.test.c14n.implementations.ExclusiveC14NInterop.test_Y2, Intended behavior: FAILURE, when executed after: [org.apache.xml.security.test.algorithms.implementations.BlockEncryptionTest.test_AES128], The revealed different behavior: PASS, when executed after: [], Test: org.apache.xml.security.test.c14n.implementations.ExclusiveC14NInterop.test_Y5, Intended behavior: FAILURE, when executed after: [org.apache.xml.security.test.c14n.implementations.ExclusiveC14NInterop.test_Y3], The revealed different behavior: PASS, when executed after: []]
--------------------------
Execution time of TLG and its time to find/nullify any DTs for 1 machine (does not include the time to run the tests in the new order): 0.578
Number of tests selected out of total in original order: 7 / 107
Number of DTs not fixed: 0
Number of DTs fixed: 0
Execution time for executing the following testing order: 0.133

Test order list:
[org.apache.xml.security.test.c14n.implementations.Canonicalizer20010315ExclusiveTest.test222, org.apache.xml.security.test.c14n.implementations.Canonicalizer20010315Test.test34validatingParser, org.apache.xml.security.test.c14n.implementations.ExclusiveC14NInterop.test_Y1, org.apache.xml.security.test.external.org.apache.xalan.XPathAPI.AttributeAncestorOrSelf.test02, org.apache.xml.security.test.interop.IAIKTest.test_signatureAlgorithms_signatures_hMACSignature, org.apache.xml.security.test.interop.IBMTest.test_detached_rsa, org.apache.xml.security.test.signature.XMLSignatureInputTest.testSetNodeSetGetOctetStream1]

Time each test takes to run in the new order:
[11858854, 12987689, 83211059, 3021483, 16949861, 2487470, 2076326]

Dependent test list:
[Test: org.apache.xml.security.test.c14n.implementations.ExclusiveC14NInterop.test_Y3, Intended behavior: FAILURE, when executed after: [org.apache.xml.security.test.c14n.implementations.ExclusiveC14NInterop.test_Y2], The revealed different behavior: PASS, when executed after: [], Test: org.apache.xml.security.test.c14n.implementations.ExclusiveC14NInterop.test_Y2, Intended behavior: FAILURE, when executed after: [org.apache.xml.security.test.algorithms.implementations.BlockEncryptionTest.test_AES128], The revealed different behavior: PASS, when executed after: [], Test: org.apache.xml.security.test.c14n.implementations.ExclusiveC14NInterop.test_Y5, Intended behavior: FAILURE, when executed after: [org.apache.xml.security.test.c14n.implementations.ExclusiveC14NInterop.test_Y3], The revealed different behavior: PASS, when executed after: []]
--------------------------
Execution time of TLG and its time to find/nullify any DTs for 1 machine (does not include the time to run the tests in the new order): 0.520
Number of tests selected out of total in original order: 12 / 107
Number of DTs not fixed: 0
Number of DTs fixed: 0
Execution time for executing the following testing order: 0.433

Test order list:
[org.apache.xml.security.test.algorithms.implementations.AESWrapperTest.test43, org.apache.xml.security.test.algorithms.implementations.KeyWrapTest.test_AES_41, org.apache.xml.security.test.c14n.helper.C14nHelperTest.testNamespaceIsAbsolute02, org.apache.xml.security.test.c14n.implementations.Canonicalizer20010315Test.test36, org.apache.xml.security.test.c14n.implementations.Canonicalizer20010315Test.test37, org.apache.xml.security.test.c14n.implementations.Canonicalizer20010315Test.testRelativeNSbehaviour, org.apache.xml.security.test.c14n.implementations.Canonicalizer20010315Test.testTranslationFromUTF16toUTF8, org.apache.xml.security.test.external.org.apache.xalan.XPathAPI.XalanBug1425Test.testGood04, org.apache.xml.security.test.interop.IAIKTest.test_signatureAlgorithms_signatures_rSASignature, org.apache.xml.security.test.interop.IBMTest.test_enveloping_rsa, org.apache.xml.security.test.signature.XMLSignatureInputTest.testSetOctetStreamGetOctetStream, org.apache.xml.security.test.utils.Base64Test.testA1]

Time each test takes to run in the new order:
[108896023, 211323102, 520643, 10100327, 14532984, 1555271, 26040562, 1986463, 54037358, 2660405, 527527, 409357]

Dependent test list:
[Test: org.apache.xml.security.test.c14n.implementations.ExclusiveC14NInterop.test_Y3, Intended behavior: FAILURE, when executed after: [org.apache.xml.security.test.c14n.implementations.ExclusiveC14NInterop.test_Y2], The revealed different behavior: PASS, when executed after: [], Test: org.apache.xml.security.test.c14n.implementations.ExclusiveC14NInterop.test_Y2, Intended behavior: FAILURE, when executed after: [org.apache.xml.security.test.algorithms.implementations.BlockEncryptionTest.test_AES128], The revealed different behavior: PASS, when executed after: [], Test: org.apache.xml.security.test.c14n.implementations.ExclusiveC14NInterop.test_Y5, Intended behavior: FAILURE, when executed after: [org.apache.xml.security.test.c14n.implementations.ExclusiveC14NInterop.test_Y3], The revealed different behavior: PASS, when executed after: []]
--------------------------
Execution time of TLG and its time to find/nullify any DTs for 1 machine (does not include the time to run the tests in the new order): 0.573
Number of tests selected out of total in original order: 12 / 107
Number of DTs not fixed: 0
Number of DTs fixed: 0
Execution time for executing the following testing order: 0.434

Test order list:
[org.apache.xml.security.test.algorithms.implementations.KeyWrapTest.test_AES_44, org.apache.xml.security.test.c14n.helper.C14nHelperTest.testNamespaceIsRelative02, org.apache.xml.security.test.c14n.implementations.C14NInterop.test_Y4_stripped, org.apache.xml.security.test.c14n.implementations.Canonicalizer20010315Test.test31withComments, org.apache.xml.security.test.c14n.implementations.Canonicalizer20010315Test.test35, org.apache.xml.security.test.external.org.apache.xalan.XPathAPI.XalanBug1425Test.testGood01, org.apache.xml.security.test.external.org.apache.xalan.XPathAPI.XalanBug1425Test.testGood02, org.apache.xml.security.test.interop.IAIKTest.test_transforms_signatures_c14nSignature, org.apache.xml.security.test.interop.IAIKTest.test_transforms_signatures_xPathSignature, org.apache.xml.security.test.signature.XMLSignatureInputTest.testSetOctetStreamGetNodeSet4, org.apache.xml.security.test.signature.XMLSignatureInputTest.testNodeSetIsNotOctetStream, org.apache.xml.security.test.transforms.implementations.TransformBase64DecodeTest.test1]

Time each test takes to run in the new order:
[312665827, 461364, 3085975, 12496165, 2909065, 9401920, 1282714, 52031390, 32160272, 4176343, 1553500, 2079785]

Dependent test list:
[Test: org.apache.xml.security.test.c14n.implementations.ExclusiveC14NInterop.test_Y3, Intended behavior: FAILURE, when executed after: [org.apache.xml.security.test.c14n.implementations.ExclusiveC14NInterop.test_Y2], The revealed different behavior: PASS, when executed after: [], Test: org.apache.xml.security.test.c14n.implementations.ExclusiveC14NInterop.test_Y2, Intended behavior: FAILURE, when executed after: [org.apache.xml.security.test.algorithms.implementations.BlockEncryptionTest.test_AES128], The revealed different behavior: PASS, when executed after: [], Test: org.apache.xml.security.test.c14n.implementations.ExclusiveC14NInterop.test_Y5, Intended behavior: FAILURE, when executed after: [org.apache.xml.security.test.c14n.implementations.ExclusiveC14NInterop.test_Y3], The revealed different behavior: PASS, when executed after: []]
--------------------------
Execution time of TLG and its time to find/nullify any DTs for 1 machine (does not include the time to run the tests in the new order): 0.544
Number of tests selected out of total in original order: 12 / 107
Number of DTs not fixed: 0
Number of DTs fixed: 0
Execution time for executing the following testing order: 0.253

Test order list:
[org.apache.xml.security.test.algorithms.implementations.TripleDESWrapperTest.test34, org.apache.xml.security.test.external.org.apache.xalan.XPathAPI.AttributeAncestorOrSelf.test03, org.apache.xml.security.test.interop.BaltimoreTest.test_fifteen_enveloped_dsa, org.apache.xml.security.test.interop.BaltimoreTest.test_fifteen_external_dsa, org.apache.xml.security.test.interop.IAIKTest.test_signatureAlgorithms_signatures_hMACShortSignature, org.apache.xml.security.test.interop.IAIKTest.test_coreFeatures_signatures_manifestSignature_manifest, org.apache.xml.security.test.interop.IAIKTest.test_transforms_signatures_envelopedSignatureSignature, org.apache.xml.security.test.signature.XMLSignatureInputTest.testSetOctetStreamGetNodeSet3, org.apache.xml.security.test.signature.XMLSignatureInputTest.testNodeSetIsNodeSet, org.apache.xml.security.test.transforms.implementations.TransformBase64DecodeTest.test2, org.apache.xml.security.test.utils.resolver.ResourceResolverSpiTest.testExpandSystemId_1, org.apache.xml.security.test.utils.resolver.ResourceResolverSpiTest.testExpandSystemId_2]

Time each test takes to run in the new order:
[109366728, 2658100, 47925819, 22262781, 13933252, 33328120, 14961286, 2060370, 1166573, 2898357, 245766, 1718195]

Dependent test list:
[Test: org.apache.xml.security.test.c14n.implementations.ExclusiveC14NInterop.test_Y3, Intended behavior: FAILURE, when executed after: [org.apache.xml.security.test.c14n.implementations.ExclusiveC14NInterop.test_Y2], The revealed different behavior: PASS, when executed after: [], Test: org.apache.xml.security.test.c14n.implementations.ExclusiveC14NInterop.test_Y2, Intended behavior: FAILURE, when executed after: [org.apache.xml.security.test.algorithms.implementations.BlockEncryptionTest.test_AES128], The revealed different behavior: PASS, when executed after: [], Test: org.apache.xml.security.test.c14n.implementations.ExclusiveC14NInterop.test_Y5, Intended behavior: FAILURE, when executed after: [org.apache.xml.security.test.c14n.implementations.ExclusiveC14NInterop.test_Y3], The revealed different behavior: PASS, when executed after: []]
--------------------------
Execution time of TLG and its time to find/nullify any DTs for 1 machine (does not include the time to run the tests in the new order): 0.534
Number of tests selected out of total in original order: 12 / 107
Number of DTs not fixed: 0
Number of DTs fixed: 0
Execution time for executing the following testing order: 0.432

Test order list:
[org.apache.xml.security.test.algorithms.implementations.BlockEncryptionTest.test_AES192, org.apache.xml.security.test.algorithms.implementations.KeyWrapTest.test_AES_42, org.apache.xml.security.test.c14n.helper.C14nHelperTest.testNamespaceIsAbsolute03, org.apache.xml.security.test.c14n.implementations.Canonicalizer20010315ExclusiveTest.test221, org.apache.xml.security.test.c14n.implementations.Canonicalizer20010315Test.test33, org.apache.xml.security.test.c14n.implementations.Canonicalizer20010315Test.testXMLAttributes1, org.apache.xml.security.test.external.org.apache.xalan.XPathAPI.XalanBug1425Test.testBad01, org.apache.xml.security.test.interop.BaltimoreTest.test_fifteen_enveloping_rsa, org.apache.xml.security.test.interop.IBMTest.test_enveloping_dsa_soaped_broken, org.apache.xml.security.test.interop.RSASecurityTest.test_enveloped, org.apache.xml.security.test.signature.XMLSignatureInputTest.testSetNodeSetGetNodeSet1, org.apache.xml.security.test.signature.XMLSignatureInputTest.testOctetStreamIsNotNodeSet]

Time each test takes to run in the new order:
[328393203, 8747654, 480087, 3926535, 12671305, 4855191, 10269036, 44473676, 1896337, 14884562, 1371324, 207356]

Dependent test list:
[Test: org.apache.xml.security.test.c14n.implementations.ExclusiveC14NInterop.test_Y3, Intended behavior: FAILURE, when executed after: [org.apache.xml.security.test.c14n.implementations.ExclusiveC14NInterop.test_Y2], The revealed different behavior: PASS, when executed after: [], Test: org.apache.xml.security.test.c14n.implementations.ExclusiveC14NInterop.test_Y2, Intended behavior: FAILURE, when executed after: [org.apache.xml.security.test.algorithms.implementations.BlockEncryptionTest.test_AES128], The revealed different behavior: PASS, when executed after: [], Test: org.apache.xml.security.test.c14n.implementations.ExclusiveC14NInterop.test_Y5, Intended behavior: FAILURE, when executed after: [org.apache.xml.security.test.c14n.implementations.ExclusiveC14NInterop.test_Y3], The revealed different behavior: PASS, when executed after: []]
--------------------------
Execution time of TLG and its time to find/nullify any DTs for 1 machine (does not include the time to run the tests in the new order): 0.541
Number of tests selected out of total in original order: 12 / 107
Number of DTs not fixed: 0
Number of DTs fixed: 0
Execution time for executing the following testing order: 0.476

Test order list:
[org.apache.xml.security.test.algorithms.implementations.AESWrapperTest.test46, org.apache.xml.security.test.algorithms.implementations.KeyWrapTest.test_AES_46, org.apache.xml.security.test.c14n.implementations.Canonicalizer20010315ExclusiveTest.test222excl, org.apache.xml.security.test.c14n.implementations.Canonicalizer20010315Test.test32, org.apache.xml.security.test.external.org.apache.xalan.XPathAPI.XalanBug1425Test.testGood03, org.apache.xml.security.test.interop.BaltimoreTest.test_fifteen_enveloping_hmac_sha1, org.apache.xml.security.test.interop.BaltimoreTest.test_fifteen_enveloping_b64_dsa, org.apache.xml.security.test.interop.IAIKTest.test_coreFeatures_signatures_anonymousReferenceSignature, org.apache.xml.security.test.interop.IBMTest.test_enveloping_hmac, org.apache.xml.security.test.interop.IBMTest.test_enveloping_dsa, org.apache.xml.security.test.interop.RSASecurityTest.test_enveloping, org.apache.xml.security.test.signature.XMLSignatureInputTest.testIsInitializedWithOctetStream]

Time each test takes to run in the new order:
[115964936, 212885728, 4970157, 8029847, 10240391, 29281936, 49619446, 27427740, 1432629, 1102084, 14574158, 290345]

Dependent test list:
[Test: org.apache.xml.security.test.c14n.implementations.ExclusiveC14NInterop.test_Y3, Intended behavior: FAILURE, when executed after: [org.apache.xml.security.test.c14n.implementations.ExclusiveC14NInterop.test_Y2], The revealed different behavior: PASS, when executed after: [], Test: org.apache.xml.security.test.c14n.implementations.ExclusiveC14NInterop.test_Y2, Intended behavior: FAILURE, when executed after: [org.apache.xml.security.test.algorithms.implementations.BlockEncryptionTest.test_AES128], The revealed different behavior: PASS, when executed after: [], Test: org.apache.xml.security.test.c14n.implementations.ExclusiveC14NInterop.test_Y5, Intended behavior: FAILURE, when executed after: [org.apache.xml.security.test.c14n.implementations.ExclusiveC14NInterop.test_Y3], The revealed different behavior: PASS, when executed after: []]
--------------------------
Execution time of TLG and its time to find/nullify any DTs for 1 machine (does not include the time to run the tests in the new order): 0.752
Number of tests selected out of total in original order: 3 / 107
Number of DTs not fixed: 0
Number of DTs fixed: 0
Execution time for executing the following testing order: 0.600

Test order list:
[org.apache.xml.security.test.algorithms.implementations.BlockEncryptionTest.test_AES128, org.apache.xml.security.test.c14n.implementations.ExclusiveC14NInterop.test_Y2, org.apache.xml.security.test.c14n.implementations.ExclusiveC14NInterop.test_Y3]

Time each test takes to run in the new order:
[384722313, 138401776, 76420716]

Dependent test list:
[Test: org.apache.xml.security.test.c14n.implementations.ExclusiveC14NInterop.test_Y3, Intended behavior: FAILURE, when executed after: [org.apache.xml.security.test.c14n.implementations.ExclusiveC14NInterop.test_Y2], The revealed different behavior: PASS, when executed after: [], Test: org.apache.xml.security.test.c14n.implementations.ExclusiveC14NInterop.test_Y2, Intended behavior: FAILURE, when executed after: [org.apache.xml.security.test.algorithms.implementations.BlockEncryptionTest.test_AES128], The revealed different behavior: PASS, when executed after: [], Test: org.apache.xml.security.test.c14n.implementations.ExclusiveC14NInterop.test_Y5, Intended behavior: FAILURE, when executed after: [org.apache.xml.security.test.c14n.implementations.ExclusiveC14NInterop.test_Y3], The revealed different behavior: PASS, when executed after: []]
--------------------------
Execution time of TLG and its time to find/nullify any DTs for 1 machine (does not include the time to run the tests in the new order): 0.559
Number of tests selected out of total in original order: 2 / 107
Number of DTs not fixed: 0
Number of DTs fixed: 0
Execution time for executing the following testing order: 0.456

Test order list:
[org.apache.xml.security.test.algorithms.implementations.BlockEncryptionTest.test_AES128, org.apache.xml.security.test.c14n.implementations.ExclusiveC14NInterop.test_Y2]

Time each test takes to run in the new order:
[332296318, 123979068]

Dependent test list:
[Test: org.apache.xml.security.test.c14n.implementations.ExclusiveC14NInterop.test_Y3, Intended behavior: FAILURE, when executed after: [org.apache.xml.security.test.c14n.implementations.ExclusiveC14NInterop.test_Y2], The revealed different behavior: PASS, when executed after: [], Test: org.apache.xml.security.test.c14n.implementations.ExclusiveC14NInterop.test_Y2, Intended behavior: FAILURE, when executed after: [org.apache.xml.security.test.algorithms.implementations.BlockEncryptionTest.test_AES128], The revealed different behavior: PASS, when executed after: [], Test: org.apache.xml.security.test.c14n.implementations.ExclusiveC14NInterop.test_Y5, Intended behavior: FAILURE, when executed after: [org.apache.xml.security.test.c14n.implementations.ExclusiveC14NInterop.test_Y3], The revealed different behavior: PASS, when executed after: []]
--------------------------
Execution time of TLG and its time to find/nullify any DTs for 1 machine (does not include the time to run the tests in the new order): 0.221
Number of tests selected out of total in original order: 1 / 107
Number of DTs not fixed: 0
Number of DTs fixed: 0
Execution time for executing the following testing order: 0.107

Test order list:
[org.apache.xml.security.test.algorithms.implementations.AESWrapperTest.test41]

Time each test takes to run in the new order:
[106647748]

Dependent test list:
[Test: org.apache.xml.security.test.c14n.implementations.ExclusiveC14NInterop.test_Y3, Intended behavior: FAILURE, when executed after: [org.apache.xml.security.test.c14n.implementations.ExclusiveC14NInterop.test_Y2], The revealed different behavior: PASS, when executed after: [], Test: org.apache.xml.security.test.c14n.implementations.ExclusiveC14NInterop.test_Y2, Intended behavior: FAILURE, when executed after: [org.apache.xml.security.test.algorithms.implementations.BlockEncryptionTest.test_AES128], The revealed different behavior: PASS, when executed after: [], Test: org.apache.xml.security.test.c14n.implementations.ExclusiveC14NInterop.test_Y5, Intended behavior: FAILURE, when executed after: [org.apache.xml.security.test.c14n.implementations.ExclusiveC14NInterop.test_Y3], The revealed different behavior: PASS, when executed after: []]
--------------------------
Execution time of TLG and its time to find/nullify any DTs for 1 machine (does not include the time to run the tests in the new order): 0.696
Number of tests selected out of total in original order: 1 / 107
Number of DTs not fixed: 0
Number of DTs fixed: 0
Execution time for executing the following testing order: 0.378

Test order list:
[org.apache.xml.security.test.interop.BaltimoreTest.test_sixteen_external_dsa]

Time each test takes to run in the new order:
[378059498]

Dependent test list:
[Test: org.apache.xml.security.test.c14n.implementations.ExclusiveC14NInterop.test_Y3, Intended behavior: FAILURE, when executed after: [org.apache.xml.security.test.c14n.implementations.ExclusiveC14NInterop.test_Y2], The revealed different behavior: PASS, when executed after: [], Test: org.apache.xml.security.test.c14n.implementations.ExclusiveC14NInterop.test_Y2, Intended behavior: FAILURE, when executed after: [org.apache.xml.security.test.algorithms.implementations.BlockEncryptionTest.test_AES128], The revealed different behavior: PASS, when executed after: [], Test: org.apache.xml.security.test.c14n.implementations.ExclusiveC14NInterop.test_Y5, Intended behavior: FAILURE, when executed after: [org.apache.xml.security.test.c14n.implementations.ExclusiveC14NInterop.test_Y3], The revealed different behavior: PASS, when executed after: []]
--------------------------
Execution time of TLG and its time to find/nullify any DTs for 1 machine (does not include the time to run the tests in the new order): 0.520
Number of tests selected out of total in original order: 1 / 107
Number of DTs not fixed: 0
Number of DTs fixed: 0
Execution time for executing the following testing order: 0.145

Test order list:
[org.apache.xml.security.test.c14n.implementations.Canonicalizer20010315ExclusiveTest.testA]

Time each test takes to run in the new order:
[145095990]

Dependent test list:
[Test: org.apache.xml.security.test.c14n.implementations.ExclusiveC14NInterop.test_Y3, Intended behavior: FAILURE, when executed after: [org.apache.xml.security.test.c14n.implementations.ExclusiveC14NInterop.test_Y2], The revealed different behavior: PASS, when executed after: [], Test: org.apache.xml.security.test.c14n.implementations.ExclusiveC14NInterop.test_Y2, Intended behavior: FAILURE, when executed after: [org.apache.xml.security.test.algorithms.implementations.BlockEncryptionTest.test_AES128], The revealed different behavior: PASS, when executed after: [], Test: org.apache.xml.security.test.c14n.implementations.ExclusiveC14NInterop.test_Y5, Intended behavior: FAILURE, when executed after: [org.apache.xml.security.test.c14n.implementations.ExclusiveC14NInterop.test_Y3], The revealed different behavior: PASS, when executed after: []]
--------------------------
Execution time of TLG and its time to find/nullify any DTs for 1 machine (does not include the time to run the tests in the new order): 0.395
Number of tests selected out of total in original order: 1 / 107
Number of DTs not fixed: 0
Number of DTs fixed: 0
Execution time for executing the following testing order: 0.331

Test order list:
[org.apache.xml.security.test.algorithms.implementations.BlockEncryptionTest.test_AES128]

Time each test takes to run in the new order:
[331415560]

Dependent test list:
[Test: org.apache.xml.security.test.c14n.implementations.ExclusiveC14NInterop.test_Y3, Intended behavior: FAILURE, when executed after: [org.apache.xml.security.test.c14n.implementations.ExclusiveC14NInterop.test_Y2], The revealed different behavior: PASS, when executed after: [], Test: org.apache.xml.security.test.c14n.implementations.ExclusiveC14NInterop.test_Y2, Intended behavior: FAILURE, when executed after: [org.apache.xml.security.test.algorithms.implementations.BlockEncryptionTest.test_AES128], The revealed different behavior: PASS, when executed after: [], Test: org.apache.xml.security.test.c14n.implementations.ExclusiveC14NInterop.test_Y5, Intended behavior: FAILURE, when executed after: [org.apache.xml.security.test.c14n.implementations.ExclusiveC14NInterop.test_Y3], The revealed different behavior: PASS, when executed after: []]
--------------------------
Execution time of TLG and its time to find/nullify any DTs for 1 machine (does not include the time to run the tests in the new order): 2.908
Number of tests selected out of total in original order: 4 / 107
Number of DTs not fixed: 0
Number of DTs fixed: 0
Execution time for executing the following testing order: 2.661

Test order list:
[org.apache.xml.security.test.algorithms.implementations.BlockEncryptionTest.test_AES128, org.apache.xml.security.test.c14n.implementations.ExclusiveC14NInterop.test_Y2, org.apache.xml.security.test.c14n.implementations.ExclusiveC14NInterop.test_Y3, org.apache.xml.security.test.c14n.implementations.ExclusiveC14NInterop.test_Y5]

Time each test takes to run in the new order:
[330262906, 120840323, 71859483, 2138232277]

Dependent test list:
[Test: org.apache.xml.security.test.c14n.implementations.ExclusiveC14NInterop.test_Y3, Intended behavior: FAILURE, when executed after: [org.apache.xml.security.test.c14n.implementations.ExclusiveC14NInterop.test_Y2], The revealed different behavior: PASS, when executed after: [], Test: org.apache.xml.security.test.c14n.implementations.ExclusiveC14NInterop.test_Y2, Intended behavior: FAILURE, when executed after: [org.apache.xml.security.test.algorithms.implementations.BlockEncryptionTest.test_AES128], The revealed different behavior: PASS, when executed after: [], Test: org.apache.xml.security.test.c14n.implementations.ExclusiveC14NInterop.test_Y5, Intended behavior: FAILURE, when executed after: [org.apache.xml.security.test.c14n.implementations.ExclusiveC14NInterop.test_Y3], The revealed different behavior: PASS, when executed after: []]
--------------------------
Total time (of all machines and iterations plus initial TestListGenerator): 8.044
New order time: 2.661
Total number of tests executed in all machines out of total in original order: 113 / 107