The following arguments were used to generate this output.
[-technique, parallelization, -order, time, -timeOrder, crystal-orig-time.txt, -origOrder, crystal-orig-order, -testInputDir, sootTestOutput-orig, -filesToDelete, crystal-env-files, -numOfMachines, 8, -project, Crystal, -testType, orig, -timesToRun, 1, -outputDir, /homes/gws/winglam/winglam/dependent-tests-impact/experiments/parallelization-results, -dependentTestFile, /homes/gws/winglam/winglam/dependent-tests-impact/experiments/parallelization-dt-list/parallelization-Crystal-orig-8-time.txt]

Execution time of TLG and its time to find/nullify any DTs for 1 machine (does not include the time to run the tests in the new order): 0.272
Number of tests selected out of total in original order: 23 / 71
Number of DTs not fixed: 0
Number of DTs fixed: 0
Execution time for executing the following testing order: 0.187

Test order list:
[crystal.client.ProjectPreferencesTest.testNullInputConstructor, crystal.client.ProjectPreferencesTest.testDuplicateAddDataSource, crystal.client.ProjectPreferencesTest.testAddDataSource, crystal.client.ConflictDaemonTest.testGetInstance, crystal.client.ConflictDaemonTest.testAddListener, crystal.client.ClientPreferencesTest.testNullInputConstructor, crystal.client.ClientPreferencesTest.testClone, crystal.client.ClientPreferencesTest.testLoadPreferencesFromXML, crystal.model.DataSourceTest.testSetField, crystal.model.DataSourceTest.testSetCompileCommand, crystal.model.DataSourceTest.testSetEnabled, crystal.model.DataSourceTest.testIsHidden, crystal.model.DataSourceTest.testSetParent, crystal.model.DataSourceTest.testSetKind, crystal.model.DataSourceTest.testSetCloneString, crystal.model.RelationshipTest.testNullInputConstructor, crystal.model.RelationshipTest.testConstructor, crystal.model.LocalStateResultTest.testGetLastAction, crystal.model.LocalStateResultTest.testErrorActionNameConstructor, crystal.server.HgLogParserTest.testParseNullLog, crystal.util.ValidInputCheckerTest.testCheckValidDirectoryPath, crystal.util.SpringLayoutUtilityTest.testInvalidPanelParameter, crystal.util.SetOperationsTest.testSetDifference]

Time each test takes to run in the new order:
[31886095, 84849870, 1732639, 1532940, 3372275, 3524939, 1513638, 3469852, 1907133, 1170081, 1152034, 875382, 1080898, 1239502, 1084870, 2822921, 20310927, 2691853, 485446, 1130705, 679876, 16608332, 1546501]

Dependent test list:
[Test: crystal.model.DataSourceTest.testSetCloneString, Intended behavior: FAILURE, when executed after: [crystal.model.DataSourceTest.testSetKind], The revealed different behavior: PASS, when executed after: [], Test: crystal.model.DataSourceTest.testSetParent, Intended behavior: FAILURE, when executed after: [crystal.model.DataSourceTest.testIsHidden], The revealed different behavior: PASS, when executed after: [], Test: crystal.model.DataSourceTest.testSetCompileCommand, Intended behavior: FAILURE, when executed after: [crystal.model.DataSourceTest.testSetField], The revealed different behavior: PASS, when executed after: [], Test: crystal.model.DataSourceTest.testSetKind, Intended behavior: FAILURE, when executed after: [crystal.model.DataSourceTest.testSetParent], The revealed different behavior: PASS, when executed after: [], Test: crystal.model.DataSourceTest.testIsHidden, Intended behavior: FAILURE, when executed after: [crystal.model.DataSourceTest.testSetEnabled], The revealed different behavior: PASS, when executed after: [], Test: crystal.model.DataSourceTest.testSetEnabled, Intended behavior: FAILURE, when executed after: [crystal.model.DataSourceTest.testSetCompileCommand], The revealed different behavior: PASS, when executed after: [], Test: crystal.model.DataSourceTest.testSetHistory, Intended behavior: FAILURE, when executed after: [crystal.model.DataSourceTest.testSetCloneString], The revealed different behavior: PASS, when executed after: []]
--------------------------
Execution time of TLG and its time to find/nullify any DTs for 1 machine (does not include the time to run the tests in the new order): 0.414
Number of tests selected out of total in original order: 17 / 71
Number of DTs not fixed: 0
Number of DTs fixed: 0
Execution time for executing the following testing order: 0.296

Test order list:
[crystal.client.ProjectPreferencesTest.testRemoveDataSource, crystal.client.ClientPreferencesTest.testAddProjectPreferences, crystal.client.ClientPreferencesTest.testRemoveProjectPreferencesAtIndex, crystal.client.ClientPreferencesTest.testClientPreferences, crystal.model.RevisionHistoryTest.testSuperSubHistory, crystal.model.DataSourceTest.testSetField, crystal.model.DataSourceTest.testSetCompileCommand, crystal.model.DataSourceTest.testSetEnabled, crystal.model.DataSourceTest.testIsHidden, crystal.model.DataSourceTest.testSetParent, crystal.model.DataSourceTest.testSetKind, crystal.model.RelationshipTest.testStrangeNameConstructor, crystal.model.LocalStateResultTest.testToString, crystal.model.LocalStateResultTest.testGetName, crystal.model.LocalStateResultTest.testGetLocalState, crystal.server.HgLogParserTest.testTwoLogs, crystal.util.SetOperationsTest.testIntersection]

Time each test takes to run in the new order:
[122072996, 4132691, 1788187, 1423034, 148029243, 2503355, 1774827, 1494795, 1276647, 1213590, 1126134, 2412083, 1997644, 887792, 746915, 1087068, 2420358]

Dependent test list:
[Test: crystal.model.DataSourceTest.testSetCloneString, Intended behavior: FAILURE, when executed after: [crystal.model.DataSourceTest.testSetKind], The revealed different behavior: PASS, when executed after: [], Test: crystal.model.DataSourceTest.testSetParent, Intended behavior: FAILURE, when executed after: [crystal.model.DataSourceTest.testIsHidden], The revealed different behavior: PASS, when executed after: [], Test: crystal.model.DataSourceTest.testSetCompileCommand, Intended behavior: FAILURE, when executed after: [crystal.model.DataSourceTest.testSetField], The revealed different behavior: PASS, when executed after: [], Test: crystal.model.DataSourceTest.testSetKind, Intended behavior: FAILURE, when executed after: [crystal.model.DataSourceTest.testSetParent], The revealed different behavior: PASS, when executed after: [], Test: crystal.model.DataSourceTest.testIsHidden, Intended behavior: FAILURE, when executed after: [crystal.model.DataSourceTest.testSetEnabled], The revealed different behavior: PASS, when executed after: [], Test: crystal.model.DataSourceTest.testSetEnabled, Intended behavior: FAILURE, when executed after: [crystal.model.DataSourceTest.testSetCompileCommand], The revealed different behavior: PASS, when executed after: [], Test: crystal.model.DataSourceTest.testSetHistory, Intended behavior: FAILURE, when executed after: [crystal.model.DataSourceTest.testSetCloneString], The revealed different behavior: PASS, when executed after: []]
--------------------------
Execution time of TLG and its time to find/nullify any DTs for 1 machine (does not include the time to run the tests in the new order): 0.386
Number of tests selected out of total in original order: 21 / 71
Number of DTs not fixed: 0
Number of DTs fixed: 0
Execution time for executing the following testing order: 0.318

Test order list:
[crystal.client.ProjectPreferencesTest.testClone, crystal.client.ConflictDaemonTest.testPrePerformCalculations, crystal.client.ConflictDaemonTest.testLocalState, crystal.client.ClientPreferencesTest.testDuplicateProject, crystal.client.ClientPreferencesTest.testRemoveProjectPreferences, crystal.client.ClientPreferencesTest.testSavePreferencesToXML, crystal.model.RevisionHistoryTest.testGetCommitters, crystal.model.DataSourceTest.testClone, crystal.model.DataSourceTest.testSetField, crystal.model.DataSourceTest.testSetCompileCommand, crystal.model.DataSourceTest.testSetEnabled, crystal.model.RelationshipTest.testCalculateAction, crystal.model.RelationshipTest.testGetActionRepoKind, crystal.model.RelationshipTest.testGetDominant, crystal.model.LocalStateResultTest.testGetLastLocalState, crystal.model.LocalStateResultTest.testStrangeActionName, crystal.server.GuidanceCheckerTest.testGetWhen, crystal.server.GuidanceCheckerTest.testGetCommitters, crystal.util.ValidInputCheckerTest.testCheckValidFilePath, crystal.util.SetOperationsTest.testNullIntersection, crystal.util.SetOperationsTest.testNullUnion]

Time each test takes to run in the new order:
[112919658, 3816363, 16151372, 4267340, 1651603, 35566081, 109723500, 1689069, 1020829, 918709, 887419, 21433284, 976129, 775365, 1351627, 790513, 1798504, 822409, 845575, 692237, 344672]

Dependent test list:
[Test: crystal.model.DataSourceTest.testSetCloneString, Intended behavior: FAILURE, when executed after: [crystal.model.DataSourceTest.testSetKind], The revealed different behavior: PASS, when executed after: [], Test: crystal.model.DataSourceTest.testSetParent, Intended behavior: FAILURE, when executed after: [crystal.model.DataSourceTest.testIsHidden], The revealed different behavior: PASS, when executed after: [], Test: crystal.model.DataSourceTest.testSetCompileCommand, Intended behavior: FAILURE, when executed after: [crystal.model.DataSourceTest.testSetField], The revealed different behavior: PASS, when executed after: [], Test: crystal.model.DataSourceTest.testSetKind, Intended behavior: FAILURE, when executed after: [crystal.model.DataSourceTest.testSetParent], The revealed different behavior: PASS, when executed after: [], Test: crystal.model.DataSourceTest.testIsHidden, Intended behavior: FAILURE, when executed after: [crystal.model.DataSourceTest.testSetEnabled], The revealed different behavior: PASS, when executed after: [], Test: crystal.model.DataSourceTest.testSetEnabled, Intended behavior: FAILURE, when executed after: [crystal.model.DataSourceTest.testSetCompileCommand], The revealed different behavior: PASS, when executed after: [], Test: crystal.model.DataSourceTest.testSetHistory, Intended behavior: FAILURE, when executed after: [crystal.model.DataSourceTest.testSetCloneString], The revealed different behavior: PASS, when executed after: []]
--------------------------
Execution time of TLG and its time to find/nullify any DTs for 1 machine (does not include the time to run the tests in the new order): 0.288
Number of tests selected out of total in original order: 16 / 71
Number of DTs not fixed: 0
Number of DTs fixed: 0
Execution time for executing the following testing order: 0.176

Test order list:
[crystal.client.ProjectPreferencesTest.testProjectPreferences, crystal.client.ProjectPreferencesTest.testGetNumOfVisibleSources, crystal.client.ProjectPreferencesTest.testGetProjectCheckoutLocation, crystal.client.ConflictDaemonTest.testRelationship, crystal.client.ClientPreferencesTest.testDuplicateAddProjectPreferences, crystal.client.ClientPreferencesTest.testDefaultSetting, crystal.model.DataSourceTest.testSetField, crystal.model.DataSourceTest.testSetRemoteCmd, crystal.model.DataSourceTest.testToString, crystal.model.RelationshipTest.testEqualsObject, crystal.model.LocalStateResultTest.testGetNoErrorMessage, crystal.model.LocalStateResultTest.testGetLastErrorMessage, crystal.model.LocalStateResultTest.testGetAction, crystal.server.HgLogParserTest.testSingleLog, crystal.util.SetOperationsTest.testUnion, crystal.util.SetOperationsTest.testXor]

Time each test takes to run in the new order:
[114144556, 1674315, 2874692, 33779162, 4221209, 1654947, 2087319, 1153202, 1202186, 1506534, 2581975, 815850, 681515, 4957911, 2002408, 622757]

Dependent test list:
[Test: crystal.model.DataSourceTest.testSetCloneString, Intended behavior: FAILURE, when executed after: [crystal.model.DataSourceTest.testSetKind], The revealed different behavior: PASS, when executed after: [], Test: crystal.model.DataSourceTest.testSetParent, Intended behavior: FAILURE, when executed after: [crystal.model.DataSourceTest.testIsHidden], The revealed different behavior: PASS, when executed after: [], Test: crystal.model.DataSourceTest.testSetCompileCommand, Intended behavior: FAILURE, when executed after: [crystal.model.DataSourceTest.testSetField], The revealed different behavior: PASS, when executed after: [], Test: crystal.model.DataSourceTest.testSetKind, Intended behavior: FAILURE, when executed after: [crystal.model.DataSourceTest.testSetParent], The revealed different behavior: PASS, when executed after: [], Test: crystal.model.DataSourceTest.testIsHidden, Intended behavior: FAILURE, when executed after: [crystal.model.DataSourceTest.testSetEnabled], The revealed different behavior: PASS, when executed after: [], Test: crystal.model.DataSourceTest.testSetEnabled, Intended behavior: FAILURE, when executed after: [crystal.model.DataSourceTest.testSetCompileCommand], The revealed different behavior: PASS, when executed after: [], Test: crystal.model.DataSourceTest.testSetHistory, Intended behavior: FAILURE, when executed after: [crystal.model.DataSourceTest.testSetCloneString], The revealed different behavior: PASS, when executed after: []]
--------------------------
Execution time of TLG and its time to find/nullify any DTs for 1 machine (does not include the time to run the tests in the new order): 0.254
Number of tests selected out of total in original order: 1 / 71
Number of DTs not fixed: 0
Number of DTs fixed: 0
Execution time for executing the following testing order: 0.182

Test order list:
[crystal.server.HgLogParserTest.testParseLog]

Time each test takes to run in the new order:
[182139350]

Dependent test list:
[Test: crystal.model.DataSourceTest.testSetCloneString, Intended behavior: FAILURE, when executed after: [crystal.model.DataSourceTest.testSetKind], The revealed different behavior: PASS, when executed after: [], Test: crystal.model.DataSourceTest.testSetParent, Intended behavior: FAILURE, when executed after: [crystal.model.DataSourceTest.testIsHidden], The revealed different behavior: PASS, when executed after: [], Test: crystal.model.DataSourceTest.testSetCompileCommand, Intended behavior: FAILURE, when executed after: [crystal.model.DataSourceTest.testSetField], The revealed different behavior: PASS, when executed after: [], Test: crystal.model.DataSourceTest.testSetKind, Intended behavior: FAILURE, when executed after: [crystal.model.DataSourceTest.testSetParent], The revealed different behavior: PASS, when executed after: [], Test: crystal.model.DataSourceTest.testIsHidden, Intended behavior: FAILURE, when executed after: [crystal.model.DataSourceTest.testSetEnabled], The revealed different behavior: PASS, when executed after: [], Test: crystal.model.DataSourceTest.testSetEnabled, Intended behavior: FAILURE, when executed after: [crystal.model.DataSourceTest.testSetCompileCommand], The revealed different behavior: PASS, when executed after: [], Test: crystal.model.DataSourceTest.testSetHistory, Intended behavior: FAILURE, when executed after: [crystal.model.DataSourceTest.testSetCloneString], The revealed different behavior: PASS, when executed after: []]
--------------------------
Execution time of TLG and its time to find/nullify any DTs for 1 machine (does not include the time to run the tests in the new order): 0.231
Number of tests selected out of total in original order: 1 / 71
Number of DTs not fixed: 0
Number of DTs fixed: 0
Execution time for executing the following testing order: 0.168

Test order list:
[crystal.model.RevisionHistoryTest.testEqualsObject]

Time each test takes to run in the new order:
[168278910]

Dependent test list:
[Test: crystal.model.DataSourceTest.testSetCloneString, Intended behavior: FAILURE, when executed after: [crystal.model.DataSourceTest.testSetKind], The revealed different behavior: PASS, when executed after: [], Test: crystal.model.DataSourceTest.testSetParent, Intended behavior: FAILURE, when executed after: [crystal.model.DataSourceTest.testIsHidden], The revealed different behavior: PASS, when executed after: [], Test: crystal.model.DataSourceTest.testSetCompileCommand, Intended behavior: FAILURE, when executed after: [crystal.model.DataSourceTest.testSetField], The revealed different behavior: PASS, when executed after: [], Test: crystal.model.DataSourceTest.testSetKind, Intended behavior: FAILURE, when executed after: [crystal.model.DataSourceTest.testSetParent], The revealed different behavior: PASS, when executed after: [], Test: crystal.model.DataSourceTest.testIsHidden, Intended behavior: FAILURE, when executed after: [crystal.model.DataSourceTest.testSetEnabled], The revealed different behavior: PASS, when executed after: [], Test: crystal.model.DataSourceTest.testSetEnabled, Intended behavior: FAILURE, when executed after: [crystal.model.DataSourceTest.testSetCompileCommand], The revealed different behavior: PASS, when executed after: [], Test: crystal.model.DataSourceTest.testSetHistory, Intended behavior: FAILURE, when executed after: [crystal.model.DataSourceTest.testSetCloneString], The revealed different behavior: PASS, when executed after: []]
--------------------------
Execution time of TLG and its time to find/nullify any DTs for 1 machine (does not include the time to run the tests in the new order): 4.080
Number of tests selected out of total in original order: 8 / 71
Number of DTs not fixed: 0
Number of DTs fixed: 0
Execution time for executing the following testing order: 3.787

Test order list:
[crystal.model.DataSourceTest.testSetField, crystal.model.DataSourceTest.testSetCompileCommand, crystal.model.DataSourceTest.testSetEnabled, crystal.model.DataSourceTest.testIsHidden, crystal.model.DataSourceTest.testSetParent, crystal.model.DataSourceTest.testSetKind, crystal.model.DataSourceTest.testSetCloneString, crystal.model.DataSourceTest.testSetHistory]

Time each test takes to run in the new order:
[39428737, 2189571, 1902561, 1852006, 1756074, 1533825, 2044813, 3735956681]

Dependent test list:
[Test: crystal.model.DataSourceTest.testSetCloneString, Intended behavior: FAILURE, when executed after: [crystal.model.DataSourceTest.testSetKind], The revealed different behavior: PASS, when executed after: [], Test: crystal.model.DataSourceTest.testSetParent, Intended behavior: FAILURE, when executed after: [crystal.model.DataSourceTest.testIsHidden], The revealed different behavior: PASS, when executed after: [], Test: crystal.model.DataSourceTest.testSetCompileCommand, Intended behavior: FAILURE, when executed after: [crystal.model.DataSourceTest.testSetField], The revealed different behavior: PASS, when executed after: [], Test: crystal.model.DataSourceTest.testSetKind, Intended behavior: FAILURE, when executed after: [crystal.model.DataSourceTest.testSetParent], The revealed different behavior: PASS, when executed after: [], Test: crystal.model.DataSourceTest.testIsHidden, Intended behavior: FAILURE, when executed after: [crystal.model.DataSourceTest.testSetEnabled], The revealed different behavior: PASS, when executed after: [], Test: crystal.model.DataSourceTest.testSetEnabled, Intended behavior: FAILURE, when executed after: [crystal.model.DataSourceTest.testSetCompileCommand], The revealed different behavior: PASS, when executed after: [], Test: crystal.model.DataSourceTest.testSetHistory, Intended behavior: FAILURE, when executed after: [crystal.model.DataSourceTest.testSetCloneString], The revealed different behavior: PASS, when executed after: []]
--------------------------
Execution time of TLG and its time to find/nullify any DTs for 1 machine (does not include the time to run the tests in the new order): 0.204
Number of tests selected out of total in original order: 1 / 71
Number of DTs not fixed: 0
Number of DTs fixed: 0
Execution time for executing the following testing order: 0.079

Test order list:
[crystal.util.ValidInputCheckerTest.testCheckUrl]

Time each test takes to run in the new order:
[79072271]

Dependent test list:
[Test: crystal.model.DataSourceTest.testSetCloneString, Intended behavior: FAILURE, when executed after: [crystal.model.DataSourceTest.testSetKind], The revealed different behavior: PASS, when executed after: [], Test: crystal.model.DataSourceTest.testSetParent, Intended behavior: FAILURE, when executed after: [crystal.model.DataSourceTest.testIsHidden], The revealed different behavior: PASS, when executed after: [], Test: crystal.model.DataSourceTest.testSetCompileCommand, Intended behavior: FAILURE, when executed after: [crystal.model.DataSourceTest.testSetField], The revealed different behavior: PASS, when executed after: [], Test: crystal.model.DataSourceTest.testSetKind, Intended behavior: FAILURE, when executed after: [crystal.model.DataSourceTest.testSetParent], The revealed different behavior: PASS, when executed after: [], Test: crystal.model.DataSourceTest.testIsHidden, Intended behavior: FAILURE, when executed after: [crystal.model.DataSourceTest.testSetEnabled], The revealed different behavior: PASS, when executed after: [], Test: crystal.model.DataSourceTest.testSetEnabled, Intended behavior: FAILURE, when executed after: [crystal.model.DataSourceTest.testSetCompileCommand], The revealed different behavior: PASS, when executed after: [], Test: crystal.model.DataSourceTest.testSetHistory, Intended behavior: FAILURE, when executed after: [crystal.model.DataSourceTest.testSetCloneString], The revealed different behavior: PASS, when executed after: []]
--------------------------
Total time (of all machines and iterations plus initial TestListGenerator): 5.221
New order time: 3.787
Total number of tests executed in all machines out of total in original order: 88 / 71