The following arguments were used to generate this output.
[-technique, parallelization, -order, time, -timeOrder, crystal-orig-time.txt, -origOrder, crystal-orig-order, -testInputDir, sootTestOutput-orig, -filesToDelete, crystal-env-files, -numOfMachines, 16, -project, Crystal, -testType, orig, -timesToRun, 1, -outputDir, /homes/gws/winglam/winglam/dependent-tests-impact/experiments/parallelization-results, -dependentTestFile, /homes/gws/winglam/winglam/dependent-tests-impact/experiments/parallelization-dt-list/parallelization-Crystal-orig-16-time.txt]

Execution time of TLG and its time to find/nullify any DTs for 1 machine (does not include the time to run the tests in the new order): 0.328
Number of tests selected out of total in original order: 10 / 71
Number of DTs not fixed: 0
Number of DTs fixed: 0
Execution time for executing the following testing order: 0.161

Test order list:
[crystal.client.ConflictDaemonTest.testLocalState, crystal.model.DataSourceTest.testSetField, crystal.model.DataSourceTest.testSetRemoteCmd, crystal.model.DataSourceTest.testSetCompileCommand, crystal.model.DataSourceTest.testSetEnabled, crystal.model.LocalStateResultTest.testGetName, crystal.model.LocalStateResultTest.testGetNoErrorMessage, crystal.server.HgLogParserTest.testParseNullLog, crystal.server.GuidanceCheckerTest.testGetCommitters, crystal.util.SetOperationsTest.testXor]

Time each test takes to run in the new order:
[138027510, 4959613, 1544968, 1386371, 1279701, 2848003, 1315244, 950453, 6195960, 2730105]

Dependent test list:
[Test: crystal.model.DataSourceTest.testSetEnabled, Intended behavior: FAILURE, when executed after: [crystal.model.DataSourceTest.testSetCompileCommand], The revealed different behavior: PASS, when executed after: [], Test: crystal.model.DataSourceTest.testSetRemoteCmd, Intended behavior: FAILURE, when executed after: [crystal.model.DataSourceTest.testSetField], The revealed different behavior: PASS, when executed after: [], Test: crystal.model.DataSourceTest.testSetKind, Intended behavior: FAILURE, when executed after: [crystal.model.DataSourceTest.testIsHidden], The revealed different behavior: PASS, when executed after: [], Test: crystal.model.DataSourceTest.testSetCloneString, Intended behavior: FAILURE, when executed after: [crystal.model.DataSourceTest.testSetKind], The revealed different behavior: PASS, when executed after: [], Test: crystal.model.DataSourceTest.testSetCompileCommand, Intended behavior: FAILURE, when executed after: [crystal.model.DataSourceTest.testSetRemoteCmd], The revealed different behavior: PASS, when executed after: [], Test: crystal.model.DataSourceTest.testIsHidden, Intended behavior: FAILURE, when executed after: [crystal.model.DataSourceTest.testSetEnabled], The revealed different behavior: PASS, when executed after: [], Test: crystal.model.DataSourceTest.testSetHistory, Intended behavior: FAILURE, when executed after: [crystal.model.DataSourceTest.testSetCloneString], The revealed different behavior: PASS, when executed after: []]
--------------------------
Execution time of TLG and its time to find/nullify any DTs for 1 machine (does not include the time to run the tests in the new order): 0.165
Number of tests selected out of total in original order: 1 / 71
Number of DTs not fixed: 0
Number of DTs fixed: 0
Execution time for executing the following testing order: 0.095

Test order list:
[crystal.util.SpringLayoutUtilityTest.testInvalidPanelParameter]

Time each test takes to run in the new order:
[94880619]

Dependent test list:
[Test: crystal.model.DataSourceTest.testSetEnabled, Intended behavior: FAILURE, when executed after: [crystal.model.DataSourceTest.testSetCompileCommand], The revealed different behavior: PASS, when executed after: [], Test: crystal.model.DataSourceTest.testSetRemoteCmd, Intended behavior: FAILURE, when executed after: [crystal.model.DataSourceTest.testSetField], The revealed different behavior: PASS, when executed after: [], Test: crystal.model.DataSourceTest.testSetKind, Intended behavior: FAILURE, when executed after: [crystal.model.DataSourceTest.testIsHidden], The revealed different behavior: PASS, when executed after: [], Test: crystal.model.DataSourceTest.testSetCloneString, Intended behavior: FAILURE, when executed after: [crystal.model.DataSourceTest.testSetKind], The revealed different behavior: PASS, when executed after: [], Test: crystal.model.DataSourceTest.testSetCompileCommand, Intended behavior: FAILURE, when executed after: [crystal.model.DataSourceTest.testSetRemoteCmd], The revealed different behavior: PASS, when executed after: [], Test: crystal.model.DataSourceTest.testIsHidden, Intended behavior: FAILURE, when executed after: [crystal.model.DataSourceTest.testSetEnabled], The revealed different behavior: PASS, when executed after: [], Test: crystal.model.DataSourceTest.testSetHistory, Intended behavior: FAILURE, when executed after: [crystal.model.DataSourceTest.testSetCloneString], The revealed different behavior: PASS, when executed after: []]
--------------------------
Execution time of TLG and its time to find/nullify any DTs for 1 machine (does not include the time to run the tests in the new order): 0.238
Number of tests selected out of total in original order: 18 / 71
Number of DTs not fixed: 0
Number of DTs fixed: 0
Execution time for executing the following testing order: 0.162

Test order list:
[crystal.client.ProjectPreferencesTest.testClone, crystal.client.ConflictDaemonTest.testGetInstance, crystal.client.ConflictDaemonTest.testPrePerformCalculations, crystal.client.ClientPreferencesTest.testDuplicateProject, crystal.client.ClientPreferencesTest.testRemoveProjectPreferences, crystal.model.DataSourceTest.testClone, crystal.model.DataSourceTest.testSetField, crystal.model.DataSourceTest.testSetRemoteCmd, crystal.model.DataSourceTest.testSetCompileCommand, crystal.model.DataSourceTest.testSetEnabled, crystal.model.DataSourceTest.testIsHidden, crystal.model.DataSourceTest.testSetKind, crystal.model.DataSourceTest.testToString, crystal.model.RelationshipTest.testGetActionRepoKind, crystal.model.LocalStateResultTest.testToString, crystal.model.LocalStateResultTest.testGetLocalState, crystal.model.LocalStateResultTest.testErrorActionNameConstructor, crystal.util.SetOperationsTest.testSetDifference]

Time each test takes to run in the new order:
[115206947, 1845951, 2892712, 4227947, 1613540, 1827392, 1192822, 1237036, 1074851, 1030792, 972531, 952684, 937014, 21445942, 2464061, 723361, 766641, 1846906]

Dependent test list:
[Test: crystal.model.DataSourceTest.testSetEnabled, Intended behavior: FAILURE, when executed after: [crystal.model.DataSourceTest.testSetCompileCommand], The revealed different behavior: PASS, when executed after: [], Test: crystal.model.DataSourceTest.testSetRemoteCmd, Intended behavior: FAILURE, when executed after: [crystal.model.DataSourceTest.testSetField], The revealed different behavior: PASS, when executed after: [], Test: crystal.model.DataSourceTest.testSetKind, Intended behavior: FAILURE, when executed after: [crystal.model.DataSourceTest.testIsHidden], The revealed different behavior: PASS, when executed after: [], Test: crystal.model.DataSourceTest.testSetCloneString, Intended behavior: FAILURE, when executed after: [crystal.model.DataSourceTest.testSetKind], The revealed different behavior: PASS, when executed after: [], Test: crystal.model.DataSourceTest.testSetCompileCommand, Intended behavior: FAILURE, when executed after: [crystal.model.DataSourceTest.testSetRemoteCmd], The revealed different behavior: PASS, when executed after: [], Test: crystal.model.DataSourceTest.testIsHidden, Intended behavior: FAILURE, when executed after: [crystal.model.DataSourceTest.testSetEnabled], The revealed different behavior: PASS, when executed after: [], Test: crystal.model.DataSourceTest.testSetHistory, Intended behavior: FAILURE, when executed after: [crystal.model.DataSourceTest.testSetCloneString], The revealed different behavior: PASS, when executed after: []]
--------------------------
Execution time of TLG and its time to find/nullify any DTs for 1 machine (does not include the time to run the tests in the new order): 0.240
Number of tests selected out of total in original order: 13 / 71
Number of DTs not fixed: 0
Number of DTs fixed: 0
Execution time for executing the following testing order: 0.159

Test order list:
[crystal.client.ProjectPreferencesTest.testGetNumOfVisibleSources, crystal.client.ClientPreferencesTest.testDuplicateAddProjectPreferences, crystal.client.ClientPreferencesTest.testDefaultSetting, crystal.model.DataSourceTest.testSetField, crystal.model.DataSourceTest.testSetParent, crystal.model.RelationshipTest.testEqualsObject, crystal.model.RelationshipTest.testStrangeNameConstructor, crystal.model.RelationshipTest.testCalculateAction, crystal.model.LocalStateResultTest.testGetAction, crystal.server.HgLogParserTest.testSingleLog, crystal.server.GuidanceCheckerTest.testGetWhen, crystal.util.ValidInputCheckerTest.testCheckValidDirectoryPath, crystal.util.SetOperationsTest.testIntersection]

Time each test takes to run in the new order:
[112796029, 4125089, 1795490, 1902639, 1550922, 21221890, 1008743, 3235638, 2727705, 4742415, 2348932, 967059, 925536]

Dependent test list:
[Test: crystal.model.DataSourceTest.testSetEnabled, Intended behavior: FAILURE, when executed after: [crystal.model.DataSourceTest.testSetCompileCommand], The revealed different behavior: PASS, when executed after: [], Test: crystal.model.DataSourceTest.testSetRemoteCmd, Intended behavior: FAILURE, when executed after: [crystal.model.DataSourceTest.testSetField], The revealed different behavior: PASS, when executed after: [], Test: crystal.model.DataSourceTest.testSetKind, Intended behavior: FAILURE, when executed after: [crystal.model.DataSourceTest.testIsHidden], The revealed different behavior: PASS, when executed after: [], Test: crystal.model.DataSourceTest.testSetCloneString, Intended behavior: FAILURE, when executed after: [crystal.model.DataSourceTest.testSetKind], The revealed different behavior: PASS, when executed after: [], Test: crystal.model.DataSourceTest.testSetCompileCommand, Intended behavior: FAILURE, when executed after: [crystal.model.DataSourceTest.testSetRemoteCmd], The revealed different behavior: PASS, when executed after: [], Test: crystal.model.DataSourceTest.testIsHidden, Intended behavior: FAILURE, when executed after: [crystal.model.DataSourceTest.testSetEnabled], The revealed different behavior: PASS, when executed after: [], Test: crystal.model.DataSourceTest.testSetHistory, Intended behavior: FAILURE, when executed after: [crystal.model.DataSourceTest.testSetCloneString], The revealed different behavior: PASS, when executed after: []]
--------------------------
Execution time of TLG and its time to find/nullify any DTs for 1 machine (does not include the time to run the tests in the new order): 0.261
Number of tests selected out of total in original order: 18 / 71
Number of DTs not fixed: 0
Number of DTs fixed: 0
Execution time for executing the following testing order: 0.177

Test order list:
[crystal.client.ProjectPreferencesTest.testRemoveDataSource, crystal.client.ProjectPreferencesTest.testGetProjectCheckoutLocation, crystal.client.ConflictDaemonTest.testAddListener, crystal.client.ClientPreferencesTest.testAddProjectPreferences, crystal.client.ClientPreferencesTest.testRemoveProjectPreferencesAtIndex, crystal.client.ClientPreferencesTest.testClientPreferences, crystal.model.DataSourceTest.testSetField, crystal.model.DataSourceTest.testSetRemoteCmd, crystal.model.DataSourceTest.testSetCompileCommand, crystal.model.DataSourceTest.testSetEnabled, crystal.model.DataSourceTest.testIsHidden, crystal.model.DataSourceTest.testSetKind, crystal.model.DataSourceTest.testSetCloneString, crystal.model.RelationshipTest.testConstructor, crystal.model.LocalStateResultTest.testGetLastErrorMessage, crystal.server.HgLogParserTest.testTwoLogs, crystal.util.SetOperationsTest.testNullIntersection, crystal.util.SetOperationsTest.testNullUnion]

Time each test takes to run in the new order:
[113168278, 2462904, 4377353, 4791274, 1984329, 1834493, 2429819, 1560786, 1542238, 1527722, 1420881, 1374406, 1472599, 24797395, 4146204, 6018287, 1306522, 390366]

Dependent test list:
[Test: crystal.model.DataSourceTest.testSetEnabled, Intended behavior: FAILURE, when executed after: [crystal.model.DataSourceTest.testSetCompileCommand], The revealed different behavior: PASS, when executed after: [], Test: crystal.model.DataSourceTest.testSetRemoteCmd, Intended behavior: FAILURE, when executed after: [crystal.model.DataSourceTest.testSetField], The revealed different behavior: PASS, when executed after: [], Test: crystal.model.DataSourceTest.testSetKind, Intended behavior: FAILURE, when executed after: [crystal.model.DataSourceTest.testIsHidden], The revealed different behavior: PASS, when executed after: [], Test: crystal.model.DataSourceTest.testSetCloneString, Intended behavior: FAILURE, when executed after: [crystal.model.DataSourceTest.testSetKind], The revealed different behavior: PASS, when executed after: [], Test: crystal.model.DataSourceTest.testSetCompileCommand, Intended behavior: FAILURE, when executed after: [crystal.model.DataSourceTest.testSetRemoteCmd], The revealed different behavior: PASS, when executed after: [], Test: crystal.model.DataSourceTest.testIsHidden, Intended behavior: FAILURE, when executed after: [crystal.model.DataSourceTest.testSetEnabled], The revealed different behavior: PASS, when executed after: [], Test: crystal.model.DataSourceTest.testSetHistory, Intended behavior: FAILURE, when executed after: [crystal.model.DataSourceTest.testSetCloneString], The revealed different behavior: PASS, when executed after: []]
--------------------------
Execution time of TLG and its time to find/nullify any DTs for 1 machine (does not include the time to run the tests in the new order): 0.233
Number of tests selected out of total in original order: 17 / 71
Number of DTs not fixed: 0
Number of DTs fixed: 0
Execution time for executing the following testing order: 0.156

Test order list:
[crystal.client.ProjectPreferencesTest.testDuplicateAddDataSource, crystal.client.ProjectPreferencesTest.testAddDataSource, crystal.client.ClientPreferencesTest.testNullInputConstructor, crystal.client.ClientPreferencesTest.testClone, crystal.client.ClientPreferencesTest.testLoadPreferencesFromXML, crystal.model.DataSourceTest.testSetField, crystal.model.DataSourceTest.testSetRemoteCmd, crystal.model.DataSourceTest.testSetCompileCommand, crystal.model.DataSourceTest.testSetEnabled, crystal.model.DataSourceTest.testIsHidden, crystal.model.RelationshipTest.testNullInputConstructor, crystal.model.RelationshipTest.testGetDominant, crystal.model.LocalStateResultTest.testGetLastAction, crystal.model.LocalStateResultTest.testGetLastLocalState, crystal.model.LocalStateResultTest.testStrangeActionName, crystal.util.ValidInputCheckerTest.testCheckValidFilePath, crystal.util.SetOperationsTest.testUnion]

Time each test takes to run in the new order:
[117258993, 3668288, 4526155, 2465011, 4208957, 2805464, 2044529, 1564929, 1600226, 1384282, 2855521, 1310037, 3790904, 1246210, 1265296, 1322460, 2239924]

Dependent test list:
[Test: crystal.model.DataSourceTest.testSetEnabled, Intended behavior: FAILURE, when executed after: [crystal.model.DataSourceTest.testSetCompileCommand], The revealed different behavior: PASS, when executed after: [], Test: crystal.model.DataSourceTest.testSetRemoteCmd, Intended behavior: FAILURE, when executed after: [crystal.model.DataSourceTest.testSetField], The revealed different behavior: PASS, when executed after: [], Test: crystal.model.DataSourceTest.testSetKind, Intended behavior: FAILURE, when executed after: [crystal.model.DataSourceTest.testIsHidden], The revealed different behavior: PASS, when executed after: [], Test: crystal.model.DataSourceTest.testSetCloneString, Intended behavior: FAILURE, when executed after: [crystal.model.DataSourceTest.testSetKind], The revealed different behavior: PASS, when executed after: [], Test: crystal.model.DataSourceTest.testSetCompileCommand, Intended behavior: FAILURE, when executed after: [crystal.model.DataSourceTest.testSetRemoteCmd], The revealed different behavior: PASS, when executed after: [], Test: crystal.model.DataSourceTest.testIsHidden, Intended behavior: FAILURE, when executed after: [crystal.model.DataSourceTest.testSetEnabled], The revealed different behavior: PASS, when executed after: [], Test: crystal.model.DataSourceTest.testSetHistory, Intended behavior: FAILURE, when executed after: [crystal.model.DataSourceTest.testSetCloneString], The revealed different behavior: PASS, when executed after: []]
--------------------------
Execution time of TLG and its time to find/nullify any DTs for 1 machine (does not include the time to run the tests in the new order): 0.219
Number of tests selected out of total in original order: 1 / 71
Number of DTs not fixed: 0
Number of DTs fixed: 0
Execution time for executing the following testing order: 0.238

Test order list:
[crystal.client.ConflictDaemonTest.testRelationship]

Time each test takes to run in the new order:
[237614716]

Dependent test list:
[Test: crystal.model.DataSourceTest.testSetEnabled, Intended behavior: FAILURE, when executed after: [crystal.model.DataSourceTest.testSetCompileCommand], The revealed different behavior: PASS, when executed after: [], Test: crystal.model.DataSourceTest.testSetRemoteCmd, Intended behavior: FAILURE, when executed after: [crystal.model.DataSourceTest.testSetField], The revealed different behavior: PASS, when executed after: [], Test: crystal.model.DataSourceTest.testSetKind, Intended behavior: FAILURE, when executed after: [crystal.model.DataSourceTest.testIsHidden], The revealed different behavior: PASS, when executed after: [], Test: crystal.model.DataSourceTest.testSetCloneString, Intended behavior: FAILURE, when executed after: [crystal.model.DataSourceTest.testSetKind], The revealed different behavior: PASS, when executed after: [], Test: crystal.model.DataSourceTest.testSetCompileCommand, Intended behavior: FAILURE, when executed after: [crystal.model.DataSourceTest.testSetRemoteCmd], The revealed different behavior: PASS, when executed after: [], Test: crystal.model.DataSourceTest.testIsHidden, Intended behavior: FAILURE, when executed after: [crystal.model.DataSourceTest.testSetEnabled], The revealed different behavior: PASS, when executed after: [], Test: crystal.model.DataSourceTest.testSetHistory, Intended behavior: FAILURE, when executed after: [crystal.model.DataSourceTest.testSetCloneString], The revealed different behavior: PASS, when executed after: []]
--------------------------
Execution time of TLG and its time to find/nullify any DTs for 1 machine (does not include the time to run the tests in the new order): 0.275
Number of tests selected out of total in original order: 1 / 71
Number of DTs not fixed: 0
Number of DTs fixed: 0
Execution time for executing the following testing order: 0.154

Test order list:
[crystal.client.ClientPreferencesTest.testSavePreferencesToXML]

Time each test takes to run in the new order:
[154486330]

Dependent test list:
[Test: crystal.model.DataSourceTest.testSetEnabled, Intended behavior: FAILURE, when executed after: [crystal.model.DataSourceTest.testSetCompileCommand], The revealed different behavior: PASS, when executed after: [], Test: crystal.model.DataSourceTest.testSetRemoteCmd, Intended behavior: FAILURE, when executed after: [crystal.model.DataSourceTest.testSetField], The revealed different behavior: PASS, when executed after: [], Test: crystal.model.DataSourceTest.testSetKind, Intended behavior: FAILURE, when executed after: [crystal.model.DataSourceTest.testIsHidden], The revealed different behavior: PASS, when executed after: [], Test: crystal.model.DataSourceTest.testSetCloneString, Intended behavior: FAILURE, when executed after: [crystal.model.DataSourceTest.testSetKind], The revealed different behavior: PASS, when executed after: [], Test: crystal.model.DataSourceTest.testSetCompileCommand, Intended behavior: FAILURE, when executed after: [crystal.model.DataSourceTest.testSetRemoteCmd], The revealed different behavior: PASS, when executed after: [], Test: crystal.model.DataSourceTest.testIsHidden, Intended behavior: FAILURE, when executed after: [crystal.model.DataSourceTest.testSetEnabled], The revealed different behavior: PASS, when executed after: [], Test: crystal.model.DataSourceTest.testSetHistory, Intended behavior: FAILURE, when executed after: [crystal.model.DataSourceTest.testSetCloneString], The revealed different behavior: PASS, when executed after: []]
--------------------------
Execution time of TLG and its time to find/nullify any DTs for 1 machine (does not include the time to run the tests in the new order): 0.231
Number of tests selected out of total in original order: 1 / 71
Number of DTs not fixed: 0
Number of DTs fixed: 0
Execution time for executing the following testing order: 0.131

Test order list:
[crystal.model.RevisionHistoryTest.testGetCommitters]

Time each test takes to run in the new order:
[131184746]

Dependent test list:
[Test: crystal.model.DataSourceTest.testSetEnabled, Intended behavior: FAILURE, when executed after: [crystal.model.DataSourceTest.testSetCompileCommand], The revealed different behavior: PASS, when executed after: [], Test: crystal.model.DataSourceTest.testSetRemoteCmd, Intended behavior: FAILURE, when executed after: [crystal.model.DataSourceTest.testSetField], The revealed different behavior: PASS, when executed after: [], Test: crystal.model.DataSourceTest.testSetKind, Intended behavior: FAILURE, when executed after: [crystal.model.DataSourceTest.testIsHidden], The revealed different behavior: PASS, when executed after: [], Test: crystal.model.DataSourceTest.testSetCloneString, Intended behavior: FAILURE, when executed after: [crystal.model.DataSourceTest.testSetKind], The revealed different behavior: PASS, when executed after: [], Test: crystal.model.DataSourceTest.testSetCompileCommand, Intended behavior: FAILURE, when executed after: [crystal.model.DataSourceTest.testSetRemoteCmd], The revealed different behavior: PASS, when executed after: [], Test: crystal.model.DataSourceTest.testIsHidden, Intended behavior: FAILURE, when executed after: [crystal.model.DataSourceTest.testSetEnabled], The revealed different behavior: PASS, when executed after: [], Test: crystal.model.DataSourceTest.testSetHistory, Intended behavior: FAILURE, when executed after: [crystal.model.DataSourceTest.testSetCloneString], The revealed different behavior: PASS, when executed after: []]
--------------------------
Execution time of TLG and its time to find/nullify any DTs for 1 machine (does not include the time to run the tests in the new order): 0.177
Number of tests selected out of total in original order: 1 / 71
Number of DTs not fixed: 0
Number of DTs fixed: 0
Execution time for executing the following testing order: 0.121

Test order list:
[crystal.client.ProjectPreferencesTest.testProjectPreferences]

Time each test takes to run in the new order:
[121073580]

Dependent test list:
[Test: crystal.model.DataSourceTest.testSetEnabled, Intended behavior: FAILURE, when executed after: [crystal.model.DataSourceTest.testSetCompileCommand], The revealed different behavior: PASS, when executed after: [], Test: crystal.model.DataSourceTest.testSetRemoteCmd, Intended behavior: FAILURE, when executed after: [crystal.model.DataSourceTest.testSetField], The revealed different behavior: PASS, when executed after: [], Test: crystal.model.DataSourceTest.testSetKind, Intended behavior: FAILURE, when executed after: [crystal.model.DataSourceTest.testIsHidden], The revealed different behavior: PASS, when executed after: [], Test: crystal.model.DataSourceTest.testSetCloneString, Intended behavior: FAILURE, when executed after: [crystal.model.DataSourceTest.testSetKind], The revealed different behavior: PASS, when executed after: [], Test: crystal.model.DataSourceTest.testSetCompileCommand, Intended behavior: FAILURE, when executed after: [crystal.model.DataSourceTest.testSetRemoteCmd], The revealed different behavior: PASS, when executed after: [], Test: crystal.model.DataSourceTest.testIsHidden, Intended behavior: FAILURE, when executed after: [crystal.model.DataSourceTest.testSetEnabled], The revealed different behavior: PASS, when executed after: [], Test: crystal.model.DataSourceTest.testSetHistory, Intended behavior: FAILURE, when executed after: [crystal.model.DataSourceTest.testSetCloneString], The revealed different behavior: PASS, when executed after: []]
--------------------------
Execution time of TLG and its time to find/nullify any DTs for 1 machine (does not include the time to run the tests in the new order): 0.116
Number of tests selected out of total in original order: 1 / 71
Number of DTs not fixed: 0
Number of DTs fixed: 0
Execution time for executing the following testing order: 0.032

Test order list:
[crystal.client.ProjectPreferencesTest.testNullInputConstructor]

Time each test takes to run in the new order:
[32243130]

Dependent test list:
[Test: crystal.model.DataSourceTest.testSetEnabled, Intended behavior: FAILURE, when executed after: [crystal.model.DataSourceTest.testSetCompileCommand], The revealed different behavior: PASS, when executed after: [], Test: crystal.model.DataSourceTest.testSetRemoteCmd, Intended behavior: FAILURE, when executed after: [crystal.model.DataSourceTest.testSetField], The revealed different behavior: PASS, when executed after: [], Test: crystal.model.DataSourceTest.testSetKind, Intended behavior: FAILURE, when executed after: [crystal.model.DataSourceTest.testIsHidden], The revealed different behavior: PASS, when executed after: [], Test: crystal.model.DataSourceTest.testSetCloneString, Intended behavior: FAILURE, when executed after: [crystal.model.DataSourceTest.testSetKind], The revealed different behavior: PASS, when executed after: [], Test: crystal.model.DataSourceTest.testSetCompileCommand, Intended behavior: FAILURE, when executed after: [crystal.model.DataSourceTest.testSetRemoteCmd], The revealed different behavior: PASS, when executed after: [], Test: crystal.model.DataSourceTest.testIsHidden, Intended behavior: FAILURE, when executed after: [crystal.model.DataSourceTest.testSetEnabled], The revealed different behavior: PASS, when executed after: [], Test: crystal.model.DataSourceTest.testSetHistory, Intended behavior: FAILURE, when executed after: [crystal.model.DataSourceTest.testSetCloneString], The revealed different behavior: PASS, when executed after: []]
--------------------------
Execution time of TLG and its time to find/nullify any DTs for 1 machine (does not include the time to run the tests in the new order): 0.237
Number of tests selected out of total in original order: 1 / 71
Number of DTs not fixed: 0
Number of DTs fixed: 0
Execution time for executing the following testing order: 0.172

Test order list:
[crystal.model.RevisionHistoryTest.testSuperSubHistory]

Time each test takes to run in the new order:
[172255817]

Dependent test list:
[Test: crystal.model.DataSourceTest.testSetEnabled, Intended behavior: FAILURE, when executed after: [crystal.model.DataSourceTest.testSetCompileCommand], The revealed different behavior: PASS, when executed after: [], Test: crystal.model.DataSourceTest.testSetRemoteCmd, Intended behavior: FAILURE, when executed after: [crystal.model.DataSourceTest.testSetField], The revealed different behavior: PASS, when executed after: [], Test: crystal.model.DataSourceTest.testSetKind, Intended behavior: FAILURE, when executed after: [crystal.model.DataSourceTest.testIsHidden], The revealed different behavior: PASS, when executed after: [], Test: crystal.model.DataSourceTest.testSetCloneString, Intended behavior: FAILURE, when executed after: [crystal.model.DataSourceTest.testSetKind], The revealed different behavior: PASS, when executed after: [], Test: crystal.model.DataSourceTest.testSetCompileCommand, Intended behavior: FAILURE, when executed after: [crystal.model.DataSourceTest.testSetRemoteCmd], The revealed different behavior: PASS, when executed after: [], Test: crystal.model.DataSourceTest.testIsHidden, Intended behavior: FAILURE, when executed after: [crystal.model.DataSourceTest.testSetEnabled], The revealed different behavior: PASS, when executed after: [], Test: crystal.model.DataSourceTest.testSetHistory, Intended behavior: FAILURE, when executed after: [crystal.model.DataSourceTest.testSetCloneString], The revealed different behavior: PASS, when executed after: []]
--------------------------
Execution time of TLG and its time to find/nullify any DTs for 1 machine (does not include the time to run the tests in the new order): 0.310
Number of tests selected out of total in original order: 1 / 71
Number of DTs not fixed: 0
Number of DTs fixed: 0
Execution time for executing the following testing order: 0.177

Test order list:
[crystal.server.HgLogParserTest.testParseLog]

Time each test takes to run in the new order:
[177307989]

Dependent test list:
[Test: crystal.model.DataSourceTest.testSetEnabled, Intended behavior: FAILURE, when executed after: [crystal.model.DataSourceTest.testSetCompileCommand], The revealed different behavior: PASS, when executed after: [], Test: crystal.model.DataSourceTest.testSetRemoteCmd, Intended behavior: FAILURE, when executed after: [crystal.model.DataSourceTest.testSetField], The revealed different behavior: PASS, when executed after: [], Test: crystal.model.DataSourceTest.testSetKind, Intended behavior: FAILURE, when executed after: [crystal.model.DataSourceTest.testIsHidden], The revealed different behavior: PASS, when executed after: [], Test: crystal.model.DataSourceTest.testSetCloneString, Intended behavior: FAILURE, when executed after: [crystal.model.DataSourceTest.testSetKind], The revealed different behavior: PASS, when executed after: [], Test: crystal.model.DataSourceTest.testSetCompileCommand, Intended behavior: FAILURE, when executed after: [crystal.model.DataSourceTest.testSetRemoteCmd], The revealed different behavior: PASS, when executed after: [], Test: crystal.model.DataSourceTest.testIsHidden, Intended behavior: FAILURE, when executed after: [crystal.model.DataSourceTest.testSetEnabled], The revealed different behavior: PASS, when executed after: [], Test: crystal.model.DataSourceTest.testSetHistory, Intended behavior: FAILURE, when executed after: [crystal.model.DataSourceTest.testSetCloneString], The revealed different behavior: PASS, when executed after: []]
--------------------------
Execution time of TLG and its time to find/nullify any DTs for 1 machine (does not include the time to run the tests in the new order): 0.230
Number of tests selected out of total in original order: 1 / 71
Number of DTs not fixed: 0
Number of DTs fixed: 0
Execution time for executing the following testing order: 0.166

Test order list:
[crystal.model.RevisionHistoryTest.testEqualsObject]

Time each test takes to run in the new order:
[165829436]

Dependent test list:
[Test: crystal.model.DataSourceTest.testSetEnabled, Intended behavior: FAILURE, when executed after: [crystal.model.DataSourceTest.testSetCompileCommand], The revealed different behavior: PASS, when executed after: [], Test: crystal.model.DataSourceTest.testSetRemoteCmd, Intended behavior: FAILURE, when executed after: [crystal.model.DataSourceTest.testSetField], The revealed different behavior: PASS, when executed after: [], Test: crystal.model.DataSourceTest.testSetKind, Intended behavior: FAILURE, when executed after: [crystal.model.DataSourceTest.testIsHidden], The revealed different behavior: PASS, when executed after: [], Test: crystal.model.DataSourceTest.testSetCloneString, Intended behavior: FAILURE, when executed after: [crystal.model.DataSourceTest.testSetKind], The revealed different behavior: PASS, when executed after: [], Test: crystal.model.DataSourceTest.testSetCompileCommand, Intended behavior: FAILURE, when executed after: [crystal.model.DataSourceTest.testSetRemoteCmd], The revealed different behavior: PASS, when executed after: [], Test: crystal.model.DataSourceTest.testIsHidden, Intended behavior: FAILURE, when executed after: [crystal.model.DataSourceTest.testSetEnabled], The revealed different behavior: PASS, when executed after: [], Test: crystal.model.DataSourceTest.testSetHistory, Intended behavior: FAILURE, when executed after: [crystal.model.DataSourceTest.testSetCloneString], The revealed different behavior: PASS, when executed after: []]
--------------------------
Execution time of TLG and its time to find/nullify any DTs for 1 machine (does not include the time to run the tests in the new order): 4.003
Number of tests selected out of total in original order: 8 / 71
Number of DTs not fixed: 0
Number of DTs fixed: 0
Execution time for executing the following testing order: 3.758

Test order list:
[crystal.model.DataSourceTest.testSetField, crystal.model.DataSourceTest.testSetRemoteCmd, crystal.model.DataSourceTest.testSetCompileCommand, crystal.model.DataSourceTest.testSetEnabled, crystal.model.DataSourceTest.testIsHidden, crystal.model.DataSourceTest.testSetKind, crystal.model.DataSourceTest.testSetCloneString, crystal.model.DataSourceTest.testSetHistory]

Time each test takes to run in the new order:
[43539559, 2392068, 1979867, 1917315, 1846990, 1630959, 2081766, 3702208122]

Dependent test list:
[Test: crystal.model.DataSourceTest.testSetEnabled, Intended behavior: FAILURE, when executed after: [crystal.model.DataSourceTest.testSetCompileCommand], The revealed different behavior: PASS, when executed after: [], Test: crystal.model.DataSourceTest.testSetRemoteCmd, Intended behavior: FAILURE, when executed after: [crystal.model.DataSourceTest.testSetField], The revealed different behavior: PASS, when executed after: [], Test: crystal.model.DataSourceTest.testSetKind, Intended behavior: FAILURE, when executed after: [crystal.model.DataSourceTest.testIsHidden], The revealed different behavior: PASS, when executed after: [], Test: crystal.model.DataSourceTest.testSetCloneString, Intended behavior: FAILURE, when executed after: [crystal.model.DataSourceTest.testSetKind], The revealed different behavior: PASS, when executed after: [], Test: crystal.model.DataSourceTest.testSetCompileCommand, Intended behavior: FAILURE, when executed after: [crystal.model.DataSourceTest.testSetRemoteCmd], The revealed different behavior: PASS, when executed after: [], Test: crystal.model.DataSourceTest.testIsHidden, Intended behavior: FAILURE, when executed after: [crystal.model.DataSourceTest.testSetEnabled], The revealed different behavior: PASS, when executed after: [], Test: crystal.model.DataSourceTest.testSetHistory, Intended behavior: FAILURE, when executed after: [crystal.model.DataSourceTest.testSetCloneString], The revealed different behavior: PASS, when executed after: []]
--------------------------
Execution time of TLG and its time to find/nullify any DTs for 1 machine (does not include the time to run the tests in the new order): 0.199
Number of tests selected out of total in original order: 1 / 71
Number of DTs not fixed: 0
Number of DTs fixed: 0
Execution time for executing the following testing order: 0.091

Test order list:
[crystal.util.ValidInputCheckerTest.testCheckUrl]

Time each test takes to run in the new order:
[90560216]

Dependent test list:
[Test: crystal.model.DataSourceTest.testSetEnabled, Intended behavior: FAILURE, when executed after: [crystal.model.DataSourceTest.testSetCompileCommand], The revealed different behavior: PASS, when executed after: [], Test: crystal.model.DataSourceTest.testSetRemoteCmd, Intended behavior: FAILURE, when executed after: [crystal.model.DataSourceTest.testSetField], The revealed different behavior: PASS, when executed after: [], Test: crystal.model.DataSourceTest.testSetKind, Intended behavior: FAILURE, when executed after: [crystal.model.DataSourceTest.testIsHidden], The revealed different behavior: PASS, when executed after: [], Test: crystal.model.DataSourceTest.testSetCloneString, Intended behavior: FAILURE, when executed after: [crystal.model.DataSourceTest.testSetKind], The revealed different behavior: PASS, when executed after: [], Test: crystal.model.DataSourceTest.testSetCompileCommand, Intended behavior: FAILURE, when executed after: [crystal.model.DataSourceTest.testSetRemoteCmd], The revealed different behavior: PASS, when executed after: [], Test: crystal.model.DataSourceTest.testIsHidden, Intended behavior: FAILURE, when executed after: [crystal.model.DataSourceTest.testSetEnabled], The revealed different behavior: PASS, when executed after: [], Test: crystal.model.DataSourceTest.testSetHistory, Intended behavior: FAILURE, when executed after: [crystal.model.DataSourceTest.testSetCloneString], The revealed different behavior: PASS, when executed after: []]
--------------------------
Total time (of all machines and iterations plus initial TestListGenerator): 5.970
New order time: 3.758
Total number of tests executed in all machines out of total in original order: 94 / 71