The following arguments were used to generate this output.
[-technique, parallelization, -order, original, -origOrder, crystal-orig-order, -testInputDir, sootTestOutput-orig, -filesToDelete, crystal-env-files, -project, Crystal, -testType, orig, -numOfMachines, 2, -outputDir, /homes/gws/winglam/winglam/dependent-tests-impact/experiments/parallelization-results, -timesToRun, 1, -dependentTestFile, /homes/gws/winglam/winglam/dependent-tests-impact/experiments/parallelization-dt-list/parallelization-Crystal-orig-2-original.txt]

Execution time of TLG and its time to find/nullify any DTs for 1 machine (does not include the time to run the tests in the new order): 0.573
Number of tests selected out of total in original order: 36 / 71
Number of DTs not fixed: 0
Number of DTs fixed: 0
Execution time for executing the following testing order: 0.471

Test order list:
[crystal.client.ProjectPreferencesTest.testNullInputConstructor, crystal.client.ProjectPreferencesTest.testProjectPreferences, crystal.client.ProjectPreferencesTest.testDuplicateAddDataSource, crystal.client.ProjectPreferencesTest.testAddDataSource, crystal.client.ProjectPreferencesTest.testGetNumOfVisibleSources, crystal.client.ProjectPreferencesTest.testRemoveDataSource, crystal.client.ProjectPreferencesTest.testGetProjectCheckoutLocation, crystal.client.ProjectPreferencesTest.testClone, crystal.client.ConflictDaemonTest.testGetInstance, crystal.client.ConflictDaemonTest.testPrePerformCalculations, crystal.client.ConflictDaemonTest.testLocalState, crystal.client.ConflictDaemonTest.testRelationship, crystal.client.ConflictDaemonTest.testAddListener, crystal.client.ClientPreferencesTest.testNullInputConstructor, crystal.client.ClientPreferencesTest.testClone, crystal.client.ClientPreferencesTest.testDuplicateAddProjectPreferences, crystal.client.ClientPreferencesTest.testAddProjectPreferences, crystal.client.ClientPreferencesTest.testDuplicateProject, crystal.client.ClientPreferencesTest.testRemoveProjectPreferences, crystal.client.ClientPreferencesTest.testRemoveProjectPreferencesAtIndex, crystal.client.ClientPreferencesTest.testLoadPreferencesFromXML, crystal.client.ClientPreferencesTest.testClientPreferences, crystal.client.ClientPreferencesTest.testDefaultSetting, crystal.client.ClientPreferencesTest.testSavePreferencesToXML, crystal.model.RevisionHistoryTest.testEqualsObject, crystal.model.RevisionHistoryTest.testSuperSubHistory, crystal.model.RevisionHistoryTest.testGetCommitters, crystal.model.DataSourceTest.testClone, crystal.model.DataSourceTest.testSetField, crystal.model.DataSourceTest.testSetRemoteCmd, crystal.model.DataSourceTest.testSetCompileCommand, crystal.model.DataSourceTest.testSetEnabled, crystal.model.DataSourceTest.testIsHidden, crystal.model.DataSourceTest.testSetParent, crystal.model.DataSourceTest.testSetKind, crystal.model.DataSourceTest.testSetCloneString]

Time each test takes to run in the new order:
[31420796, 83958265, 1623801, 1694848, 1013345, 1290374, 1109644, 1015458, 1339446, 1203671, 15077302, 24811659, 2727861, 3032417, 970640, 821078, 808095, 814742, 735243, 685974, 2789936, 706902, 804916, 30882795, 126956982, 80811343, 48500843, 1063949, 351749, 363521, 342989, 366665, 321227, 350050, 308807, 311761]

Dependent test list:
[Test: crystal.model.DataSourceTest.testSetHistory, Intended behavior: FAILURE, when executed after: [crystal.model.DataSourceTest.testToString], The revealed different behavior: PASS, when executed after: [], Test: crystal.model.DataSourceTest.testToString, Intended behavior: FAILURE, when executed after: [crystal.model.DataSourceTest.testSetField], The revealed different behavior: PASS, when executed after: []]
--------------------------
Execution time of TLG and its time to find/nullify any DTs for 1 machine (does not include the time to run the tests in the new order): 4.434
Number of tests selected out of total in original order: 36 / 71
Number of DTs not fixed: 0
Number of DTs fixed: 0
Execution time for executing the following testing order: 3.972

Test order list:
[crystal.model.DataSourceTest.testSetField, crystal.model.DataSourceTest.testToString, crystal.model.DataSourceTest.testSetHistory, crystal.model.RelationshipTest.testNullInputConstructor, crystal.model.RelationshipTest.testEqualsObject, crystal.model.RelationshipTest.testStrangeNameConstructor, crystal.model.RelationshipTest.testConstructor, crystal.model.RelationshipTest.testCalculateAction, crystal.model.RelationshipTest.testGetActionRepoKind, crystal.model.RelationshipTest.testGetDominant, crystal.model.LocalStateResultTest.testToString, crystal.model.LocalStateResultTest.testGetLastAction, crystal.model.LocalStateResultTest.testGetName, crystal.model.LocalStateResultTest.testGetNoErrorMessage, crystal.model.LocalStateResultTest.testGetLastErrorMessage, crystal.model.LocalStateResultTest.testGetLocalState, crystal.model.LocalStateResultTest.testGetLastLocalState, crystal.model.LocalStateResultTest.testErrorActionNameConstructor, crystal.model.LocalStateResultTest.testGetAction, crystal.model.LocalStateResultTest.testStrangeActionName, crystal.server.HgLogParserTest.testParseNullLog, crystal.server.HgLogParserTest.testParseLog, crystal.server.HgLogParserTest.testSingleLog, crystal.server.HgLogParserTest.testTwoLogs, crystal.server.GuidanceCheckerTest.testGetWhen, crystal.server.GuidanceCheckerTest.testGetCommitters, crystal.util.ValidInputCheckerTest.testCheckValidDirectoryPath, crystal.util.ValidInputCheckerTest.testCheckValidFilePath, crystal.util.ValidInputCheckerTest.testCheckUrl, crystal.util.SpringLayoutUtilityTest.testInvalidPanelParameter, crystal.util.SetOperationsTest.testNullIntersection, crystal.util.SetOperationsTest.testIntersection, crystal.util.SetOperationsTest.testNullUnion, crystal.util.SetOperationsTest.testUnion, crystal.util.SetOperationsTest.testSetDifference, crystal.util.SetOperationsTest.testXor]

Time each test takes to run in the new order:
[37606720, 2527097, 3677934181, 7148985, 94264424, 970823, 974384, 2130554, 1137415, 877966, 2451873, 808055, 704691, 711381, 800006, 749049, 693267, 609360, 541142, 728526, 620015, 90259375, 640885, 324993, 2378791, 818109, 989420, 566146, 14562974, 23425277, 995052, 427709, 352102, 372758, 398137, 356230]

Dependent test list:
[Test: crystal.model.DataSourceTest.testSetHistory, Intended behavior: FAILURE, when executed after: [crystal.model.DataSourceTest.testToString], The revealed different behavior: PASS, when executed after: [], Test: crystal.model.DataSourceTest.testToString, Intended behavior: FAILURE, when executed after: [crystal.model.DataSourceTest.testSetField], The revealed different behavior: PASS, when executed after: []]
--------------------------
Total time (of all machines and iterations plus initial TestListGenerator): 4.461
New order time: 3.972
Total number of tests executed in all machines out of total in original order: 72 / 71