The following arguments were used to generate this output.
[-technique, parallelization, -order, original, -origOrder, jodatime-auto-order, -testInputDir, /home/winglam/dt-copy3/dependent-tests-impact/experiments/jodatime-b609d7d66d//sootTestOutput-auto, -filesToDelete, jodatime-env-files, -project, Joda-Time, -testType, auto, -numOfMachines, 16, -outputDir, /home/winglam/dt-copy3/dependent-tests-impact/experiments/parallelization-results, -timesToRun, 5, -dependentTestFile, /home/winglam/dt-copy3/dependent-tests-impact/experiments/parallelization-dt-list/parallelization-Joda-Time-auto-16-original.txt]

Execution time of TLG and its time to find/nullify any DTs for 1 machine (does not include the time to run the tests in the new order): 1.105
Number of tests selected out of total in original order: 139 / 2211
Number of DTs not fixed: 0
Number of DTs fixed: 0
Execution time for executing the following testing order: 0.899

Test order list:
[randoop.jodatime.RandoopTest0.test1, randoop.jodatime.RandoopTest0.test2, randoop.jodatime.RandoopTest0.test3, randoop.jodatime.RandoopTest0.test4, randoop.jodatime.RandoopTest0.test5, randoop.jodatime.RandoopTest0.test6, randoop.jodatime.RandoopTest0.test7, randoop.jodatime.RandoopTest0.test8, randoop.jodatime.RandoopTest0.test9, randoop.jodatime.RandoopTest0.test10, randoop.jodatime.RandoopTest0.test11, randoop.jodatime.RandoopTest0.test12, randoop.jodatime.RandoopTest0.test13, randoop.jodatime.RandoopTest0.test14, randoop.jodatime.RandoopTest0.test15, randoop.jodatime.RandoopTest0.test16, randoop.jodatime.RandoopTest0.test17, randoop.jodatime.RandoopTest0.test18, randoop.jodatime.RandoopTest0.test19, randoop.jodatime.RandoopTest0.test20, randoop.jodatime.RandoopTest0.test21, randoop.jodatime.RandoopTest0.test22, randoop.jodatime.RandoopTest0.test23, randoop.jodatime.RandoopTest0.test24, randoop.jodatime.RandoopTest0.test25, randoop.jodatime.RandoopTest0.test26, randoop.jodatime.RandoopTest0.test27, randoop.jodatime.RandoopTest0.test28, randoop.jodatime.RandoopTest0.test29, randoop.jodatime.RandoopTest0.test31, randoop.jodatime.RandoopTest0.test32, randoop.jodatime.RandoopTest0.test33, randoop.jodatime.RandoopTest0.test34, randoop.jodatime.RandoopTest0.test35, randoop.jodatime.RandoopTest0.test36, randoop.jodatime.RandoopTest0.test37, randoop.jodatime.RandoopTest0.test39, randoop.jodatime.RandoopTest0.test40, randoop.jodatime.RandoopTest0.test41, randoop.jodatime.RandoopTest0.test42, randoop.jodatime.RandoopTest0.test43, randoop.jodatime.RandoopTest0.test44, randoop.jodatime.RandoopTest0.test45, randoop.jodatime.RandoopTest0.test46, randoop.jodatime.RandoopTest0.test47, randoop.jodatime.RandoopTest0.test48, randoop.jodatime.RandoopTest0.test49, randoop.jodatime.RandoopTest0.test50, randoop.jodatime.RandoopTest0.test51, randoop.jodatime.RandoopTest0.test53, randoop.jodatime.RandoopTest0.test54, randoop.jodatime.RandoopTest0.test55, randoop.jodatime.RandoopTest0.test56, randoop.jodatime.RandoopTest0.test57, randoop.jodatime.RandoopTest0.test58, randoop.jodatime.RandoopTest0.test59, randoop.jodatime.RandoopTest0.test60, randoop.jodatime.RandoopTest0.test61, randoop.jodatime.RandoopTest0.test63, randoop.jodatime.RandoopTest0.test64, randoop.jodatime.RandoopTest0.test65, randoop.jodatime.RandoopTest0.test66, randoop.jodatime.RandoopTest0.test67, randoop.jodatime.RandoopTest0.test68, randoop.jodatime.RandoopTest0.test69, randoop.jodatime.RandoopTest0.test71, randoop.jodatime.RandoopTest0.test73, randoop.jodatime.RandoopTest0.test74, randoop.jodatime.RandoopTest0.test75, randoop.jodatime.RandoopTest0.test76, randoop.jodatime.RandoopTest0.test77, randoop.jodatime.RandoopTest0.test78, randoop.jodatime.RandoopTest0.test79, randoop.jodatime.RandoopTest0.test81, randoop.jodatime.RandoopTest0.test82, randoop.jodatime.RandoopTest0.test83, randoop.jodatime.RandoopTest0.test84, randoop.jodatime.RandoopTest0.test86, randoop.jodatime.RandoopTest0.test87, randoop.jodatime.RandoopTest0.test88, randoop.jodatime.RandoopTest0.test91, randoop.jodatime.RandoopTest0.test92, randoop.jodatime.RandoopTest0.test93, randoop.jodatime.RandoopTest0.test94, randoop.jodatime.RandoopTest0.test95, randoop.jodatime.RandoopTest0.test96, randoop.jodatime.RandoopTest0.test98, randoop.jodatime.RandoopTest0.test101, randoop.jodatime.RandoopTest0.test102, randoop.jodatime.RandoopTest0.test103, randoop.jodatime.RandoopTest0.test104, randoop.jodatime.RandoopTest0.test105, randoop.jodatime.RandoopTest0.test106, randoop.jodatime.RandoopTest0.test107, randoop.jodatime.RandoopTest0.test108, randoop.jodatime.RandoopTest0.test109, randoop.jodatime.RandoopTest0.test110, randoop.jodatime.RandoopTest0.test111, randoop.jodatime.RandoopTest0.test112, randoop.jodatime.RandoopTest0.test113, randoop.jodatime.RandoopTest0.test114, randoop.jodatime.RandoopTest0.test115, randoop.jodatime.RandoopTest0.test116, randoop.jodatime.RandoopTest0.test117, randoop.jodatime.RandoopTest0.test118, randoop.jodatime.RandoopTest0.test119, randoop.jodatime.RandoopTest0.test120, randoop.jodatime.RandoopTest0.test121, randoop.jodatime.RandoopTest0.test122, randoop.jodatime.RandoopTest0.test123, randoop.jodatime.RandoopTest0.test125, randoop.jodatime.RandoopTest0.test127, randoop.jodatime.RandoopTest0.test128, randoop.jodatime.RandoopTest0.test129, randoop.jodatime.RandoopTest0.test130, randoop.jodatime.RandoopTest0.test131, randoop.jodatime.RandoopTest0.test132, randoop.jodatime.RandoopTest0.test133, randoop.jodatime.RandoopTest0.test134, randoop.jodatime.RandoopTest0.test135, randoop.jodatime.RandoopTest0.test136, randoop.jodatime.RandoopTest0.test138, randoop.jodatime.RandoopTest0.test139, randoop.jodatime.RandoopTest0.test140, randoop.jodatime.RandoopTest0.test141, randoop.jodatime.RandoopTest0.test142, randoop.jodatime.RandoopTest0.test143, randoop.jodatime.RandoopTest0.test144, randoop.jodatime.RandoopTest0.test146, randoop.jodatime.RandoopTest0.test148, randoop.jodatime.RandoopTest0.test149, randoop.jodatime.RandoopTest0.test150, randoop.jodatime.RandoopTest0.test152, randoop.jodatime.RandoopTest0.test153, randoop.jodatime.RandoopTest0.test154, randoop.jodatime.RandoopTest0.test155, randoop.jodatime.RandoopTest0.test157, randoop.jodatime.RandoopTest0.test158, randoop.jodatime.RandoopTest0.test159]

Time each test takes to run in the new order:
[115661992, 34778836, 22930219, 21670030, 20778664, 24856729, 11232193, 11326555, 11428997, 16145930, 8541327, 8988279, 8874703, 8078320, 7109410, 21854783, 11788291, 8599523, 9463270, 7949502, 8463623, 7285147, 8050029, 8418993, 7375022, 7569748, 10652054, 10910780, 11131781, 10113537, 10517537, 9932116, 9970339, 10014817, 10352446, 9775778, 9631798, 13355525, 10435389, 8006337, 4435184, 4956766, 4379872, 4371325, 4451251, 4422433, 4401854, 4327763, 4321393, 4391108, 4324256, 4378770, 4543984, 6701317, 4626181, 4616068, 4614674, 5604260, 4209414, 6195299, 3812285, 3861093, 3789953, 3242247, 3321520, 4189928, 3233109, 3238936, 3176107, 3583509, 3143310, 3781747, 3119488, 3037649, 2791812, 2783315, 2879378, 3551102, 3470500, 2644671, 2825739, 5262104, 3136456, 2857598, 3287196, 3065267, 3071735, 2805951, 2768914, 2657052, 2641922, 2433083, 2561637, 2431588, 2480091, 2587743, 2734082, 3197308, 2410555, 3187305, 2460331, 2409326, 2339358, 2280834, 3297895, 2571257, 2520008, 2393479, 2386663, 2229092, 3126577, 2390159, 2287489, 2556965, 2417850, 2224089, 2495137, 2949393, 2518349, 2552174, 2396780, 2334619, 2151747, 2491558, 2530976, 4811895, 2101984, 2167836, 2124349, 2264081, 2177321, 2224440, 2618267, 2200446, 2133865, 2169067, 2203706, 2175028, 2166916]

Dependent test list:
[Test: randoop.jodatime.RandoopTest0.test196, Intended behavior: FAILURE, when executed after: [randoop.jodatime.RandoopTest0.test192], The revealed different behavior: PASS, when executed after: [], Test: randoop.jodatime.RandoopTest0.test192, Intended behavior: FAILURE, when executed after: [randoop.jodatime.RandoopTest0.test165], The revealed different behavior: PASS, when executed after: [], Test: randoop.jodatime.RandoopTest0.test165, Intended behavior: FAILURE, when executed after: [randoop.jodatime.RandoopTest0.test135], The revealed different behavior: PASS, when executed after: [], Test: randoop.jodatime.RandoopTest0.test360, Intended behavior: FAILURE, when executed after: [randoop.jodatime.RandoopTest0.test338], The revealed different behavior: PASS, when executed after: [], Test: randoop.jodatime.RandoopTest0.test338, Intended behavior: FAILURE, when executed after: [randoop.jodatime.RandoopTest0.test325], The revealed different behavior: PASS, when executed after: [], Test: randoop.jodatime.RandoopTest0.test325, Intended behavior: FAILURE, when executed after: [randoop.jodatime.RandoopTest0.test196], The revealed different behavior: PASS, when executed after: [], Test: randoop.jodatime.RandoopTest1.test235, Intended behavior: FAILURE, when executed after: [randoop.jodatime.RandoopTest1.test181], The revealed different behavior: PASS, when executed after: [], Test: randoop.jodatime.RandoopTest1.test181, Intended behavior: FAILURE, when executed after: [randoop.jodatime.RandoopTest0.test498], The revealed different behavior: PASS, when executed after: [], Test: randoop.jodatime.RandoopTest2.test36, Intended behavior: FAILURE, when executed after: [randoop.jodatime.RandoopTest2.test21], The revealed different behavior: PASS, when executed after: [], Test: randoop.jodatime.RandoopTest2.test77, Intended behavior: FAILURE, when executed after: [randoop.jodatime.RandoopTest1.test467], The revealed different behavior: PASS, when executed after: [], Test: randoop.jodatime.RandoopTest2.test21, Intended behavior: FAILURE, when executed after: [randoop.jodatime.RandoopTest1.test235], The revealed different behavior: PASS, when executed after: [], Test: randoop.jodatime.RandoopTest2.test254, Intended behavior: FAILURE, when executed after: [randoop.jodatime.RandoopTest2.test212], The revealed different behavior: PASS, when executed after: [], Test: randoop.jodatime.RandoopTest2.test243, Intended behavior: FAILURE, when executed after: [randoop.jodatime.RandoopTest2.test36], The revealed different behavior: PASS, when executed after: [], Test: randoop.jodatime.RandoopTest2.test490, Intended behavior: FAILURE, when executed after: [randoop.jodatime.RandoopTest2.test487], The revealed different behavior: PASS, when executed after: [], Test: randoop.jodatime.RandoopTest2.test487, Intended behavior: FAILURE, when executed after: [randoop.jodatime.RandoopTest2.test356], The revealed different behavior: PASS, when executed after: [], Test: randoop.jodatime.RandoopTest2.test356, Intended behavior: FAILURE, when executed after: [randoop.jodatime.RandoopTest2.test243], The revealed different behavior: PASS, when executed after: [], Test: randoop.jodatime.RandoopTest2.test474, Intended behavior: FAILURE, when executed after: [randoop.jodatime.RandoopTest2.test376], The revealed different behavior: PASS, when executed after: [], Test: randoop.jodatime.RandoopTest2.test493, Intended behavior: FAILURE, when executed after: [randoop.jodatime.RandoopTest2.test490], The revealed different behavior: PASS, when executed after: [], Test: randoop.jodatime.RandoopTest3.test195, Intended behavior: FAILURE, when executed after: [randoop.jodatime.RandoopTest3.test193], The revealed different behavior: PASS, when executed after: [], Test: randoop.jodatime.RandoopTest3.test193, Intended behavior: FAILURE, when executed after: [randoop.jodatime.RandoopTest3.test189], The revealed different behavior: PASS, when executed after: [], Test: randoop.jodatime.RandoopTest3.test189, Intended behavior: FAILURE, when executed after: [randoop.jodatime.RandoopTest3.test185], The revealed different behavior: PASS, when executed after: [], Test: randoop.jodatime.RandoopTest3.test185, Intended behavior: FAILURE, when executed after: [randoop.jodatime.RandoopTest3.test161], The revealed different behavior: PASS, when executed after: [], Test: randoop.jodatime.RandoopTest3.test161, Intended behavior: FAILURE, when executed after: [randoop.jodatime.RandoopTest2.test493], The revealed different behavior: PASS, when executed after: [], Test: randoop.jodatime.RandoopTest3.test389, Intended behavior: FAILURE, when executed after: [randoop.jodatime.RandoopTest3.test383], The revealed different behavior: PASS, when executed after: [], Test: randoop.jodatime.RandoopTest3.test383, Intended behavior: FAILURE, when executed after: [randoop.jodatime.RandoopTest3.test347], The revealed different behavior: PASS, when executed after: [], Test: randoop.jodatime.RandoopTest3.test347, Intended behavior: FAILURE, when executed after: [randoop.jodatime.RandoopTest3.test345], The revealed different behavior: PASS, when executed after: [], Test: randoop.jodatime.RandoopTest3.test345, Intended behavior: FAILURE, when executed after: [randoop.jodatime.RandoopTest3.test316], The revealed different behavior: PASS, when executed after: [], Test: randoop.jodatime.RandoopTest3.test316, Intended behavior: FAILURE, when executed after: [randoop.jodatime.RandoopTest3.test315], The revealed different behavior: PASS, when executed after: [], Test: randoop.jodatime.RandoopTest3.test315, Intended behavior: FAILURE, when executed after: [randoop.jodatime.RandoopTest3.test195], The revealed different behavior: PASS, when executed after: [], Test: randoop.jodatime.RandoopTest3.test496, Intended behavior: FAILURE, when executed after: [randoop.jodatime.RandoopTest3.test467], The revealed different behavior: PASS, when executed after: [], Test: randoop.jodatime.RandoopTest3.test467, Intended behavior: FAILURE, when executed after: [randoop.jodatime.RandoopTest3.test389], The revealed different behavior: PASS, when executed after: [], Test: randoop.jodatime.RandoopTest4.test259, Intended behavior: FAILURE, when executed after: [randoop.jodatime.RandoopTest4.test221], The revealed different behavior: PASS, when executed after: [], Test: randoop.jodatime.RandoopTest4.test221, Intended behavior: FAILURE, when executed after: [randoop.jodatime.RandoopTest4.test13], The revealed different behavior: PASS, when executed after: [], Test: randoop.jodatime.RandoopTest4.test401, Intended behavior: FAILURE, when executed after: [randoop.jodatime.RandoopTest4.test259], The revealed different behavior: PASS, when executed after: [], Test: randoop.jodatime.RandoopTest4.test434, Intended behavior: FAILURE, when executed after: [randoop.jodatime.RandoopTest4.test401], The revealed different behavior: PASS, when executed after: [], Test: randoop.jodatime.RandoopTest4.test13, Intended behavior: FAILURE, when executed after: [randoop.jodatime.RandoopTest3.test496], The revealed different behavior: PASS, when executed after: [], Test: randoop.jodatime.RandoopTest2.test212, Intended behavior: FAILURE, when executed after: [randoop.jodatime.RandoopTest2.test77], The revealed different behavior: PASS, when executed after: [], Test: randoop.jodatime.RandoopTest2.test376, Intended behavior: FAILURE, when executed after: [randoop.jodatime.RandoopTest2.test254], The revealed different behavior: PASS, when executed after: []]
--------------------------
Execution time of TLG and its time to find/nullify any DTs for 1 machine (does not include the time to run the tests in the new order): 1.084
Number of tests selected out of total in original order: 140 / 2211
Number of DTs not fixed: 0
Number of DTs fixed: 0
Execution time for executing the following testing order: 0.915

Test order list:
[randoop.jodatime.RandoopTest0.test160, randoop.jodatime.RandoopTest0.test161, randoop.jodatime.RandoopTest0.test162, randoop.jodatime.RandoopTest0.test163, randoop.jodatime.RandoopTest0.test164, randoop.jodatime.RandoopTest0.test135, randoop.jodatime.RandoopTest0.test165, randoop.jodatime.RandoopTest0.test166, randoop.jodatime.RandoopTest0.test167, randoop.jodatime.RandoopTest0.test168, randoop.jodatime.RandoopTest0.test169, randoop.jodatime.RandoopTest0.test170, randoop.jodatime.RandoopTest0.test171, randoop.jodatime.RandoopTest0.test172, randoop.jodatime.RandoopTest0.test173, randoop.jodatime.RandoopTest0.test174, randoop.jodatime.RandoopTest0.test175, randoop.jodatime.RandoopTest0.test176, randoop.jodatime.RandoopTest0.test177, randoop.jodatime.RandoopTest0.test180, randoop.jodatime.RandoopTest0.test181, randoop.jodatime.RandoopTest0.test182, randoop.jodatime.RandoopTest0.test183, randoop.jodatime.RandoopTest0.test184, randoop.jodatime.RandoopTest0.test185, randoop.jodatime.RandoopTest0.test188, randoop.jodatime.RandoopTest0.test189, randoop.jodatime.RandoopTest0.test190, randoop.jodatime.RandoopTest0.test192, randoop.jodatime.RandoopTest0.test193, randoop.jodatime.RandoopTest0.test195, randoop.jodatime.RandoopTest0.test196, randoop.jodatime.RandoopTest0.test197, randoop.jodatime.RandoopTest0.test198, randoop.jodatime.RandoopTest0.test199, randoop.jodatime.RandoopTest0.test200, randoop.jodatime.RandoopTest0.test201, randoop.jodatime.RandoopTest0.test202, randoop.jodatime.RandoopTest0.test203, randoop.jodatime.RandoopTest0.test204, randoop.jodatime.RandoopTest0.test205, randoop.jodatime.RandoopTest0.test206, randoop.jodatime.RandoopTest0.test207, randoop.jodatime.RandoopTest0.test208, randoop.jodatime.RandoopTest0.test209, randoop.jodatime.RandoopTest0.test210, randoop.jodatime.RandoopTest0.test211, randoop.jodatime.RandoopTest0.test212, randoop.jodatime.RandoopTest0.test213, randoop.jodatime.RandoopTest0.test214, randoop.jodatime.RandoopTest0.test215, randoop.jodatime.RandoopTest0.test216, randoop.jodatime.RandoopTest0.test217, randoop.jodatime.RandoopTest0.test218, randoop.jodatime.RandoopTest0.test219, randoop.jodatime.RandoopTest0.test220, randoop.jodatime.RandoopTest0.test221, randoop.jodatime.RandoopTest0.test222, randoop.jodatime.RandoopTest0.test223, randoop.jodatime.RandoopTest0.test224, randoop.jodatime.RandoopTest0.test225, randoop.jodatime.RandoopTest0.test226, randoop.jodatime.RandoopTest0.test228, randoop.jodatime.RandoopTest0.test229, randoop.jodatime.RandoopTest0.test230, randoop.jodatime.RandoopTest0.test232, randoop.jodatime.RandoopTest0.test233, randoop.jodatime.RandoopTest0.test234, randoop.jodatime.RandoopTest0.test235, randoop.jodatime.RandoopTest0.test237, randoop.jodatime.RandoopTest0.test238, randoop.jodatime.RandoopTest0.test239, randoop.jodatime.RandoopTest0.test240, randoop.jodatime.RandoopTest0.test241, randoop.jodatime.RandoopTest0.test242, randoop.jodatime.RandoopTest0.test243, randoop.jodatime.RandoopTest0.test244, randoop.jodatime.RandoopTest0.test246, randoop.jodatime.RandoopTest0.test247, randoop.jodatime.RandoopTest0.test248, randoop.jodatime.RandoopTest0.test249, randoop.jodatime.RandoopTest0.test250, randoop.jodatime.RandoopTest0.test251, randoop.jodatime.RandoopTest0.test252, randoop.jodatime.RandoopTest0.test254, randoop.jodatime.RandoopTest0.test255, randoop.jodatime.RandoopTest0.test256, randoop.jodatime.RandoopTest0.test257, randoop.jodatime.RandoopTest0.test258, randoop.jodatime.RandoopTest0.test259, randoop.jodatime.RandoopTest0.test260, randoop.jodatime.RandoopTest0.test261, randoop.jodatime.RandoopTest0.test262, randoop.jodatime.RandoopTest0.test263, randoop.jodatime.RandoopTest0.test264, randoop.jodatime.RandoopTest0.test266, randoop.jodatime.RandoopTest0.test267, randoop.jodatime.RandoopTest0.test269, randoop.jodatime.RandoopTest0.test270, randoop.jodatime.RandoopTest0.test271, randoop.jodatime.RandoopTest0.test272, randoop.jodatime.RandoopTest0.test273, randoop.jodatime.RandoopTest0.test274, randoop.jodatime.RandoopTest0.test275, randoop.jodatime.RandoopTest0.test276, randoop.jodatime.RandoopTest0.test278, randoop.jodatime.RandoopTest0.test279, randoop.jodatime.RandoopTest0.test280, randoop.jodatime.RandoopTest0.test281, randoop.jodatime.RandoopTest0.test282, randoop.jodatime.RandoopTest0.test283, randoop.jodatime.RandoopTest0.test284, randoop.jodatime.RandoopTest0.test286, randoop.jodatime.RandoopTest0.test287, randoop.jodatime.RandoopTest0.test291, randoop.jodatime.RandoopTest0.test293, randoop.jodatime.RandoopTest0.test294, randoop.jodatime.RandoopTest0.test295, randoop.jodatime.RandoopTest0.test297, randoop.jodatime.RandoopTest0.test298, randoop.jodatime.RandoopTest0.test299, randoop.jodatime.RandoopTest0.test300, randoop.jodatime.RandoopTest0.test301, randoop.jodatime.RandoopTest0.test302, randoop.jodatime.RandoopTest0.test303, randoop.jodatime.RandoopTest0.test304, randoop.jodatime.RandoopTest0.test305, randoop.jodatime.RandoopTest0.test306, randoop.jodatime.RandoopTest0.test308, randoop.jodatime.RandoopTest0.test309, randoop.jodatime.RandoopTest0.test310, randoop.jodatime.RandoopTest0.test311, randoop.jodatime.RandoopTest0.test312, randoop.jodatime.RandoopTest0.test314, randoop.jodatime.RandoopTest0.test315, randoop.jodatime.RandoopTest0.test317, randoop.jodatime.RandoopTest0.test318, randoop.jodatime.RandoopTest0.test319, randoop.jodatime.RandoopTest0.test320, randoop.jodatime.RandoopTest0.test321]

Time each test takes to run in the new order:
[70394002, 68514274, 23593273, 21754026, 23328659, 17753332, 23966477, 16952493, 15328583, 10640857, 8201050, 8189696, 7645605, 8182373, 6821305, 6809094, 11231312, 7628065, 9641943, 10675177, 9899045, 8251006, 7965540, 7512642, 7486184, 7710140, 13548826, 10205876, 11069911, 10391924, 11077407, 10432908, 10371325, 10023321, 10921711, 10393347, 20365660, 15814111, 10622837, 10031797, 9820832, 9735279, 5432946, 6296973, 8100917, 4312079, 4261767, 4316182, 4252648, 4188588, 4713287, 4246974, 5568519, 4200422, 4157219, 4184179, 4128906, 4182505, 5145072, 7193852, 3948193, 3807486, 3612705, 4126491, 3624928, 3604011, 2994208, 2899730, 3032517, 2988945, 2978375, 2893355, 2919065, 2940592, 2952810, 2828419, 2659365, 2528621, 2571846, 2734084, 2467147, 5019451, 2478282, 2495376, 4914413, 2382755, 2434225, 2389828, 2362624, 2331369, 3103379, 5623913, 2581860, 2877937, 2297417, 2343656, 2501362, 2426009, 2339826, 2254609, 3088733, 2307901, 3144669, 2527181, 2469852, 2389962, 2170712, 2094074, 2337307, 2237803, 2301255, 2453902, 2281082, 2170817, 2879358, 2367968, 2226150, 2407118, 2732541, 2140877, 2300377, 2242977, 2301081, 2054423, 2194998, 2316865, 4865856, 2097820, 2053579, 2103911, 2260361, 2078625, 2254432, 2126294, 2047956, 2030480, 2051677, 2055681, 2159335, 2139891]

Dependent test list:
[Test: randoop.jodatime.RandoopTest0.test196, Intended behavior: FAILURE, when executed after: [randoop.jodatime.RandoopTest0.test192], The revealed different behavior: PASS, when executed after: [], Test: randoop.jodatime.RandoopTest0.test192, Intended behavior: FAILURE, when executed after: [randoop.jodatime.RandoopTest0.test165], The revealed different behavior: PASS, when executed after: [], Test: randoop.jodatime.RandoopTest0.test165, Intended behavior: FAILURE, when executed after: [randoop.jodatime.RandoopTest0.test135], The revealed different behavior: PASS, when executed after: [], Test: randoop.jodatime.RandoopTest0.test360, Intended behavior: FAILURE, when executed after: [randoop.jodatime.RandoopTest0.test338], The revealed different behavior: PASS, when executed after: [], Test: randoop.jodatime.RandoopTest0.test338, Intended behavior: FAILURE, when executed after: [randoop.jodatime.RandoopTest0.test325], The revealed different behavior: PASS, when executed after: [], Test: randoop.jodatime.RandoopTest0.test325, Intended behavior: FAILURE, when executed after: [randoop.jodatime.RandoopTest0.test196], The revealed different behavior: PASS, when executed after: [], Test: randoop.jodatime.RandoopTest1.test235, Intended behavior: FAILURE, when executed after: [randoop.jodatime.RandoopTest1.test181], The revealed different behavior: PASS, when executed after: [], Test: randoop.jodatime.RandoopTest1.test181, Intended behavior: FAILURE, when executed after: [randoop.jodatime.RandoopTest0.test498], The revealed different behavior: PASS, when executed after: [], Test: randoop.jodatime.RandoopTest2.test36, Intended behavior: FAILURE, when executed after: [randoop.jodatime.RandoopTest2.test21], The revealed different behavior: PASS, when executed after: [], Test: randoop.jodatime.RandoopTest2.test77, Intended behavior: FAILURE, when executed after: [randoop.jodatime.RandoopTest1.test467], The revealed different behavior: PASS, when executed after: [], Test: randoop.jodatime.RandoopTest2.test21, Intended behavior: FAILURE, when executed after: [randoop.jodatime.RandoopTest1.test235], The revealed different behavior: PASS, when executed after: [], Test: randoop.jodatime.RandoopTest2.test254, Intended behavior: FAILURE, when executed after: [randoop.jodatime.RandoopTest2.test212], The revealed different behavior: PASS, when executed after: [], Test: randoop.jodatime.RandoopTest2.test243, Intended behavior: FAILURE, when executed after: [randoop.jodatime.RandoopTest2.test36], The revealed different behavior: PASS, when executed after: [], Test: randoop.jodatime.RandoopTest2.test490, Intended behavior: FAILURE, when executed after: [randoop.jodatime.RandoopTest2.test487], The revealed different behavior: PASS, when executed after: [], Test: randoop.jodatime.RandoopTest2.test487, Intended behavior: FAILURE, when executed after: [randoop.jodatime.RandoopTest2.test356], The revealed different behavior: PASS, when executed after: [], Test: randoop.jodatime.RandoopTest2.test356, Intended behavior: FAILURE, when executed after: [randoop.jodatime.RandoopTest2.test243], The revealed different behavior: PASS, when executed after: [], Test: randoop.jodatime.RandoopTest2.test474, Intended behavior: FAILURE, when executed after: [randoop.jodatime.RandoopTest2.test376], The revealed different behavior: PASS, when executed after: [], Test: randoop.jodatime.RandoopTest2.test493, Intended behavior: FAILURE, when executed after: [randoop.jodatime.RandoopTest2.test490], The revealed different behavior: PASS, when executed after: [], Test: randoop.jodatime.RandoopTest3.test195, Intended behavior: FAILURE, when executed after: [randoop.jodatime.RandoopTest3.test193], The revealed different behavior: PASS, when executed after: [], Test: randoop.jodatime.RandoopTest3.test193, Intended behavior: FAILURE, when executed after: [randoop.jodatime.RandoopTest3.test189], The revealed different behavior: PASS, when executed after: [], Test: randoop.jodatime.RandoopTest3.test189, Intended behavior: FAILURE, when executed after: [randoop.jodatime.RandoopTest3.test185], The revealed different behavior: PASS, when executed after: [], Test: randoop.jodatime.RandoopTest3.test185, Intended behavior: FAILURE, when executed after: [randoop.jodatime.RandoopTest3.test161], The revealed different behavior: PASS, when executed after: [], Test: randoop.jodatime.RandoopTest3.test161, Intended behavior: FAILURE, when executed after: [randoop.jodatime.RandoopTest2.test493], The revealed different behavior: PASS, when executed after: [], Test: randoop.jodatime.RandoopTest3.test389, Intended behavior: FAILURE, when executed after: [randoop.jodatime.RandoopTest3.test383], The revealed different behavior: PASS, when executed after: [], Test: randoop.jodatime.RandoopTest3.test383, Intended behavior: FAILURE, when executed after: [randoop.jodatime.RandoopTest3.test347], The revealed different behavior: PASS, when executed after: [], Test: randoop.jodatime.RandoopTest3.test347, Intended behavior: FAILURE, when executed after: [randoop.jodatime.RandoopTest3.test345], The revealed different behavior: PASS, when executed after: [], Test: randoop.jodatime.RandoopTest3.test345, Intended behavior: FAILURE, when executed after: [randoop.jodatime.RandoopTest3.test316], The revealed different behavior: PASS, when executed after: [], Test: randoop.jodatime.RandoopTest3.test316, Intended behavior: FAILURE, when executed after: [randoop.jodatime.RandoopTest3.test315], The revealed different behavior: PASS, when executed after: [], Test: randoop.jodatime.RandoopTest3.test315, Intended behavior: FAILURE, when executed after: [randoop.jodatime.RandoopTest3.test195], The revealed different behavior: PASS, when executed after: [], Test: randoop.jodatime.RandoopTest3.test496, Intended behavior: FAILURE, when executed after: [randoop.jodatime.RandoopTest3.test467], The revealed different behavior: PASS, when executed after: [], Test: randoop.jodatime.RandoopTest3.test467, Intended behavior: FAILURE, when executed after: [randoop.jodatime.RandoopTest3.test389], The revealed different behavior: PASS, when executed after: [], Test: randoop.jodatime.RandoopTest4.test259, Intended behavior: FAILURE, when executed after: [randoop.jodatime.RandoopTest4.test221], The revealed different behavior: PASS, when executed after: [], Test: randoop.jodatime.RandoopTest4.test221, Intended behavior: FAILURE, when executed after: [randoop.jodatime.RandoopTest4.test13], The revealed different behavior: PASS, when executed after: [], Test: randoop.jodatime.RandoopTest4.test401, Intended behavior: FAILURE, when executed after: [randoop.jodatime.RandoopTest4.test259], The revealed different behavior: PASS, when executed after: [], Test: randoop.jodatime.RandoopTest4.test434, Intended behavior: FAILURE, when executed after: [randoop.jodatime.RandoopTest4.test401], The revealed different behavior: PASS, when executed after: [], Test: randoop.jodatime.RandoopTest4.test13, Intended behavior: FAILURE, when executed after: [randoop.jodatime.RandoopTest3.test496], The revealed different behavior: PASS, when executed after: [], Test: randoop.jodatime.RandoopTest2.test212, Intended behavior: FAILURE, when executed after: [randoop.jodatime.RandoopTest2.test77], The revealed different behavior: PASS, when executed after: [], Test: randoop.jodatime.RandoopTest2.test376, Intended behavior: FAILURE, when executed after: [randoop.jodatime.RandoopTest2.test254], The revealed different behavior: PASS, when executed after: []]
--------------------------
Execution time of TLG and its time to find/nullify any DTs for 1 machine (does not include the time to run the tests in the new order): 0.896
Number of tests selected out of total in original order: 143 / 2211
Number of DTs not fixed: 0
Number of DTs fixed: 0
Execution time for executing the following testing order: 0.788

Test order list:
[randoop.jodatime.RandoopTest0.test322, randoop.jodatime.RandoopTest0.test323, randoop.jodatime.RandoopTest0.test324, randoop.jodatime.RandoopTest0.test135, randoop.jodatime.RandoopTest0.test165, randoop.jodatime.RandoopTest0.test192, randoop.jodatime.RandoopTest0.test196, randoop.jodatime.RandoopTest0.test325, randoop.jodatime.RandoopTest0.test326, randoop.jodatime.RandoopTest0.test327, randoop.jodatime.RandoopTest0.test328, randoop.jodatime.RandoopTest0.test329, randoop.jodatime.RandoopTest0.test330, randoop.jodatime.RandoopTest0.test331, randoop.jodatime.RandoopTest0.test332, randoop.jodatime.RandoopTest0.test333, randoop.jodatime.RandoopTest0.test334, randoop.jodatime.RandoopTest0.test335, randoop.jodatime.RandoopTest0.test337, randoop.jodatime.RandoopTest0.test338, randoop.jodatime.RandoopTest0.test339, randoop.jodatime.RandoopTest0.test342, randoop.jodatime.RandoopTest0.test343, randoop.jodatime.RandoopTest0.test344, randoop.jodatime.RandoopTest0.test346, randoop.jodatime.RandoopTest0.test347, randoop.jodatime.RandoopTest0.test348, randoop.jodatime.RandoopTest0.test349, randoop.jodatime.RandoopTest0.test350, randoop.jodatime.RandoopTest0.test351, randoop.jodatime.RandoopTest0.test352, randoop.jodatime.RandoopTest0.test353, randoop.jodatime.RandoopTest0.test354, randoop.jodatime.RandoopTest0.test356, randoop.jodatime.RandoopTest0.test357, randoop.jodatime.RandoopTest0.test358, randoop.jodatime.RandoopTest0.test359, randoop.jodatime.RandoopTest0.test360, randoop.jodatime.RandoopTest0.test361, randoop.jodatime.RandoopTest0.test363, randoop.jodatime.RandoopTest0.test364, randoop.jodatime.RandoopTest0.test365, randoop.jodatime.RandoopTest0.test367, randoop.jodatime.RandoopTest0.test368, randoop.jodatime.RandoopTest0.test369, randoop.jodatime.RandoopTest0.test370, randoop.jodatime.RandoopTest0.test371, randoop.jodatime.RandoopTest0.test372, randoop.jodatime.RandoopTest0.test376, randoop.jodatime.RandoopTest0.test378, randoop.jodatime.RandoopTest0.test381, randoop.jodatime.RandoopTest0.test382, randoop.jodatime.RandoopTest0.test383, randoop.jodatime.RandoopTest0.test384, randoop.jodatime.RandoopTest0.test385, randoop.jodatime.RandoopTest0.test386, randoop.jodatime.RandoopTest0.test387, randoop.jodatime.RandoopTest0.test388, randoop.jodatime.RandoopTest0.test389, randoop.jodatime.RandoopTest0.test390, randoop.jodatime.RandoopTest0.test391, randoop.jodatime.RandoopTest0.test394, randoop.jodatime.RandoopTest0.test395, randoop.jodatime.RandoopTest0.test396, randoop.jodatime.RandoopTest0.test397, randoop.jodatime.RandoopTest0.test399, randoop.jodatime.RandoopTest0.test400, randoop.jodatime.RandoopTest0.test401, randoop.jodatime.RandoopTest0.test402, randoop.jodatime.RandoopTest0.test403, randoop.jodatime.RandoopTest0.test404, randoop.jodatime.RandoopTest0.test406, randoop.jodatime.RandoopTest0.test407, randoop.jodatime.RandoopTest0.test408, randoop.jodatime.RandoopTest0.test409, randoop.jodatime.RandoopTest0.test410, randoop.jodatime.RandoopTest0.test411, randoop.jodatime.RandoopTest0.test412, randoop.jodatime.RandoopTest0.test413, randoop.jodatime.RandoopTest0.test414, randoop.jodatime.RandoopTest0.test415, randoop.jodatime.RandoopTest0.test416, randoop.jodatime.RandoopTest0.test417, randoop.jodatime.RandoopTest0.test418, randoop.jodatime.RandoopTest0.test419, randoop.jodatime.RandoopTest0.test420, randoop.jodatime.RandoopTest0.test421, randoop.jodatime.RandoopTest0.test423, randoop.jodatime.RandoopTest0.test424, randoop.jodatime.RandoopTest0.test427, randoop.jodatime.RandoopTest0.test429, randoop.jodatime.RandoopTest0.test430, randoop.jodatime.RandoopTest0.test431, randoop.jodatime.RandoopTest0.test432, randoop.jodatime.RandoopTest0.test433, randoop.jodatime.RandoopTest0.test434, randoop.jodatime.RandoopTest0.test435, randoop.jodatime.RandoopTest0.test436, randoop.jodatime.RandoopTest0.test437, randoop.jodatime.RandoopTest0.test439, randoop.jodatime.RandoopTest0.test441, randoop.jodatime.RandoopTest0.test442, randoop.jodatime.RandoopTest0.test443, randoop.jodatime.RandoopTest0.test444, randoop.jodatime.RandoopTest0.test445, randoop.jodatime.RandoopTest0.test446, randoop.jodatime.RandoopTest0.test447, randoop.jodatime.RandoopTest0.test448, randoop.jodatime.RandoopTest0.test450, randoop.jodatime.RandoopTest0.test451, randoop.jodatime.RandoopTest0.test452, randoop.jodatime.RandoopTest0.test453, randoop.jodatime.RandoopTest0.test454, randoop.jodatime.RandoopTest0.test456, randoop.jodatime.RandoopTest0.test459, randoop.jodatime.RandoopTest0.test462, randoop.jodatime.RandoopTest0.test463, randoop.jodatime.RandoopTest0.test465, randoop.jodatime.RandoopTest0.test467, randoop.jodatime.RandoopTest0.test468, randoop.jodatime.RandoopTest0.test469, randoop.jodatime.RandoopTest0.test470, randoop.jodatime.RandoopTest0.test471, randoop.jodatime.RandoopTest0.test472, randoop.jodatime.RandoopTest0.test473, randoop.jodatime.RandoopTest0.test474, randoop.jodatime.RandoopTest0.test475, randoop.jodatime.RandoopTest0.test476, randoop.jodatime.RandoopTest0.test478, randoop.jodatime.RandoopTest0.test479, randoop.jodatime.RandoopTest0.test480, randoop.jodatime.RandoopTest0.test482, randoop.jodatime.RandoopTest0.test483, randoop.jodatime.RandoopTest0.test484, randoop.jodatime.RandoopTest0.test485, randoop.jodatime.RandoopTest0.test486, randoop.jodatime.RandoopTest0.test487, randoop.jodatime.RandoopTest0.test488, randoop.jodatime.RandoopTest0.test489, randoop.jodatime.RandoopTest0.test490, randoop.jodatime.RandoopTest0.test491, randoop.jodatime.RandoopTest0.test492, randoop.jodatime.RandoopTest0.test495]

Time each test takes to run in the new order:
[126075562, 28426862, 22130870, 21780361, 23139818, 16369557, 11560045, 10650379, 9077286, 9667873, 7789281, 9288672, 6862841, 7729176, 10371785, 8233782, 10946678, 8817456, 7708471, 7592676, 14075020, 6937071, 7480049, 6852836, 7062679, 6636188, 4649251, 4434891, 6500304, 4522557, 4666955, 5205871, 5444305, 5444735, 11616870, 4692099, 4659423, 7485872, 5552834, 4793786, 6394889, 5115196, 8891469, 4987393, 4788805, 4383279, 3827998, 3774713, 4950613, 3738957, 3154966, 3290314, 3165216, 4656010, 5179016, 3793394, 2787035, 4245961, 4961627, 2593155, 3353789, 2627370, 2494876, 2972449, 5244846, 2892969, 3119902, 2747344, 3093044, 2679568, 3096212, 3625040, 3028041, 3356354, 2864543, 2886646, 2396157, 2354421, 2287170, 5176201, 2213629, 2382634, 2152583, 2374578, 2245899, 2482678, 5432903, 2129711, 2276785, 2725195, 2142345, 2095869, 2055734, 2414562, 2107016, 2198104, 2209454, 2078587, 2307731, 1992203, 1992345, 1973298, 2190331, 2022598, 2236454, 2007093, 2160723, 2144374, 2626843, 2018590, 2224166, 2138090, 2933184, 2039422, 2189195, 2136149, 2149717, 2052087, 2374620, 2439330, 2190538, 4673124, 2436185, 2010166, 2031735, 2027004, 2285227, 2296015, 2182984, 2266228, 2038539, 2228776, 2003498, 2291374, 2037605, 1995877, 1987290, 2133554, 2276483, 2087307, 2034840, 2412826, 2050631]

Dependent test list:
[Test: randoop.jodatime.RandoopTest0.test196, Intended behavior: FAILURE, when executed after: [randoop.jodatime.RandoopTest0.test192], The revealed different behavior: PASS, when executed after: [], Test: randoop.jodatime.RandoopTest0.test192, Intended behavior: FAILURE, when executed after: [randoop.jodatime.RandoopTest0.test165], The revealed different behavior: PASS, when executed after: [], Test: randoop.jodatime.RandoopTest0.test165, Intended behavior: FAILURE, when executed after: [randoop.jodatime.RandoopTest0.test135], The revealed different behavior: PASS, when executed after: [], Test: randoop.jodatime.RandoopTest0.test360, Intended behavior: FAILURE, when executed after: [randoop.jodatime.RandoopTest0.test338], The revealed different behavior: PASS, when executed after: [], Test: randoop.jodatime.RandoopTest0.test338, Intended behavior: FAILURE, when executed after: [randoop.jodatime.RandoopTest0.test325], The revealed different behavior: PASS, when executed after: [], Test: randoop.jodatime.RandoopTest0.test325, Intended behavior: FAILURE, when executed after: [randoop.jodatime.RandoopTest0.test196], The revealed different behavior: PASS, when executed after: [], Test: randoop.jodatime.RandoopTest1.test235, Intended behavior: FAILURE, when executed after: [randoop.jodatime.RandoopTest1.test181], The revealed different behavior: PASS, when executed after: [], Test: randoop.jodatime.RandoopTest1.test181, Intended behavior: FAILURE, when executed after: [randoop.jodatime.RandoopTest0.test498], The revealed different behavior: PASS, when executed after: [], Test: randoop.jodatime.RandoopTest2.test36, Intended behavior: FAILURE, when executed after: [randoop.jodatime.RandoopTest2.test21], The revealed different behavior: PASS, when executed after: [], Test: randoop.jodatime.RandoopTest2.test77, Intended behavior: FAILURE, when executed after: [randoop.jodatime.RandoopTest1.test467], The revealed different behavior: PASS, when executed after: [], Test: randoop.jodatime.RandoopTest2.test21, Intended behavior: FAILURE, when executed after: [randoop.jodatime.RandoopTest1.test235], The revealed different behavior: PASS, when executed after: [], Test: randoop.jodatime.RandoopTest2.test254, Intended behavior: FAILURE, when executed after: [randoop.jodatime.RandoopTest2.test212], The revealed different behavior: PASS, when executed after: [], Test: randoop.jodatime.RandoopTest2.test243, Intended behavior: FAILURE, when executed after: [randoop.jodatime.RandoopTest2.test36], The revealed different behavior: PASS, when executed after: [], Test: randoop.jodatime.RandoopTest2.test490, Intended behavior: FAILURE, when executed after: [randoop.jodatime.RandoopTest2.test487], The revealed different behavior: PASS, when executed after: [], Test: randoop.jodatime.RandoopTest2.test487, Intended behavior: FAILURE, when executed after: [randoop.jodatime.RandoopTest2.test356], The revealed different behavior: PASS, when executed after: [], Test: randoop.jodatime.RandoopTest2.test356, Intended behavior: FAILURE, when executed after: [randoop.jodatime.RandoopTest2.test243], The revealed different behavior: PASS, when executed after: [], Test: randoop.jodatime.RandoopTest2.test474, Intended behavior: FAILURE, when executed after: [randoop.jodatime.RandoopTest2.test376], The revealed different behavior: PASS, when executed after: [], Test: randoop.jodatime.RandoopTest2.test493, Intended behavior: FAILURE, when executed after: [randoop.jodatime.RandoopTest2.test490], The revealed different behavior: PASS, when executed after: [], Test: randoop.jodatime.RandoopTest3.test195, Intended behavior: FAILURE, when executed after: [randoop.jodatime.RandoopTest3.test193], The revealed different behavior: PASS, when executed after: [], Test: randoop.jodatime.RandoopTest3.test193, Intended behavior: FAILURE, when executed after: [randoop.jodatime.RandoopTest3.test189], The revealed different behavior: PASS, when executed after: [], Test: randoop.jodatime.RandoopTest3.test189, Intended behavior: FAILURE, when executed after: [randoop.jodatime.RandoopTest3.test185], The revealed different behavior: PASS, when executed after: [], Test: randoop.jodatime.RandoopTest3.test185, Intended behavior: FAILURE, when executed after: [randoop.jodatime.RandoopTest3.test161], The revealed different behavior: PASS, when executed after: [], Test: randoop.jodatime.RandoopTest3.test161, Intended behavior: FAILURE, when executed after: [randoop.jodatime.RandoopTest2.test493], The revealed different behavior: PASS, when executed after: [], Test: randoop.jodatime.RandoopTest3.test389, Intended behavior: FAILURE, when executed after: [randoop.jodatime.RandoopTest3.test383], The revealed different behavior: PASS, when executed after: [], Test: randoop.jodatime.RandoopTest3.test383, Intended behavior: FAILURE, when executed after: [randoop.jodatime.RandoopTest3.test347], The revealed different behavior: PASS, when executed after: [], Test: randoop.jodatime.RandoopTest3.test347, Intended behavior: FAILURE, when executed after: [randoop.jodatime.RandoopTest3.test345], The revealed different behavior: PASS, when executed after: [], Test: randoop.jodatime.RandoopTest3.test345, Intended behavior: FAILURE, when executed after: [randoop.jodatime.RandoopTest3.test316], The revealed different behavior: PASS, when executed after: [], Test: randoop.jodatime.RandoopTest3.test316, Intended behavior: FAILURE, when executed after: [randoop.jodatime.RandoopTest3.test315], The revealed different behavior: PASS, when executed after: [], Test: randoop.jodatime.RandoopTest3.test315, Intended behavior: FAILURE, when executed after: [randoop.jodatime.RandoopTest3.test195], The revealed different behavior: PASS, when executed after: [], Test: randoop.jodatime.RandoopTest3.test496, Intended behavior: FAILURE, when executed after: [randoop.jodatime.RandoopTest3.test467], The revealed different behavior: PASS, when executed after: [], Test: randoop.jodatime.RandoopTest3.test467, Intended behavior: FAILURE, when executed after: [randoop.jodatime.RandoopTest3.test389], The revealed different behavior: PASS, when executed after: [], Test: randoop.jodatime.RandoopTest4.test259, Intended behavior: FAILURE, when executed after: [randoop.jodatime.RandoopTest4.test221], The revealed different behavior: PASS, when executed after: [], Test: randoop.jodatime.RandoopTest4.test221, Intended behavior: FAILURE, when executed after: [randoop.jodatime.RandoopTest4.test13], The revealed different behavior: PASS, when executed after: [], Test: randoop.jodatime.RandoopTest4.test401, Intended behavior: FAILURE, when executed after: [randoop.jodatime.RandoopTest4.test259], The revealed different behavior: PASS, when executed after: [], Test: randoop.jodatime.RandoopTest4.test434, Intended behavior: FAILURE, when executed after: [randoop.jodatime.RandoopTest4.test401], The revealed different behavior: PASS, when executed after: [], Test: randoop.jodatime.RandoopTest4.test13, Intended behavior: FAILURE, when executed after: [randoop.jodatime.RandoopTest3.test496], The revealed different behavior: PASS, when executed after: [], Test: randoop.jodatime.RandoopTest2.test212, Intended behavior: FAILURE, when executed after: [randoop.jodatime.RandoopTest2.test77], The revealed different behavior: PASS, when executed after: [], Test: randoop.jodatime.RandoopTest2.test376, Intended behavior: FAILURE, when executed after: [randoop.jodatime.RandoopTest2.test254], The revealed different behavior: PASS, when executed after: []]
--------------------------
Execution time of TLG and its time to find/nullify any DTs for 1 machine (does not include the time to run the tests in the new order): 1.006
Number of tests selected out of total in original order: 138 / 2211
Number of DTs not fixed: 0
Number of DTs fixed: 0
Execution time for executing the following testing order: 0.822

Test order list:
[randoop.jodatime.RandoopTest0.test496, randoop.jodatime.RandoopTest0.test497, randoop.jodatime.RandoopTest0.test498, randoop.jodatime.RandoopTest0.test499, randoop.jodatime.RandoopTest0.test500, randoop.jodatime.RandoopTest1.test1, randoop.jodatime.RandoopTest1.test3, randoop.jodatime.RandoopTest1.test4, randoop.jodatime.RandoopTest1.test5, randoop.jodatime.RandoopTest1.test7, randoop.jodatime.RandoopTest1.test8, randoop.jodatime.RandoopTest1.test9, randoop.jodatime.RandoopTest1.test10, randoop.jodatime.RandoopTest1.test11, randoop.jodatime.RandoopTest1.test12, randoop.jodatime.RandoopTest1.test13, randoop.jodatime.RandoopTest1.test14, randoop.jodatime.RandoopTest1.test15, randoop.jodatime.RandoopTest1.test16, randoop.jodatime.RandoopTest1.test17, randoop.jodatime.RandoopTest1.test18, randoop.jodatime.RandoopTest1.test19, randoop.jodatime.RandoopTest1.test20, randoop.jodatime.RandoopTest1.test21, randoop.jodatime.RandoopTest1.test22, randoop.jodatime.RandoopTest1.test23, randoop.jodatime.RandoopTest1.test24, randoop.jodatime.RandoopTest1.test25, randoop.jodatime.RandoopTest1.test26, randoop.jodatime.RandoopTest1.test28, randoop.jodatime.RandoopTest1.test30, randoop.jodatime.RandoopTest1.test32, randoop.jodatime.RandoopTest1.test36, randoop.jodatime.RandoopTest1.test37, randoop.jodatime.RandoopTest1.test38, randoop.jodatime.RandoopTest1.test39, randoop.jodatime.RandoopTest1.test40, randoop.jodatime.RandoopTest1.test41, randoop.jodatime.RandoopTest1.test42, randoop.jodatime.RandoopTest1.test43, randoop.jodatime.RandoopTest1.test44, randoop.jodatime.RandoopTest1.test46, randoop.jodatime.RandoopTest1.test47, randoop.jodatime.RandoopTest1.test49, randoop.jodatime.RandoopTest1.test50, randoop.jodatime.RandoopTest1.test51, randoop.jodatime.RandoopTest1.test52, randoop.jodatime.RandoopTest1.test53, randoop.jodatime.RandoopTest1.test55, randoop.jodatime.RandoopTest1.test56, randoop.jodatime.RandoopTest1.test57, randoop.jodatime.RandoopTest1.test58, randoop.jodatime.RandoopTest1.test59, randoop.jodatime.RandoopTest1.test60, randoop.jodatime.RandoopTest1.test62, randoop.jodatime.RandoopTest1.test63, randoop.jodatime.RandoopTest1.test64, randoop.jodatime.RandoopTest1.test67, randoop.jodatime.RandoopTest1.test69, randoop.jodatime.RandoopTest1.test70, randoop.jodatime.RandoopTest1.test71, randoop.jodatime.RandoopTest1.test74, randoop.jodatime.RandoopTest1.test76, randoop.jodatime.RandoopTest1.test77, randoop.jodatime.RandoopTest1.test78, randoop.jodatime.RandoopTest1.test82, randoop.jodatime.RandoopTest1.test83, randoop.jodatime.RandoopTest1.test84, randoop.jodatime.RandoopTest1.test85, randoop.jodatime.RandoopTest1.test86, randoop.jodatime.RandoopTest1.test88, randoop.jodatime.RandoopTest1.test90, randoop.jodatime.RandoopTest1.test91, randoop.jodatime.RandoopTest1.test92, randoop.jodatime.RandoopTest1.test93, randoop.jodatime.RandoopTest1.test94, randoop.jodatime.RandoopTest1.test96, randoop.jodatime.RandoopTest1.test97, randoop.jodatime.RandoopTest1.test98, randoop.jodatime.RandoopTest1.test99, randoop.jodatime.RandoopTest1.test101, randoop.jodatime.RandoopTest1.test102, randoop.jodatime.RandoopTest1.test103, randoop.jodatime.RandoopTest1.test104, randoop.jodatime.RandoopTest1.test105, randoop.jodatime.RandoopTest1.test106, randoop.jodatime.RandoopTest1.test107, randoop.jodatime.RandoopTest1.test108, randoop.jodatime.RandoopTest1.test109, randoop.jodatime.RandoopTest1.test110, randoop.jodatime.RandoopTest1.test111, randoop.jodatime.RandoopTest1.test112, randoop.jodatime.RandoopTest1.test113, randoop.jodatime.RandoopTest1.test114, randoop.jodatime.RandoopTest1.test117, randoop.jodatime.RandoopTest1.test119, randoop.jodatime.RandoopTest1.test120, randoop.jodatime.RandoopTest1.test121, randoop.jodatime.RandoopTest1.test122, randoop.jodatime.RandoopTest1.test124, randoop.jodatime.RandoopTest1.test125, randoop.jodatime.RandoopTest1.test126, randoop.jodatime.RandoopTest1.test128, randoop.jodatime.RandoopTest1.test130, randoop.jodatime.RandoopTest1.test131, randoop.jodatime.RandoopTest1.test133, randoop.jodatime.RandoopTest1.test134, randoop.jodatime.RandoopTest1.test135, randoop.jodatime.RandoopTest1.test136, randoop.jodatime.RandoopTest1.test137, randoop.jodatime.RandoopTest1.test138, randoop.jodatime.RandoopTest1.test139, randoop.jodatime.RandoopTest1.test140, randoop.jodatime.RandoopTest1.test142, randoop.jodatime.RandoopTest1.test143, randoop.jodatime.RandoopTest1.test144, randoop.jodatime.RandoopTest1.test145, randoop.jodatime.RandoopTest1.test146, randoop.jodatime.RandoopTest1.test147, randoop.jodatime.RandoopTest1.test149, randoop.jodatime.RandoopTest1.test150, randoop.jodatime.RandoopTest1.test151, randoop.jodatime.RandoopTest1.test152, randoop.jodatime.RandoopTest1.test154, randoop.jodatime.RandoopTest1.test155, randoop.jodatime.RandoopTest1.test156, randoop.jodatime.RandoopTest1.test157, randoop.jodatime.RandoopTest1.test158, randoop.jodatime.RandoopTest1.test159, randoop.jodatime.RandoopTest1.test160, randoop.jodatime.RandoopTest1.test161, randoop.jodatime.RandoopTest1.test162, randoop.jodatime.RandoopTest1.test163, randoop.jodatime.RandoopTest1.test164, randoop.jodatime.RandoopTest1.test165, randoop.jodatime.RandoopTest1.test166, randoop.jodatime.RandoopTest1.test167, randoop.jodatime.RandoopTest1.test168]

Time each test takes to run in the new order:
[119414869, 33852930, 29548554, 27205834, 27347272, 12604281, 12573562, 12261803, 11801040, 10969458, 10086014, 7840135, 7997635, 7425126, 8057684, 13306743, 10437285, 8938734, 8766679, 10348198, 7769310, 7569086, 7679216, 7724146, 8356698, 9387354, 11777531, 10711260, 10398120, 10426688, 10329746, 10441864, 4757153, 4337813, 6311849, 12278409, 4323871, 4287714, 4270455, 4769636, 4957102, 4584552, 4329753, 5572302, 4278965, 4440487, 4616602, 5071462, 4047991, 4356815, 4065176, 3721797, 3596227, 3097771, 3229238, 3283935, 2540256, 4832579, 2565533, 3787271, 2512003, 2694824, 2582905, 3509420, 2481815, 2599631, 2345097, 2507710, 2428427, 2370127, 2408670, 2271790, 2501366, 2488337, 2183919, 2379525, 2407592, 2127345, 5448076, 2738291, 2282801, 2247432, 2471672, 2632664, 2224012, 2309593, 2460555, 6394451, 2293280, 2393342, 2002908, 2051772, 2065233, 2436223, 2284906, 2266381, 1965383, 2223582, 2109399, 2251813, 2006091, 2033345, 2534964, 2021539, 2219990, 3049646, 2207344, 2128307, 2158174, 2068995, 2253782, 2195051, 1977572, 2268845, 2159997, 2387728, 1977226, 2428285, 2401091, 3523440, 2038060, 5600198, 2579313, 2362797, 2333662, 2027596, 2169878, 1982641, 1951025, 2260554, 2591798, 2246350, 1957723, 2038677, 1964399, 3007249, 2115349, 2394193]

Dependent test list:
[Test: randoop.jodatime.RandoopTest0.test196, Intended behavior: FAILURE, when executed after: [randoop.jodatime.RandoopTest0.test192], The revealed different behavior: PASS, when executed after: [], Test: randoop.jodatime.RandoopTest0.test192, Intended behavior: FAILURE, when executed after: [randoop.jodatime.RandoopTest0.test165], The revealed different behavior: PASS, when executed after: [], Test: randoop.jodatime.RandoopTest0.test165, Intended behavior: FAILURE, when executed after: [randoop.jodatime.RandoopTest0.test135], The revealed different behavior: PASS, when executed after: [], Test: randoop.jodatime.RandoopTest0.test360, Intended behavior: FAILURE, when executed after: [randoop.jodatime.RandoopTest0.test338], The revealed different behavior: PASS, when executed after: [], Test: randoop.jodatime.RandoopTest0.test338, Intended behavior: FAILURE, when executed after: [randoop.jodatime.RandoopTest0.test325], The revealed different behavior: PASS, when executed after: [], Test: randoop.jodatime.RandoopTest0.test325, Intended behavior: FAILURE, when executed after: [randoop.jodatime.RandoopTest0.test196], The revealed different behavior: PASS, when executed after: [], Test: randoop.jodatime.RandoopTest1.test235, Intended behavior: FAILURE, when executed after: [randoop.jodatime.RandoopTest1.test181], The revealed different behavior: PASS, when executed after: [], Test: randoop.jodatime.RandoopTest1.test181, Intended behavior: FAILURE, when executed after: [randoop.jodatime.RandoopTest0.test498], The revealed different behavior: PASS, when executed after: [], Test: randoop.jodatime.RandoopTest2.test36, Intended behavior: FAILURE, when executed after: [randoop.jodatime.RandoopTest2.test21], The revealed different behavior: PASS, when executed after: [], Test: randoop.jodatime.RandoopTest2.test77, Intended behavior: FAILURE, when executed after: [randoop.jodatime.RandoopTest1.test467], The revealed different behavior: PASS, when executed after: [], Test: randoop.jodatime.RandoopTest2.test21, Intended behavior: FAILURE, when executed after: [randoop.jodatime.RandoopTest1.test235], The revealed different behavior: PASS, when executed after: [], Test: randoop.jodatime.RandoopTest2.test254, Intended behavior: FAILURE, when executed after: [randoop.jodatime.RandoopTest2.test212], The revealed different behavior: PASS, when executed after: [], Test: randoop.jodatime.RandoopTest2.test243, Intended behavior: FAILURE, when executed after: [randoop.jodatime.RandoopTest2.test36], The revealed different behavior: PASS, when executed after: [], Test: randoop.jodatime.RandoopTest2.test490, Intended behavior: FAILURE, when executed after: [randoop.jodatime.RandoopTest2.test487], The revealed different behavior: PASS, when executed after: [], Test: randoop.jodatime.RandoopTest2.test487, Intended behavior: FAILURE, when executed after: [randoop.jodatime.RandoopTest2.test356], The revealed different behavior: PASS, when executed after: [], Test: randoop.jodatime.RandoopTest2.test356, Intended behavior: FAILURE, when executed after: [randoop.jodatime.RandoopTest2.test243], The revealed different behavior: PASS, when executed after: [], Test: randoop.jodatime.RandoopTest2.test474, Intended behavior: FAILURE, when executed after: [randoop.jodatime.RandoopTest2.test376], The revealed different behavior: PASS, when executed after: [], Test: randoop.jodatime.RandoopTest2.test493, Intended behavior: FAILURE, when executed after: [randoop.jodatime.RandoopTest2.test490], The revealed different behavior: PASS, when executed after: [], Test: randoop.jodatime.RandoopTest3.test195, Intended behavior: FAILURE, when executed after: [randoop.jodatime.RandoopTest3.test193], The revealed different behavior: PASS, when executed after: [], Test: randoop.jodatime.RandoopTest3.test193, Intended behavior: FAILURE, when executed after: [randoop.jodatime.RandoopTest3.test189], The revealed different behavior: PASS, when executed after: [], Test: randoop.jodatime.RandoopTest3.test189, Intended behavior: FAILURE, when executed after: [randoop.jodatime.RandoopTest3.test185], The revealed different behavior: PASS, when executed after: [], Test: randoop.jodatime.RandoopTest3.test185, Intended behavior: FAILURE, when executed after: [randoop.jodatime.RandoopTest3.test161], The revealed different behavior: PASS, when executed after: [], Test: randoop.jodatime.RandoopTest3.test161, Intended behavior: FAILURE, when executed after: [randoop.jodatime.RandoopTest2.test493], The revealed different behavior: PASS, when executed after: [], Test: randoop.jodatime.RandoopTest3.test389, Intended behavior: FAILURE, when executed after: [randoop.jodatime.RandoopTest3.test383], The revealed different behavior: PASS, when executed after: [], Test: randoop.jodatime.RandoopTest3.test383, Intended behavior: FAILURE, when executed after: [randoop.jodatime.RandoopTest3.test347], The revealed different behavior: PASS, when executed after: [], Test: randoop.jodatime.RandoopTest3.test347, Intended behavior: FAILURE, when executed after: [randoop.jodatime.RandoopTest3.test345], The revealed different behavior: PASS, when executed after: [], Test: randoop.jodatime.RandoopTest3.test345, Intended behavior: FAILURE, when executed after: [randoop.jodatime.RandoopTest3.test316], The revealed different behavior: PASS, when executed after: [], Test: randoop.jodatime.RandoopTest3.test316, Intended behavior: FAILURE, when executed after: [randoop.jodatime.RandoopTest3.test315], The revealed different behavior: PASS, when executed after: [], Test: randoop.jodatime.RandoopTest3.test315, Intended behavior: FAILURE, when executed after: [randoop.jodatime.RandoopTest3.test195], The revealed different behavior: PASS, when executed after: [], Test: randoop.jodatime.RandoopTest3.test496, Intended behavior: FAILURE, when executed after: [randoop.jodatime.RandoopTest3.test467], The revealed different behavior: PASS, when executed after: [], Test: randoop.jodatime.RandoopTest3.test467, Intended behavior: FAILURE, when executed after: [randoop.jodatime.RandoopTest3.test389], The revealed different behavior: PASS, when executed after: [], Test: randoop.jodatime.RandoopTest4.test259, Intended behavior: FAILURE, when executed after: [randoop.jodatime.RandoopTest4.test221], The revealed different behavior: PASS, when executed after: [], Test: randoop.jodatime.RandoopTest4.test221, Intended behavior: FAILURE, when executed after: [randoop.jodatime.RandoopTest4.test13], The revealed different behavior: PASS, when executed after: [], Test: randoop.jodatime.RandoopTest4.test401, Intended behavior: FAILURE, when executed after: [randoop.jodatime.RandoopTest4.test259], The revealed different behavior: PASS, when executed after: [], Test: randoop.jodatime.RandoopTest4.test434, Intended behavior: FAILURE, when executed after: [randoop.jodatime.RandoopTest4.test401], The revealed different behavior: PASS, when executed after: [], Test: randoop.jodatime.RandoopTest4.test13, Intended behavior: FAILURE, when executed after: [randoop.jodatime.RandoopTest3.test496], The revealed different behavior: PASS, when executed after: [], Test: randoop.jodatime.RandoopTest2.test212, Intended behavior: FAILURE, when executed after: [randoop.jodatime.RandoopTest2.test77], The revealed different behavior: PASS, when executed after: [], Test: randoop.jodatime.RandoopTest2.test376, Intended behavior: FAILURE, when executed after: [randoop.jodatime.RandoopTest2.test254], The revealed different behavior: PASS, when executed after: []]
--------------------------
Execution time of TLG and its time to find/nullify any DTs for 1 machine (does not include the time to run the tests in the new order): 0.949
Number of tests selected out of total in original order: 139 / 2211
Number of DTs not fixed: 0
Number of DTs fixed: 0
Execution time for executing the following testing order: 0.836

Test order list:
[randoop.jodatime.RandoopTest1.test169, randoop.jodatime.RandoopTest1.test170, randoop.jodatime.RandoopTest1.test171, randoop.jodatime.RandoopTest1.test172, randoop.jodatime.RandoopTest1.test173, randoop.jodatime.RandoopTest1.test174, randoop.jodatime.RandoopTest1.test175, randoop.jodatime.RandoopTest1.test176, randoop.jodatime.RandoopTest1.test177, randoop.jodatime.RandoopTest1.test178, randoop.jodatime.RandoopTest1.test179, randoop.jodatime.RandoopTest1.test180, randoop.jodatime.RandoopTest0.test498, randoop.jodatime.RandoopTest1.test181, randoop.jodatime.RandoopTest1.test182, randoop.jodatime.RandoopTest1.test183, randoop.jodatime.RandoopTest1.test184, randoop.jodatime.RandoopTest1.test185, randoop.jodatime.RandoopTest1.test186, randoop.jodatime.RandoopTest1.test187, randoop.jodatime.RandoopTest1.test190, randoop.jodatime.RandoopTest1.test193, randoop.jodatime.RandoopTest1.test196, randoop.jodatime.RandoopTest1.test198, randoop.jodatime.RandoopTest1.test199, randoop.jodatime.RandoopTest1.test200, randoop.jodatime.RandoopTest1.test201, randoop.jodatime.RandoopTest1.test202, randoop.jodatime.RandoopTest1.test203, randoop.jodatime.RandoopTest1.test204, randoop.jodatime.RandoopTest1.test205, randoop.jodatime.RandoopTest1.test206, randoop.jodatime.RandoopTest1.test207, randoop.jodatime.RandoopTest1.test208, randoop.jodatime.RandoopTest1.test210, randoop.jodatime.RandoopTest1.test211, randoop.jodatime.RandoopTest1.test212, randoop.jodatime.RandoopTest1.test213, randoop.jodatime.RandoopTest1.test214, randoop.jodatime.RandoopTest1.test215, randoop.jodatime.RandoopTest1.test216, randoop.jodatime.RandoopTest1.test217, randoop.jodatime.RandoopTest1.test218, randoop.jodatime.RandoopTest1.test219, randoop.jodatime.RandoopTest1.test220, randoop.jodatime.RandoopTest1.test221, randoop.jodatime.RandoopTest1.test222, randoop.jodatime.RandoopTest1.test223, randoop.jodatime.RandoopTest1.test224, randoop.jodatime.RandoopTest1.test225, randoop.jodatime.RandoopTest1.test226, randoop.jodatime.RandoopTest1.test228, randoop.jodatime.RandoopTest1.test229, randoop.jodatime.RandoopTest1.test230, randoop.jodatime.RandoopTest1.test231, randoop.jodatime.RandoopTest1.test232, randoop.jodatime.RandoopTest1.test233, randoop.jodatime.RandoopTest1.test234, randoop.jodatime.RandoopTest1.test235, randoop.jodatime.RandoopTest1.test236, randoop.jodatime.RandoopTest1.test237, randoop.jodatime.RandoopTest1.test238, randoop.jodatime.RandoopTest1.test239, randoop.jodatime.RandoopTest1.test240, randoop.jodatime.RandoopTest1.test241, randoop.jodatime.RandoopTest1.test242, randoop.jodatime.RandoopTest1.test244, randoop.jodatime.RandoopTest1.test245, randoop.jodatime.RandoopTest1.test246, randoop.jodatime.RandoopTest1.test247, randoop.jodatime.RandoopTest1.test248, randoop.jodatime.RandoopTest1.test249, randoop.jodatime.RandoopTest1.test250, randoop.jodatime.RandoopTest1.test251, randoop.jodatime.RandoopTest1.test252, randoop.jodatime.RandoopTest1.test253, randoop.jodatime.RandoopTest1.test254, randoop.jodatime.RandoopTest1.test255, randoop.jodatime.RandoopTest1.test256, randoop.jodatime.RandoopTest1.test257, randoop.jodatime.RandoopTest1.test258, randoop.jodatime.RandoopTest1.test259, randoop.jodatime.RandoopTest1.test260, randoop.jodatime.RandoopTest1.test262, randoop.jodatime.RandoopTest1.test263, randoop.jodatime.RandoopTest1.test264, randoop.jodatime.RandoopTest1.test265, randoop.jodatime.RandoopTest1.test266, randoop.jodatime.RandoopTest1.test267, randoop.jodatime.RandoopTest1.test268, randoop.jodatime.RandoopTest1.test269, randoop.jodatime.RandoopTest1.test271, randoop.jodatime.RandoopTest1.test272, randoop.jodatime.RandoopTest1.test274, randoop.jodatime.RandoopTest1.test276, randoop.jodatime.RandoopTest1.test277, randoop.jodatime.RandoopTest1.test278, randoop.jodatime.RandoopTest1.test279, randoop.jodatime.RandoopTest1.test280, randoop.jodatime.RandoopTest1.test281, randoop.jodatime.RandoopTest1.test282, randoop.jodatime.RandoopTest1.test283, randoop.jodatime.RandoopTest1.test284, randoop.jodatime.RandoopTest1.test286, randoop.jodatime.RandoopTest1.test287, randoop.jodatime.RandoopTest1.test289, randoop.jodatime.RandoopTest1.test290, randoop.jodatime.RandoopTest1.test291, randoop.jodatime.RandoopTest1.test293, randoop.jodatime.RandoopTest1.test294, randoop.jodatime.RandoopTest1.test295, randoop.jodatime.RandoopTest1.test296, randoop.jodatime.RandoopTest1.test298, randoop.jodatime.RandoopTest1.test299, randoop.jodatime.RandoopTest1.test300, randoop.jodatime.RandoopTest1.test301, randoop.jodatime.RandoopTest1.test302, randoop.jodatime.RandoopTest1.test303, randoop.jodatime.RandoopTest1.test305, randoop.jodatime.RandoopTest1.test306, randoop.jodatime.RandoopTest1.test307, randoop.jodatime.RandoopTest1.test308, randoop.jodatime.RandoopTest1.test310, randoop.jodatime.RandoopTest1.test311, randoop.jodatime.RandoopTest1.test312, randoop.jodatime.RandoopTest1.test313, randoop.jodatime.RandoopTest1.test317, randoop.jodatime.RandoopTest1.test318, randoop.jodatime.RandoopTest1.test319, randoop.jodatime.RandoopTest1.test320, randoop.jodatime.RandoopTest1.test321, randoop.jodatime.RandoopTest1.test322, randoop.jodatime.RandoopTest1.test323, randoop.jodatime.RandoopTest1.test326, randoop.jodatime.RandoopTest1.test327, randoop.jodatime.RandoopTest1.test328, randoop.jodatime.RandoopTest1.test329, randoop.jodatime.RandoopTest1.test330, randoop.jodatime.RandoopTest1.test331]

Time each test takes to run in the new order:
[119188696, 28466744, 23574694, 42854801, 22707413, 12236781, 13095455, 13266258, 11302309, 9780759, 50211112, 9276297, 9911895, 9616569, 10219047, 11246461, 7974670, 7615018, 11719177, 8386059, 8110066, 8190368, 7073601, 6433157, 6414820, 6492747, 6535089, 7296202, 6657452, 5164878, 4651006, 4647368, 5448872, 4789718, 4844574, 5384241, 7865608, 4773465, 6433897, 4969406, 4794996, 4417782, 4467024, 3930769, 3893635, 3620111, 3942589, 3879358, 3429644, 4042255, 3117290, 3534451, 3115484, 3071588, 3074590, 2946516, 2940161, 5318514, 3764473, 3118436, 3065116, 2950092, 3104490, 3335536, 2441723, 3239487, 2479991, 2427091, 2454336, 2425616, 2340133, 2962368, 2637818, 2533753, 2256281, 2290690, 2988775, 2287247, 5343237, 2479572, 2370099, 2699201, 2505606, 2621898, 2405594, 2211804, 2213997, 4120496, 2482840, 2273430, 2409381, 2190773, 7859724, 2787161, 2315376, 2192555, 2300825, 2354212, 2546304, 2402604, 2187134, 2580284, 2415649, 2231652, 2633985, 2398753, 2284274, 2620496, 2367279, 2177882, 2351849, 2365016, 2717243, 2267466, 2445633, 2945550, 2669623, 2277073, 2833900, 2406616, 2202193, 5721391, 2243665, 2173260, 2839121, 2203152, 2342488, 2220877, 2406037, 2205177, 2194863, 2245963, 2214027, 2186660, 2165540, 2236449, 2176738, 2509862, 2188019]

Dependent test list:
[Test: randoop.jodatime.RandoopTest0.test196, Intended behavior: FAILURE, when executed after: [randoop.jodatime.RandoopTest0.test192], The revealed different behavior: PASS, when executed after: [], Test: randoop.jodatime.RandoopTest0.test192, Intended behavior: FAILURE, when executed after: [randoop.jodatime.RandoopTest0.test165], The revealed different behavior: PASS, when executed after: [], Test: randoop.jodatime.RandoopTest0.test165, Intended behavior: FAILURE, when executed after: [randoop.jodatime.RandoopTest0.test135], The revealed different behavior: PASS, when executed after: [], Test: randoop.jodatime.RandoopTest0.test360, Intended behavior: FAILURE, when executed after: [randoop.jodatime.RandoopTest0.test338], The revealed different behavior: PASS, when executed after: [], Test: randoop.jodatime.RandoopTest0.test338, Intended behavior: FAILURE, when executed after: [randoop.jodatime.RandoopTest0.test325], The revealed different behavior: PASS, when executed after: [], Test: randoop.jodatime.RandoopTest0.test325, Intended behavior: FAILURE, when executed after: [randoop.jodatime.RandoopTest0.test196], The revealed different behavior: PASS, when executed after: [], Test: randoop.jodatime.RandoopTest1.test235, Intended behavior: FAILURE, when executed after: [randoop.jodatime.RandoopTest1.test181], The revealed different behavior: PASS, when executed after: [], Test: randoop.jodatime.RandoopTest1.test181, Intended behavior: FAILURE, when executed after: [randoop.jodatime.RandoopTest0.test498], The revealed different behavior: PASS, when executed after: [], Test: randoop.jodatime.RandoopTest2.test36, Intended behavior: FAILURE, when executed after: [randoop.jodatime.RandoopTest2.test21], The revealed different behavior: PASS, when executed after: [], Test: randoop.jodatime.RandoopTest2.test77, Intended behavior: FAILURE, when executed after: [randoop.jodatime.RandoopTest1.test467], The revealed different behavior: PASS, when executed after: [], Test: randoop.jodatime.RandoopTest2.test21, Intended behavior: FAILURE, when executed after: [randoop.jodatime.RandoopTest1.test235], The revealed different behavior: PASS, when executed after: [], Test: randoop.jodatime.RandoopTest2.test254, Intended behavior: FAILURE, when executed after: [randoop.jodatime.RandoopTest2.test212], The revealed different behavior: PASS, when executed after: [], Test: randoop.jodatime.RandoopTest2.test243, Intended behavior: FAILURE, when executed after: [randoop.jodatime.RandoopTest2.test36], The revealed different behavior: PASS, when executed after: [], Test: randoop.jodatime.RandoopTest2.test490, Intended behavior: FAILURE, when executed after: [randoop.jodatime.RandoopTest2.test487], The revealed different behavior: PASS, when executed after: [], Test: randoop.jodatime.RandoopTest2.test487, Intended behavior: FAILURE, when executed after: [randoop.jodatime.RandoopTest2.test356], The revealed different behavior: PASS, when executed after: [], Test: randoop.jodatime.RandoopTest2.test356, Intended behavior: FAILURE, when executed after: [randoop.jodatime.RandoopTest2.test243], The revealed different behavior: PASS, when executed after: [], Test: randoop.jodatime.RandoopTest2.test474, Intended behavior: FAILURE, when executed after: [randoop.jodatime.RandoopTest2.test376], The revealed different behavior: PASS, when executed after: [], Test: randoop.jodatime.RandoopTest2.test493, Intended behavior: FAILURE, when executed after: [randoop.jodatime.RandoopTest2.test490], The revealed different behavior: PASS, when executed after: [], Test: randoop.jodatime.RandoopTest3.test195, Intended behavior: FAILURE, when executed after: [randoop.jodatime.RandoopTest3.test193], The revealed different behavior: PASS, when executed after: [], Test: randoop.jodatime.RandoopTest3.test193, Intended behavior: FAILURE, when executed after: [randoop.jodatime.RandoopTest3.test189], The revealed different behavior: PASS, when executed after: [], Test: randoop.jodatime.RandoopTest3.test189, Intended behavior: FAILURE, when executed after: [randoop.jodatime.RandoopTest3.test185], The revealed different behavior: PASS, when executed after: [], Test: randoop.jodatime.RandoopTest3.test185, Intended behavior: FAILURE, when executed after: [randoop.jodatime.RandoopTest3.test161], The revealed different behavior: PASS, when executed after: [], Test: randoop.jodatime.RandoopTest3.test161, Intended behavior: FAILURE, when executed after: [randoop.jodatime.RandoopTest2.test493], The revealed different behavior: PASS, when executed after: [], Test: randoop.jodatime.RandoopTest3.test389, Intended behavior: FAILURE, when executed after: [randoop.jodatime.RandoopTest3.test383], The revealed different behavior: PASS, when executed after: [], Test: randoop.jodatime.RandoopTest3.test383, Intended behavior: FAILURE, when executed after: [randoop.jodatime.RandoopTest3.test347], The revealed different behavior: PASS, when executed after: [], Test: randoop.jodatime.RandoopTest3.test347, Intended behavior: FAILURE, when executed after: [randoop.jodatime.RandoopTest3.test345], The revealed different behavior: PASS, when executed after: [], Test: randoop.jodatime.RandoopTest3.test345, Intended behavior: FAILURE, when executed after: [randoop.jodatime.RandoopTest3.test316], The revealed different behavior: PASS, when executed after: [], Test: randoop.jodatime.RandoopTest3.test316, Intended behavior: FAILURE, when executed after: [randoop.jodatime.RandoopTest3.test315], The revealed different behavior: PASS, when executed after: [], Test: randoop.jodatime.RandoopTest3.test315, Intended behavior: FAILURE, when executed after: [randoop.jodatime.RandoopTest3.test195], The revealed different behavior: PASS, when executed after: [], Test: randoop.jodatime.RandoopTest3.test496, Intended behavior: FAILURE, when executed after: [randoop.jodatime.RandoopTest3.test467], The revealed different behavior: PASS, when executed after: [], Test: randoop.jodatime.RandoopTest3.test467, Intended behavior: FAILURE, when executed after: [randoop.jodatime.RandoopTest3.test389], The revealed different behavior: PASS, when executed after: [], Test: randoop.jodatime.RandoopTest4.test259, Intended behavior: FAILURE, when executed after: [randoop.jodatime.RandoopTest4.test221], The revealed different behavior: PASS, when executed after: [], Test: randoop.jodatime.RandoopTest4.test221, Intended behavior: FAILURE, when executed after: [randoop.jodatime.RandoopTest4.test13], The revealed different behavior: PASS, when executed after: [], Test: randoop.jodatime.RandoopTest4.test401, Intended behavior: FAILURE, when executed after: [randoop.jodatime.RandoopTest4.test259], The revealed different behavior: PASS, when executed after: [], Test: randoop.jodatime.RandoopTest4.test434, Intended behavior: FAILURE, when executed after: [randoop.jodatime.RandoopTest4.test401], The revealed different behavior: PASS, when executed after: [], Test: randoop.jodatime.RandoopTest4.test13, Intended behavior: FAILURE, when executed after: [randoop.jodatime.RandoopTest3.test496], The revealed different behavior: PASS, when executed after: [], Test: randoop.jodatime.RandoopTest2.test212, Intended behavior: FAILURE, when executed after: [randoop.jodatime.RandoopTest2.test77], The revealed different behavior: PASS, when executed after: [], Test: randoop.jodatime.RandoopTest2.test376, Intended behavior: FAILURE, when executed after: [randoop.jodatime.RandoopTest2.test254], The revealed different behavior: PASS, when executed after: []]
--------------------------
Execution time of TLG and its time to find/nullify any DTs for 1 machine (does not include the time to run the tests in the new order): 0.969
Number of tests selected out of total in original order: 138 / 2211
Number of DTs not fixed: 0
Number of DTs fixed: 0
Execution time for executing the following testing order: 0.793

Test order list:
[randoop.jodatime.RandoopTest1.test332, randoop.jodatime.RandoopTest1.test333, randoop.jodatime.RandoopTest1.test335, randoop.jodatime.RandoopTest1.test336, randoop.jodatime.RandoopTest1.test337, randoop.jodatime.RandoopTest1.test338, randoop.jodatime.RandoopTest1.test339, randoop.jodatime.RandoopTest1.test342, randoop.jodatime.RandoopTest1.test344, randoop.jodatime.RandoopTest1.test346, randoop.jodatime.RandoopTest1.test347, randoop.jodatime.RandoopTest1.test348, randoop.jodatime.RandoopTest1.test349, randoop.jodatime.RandoopTest1.test350, randoop.jodatime.RandoopTest1.test351, randoop.jodatime.RandoopTest1.test352, randoop.jodatime.RandoopTest1.test353, randoop.jodatime.RandoopTest1.test354, randoop.jodatime.RandoopTest1.test355, randoop.jodatime.RandoopTest1.test356, randoop.jodatime.RandoopTest1.test357, randoop.jodatime.RandoopTest1.test361, randoop.jodatime.RandoopTest1.test362, randoop.jodatime.RandoopTest1.test363, randoop.jodatime.RandoopTest1.test366, randoop.jodatime.RandoopTest1.test369, randoop.jodatime.RandoopTest1.test370, randoop.jodatime.RandoopTest1.test371, randoop.jodatime.RandoopTest1.test372, randoop.jodatime.RandoopTest1.test373, randoop.jodatime.RandoopTest1.test374, randoop.jodatime.RandoopTest1.test375, randoop.jodatime.RandoopTest1.test376, randoop.jodatime.RandoopTest1.test377, randoop.jodatime.RandoopTest1.test378, randoop.jodatime.RandoopTest1.test379, randoop.jodatime.RandoopTest1.test380, randoop.jodatime.RandoopTest1.test381, randoop.jodatime.RandoopTest1.test382, randoop.jodatime.RandoopTest1.test383, randoop.jodatime.RandoopTest1.test384, randoop.jodatime.RandoopTest1.test385, randoop.jodatime.RandoopTest1.test387, randoop.jodatime.RandoopTest1.test388, randoop.jodatime.RandoopTest1.test389, randoop.jodatime.RandoopTest1.test390, randoop.jodatime.RandoopTest1.test391, randoop.jodatime.RandoopTest1.test393, randoop.jodatime.RandoopTest1.test395, randoop.jodatime.RandoopTest1.test396, randoop.jodatime.RandoopTest1.test397, randoop.jodatime.RandoopTest1.test400, randoop.jodatime.RandoopTest1.test401, randoop.jodatime.RandoopTest1.test402, randoop.jodatime.RandoopTest1.test405, randoop.jodatime.RandoopTest1.test406, randoop.jodatime.RandoopTest1.test407, randoop.jodatime.RandoopTest1.test408, randoop.jodatime.RandoopTest1.test409, randoop.jodatime.RandoopTest1.test410, randoop.jodatime.RandoopTest1.test411, randoop.jodatime.RandoopTest1.test412, randoop.jodatime.RandoopTest1.test415, randoop.jodatime.RandoopTest1.test416, randoop.jodatime.RandoopTest1.test417, randoop.jodatime.RandoopTest1.test418, randoop.jodatime.RandoopTest1.test419, randoop.jodatime.RandoopTest1.test420, randoop.jodatime.RandoopTest1.test421, randoop.jodatime.RandoopTest1.test424, randoop.jodatime.RandoopTest1.test425, randoop.jodatime.RandoopTest1.test426, randoop.jodatime.RandoopTest1.test428, randoop.jodatime.RandoopTest1.test429, randoop.jodatime.RandoopTest1.test431, randoop.jodatime.RandoopTest1.test432, randoop.jodatime.RandoopTest1.test433, randoop.jodatime.RandoopTest1.test434, randoop.jodatime.RandoopTest1.test435, randoop.jodatime.RandoopTest1.test436, randoop.jodatime.RandoopTest1.test437, randoop.jodatime.RandoopTest1.test438, randoop.jodatime.RandoopTest1.test439, randoop.jodatime.RandoopTest1.test440, randoop.jodatime.RandoopTest1.test441, randoop.jodatime.RandoopTest1.test442, randoop.jodatime.RandoopTest1.test443, randoop.jodatime.RandoopTest1.test444, randoop.jodatime.RandoopTest1.test445, randoop.jodatime.RandoopTest1.test448, randoop.jodatime.RandoopTest1.test450, randoop.jodatime.RandoopTest1.test451, randoop.jodatime.RandoopTest1.test452, randoop.jodatime.RandoopTest1.test453, randoop.jodatime.RandoopTest1.test454, randoop.jodatime.RandoopTest1.test455, randoop.jodatime.RandoopTest1.test456, randoop.jodatime.RandoopTest1.test458, randoop.jodatime.RandoopTest1.test459, randoop.jodatime.RandoopTest1.test460, randoop.jodatime.RandoopTest1.test461, randoop.jodatime.RandoopTest1.test462, randoop.jodatime.RandoopTest1.test463, randoop.jodatime.RandoopTest1.test464, randoop.jodatime.RandoopTest1.test465, randoop.jodatime.RandoopTest1.test467, randoop.jodatime.RandoopTest1.test470, randoop.jodatime.RandoopTest1.test471, randoop.jodatime.RandoopTest1.test473, randoop.jodatime.RandoopTest1.test475, randoop.jodatime.RandoopTest1.test476, randoop.jodatime.RandoopTest1.test477, randoop.jodatime.RandoopTest1.test478, randoop.jodatime.RandoopTest1.test479, randoop.jodatime.RandoopTest1.test480, randoop.jodatime.RandoopTest1.test481, randoop.jodatime.RandoopTest1.test483, randoop.jodatime.RandoopTest1.test485, randoop.jodatime.RandoopTest1.test486, randoop.jodatime.RandoopTest1.test487, randoop.jodatime.RandoopTest1.test488, randoop.jodatime.RandoopTest1.test489, randoop.jodatime.RandoopTest1.test490, randoop.jodatime.RandoopTest1.test491, randoop.jodatime.RandoopTest1.test492, randoop.jodatime.RandoopTest1.test493, randoop.jodatime.RandoopTest1.test494, randoop.jodatime.RandoopTest1.test496, randoop.jodatime.RandoopTest1.test497, randoop.jodatime.RandoopTest1.test498, randoop.jodatime.RandoopTest1.test499, randoop.jodatime.RandoopTest1.test500, randoop.jodatime.RandoopTest2.test1, randoop.jodatime.RandoopTest2.test2, randoop.jodatime.RandoopTest2.test3, randoop.jodatime.RandoopTest2.test4, randoop.jodatime.RandoopTest2.test5, randoop.jodatime.RandoopTest2.test6]

Time each test takes to run in the new order:
[124958087, 29354034, 25119936, 22194980, 23067765, 18099514, 11027001, 11467539, 9272466, 9684883, 9534211, 17647143, 19547072, 8557021, 8785818, 18109874, 7231266, 7801153, 8791247, 8420754, 9285030, 7603554, 8378875, 10160278, 9700804, 5521886, 4971408, 5109424, 4791858, 5040594, 4756031, 5797618, 4556087, 4594968, 5143286, 7441113, 6166698, 4950563, 5135023, 4597308, 5030321, 5630207, 4520848, 3939056, 4039437, 3636445, 3587562, 3498888, 3275579, 2931013, 3283013, 3976230, 3033611, 3503848, 3067726, 2971979, 5160600, 2682176, 3450726, 3490909, 2493528, 2720244, 2457319, 2743252, 2368642, 2521718, 2353186, 2927496, 2440520, 2583827, 2358937, 2452035, 2672711, 2435028, 2273454, 2221823, 2208306, 5311846, 2208350, 2305378, 2445977, 3183137, 2199897, 2218856, 2136842, 2341349, 2139848, 2529284, 2340395, 2103720, 2098850, 2098958, 2242992, 2126877, 2057253, 2198039, 2228562, 2089501, 2254498, 2076668, 2218608, 2061297, 2318921, 2521283, 2500170, 2350593, 2346097, 2194827, 2252885, 2341821, 2621734, 2507231, 2340807, 2049831, 2449920, 2462911, 2167055, 2269137, 2468225, 2598859, 5414628, 2097652, 2426425, 2085061, 2394389, 2057724, 2107373, 2538068, 2260943, 2140122, 2069447, 2079438, 4709856, 3279012, 3380666, 3603709, 3412245, 3569912]

Dependent test list:
[Test: randoop.jodatime.RandoopTest0.test196, Intended behavior: FAILURE, when executed after: [randoop.jodatime.RandoopTest0.test192], The revealed different behavior: PASS, when executed after: [], Test: randoop.jodatime.RandoopTest0.test192, Intended behavior: FAILURE, when executed after: [randoop.jodatime.RandoopTest0.test165], The revealed different behavior: PASS, when executed after: [], Test: randoop.jodatime.RandoopTest0.test165, Intended behavior: FAILURE, when executed after: [randoop.jodatime.RandoopTest0.test135], The revealed different behavior: PASS, when executed after: [], Test: randoop.jodatime.RandoopTest0.test360, Intended behavior: FAILURE, when executed after: [randoop.jodatime.RandoopTest0.test338], The revealed different behavior: PASS, when executed after: [], Test: randoop.jodatime.RandoopTest0.test338, Intended behavior: FAILURE, when executed after: [randoop.jodatime.RandoopTest0.test325], The revealed different behavior: PASS, when executed after: [], Test: randoop.jodatime.RandoopTest0.test325, Intended behavior: FAILURE, when executed after: [randoop.jodatime.RandoopTest0.test196], The revealed different behavior: PASS, when executed after: [], Test: randoop.jodatime.RandoopTest1.test235, Intended behavior: FAILURE, when executed after: [randoop.jodatime.RandoopTest1.test181], The revealed different behavior: PASS, when executed after: [], Test: randoop.jodatime.RandoopTest1.test181, Intended behavior: FAILURE, when executed after: [randoop.jodatime.RandoopTest0.test498], The revealed different behavior: PASS, when executed after: [], Test: randoop.jodatime.RandoopTest2.test36, Intended behavior: FAILURE, when executed after: [randoop.jodatime.RandoopTest2.test21], The revealed different behavior: PASS, when executed after: [], Test: randoop.jodatime.RandoopTest2.test77, Intended behavior: FAILURE, when executed after: [randoop.jodatime.RandoopTest1.test467], The revealed different behavior: PASS, when executed after: [], Test: randoop.jodatime.RandoopTest2.test21, Intended behavior: FAILURE, when executed after: [randoop.jodatime.RandoopTest1.test235], The revealed different behavior: PASS, when executed after: [], Test: randoop.jodatime.RandoopTest2.test254, Intended behavior: FAILURE, when executed after: [randoop.jodatime.RandoopTest2.test212], The revealed different behavior: PASS, when executed after: [], Test: randoop.jodatime.RandoopTest2.test243, Intended behavior: FAILURE, when executed after: [randoop.jodatime.RandoopTest2.test36], The revealed different behavior: PASS, when executed after: [], Test: randoop.jodatime.RandoopTest2.test490, Intended behavior: FAILURE, when executed after: [randoop.jodatime.RandoopTest2.test487], The revealed different behavior: PASS, when executed after: [], Test: randoop.jodatime.RandoopTest2.test487, Intended behavior: FAILURE, when executed after: [randoop.jodatime.RandoopTest2.test356], The revealed different behavior: PASS, when executed after: [], Test: randoop.jodatime.RandoopTest2.test356, Intended behavior: FAILURE, when executed after: [randoop.jodatime.RandoopTest2.test243], The revealed different behavior: PASS, when executed after: [], Test: randoop.jodatime.RandoopTest2.test474, Intended behavior: FAILURE, when executed after: [randoop.jodatime.RandoopTest2.test376], The revealed different behavior: PASS, when executed after: [], Test: randoop.jodatime.RandoopTest2.test493, Intended behavior: FAILURE, when executed after: [randoop.jodatime.RandoopTest2.test490], The revealed different behavior: PASS, when executed after: [], Test: randoop.jodatime.RandoopTest3.test195, Intended behavior: FAILURE, when executed after: [randoop.jodatime.RandoopTest3.test193], The revealed different behavior: PASS, when executed after: [], Test: randoop.jodatime.RandoopTest3.test193, Intended behavior: FAILURE, when executed after: [randoop.jodatime.RandoopTest3.test189], The revealed different behavior: PASS, when executed after: [], Test: randoop.jodatime.RandoopTest3.test189, Intended behavior: FAILURE, when executed after: [randoop.jodatime.RandoopTest3.test185], The revealed different behavior: PASS, when executed after: [], Test: randoop.jodatime.RandoopTest3.test185, Intended behavior: FAILURE, when executed after: [randoop.jodatime.RandoopTest3.test161], The revealed different behavior: PASS, when executed after: [], Test: randoop.jodatime.RandoopTest3.test161, Intended behavior: FAILURE, when executed after: [randoop.jodatime.RandoopTest2.test493], The revealed different behavior: PASS, when executed after: [], Test: randoop.jodatime.RandoopTest3.test389, Intended behavior: FAILURE, when executed after: [randoop.jodatime.RandoopTest3.test383], The revealed different behavior: PASS, when executed after: [], Test: randoop.jodatime.RandoopTest3.test383, Intended behavior: FAILURE, when executed after: [randoop.jodatime.RandoopTest3.test347], The revealed different behavior: PASS, when executed after: [], Test: randoop.jodatime.RandoopTest3.test347, Intended behavior: FAILURE, when executed after: [randoop.jodatime.RandoopTest3.test345], The revealed different behavior: PASS, when executed after: [], Test: randoop.jodatime.RandoopTest3.test345, Intended behavior: FAILURE, when executed after: [randoop.jodatime.RandoopTest3.test316], The revealed different behavior: PASS, when executed after: [], Test: randoop.jodatime.RandoopTest3.test316, Intended behavior: FAILURE, when executed after: [randoop.jodatime.RandoopTest3.test315], The revealed different behavior: PASS, when executed after: [], Test: randoop.jodatime.RandoopTest3.test315, Intended behavior: FAILURE, when executed after: [randoop.jodatime.RandoopTest3.test195], The revealed different behavior: PASS, when executed after: [], Test: randoop.jodatime.RandoopTest3.test496, Intended behavior: FAILURE, when executed after: [randoop.jodatime.RandoopTest3.test467], The revealed different behavior: PASS, when executed after: [], Test: randoop.jodatime.RandoopTest3.test467, Intended behavior: FAILURE, when executed after: [randoop.jodatime.RandoopTest3.test389], The revealed different behavior: PASS, when executed after: [], Test: randoop.jodatime.RandoopTest4.test259, Intended behavior: FAILURE, when executed after: [randoop.jodatime.RandoopTest4.test221], The revealed different behavior: PASS, when executed after: [], Test: randoop.jodatime.RandoopTest4.test221, Intended behavior: FAILURE, when executed after: [randoop.jodatime.RandoopTest4.test13], The revealed different behavior: PASS, when executed after: [], Test: randoop.jodatime.RandoopTest4.test401, Intended behavior: FAILURE, when executed after: [randoop.jodatime.RandoopTest4.test259], The revealed different behavior: PASS, when executed after: [], Test: randoop.jodatime.RandoopTest4.test434, Intended behavior: FAILURE, when executed after: [randoop.jodatime.RandoopTest4.test401], The revealed different behavior: PASS, when executed after: [], Test: randoop.jodatime.RandoopTest4.test13, Intended behavior: FAILURE, when executed after: [randoop.jodatime.RandoopTest3.test496], The revealed different behavior: PASS, when executed after: [], Test: randoop.jodatime.RandoopTest2.test212, Intended behavior: FAILURE, when executed after: [randoop.jodatime.RandoopTest2.test77], The revealed different behavior: PASS, when executed after: [], Test: randoop.jodatime.RandoopTest2.test376, Intended behavior: FAILURE, when executed after: [randoop.jodatime.RandoopTest2.test254], The revealed different behavior: PASS, when executed after: []]
--------------------------
Execution time of TLG and its time to find/nullify any DTs for 1 machine (does not include the time to run the tests in the new order): 1.050
Number of tests selected out of total in original order: 142 / 2211
Number of DTs not fixed: 0
Number of DTs fixed: 0
Execution time for executing the following testing order: 0.886

Test order list:
[randoop.jodatime.RandoopTest2.test7, randoop.jodatime.RandoopTest2.test8, randoop.jodatime.RandoopTest2.test9, randoop.jodatime.RandoopTest2.test10, randoop.jodatime.RandoopTest2.test11, randoop.jodatime.RandoopTest2.test12, randoop.jodatime.RandoopTest2.test13, randoop.jodatime.RandoopTest2.test14, randoop.jodatime.RandoopTest2.test15, randoop.jodatime.RandoopTest2.test16, randoop.jodatime.RandoopTest2.test17, randoop.jodatime.RandoopTest2.test18, randoop.jodatime.RandoopTest2.test19, randoop.jodatime.RandoopTest2.test20, randoop.jodatime.RandoopTest0.test498, randoop.jodatime.RandoopTest1.test181, randoop.jodatime.RandoopTest1.test235, randoop.jodatime.RandoopTest2.test21, randoop.jodatime.RandoopTest2.test22, randoop.jodatime.RandoopTest2.test23, randoop.jodatime.RandoopTest2.test24, randoop.jodatime.RandoopTest2.test25, randoop.jodatime.RandoopTest2.test26, randoop.jodatime.RandoopTest2.test28, randoop.jodatime.RandoopTest2.test29, randoop.jodatime.RandoopTest2.test30, randoop.jodatime.RandoopTest2.test31, randoop.jodatime.RandoopTest2.test32, randoop.jodatime.RandoopTest2.test33, randoop.jodatime.RandoopTest2.test34, randoop.jodatime.RandoopTest2.test35, randoop.jodatime.RandoopTest2.test36, randoop.jodatime.RandoopTest2.test37, randoop.jodatime.RandoopTest2.test38, randoop.jodatime.RandoopTest2.test39, randoop.jodatime.RandoopTest2.test40, randoop.jodatime.RandoopTest2.test42, randoop.jodatime.RandoopTest2.test43, randoop.jodatime.RandoopTest2.test45, randoop.jodatime.RandoopTest2.test46, randoop.jodatime.RandoopTest2.test49, randoop.jodatime.RandoopTest2.test50, randoop.jodatime.RandoopTest2.test51, randoop.jodatime.RandoopTest2.test52, randoop.jodatime.RandoopTest2.test53, randoop.jodatime.RandoopTest2.test54, randoop.jodatime.RandoopTest2.test55, randoop.jodatime.RandoopTest2.test57, randoop.jodatime.RandoopTest2.test58, randoop.jodatime.RandoopTest2.test59, randoop.jodatime.RandoopTest2.test60, randoop.jodatime.RandoopTest2.test61, randoop.jodatime.RandoopTest2.test62, randoop.jodatime.RandoopTest2.test63, randoop.jodatime.RandoopTest2.test64, randoop.jodatime.RandoopTest2.test66, randoop.jodatime.RandoopTest2.test67, randoop.jodatime.RandoopTest2.test68, randoop.jodatime.RandoopTest2.test69, randoop.jodatime.RandoopTest2.test70, randoop.jodatime.RandoopTest2.test71, randoop.jodatime.RandoopTest2.test72, randoop.jodatime.RandoopTest2.test74, randoop.jodatime.RandoopTest2.test75, randoop.jodatime.RandoopTest2.test76, randoop.jodatime.RandoopTest1.test467, randoop.jodatime.RandoopTest2.test77, randoop.jodatime.RandoopTest2.test78, randoop.jodatime.RandoopTest2.test79, randoop.jodatime.RandoopTest2.test80, randoop.jodatime.RandoopTest2.test81, randoop.jodatime.RandoopTest2.test83, randoop.jodatime.RandoopTest2.test84, randoop.jodatime.RandoopTest2.test85, randoop.jodatime.RandoopTest2.test86, randoop.jodatime.RandoopTest2.test87, randoop.jodatime.RandoopTest2.test88, randoop.jodatime.RandoopTest2.test90, randoop.jodatime.RandoopTest2.test91, randoop.jodatime.RandoopTest2.test93, randoop.jodatime.RandoopTest2.test94, randoop.jodatime.RandoopTest2.test95, randoop.jodatime.RandoopTest2.test96, randoop.jodatime.RandoopTest2.test97, randoop.jodatime.RandoopTest2.test98, randoop.jodatime.RandoopTest2.test99, randoop.jodatime.RandoopTest2.test100, randoop.jodatime.RandoopTest2.test101, randoop.jodatime.RandoopTest2.test102, randoop.jodatime.RandoopTest2.test103, randoop.jodatime.RandoopTest2.test104, randoop.jodatime.RandoopTest2.test106, randoop.jodatime.RandoopTest2.test107, randoop.jodatime.RandoopTest2.test108, randoop.jodatime.RandoopTest2.test109, randoop.jodatime.RandoopTest2.test110, randoop.jodatime.RandoopTest2.test111, randoop.jodatime.RandoopTest2.test112, randoop.jodatime.RandoopTest2.test113, randoop.jodatime.RandoopTest2.test114, randoop.jodatime.RandoopTest2.test115, randoop.jodatime.RandoopTest2.test116, randoop.jodatime.RandoopTest2.test117, randoop.jodatime.RandoopTest2.test118, randoop.jodatime.RandoopTest2.test119, randoop.jodatime.RandoopTest2.test120, randoop.jodatime.RandoopTest2.test121, randoop.jodatime.RandoopTest2.test122, randoop.jodatime.RandoopTest2.test123, randoop.jodatime.RandoopTest2.test124, randoop.jodatime.RandoopTest2.test125, randoop.jodatime.RandoopTest2.test127, randoop.jodatime.RandoopTest2.test129, randoop.jodatime.RandoopTest2.test130, randoop.jodatime.RandoopTest2.test131, randoop.jodatime.RandoopTest2.test132, randoop.jodatime.RandoopTest2.test133, randoop.jodatime.RandoopTest2.test134, randoop.jodatime.RandoopTest2.test135, randoop.jodatime.RandoopTest2.test136, randoop.jodatime.RandoopTest2.test137, randoop.jodatime.RandoopTest2.test139, randoop.jodatime.RandoopTest2.test140, randoop.jodatime.RandoopTest2.test142, randoop.jodatime.RandoopTest2.test143, randoop.jodatime.RandoopTest2.test144, randoop.jodatime.RandoopTest2.test145, randoop.jodatime.RandoopTest2.test147, randoop.jodatime.RandoopTest2.test148, randoop.jodatime.RandoopTest2.test149, randoop.jodatime.RandoopTest2.test150, randoop.jodatime.RandoopTest2.test151, randoop.jodatime.RandoopTest2.test152, randoop.jodatime.RandoopTest2.test153, randoop.jodatime.RandoopTest2.test154, randoop.jodatime.RandoopTest2.test155, randoop.jodatime.RandoopTest2.test156, randoop.jodatime.RandoopTest2.test158, randoop.jodatime.RandoopTest2.test159, randoop.jodatime.RandoopTest2.test160, randoop.jodatime.RandoopTest2.test161, randoop.jodatime.RandoopTest2.test164]

Time each test takes to run in the new order:
[113451953, 37991007, 27551210, 23707467, 21284049, 17650736, 11060121, 11408448, 11270639, 9561031, 8345224, 11400287, 7798137, 8005777, 9940928, 8919773, 7884266, 7020891, 8158421, 8326703, 7859255, 9018212, 7781989, 8293602, 13420002, 10488680, 10157652, 11992847, 10367876, 11053243, 11199587, 5672227, 4779583, 4744806, 10588081, 8076847, 5305791, 5504554, 4921767, 5342910, 5108925, 5328842, 5058496, 4847604, 11360663, 4831797, 4756830, 5744749, 4916817, 6172901, 8181586, 5329701, 5838476, 4883645, 4930793, 4728325, 8046064, 5176568, 4727999, 5860971, 4391308, 4420348, 3915240, 3530323, 3176249, 3558500, 3227419, 3215237, 3054474, 3474225, 3256231, 3045230, 2701374, 4505949, 2750872, 2717760, 2737884, 5633379, 2779427, 2837847, 2687865, 2976416, 2824888, 2962083, 2976718, 2421741, 3058345, 2727117, 2398022, 2568296, 3125189, 2360882, 2594192, 2805146, 2669218, 2304805, 2612406, 2307249, 2246188, 2331521, 2742968, 2690548, 11871377, 2529773, 2644132, 2349160, 2360496, 2409700, 2225236, 2393050, 2433676, 2472190, 2158265, 2463368, 2282755, 2167299, 2655056, 2425298, 2413386, 2625816, 5394825, 2541631, 2118585, 2169036, 2178706, 2185279, 2238743, 2690019, 2399503, 2527109, 2147478, 2045214, 2306790, 2051500, 2357965, 2055594, 2099967, 2054810, 2368647, 2096624, 2570503, 2145813]

Dependent test list:
[Test: randoop.jodatime.RandoopTest0.test196, Intended behavior: FAILURE, when executed after: [randoop.jodatime.RandoopTest0.test192], The revealed different behavior: PASS, when executed after: [], Test: randoop.jodatime.RandoopTest0.test192, Intended behavior: FAILURE, when executed after: [randoop.jodatime.RandoopTest0.test165], The revealed different behavior: PASS, when executed after: [], Test: randoop.jodatime.RandoopTest0.test165, Intended behavior: FAILURE, when executed after: [randoop.jodatime.RandoopTest0.test135], The revealed different behavior: PASS, when executed after: [], Test: randoop.jodatime.RandoopTest0.test360, Intended behavior: FAILURE, when executed after: [randoop.jodatime.RandoopTest0.test338], The revealed different behavior: PASS, when executed after: [], Test: randoop.jodatime.RandoopTest0.test338, Intended behavior: FAILURE, when executed after: [randoop.jodatime.RandoopTest0.test325], The revealed different behavior: PASS, when executed after: [], Test: randoop.jodatime.RandoopTest0.test325, Intended behavior: FAILURE, when executed after: [randoop.jodatime.RandoopTest0.test196], The revealed different behavior: PASS, when executed after: [], Test: randoop.jodatime.RandoopTest1.test235, Intended behavior: FAILURE, when executed after: [randoop.jodatime.RandoopTest1.test181], The revealed different behavior: PASS, when executed after: [], Test: randoop.jodatime.RandoopTest1.test181, Intended behavior: FAILURE, when executed after: [randoop.jodatime.RandoopTest0.test498], The revealed different behavior: PASS, when executed after: [], Test: randoop.jodatime.RandoopTest2.test36, Intended behavior: FAILURE, when executed after: [randoop.jodatime.RandoopTest2.test21], The revealed different behavior: PASS, when executed after: [], Test: randoop.jodatime.RandoopTest2.test77, Intended behavior: FAILURE, when executed after: [randoop.jodatime.RandoopTest1.test467], The revealed different behavior: PASS, when executed after: [], Test: randoop.jodatime.RandoopTest2.test21, Intended behavior: FAILURE, when executed after: [randoop.jodatime.RandoopTest1.test235], The revealed different behavior: PASS, when executed after: [], Test: randoop.jodatime.RandoopTest2.test254, Intended behavior: FAILURE, when executed after: [randoop.jodatime.RandoopTest2.test212], The revealed different behavior: PASS, when executed after: [], Test: randoop.jodatime.RandoopTest2.test243, Intended behavior: FAILURE, when executed after: [randoop.jodatime.RandoopTest2.test36], The revealed different behavior: PASS, when executed after: [], Test: randoop.jodatime.RandoopTest2.test490, Intended behavior: FAILURE, when executed after: [randoop.jodatime.RandoopTest2.test487], The revealed different behavior: PASS, when executed after: [], Test: randoop.jodatime.RandoopTest2.test487, Intended behavior: FAILURE, when executed after: [randoop.jodatime.RandoopTest2.test356], The revealed different behavior: PASS, when executed after: [], Test: randoop.jodatime.RandoopTest2.test356, Intended behavior: FAILURE, when executed after: [randoop.jodatime.RandoopTest2.test243], The revealed different behavior: PASS, when executed after: [], Test: randoop.jodatime.RandoopTest2.test474, Intended behavior: FAILURE, when executed after: [randoop.jodatime.RandoopTest2.test376], The revealed different behavior: PASS, when executed after: [], Test: randoop.jodatime.RandoopTest2.test493, Intended behavior: FAILURE, when executed after: [randoop.jodatime.RandoopTest2.test490], The revealed different behavior: PASS, when executed after: [], Test: randoop.jodatime.RandoopTest3.test195, Intended behavior: FAILURE, when executed after: [randoop.jodatime.RandoopTest3.test193], The revealed different behavior: PASS, when executed after: [], Test: randoop.jodatime.RandoopTest3.test193, Intended behavior: FAILURE, when executed after: [randoop.jodatime.RandoopTest3.test189], The revealed different behavior: PASS, when executed after: [], Test: randoop.jodatime.RandoopTest3.test189, Intended behavior: FAILURE, when executed after: [randoop.jodatime.RandoopTest3.test185], The revealed different behavior: PASS, when executed after: [], Test: randoop.jodatime.RandoopTest3.test185, Intended behavior: FAILURE, when executed after: [randoop.jodatime.RandoopTest3.test161], The revealed different behavior: PASS, when executed after: [], Test: randoop.jodatime.RandoopTest3.test161, Intended behavior: FAILURE, when executed after: [randoop.jodatime.RandoopTest2.test493], The revealed different behavior: PASS, when executed after: [], Test: randoop.jodatime.RandoopTest3.test389, Intended behavior: FAILURE, when executed after: [randoop.jodatime.RandoopTest3.test383], The revealed different behavior: PASS, when executed after: [], Test: randoop.jodatime.RandoopTest3.test383, Intended behavior: FAILURE, when executed after: [randoop.jodatime.RandoopTest3.test347], The revealed different behavior: PASS, when executed after: [], Test: randoop.jodatime.RandoopTest3.test347, Intended behavior: FAILURE, when executed after: [randoop.jodatime.RandoopTest3.test345], The revealed different behavior: PASS, when executed after: [], Test: randoop.jodatime.RandoopTest3.test345, Intended behavior: FAILURE, when executed after: [randoop.jodatime.RandoopTest3.test316], The revealed different behavior: PASS, when executed after: [], Test: randoop.jodatime.RandoopTest3.test316, Intended behavior: FAILURE, when executed after: [randoop.jodatime.RandoopTest3.test315], The revealed different behavior: PASS, when executed after: [], Test: randoop.jodatime.RandoopTest3.test315, Intended behavior: FAILURE, when executed after: [randoop.jodatime.RandoopTest3.test195], The revealed different behavior: PASS, when executed after: [], Test: randoop.jodatime.RandoopTest3.test496, Intended behavior: FAILURE, when executed after: [randoop.jodatime.RandoopTest3.test467], The revealed different behavior: PASS, when executed after: [], Test: randoop.jodatime.RandoopTest3.test467, Intended behavior: FAILURE, when executed after: [randoop.jodatime.RandoopTest3.test389], The revealed different behavior: PASS, when executed after: [], Test: randoop.jodatime.RandoopTest4.test259, Intended behavior: FAILURE, when executed after: [randoop.jodatime.RandoopTest4.test221], The revealed different behavior: PASS, when executed after: [], Test: randoop.jodatime.RandoopTest4.test221, Intended behavior: FAILURE, when executed after: [randoop.jodatime.RandoopTest4.test13], The revealed different behavior: PASS, when executed after: [], Test: randoop.jodatime.RandoopTest4.test401, Intended behavior: FAILURE, when executed after: [randoop.jodatime.RandoopTest4.test259], The revealed different behavior: PASS, when executed after: [], Test: randoop.jodatime.RandoopTest4.test434, Intended behavior: FAILURE, when executed after: [randoop.jodatime.RandoopTest4.test401], The revealed different behavior: PASS, when executed after: [], Test: randoop.jodatime.RandoopTest4.test13, Intended behavior: FAILURE, when executed after: [randoop.jodatime.RandoopTest3.test496], The revealed different behavior: PASS, when executed after: [], Test: randoop.jodatime.RandoopTest2.test212, Intended behavior: FAILURE, when executed after: [randoop.jodatime.RandoopTest2.test77], The revealed different behavior: PASS, when executed after: [], Test: randoop.jodatime.RandoopTest2.test376, Intended behavior: FAILURE, when executed after: [randoop.jodatime.RandoopTest2.test254], The revealed different behavior: PASS, when executed after: []]
--------------------------
Execution time of TLG and its time to find/nullify any DTs for 1 machine (does not include the time to run the tests in the new order): 1.021
Number of tests selected out of total in original order: 145 / 2211
Number of DTs not fixed: 2
Number of DTs fixed: 0
Execution time for executing the following testing order: 0.881

Test order list:
[randoop.jodatime.RandoopTest2.test165, randoop.jodatime.RandoopTest2.test166, randoop.jodatime.RandoopTest2.test167, randoop.jodatime.RandoopTest2.test168, randoop.jodatime.RandoopTest2.test169, randoop.jodatime.RandoopTest2.test170, randoop.jodatime.RandoopTest2.test172, randoop.jodatime.RandoopTest2.test173, randoop.jodatime.RandoopTest2.test174, randoop.jodatime.RandoopTest2.test175, randoop.jodatime.RandoopTest2.test177, randoop.jodatime.RandoopTest2.test178, randoop.jodatime.RandoopTest2.test179, randoop.jodatime.RandoopTest2.test180, randoop.jodatime.RandoopTest2.test181, randoop.jodatime.RandoopTest2.test182, randoop.jodatime.RandoopTest2.test183, randoop.jodatime.RandoopTest2.test184, randoop.jodatime.RandoopTest2.test185, randoop.jodatime.RandoopTest2.test186, randoop.jodatime.RandoopTest2.test187, randoop.jodatime.RandoopTest2.test188, randoop.jodatime.RandoopTest2.test189, randoop.jodatime.RandoopTest2.test190, randoop.jodatime.RandoopTest2.test191, randoop.jodatime.RandoopTest2.test192, randoop.jodatime.RandoopTest2.test193, randoop.jodatime.RandoopTest2.test194, randoop.jodatime.RandoopTest2.test195, randoop.jodatime.RandoopTest2.test196, randoop.jodatime.RandoopTest2.test197, randoop.jodatime.RandoopTest2.test198, randoop.jodatime.RandoopTest2.test199, randoop.jodatime.RandoopTest2.test200, randoop.jodatime.RandoopTest2.test201, randoop.jodatime.RandoopTest2.test202, randoop.jodatime.RandoopTest2.test203, randoop.jodatime.RandoopTest2.test204, randoop.jodatime.RandoopTest2.test205, randoop.jodatime.RandoopTest2.test206, randoop.jodatime.RandoopTest2.test207, randoop.jodatime.RandoopTest2.test209, randoop.jodatime.RandoopTest2.test210, randoop.jodatime.RandoopTest2.test211, randoop.jodatime.RandoopTest1.test467, randoop.jodatime.RandoopTest2.test77, randoop.jodatime.RandoopTest2.test212, randoop.jodatime.RandoopTest2.test213, randoop.jodatime.RandoopTest2.test214, randoop.jodatime.RandoopTest2.test215, randoop.jodatime.RandoopTest2.test216, randoop.jodatime.RandoopTest2.test217, randoop.jodatime.RandoopTest2.test218, randoop.jodatime.RandoopTest2.test219, randoop.jodatime.RandoopTest2.test220, randoop.jodatime.RandoopTest2.test221, randoop.jodatime.RandoopTest2.test222, randoop.jodatime.RandoopTest2.test223, randoop.jodatime.RandoopTest2.test224, randoop.jodatime.RandoopTest2.test226, randoop.jodatime.RandoopTest2.test227, randoop.jodatime.RandoopTest2.test229, randoop.jodatime.RandoopTest2.test230, randoop.jodatime.RandoopTest2.test231, randoop.jodatime.RandoopTest2.test233, randoop.jodatime.RandoopTest2.test234, randoop.jodatime.RandoopTest2.test235, randoop.jodatime.RandoopTest2.test236, randoop.jodatime.RandoopTest2.test237, randoop.jodatime.RandoopTest2.test238, randoop.jodatime.RandoopTest2.test239, randoop.jodatime.RandoopTest2.test241, randoop.jodatime.RandoopTest2.test242, randoop.jodatime.RandoopTest0.test498, randoop.jodatime.RandoopTest1.test181, randoop.jodatime.RandoopTest1.test235, randoop.jodatime.RandoopTest2.test21, randoop.jodatime.RandoopTest2.test36, randoop.jodatime.RandoopTest2.test243, randoop.jodatime.RandoopTest2.test244, randoop.jodatime.RandoopTest2.test245, randoop.jodatime.RandoopTest2.test247, randoop.jodatime.RandoopTest2.test248, randoop.jodatime.RandoopTest2.test250, randoop.jodatime.RandoopTest2.test251, randoop.jodatime.RandoopTest2.test252, randoop.jodatime.RandoopTest2.test253, randoop.jodatime.RandoopTest2.test254, randoop.jodatime.RandoopTest2.test255, randoop.jodatime.RandoopTest2.test256, randoop.jodatime.RandoopTest2.test258, randoop.jodatime.RandoopTest2.test259, randoop.jodatime.RandoopTest2.test260, randoop.jodatime.RandoopTest2.test261, randoop.jodatime.RandoopTest2.test263, randoop.jodatime.RandoopTest2.test265, randoop.jodatime.RandoopTest2.test266, randoop.jodatime.RandoopTest2.test267, randoop.jodatime.RandoopTest2.test268, randoop.jodatime.RandoopTest2.test269, randoop.jodatime.RandoopTest2.test270, randoop.jodatime.RandoopTest2.test272, randoop.jodatime.RandoopTest2.test273, randoop.jodatime.RandoopTest2.test275, randoop.jodatime.RandoopTest2.test276, randoop.jodatime.RandoopTest2.test277, randoop.jodatime.RandoopTest2.test278, randoop.jodatime.RandoopTest2.test279, randoop.jodatime.RandoopTest2.test280, randoop.jodatime.RandoopTest2.test282, randoop.jodatime.RandoopTest2.test283, randoop.jodatime.RandoopTest2.test284, randoop.jodatime.RandoopTest2.test285, randoop.jodatime.RandoopTest2.test287, randoop.jodatime.RandoopTest2.test288, randoop.jodatime.RandoopTest2.test289, randoop.jodatime.RandoopTest2.test291, randoop.jodatime.RandoopTest2.test292, randoop.jodatime.RandoopTest2.test294, randoop.jodatime.RandoopTest2.test295, randoop.jodatime.RandoopTest2.test296, randoop.jodatime.RandoopTest2.test297, randoop.jodatime.RandoopTest2.test298, randoop.jodatime.RandoopTest2.test299, randoop.jodatime.RandoopTest2.test300, randoop.jodatime.RandoopTest2.test301, randoop.jodatime.RandoopTest2.test302, randoop.jodatime.RandoopTest2.test303, randoop.jodatime.RandoopTest2.test304, randoop.jodatime.RandoopTest2.test307, randoop.jodatime.RandoopTest2.test308, randoop.jodatime.RandoopTest2.test309, randoop.jodatime.RandoopTest2.test310, randoop.jodatime.RandoopTest2.test311, randoop.jodatime.RandoopTest2.test312, randoop.jodatime.RandoopTest2.test313, randoop.jodatime.RandoopTest2.test314, randoop.jodatime.RandoopTest2.test315, randoop.jodatime.RandoopTest2.test316, randoop.jodatime.RandoopTest2.test317, randoop.jodatime.RandoopTest2.test318, randoop.jodatime.RandoopTest2.test319, randoop.jodatime.RandoopTest2.test320, randoop.jodatime.RandoopTest2.test321, randoop.jodatime.RandoopTest2.test322]

Time each test takes to run in the new order:
[132225734, 33260958, 23828818, 21654109, 21066686, 17329629, 12778592, 10324474, 12379917, 11500293, 8361665, 7886356, 7864390, 8920514, 6864282, 10110690, 8671922, 7515964, 7106711, 139804212, 2582418, 3451273, 2416871, 2588868, 2220608, 2211852, 2513607, 3884040, 2223038, 2596279, 2599932, 2604145, 3027871, 2992468, 2231571, 2479747, 5756125, 4230916, 3757465, 4769564, 3831504, 2966073, 3625705, 3197213, 5486556, 4329422, 5577318, 3519774, 4138273, 4420163, 4065458, 3761631, 3917646, 5283344, 3275504, 3193344, 6107838, 3496582, 3291058, 3252056, 3113793, 2774860, 2819121, 2897871, 2836420, 3296834, 2922680, 3497245, 3004768, 7087702, 2522633, 2447200, 3081430, 3921658, 2676459, 3190093, 2342718, 5112615, 2393051, 2493369, 2385879, 2641403, 2293264, 2291112, 2303574, 2232294, 2153306, 2517532, 2498927, 2555014, 2554015, 2214028, 2521769, 2963123, 2765634, 3177917, 2691545, 2232587, 2837147, 2672473, 2402691, 2590749, 2513757, 2632601, 2136267, 2688117, 2379071, 2371821, 2533928, 2311430, 2610045, 2246183, 2172107, 2267164, 2441552, 2484507, 2557178, 2941738, 2610919, 5727164, 2506592, 2251171, 2760114, 2485422, 2418832, 2583335, 2574383, 2315292, 2467905, 2470951, 2317839, 2193290, 2513061, 2632723, 2698133, 2502498, 2368907, 2380798, 2473770, 3139966, 2281040, 2639024, 2264703, 2782147, 2262154]

DTs not fixed are:
[randoop.jodatime.RandoopTest2.test206, randoop.jodatime.RandoopTest2.test207]

Dependent test list:
[Test: randoop.jodatime.RandoopTest0.test196, Intended behavior: FAILURE, when executed after: [randoop.jodatime.RandoopTest0.test192], The revealed different behavior: PASS, when executed after: [], Test: randoop.jodatime.RandoopTest0.test192, Intended behavior: FAILURE, when executed after: [randoop.jodatime.RandoopTest0.test165], The revealed different behavior: PASS, when executed after: [], Test: randoop.jodatime.RandoopTest0.test165, Intended behavior: FAILURE, when executed after: [randoop.jodatime.RandoopTest0.test135], The revealed different behavior: PASS, when executed after: [], Test: randoop.jodatime.RandoopTest0.test360, Intended behavior: FAILURE, when executed after: [randoop.jodatime.RandoopTest0.test338], The revealed different behavior: PASS, when executed after: [], Test: randoop.jodatime.RandoopTest0.test338, Intended behavior: FAILURE, when executed after: [randoop.jodatime.RandoopTest0.test325], The revealed different behavior: PASS, when executed after: [], Test: randoop.jodatime.RandoopTest0.test325, Intended behavior: FAILURE, when executed after: [randoop.jodatime.RandoopTest0.test196], The revealed different behavior: PASS, when executed after: [], Test: randoop.jodatime.RandoopTest1.test235, Intended behavior: FAILURE, when executed after: [randoop.jodatime.RandoopTest1.test181], The revealed different behavior: PASS, when executed after: [], Test: randoop.jodatime.RandoopTest1.test181, Intended behavior: FAILURE, when executed after: [randoop.jodatime.RandoopTest0.test498], The revealed different behavior: PASS, when executed after: [], Test: randoop.jodatime.RandoopTest2.test36, Intended behavior: FAILURE, when executed after: [randoop.jodatime.RandoopTest2.test21], The revealed different behavior: PASS, when executed after: [], Test: randoop.jodatime.RandoopTest2.test77, Intended behavior: FAILURE, when executed after: [randoop.jodatime.RandoopTest1.test467], The revealed different behavior: PASS, when executed after: [], Test: randoop.jodatime.RandoopTest2.test21, Intended behavior: FAILURE, when executed after: [randoop.jodatime.RandoopTest1.test235], The revealed different behavior: PASS, when executed after: [], Test: randoop.jodatime.RandoopTest2.test254, Intended behavior: FAILURE, when executed after: [randoop.jodatime.RandoopTest2.test212], The revealed different behavior: PASS, when executed after: [], Test: randoop.jodatime.RandoopTest2.test243, Intended behavior: FAILURE, when executed after: [randoop.jodatime.RandoopTest2.test36], The revealed different behavior: PASS, when executed after: [], Test: randoop.jodatime.RandoopTest2.test490, Intended behavior: FAILURE, when executed after: [randoop.jodatime.RandoopTest2.test487], The revealed different behavior: PASS, when executed after: [], Test: randoop.jodatime.RandoopTest2.test487, Intended behavior: FAILURE, when executed after: [randoop.jodatime.RandoopTest2.test356], The revealed different behavior: PASS, when executed after: [], Test: randoop.jodatime.RandoopTest2.test356, Intended behavior: FAILURE, when executed after: [randoop.jodatime.RandoopTest2.test243], The revealed different behavior: PASS, when executed after: [], Test: randoop.jodatime.RandoopTest2.test474, Intended behavior: FAILURE, when executed after: [randoop.jodatime.RandoopTest2.test376], The revealed different behavior: PASS, when executed after: [], Test: randoop.jodatime.RandoopTest2.test493, Intended behavior: FAILURE, when executed after: [randoop.jodatime.RandoopTest2.test490], The revealed different behavior: PASS, when executed after: [], Test: randoop.jodatime.RandoopTest3.test195, Intended behavior: FAILURE, when executed after: [randoop.jodatime.RandoopTest3.test193], The revealed different behavior: PASS, when executed after: [], Test: randoop.jodatime.RandoopTest3.test193, Intended behavior: FAILURE, when executed after: [randoop.jodatime.RandoopTest3.test189], The revealed different behavior: PASS, when executed after: [], Test: randoop.jodatime.RandoopTest3.test189, Intended behavior: FAILURE, when executed after: [randoop.jodatime.RandoopTest3.test185], The revealed different behavior: PASS, when executed after: [], Test: randoop.jodatime.RandoopTest3.test185, Intended behavior: FAILURE, when executed after: [randoop.jodatime.RandoopTest3.test161], The revealed different behavior: PASS, when executed after: [], Test: randoop.jodatime.RandoopTest3.test161, Intended behavior: FAILURE, when executed after: [randoop.jodatime.RandoopTest2.test493], The revealed different behavior: PASS, when executed after: [], Test: randoop.jodatime.RandoopTest3.test389, Intended behavior: FAILURE, when executed after: [randoop.jodatime.RandoopTest3.test383], The revealed different behavior: PASS, when executed after: [], Test: randoop.jodatime.RandoopTest3.test383, Intended behavior: FAILURE, when executed after: [randoop.jodatime.RandoopTest3.test347], The revealed different behavior: PASS, when executed after: [], Test: randoop.jodatime.RandoopTest3.test347, Intended behavior: FAILURE, when executed after: [randoop.jodatime.RandoopTest3.test345], The revealed different behavior: PASS, when executed after: [], Test: randoop.jodatime.RandoopTest3.test345, Intended behavior: FAILURE, when executed after: [randoop.jodatime.RandoopTest3.test316], The revealed different behavior: PASS, when executed after: [], Test: randoop.jodatime.RandoopTest3.test316, Intended behavior: FAILURE, when executed after: [randoop.jodatime.RandoopTest3.test315], The revealed different behavior: PASS, when executed after: [], Test: randoop.jodatime.RandoopTest3.test315, Intended behavior: FAILURE, when executed after: [randoop.jodatime.RandoopTest3.test195], The revealed different behavior: PASS, when executed after: [], Test: randoop.jodatime.RandoopTest3.test496, Intended behavior: FAILURE, when executed after: [randoop.jodatime.RandoopTest3.test467], The revealed different behavior: PASS, when executed after: [], Test: randoop.jodatime.RandoopTest3.test467, Intended behavior: FAILURE, when executed after: [randoop.jodatime.RandoopTest3.test389], The revealed different behavior: PASS, when executed after: [], Test: randoop.jodatime.RandoopTest4.test259, Intended behavior: FAILURE, when executed after: [randoop.jodatime.RandoopTest4.test221], The revealed different behavior: PASS, when executed after: [], Test: randoop.jodatime.RandoopTest4.test221, Intended behavior: FAILURE, when executed after: [randoop.jodatime.RandoopTest4.test13], The revealed different behavior: PASS, when executed after: [], Test: randoop.jodatime.RandoopTest4.test401, Intended behavior: FAILURE, when executed after: [randoop.jodatime.RandoopTest4.test259], The revealed different behavior: PASS, when executed after: [], Test: randoop.jodatime.RandoopTest4.test434, Intended behavior: FAILURE, when executed after: [randoop.jodatime.RandoopTest4.test401], The revealed different behavior: PASS, when executed after: [], Test: randoop.jodatime.RandoopTest4.test13, Intended behavior: FAILURE, when executed after: [randoop.jodatime.RandoopTest3.test496], The revealed different behavior: PASS, when executed after: [], Test: randoop.jodatime.RandoopTest2.test212, Intended behavior: FAILURE, when executed after: [randoop.jodatime.RandoopTest2.test77], The revealed different behavior: PASS, when executed after: [], Test: randoop.jodatime.RandoopTest2.test376, Intended behavior: FAILURE, when executed after: [randoop.jodatime.RandoopTest2.test254], The revealed different behavior: PASS, when executed after: []]
--------------------------
Execution time of TLG and its time to find/nullify any DTs for 1 machine (does not include the time to run the tests in the new order): 1.026
Number of tests selected out of total in original order: 148 / 2211
Number of DTs not fixed: 0
Number of DTs fixed: 0
Execution time for executing the following testing order: 0.876

Test order list:
[randoop.jodatime.RandoopTest2.test323, randoop.jodatime.RandoopTest2.test324, randoop.jodatime.RandoopTest2.test325, randoop.jodatime.RandoopTest2.test326, randoop.jodatime.RandoopTest2.test328, randoop.jodatime.RandoopTest2.test329, randoop.jodatime.RandoopTest2.test330, randoop.jodatime.RandoopTest2.test331, randoop.jodatime.RandoopTest2.test332, randoop.jodatime.RandoopTest2.test333, randoop.jodatime.RandoopTest2.test335, randoop.jodatime.RandoopTest2.test336, randoop.jodatime.RandoopTest2.test338, randoop.jodatime.RandoopTest2.test339, randoop.jodatime.RandoopTest2.test340, randoop.jodatime.RandoopTest2.test342, randoop.jodatime.RandoopTest2.test345, randoop.jodatime.RandoopTest2.test347, randoop.jodatime.RandoopTest2.test349, randoop.jodatime.RandoopTest2.test351, randoop.jodatime.RandoopTest2.test352, randoop.jodatime.RandoopTest2.test353, randoop.jodatime.RandoopTest2.test354, randoop.jodatime.RandoopTest2.test355, randoop.jodatime.RandoopTest0.test498, randoop.jodatime.RandoopTest1.test181, randoop.jodatime.RandoopTest1.test235, randoop.jodatime.RandoopTest2.test21, randoop.jodatime.RandoopTest2.test36, randoop.jodatime.RandoopTest2.test243, randoop.jodatime.RandoopTest2.test356, randoop.jodatime.RandoopTest2.test357, randoop.jodatime.RandoopTest2.test358, randoop.jodatime.RandoopTest2.test359, randoop.jodatime.RandoopTest2.test360, randoop.jodatime.RandoopTest2.test362, randoop.jodatime.RandoopTest2.test365, randoop.jodatime.RandoopTest2.test366, randoop.jodatime.RandoopTest2.test367, randoop.jodatime.RandoopTest2.test368, randoop.jodatime.RandoopTest2.test369, randoop.jodatime.RandoopTest2.test370, randoop.jodatime.RandoopTest2.test371, randoop.jodatime.RandoopTest2.test372, randoop.jodatime.RandoopTest2.test373, randoop.jodatime.RandoopTest2.test374, randoop.jodatime.RandoopTest2.test375, randoop.jodatime.RandoopTest1.test467, randoop.jodatime.RandoopTest2.test77, randoop.jodatime.RandoopTest2.test212, randoop.jodatime.RandoopTest2.test254, randoop.jodatime.RandoopTest2.test376, randoop.jodatime.RandoopTest2.test377, randoop.jodatime.RandoopTest2.test378, randoop.jodatime.RandoopTest2.test380, randoop.jodatime.RandoopTest2.test381, randoop.jodatime.RandoopTest2.test382, randoop.jodatime.RandoopTest2.test383, randoop.jodatime.RandoopTest2.test384, randoop.jodatime.RandoopTest2.test386, randoop.jodatime.RandoopTest2.test387, randoop.jodatime.RandoopTest2.test388, randoop.jodatime.RandoopTest2.test390, randoop.jodatime.RandoopTest2.test391, randoop.jodatime.RandoopTest2.test392, randoop.jodatime.RandoopTest2.test393, randoop.jodatime.RandoopTest2.test394, randoop.jodatime.RandoopTest2.test395, randoop.jodatime.RandoopTest2.test397, randoop.jodatime.RandoopTest2.test398, randoop.jodatime.RandoopTest2.test399, randoop.jodatime.RandoopTest2.test400, randoop.jodatime.RandoopTest2.test401, randoop.jodatime.RandoopTest2.test402, randoop.jodatime.RandoopTest2.test404, randoop.jodatime.RandoopTest2.test405, randoop.jodatime.RandoopTest2.test406, randoop.jodatime.RandoopTest2.test408, randoop.jodatime.RandoopTest2.test409, randoop.jodatime.RandoopTest2.test410, randoop.jodatime.RandoopTest2.test411, randoop.jodatime.RandoopTest2.test413, randoop.jodatime.RandoopTest2.test414, randoop.jodatime.RandoopTest2.test415, randoop.jodatime.RandoopTest2.test416, randoop.jodatime.RandoopTest2.test417, randoop.jodatime.RandoopTest2.test418, randoop.jodatime.RandoopTest2.test419, randoop.jodatime.RandoopTest2.test420, randoop.jodatime.RandoopTest2.test421, randoop.jodatime.RandoopTest2.test422, randoop.jodatime.RandoopTest2.test424, randoop.jodatime.RandoopTest2.test426, randoop.jodatime.RandoopTest2.test427, randoop.jodatime.RandoopTest2.test428, randoop.jodatime.RandoopTest2.test429, randoop.jodatime.RandoopTest2.test430, randoop.jodatime.RandoopTest2.test431, randoop.jodatime.RandoopTest2.test432, randoop.jodatime.RandoopTest2.test433, randoop.jodatime.RandoopTest2.test434, randoop.jodatime.RandoopTest2.test435, randoop.jodatime.RandoopTest2.test436, randoop.jodatime.RandoopTest2.test437, randoop.jodatime.RandoopTest2.test438, randoop.jodatime.RandoopTest2.test439, randoop.jodatime.RandoopTest2.test440, randoop.jodatime.RandoopTest2.test441, randoop.jodatime.RandoopTest2.test442, randoop.jodatime.RandoopTest2.test443, randoop.jodatime.RandoopTest2.test444, randoop.jodatime.RandoopTest2.test445, randoop.jodatime.RandoopTest2.test446, randoop.jodatime.RandoopTest2.test449, randoop.jodatime.RandoopTest2.test450, randoop.jodatime.RandoopTest2.test453, randoop.jodatime.RandoopTest2.test454, randoop.jodatime.RandoopTest2.test455, randoop.jodatime.RandoopTest2.test456, randoop.jodatime.RandoopTest2.test457, randoop.jodatime.RandoopTest2.test458, randoop.jodatime.RandoopTest2.test459, randoop.jodatime.RandoopTest2.test460, randoop.jodatime.RandoopTest2.test461, randoop.jodatime.RandoopTest2.test464, randoop.jodatime.RandoopTest2.test465, randoop.jodatime.RandoopTest2.test466, randoop.jodatime.RandoopTest2.test467, randoop.jodatime.RandoopTest2.test468, randoop.jodatime.RandoopTest2.test469, randoop.jodatime.RandoopTest2.test470, randoop.jodatime.RandoopTest2.test471, randoop.jodatime.RandoopTest2.test472, randoop.jodatime.RandoopTest2.test473, randoop.jodatime.RandoopTest2.test474, randoop.jodatime.RandoopTest2.test475, randoop.jodatime.RandoopTest2.test476, randoop.jodatime.RandoopTest2.test478, randoop.jodatime.RandoopTest2.test480, randoop.jodatime.RandoopTest2.test481, randoop.jodatime.RandoopTest2.test482, randoop.jodatime.RandoopTest2.test483, randoop.jodatime.RandoopTest2.test484, randoop.jodatime.RandoopTest2.test486, randoop.jodatime.RandoopTest2.test487, randoop.jodatime.RandoopTest2.test489, randoop.jodatime.RandoopTest2.test490, randoop.jodatime.RandoopTest2.test491]

Time each test takes to run in the new order:
[118809613, 28955652, 30847445, 27344918, 22763365, 16470957, 11200093, 11159656, 12089529, 9508250, 65780323, 7408585, 7752589, 7377057, 8180978, 11130839, 7726763, 8341549, 6854491, 7108954, 6888869, 7610118, 6207047, 5267951, 8925148, 9801687, 9130699, 8549868, 8384013, 8439189, 8451859, 9242607, 7908112, 9299457, 8659905, 7779345, 4293924, 4354394, 4850546, 4088779, 3368534, 4026507, 3872167, 4330206, 9416634, 4706071, 3092815, 3317878, 2994958, 4018475, 3144614, 3350824, 2903156, 3187927, 3580139, 3507739, 5451757, 3257509, 3308269, 2953954, 2863503, 3162344, 2764909, 2757250, 2908426, 3683321, 3090147, 2527094, 2444939, 2659027, 2563118, 2771992, 2793216, 2461729, 2752884, 2578580, 2759906, 2231770, 5552662, 2239456, 2618348, 2474989, 2263905, 3631470, 2519535, 2152573, 4795107, 2389839, 2095405, 2447521, 2059995, 2755489, 2216467, 2069052, 2094117, 2355415, 2051645, 2360888, 2283562, 2658243, 2693156, 2348344, 2204281, 2009574, 2234120, 2233194, 2265349, 2244607, 2490805, 2306318, 2466571, 2507214, 2438526, 2025082, 2199736, 2455212, 2456827, 2082109, 2198010, 3001026, 2077424, 5392946, 2188759, 2079141, 2275129, 2088707, 2212851, 2091712, 2099932, 2041377, 2107699, 2215463, 5139962, 2174089, 2186958, 2366247, 2144996, 2129635, 3005402, 2252734, 2120880, 2056580, 2860948, 2166601, 2327638, 2139129, 2135723, 2081973]

Dependent test list:
[Test: randoop.jodatime.RandoopTest0.test196, Intended behavior: FAILURE, when executed after: [randoop.jodatime.RandoopTest0.test192], The revealed different behavior: PASS, when executed after: [], Test: randoop.jodatime.RandoopTest0.test192, Intended behavior: FAILURE, when executed after: [randoop.jodatime.RandoopTest0.test165], The revealed different behavior: PASS, when executed after: [], Test: randoop.jodatime.RandoopTest0.test165, Intended behavior: FAILURE, when executed after: [randoop.jodatime.RandoopTest0.test135], The revealed different behavior: PASS, when executed after: [], Test: randoop.jodatime.RandoopTest0.test360, Intended behavior: FAILURE, when executed after: [randoop.jodatime.RandoopTest0.test338], The revealed different behavior: PASS, when executed after: [], Test: randoop.jodatime.RandoopTest0.test338, Intended behavior: FAILURE, when executed after: [randoop.jodatime.RandoopTest0.test325], The revealed different behavior: PASS, when executed after: [], Test: randoop.jodatime.RandoopTest0.test325, Intended behavior: FAILURE, when executed after: [randoop.jodatime.RandoopTest0.test196], The revealed different behavior: PASS, when executed after: [], Test: randoop.jodatime.RandoopTest1.test235, Intended behavior: FAILURE, when executed after: [randoop.jodatime.RandoopTest1.test181], The revealed different behavior: PASS, when executed after: [], Test: randoop.jodatime.RandoopTest1.test181, Intended behavior: FAILURE, when executed after: [randoop.jodatime.RandoopTest0.test498], The revealed different behavior: PASS, when executed after: [], Test: randoop.jodatime.RandoopTest2.test36, Intended behavior: FAILURE, when executed after: [randoop.jodatime.RandoopTest2.test21], The revealed different behavior: PASS, when executed after: [], Test: randoop.jodatime.RandoopTest2.test77, Intended behavior: FAILURE, when executed after: [randoop.jodatime.RandoopTest1.test467], The revealed different behavior: PASS, when executed after: [], Test: randoop.jodatime.RandoopTest2.test21, Intended behavior: FAILURE, when executed after: [randoop.jodatime.RandoopTest1.test235], The revealed different behavior: PASS, when executed after: [], Test: randoop.jodatime.RandoopTest2.test254, Intended behavior: FAILURE, when executed after: [randoop.jodatime.RandoopTest2.test212], The revealed different behavior: PASS, when executed after: [], Test: randoop.jodatime.RandoopTest2.test243, Intended behavior: FAILURE, when executed after: [randoop.jodatime.RandoopTest2.test36], The revealed different behavior: PASS, when executed after: [], Test: randoop.jodatime.RandoopTest2.test490, Intended behavior: FAILURE, when executed after: [randoop.jodatime.RandoopTest2.test487], The revealed different behavior: PASS, when executed after: [], Test: randoop.jodatime.RandoopTest2.test487, Intended behavior: FAILURE, when executed after: [randoop.jodatime.RandoopTest2.test356], The revealed different behavior: PASS, when executed after: [], Test: randoop.jodatime.RandoopTest2.test356, Intended behavior: FAILURE, when executed after: [randoop.jodatime.RandoopTest2.test243], The revealed different behavior: PASS, when executed after: [], Test: randoop.jodatime.RandoopTest2.test474, Intended behavior: FAILURE, when executed after: [randoop.jodatime.RandoopTest2.test376], The revealed different behavior: PASS, when executed after: [], Test: randoop.jodatime.RandoopTest2.test493, Intended behavior: FAILURE, when executed after: [randoop.jodatime.RandoopTest2.test490], The revealed different behavior: PASS, when executed after: [], Test: randoop.jodatime.RandoopTest3.test195, Intended behavior: FAILURE, when executed after: [randoop.jodatime.RandoopTest3.test193], The revealed different behavior: PASS, when executed after: [], Test: randoop.jodatime.RandoopTest3.test193, Intended behavior: FAILURE, when executed after: [randoop.jodatime.RandoopTest3.test189], The revealed different behavior: PASS, when executed after: [], Test: randoop.jodatime.RandoopTest3.test189, Intended behavior: FAILURE, when executed after: [randoop.jodatime.RandoopTest3.test185], The revealed different behavior: PASS, when executed after: [], Test: randoop.jodatime.RandoopTest3.test185, Intended behavior: FAILURE, when executed after: [randoop.jodatime.RandoopTest3.test161], The revealed different behavior: PASS, when executed after: [], Test: randoop.jodatime.RandoopTest3.test161, Intended behavior: FAILURE, when executed after: [randoop.jodatime.RandoopTest2.test493], The revealed different behavior: PASS, when executed after: [], Test: randoop.jodatime.RandoopTest3.test389, Intended behavior: FAILURE, when executed after: [randoop.jodatime.RandoopTest3.test383], The revealed different behavior: PASS, when executed after: [], Test: randoop.jodatime.RandoopTest3.test383, Intended behavior: FAILURE, when executed after: [randoop.jodatime.RandoopTest3.test347], The revealed different behavior: PASS, when executed after: [], Test: randoop.jodatime.RandoopTest3.test347, Intended behavior: FAILURE, when executed after: [randoop.jodatime.RandoopTest3.test345], The revealed different behavior: PASS, when executed after: [], Test: randoop.jodatime.RandoopTest3.test345, Intended behavior: FAILURE, when executed after: [randoop.jodatime.RandoopTest3.test316], The revealed different behavior: PASS, when executed after: [], Test: randoop.jodatime.RandoopTest3.test316, Intended behavior: FAILURE, when executed after: [randoop.jodatime.RandoopTest3.test315], The revealed different behavior: PASS, when executed after: [], Test: randoop.jodatime.RandoopTest3.test315, Intended behavior: FAILURE, when executed after: [randoop.jodatime.RandoopTest3.test195], The revealed different behavior: PASS, when executed after: [], Test: randoop.jodatime.RandoopTest3.test496, Intended behavior: FAILURE, when executed after: [randoop.jodatime.RandoopTest3.test467], The revealed different behavior: PASS, when executed after: [], Test: randoop.jodatime.RandoopTest3.test467, Intended behavior: FAILURE, when executed after: [randoop.jodatime.RandoopTest3.test389], The revealed different behavior: PASS, when executed after: [], Test: randoop.jodatime.RandoopTest4.test259, Intended behavior: FAILURE, when executed after: [randoop.jodatime.RandoopTest4.test221], The revealed different behavior: PASS, when executed after: [], Test: randoop.jodatime.RandoopTest4.test221, Intended behavior: FAILURE, when executed after: [randoop.jodatime.RandoopTest4.test13], The revealed different behavior: PASS, when executed after: [], Test: randoop.jodatime.RandoopTest4.test401, Intended behavior: FAILURE, when executed after: [randoop.jodatime.RandoopTest4.test259], The revealed different behavior: PASS, when executed after: [], Test: randoop.jodatime.RandoopTest4.test434, Intended behavior: FAILURE, when executed after: [randoop.jodatime.RandoopTest4.test401], The revealed different behavior: PASS, when executed after: [], Test: randoop.jodatime.RandoopTest4.test13, Intended behavior: FAILURE, when executed after: [randoop.jodatime.RandoopTest3.test496], The revealed different behavior: PASS, when executed after: [], Test: randoop.jodatime.RandoopTest2.test212, Intended behavior: FAILURE, when executed after: [randoop.jodatime.RandoopTest2.test77], The revealed different behavior: PASS, when executed after: [], Test: randoop.jodatime.RandoopTest2.test376, Intended behavior: FAILURE, when executed after: [randoop.jodatime.RandoopTest2.test254], The revealed different behavior: PASS, when executed after: []]
--------------------------
Execution time of TLG and its time to find/nullify any DTs for 1 machine (does not include the time to run the tests in the new order): 1.259
Number of tests selected out of total in original order: 147 / 2211
Number of DTs not fixed: 0
Number of DTs fixed: 0
Execution time for executing the following testing order: 1.126

Test order list:
[randoop.jodatime.RandoopTest0.test498, randoop.jodatime.RandoopTest1.test181, randoop.jodatime.RandoopTest1.test235, randoop.jodatime.RandoopTest2.test21, randoop.jodatime.RandoopTest2.test36, randoop.jodatime.RandoopTest2.test243, randoop.jodatime.RandoopTest2.test356, randoop.jodatime.RandoopTest2.test487, randoop.jodatime.RandoopTest2.test490, randoop.jodatime.RandoopTest2.test493, randoop.jodatime.RandoopTest2.test494, randoop.jodatime.RandoopTest2.test495, randoop.jodatime.RandoopTest2.test497, randoop.jodatime.RandoopTest2.test498, randoop.jodatime.RandoopTest2.test500, randoop.jodatime.RandoopTest3.test1, randoop.jodatime.RandoopTest3.test3, randoop.jodatime.RandoopTest3.test5, randoop.jodatime.RandoopTest3.test7, randoop.jodatime.RandoopTest3.test8, randoop.jodatime.RandoopTest3.test9, randoop.jodatime.RandoopTest3.test10, randoop.jodatime.RandoopTest3.test11, randoop.jodatime.RandoopTest3.test12, randoop.jodatime.RandoopTest3.test13, randoop.jodatime.RandoopTest3.test14, randoop.jodatime.RandoopTest3.test15, randoop.jodatime.RandoopTest3.test16, randoop.jodatime.RandoopTest3.test17, randoop.jodatime.RandoopTest3.test18, randoop.jodatime.RandoopTest3.test20, randoop.jodatime.RandoopTest3.test21, randoop.jodatime.RandoopTest3.test22, randoop.jodatime.RandoopTest3.test23, randoop.jodatime.RandoopTest3.test24, randoop.jodatime.RandoopTest3.test25, randoop.jodatime.RandoopTest3.test26, randoop.jodatime.RandoopTest3.test27, randoop.jodatime.RandoopTest3.test28, randoop.jodatime.RandoopTest3.test29, randoop.jodatime.RandoopTest3.test30, randoop.jodatime.RandoopTest3.test31, randoop.jodatime.RandoopTest3.test32, randoop.jodatime.RandoopTest3.test33, randoop.jodatime.RandoopTest3.test34, randoop.jodatime.RandoopTest3.test35, randoop.jodatime.RandoopTest3.test36, randoop.jodatime.RandoopTest3.test37, randoop.jodatime.RandoopTest3.test38, randoop.jodatime.RandoopTest3.test39, randoop.jodatime.RandoopTest3.test40, randoop.jodatime.RandoopTest3.test41, randoop.jodatime.RandoopTest3.test42, randoop.jodatime.RandoopTest3.test43, randoop.jodatime.RandoopTest3.test44, randoop.jodatime.RandoopTest3.test45, randoop.jodatime.RandoopTest3.test46, randoop.jodatime.RandoopTest3.test48, randoop.jodatime.RandoopTest3.test49, randoop.jodatime.RandoopTest3.test50, randoop.jodatime.RandoopTest3.test52, randoop.jodatime.RandoopTest3.test53, randoop.jodatime.RandoopTest3.test54, randoop.jodatime.RandoopTest3.test55, randoop.jodatime.RandoopTest3.test56, randoop.jodatime.RandoopTest3.test57, randoop.jodatime.RandoopTest3.test58, randoop.jodatime.RandoopTest3.test59, randoop.jodatime.RandoopTest3.test60, randoop.jodatime.RandoopTest3.test61, randoop.jodatime.RandoopTest3.test62, randoop.jodatime.RandoopTest3.test64, randoop.jodatime.RandoopTest3.test65, randoop.jodatime.RandoopTest3.test66, randoop.jodatime.RandoopTest3.test68, randoop.jodatime.RandoopTest3.test71, randoop.jodatime.RandoopTest3.test73, randoop.jodatime.RandoopTest3.test75, randoop.jodatime.RandoopTest3.test78, randoop.jodatime.RandoopTest3.test79, randoop.jodatime.RandoopTest3.test80, randoop.jodatime.RandoopTest3.test81, randoop.jodatime.RandoopTest3.test82, randoop.jodatime.RandoopTest3.test83, randoop.jodatime.RandoopTest3.test84, randoop.jodatime.RandoopTest3.test85, randoop.jodatime.RandoopTest3.test86, randoop.jodatime.RandoopTest3.test87, randoop.jodatime.RandoopTest3.test88, randoop.jodatime.RandoopTest3.test89, randoop.jodatime.RandoopTest3.test90, randoop.jodatime.RandoopTest3.test91, randoop.jodatime.RandoopTest3.test92, randoop.jodatime.RandoopTest3.test94, randoop.jodatime.RandoopTest3.test95, randoop.jodatime.RandoopTest3.test96, randoop.jodatime.RandoopTest3.test98, randoop.jodatime.RandoopTest3.test99, randoop.jodatime.RandoopTest3.test100, randoop.jodatime.RandoopTest3.test102, randoop.jodatime.RandoopTest3.test103, randoop.jodatime.RandoopTest3.test104, randoop.jodatime.RandoopTest3.test105, randoop.jodatime.RandoopTest3.test106, randoop.jodatime.RandoopTest3.test107, randoop.jodatime.RandoopTest3.test108, randoop.jodatime.RandoopTest3.test109, randoop.jodatime.RandoopTest3.test112, randoop.jodatime.RandoopTest3.test113, randoop.jodatime.RandoopTest3.test114, randoop.jodatime.RandoopTest3.test115, randoop.jodatime.RandoopTest3.test116, randoop.jodatime.RandoopTest3.test118, randoop.jodatime.RandoopTest3.test119, randoop.jodatime.RandoopTest3.test120, randoop.jodatime.RandoopTest3.test121, randoop.jodatime.RandoopTest3.test122, randoop.jodatime.RandoopTest3.test124, randoop.jodatime.RandoopTest3.test125, randoop.jodatime.RandoopTest3.test128, randoop.jodatime.RandoopTest3.test129, randoop.jodatime.RandoopTest3.test130, randoop.jodatime.RandoopTest3.test132, randoop.jodatime.RandoopTest3.test133, randoop.jodatime.RandoopTest3.test134, randoop.jodatime.RandoopTest3.test135, randoop.jodatime.RandoopTest3.test136, randoop.jodatime.RandoopTest3.test137, randoop.jodatime.RandoopTest3.test138, randoop.jodatime.RandoopTest3.test139, randoop.jodatime.RandoopTest3.test140, randoop.jodatime.RandoopTest3.test141, randoop.jodatime.RandoopTest3.test142, randoop.jodatime.RandoopTest3.test143, randoop.jodatime.RandoopTest3.test144, randoop.jodatime.RandoopTest3.test145, randoop.jodatime.RandoopTest3.test146, randoop.jodatime.RandoopTest3.test148, randoop.jodatime.RandoopTest3.test149, randoop.jodatime.RandoopTest3.test150, randoop.jodatime.RandoopTest3.test151, randoop.jodatime.RandoopTest3.test152, randoop.jodatime.RandoopTest3.test153, randoop.jodatime.RandoopTest3.test154, randoop.jodatime.RandoopTest3.test157, randoop.jodatime.RandoopTest3.test158, randoop.jodatime.RandoopTest3.test159]

Time each test takes to run in the new order:
[123008567, 32056700, 23445274, 22476381, 19148480, 17653083, 11414199, 10489965, 13824339, 16239406, 8604645, 8030929, 7670232, 9423595, 10750543, 16238109, 8313744, 7701813, 8693181, 8979592, 8739694, 6971281, 7728401, 6946389, 7305744, 9658901, 9704866, 10314178, 9613650, 9770143, 9595372, 10414636, 6918892, 7261075, 12541308, 9758382, 13773079, 12969327, 14386283, 13862579, 13483520, 13675816, 14214215, 14174785, 14531610, 12863721, 12997513, 13379970, 14388827, 13280022, 13679226, 13057615, 13641426, 13159015, 13262180, 13096869, 8834111, 9090002, 4355444, 3593779, 3881233, 3530196, 4549425, 3608071, 3666677, 3634635, 3762056, 4103167, 3545202, 3593636, 3489265, 3641104, 3904789, 3500775, 3873280, 3497037, 3627663, 6402078, 3991604, 3574976, 3355141, 3606956, 3519632, 3404233, 3837596, 3894239, 3465377, 3779159, 3526091, 3536929, 5597846, 3721193, 3764225, 3464845, 3565161, 3571369, 3889166, 3672829, 3551382, 5632934, 3320720, 3373622, 3051948, 3105668, 2959979, 3258057, 2891545, 2920373, 3021311, 2962929, 2959169, 3108150, 2961100, 2938283, 3210341, 3080831, 2902808, 2894112, 2948492, 3392762, 3133114, 6065207, 3474020, 2982600, 3100366, 2973866, 2952505, 2897386, 3029313, 2974213, 3605171, 3059363, 3129966, 2940528, 3050115, 2918231, 2869954, 3156574, 2841726, 3058561, 3305473, 3069249, 2808932, 2857105, 2988259, 3280105, 2961568]

Dependent test list:
[Test: randoop.jodatime.RandoopTest0.test196, Intended behavior: FAILURE, when executed after: [randoop.jodatime.RandoopTest0.test192], The revealed different behavior: PASS, when executed after: [], Test: randoop.jodatime.RandoopTest0.test192, Intended behavior: FAILURE, when executed after: [randoop.jodatime.RandoopTest0.test165], The revealed different behavior: PASS, when executed after: [], Test: randoop.jodatime.RandoopTest0.test165, Intended behavior: FAILURE, when executed after: [randoop.jodatime.RandoopTest0.test135], The revealed different behavior: PASS, when executed after: [], Test: randoop.jodatime.RandoopTest0.test360, Intended behavior: FAILURE, when executed after: [randoop.jodatime.RandoopTest0.test338], The revealed different behavior: PASS, when executed after: [], Test: randoop.jodatime.RandoopTest0.test338, Intended behavior: FAILURE, when executed after: [randoop.jodatime.RandoopTest0.test325], The revealed different behavior: PASS, when executed after: [], Test: randoop.jodatime.RandoopTest0.test325, Intended behavior: FAILURE, when executed after: [randoop.jodatime.RandoopTest0.test196], The revealed different behavior: PASS, when executed after: [], Test: randoop.jodatime.RandoopTest1.test235, Intended behavior: FAILURE, when executed after: [randoop.jodatime.RandoopTest1.test181], The revealed different behavior: PASS, when executed after: [], Test: randoop.jodatime.RandoopTest1.test181, Intended behavior: FAILURE, when executed after: [randoop.jodatime.RandoopTest0.test498], The revealed different behavior: PASS, when executed after: [], Test: randoop.jodatime.RandoopTest2.test36, Intended behavior: FAILURE, when executed after: [randoop.jodatime.RandoopTest2.test21], The revealed different behavior: PASS, when executed after: [], Test: randoop.jodatime.RandoopTest2.test77, Intended behavior: FAILURE, when executed after: [randoop.jodatime.RandoopTest1.test467], The revealed different behavior: PASS, when executed after: [], Test: randoop.jodatime.RandoopTest2.test21, Intended behavior: FAILURE, when executed after: [randoop.jodatime.RandoopTest1.test235], The revealed different behavior: PASS, when executed after: [], Test: randoop.jodatime.RandoopTest2.test254, Intended behavior: FAILURE, when executed after: [randoop.jodatime.RandoopTest2.test212], The revealed different behavior: PASS, when executed after: [], Test: randoop.jodatime.RandoopTest2.test243, Intended behavior: FAILURE, when executed after: [randoop.jodatime.RandoopTest2.test36], The revealed different behavior: PASS, when executed after: [], Test: randoop.jodatime.RandoopTest2.test490, Intended behavior: FAILURE, when executed after: [randoop.jodatime.RandoopTest2.test487], The revealed different behavior: PASS, when executed after: [], Test: randoop.jodatime.RandoopTest2.test487, Intended behavior: FAILURE, when executed after: [randoop.jodatime.RandoopTest2.test356], The revealed different behavior: PASS, when executed after: [], Test: randoop.jodatime.RandoopTest2.test356, Intended behavior: FAILURE, when executed after: [randoop.jodatime.RandoopTest2.test243], The revealed different behavior: PASS, when executed after: [], Test: randoop.jodatime.RandoopTest2.test474, Intended behavior: FAILURE, when executed after: [randoop.jodatime.RandoopTest2.test376], The revealed different behavior: PASS, when executed after: [], Test: randoop.jodatime.RandoopTest2.test493, Intended behavior: FAILURE, when executed after: [randoop.jodatime.RandoopTest2.test490], The revealed different behavior: PASS, when executed after: [], Test: randoop.jodatime.RandoopTest3.test195, Intended behavior: FAILURE, when executed after: [randoop.jodatime.RandoopTest3.test193], The revealed different behavior: PASS, when executed after: [], Test: randoop.jodatime.RandoopTest3.test193, Intended behavior: FAILURE, when executed after: [randoop.jodatime.RandoopTest3.test189], The revealed different behavior: PASS, when executed after: [], Test: randoop.jodatime.RandoopTest3.test189, Intended behavior: FAILURE, when executed after: [randoop.jodatime.RandoopTest3.test185], The revealed different behavior: PASS, when executed after: [], Test: randoop.jodatime.RandoopTest3.test185, Intended behavior: FAILURE, when executed after: [randoop.jodatime.RandoopTest3.test161], The revealed different behavior: PASS, when executed after: [], Test: randoop.jodatime.RandoopTest3.test161, Intended behavior: FAILURE, when executed after: [randoop.jodatime.RandoopTest2.test493], The revealed different behavior: PASS, when executed after: [], Test: randoop.jodatime.RandoopTest3.test389, Intended behavior: FAILURE, when executed after: [randoop.jodatime.RandoopTest3.test383], The revealed different behavior: PASS, when executed after: [], Test: randoop.jodatime.RandoopTest3.test383, Intended behavior: FAILURE, when executed after: [randoop.jodatime.RandoopTest3.test347], The revealed different behavior: PASS, when executed after: [], Test: randoop.jodatime.RandoopTest3.test347, Intended behavior: FAILURE, when executed after: [randoop.jodatime.RandoopTest3.test345], The revealed different behavior: PASS, when executed after: [], Test: randoop.jodatime.RandoopTest3.test345, Intended behavior: FAILURE, when executed after: [randoop.jodatime.RandoopTest3.test316], The revealed different behavior: PASS, when executed after: [], Test: randoop.jodatime.RandoopTest3.test316, Intended behavior: FAILURE, when executed after: [randoop.jodatime.RandoopTest3.test315], The revealed different behavior: PASS, when executed after: [], Test: randoop.jodatime.RandoopTest3.test315, Intended behavior: FAILURE, when executed after: [randoop.jodatime.RandoopTest3.test195], The revealed different behavior: PASS, when executed after: [], Test: randoop.jodatime.RandoopTest3.test496, Intended behavior: FAILURE, when executed after: [randoop.jodatime.RandoopTest3.test467], The revealed different behavior: PASS, when executed after: [], Test: randoop.jodatime.RandoopTest3.test467, Intended behavior: FAILURE, when executed after: [randoop.jodatime.RandoopTest3.test389], The revealed different behavior: PASS, when executed after: [], Test: randoop.jodatime.RandoopTest4.test259, Intended behavior: FAILURE, when executed after: [randoop.jodatime.RandoopTest4.test221], The revealed different behavior: PASS, when executed after: [], Test: randoop.jodatime.RandoopTest4.test221, Intended behavior: FAILURE, when executed after: [randoop.jodatime.RandoopTest4.test13], The revealed different behavior: PASS, when executed after: [], Test: randoop.jodatime.RandoopTest4.test401, Intended behavior: FAILURE, when executed after: [randoop.jodatime.RandoopTest4.test259], The revealed different behavior: PASS, when executed after: [], Test: randoop.jodatime.RandoopTest4.test434, Intended behavior: FAILURE, when executed after: [randoop.jodatime.RandoopTest4.test401], The revealed different behavior: PASS, when executed after: [], Test: randoop.jodatime.RandoopTest4.test13, Intended behavior: FAILURE, when executed after: [randoop.jodatime.RandoopTest3.test496], The revealed different behavior: PASS, when executed after: [], Test: randoop.jodatime.RandoopTest2.test212, Intended behavior: FAILURE, when executed after: [randoop.jodatime.RandoopTest2.test77], The revealed different behavior: PASS, when executed after: [], Test: randoop.jodatime.RandoopTest2.test376, Intended behavior: FAILURE, when executed after: [randoop.jodatime.RandoopTest2.test254], The revealed different behavior: PASS, when executed after: []]
--------------------------
Execution time of TLG and its time to find/nullify any DTs for 1 machine (does not include the time to run the tests in the new order): 0.971
Number of tests selected out of total in original order: 148 / 2211
Number of DTs not fixed: 0
Number of DTs fixed: 0
Execution time for executing the following testing order: 0.795

Test order list:
[randoop.jodatime.RandoopTest0.test498, randoop.jodatime.RandoopTest1.test181, randoop.jodatime.RandoopTest1.test235, randoop.jodatime.RandoopTest2.test21, randoop.jodatime.RandoopTest2.test36, randoop.jodatime.RandoopTest2.test243, randoop.jodatime.RandoopTest2.test356, randoop.jodatime.RandoopTest2.test487, randoop.jodatime.RandoopTest2.test490, randoop.jodatime.RandoopTest2.test493, randoop.jodatime.RandoopTest3.test161, randoop.jodatime.RandoopTest3.test162, randoop.jodatime.RandoopTest3.test163, randoop.jodatime.RandoopTest3.test164, randoop.jodatime.RandoopTest3.test165, randoop.jodatime.RandoopTest3.test166, randoop.jodatime.RandoopTest3.test167, randoop.jodatime.RandoopTest3.test168, randoop.jodatime.RandoopTest3.test169, randoop.jodatime.RandoopTest3.test170, randoop.jodatime.RandoopTest3.test171, randoop.jodatime.RandoopTest3.test172, randoop.jodatime.RandoopTest3.test173, randoop.jodatime.RandoopTest3.test174, randoop.jodatime.RandoopTest3.test175, randoop.jodatime.RandoopTest3.test176, randoop.jodatime.RandoopTest3.test177, randoop.jodatime.RandoopTest3.test178, randoop.jodatime.RandoopTest3.test179, randoop.jodatime.RandoopTest3.test180, randoop.jodatime.RandoopTest3.test181, randoop.jodatime.RandoopTest3.test182, randoop.jodatime.RandoopTest3.test183, randoop.jodatime.RandoopTest3.test184, randoop.jodatime.RandoopTest3.test185, randoop.jodatime.RandoopTest3.test186, randoop.jodatime.RandoopTest3.test187, randoop.jodatime.RandoopTest3.test188, randoop.jodatime.RandoopTest3.test189, randoop.jodatime.RandoopTest3.test190, randoop.jodatime.RandoopTest3.test191, randoop.jodatime.RandoopTest3.test192, randoop.jodatime.RandoopTest3.test193, randoop.jodatime.RandoopTest3.test194, randoop.jodatime.RandoopTest3.test195, randoop.jodatime.RandoopTest3.test196, randoop.jodatime.RandoopTest3.test197, randoop.jodatime.RandoopTest3.test198, randoop.jodatime.RandoopTest3.test199, randoop.jodatime.RandoopTest3.test200, randoop.jodatime.RandoopTest3.test201, randoop.jodatime.RandoopTest3.test202, randoop.jodatime.RandoopTest3.test204, randoop.jodatime.RandoopTest3.test205, randoop.jodatime.RandoopTest3.test206, randoop.jodatime.RandoopTest3.test208, randoop.jodatime.RandoopTest3.test209, randoop.jodatime.RandoopTest3.test210, randoop.jodatime.RandoopTest3.test211, randoop.jodatime.RandoopTest3.test212, randoop.jodatime.RandoopTest3.test213, randoop.jodatime.RandoopTest3.test215, randoop.jodatime.RandoopTest3.test216, randoop.jodatime.RandoopTest3.test217, randoop.jodatime.RandoopTest3.test218, randoop.jodatime.RandoopTest3.test219, randoop.jodatime.RandoopTest3.test220, randoop.jodatime.RandoopTest3.test221, randoop.jodatime.RandoopTest3.test222, randoop.jodatime.RandoopTest3.test223, randoop.jodatime.RandoopTest3.test224, randoop.jodatime.RandoopTest3.test225, randoop.jodatime.RandoopTest3.test226, randoop.jodatime.RandoopTest3.test228, randoop.jodatime.RandoopTest3.test231, randoop.jodatime.RandoopTest3.test232, randoop.jodatime.RandoopTest3.test233, randoop.jodatime.RandoopTest3.test234, randoop.jodatime.RandoopTest3.test235, randoop.jodatime.RandoopTest3.test236, randoop.jodatime.RandoopTest3.test237, randoop.jodatime.RandoopTest3.test238, randoop.jodatime.RandoopTest3.test239, randoop.jodatime.RandoopTest3.test240, randoop.jodatime.RandoopTest3.test241, randoop.jodatime.RandoopTest3.test242, randoop.jodatime.RandoopTest3.test243, randoop.jodatime.RandoopTest3.test244, randoop.jodatime.RandoopTest3.test245, randoop.jodatime.RandoopTest3.test246, randoop.jodatime.RandoopTest3.test247, randoop.jodatime.RandoopTest3.test248, randoop.jodatime.RandoopTest3.test249, randoop.jodatime.RandoopTest3.test250, randoop.jodatime.RandoopTest3.test252, randoop.jodatime.RandoopTest3.test254, randoop.jodatime.RandoopTest3.test255, randoop.jodatime.RandoopTest3.test256, randoop.jodatime.RandoopTest3.test257, randoop.jodatime.RandoopTest3.test258, randoop.jodatime.RandoopTest3.test259, randoop.jodatime.RandoopTest3.test261, randoop.jodatime.RandoopTest3.test262, randoop.jodatime.RandoopTest3.test263, randoop.jodatime.RandoopTest3.test264, randoop.jodatime.RandoopTest3.test265, randoop.jodatime.RandoopTest3.test266, randoop.jodatime.RandoopTest3.test268, randoop.jodatime.RandoopTest3.test269, randoop.jodatime.RandoopTest3.test270, randoop.jodatime.RandoopTest3.test271, randoop.jodatime.RandoopTest3.test272, randoop.jodatime.RandoopTest3.test273, randoop.jodatime.RandoopTest3.test274, randoop.jodatime.RandoopTest3.test275, randoop.jodatime.RandoopTest3.test277, randoop.jodatime.RandoopTest3.test278, randoop.jodatime.RandoopTest3.test279, randoop.jodatime.RandoopTest3.test280, randoop.jodatime.RandoopTest3.test281, randoop.jodatime.RandoopTest3.test282, randoop.jodatime.RandoopTest3.test283, randoop.jodatime.RandoopTest3.test284, randoop.jodatime.RandoopTest3.test285, randoop.jodatime.RandoopTest3.test286, randoop.jodatime.RandoopTest3.test287, randoop.jodatime.RandoopTest3.test288, randoop.jodatime.RandoopTest3.test291, randoop.jodatime.RandoopTest3.test292, randoop.jodatime.RandoopTest3.test293, randoop.jodatime.RandoopTest3.test294, randoop.jodatime.RandoopTest3.test295, randoop.jodatime.RandoopTest3.test296, randoop.jodatime.RandoopTest3.test297, randoop.jodatime.RandoopTest3.test298, randoop.jodatime.RandoopTest3.test299, randoop.jodatime.RandoopTest3.test300, randoop.jodatime.RandoopTest3.test301, randoop.jodatime.RandoopTest3.test302, randoop.jodatime.RandoopTest3.test303, randoop.jodatime.RandoopTest3.test304, randoop.jodatime.RandoopTest3.test306, randoop.jodatime.RandoopTest3.test307, randoop.jodatime.RandoopTest3.test308, randoop.jodatime.RandoopTest3.test309, randoop.jodatime.RandoopTest3.test310, randoop.jodatime.RandoopTest3.test312, randoop.jodatime.RandoopTest3.test313]

Time each test takes to run in the new order:
[122808775, 32274089, 23564710, 22575482, 19264441, 17862979, 11493339, 10500472, 13748321, 16087172, 11668925, 10650010, 12752501, 12158849, 10531406, 10584693, 8767691, 9082986, 8048734, 8248894, 8451513, 8047910, 7224442, 6863669, 6740704, 7048915, 6910448, 6410225, 6375899, 6661780, 6353301, 7647389, 6395421, 7200584, 10061039, 6616654, 6493370, 5353151, 4764646, 4656130, 4364050, 6263260, 3963844, 3392195, 3297042, 3429285, 3161546, 2763808, 4201645, 2628878, 2592305, 2495829, 2758934, 2713522, 4178720, 2539516, 4884378, 2215260, 2202376, 2187144, 2163121, 2150419, 2255553, 2672452, 2174386, 2203748, 2278364, 2417731, 2150413, 2261786, 2182958, 2083223, 2118017, 2163117, 2032512, 2113467, 2241120, 2072819, 5611912, 2217198, 2078470, 2063710, 2167473, 2168399, 2421868, 2108463, 2060602, 2277963, 2123653, 2089549, 2167435, 2110217, 2207352, 2779569, 2135315, 2091047, 2123327, 2193777, 3464886, 2174360, 2245601, 2479373, 2231150, 2102984, 2264035, 2239617, 2108072, 2240658, 2292463, 2966735, 2068688, 2403745, 2271517, 2628575, 2289263, 2265772, 2253986, 2080038, 2413529, 2338962, 2061855, 5181156, 2298438, 2149408, 2055213, 2007655, 1987427, 2041003, 2073898, 2011992, 2034860, 1938009, 2008724, 2110830, 2476487, 2063693, 2137582, 2173787, 1997380, 2084999, 2012410, 2006169, 2096399, 2139276, 2036568, 2034332, 2000894, 2009595]

Dependent test list:
[Test: randoop.jodatime.RandoopTest0.test196, Intended behavior: FAILURE, when executed after: [randoop.jodatime.RandoopTest0.test192], The revealed different behavior: PASS, when executed after: [], Test: randoop.jodatime.RandoopTest0.test192, Intended behavior: FAILURE, when executed after: [randoop.jodatime.RandoopTest0.test165], The revealed different behavior: PASS, when executed after: [], Test: randoop.jodatime.RandoopTest0.test165, Intended behavior: FAILURE, when executed after: [randoop.jodatime.RandoopTest0.test135], The revealed different behavior: PASS, when executed after: [], Test: randoop.jodatime.RandoopTest0.test360, Intended behavior: FAILURE, when executed after: [randoop.jodatime.RandoopTest0.test338], The revealed different behavior: PASS, when executed after: [], Test: randoop.jodatime.RandoopTest0.test338, Intended behavior: FAILURE, when executed after: [randoop.jodatime.RandoopTest0.test325], The revealed different behavior: PASS, when executed after: [], Test: randoop.jodatime.RandoopTest0.test325, Intended behavior: FAILURE, when executed after: [randoop.jodatime.RandoopTest0.test196], The revealed different behavior: PASS, when executed after: [], Test: randoop.jodatime.RandoopTest1.test235, Intended behavior: FAILURE, when executed after: [randoop.jodatime.RandoopTest1.test181], The revealed different behavior: PASS, when executed after: [], Test: randoop.jodatime.RandoopTest1.test181, Intended behavior: FAILURE, when executed after: [randoop.jodatime.RandoopTest0.test498], The revealed different behavior: PASS, when executed after: [], Test: randoop.jodatime.RandoopTest2.test36, Intended behavior: FAILURE, when executed after: [randoop.jodatime.RandoopTest2.test21], The revealed different behavior: PASS, when executed after: [], Test: randoop.jodatime.RandoopTest2.test77, Intended behavior: FAILURE, when executed after: [randoop.jodatime.RandoopTest1.test467], The revealed different behavior: PASS, when executed after: [], Test: randoop.jodatime.RandoopTest2.test21, Intended behavior: FAILURE, when executed after: [randoop.jodatime.RandoopTest1.test235], The revealed different behavior: PASS, when executed after: [], Test: randoop.jodatime.RandoopTest2.test254, Intended behavior: FAILURE, when executed after: [randoop.jodatime.RandoopTest2.test212], The revealed different behavior: PASS, when executed after: [], Test: randoop.jodatime.RandoopTest2.test243, Intended behavior: FAILURE, when executed after: [randoop.jodatime.RandoopTest2.test36], The revealed different behavior: PASS, when executed after: [], Test: randoop.jodatime.RandoopTest2.test490, Intended behavior: FAILURE, when executed after: [randoop.jodatime.RandoopTest2.test487], The revealed different behavior: PASS, when executed after: [], Test: randoop.jodatime.RandoopTest2.test487, Intended behavior: FAILURE, when executed after: [randoop.jodatime.RandoopTest2.test356], The revealed different behavior: PASS, when executed after: [], Test: randoop.jodatime.RandoopTest2.test356, Intended behavior: FAILURE, when executed after: [randoop.jodatime.RandoopTest2.test243], The revealed different behavior: PASS, when executed after: [], Test: randoop.jodatime.RandoopTest2.test474, Intended behavior: FAILURE, when executed after: [randoop.jodatime.RandoopTest2.test376], The revealed different behavior: PASS, when executed after: [], Test: randoop.jodatime.RandoopTest2.test493, Intended behavior: FAILURE, when executed after: [randoop.jodatime.RandoopTest2.test490], The revealed different behavior: PASS, when executed after: [], Test: randoop.jodatime.RandoopTest3.test195, Intended behavior: FAILURE, when executed after: [randoop.jodatime.RandoopTest3.test193], The revealed different behavior: PASS, when executed after: [], Test: randoop.jodatime.RandoopTest3.test193, Intended behavior: FAILURE, when executed after: [randoop.jodatime.RandoopTest3.test189], The revealed different behavior: PASS, when executed after: [], Test: randoop.jodatime.RandoopTest3.test189, Intended behavior: FAILURE, when executed after: [randoop.jodatime.RandoopTest3.test185], The revealed different behavior: PASS, when executed after: [], Test: randoop.jodatime.RandoopTest3.test185, Intended behavior: FAILURE, when executed after: [randoop.jodatime.RandoopTest3.test161], The revealed different behavior: PASS, when executed after: [], Test: randoop.jodatime.RandoopTest3.test161, Intended behavior: FAILURE, when executed after: [randoop.jodatime.RandoopTest2.test493], The revealed different behavior: PASS, when executed after: [], Test: randoop.jodatime.RandoopTest3.test389, Intended behavior: FAILURE, when executed after: [randoop.jodatime.RandoopTest3.test383], The revealed different behavior: PASS, when executed after: [], Test: randoop.jodatime.RandoopTest3.test383, Intended behavior: FAILURE, when executed after: [randoop.jodatime.RandoopTest3.test347], The revealed different behavior: PASS, when executed after: [], Test: randoop.jodatime.RandoopTest3.test347, Intended behavior: FAILURE, when executed after: [randoop.jodatime.RandoopTest3.test345], The revealed different behavior: PASS, when executed after: [], Test: randoop.jodatime.RandoopTest3.test345, Intended behavior: FAILURE, when executed after: [randoop.jodatime.RandoopTest3.test316], The revealed different behavior: PASS, when executed after: [], Test: randoop.jodatime.RandoopTest3.test316, Intended behavior: FAILURE, when executed after: [randoop.jodatime.RandoopTest3.test315], The revealed different behavior: PASS, when executed after: [], Test: randoop.jodatime.RandoopTest3.test315, Intended behavior: FAILURE, when executed after: [randoop.jodatime.RandoopTest3.test195], The revealed different behavior: PASS, when executed after: [], Test: randoop.jodatime.RandoopTest3.test496, Intended behavior: FAILURE, when executed after: [randoop.jodatime.RandoopTest3.test467], The revealed different behavior: PASS, when executed after: [], Test: randoop.jodatime.RandoopTest3.test467, Intended behavior: FAILURE, when executed after: [randoop.jodatime.RandoopTest3.test389], The revealed different behavior: PASS, when executed after: [], Test: randoop.jodatime.RandoopTest4.test259, Intended behavior: FAILURE, when executed after: [randoop.jodatime.RandoopTest4.test221], The revealed different behavior: PASS, when executed after: [], Test: randoop.jodatime.RandoopTest4.test221, Intended behavior: FAILURE, when executed after: [randoop.jodatime.RandoopTest4.test13], The revealed different behavior: PASS, when executed after: [], Test: randoop.jodatime.RandoopTest4.test401, Intended behavior: FAILURE, when executed after: [randoop.jodatime.RandoopTest4.test259], The revealed different behavior: PASS, when executed after: [], Test: randoop.jodatime.RandoopTest4.test434, Intended behavior: FAILURE, when executed after: [randoop.jodatime.RandoopTest4.test401], The revealed different behavior: PASS, when executed after: [], Test: randoop.jodatime.RandoopTest4.test13, Intended behavior: FAILURE, when executed after: [randoop.jodatime.RandoopTest3.test496], The revealed different behavior: PASS, when executed after: [], Test: randoop.jodatime.RandoopTest2.test212, Intended behavior: FAILURE, when executed after: [randoop.jodatime.RandoopTest2.test77], The revealed different behavior: PASS, when executed after: [], Test: randoop.jodatime.RandoopTest2.test376, Intended behavior: FAILURE, when executed after: [randoop.jodatime.RandoopTest2.test254], The revealed different behavior: PASS, when executed after: []]
--------------------------
Execution time of TLG and its time to find/nullify any DTs for 1 machine (does not include the time to run the tests in the new order): 0.948
Number of tests selected out of total in original order: 153 / 2211
Number of DTs not fixed: 0
Number of DTs fixed: 0
Execution time for executing the following testing order: 0.780

Test order list:
[randoop.jodatime.RandoopTest3.test314, randoop.jodatime.RandoopTest0.test498, randoop.jodatime.RandoopTest1.test181, randoop.jodatime.RandoopTest1.test235, randoop.jodatime.RandoopTest2.test21, randoop.jodatime.RandoopTest2.test36, randoop.jodatime.RandoopTest2.test243, randoop.jodatime.RandoopTest2.test356, randoop.jodatime.RandoopTest2.test487, randoop.jodatime.RandoopTest2.test490, randoop.jodatime.RandoopTest2.test493, randoop.jodatime.RandoopTest3.test161, randoop.jodatime.RandoopTest3.test185, randoop.jodatime.RandoopTest3.test189, randoop.jodatime.RandoopTest3.test193, randoop.jodatime.RandoopTest3.test195, randoop.jodatime.RandoopTest3.test315, randoop.jodatime.RandoopTest3.test316, randoop.jodatime.RandoopTest3.test317, randoop.jodatime.RandoopTest3.test318, randoop.jodatime.RandoopTest3.test319, randoop.jodatime.RandoopTest3.test320, randoop.jodatime.RandoopTest3.test321, randoop.jodatime.RandoopTest3.test322, randoop.jodatime.RandoopTest3.test323, randoop.jodatime.RandoopTest3.test324, randoop.jodatime.RandoopTest3.test325, randoop.jodatime.RandoopTest3.test326, randoop.jodatime.RandoopTest3.test327, randoop.jodatime.RandoopTest3.test328, randoop.jodatime.RandoopTest3.test330, randoop.jodatime.RandoopTest3.test331, randoop.jodatime.RandoopTest3.test332, randoop.jodatime.RandoopTest3.test333, randoop.jodatime.RandoopTest3.test334, randoop.jodatime.RandoopTest3.test335, randoop.jodatime.RandoopTest3.test336, randoop.jodatime.RandoopTest3.test337, randoop.jodatime.RandoopTest3.test338, randoop.jodatime.RandoopTest3.test340, randoop.jodatime.RandoopTest3.test341, randoop.jodatime.RandoopTest3.test342, randoop.jodatime.RandoopTest3.test343, randoop.jodatime.RandoopTest3.test344, randoop.jodatime.RandoopTest3.test345, randoop.jodatime.RandoopTest3.test346, randoop.jodatime.RandoopTest3.test347, randoop.jodatime.RandoopTest3.test348, randoop.jodatime.RandoopTest3.test349, randoop.jodatime.RandoopTest3.test350, randoop.jodatime.RandoopTest3.test351, randoop.jodatime.RandoopTest3.test352, randoop.jodatime.RandoopTest3.test353, randoop.jodatime.RandoopTest3.test355, randoop.jodatime.RandoopTest3.test356, randoop.jodatime.RandoopTest3.test357, randoop.jodatime.RandoopTest3.test358, randoop.jodatime.RandoopTest3.test360, randoop.jodatime.RandoopTest3.test362, randoop.jodatime.RandoopTest3.test363, randoop.jodatime.RandoopTest3.test364, randoop.jodatime.RandoopTest3.test365, randoop.jodatime.RandoopTest3.test367, randoop.jodatime.RandoopTest3.test368, randoop.jodatime.RandoopTest3.test370, randoop.jodatime.RandoopTest3.test372, randoop.jodatime.RandoopTest3.test374, randoop.jodatime.RandoopTest3.test375, randoop.jodatime.RandoopTest3.test376, randoop.jodatime.RandoopTest3.test377, randoop.jodatime.RandoopTest3.test378, randoop.jodatime.RandoopTest3.test379, randoop.jodatime.RandoopTest3.test380, randoop.jodatime.RandoopTest3.test381, randoop.jodatime.RandoopTest3.test382, randoop.jodatime.RandoopTest3.test383, randoop.jodatime.RandoopTest3.test386, randoop.jodatime.RandoopTest3.test387, randoop.jodatime.RandoopTest3.test388, randoop.jodatime.RandoopTest3.test389, randoop.jodatime.RandoopTest3.test390, randoop.jodatime.RandoopTest3.test391, randoop.jodatime.RandoopTest3.test393, randoop.jodatime.RandoopTest3.test394, randoop.jodatime.RandoopTest3.test395, randoop.jodatime.RandoopTest3.test396, randoop.jodatime.RandoopTest3.test397, randoop.jodatime.RandoopTest3.test398, randoop.jodatime.RandoopTest3.test399, randoop.jodatime.RandoopTest3.test400, randoop.jodatime.RandoopTest3.test401, randoop.jodatime.RandoopTest3.test402, randoop.jodatime.RandoopTest3.test403, randoop.jodatime.RandoopTest3.test404, randoop.jodatime.RandoopTest3.test405, randoop.jodatime.RandoopTest3.test406, randoop.jodatime.RandoopTest3.test407, randoop.jodatime.RandoopTest3.test408, randoop.jodatime.RandoopTest3.test409, randoop.jodatime.RandoopTest3.test411, randoop.jodatime.RandoopTest3.test412, randoop.jodatime.RandoopTest3.test413, randoop.jodatime.RandoopTest3.test414, randoop.jodatime.RandoopTest3.test415, randoop.jodatime.RandoopTest3.test416, randoop.jodatime.RandoopTest3.test417, randoop.jodatime.RandoopTest3.test418, randoop.jodatime.RandoopTest3.test419, randoop.jodatime.RandoopTest3.test420, randoop.jodatime.RandoopTest3.test421, randoop.jodatime.RandoopTest3.test422, randoop.jodatime.RandoopTest3.test423, randoop.jodatime.RandoopTest3.test424, randoop.jodatime.RandoopTest3.test425, randoop.jodatime.RandoopTest3.test426, randoop.jodatime.RandoopTest3.test427, randoop.jodatime.RandoopTest3.test428, randoop.jodatime.RandoopTest3.test429, randoop.jodatime.RandoopTest3.test430, randoop.jodatime.RandoopTest3.test431, randoop.jodatime.RandoopTest3.test432, randoop.jodatime.RandoopTest3.test434, randoop.jodatime.RandoopTest3.test435, randoop.jodatime.RandoopTest3.test436, randoop.jodatime.RandoopTest3.test437, randoop.jodatime.RandoopTest3.test438, randoop.jodatime.RandoopTest3.test439, randoop.jodatime.RandoopTest3.test440, randoop.jodatime.RandoopTest3.test441, randoop.jodatime.RandoopTest3.test442, randoop.jodatime.RandoopTest3.test443, randoop.jodatime.RandoopTest3.test444, randoop.jodatime.RandoopTest3.test445, randoop.jodatime.RandoopTest3.test446, randoop.jodatime.RandoopTest3.test447, randoop.jodatime.RandoopTest3.test448, randoop.jodatime.RandoopTest3.test449, randoop.jodatime.RandoopTest3.test451, randoop.jodatime.RandoopTest3.test452, randoop.jodatime.RandoopTest3.test453, randoop.jodatime.RandoopTest3.test454, randoop.jodatime.RandoopTest3.test455, randoop.jodatime.RandoopTest3.test456, randoop.jodatime.RandoopTest3.test457, randoop.jodatime.RandoopTest3.test458, randoop.jodatime.RandoopTest3.test459, randoop.jodatime.RandoopTest3.test460, randoop.jodatime.RandoopTest3.test461, randoop.jodatime.RandoopTest3.test462, randoop.jodatime.RandoopTest3.test463, randoop.jodatime.RandoopTest3.test464, randoop.jodatime.RandoopTest3.test465, randoop.jodatime.RandoopTest3.test466]

Time each test takes to run in the new order:
[74162302, 74823648, 26934196, 23906824, 21012465, 12551345, 11277152, 10859729, 11107935, 14847970, 14837516, 9274126, 8337186, 11211662, 9161399, 7266082, 7468027, 6805033, 10323254, 11127305, 7063869, 5396562, 5690985, 8812117, 5111237, 7174809, 5409168, 8144414, 4452912, 6826570, 3909495, 4092608, 5014863, 3937057, 6888152, 4946856, 3910024, 3800796, 3932693, 3242494, 3330417, 2985621, 2972193, 2877402, 3624976, 5796923, 5668754, 5355777, 5614020, 6218029, 2359457, 2362480, 3109979, 2221352, 2326033, 4181591, 2289686, 2126688, 2127034, 2069664, 2159408, 2074740, 3327546, 2135347, 3369732, 3259777, 2051945, 2090704, 2217597, 2161946, 2051596, 2360483, 2150814, 2198635, 2134543, 2246293, 2044137, 5142473, 2211654, 2293492, 2102787, 2101006, 2198838, 2174833, 2146107, 2077395, 2033628, 2381629, 2032416, 2016743, 2881624, 2046872, 2187083, 2069867, 2094572, 2051894, 2121174, 2276030, 2124831, 2128629, 2059336, 2351277, 2089081, 2212861, 2087913, 2535878, 2448440, 2099158, 2433889, 2208553, 2341656, 2030698, 2353912, 2257628, 2057145, 2250606, 2202161, 2632443, 2331654, 2188545, 2457610, 5326823, 2277628, 2156427, 2139334, 2182532, 2147681, 2139514, 2236941, 2349979, 2085222, 2780998, 2316974, 2741246, 2212037, 2110510, 2090594, 2296901, 2330208, 2483133, 2201197, 2185291, 2165722, 2234132, 2333330, 11091853, 3477395, 2170509, 2322750, 2145039, 2225130, 2156073, 2119847]

Dependent test list:
[Test: randoop.jodatime.RandoopTest0.test196, Intended behavior: FAILURE, when executed after: [randoop.jodatime.RandoopTest0.test192], The revealed different behavior: PASS, when executed after: [], Test: randoop.jodatime.RandoopTest0.test192, Intended behavior: FAILURE, when executed after: [randoop.jodatime.RandoopTest0.test165], The revealed different behavior: PASS, when executed after: [], Test: randoop.jodatime.RandoopTest0.test165, Intended behavior: FAILURE, when executed after: [randoop.jodatime.RandoopTest0.test135], The revealed different behavior: PASS, when executed after: [], Test: randoop.jodatime.RandoopTest0.test360, Intended behavior: FAILURE, when executed after: [randoop.jodatime.RandoopTest0.test338], The revealed different behavior: PASS, when executed after: [], Test: randoop.jodatime.RandoopTest0.test338, Intended behavior: FAILURE, when executed after: [randoop.jodatime.RandoopTest0.test325], The revealed different behavior: PASS, when executed after: [], Test: randoop.jodatime.RandoopTest0.test325, Intended behavior: FAILURE, when executed after: [randoop.jodatime.RandoopTest0.test196], The revealed different behavior: PASS, when executed after: [], Test: randoop.jodatime.RandoopTest1.test235, Intended behavior: FAILURE, when executed after: [randoop.jodatime.RandoopTest1.test181], The revealed different behavior: PASS, when executed after: [], Test: randoop.jodatime.RandoopTest1.test181, Intended behavior: FAILURE, when executed after: [randoop.jodatime.RandoopTest0.test498], The revealed different behavior: PASS, when executed after: [], Test: randoop.jodatime.RandoopTest2.test36, Intended behavior: FAILURE, when executed after: [randoop.jodatime.RandoopTest2.test21], The revealed different behavior: PASS, when executed after: [], Test: randoop.jodatime.RandoopTest2.test77, Intended behavior: FAILURE, when executed after: [randoop.jodatime.RandoopTest1.test467], The revealed different behavior: PASS, when executed after: [], Test: randoop.jodatime.RandoopTest2.test21, Intended behavior: FAILURE, when executed after: [randoop.jodatime.RandoopTest1.test235], The revealed different behavior: PASS, when executed after: [], Test: randoop.jodatime.RandoopTest2.test254, Intended behavior: FAILURE, when executed after: [randoop.jodatime.RandoopTest2.test212], The revealed different behavior: PASS, when executed after: [], Test: randoop.jodatime.RandoopTest2.test243, Intended behavior: FAILURE, when executed after: [randoop.jodatime.RandoopTest2.test36], The revealed different behavior: PASS, when executed after: [], Test: randoop.jodatime.RandoopTest2.test490, Intended behavior: FAILURE, when executed after: [randoop.jodatime.RandoopTest2.test487], The revealed different behavior: PASS, when executed after: [], Test: randoop.jodatime.RandoopTest2.test487, Intended behavior: FAILURE, when executed after: [randoop.jodatime.RandoopTest2.test356], The revealed different behavior: PASS, when executed after: [], Test: randoop.jodatime.RandoopTest2.test356, Intended behavior: FAILURE, when executed after: [randoop.jodatime.RandoopTest2.test243], The revealed different behavior: PASS, when executed after: [], Test: randoop.jodatime.RandoopTest2.test474, Intended behavior: FAILURE, when executed after: [randoop.jodatime.RandoopTest2.test376], The revealed different behavior: PASS, when executed after: [], Test: randoop.jodatime.RandoopTest2.test493, Intended behavior: FAILURE, when executed after: [randoop.jodatime.RandoopTest2.test490], The revealed different behavior: PASS, when executed after: [], Test: randoop.jodatime.RandoopTest3.test195, Intended behavior: FAILURE, when executed after: [randoop.jodatime.RandoopTest3.test193], The revealed different behavior: PASS, when executed after: [], Test: randoop.jodatime.RandoopTest3.test193, Intended behavior: FAILURE, when executed after: [randoop.jodatime.RandoopTest3.test189], The revealed different behavior: PASS, when executed after: [], Test: randoop.jodatime.RandoopTest3.test189, Intended behavior: FAILURE, when executed after: [randoop.jodatime.RandoopTest3.test185], The revealed different behavior: PASS, when executed after: [], Test: randoop.jodatime.RandoopTest3.test185, Intended behavior: FAILURE, when executed after: [randoop.jodatime.RandoopTest3.test161], The revealed different behavior: PASS, when executed after: [], Test: randoop.jodatime.RandoopTest3.test161, Intended behavior: FAILURE, when executed after: [randoop.jodatime.RandoopTest2.test493], The revealed different behavior: PASS, when executed after: [], Test: randoop.jodatime.RandoopTest3.test389, Intended behavior: FAILURE, when executed after: [randoop.jodatime.RandoopTest3.test383], The revealed different behavior: PASS, when executed after: [], Test: randoop.jodatime.RandoopTest3.test383, Intended behavior: FAILURE, when executed after: [randoop.jodatime.RandoopTest3.test347], The revealed different behavior: PASS, when executed after: [], Test: randoop.jodatime.RandoopTest3.test347, Intended behavior: FAILURE, when executed after: [randoop.jodatime.RandoopTest3.test345], The revealed different behavior: PASS, when executed after: [], Test: randoop.jodatime.RandoopTest3.test345, Intended behavior: FAILURE, when executed after: [randoop.jodatime.RandoopTest3.test316], The revealed different behavior: PASS, when executed after: [], Test: randoop.jodatime.RandoopTest3.test316, Intended behavior: FAILURE, when executed after: [randoop.jodatime.RandoopTest3.test315], The revealed different behavior: PASS, when executed after: [], Test: randoop.jodatime.RandoopTest3.test315, Intended behavior: FAILURE, when executed after: [randoop.jodatime.RandoopTest3.test195], The revealed different behavior: PASS, when executed after: [], Test: randoop.jodatime.RandoopTest3.test496, Intended behavior: FAILURE, when executed after: [randoop.jodatime.RandoopTest3.test467], The revealed different behavior: PASS, when executed after: [], Test: randoop.jodatime.RandoopTest3.test467, Intended behavior: FAILURE, when executed after: [randoop.jodatime.RandoopTest3.test389], The revealed different behavior: PASS, when executed after: [], Test: randoop.jodatime.RandoopTest4.test259, Intended behavior: FAILURE, when executed after: [randoop.jodatime.RandoopTest4.test221], The revealed different behavior: PASS, when executed after: [], Test: randoop.jodatime.RandoopTest4.test221, Intended behavior: FAILURE, when executed after: [randoop.jodatime.RandoopTest4.test13], The revealed different behavior: PASS, when executed after: [], Test: randoop.jodatime.RandoopTest4.test401, Intended behavior: FAILURE, when executed after: [randoop.jodatime.RandoopTest4.test259], The revealed different behavior: PASS, when executed after: [], Test: randoop.jodatime.RandoopTest4.test434, Intended behavior: FAILURE, when executed after: [randoop.jodatime.RandoopTest4.test401], The revealed different behavior: PASS, when executed after: [], Test: randoop.jodatime.RandoopTest4.test13, Intended behavior: FAILURE, when executed after: [randoop.jodatime.RandoopTest3.test496], The revealed different behavior: PASS, when executed after: [], Test: randoop.jodatime.RandoopTest2.test212, Intended behavior: FAILURE, when executed after: [randoop.jodatime.RandoopTest2.test77], The revealed different behavior: PASS, when executed after: [], Test: randoop.jodatime.RandoopTest2.test376, Intended behavior: FAILURE, when executed after: [randoop.jodatime.RandoopTest2.test254], The revealed different behavior: PASS, when executed after: []]
--------------------------
Execution time of TLG and its time to find/nullify any DTs for 1 machine (does not include the time to run the tests in the new order): 1.132
Number of tests selected out of total in original order: 159 / 2211
Number of DTs not fixed: 0
Number of DTs fixed: 0
Execution time for executing the following testing order: 0.945

Test order list:
[randoop.jodatime.RandoopTest0.test498, randoop.jodatime.RandoopTest1.test181, randoop.jodatime.RandoopTest1.test235, randoop.jodatime.RandoopTest2.test21, randoop.jodatime.RandoopTest2.test36, randoop.jodatime.RandoopTest2.test243, randoop.jodatime.RandoopTest2.test356, randoop.jodatime.RandoopTest2.test487, randoop.jodatime.RandoopTest2.test490, randoop.jodatime.RandoopTest2.test493, randoop.jodatime.RandoopTest3.test161, randoop.jodatime.RandoopTest3.test185, randoop.jodatime.RandoopTest3.test189, randoop.jodatime.RandoopTest3.test193, randoop.jodatime.RandoopTest3.test195, randoop.jodatime.RandoopTest3.test315, randoop.jodatime.RandoopTest3.test316, randoop.jodatime.RandoopTest3.test345, randoop.jodatime.RandoopTest3.test347, randoop.jodatime.RandoopTest3.test383, randoop.jodatime.RandoopTest3.test389, randoop.jodatime.RandoopTest3.test467, randoop.jodatime.RandoopTest3.test468, randoop.jodatime.RandoopTest3.test470, randoop.jodatime.RandoopTest3.test471, randoop.jodatime.RandoopTest3.test473, randoop.jodatime.RandoopTest3.test474, randoop.jodatime.RandoopTest3.test476, randoop.jodatime.RandoopTest3.test477, randoop.jodatime.RandoopTest3.test478, randoop.jodatime.RandoopTest3.test479, randoop.jodatime.RandoopTest3.test480, randoop.jodatime.RandoopTest3.test481, randoop.jodatime.RandoopTest3.test483, randoop.jodatime.RandoopTest3.test484, randoop.jodatime.RandoopTest3.test486, randoop.jodatime.RandoopTest3.test487, randoop.jodatime.RandoopTest3.test488, randoop.jodatime.RandoopTest3.test489, randoop.jodatime.RandoopTest3.test490, randoop.jodatime.RandoopTest3.test491, randoop.jodatime.RandoopTest3.test492, randoop.jodatime.RandoopTest3.test493, randoop.jodatime.RandoopTest3.test494, randoop.jodatime.RandoopTest3.test495, randoop.jodatime.RandoopTest3.test496, randoop.jodatime.RandoopTest3.test497, randoop.jodatime.RandoopTest3.test498, randoop.jodatime.RandoopTest3.test499, randoop.jodatime.RandoopTest3.test500, randoop.jodatime.RandoopTest4.test1, randoop.jodatime.RandoopTest4.test2, randoop.jodatime.RandoopTest4.test3, randoop.jodatime.RandoopTest4.test4, randoop.jodatime.RandoopTest4.test5, randoop.jodatime.RandoopTest4.test6, randoop.jodatime.RandoopTest4.test7, randoop.jodatime.RandoopTest4.test8, randoop.jodatime.RandoopTest4.test9, randoop.jodatime.RandoopTest4.test10, randoop.jodatime.RandoopTest4.test11, randoop.jodatime.RandoopTest4.test12, randoop.jodatime.RandoopTest4.test13, randoop.jodatime.RandoopTest4.test14, randoop.jodatime.RandoopTest4.test17, randoop.jodatime.RandoopTest4.test18, randoop.jodatime.RandoopTest4.test19, randoop.jodatime.RandoopTest4.test20, randoop.jodatime.RandoopTest4.test21, randoop.jodatime.RandoopTest4.test22, randoop.jodatime.RandoopTest4.test24, randoop.jodatime.RandoopTest4.test25, randoop.jodatime.RandoopTest4.test26, randoop.jodatime.RandoopTest4.test30, randoop.jodatime.RandoopTest4.test31, randoop.jodatime.RandoopTest4.test33, randoop.jodatime.RandoopTest4.test35, randoop.jodatime.RandoopTest4.test36, randoop.jodatime.RandoopTest4.test38, randoop.jodatime.RandoopTest4.test39, randoop.jodatime.RandoopTest4.test40, randoop.jodatime.RandoopTest4.test41, randoop.jodatime.RandoopTest4.test42, randoop.jodatime.RandoopTest4.test43, randoop.jodatime.RandoopTest4.test44, randoop.jodatime.RandoopTest4.test45, randoop.jodatime.RandoopTest4.test46, randoop.jodatime.RandoopTest4.test47, randoop.jodatime.RandoopTest4.test48, randoop.jodatime.RandoopTest4.test50, randoop.jodatime.RandoopTest4.test52, randoop.jodatime.RandoopTest4.test53, randoop.jodatime.RandoopTest4.test54, randoop.jodatime.RandoopTest4.test56, randoop.jodatime.RandoopTest4.test57, randoop.jodatime.RandoopTest4.test58, randoop.jodatime.RandoopTest4.test59, randoop.jodatime.RandoopTest4.test60, randoop.jodatime.RandoopTest4.test61, randoop.jodatime.RandoopTest4.test62, randoop.jodatime.RandoopTest4.test63, randoop.jodatime.RandoopTest4.test64, randoop.jodatime.RandoopTest4.test65, randoop.jodatime.RandoopTest4.test66, randoop.jodatime.RandoopTest4.test67, randoop.jodatime.RandoopTest4.test68, randoop.jodatime.RandoopTest4.test69, randoop.jodatime.RandoopTest4.test70, randoop.jodatime.RandoopTest4.test71, randoop.jodatime.RandoopTest4.test72, randoop.jodatime.RandoopTest4.test73, randoop.jodatime.RandoopTest4.test74, randoop.jodatime.RandoopTest4.test75, randoop.jodatime.RandoopTest4.test76, randoop.jodatime.RandoopTest4.test77, randoop.jodatime.RandoopTest4.test78, randoop.jodatime.RandoopTest4.test79, randoop.jodatime.RandoopTest4.test80, randoop.jodatime.RandoopTest4.test81, randoop.jodatime.RandoopTest4.test82, randoop.jodatime.RandoopTest4.test84, randoop.jodatime.RandoopTest4.test85, randoop.jodatime.RandoopTest4.test86, randoop.jodatime.RandoopTest4.test87, randoop.jodatime.RandoopTest4.test88, randoop.jodatime.RandoopTest4.test89, randoop.jodatime.RandoopTest4.test90, randoop.jodatime.RandoopTest4.test91, randoop.jodatime.RandoopTest4.test92, randoop.jodatime.RandoopTest4.test94, randoop.jodatime.RandoopTest4.test95, randoop.jodatime.RandoopTest4.test96, randoop.jodatime.RandoopTest4.test97, randoop.jodatime.RandoopTest4.test98, randoop.jodatime.RandoopTest4.test99, randoop.jodatime.RandoopTest4.test100, randoop.jodatime.RandoopTest4.test101, randoop.jodatime.RandoopTest4.test102, randoop.jodatime.RandoopTest4.test103, randoop.jodatime.RandoopTest4.test104, randoop.jodatime.RandoopTest4.test105, randoop.jodatime.RandoopTest4.test106, randoop.jodatime.RandoopTest4.test107, randoop.jodatime.RandoopTest4.test110, randoop.jodatime.RandoopTest4.test111, randoop.jodatime.RandoopTest4.test112, randoop.jodatime.RandoopTest4.test114, randoop.jodatime.RandoopTest4.test115, randoop.jodatime.RandoopTest4.test116, randoop.jodatime.RandoopTest4.test117, randoop.jodatime.RandoopTest4.test119, randoop.jodatime.RandoopTest4.test120, randoop.jodatime.RandoopTest4.test121, randoop.jodatime.RandoopTest4.test122, randoop.jodatime.RandoopTest4.test123, randoop.jodatime.RandoopTest4.test124, randoop.jodatime.RandoopTest4.test125, randoop.jodatime.RandoopTest4.test126, randoop.jodatime.RandoopTest4.test127]

Time each test takes to run in the new order:
[122877549, 33032079, 24159368, 23087459, 19107910, 18479292, 11641783, 10831434, 14101935, 16438034, 11968798, 10494096, 8536477, 13276010, 8117978, 8168870, 8081776, 7571870, 8972585, 8896903, 7171547, 12935690, 8107668, 8509109, 6413891, 6420678, 7061000, 6506370, 6385086, 6873725, 6315628, 7382343, 6979013, 6472501, 13099285, 5088429, 5740776, 4686757, 4861932, 4343422, 3897705, 4424866, 5795396, 3472060, 3272687, 3401745, 3005192, 2876723, 3774179, 2476818, 14374921, 2320264, 2226747, 2386514, 3040434, 7729733, 2890817, 2534169, 3215187, 2480745, 2414089, 3513248, 2409314, 2937688, 2340024, 3235879, 2527651, 2505358, 2447307, 2575396, 2077728, 2176956, 2411911, 2322697, 2057991, 2111435, 7257402, 2431953, 2282166, 2818102, 2338157, 2138303, 2067662, 2442678, 2103286, 2174906, 2421835, 2032651, 2313252, 2246381, 2590889, 2160042, 2177108, 2028740, 2403755, 2037053, 1941737, 2045002, 2035525, 2699542, 2249833, 2509594, 3808502, 6236170, 7411574, 7410000, 7707241, 7814384, 7802856, 7556644, 8045610, 8190154, 7952684, 7576644, 8062480, 8079619, 4363047, 3873512, 8696997, 3825150, 3665956, 3884498, 4049547, 3898313, 3895147, 3771959, 3861963, 4075893, 3773291, 3453220, 3237621, 3232277, 2133252, 2079393, 3597891, 2102800, 4684543, 2084453, 2146955, 2060990, 2287120, 2198706, 2289906, 2193628, 2081048, 2220575, 2062778, 2018143, 2097512, 2329442, 2113080, 2263678, 2214251, 2225529, 2446393, 2275270, 2378273, 2059712, 2290790]

Dependent test list:
[Test: randoop.jodatime.RandoopTest0.test196, Intended behavior: FAILURE, when executed after: [randoop.jodatime.RandoopTest0.test192], The revealed different behavior: PASS, when executed after: [], Test: randoop.jodatime.RandoopTest0.test192, Intended behavior: FAILURE, when executed after: [randoop.jodatime.RandoopTest0.test165], The revealed different behavior: PASS, when executed after: [], Test: randoop.jodatime.RandoopTest0.test165, Intended behavior: FAILURE, when executed after: [randoop.jodatime.RandoopTest0.test135], The revealed different behavior: PASS, when executed after: [], Test: randoop.jodatime.RandoopTest0.test360, Intended behavior: FAILURE, when executed after: [randoop.jodatime.RandoopTest0.test338], The revealed different behavior: PASS, when executed after: [], Test: randoop.jodatime.RandoopTest0.test338, Intended behavior: FAILURE, when executed after: [randoop.jodatime.RandoopTest0.test325], The revealed different behavior: PASS, when executed after: [], Test: randoop.jodatime.RandoopTest0.test325, Intended behavior: FAILURE, when executed after: [randoop.jodatime.RandoopTest0.test196], The revealed different behavior: PASS, when executed after: [], Test: randoop.jodatime.RandoopTest1.test235, Intended behavior: FAILURE, when executed after: [randoop.jodatime.RandoopTest1.test181], The revealed different behavior: PASS, when executed after: [], Test: randoop.jodatime.RandoopTest1.test181, Intended behavior: FAILURE, when executed after: [randoop.jodatime.RandoopTest0.test498], The revealed different behavior: PASS, when executed after: [], Test: randoop.jodatime.RandoopTest2.test36, Intended behavior: FAILURE, when executed after: [randoop.jodatime.RandoopTest2.test21], The revealed different behavior: PASS, when executed after: [], Test: randoop.jodatime.RandoopTest2.test77, Intended behavior: FAILURE, when executed after: [randoop.jodatime.RandoopTest1.test467], The revealed different behavior: PASS, when executed after: [], Test: randoop.jodatime.RandoopTest2.test21, Intended behavior: FAILURE, when executed after: [randoop.jodatime.RandoopTest1.test235], The revealed different behavior: PASS, when executed after: [], Test: randoop.jodatime.RandoopTest2.test254, Intended behavior: FAILURE, when executed after: [randoop.jodatime.RandoopTest2.test212], The revealed different behavior: PASS, when executed after: [], Test: randoop.jodatime.RandoopTest2.test243, Intended behavior: FAILURE, when executed after: [randoop.jodatime.RandoopTest2.test36], The revealed different behavior: PASS, when executed after: [], Test: randoop.jodatime.RandoopTest2.test490, Intended behavior: FAILURE, when executed after: [randoop.jodatime.RandoopTest2.test487], The revealed different behavior: PASS, when executed after: [], Test: randoop.jodatime.RandoopTest2.test487, Intended behavior: FAILURE, when executed after: [randoop.jodatime.RandoopTest2.test356], The revealed different behavior: PASS, when executed after: [], Test: randoop.jodatime.RandoopTest2.test356, Intended behavior: FAILURE, when executed after: [randoop.jodatime.RandoopTest2.test243], The revealed different behavior: PASS, when executed after: [], Test: randoop.jodatime.RandoopTest2.test474, Intended behavior: FAILURE, when executed after: [randoop.jodatime.RandoopTest2.test376], The revealed different behavior: PASS, when executed after: [], Test: randoop.jodatime.RandoopTest2.test493, Intended behavior: FAILURE, when executed after: [randoop.jodatime.RandoopTest2.test490], The revealed different behavior: PASS, when executed after: [], Test: randoop.jodatime.RandoopTest3.test195, Intended behavior: FAILURE, when executed after: [randoop.jodatime.RandoopTest3.test193], The revealed different behavior: PASS, when executed after: [], Test: randoop.jodatime.RandoopTest3.test193, Intended behavior: FAILURE, when executed after: [randoop.jodatime.RandoopTest3.test189], The revealed different behavior: PASS, when executed after: [], Test: randoop.jodatime.RandoopTest3.test189, Intended behavior: FAILURE, when executed after: [randoop.jodatime.RandoopTest3.test185], The revealed different behavior: PASS, when executed after: [], Test: randoop.jodatime.RandoopTest3.test185, Intended behavior: FAILURE, when executed after: [randoop.jodatime.RandoopTest3.test161], The revealed different behavior: PASS, when executed after: [], Test: randoop.jodatime.RandoopTest3.test161, Intended behavior: FAILURE, when executed after: [randoop.jodatime.RandoopTest2.test493], The revealed different behavior: PASS, when executed after: [], Test: randoop.jodatime.RandoopTest3.test389, Intended behavior: FAILURE, when executed after: [randoop.jodatime.RandoopTest3.test383], The revealed different behavior: PASS, when executed after: [], Test: randoop.jodatime.RandoopTest3.test383, Intended behavior: FAILURE, when executed after: [randoop.jodatime.RandoopTest3.test347], The revealed different behavior: PASS, when executed after: [], Test: randoop.jodatime.RandoopTest3.test347, Intended behavior: FAILURE, when executed after: [randoop.jodatime.RandoopTest3.test345], The revealed different behavior: PASS, when executed after: [], Test: randoop.jodatime.RandoopTest3.test345, Intended behavior: FAILURE, when executed after: [randoop.jodatime.RandoopTest3.test316], The revealed different behavior: PASS, when executed after: [], Test: randoop.jodatime.RandoopTest3.test316, Intended behavior: FAILURE, when executed after: [randoop.jodatime.RandoopTest3.test315], The revealed different behavior: PASS, when executed after: [], Test: randoop.jodatime.RandoopTest3.test315, Intended behavior: FAILURE, when executed after: [randoop.jodatime.RandoopTest3.test195], The revealed different behavior: PASS, when executed after: [], Test: randoop.jodatime.RandoopTest3.test496, Intended behavior: FAILURE, when executed after: [randoop.jodatime.RandoopTest3.test467], The revealed different behavior: PASS, when executed after: [], Test: randoop.jodatime.RandoopTest3.test467, Intended behavior: FAILURE, when executed after: [randoop.jodatime.RandoopTest3.test389], The revealed different behavior: PASS, when executed after: [], Test: randoop.jodatime.RandoopTest4.test259, Intended behavior: FAILURE, when executed after: [randoop.jodatime.RandoopTest4.test221], The revealed different behavior: PASS, when executed after: [], Test: randoop.jodatime.RandoopTest4.test221, Intended behavior: FAILURE, when executed after: [randoop.jodatime.RandoopTest4.test13], The revealed different behavior: PASS, when executed after: [], Test: randoop.jodatime.RandoopTest4.test401, Intended behavior: FAILURE, when executed after: [randoop.jodatime.RandoopTest4.test259], The revealed different behavior: PASS, when executed after: [], Test: randoop.jodatime.RandoopTest4.test434, Intended behavior: FAILURE, when executed after: [randoop.jodatime.RandoopTest4.test401], The revealed different behavior: PASS, when executed after: [], Test: randoop.jodatime.RandoopTest4.test13, Intended behavior: FAILURE, when executed after: [randoop.jodatime.RandoopTest3.test496], The revealed different behavior: PASS, when executed after: [], Test: randoop.jodatime.RandoopTest2.test212, Intended behavior: FAILURE, when executed after: [randoop.jodatime.RandoopTest2.test77], The revealed different behavior: PASS, when executed after: [], Test: randoop.jodatime.RandoopTest2.test376, Intended behavior: FAILURE, when executed after: [randoop.jodatime.RandoopTest2.test254], The revealed different behavior: PASS, when executed after: []]
--------------------------
Execution time of TLG and its time to find/nullify any DTs for 1 machine (does not include the time to run the tests in the new order): 1.240
Number of tests selected out of total in original order: 162 / 2211
Number of DTs not fixed: 0
Number of DTs fixed: 0
Execution time for executing the following testing order: 1.235

Test order list:
[randoop.jodatime.RandoopTest4.test128, randoop.jodatime.RandoopTest4.test129, randoop.jodatime.RandoopTest4.test130, randoop.jodatime.RandoopTest4.test131, randoop.jodatime.RandoopTest4.test132, randoop.jodatime.RandoopTest4.test134, randoop.jodatime.RandoopTest4.test135, randoop.jodatime.RandoopTest4.test136, randoop.jodatime.RandoopTest4.test137, randoop.jodatime.RandoopTest4.test138, randoop.jodatime.RandoopTest4.test139, randoop.jodatime.RandoopTest4.test140, randoop.jodatime.RandoopTest4.test141, randoop.jodatime.RandoopTest4.test142, randoop.jodatime.RandoopTest4.test143, randoop.jodatime.RandoopTest4.test145, randoop.jodatime.RandoopTest4.test147, randoop.jodatime.RandoopTest4.test149, randoop.jodatime.RandoopTest4.test150, randoop.jodatime.RandoopTest4.test153, randoop.jodatime.RandoopTest4.test154, randoop.jodatime.RandoopTest4.test158, randoop.jodatime.RandoopTest4.test159, randoop.jodatime.RandoopTest4.test160, randoop.jodatime.RandoopTest4.test161, randoop.jodatime.RandoopTest4.test162, randoop.jodatime.RandoopTest4.test163, randoop.jodatime.RandoopTest4.test164, randoop.jodatime.RandoopTest4.test165, randoop.jodatime.RandoopTest4.test166, randoop.jodatime.RandoopTest4.test167, randoop.jodatime.RandoopTest4.test168, randoop.jodatime.RandoopTest4.test169, randoop.jodatime.RandoopTest4.test170, randoop.jodatime.RandoopTest4.test171, randoop.jodatime.RandoopTest4.test172, randoop.jodatime.RandoopTest4.test173, randoop.jodatime.RandoopTest4.test174, randoop.jodatime.RandoopTest4.test176, randoop.jodatime.RandoopTest4.test179, randoop.jodatime.RandoopTest4.test180, randoop.jodatime.RandoopTest4.test181, randoop.jodatime.RandoopTest4.test182, randoop.jodatime.RandoopTest4.test183, randoop.jodatime.RandoopTest4.test184, randoop.jodatime.RandoopTest4.test185, randoop.jodatime.RandoopTest4.test186, randoop.jodatime.RandoopTest4.test188, randoop.jodatime.RandoopTest4.test189, randoop.jodatime.RandoopTest4.test190, randoop.jodatime.RandoopTest4.test191, randoop.jodatime.RandoopTest4.test192, randoop.jodatime.RandoopTest4.test193, randoop.jodatime.RandoopTest4.test197, randoop.jodatime.RandoopTest4.test198, randoop.jodatime.RandoopTest4.test199, randoop.jodatime.RandoopTest4.test200, randoop.jodatime.RandoopTest4.test201, randoop.jodatime.RandoopTest4.test203, randoop.jodatime.RandoopTest4.test205, randoop.jodatime.RandoopTest4.test206, randoop.jodatime.RandoopTest4.test209, randoop.jodatime.RandoopTest4.test210, randoop.jodatime.RandoopTest4.test211, randoop.jodatime.RandoopTest4.test212, randoop.jodatime.RandoopTest4.test213, randoop.jodatime.RandoopTest4.test216, randoop.jodatime.RandoopTest4.test218, randoop.jodatime.RandoopTest4.test219, randoop.jodatime.RandoopTest4.test220, randoop.jodatime.RandoopTest0.test498, randoop.jodatime.RandoopTest1.test181, randoop.jodatime.RandoopTest1.test235, randoop.jodatime.RandoopTest2.test21, randoop.jodatime.RandoopTest2.test36, randoop.jodatime.RandoopTest2.test243, randoop.jodatime.RandoopTest2.test356, randoop.jodatime.RandoopTest2.test487, randoop.jodatime.RandoopTest2.test490, randoop.jodatime.RandoopTest2.test493, randoop.jodatime.RandoopTest3.test161, randoop.jodatime.RandoopTest3.test185, randoop.jodatime.RandoopTest3.test189, randoop.jodatime.RandoopTest3.test193, randoop.jodatime.RandoopTest3.test195, randoop.jodatime.RandoopTest3.test315, randoop.jodatime.RandoopTest3.test316, randoop.jodatime.RandoopTest3.test345, randoop.jodatime.RandoopTest3.test347, randoop.jodatime.RandoopTest3.test383, randoop.jodatime.RandoopTest3.test389, randoop.jodatime.RandoopTest3.test467, randoop.jodatime.RandoopTest3.test496, randoop.jodatime.RandoopTest4.test13, randoop.jodatime.RandoopTest4.test221, randoop.jodatime.RandoopTest4.test222, randoop.jodatime.RandoopTest4.test223, randoop.jodatime.RandoopTest4.test226, randoop.jodatime.RandoopTest4.test227, randoop.jodatime.RandoopTest4.test229, randoop.jodatime.RandoopTest4.test230, randoop.jodatime.RandoopTest4.test233, randoop.jodatime.RandoopTest4.test234, randoop.jodatime.RandoopTest4.test235, randoop.jodatime.RandoopTest4.test236, randoop.jodatime.RandoopTest4.test237, randoop.jodatime.RandoopTest4.test238, randoop.jodatime.RandoopTest4.test239, randoop.jodatime.RandoopTest4.test240, randoop.jodatime.RandoopTest4.test241, randoop.jodatime.RandoopTest4.test242, randoop.jodatime.RandoopTest4.test243, randoop.jodatime.RandoopTest4.test244, randoop.jodatime.RandoopTest4.test245, randoop.jodatime.RandoopTest4.test247, randoop.jodatime.RandoopTest4.test248, randoop.jodatime.RandoopTest4.test249, randoop.jodatime.RandoopTest4.test250, randoop.jodatime.RandoopTest4.test251, randoop.jodatime.RandoopTest4.test252, randoop.jodatime.RandoopTest4.test253, randoop.jodatime.RandoopTest4.test254, randoop.jodatime.RandoopTest4.test255, randoop.jodatime.RandoopTest4.test256, randoop.jodatime.RandoopTest4.test257, randoop.jodatime.RandoopTest4.test258, randoop.jodatime.RandoopTest4.test259, randoop.jodatime.RandoopTest4.test261, randoop.jodatime.RandoopTest4.test262, randoop.jodatime.RandoopTest4.test263, randoop.jodatime.RandoopTest4.test266, randoop.jodatime.RandoopTest4.test268, randoop.jodatime.RandoopTest4.test269, randoop.jodatime.RandoopTest4.test271, randoop.jodatime.RandoopTest4.test272, randoop.jodatime.RandoopTest4.test273, randoop.jodatime.RandoopTest4.test274, randoop.jodatime.RandoopTest4.test277, randoop.jodatime.RandoopTest4.test278, randoop.jodatime.RandoopTest4.test279, randoop.jodatime.RandoopTest4.test280, randoop.jodatime.RandoopTest4.test281, randoop.jodatime.RandoopTest4.test284, randoop.jodatime.RandoopTest4.test285, randoop.jodatime.RandoopTest4.test286, randoop.jodatime.RandoopTest4.test287, randoop.jodatime.RandoopTest4.test288, randoop.jodatime.RandoopTest4.test289, randoop.jodatime.RandoopTest4.test291, randoop.jodatime.RandoopTest4.test292, randoop.jodatime.RandoopTest4.test294, randoop.jodatime.RandoopTest4.test295, randoop.jodatime.RandoopTest4.test296, randoop.jodatime.RandoopTest4.test299, randoop.jodatime.RandoopTest4.test301, randoop.jodatime.RandoopTest4.test302, randoop.jodatime.RandoopTest4.test303, randoop.jodatime.RandoopTest4.test304, randoop.jodatime.RandoopTest4.test305, randoop.jodatime.RandoopTest4.test306, randoop.jodatime.RandoopTest4.test307, randoop.jodatime.RandoopTest4.test309]

Time each test takes to run in the new order:
[123973313, 31874878, 22241100, 24081637, 19127649, 18322077, 12417353, 10894185, 13022032, 11235366, 13984846, 7819226, 8397329, 6956795, 8086414, 9711000, 8269764, 9485988, 9430465, 8073997, 8260563, 6824011, 6653086, 8306635, 6683864, 224836382, 5612648, 9367189, 8850617, 7415134, 9476372, 8142692, 8758209, 7916320, 8093545, 7909221, 11300161, 8124117, 8256162, 7799039, 7802718, 10297355, 8319269, 7840442, 8050748, 8399670, 6019001, 2474738, 2875397, 2460418, 2678385, 2378414, 2722100, 2431095, 3145735, 2833148, 2473331, 7088583, 2610792, 3186142, 2416355, 2960559, 3290903, 2849542, 2612631, 2845208, 2853701, 2581532, 3081076, 2481771, 5860988, 5810752, 5127213, 5573978, 4248001, 5226403, 6855575, 9673715, 6732075, 6719530, 8050752, 6705998, 6424863, 6542874, 6708102, 6638646, 6729134, 6593850, 6706578, 7045122, 6682927, 6876421, 7027796, 6844579, 6691620, 6839070, 7121752, 3904901, 7267242, 2889421, 3080970, 2623496, 2767681, 3128374, 2530212, 3689636, 3328090, 3085496, 2845211, 2746287, 2730793, 3369506, 2780803, 3032968, 3241402, 3082841, 3231668, 3035819, 3193551, 5738577, 2919980, 2852791, 3028618, 2513982, 2941486, 2268768, 2308892, 2609417, 2292288, 2276951, 2320683, 2184564, 2340126, 2217770, 2515543, 2539471, 2603514, 2185874, 2164102, 2496444, 2612523, 3182810, 2147606, 2111842, 2112405, 2096431, 2061823, 2165605, 2327897, 2261916, 2322387, 2278323, 2366898, 2048451, 2314855, 2341642, 2364621, 2085544, 2339795, 2445285, 2187964, 2049729]

Dependent test list:
[Test: randoop.jodatime.RandoopTest0.test196, Intended behavior: FAILURE, when executed after: [randoop.jodatime.RandoopTest0.test192], The revealed different behavior: PASS, when executed after: [], Test: randoop.jodatime.RandoopTest0.test192, Intended behavior: FAILURE, when executed after: [randoop.jodatime.RandoopTest0.test165], The revealed different behavior: PASS, when executed after: [], Test: randoop.jodatime.RandoopTest0.test165, Intended behavior: FAILURE, when executed after: [randoop.jodatime.RandoopTest0.test135], The revealed different behavior: PASS, when executed after: [], Test: randoop.jodatime.RandoopTest0.test360, Intended behavior: FAILURE, when executed after: [randoop.jodatime.RandoopTest0.test338], The revealed different behavior: PASS, when executed after: [], Test: randoop.jodatime.RandoopTest0.test338, Intended behavior: FAILURE, when executed after: [randoop.jodatime.RandoopTest0.test325], The revealed different behavior: PASS, when executed after: [], Test: randoop.jodatime.RandoopTest0.test325, Intended behavior: FAILURE, when executed after: [randoop.jodatime.RandoopTest0.test196], The revealed different behavior: PASS, when executed after: [], Test: randoop.jodatime.RandoopTest1.test235, Intended behavior: FAILURE, when executed after: [randoop.jodatime.RandoopTest1.test181], The revealed different behavior: PASS, when executed after: [], Test: randoop.jodatime.RandoopTest1.test181, Intended behavior: FAILURE, when executed after: [randoop.jodatime.RandoopTest0.test498], The revealed different behavior: PASS, when executed after: [], Test: randoop.jodatime.RandoopTest2.test36, Intended behavior: FAILURE, when executed after: [randoop.jodatime.RandoopTest2.test21], The revealed different behavior: PASS, when executed after: [], Test: randoop.jodatime.RandoopTest2.test77, Intended behavior: FAILURE, when executed after: [randoop.jodatime.RandoopTest1.test467], The revealed different behavior: PASS, when executed after: [], Test: randoop.jodatime.RandoopTest2.test21, Intended behavior: FAILURE, when executed after: [randoop.jodatime.RandoopTest1.test235], The revealed different behavior: PASS, when executed after: [], Test: randoop.jodatime.RandoopTest2.test254, Intended behavior: FAILURE, when executed after: [randoop.jodatime.RandoopTest2.test212], The revealed different behavior: PASS, when executed after: [], Test: randoop.jodatime.RandoopTest2.test243, Intended behavior: FAILURE, when executed after: [randoop.jodatime.RandoopTest2.test36], The revealed different behavior: PASS, when executed after: [], Test: randoop.jodatime.RandoopTest2.test490, Intended behavior: FAILURE, when executed after: [randoop.jodatime.RandoopTest2.test487], The revealed different behavior: PASS, when executed after: [], Test: randoop.jodatime.RandoopTest2.test487, Intended behavior: FAILURE, when executed after: [randoop.jodatime.RandoopTest2.test356], The revealed different behavior: PASS, when executed after: [], Test: randoop.jodatime.RandoopTest2.test356, Intended behavior: FAILURE, when executed after: [randoop.jodatime.RandoopTest2.test243], The revealed different behavior: PASS, when executed after: [], Test: randoop.jodatime.RandoopTest2.test474, Intended behavior: FAILURE, when executed after: [randoop.jodatime.RandoopTest2.test376], The revealed different behavior: PASS, when executed after: [], Test: randoop.jodatime.RandoopTest2.test493, Intended behavior: FAILURE, when executed after: [randoop.jodatime.RandoopTest2.test490], The revealed different behavior: PASS, when executed after: [], Test: randoop.jodatime.RandoopTest3.test195, Intended behavior: FAILURE, when executed after: [randoop.jodatime.RandoopTest3.test193], The revealed different behavior: PASS, when executed after: [], Test: randoop.jodatime.RandoopTest3.test193, Intended behavior: FAILURE, when executed after: [randoop.jodatime.RandoopTest3.test189], The revealed different behavior: PASS, when executed after: [], Test: randoop.jodatime.RandoopTest3.test189, Intended behavior: FAILURE, when executed after: [randoop.jodatime.RandoopTest3.test185], The revealed different behavior: PASS, when executed after: [], Test: randoop.jodatime.RandoopTest3.test185, Intended behavior: FAILURE, when executed after: [randoop.jodatime.RandoopTest3.test161], The revealed different behavior: PASS, when executed after: [], Test: randoop.jodatime.RandoopTest3.test161, Intended behavior: FAILURE, when executed after: [randoop.jodatime.RandoopTest2.test493], The revealed different behavior: PASS, when executed after: [], Test: randoop.jodatime.RandoopTest3.test389, Intended behavior: FAILURE, when executed after: [randoop.jodatime.RandoopTest3.test383], The revealed different behavior: PASS, when executed after: [], Test: randoop.jodatime.RandoopTest3.test383, Intended behavior: FAILURE, when executed after: [randoop.jodatime.RandoopTest3.test347], The revealed different behavior: PASS, when executed after: [], Test: randoop.jodatime.RandoopTest3.test347, Intended behavior: FAILURE, when executed after: [randoop.jodatime.RandoopTest3.test345], The revealed different behavior: PASS, when executed after: [], Test: randoop.jodatime.RandoopTest3.test345, Intended behavior: FAILURE, when executed after: [randoop.jodatime.RandoopTest3.test316], The revealed different behavior: PASS, when executed after: [], Test: randoop.jodatime.RandoopTest3.test316, Intended behavior: FAILURE, when executed after: [randoop.jodatime.RandoopTest3.test315], The revealed different behavior: PASS, when executed after: [], Test: randoop.jodatime.RandoopTest3.test315, Intended behavior: FAILURE, when executed after: [randoop.jodatime.RandoopTest3.test195], The revealed different behavior: PASS, when executed after: [], Test: randoop.jodatime.RandoopTest3.test496, Intended behavior: FAILURE, when executed after: [randoop.jodatime.RandoopTest3.test467], The revealed different behavior: PASS, when executed after: [], Test: randoop.jodatime.RandoopTest3.test467, Intended behavior: FAILURE, when executed after: [randoop.jodatime.RandoopTest3.test389], The revealed different behavior: PASS, when executed after: [], Test: randoop.jodatime.RandoopTest4.test259, Intended behavior: FAILURE, when executed after: [randoop.jodatime.RandoopTest4.test221], The revealed different behavior: PASS, when executed after: [], Test: randoop.jodatime.RandoopTest4.test221, Intended behavior: FAILURE, when executed after: [randoop.jodatime.RandoopTest4.test13], The revealed different behavior: PASS, when executed after: [], Test: randoop.jodatime.RandoopTest4.test401, Intended behavior: FAILURE, when executed after: [randoop.jodatime.RandoopTest4.test259], The revealed different behavior: PASS, when executed after: [], Test: randoop.jodatime.RandoopTest4.test434, Intended behavior: FAILURE, when executed after: [randoop.jodatime.RandoopTest4.test401], The revealed different behavior: PASS, when executed after: [], Test: randoop.jodatime.RandoopTest4.test13, Intended behavior: FAILURE, when executed after: [randoop.jodatime.RandoopTest3.test496], The revealed different behavior: PASS, when executed after: [], Test: randoop.jodatime.RandoopTest2.test212, Intended behavior: FAILURE, when executed after: [randoop.jodatime.RandoopTest2.test77], The revealed different behavior: PASS, when executed after: [], Test: randoop.jodatime.RandoopTest2.test376, Intended behavior: FAILURE, when executed after: [randoop.jodatime.RandoopTest2.test254], The revealed different behavior: PASS, when executed after: []]
--------------------------
Execution time of TLG and its time to find/nullify any DTs for 1 machine (does not include the time to run the tests in the new order): 2.074
Number of tests selected out of total in original order: 164 / 2211
Number of DTs not fixed: 0
Number of DTs fixed: 0
Execution time for executing the following testing order: 1.892

Test order list:
[randoop.jodatime.RandoopTest4.test310, randoop.jodatime.RandoopTest4.test311, randoop.jodatime.RandoopTest4.test312, randoop.jodatime.RandoopTest4.test313, randoop.jodatime.RandoopTest4.test314, randoop.jodatime.RandoopTest4.test315, randoop.jodatime.RandoopTest4.test317, randoop.jodatime.RandoopTest4.test318, randoop.jodatime.RandoopTest4.test320, randoop.jodatime.RandoopTest4.test321, randoop.jodatime.RandoopTest4.test322, randoop.jodatime.RandoopTest4.test323, randoop.jodatime.RandoopTest4.test324, randoop.jodatime.RandoopTest4.test325, randoop.jodatime.RandoopTest4.test326, randoop.jodatime.RandoopTest4.test328, randoop.jodatime.RandoopTest4.test330, randoop.jodatime.RandoopTest4.test331, randoop.jodatime.RandoopTest4.test332, randoop.jodatime.RandoopTest4.test334, randoop.jodatime.RandoopTest4.test335, randoop.jodatime.RandoopTest4.test337, randoop.jodatime.RandoopTest4.test338, randoop.jodatime.RandoopTest4.test339, randoop.jodatime.RandoopTest4.test340, randoop.jodatime.RandoopTest4.test341, randoop.jodatime.RandoopTest4.test342, randoop.jodatime.RandoopTest4.test343, randoop.jodatime.RandoopTest4.test345, randoop.jodatime.RandoopTest4.test346, randoop.jodatime.RandoopTest4.test347, randoop.jodatime.RandoopTest4.test348, randoop.jodatime.RandoopTest4.test349, randoop.jodatime.RandoopTest4.test351, randoop.jodatime.RandoopTest4.test352, randoop.jodatime.RandoopTest4.test353, randoop.jodatime.RandoopTest4.test354, randoop.jodatime.RandoopTest4.test355, randoop.jodatime.RandoopTest4.test356, randoop.jodatime.RandoopTest4.test357, randoop.jodatime.RandoopTest4.test358, randoop.jodatime.RandoopTest4.test359, randoop.jodatime.RandoopTest4.test361, randoop.jodatime.RandoopTest4.test362, randoop.jodatime.RandoopTest4.test363, randoop.jodatime.RandoopTest4.test364, randoop.jodatime.RandoopTest4.test365, randoop.jodatime.RandoopTest4.test366, randoop.jodatime.RandoopTest4.test367, randoop.jodatime.RandoopTest4.test370, randoop.jodatime.RandoopTest4.test371, randoop.jodatime.RandoopTest4.test372, randoop.jodatime.RandoopTest4.test373, randoop.jodatime.RandoopTest4.test374, randoop.jodatime.RandoopTest4.test375, randoop.jodatime.RandoopTest4.test376, randoop.jodatime.RandoopTest4.test378, randoop.jodatime.RandoopTest4.test379, randoop.jodatime.RandoopTest4.test380, randoop.jodatime.RandoopTest4.test382, randoop.jodatime.RandoopTest4.test384, randoop.jodatime.RandoopTest4.test385, randoop.jodatime.RandoopTest4.test386, randoop.jodatime.RandoopTest4.test388, randoop.jodatime.RandoopTest4.test389, randoop.jodatime.RandoopTest4.test390, randoop.jodatime.RandoopTest4.test391, randoop.jodatime.RandoopTest4.test392, randoop.jodatime.RandoopTest4.test394, randoop.jodatime.RandoopTest4.test395, randoop.jodatime.RandoopTest4.test396, randoop.jodatime.RandoopTest4.test397, randoop.jodatime.RandoopTest4.test398, randoop.jodatime.RandoopTest4.test399, randoop.jodatime.RandoopTest0.test498, randoop.jodatime.RandoopTest1.test181, randoop.jodatime.RandoopTest1.test235, randoop.jodatime.RandoopTest2.test21, randoop.jodatime.RandoopTest2.test36, randoop.jodatime.RandoopTest2.test243, randoop.jodatime.RandoopTest2.test356, randoop.jodatime.RandoopTest2.test487, randoop.jodatime.RandoopTest2.test490, randoop.jodatime.RandoopTest2.test493, randoop.jodatime.RandoopTest3.test161, randoop.jodatime.RandoopTest3.test185, randoop.jodatime.RandoopTest3.test189, randoop.jodatime.RandoopTest3.test193, randoop.jodatime.RandoopTest3.test195, randoop.jodatime.RandoopTest3.test315, randoop.jodatime.RandoopTest3.test316, randoop.jodatime.RandoopTest3.test345, randoop.jodatime.RandoopTest3.test347, randoop.jodatime.RandoopTest3.test383, randoop.jodatime.RandoopTest3.test389, randoop.jodatime.RandoopTest3.test467, randoop.jodatime.RandoopTest3.test496, randoop.jodatime.RandoopTest4.test13, randoop.jodatime.RandoopTest4.test221, randoop.jodatime.RandoopTest4.test259, randoop.jodatime.RandoopTest4.test401, randoop.jodatime.RandoopTest4.test403, randoop.jodatime.RandoopTest4.test404, randoop.jodatime.RandoopTest4.test405, randoop.jodatime.RandoopTest4.test406, randoop.jodatime.RandoopTest4.test407, randoop.jodatime.RandoopTest4.test408, randoop.jodatime.RandoopTest4.test409, randoop.jodatime.RandoopTest4.test413, randoop.jodatime.RandoopTest4.test414, randoop.jodatime.RandoopTest4.test415, randoop.jodatime.RandoopTest4.test416, randoop.jodatime.RandoopTest4.test418, randoop.jodatime.RandoopTest4.test419, randoop.jodatime.RandoopTest4.test420, randoop.jodatime.RandoopTest4.test421, randoop.jodatime.RandoopTest4.test422, randoop.jodatime.RandoopTest4.test423, randoop.jodatime.RandoopTest4.test424, randoop.jodatime.RandoopTest4.test426, randoop.jodatime.RandoopTest4.test428, randoop.jodatime.RandoopTest4.test429, randoop.jodatime.RandoopTest4.test430, randoop.jodatime.RandoopTest4.test431, randoop.jodatime.RandoopTest4.test432, randoop.jodatime.RandoopTest4.test433, randoop.jodatime.RandoopTest4.test434, randoop.jodatime.RandoopTest4.test435, randoop.jodatime.RandoopTest4.test436, randoop.jodatime.RandoopTest4.test437, randoop.jodatime.RandoopTest4.test439, randoop.jodatime.RandoopTest4.test440, randoop.jodatime.RandoopTest4.test441, randoop.jodatime.RandoopTest4.test442, randoop.jodatime.RandoopTest4.test443, randoop.jodatime.RandoopTest4.test444, randoop.jodatime.RandoopTest4.test445, randoop.jodatime.RandoopTest4.test446, randoop.jodatime.RandoopTest4.test447, randoop.jodatime.RandoopTest4.test448, randoop.jodatime.RandoopTest4.test449, randoop.jodatime.RandoopTest4.test450, randoop.jodatime.RandoopTest4.test451, randoop.jodatime.RandoopTest4.test452, randoop.jodatime.RandoopTest4.test453, randoop.jodatime.RandoopTest4.test454, randoop.jodatime.RandoopTest4.test455, randoop.jodatime.RandoopTest4.test456, randoop.jodatime.RandoopTest4.test457, randoop.jodatime.RandoopTest4.test458, randoop.jodatime.RandoopTest4.test459, randoop.jodatime.RandoopTest4.test460, randoop.jodatime.RandoopTest4.test463, randoop.jodatime.RandoopTest4.test464, randoop.jodatime.RandoopTest4.test465, randoop.jodatime.RandoopTest4.test466, randoop.jodatime.RandoopTest4.test467, randoop.jodatime.RandoopTest4.test468, randoop.jodatime.RandoopTest4.test470, randoop.jodatime.RandoopTest4.test471, randoop.jodatime.RandoopTest4.test472, randoop.jodatime.RandoopTest4.test473, randoop.jodatime.RandoopTest4.test474, randoop.jodatime.RandoopTest4.test475]

Time each test takes to run in the new order:
[109708467, 30125287, 29490644, 27826859, 21618573, 23279681, 12999670, 11524176, 18656945, 9313672, 10384562, 7726923, 7562519, 8129607, 6830961, 11358476, 10509967, 9266650, 9728381, 8197751, 8718153, 7894894, 7604492, 8595602, 7788621, 23137806, 10886910, 10882501, 10563968, 11143989, 10517683, 11139957, 10611090, 10985293, 11679372, 14902961, 11165178, 10232008, 10183917, 10144309, 11526868, 10497706, 5243083, 4600226, 5567026, 4936707, 4667399, 4546875, 5455974, 4601388, 4974177, 5034793, 4522470, 5261070, 5378370, 5123635, 4624734, 7734440, 4712089, 4938582, 4916193, 4699862, 5035843, 4512287, 4585998, 5082344, 4771462, 5024932, 4917013, 4924582, 4686115, 4928548, 4567403, 4509660, 5612209, 5042611, 3562030, 7563035, 3163061, 3178066, 3213145, 3486172, 3225060, 3235500, 4494713, 3198768, 3062836, 3101607, 2990420, 3205328, 2999490, 3126282, 3355125, 3306582, 3154781, 3294609, 3288312, 3327637, 3039715, 3136961, 3621075, 2953737, 2841734, 2575853, 2312967, 2547006, 2979756, 3240686, 2821444, 2557986, 2772465, 3493456, 2652298, 2667869, 3736736, 2654596, 2223453, 68703307, 2553477, 788003908, 2207191, 2073379, 2452896, 2475522, 2482465, 2286111, 2413804, 2117029, 2289358, 2340794, 4348479, 2131756, 2191676, 2318887, 2337220, 2135776, 2357585, 2211055, 2349085, 2492921, 2254917, 2120645, 2684575, 2343485, 2099805, 2136027, 2745226, 3181862, 2138167, 2125268, 2338926, 2277226, 2090999, 2483304, 2380237, 2403876, 2258027, 2252838, 2438346, 2397437, 2081879, 5390874, 2383670, 2024006]

Dependent test list:
[Test: randoop.jodatime.RandoopTest0.test196, Intended behavior: FAILURE, when executed after: [randoop.jodatime.RandoopTest0.test192], The revealed different behavior: PASS, when executed after: [], Test: randoop.jodatime.RandoopTest0.test192, Intended behavior: FAILURE, when executed after: [randoop.jodatime.RandoopTest0.test165], The revealed different behavior: PASS, when executed after: [], Test: randoop.jodatime.RandoopTest0.test165, Intended behavior: FAILURE, when executed after: [randoop.jodatime.RandoopTest0.test135], The revealed different behavior: PASS, when executed after: [], Test: randoop.jodatime.RandoopTest0.test360, Intended behavior: FAILURE, when executed after: [randoop.jodatime.RandoopTest0.test338], The revealed different behavior: PASS, when executed after: [], Test: randoop.jodatime.RandoopTest0.test338, Intended behavior: FAILURE, when executed after: [randoop.jodatime.RandoopTest0.test325], The revealed different behavior: PASS, when executed after: [], Test: randoop.jodatime.RandoopTest0.test325, Intended behavior: FAILURE, when executed after: [randoop.jodatime.RandoopTest0.test196], The revealed different behavior: PASS, when executed after: [], Test: randoop.jodatime.RandoopTest1.test235, Intended behavior: FAILURE, when executed after: [randoop.jodatime.RandoopTest1.test181], The revealed different behavior: PASS, when executed after: [], Test: randoop.jodatime.RandoopTest1.test181, Intended behavior: FAILURE, when executed after: [randoop.jodatime.RandoopTest0.test498], The revealed different behavior: PASS, when executed after: [], Test: randoop.jodatime.RandoopTest2.test36, Intended behavior: FAILURE, when executed after: [randoop.jodatime.RandoopTest2.test21], The revealed different behavior: PASS, when executed after: [], Test: randoop.jodatime.RandoopTest2.test77, Intended behavior: FAILURE, when executed after: [randoop.jodatime.RandoopTest1.test467], The revealed different behavior: PASS, when executed after: [], Test: randoop.jodatime.RandoopTest2.test21, Intended behavior: FAILURE, when executed after: [randoop.jodatime.RandoopTest1.test235], The revealed different behavior: PASS, when executed after: [], Test: randoop.jodatime.RandoopTest2.test254, Intended behavior: FAILURE, when executed after: [randoop.jodatime.RandoopTest2.test212], The revealed different behavior: PASS, when executed after: [], Test: randoop.jodatime.RandoopTest2.test243, Intended behavior: FAILURE, when executed after: [randoop.jodatime.RandoopTest2.test36], The revealed different behavior: PASS, when executed after: [], Test: randoop.jodatime.RandoopTest2.test490, Intended behavior: FAILURE, when executed after: [randoop.jodatime.RandoopTest2.test487], The revealed different behavior: PASS, when executed after: [], Test: randoop.jodatime.RandoopTest2.test487, Intended behavior: FAILURE, when executed after: [randoop.jodatime.RandoopTest2.test356], The revealed different behavior: PASS, when executed after: [], Test: randoop.jodatime.RandoopTest2.test356, Intended behavior: FAILURE, when executed after: [randoop.jodatime.RandoopTest2.test243], The revealed different behavior: PASS, when executed after: [], Test: randoop.jodatime.RandoopTest2.test474, Intended behavior: FAILURE, when executed after: [randoop.jodatime.RandoopTest2.test376], The revealed different behavior: PASS, when executed after: [], Test: randoop.jodatime.RandoopTest2.test493, Intended behavior: FAILURE, when executed after: [randoop.jodatime.RandoopTest2.test490], The revealed different behavior: PASS, when executed after: [], Test: randoop.jodatime.RandoopTest3.test195, Intended behavior: FAILURE, when executed after: [randoop.jodatime.RandoopTest3.test193], The revealed different behavior: PASS, when executed after: [], Test: randoop.jodatime.RandoopTest3.test193, Intended behavior: FAILURE, when executed after: [randoop.jodatime.RandoopTest3.test189], The revealed different behavior: PASS, when executed after: [], Test: randoop.jodatime.RandoopTest3.test189, Intended behavior: FAILURE, when executed after: [randoop.jodatime.RandoopTest3.test185], The revealed different behavior: PASS, when executed after: [], Test: randoop.jodatime.RandoopTest3.test185, Intended behavior: FAILURE, when executed after: [randoop.jodatime.RandoopTest3.test161], The revealed different behavior: PASS, when executed after: [], Test: randoop.jodatime.RandoopTest3.test161, Intended behavior: FAILURE, when executed after: [randoop.jodatime.RandoopTest2.test493], The revealed different behavior: PASS, when executed after: [], Test: randoop.jodatime.RandoopTest3.test389, Intended behavior: FAILURE, when executed after: [randoop.jodatime.RandoopTest3.test383], The revealed different behavior: PASS, when executed after: [], Test: randoop.jodatime.RandoopTest3.test383, Intended behavior: FAILURE, when executed after: [randoop.jodatime.RandoopTest3.test347], The revealed different behavior: PASS, when executed after: [], Test: randoop.jodatime.RandoopTest3.test347, Intended behavior: FAILURE, when executed after: [randoop.jodatime.RandoopTest3.test345], The revealed different behavior: PASS, when executed after: [], Test: randoop.jodatime.RandoopTest3.test345, Intended behavior: FAILURE, when executed after: [randoop.jodatime.RandoopTest3.test316], The revealed different behavior: PASS, when executed after: [], Test: randoop.jodatime.RandoopTest3.test316, Intended behavior: FAILURE, when executed after: [randoop.jodatime.RandoopTest3.test315], The revealed different behavior: PASS, when executed after: [], Test: randoop.jodatime.RandoopTest3.test315, Intended behavior: FAILURE, when executed after: [randoop.jodatime.RandoopTest3.test195], The revealed different behavior: PASS, when executed after: [], Test: randoop.jodatime.RandoopTest3.test496, Intended behavior: FAILURE, when executed after: [randoop.jodatime.RandoopTest3.test467], The revealed different behavior: PASS, when executed after: [], Test: randoop.jodatime.RandoopTest3.test467, Intended behavior: FAILURE, when executed after: [randoop.jodatime.RandoopTest3.test389], The revealed different behavior: PASS, when executed after: [], Test: randoop.jodatime.RandoopTest4.test259, Intended behavior: FAILURE, when executed after: [randoop.jodatime.RandoopTest4.test221], The revealed different behavior: PASS, when executed after: [], Test: randoop.jodatime.RandoopTest4.test221, Intended behavior: FAILURE, when executed after: [randoop.jodatime.RandoopTest4.test13], The revealed different behavior: PASS, when executed after: [], Test: randoop.jodatime.RandoopTest4.test401, Intended behavior: FAILURE, when executed after: [randoop.jodatime.RandoopTest4.test259], The revealed different behavior: PASS, when executed after: [], Test: randoop.jodatime.RandoopTest4.test434, Intended behavior: FAILURE, when executed after: [randoop.jodatime.RandoopTest4.test401], The revealed different behavior: PASS, when executed after: [], Test: randoop.jodatime.RandoopTest4.test13, Intended behavior: FAILURE, when executed after: [randoop.jodatime.RandoopTest3.test496], The revealed different behavior: PASS, when executed after: [], Test: randoop.jodatime.RandoopTest2.test212, Intended behavior: FAILURE, when executed after: [randoop.jodatime.RandoopTest2.test77], The revealed different behavior: PASS, when executed after: [], Test: randoop.jodatime.RandoopTest2.test376, Intended behavior: FAILURE, when executed after: [randoop.jodatime.RandoopTest2.test254], The revealed different behavior: PASS, when executed after: []]
--------------------------
Execution time of TLG and its time to find/nullify any DTs for 1 machine (does not include the time to run the tests in the new order): 0.727
Number of tests selected out of total in original order: 138 / 2211
Number of DTs not fixed: 0
Number of DTs fixed: 0
Execution time for executing the following testing order: 0.600

Test order list:
[randoop.jodatime.RandoopTest4.test476, randoop.jodatime.RandoopTest4.test477, randoop.jodatime.RandoopTest4.test478, randoop.jodatime.RandoopTest4.test479, randoop.jodatime.RandoopTest4.test480, randoop.jodatime.RandoopTest4.test481, randoop.jodatime.RandoopTest4.test482, randoop.jodatime.RandoopTest4.test483, randoop.jodatime.RandoopTest4.test484, randoop.jodatime.RandoopTest4.test487, randoop.jodatime.RandoopTest4.test489, randoop.jodatime.RandoopTest4.test490, randoop.jodatime.RandoopTest4.test491, randoop.jodatime.RandoopTest4.test493, randoop.jodatime.RandoopTest4.test494, randoop.jodatime.RandoopTest4.test495, randoop.jodatime.RandoopTest4.test496, randoop.jodatime.RandoopTest4.test497, randoop.jodatime.RandoopTest4.test498, randoop.jodatime.RandoopTest4.test499, randoop.jodatime.RandoopTest4.test500, randoop.jodatime.RandoopTest5.test1, randoop.jodatime.RandoopTest5.test2, randoop.jodatime.RandoopTest5.test3, randoop.jodatime.RandoopTest5.test4, randoop.jodatime.RandoopTest5.test5, randoop.jodatime.RandoopTest5.test6, randoop.jodatime.RandoopTest5.test8, randoop.jodatime.RandoopTest5.test9, randoop.jodatime.RandoopTest5.test10, randoop.jodatime.RandoopTest5.test11, randoop.jodatime.RandoopTest5.test12, randoop.jodatime.RandoopTest5.test13, randoop.jodatime.RandoopTest5.test14, randoop.jodatime.RandoopTest5.test16, randoop.jodatime.RandoopTest5.test17, randoop.jodatime.RandoopTest5.test18, randoop.jodatime.RandoopTest5.test19, randoop.jodatime.RandoopTest5.test21, randoop.jodatime.RandoopTest5.test23, randoop.jodatime.RandoopTest5.test24, randoop.jodatime.RandoopTest5.test25, randoop.jodatime.RandoopTest5.test26, randoop.jodatime.RandoopTest5.test27, randoop.jodatime.RandoopTest5.test28, randoop.jodatime.RandoopTest5.test30, randoop.jodatime.RandoopTest5.test32, randoop.jodatime.RandoopTest5.test33, randoop.jodatime.RandoopTest5.test34, randoop.jodatime.RandoopTest5.test35, randoop.jodatime.RandoopTest5.test36, randoop.jodatime.RandoopTest5.test37, randoop.jodatime.RandoopTest5.test38, randoop.jodatime.RandoopTest5.test39, randoop.jodatime.RandoopTest5.test40, randoop.jodatime.RandoopTest5.test41, randoop.jodatime.RandoopTest5.test42, randoop.jodatime.RandoopTest5.test43, randoop.jodatime.RandoopTest5.test44, randoop.jodatime.RandoopTest5.test46, randoop.jodatime.RandoopTest5.test48, randoop.jodatime.RandoopTest5.test49, randoop.jodatime.RandoopTest5.test50, randoop.jodatime.RandoopTest5.test51, randoop.jodatime.RandoopTest5.test52, randoop.jodatime.RandoopTest5.test53, randoop.jodatime.RandoopTest5.test54, randoop.jodatime.RandoopTest5.test55, randoop.jodatime.RandoopTest5.test56, randoop.jodatime.RandoopTest5.test58, randoop.jodatime.RandoopTest5.test59, randoop.jodatime.RandoopTest5.test60, randoop.jodatime.RandoopTest5.test61, randoop.jodatime.RandoopTest5.test62, randoop.jodatime.RandoopTest5.test63, randoop.jodatime.RandoopTest5.test64, randoop.jodatime.RandoopTest5.test65, randoop.jodatime.RandoopTest5.test66, randoop.jodatime.RandoopTest5.test67, randoop.jodatime.RandoopTest5.test68, randoop.jodatime.RandoopTest5.test69, randoop.jodatime.RandoopTest5.test70, randoop.jodatime.RandoopTest5.test71, randoop.jodatime.RandoopTest5.test74, randoop.jodatime.RandoopTest5.test77, randoop.jodatime.RandoopTest5.test79, randoop.jodatime.RandoopTest5.test81, randoop.jodatime.RandoopTest5.test82, randoop.jodatime.RandoopTest5.test83, randoop.jodatime.RandoopTest5.test84, randoop.jodatime.RandoopTest5.test85, randoop.jodatime.RandoopTest5.test87, randoop.jodatime.RandoopTest5.test88, randoop.jodatime.RandoopTest5.test89, randoop.jodatime.RandoopTest5.test90, randoop.jodatime.RandoopTest5.test91, randoop.jodatime.RandoopTest5.test92, randoop.jodatime.RandoopTest5.test93, randoop.jodatime.RandoopTest5.test94, randoop.jodatime.RandoopTest5.test95, randoop.jodatime.RandoopTest5.test99, randoop.jodatime.RandoopTest5.test100, randoop.jodatime.RandoopTest5.test101, randoop.jodatime.RandoopTest5.test103, randoop.jodatime.RandoopTest5.test104, randoop.jodatime.RandoopTest5.test105, randoop.jodatime.RandoopTest5.test106, randoop.jodatime.RandoopTest5.test107, randoop.jodatime.RandoopTest5.test108, randoop.jodatime.RandoopTest5.test109, randoop.jodatime.RandoopTest5.test110, randoop.jodatime.RandoopTest5.test112, randoop.jodatime.RandoopTest5.test114, randoop.jodatime.RandoopTest5.test115, randoop.jodatime.RandoopTest5.test116, randoop.jodatime.RandoopTest5.test117, randoop.jodatime.RandoopTest5.test118, randoop.jodatime.RandoopTest5.test119, randoop.jodatime.RandoopTest5.test120, randoop.jodatime.RandoopTest5.test121, randoop.jodatime.RandoopTest5.test122, randoop.jodatime.RandoopTest5.test123, randoop.jodatime.RandoopTest5.test124, randoop.jodatime.RandoopTest5.test125, randoop.jodatime.RandoopTest5.test126, randoop.jodatime.RandoopTest5.test127, randoop.jodatime.RandoopTest5.test128, randoop.jodatime.RandoopTest5.test129, randoop.jodatime.RandoopTest5.test130, randoop.jodatime.RandoopTest5.test131, randoop.jodatime.RandoopTest5.test132, randoop.jodatime.RandoopTest5.test133, randoop.jodatime.RandoopTest5.test134, randoop.jodatime.RandoopTest5.test135, randoop.jodatime.RandoopTest5.test136, randoop.jodatime.RandoopTest5.test137, randoop.jodatime.RandoopTest5.test138, randoop.jodatime.RandoopTest5.test139]

Time each test takes to run in the new order:
[113897212, 43984117, 26326009, 23436172, 20351817, 17348276, 11918245, 11408965, 9823049, 17213933, 9286188, 8638841, 9398004, 8344876, 7623958, 10280738, 10435395, 8744411, 8063584, 8116004, 7804806, 3737105, 2450841, 3076384, 3138965, 2409481, 3624937, 3518171, 3298272, 4093585, 2294582, 2220693, 8443501, 2582835, 2466052, 2835599, 3076223, 2886255, 3380780, 3494318, 1968927, 1903027, 1888123, 1898224, 1954144, 1778777, 2401660, 1934529, 5591211, 2236321, 1875492, 3486038, 2260535, 1769813, 1834148, 1794166, 1828507, 2731742, 1823264, 1950688, 4337451, 2065064, 1406259, 1460922, 1363084, 1395359, 1342916, 1599903, 1253438, 1324098, 1246623, 1548672, 1417272, 1738035, 1418117, 1567930, 1391675, 2686660, 1001987, 1078328, 1374010, 1060102, 1336826, 2075529, 1164682, 1352226, 1390614, 978497, 967839, 992635, 965838, 1402962, 1003299, 962741, 1340487, 963684, 1808336, 1090053, 909950, 1557283, 869171, 1219374, 837444, 933437, 1410814, 1205937, 1244196, 1344541, 843510, 807627, 848092, 965495, 1142855, 1249592, 862026, 838948, 1176568, 3140650, 1205893, 949967, 1216321, 1086278, 1061435, 833287, 1166295, 944444, 1137749, 978989, 813593, 1178280, 1110302, 953171, 1465973, 813671, 1233792, 910426, 1370216, 1134094]

Dependent test list:
[Test: randoop.jodatime.RandoopTest0.test196, Intended behavior: FAILURE, when executed after: [randoop.jodatime.RandoopTest0.test192], The revealed different behavior: PASS, when executed after: [], Test: randoop.jodatime.RandoopTest0.test192, Intended behavior: FAILURE, when executed after: [randoop.jodatime.RandoopTest0.test165], The revealed different behavior: PASS, when executed after: [], Test: randoop.jodatime.RandoopTest0.test165, Intended behavior: FAILURE, when executed after: [randoop.jodatime.RandoopTest0.test135], The revealed different behavior: PASS, when executed after: [], Test: randoop.jodatime.RandoopTest0.test360, Intended behavior: FAILURE, when executed after: [randoop.jodatime.RandoopTest0.test338], The revealed different behavior: PASS, when executed after: [], Test: randoop.jodatime.RandoopTest0.test338, Intended behavior: FAILURE, when executed after: [randoop.jodatime.RandoopTest0.test325], The revealed different behavior: PASS, when executed after: [], Test: randoop.jodatime.RandoopTest0.test325, Intended behavior: FAILURE, when executed after: [randoop.jodatime.RandoopTest0.test196], The revealed different behavior: PASS, when executed after: [], Test: randoop.jodatime.RandoopTest1.test235, Intended behavior: FAILURE, when executed after: [randoop.jodatime.RandoopTest1.test181], The revealed different behavior: PASS, when executed after: [], Test: randoop.jodatime.RandoopTest1.test181, Intended behavior: FAILURE, when executed after: [randoop.jodatime.RandoopTest0.test498], The revealed different behavior: PASS, when executed after: [], Test: randoop.jodatime.RandoopTest2.test36, Intended behavior: FAILURE, when executed after: [randoop.jodatime.RandoopTest2.test21], The revealed different behavior: PASS, when executed after: [], Test: randoop.jodatime.RandoopTest2.test77, Intended behavior: FAILURE, when executed after: [randoop.jodatime.RandoopTest1.test467], The revealed different behavior: PASS, when executed after: [], Test: randoop.jodatime.RandoopTest2.test21, Intended behavior: FAILURE, when executed after: [randoop.jodatime.RandoopTest1.test235], The revealed different behavior: PASS, when executed after: [], Test: randoop.jodatime.RandoopTest2.test254, Intended behavior: FAILURE, when executed after: [randoop.jodatime.RandoopTest2.test212], The revealed different behavior: PASS, when executed after: [], Test: randoop.jodatime.RandoopTest2.test243, Intended behavior: FAILURE, when executed after: [randoop.jodatime.RandoopTest2.test36], The revealed different behavior: PASS, when executed after: [], Test: randoop.jodatime.RandoopTest2.test490, Intended behavior: FAILURE, when executed after: [randoop.jodatime.RandoopTest2.test487], The revealed different behavior: PASS, when executed after: [], Test: randoop.jodatime.RandoopTest2.test487, Intended behavior: FAILURE, when executed after: [randoop.jodatime.RandoopTest2.test356], The revealed different behavior: PASS, when executed after: [], Test: randoop.jodatime.RandoopTest2.test356, Intended behavior: FAILURE, when executed after: [randoop.jodatime.RandoopTest2.test243], The revealed different behavior: PASS, when executed after: [], Test: randoop.jodatime.RandoopTest2.test474, Intended behavior: FAILURE, when executed after: [randoop.jodatime.RandoopTest2.test376], The revealed different behavior: PASS, when executed after: [], Test: randoop.jodatime.RandoopTest2.test493, Intended behavior: FAILURE, when executed after: [randoop.jodatime.RandoopTest2.test490], The revealed different behavior: PASS, when executed after: [], Test: randoop.jodatime.RandoopTest3.test195, Intended behavior: FAILURE, when executed after: [randoop.jodatime.RandoopTest3.test193], The revealed different behavior: PASS, when executed after: [], Test: randoop.jodatime.RandoopTest3.test193, Intended behavior: FAILURE, when executed after: [randoop.jodatime.RandoopTest3.test189], The revealed different behavior: PASS, when executed after: [], Test: randoop.jodatime.RandoopTest3.test189, Intended behavior: FAILURE, when executed after: [randoop.jodatime.RandoopTest3.test185], The revealed different behavior: PASS, when executed after: [], Test: randoop.jodatime.RandoopTest3.test185, Intended behavior: FAILURE, when executed after: [randoop.jodatime.RandoopTest3.test161], The revealed different behavior: PASS, when executed after: [], Test: randoop.jodatime.RandoopTest3.test161, Intended behavior: FAILURE, when executed after: [randoop.jodatime.RandoopTest2.test493], The revealed different behavior: PASS, when executed after: [], Test: randoop.jodatime.RandoopTest3.test389, Intended behavior: FAILURE, when executed after: [randoop.jodatime.RandoopTest3.test383], The revealed different behavior: PASS, when executed after: [], Test: randoop.jodatime.RandoopTest3.test383, Intended behavior: FAILURE, when executed after: [randoop.jodatime.RandoopTest3.test347], The revealed different behavior: PASS, when executed after: [], Test: randoop.jodatime.RandoopTest3.test347, Intended behavior: FAILURE, when executed after: [randoop.jodatime.RandoopTest3.test345], The revealed different behavior: PASS, when executed after: [], Test: randoop.jodatime.RandoopTest3.test345, Intended behavior: FAILURE, when executed after: [randoop.jodatime.RandoopTest3.test316], The revealed different behavior: PASS, when executed after: [], Test: randoop.jodatime.RandoopTest3.test316, Intended behavior: FAILURE, when executed after: [randoop.jodatime.RandoopTest3.test315], The revealed different behavior: PASS, when executed after: [], Test: randoop.jodatime.RandoopTest3.test315, Intended behavior: FAILURE, when executed after: [randoop.jodatime.RandoopTest3.test195], The revealed different behavior: PASS, when executed after: [], Test: randoop.jodatime.RandoopTest3.test496, Intended behavior: FAILURE, when executed after: [randoop.jodatime.RandoopTest3.test467], The revealed different behavior: PASS, when executed after: [], Test: randoop.jodatime.RandoopTest3.test467, Intended behavior: FAILURE, when executed after: [randoop.jodatime.RandoopTest3.test389], The revealed different behavior: PASS, when executed after: [], Test: randoop.jodatime.RandoopTest4.test259, Intended behavior: FAILURE, when executed after: [randoop.jodatime.RandoopTest4.test221], The revealed different behavior: PASS, when executed after: [], Test: randoop.jodatime.RandoopTest4.test221, Intended behavior: FAILURE, when executed after: [randoop.jodatime.RandoopTest4.test13], The revealed different behavior: PASS, when executed after: [], Test: randoop.jodatime.RandoopTest4.test401, Intended behavior: FAILURE, when executed after: [randoop.jodatime.RandoopTest4.test259], The revealed different behavior: PASS, when executed after: [], Test: randoop.jodatime.RandoopTest4.test434, Intended behavior: FAILURE, when executed after: [randoop.jodatime.RandoopTest4.test401], The revealed different behavior: PASS, when executed after: [], Test: randoop.jodatime.RandoopTest4.test13, Intended behavior: FAILURE, when executed after: [randoop.jodatime.RandoopTest3.test496], The revealed different behavior: PASS, when executed after: [], Test: randoop.jodatime.RandoopTest2.test212, Intended behavior: FAILURE, when executed after: [randoop.jodatime.RandoopTest2.test77], The revealed different behavior: PASS, when executed after: [], Test: randoop.jodatime.RandoopTest2.test376, Intended behavior: FAILURE, when executed after: [randoop.jodatime.RandoopTest2.test254], The revealed different behavior: PASS, when executed after: []]
--------------------------
Total time (of all machines and iterations plus initial TestListGenerator): 15.808
New order time: 1.892
Total number of tests executed in all machines out of total in original order: 2343 / 2211