The following arguments were used to generate this output.
[-technique, parallelization, -order, time, -timeOrder, /home/winglam/dt-copy3/dependent-tests-impact/experiments/xml-security-orig-v1//xml_security-orig-time.txt, -origOrder, xml_security-orig-order, -testInputDir, /home/winglam/dt-copy3/dependent-tests-impact/experiments/xml-security-orig-v1//sootTestOutput-orig, -filesToDelete, xml_security-env-files, -numOfMachines, 4, -project, XML Security, -testType, orig, -timesToRun, 5, -outputDir, /home/winglam/dt-copy3/dependent-tests-impact/experiments/parallelization-results, -dependentTestFile, /home/winglam/dt-copy3/dependent-tests-impact/experiments/parallelization-dt-list/parallelization-XML Security-orig-4-time.txt]

Execution time of TLG and its time to find/nullify any DTs for 1 machine (does not include the time to run the tests in the new order): 0.741
Number of tests selected out of total in original order: 31 / 97
Number of DTs not fixed: 0
Number of DTs fixed: 0
Execution time for executing the following testing order: 0.448

Test order list:
[org.apache.xml.security.test.algorithms.implementations.AESWrapperTest.test41, org.apache.xml.security.test.algorithms.implementations.AESWrapperTest.test42, org.apache.xml.security.test.algorithms.implementations.AESWrapperTest.test43, org.apache.xml.security.test.algorithms.implementations.AESWrapperTest.test46, org.apache.xml.security.test.c14n.helper.C14nHelperTest.testNamespaceIsAbsolute01, org.apache.xml.security.test.c14n.implementations.Canonicalizer20010315ExclusiveTest.test221, org.apache.xml.security.test.c14n.implementations.Canonicalizer20010315Test.test31withComments, org.apache.xml.security.test.c14n.implementations.Canonicalizer20010315Test.test32, org.apache.xml.security.test.c14n.implementations.Canonicalizer20010315Test.test33, org.apache.xml.security.test.c14n.implementations.Canonicalizer20010315Test.test37, org.apache.xml.security.test.c14n.implementations.ExclusiveC14NInterop.test_Y2, org.apache.xml.security.test.external.org.apache.xalan.XPathAPI.AttributeAncestorOrSelf.test03, org.apache.xml.security.test.external.org.apache.xalan.XPathAPI.XalanBug1425Test.testBad01, org.apache.xml.security.test.external.org.apache.xalan.XPathAPI.XalanBug1425Test.testBad02, org.apache.xml.security.test.interop.BaltimoreTest.test_fifteen_external_dsa, org.apache.xml.security.test.interop.IAIKTest.test_coreFeatures_signatures_manifestSignature_manifest, org.apache.xml.security.test.interop.IAIKTest.test_coreFeatures_signatures_signatureTypesSignature, org.apache.xml.security.test.interop.IAIKTest.test_coreFeatures_signatures_anonymousReferenceSignature, org.apache.xml.security.test.interop.IAIKTest.test_signatureAlgorithms_signatures_rSASignature, org.apache.xml.security.test.interop.IAIKTest.test_transforms_signatures_envelopedSignatureSignature, org.apache.xml.security.test.interop.IBMTest.test_detached_dsa, org.apache.xml.security.test.interop.IBMTest.test_enveloping_dsa, org.apache.xml.security.test.signature.XMLSignatureInputTest.testSetOctetStreamGetNodeSet1, org.apache.xml.security.test.signature.XMLSignatureInputTest.testSetOctetStreamGetNodeSet2, org.apache.xml.security.test.signature.XMLSignatureInputTest.testSetOctetStreamGetNodeSet3, org.apache.xml.security.test.signature.XMLSignatureInputTest.testSetOctetStreamGetNodeSet4, org.apache.xml.security.test.signature.XMLSignatureInputTest.testOctetStreamIsOctetStream, org.apache.xml.security.test.signature.XMLSignatureInputTest.testIsInitializedWithNodeSet, org.apache.xml.security.test.signature.XMLSignatureInputTest.testNodeSetIsNotOctetStream, org.apache.xml.security.test.transforms.implementations.TransformBase64DecodeTest.test2, org.apache.xml.security.test.utils.resolver.ResourceResolverSpiTest.testExpandSystemId_1]

Time each test takes to run in the new order:
[169896496, 3162518, 3360842, 5594439, 648045, 4845156, 17733210, 2573668, 3691036, 78023358, 54702909, 3009044, 13573919, 1666330, 9821640, 14944985, 31197982, 5382943, 4424602, 3898168, 2126555, 1227081, 2058031, 1767287, 1686591, 1927117, 208850, 1739325, 1636363, 1384934, 310580]

Dependent test list:
[Test: org.apache.xml.security.test.c14n.implementations.ExclusiveC14NInterop.test_Y5, Intended behavior: FAILURE, when executed after: [org.apache.xml.security.test.algorithms.implementations.BlockEncryptionTest.test_AES128], The revealed different behavior: PASS, when executed after: []]
--------------------------
Execution time of TLG and its time to find/nullify any DTs for 1 machine (does not include the time to run the tests in the new order): 0.894
Number of tests selected out of total in original order: 31 / 97
Number of DTs not fixed: 0
Number of DTs fixed: 0
Execution time for executing the following testing order: 0.625

Test order list:
[org.apache.xml.security.test.algorithms.implementations.AESWrapperTest.test45, org.apache.xml.security.test.algorithms.implementations.TripleDESWrapperTest.test34, org.apache.xml.security.test.c14n.helper.C14nHelperTest.testNamespaceIsAbsolute02, org.apache.xml.security.test.c14n.helper.C14nHelperTest.testNamespaceIsRelative01, org.apache.xml.security.test.c14n.implementations.Canonicalizer20010315ExclusiveTest.test222, org.apache.xml.security.test.c14n.implementations.Canonicalizer20010315ExclusiveTest.test221excl, org.apache.xml.security.test.c14n.implementations.Canonicalizer20010315ExclusiveTest.test222excl, org.apache.xml.security.test.c14n.implementations.Canonicalizer20010315Test.test36, org.apache.xml.security.test.c14n.implementations.Canonicalizer20010315Test.test37byNodeList, org.apache.xml.security.test.c14n.implementations.Canonicalizer20010315Test.testRelativeNSbehaviour, org.apache.xml.security.test.c14n.implementations.Canonicalizer20010315Test.testXMLAttributes1, org.apache.xml.security.test.c14n.implementations.ExclusiveC14NInterop.test_Y3, org.apache.xml.security.test.external.org.apache.xalan.XPathAPI.XalanBug1425Test.testBad03, org.apache.xml.security.test.external.org.apache.xalan.XPathAPI.XalanBug1425Test.testGood01, org.apache.xml.security.test.external.org.apache.xalan.XPathAPI.XalanBug1425Test.testGood02, org.apache.xml.security.test.interop.BaltimoreTest.test_fifteen_enveloping_hmac_sha1, org.apache.xml.security.test.interop.BaltimoreTest.test_fifteen_enveloped_dsa, org.apache.xml.security.test.interop.BaltimoreTest.test_fifteen_enveloping_dsa, org.apache.xml.security.test.interop.BaltimoreTest.test_sixteen_external_dsa, org.apache.xml.security.test.interop.IAIKTest.test_signatureAlgorithms_signatures_hMACSignature, org.apache.xml.security.test.interop.IAIKTest.test_transforms_signatures_base64DecodeSignature, org.apache.xml.security.test.interop.IBMTest.test_enveloping_hmac, org.apache.xml.security.test.interop.IBMTest.test_detached_rsa, org.apache.xml.security.test.interop.IBMTest.test_enveloping_dsa_soaped_broken, org.apache.xml.security.test.interop.RSASecurityTest.test_enveloping, org.apache.xml.security.test.interop.RSASecurityTest.test_enveloped, org.apache.xml.security.test.signature.XMLSignatureInputTest.testSetNodeSetGetNodeSet1, org.apache.xml.security.test.signature.XMLSignatureInputTest.testSetNodeSetGetOctetStream1, org.apache.xml.security.test.signature.XMLSignatureInputTest.testOctetStreamIsNotNodeSet, org.apache.xml.security.test.utils.Base64Test.testA1, org.apache.xml.security.test.utils.resolver.ResourceResolverSpiTest.testExpandSystemId_2]

Time each test takes to run in the new order:
[170409139, 8008099, 648589, 215886, 4899039, 2570839, 2178397, 13727424, 84667815, 1623543, 3327265, 55928141, 21144279, 1739839, 1620296, 9179363, 10794355, 8411325, 191439513, 3387169, 10378994, 1648910, 1250768, 1284194, 4660969, 3604889, 1704843, 1584581, 213135, 273923, 2092749]

Dependent test list:
[Test: org.apache.xml.security.test.c14n.implementations.ExclusiveC14NInterop.test_Y5, Intended behavior: FAILURE, when executed after: [org.apache.xml.security.test.algorithms.implementations.BlockEncryptionTest.test_AES128], The revealed different behavior: PASS, when executed after: []]
--------------------------
Execution time of TLG and its time to find/nullify any DTs for 1 machine (does not include the time to run the tests in the new order): 0.782
Number of tests selected out of total in original order: 34 / 97
Number of DTs not fixed: 0
Number of DTs fixed: 0
Execution time for executing the following testing order: 0.511

Test order list:
[org.apache.xml.security.test.algorithms.implementations.AESWrapperTest.test44, org.apache.xml.security.test.c14n.helper.C14nHelperTest.testNamespaceIsAbsolute03, org.apache.xml.security.test.c14n.helper.C14nHelperTest.testNamespaceIsRelative02, org.apache.xml.security.test.c14n.implementations.C14NInterop.test_Y4_stripped, org.apache.xml.security.test.c14n.implementations.Canonicalizer20010315ExclusiveTest.testA, org.apache.xml.security.test.c14n.implementations.Canonicalizer20010315Test.test31, org.apache.xml.security.test.c14n.implementations.Canonicalizer20010315Test.test34validatingParser, org.apache.xml.security.test.c14n.implementations.Canonicalizer20010315Test.test35, org.apache.xml.security.test.c14n.implementations.Canonicalizer20010315Test.testTranslationFromUTF16toUTF8, org.apache.xml.security.test.c14n.implementations.Canonicalizer20010315Test.testXMLAttributes2, org.apache.xml.security.test.c14n.implementations.Canonicalizer20010315Test.testXMLAttributes3, org.apache.xml.security.test.c14n.implementations.ExclusiveC14NInterop.test_Y1, org.apache.xml.security.test.external.org.apache.xalan.XPathAPI.AttributeAncestorOrSelf.test01, org.apache.xml.security.test.external.org.apache.xalan.XPathAPI.AttributeAncestorOrSelf.test02, org.apache.xml.security.test.external.org.apache.xalan.XPathAPI.XalanBug1425Test.testGood03, org.apache.xml.security.test.external.org.apache.xalan.XPathAPI.XalanBug1425Test.testGood04, org.apache.xml.security.test.external.org.apache.xalan.XPathAPI.XalanBug1425Test.testGood05, org.apache.xml.security.test.interop.BaltimoreTest.test_fifteen_enveloping_hmac_sha1_40, org.apache.xml.security.test.interop.BaltimoreTest.test_fifteen_enveloping_b64_dsa, org.apache.xml.security.test.interop.BaltimoreTest.test_fifteen_enveloping_rsa, org.apache.xml.security.test.interop.BaltimoreTest.test_fifteen_external_b64_dsa, org.apache.xml.security.test.interop.IAIKTest.test_signatureAlgorithms_signatures_hMACShortSignature, org.apache.xml.security.test.interop.IAIKTest.test_coreFeatures_signatures_manifestSignature_core, org.apache.xml.security.test.interop.IAIKTest.test_signatureAlgorithms_signatures_dSASignature, org.apache.xml.security.test.interop.IAIKTest.test_transforms_signatures_c14nSignature, org.apache.xml.security.test.interop.IAIKTest.test_transforms_signatures_xPathSignature, org.apache.xml.security.test.interop.IBMTest.test_enveloped_dsa, org.apache.xml.security.test.interop.IBMTest.test_enveloped_rsa, org.apache.xml.security.test.interop.IBMTest.test_enveloping_rsa, org.apache.xml.security.test.signature.XMLSignatureInputTest.testSetOctetStreamGetOctetStream, org.apache.xml.security.test.signature.XMLSignatureInputTest.testIsInitializedWithOctetStream, org.apache.xml.security.test.signature.XMLSignatureInputTest.testNodeSetIsNodeSet, org.apache.xml.security.test.transforms.implementations.TransformBase64DecodeTest.test1, org.apache.xml.security.test.transforms.implementations.TransformBase64DecodeTest.test3]

Time each test takes to run in the new order:
[171831805, 944235, 222035, 109961303, 43640044, 15905628, 3458995, 3796522, 42259462, 5758687, 2324852, 16186187, 2412573, 2355029, 1853595, 1574901, 1567805, 7499178, 9635246, 11199361, 13335939, 3593014, 5624503, 6587432, 6924620, 11613784, 1407163, 1196272, 1199589, 299200, 204568, 1706932, 1144331, 2272800]

Dependent test list:
[Test: org.apache.xml.security.test.c14n.implementations.ExclusiveC14NInterop.test_Y5, Intended behavior: FAILURE, when executed after: [org.apache.xml.security.test.algorithms.implementations.BlockEncryptionTest.test_AES128], The revealed different behavior: PASS, when executed after: []]
--------------------------
Execution time of TLG and its time to find/nullify any DTs for 1 machine (does not include the time to run the tests in the new order): 1.763
Number of tests selected out of total in original order: 2 / 97
Number of DTs not fixed: 0
Number of DTs fixed: 0
Execution time for executing the following testing order: 1.659

Test order list:
[org.apache.xml.security.test.algorithms.implementations.BlockEncryptionTest.test_AES128, org.apache.xml.security.test.c14n.implementations.ExclusiveC14NInterop.test_Y5]

Time each test takes to run in the new order:
[209853397, 1449129239]

Dependent test list:
[Test: org.apache.xml.security.test.c14n.implementations.ExclusiveC14NInterop.test_Y5, Intended behavior: FAILURE, when executed after: [org.apache.xml.security.test.algorithms.implementations.BlockEncryptionTest.test_AES128], The revealed different behavior: PASS, when executed after: []]
--------------------------
Total time (of all machines and iterations plus initial TestListGenerator): 3.307
New order time: 1.659
Total number of tests executed in all machines out of total in original order: 98 / 97