The following arguments were used to generate this output.
[-technique, parallelization, -order, time, -timeOrder, /home/winglam/dt-copy3/dependent-tests-impact/experiments/xml-security-orig-v1//xml_security-orig-time.txt, -origOrder, xml_security-orig-order, -testInputDir, /home/winglam/dt-copy3/dependent-tests-impact/experiments/xml-security-orig-v1//sootTestOutput-orig, -filesToDelete, xml_security-env-files, -numOfMachines, 16, -project, XML Security, -testType, orig, -timesToRun, 5, -outputDir, /home/winglam/dt-copy3/dependent-tests-impact/experiments/parallelization-results, -dependentTestFile, /home/winglam/dt-copy3/dependent-tests-impact/experiments/parallelization-dt-list/parallelization-XML Security-orig-16-time.txt]

Execution time of TLG and its time to find/nullify any DTs for 1 machine (does not include the time to run the tests in the new order): 0.592
Number of tests selected out of total in original order: 11 / 97
Number of DTs not fixed: 0
Number of DTs fixed: 0
Execution time for executing the following testing order: 0.314

Test order list:
[org.apache.xml.security.test.algorithms.implementations.AESWrapperTest.test43, org.apache.xml.security.test.algorithms.implementations.TripleDESWrapperTest.test34, org.apache.xml.security.test.c14n.helper.C14nHelperTest.testNamespaceIsAbsolute03, org.apache.xml.security.test.c14n.implementations.Canonicalizer20010315Test.testXMLAttributes2, org.apache.xml.security.test.interop.BaltimoreTest.test_fifteen_enveloping_dsa, org.apache.xml.security.test.interop.BaltimoreTest.test_fifteen_external_dsa, org.apache.xml.security.test.interop.IAIKTest.test_coreFeatures_signatures_anonymousReferenceSignature, org.apache.xml.security.test.signature.XMLSignatureInputTest.testSetOctetStreamGetNodeSet2, org.apache.xml.security.test.signature.XMLSignatureInputTest.testSetNodeSetGetOctetStream1, org.apache.xml.security.test.signature.XMLSignatureInputTest.testOctetStreamIsOctetStream, org.apache.xml.security.test.transforms.implementations.TransformBase64DecodeTest.test1]

Time each test takes to run in the new order:
[172446567, 8073969, 667714, 85155675, 22616231, 7416959, 10925902, 2683597, 2151138, 205624, 1310920]

Dependent test list:
[Test: org.apache.xml.security.test.c14n.implementations.ExclusiveC14NInterop.test_Y3, Intended behavior: FAILURE, when executed after: [org.apache.xml.security.test.c14n.implementations.ExclusiveC14NInterop.test_Y2], The revealed different behavior: PASS, when executed after: [], Test: org.apache.xml.security.test.c14n.implementations.ExclusiveC14NInterop.test_Y2, Intended behavior: FAILURE, when executed after: [org.apache.xml.security.test.algorithms.implementations.BlockEncryptionTest.test_AES128], The revealed different behavior: PASS, when executed after: [], Test: org.apache.xml.security.test.c14n.implementations.ExclusiveC14NInterop.test_Y5, Intended behavior: FAILURE, when executed after: [org.apache.xml.security.test.c14n.implementations.ExclusiveC14NInterop.test_Y3], The revealed different behavior: PASS, when executed after: []]
--------------------------
Execution time of TLG and its time to find/nullify any DTs for 1 machine (does not include the time to run the tests in the new order): 0.592
Number of tests selected out of total in original order: 10 / 97
Number of DTs not fixed: 0
Number of DTs fixed: 0
Execution time for executing the following testing order: 0.329

Test order list:
[org.apache.xml.security.test.algorithms.implementations.AESWrapperTest.test46, org.apache.xml.security.test.c14n.helper.C14nHelperTest.testNamespaceIsAbsolute02, org.apache.xml.security.test.c14n.implementations.Canonicalizer20010315Test.test33, org.apache.xml.security.test.c14n.implementations.Canonicalizer20010315Test.testRelativeNSbehaviour, org.apache.xml.security.test.external.org.apache.xalan.XPathAPI.XalanBug1425Test.testGood02, org.apache.xml.security.test.interop.IAIKTest.test_transforms_signatures_c14nSignature, org.apache.xml.security.test.interop.IAIKTest.test_transforms_signatures_xPathSignature, org.apache.xml.security.test.interop.IBMTest.test_detached_dsa, org.apache.xml.security.test.interop.RSASecurityTest.test_enveloping, org.apache.xml.security.test.utils.resolver.ResourceResolverSpiTest.testExpandSystemId_2]

Time each test takes to run in the new order:
[173544607, 942338, 22291012, 1685286, 79016773, 23788557, 18112532, 2308169, 5591968, 2113975]

Dependent test list:
[Test: org.apache.xml.security.test.c14n.implementations.ExclusiveC14NInterop.test_Y3, Intended behavior: FAILURE, when executed after: [org.apache.xml.security.test.c14n.implementations.ExclusiveC14NInterop.test_Y2], The revealed different behavior: PASS, when executed after: [], Test: org.apache.xml.security.test.c14n.implementations.ExclusiveC14NInterop.test_Y2, Intended behavior: FAILURE, when executed after: [org.apache.xml.security.test.algorithms.implementations.BlockEncryptionTest.test_AES128], The revealed different behavior: PASS, when executed after: [], Test: org.apache.xml.security.test.c14n.implementations.ExclusiveC14NInterop.test_Y5, Intended behavior: FAILURE, when executed after: [org.apache.xml.security.test.c14n.implementations.ExclusiveC14NInterop.test_Y3], The revealed different behavior: PASS, when executed after: []]
--------------------------
Execution time of TLG and its time to find/nullify any DTs for 1 machine (does not include the time to run the tests in the new order): 0.490
Number of tests selected out of total in original order: 10 / 97
Number of DTs not fixed: 0
Number of DTs fixed: 0
Execution time for executing the following testing order: 0.204

Test order list:
[org.apache.xml.security.test.c14n.implementations.Canonicalizer20010315ExclusiveTest.test222, org.apache.xml.security.test.c14n.implementations.Canonicalizer20010315Test.test36, org.apache.xml.security.test.external.org.apache.xalan.XPathAPI.XalanBug1425Test.testBad02, org.apache.xml.security.test.interop.BaltimoreTest.test_fifteen_enveloping_hmac_sha1_40, org.apache.xml.security.test.interop.BaltimoreTest.test_fifteen_enveloping_b64_dsa, org.apache.xml.security.test.interop.IAIKTest.test_signatureAlgorithms_signatures_hMACSignature, org.apache.xml.security.test.interop.IBMTest.test_enveloping_dsa_soaped_broken, org.apache.xml.security.test.interop.RSASecurityTest.test_enveloped, org.apache.xml.security.test.signature.XMLSignatureInputTest.testSetOctetStreamGetOctetStream, org.apache.xml.security.test.signature.XMLSignatureInputTest.testSetNodeSetGetNodeSet1]

Time each test takes to run in the new order:
[15486399, 14717965, 85129044, 32521786, 33748075, 4800711, 2625492, 10124658, 468284, 4085401]

Dependent test list:
[Test: org.apache.xml.security.test.c14n.implementations.ExclusiveC14NInterop.test_Y3, Intended behavior: FAILURE, when executed after: [org.apache.xml.security.test.c14n.implementations.ExclusiveC14NInterop.test_Y2], The revealed different behavior: PASS, when executed after: [], Test: org.apache.xml.security.test.c14n.implementations.ExclusiveC14NInterop.test_Y2, Intended behavior: FAILURE, when executed after: [org.apache.xml.security.test.algorithms.implementations.BlockEncryptionTest.test_AES128], The revealed different behavior: PASS, when executed after: [], Test: org.apache.xml.security.test.c14n.implementations.ExclusiveC14NInterop.test_Y5, Intended behavior: FAILURE, when executed after: [org.apache.xml.security.test.c14n.implementations.ExclusiveC14NInterop.test_Y3], The revealed different behavior: PASS, when executed after: []]
--------------------------
Execution time of TLG and its time to find/nullify any DTs for 1 machine (does not include the time to run the tests in the new order): 0.610
Number of tests selected out of total in original order: 10 / 97
Number of DTs not fixed: 0
Number of DTs fixed: 0
Execution time for executing the following testing order: 0.332

Test order list:
[org.apache.xml.security.test.algorithms.implementations.AESWrapperTest.test45, org.apache.xml.security.test.c14n.helper.C14nHelperTest.testNamespaceIsRelative02, org.apache.xml.security.test.c14n.implementations.Canonicalizer20010315ExclusiveTest.test221excl, org.apache.xml.security.test.c14n.implementations.Canonicalizer20010315Test.test37byNodeList, org.apache.xml.security.test.external.org.apache.xalan.XPathAPI.XalanBug1425Test.testGood03, org.apache.xml.security.test.interop.BaltimoreTest.test_fifteen_external_b64_dsa, org.apache.xml.security.test.interop.IAIKTest.test_transforms_signatures_base64DecodeSignature, org.apache.xml.security.test.interop.IBMTest.test_enveloped_dsa, org.apache.xml.security.test.signature.XMLSignatureInputTest.testSetOctetStreamGetNodeSet4, org.apache.xml.security.test.signature.XMLSignatureInputTest.testIsInitializedWithNodeSet]

Time each test takes to run in the new order:
[172611480, 655900, 5386494, 86156568, 14413095, 25848508, 15697388, 2481494, 7021467, 2152070]

Dependent test list:
[Test: org.apache.xml.security.test.c14n.implementations.ExclusiveC14NInterop.test_Y3, Intended behavior: FAILURE, when executed after: [org.apache.xml.security.test.c14n.implementations.ExclusiveC14NInterop.test_Y2], The revealed different behavior: PASS, when executed after: [], Test: org.apache.xml.security.test.c14n.implementations.ExclusiveC14NInterop.test_Y2, Intended behavior: FAILURE, when executed after: [org.apache.xml.security.test.algorithms.implementations.BlockEncryptionTest.test_AES128], The revealed different behavior: PASS, when executed after: [], Test: org.apache.xml.security.test.c14n.implementations.ExclusiveC14NInterop.test_Y5, Intended behavior: FAILURE, when executed after: [org.apache.xml.security.test.c14n.implementations.ExclusiveC14NInterop.test_Y3], The revealed different behavior: PASS, when executed after: []]
--------------------------
Execution time of TLG and its time to find/nullify any DTs for 1 machine (does not include the time to run the tests in the new order): 0.470
Number of tests selected out of total in original order: 9 / 97
Number of DTs not fixed: 0
Number of DTs fixed: 0
Execution time for executing the following testing order: 0.180

Test order list:
[org.apache.xml.security.test.c14n.implementations.Canonicalizer20010315ExclusiveTest.test222excl, org.apache.xml.security.test.c14n.implementations.Canonicalizer20010315Test.test35, org.apache.xml.security.test.c14n.implementations.Canonicalizer20010315Test.testTranslationFromUTF16toUTF8, org.apache.xml.security.test.external.org.apache.xalan.XPathAPI.AttributeAncestorOrSelf.test01, org.apache.xml.security.test.external.org.apache.xalan.XPathAPI.XalanBug1425Test.testGood01, org.apache.xml.security.test.interop.IAIKTest.test_signatureAlgorithms_signatures_rSASignature, org.apache.xml.security.test.interop.IBMTest.test_enveloping_hmac, org.apache.xml.security.test.signature.XMLSignatureInputTest.testSetOctetStreamGetNodeSet3, org.apache.xml.security.test.utils.resolver.ResourceResolverSpiTest.testExpandSystemId_1]

Time each test takes to run in the new order:
[15658952, 14756947, 52757390, 61065022, 2135739, 29353992, 2129124, 2075384, 304037]

Dependent test list:
[Test: org.apache.xml.security.test.c14n.implementations.ExclusiveC14NInterop.test_Y3, Intended behavior: FAILURE, when executed after: [org.apache.xml.security.test.c14n.implementations.ExclusiveC14NInterop.test_Y2], The revealed different behavior: PASS, when executed after: [], Test: org.apache.xml.security.test.c14n.implementations.ExclusiveC14NInterop.test_Y2, Intended behavior: FAILURE, when executed after: [org.apache.xml.security.test.algorithms.implementations.BlockEncryptionTest.test_AES128], The revealed different behavior: PASS, when executed after: [], Test: org.apache.xml.security.test.c14n.implementations.ExclusiveC14NInterop.test_Y5, Intended behavior: FAILURE, when executed after: [org.apache.xml.security.test.c14n.implementations.ExclusiveC14NInterop.test_Y3], The revealed different behavior: PASS, when executed after: []]
--------------------------
Execution time of TLG and its time to find/nullify any DTs for 1 machine (does not include the time to run the tests in the new order): 0.492
Number of tests selected out of total in original order: 11 / 97
Number of DTs not fixed: 0
Number of DTs fixed: 0
Execution time for executing the following testing order: 0.190

Test order list:
[org.apache.xml.security.test.c14n.implementations.Canonicalizer20010315Test.test31withComments, org.apache.xml.security.test.c14n.implementations.Canonicalizer20010315Test.test32, org.apache.xml.security.test.c14n.implementations.Canonicalizer20010315Test.test34validatingParser, org.apache.xml.security.test.external.org.apache.xalan.XPathAPI.AttributeAncestorOrSelf.test02, org.apache.xml.security.test.external.org.apache.xalan.XPathAPI.XalanBug1425Test.testGood05, org.apache.xml.security.test.interop.BaltimoreTest.test_fifteen_enveloping_hmac_sha1, org.apache.xml.security.test.interop.IAIKTest.test_signatureAlgorithms_signatures_dSASignature, org.apache.xml.security.test.interop.IBMTest.test_enveloped_rsa, org.apache.xml.security.test.signature.XMLSignatureInputTest.testSetOctetStreamGetNodeSet1, org.apache.xml.security.test.signature.XMLSignatureInputTest.testOctetStreamIsNotNodeSet, org.apache.xml.security.test.utils.Base64Test.testA1]

Time each test takes to run in the new order:
[32026128, 2414206, 3399103, 71284635, 14999844, 31860420, 27430133, 2683954, 3618012, 260328, 300458]

Dependent test list:
[Test: org.apache.xml.security.test.c14n.implementations.ExclusiveC14NInterop.test_Y3, Intended behavior: FAILURE, when executed after: [org.apache.xml.security.test.c14n.implementations.ExclusiveC14NInterop.test_Y2], The revealed different behavior: PASS, when executed after: [], Test: org.apache.xml.security.test.c14n.implementations.ExclusiveC14NInterop.test_Y2, Intended behavior: FAILURE, when executed after: [org.apache.xml.security.test.algorithms.implementations.BlockEncryptionTest.test_AES128], The revealed different behavior: PASS, when executed after: [], Test: org.apache.xml.security.test.c14n.implementations.ExclusiveC14NInterop.test_Y5, Intended behavior: FAILURE, when executed after: [org.apache.xml.security.test.c14n.implementations.ExclusiveC14NInterop.test_Y3], The revealed different behavior: PASS, when executed after: []]
--------------------------
Execution time of TLG and its time to find/nullify any DTs for 1 machine (does not include the time to run the tests in the new order): 0.554
Number of tests selected out of total in original order: 10 / 97
Number of DTs not fixed: 0
Number of DTs fixed: 0
Execution time for executing the following testing order: 0.224

Test order list:
[org.apache.xml.security.test.c14n.helper.C14nHelperTest.testNamespaceIsRelative01, org.apache.xml.security.test.c14n.implementations.Canonicalizer20010315Test.test31, org.apache.xml.security.test.c14n.implementations.Canonicalizer20010315Test.testXMLAttributes1, org.apache.xml.security.test.external.org.apache.xalan.XPathAPI.AttributeAncestorOrSelf.test03, org.apache.xml.security.test.external.org.apache.xalan.XPathAPI.XalanBug1425Test.testBad01, org.apache.xml.security.test.interop.IAIKTest.test_signatureAlgorithms_signatures_hMACShortSignature, org.apache.xml.security.test.interop.IAIKTest.test_coreFeatures_signatures_signatureTypesSignature, org.apache.xml.security.test.interop.IAIKTest.test_transforms_signatures_envelopedSignatureSignature, org.apache.xml.security.test.interop.IBMTest.test_enveloping_dsa, org.apache.xml.security.test.signature.XMLSignatureInputTest.testIsInitializedWithOctetStream]

Time each test takes to run in the new order:
[9349966, 23219726, 76050257, 4475475, 14536821, 29838797, 59340794, 4881433, 2129584, 269342]

Dependent test list:
[Test: org.apache.xml.security.test.c14n.implementations.ExclusiveC14NInterop.test_Y3, Intended behavior: FAILURE, when executed after: [org.apache.xml.security.test.c14n.implementations.ExclusiveC14NInterop.test_Y2], The revealed different behavior: PASS, when executed after: [], Test: org.apache.xml.security.test.c14n.implementations.ExclusiveC14NInterop.test_Y2, Intended behavior: FAILURE, when executed after: [org.apache.xml.security.test.algorithms.implementations.BlockEncryptionTest.test_AES128], The revealed different behavior: PASS, when executed after: [], Test: org.apache.xml.security.test.c14n.implementations.ExclusiveC14NInterop.test_Y5, Intended behavior: FAILURE, when executed after: [org.apache.xml.security.test.c14n.implementations.ExclusiveC14NInterop.test_Y3], The revealed different behavior: PASS, when executed after: []]
--------------------------
Execution time of TLG and its time to find/nullify any DTs for 1 machine (does not include the time to run the tests in the new order): 0.573
Number of tests selected out of total in original order: 10 / 97
Number of DTs not fixed: 0
Number of DTs fixed: 0
Execution time for executing the following testing order: 0.314

Test order list:
[org.apache.xml.security.test.algorithms.implementations.AESWrapperTest.test44, org.apache.xml.security.test.c14n.helper.C14nHelperTest.testNamespaceIsAbsolute01, org.apache.xml.security.test.c14n.implementations.Canonicalizer20010315Test.testXMLAttributes3, org.apache.xml.security.test.interop.BaltimoreTest.test_fifteen_enveloped_dsa, org.apache.xml.security.test.interop.IAIKTest.test_coreFeatures_signatures_manifestSignature_core, org.apache.xml.security.test.interop.IAIKTest.test_coreFeatures_signatures_manifestSignature_manifest, org.apache.xml.security.test.interop.IBMTest.test_detached_rsa, org.apache.xml.security.test.signature.XMLSignatureInputTest.testNodeSetIsNodeSet, org.apache.xml.security.test.transforms.implementations.TransformBase64DecodeTest.test2, org.apache.xml.security.test.transforms.implementations.TransformBase64DecodeTest.test3]

Time each test takes to run in the new order:
[173057487, 714884, 85261335, 21797196, 15953925, 8741618, 1991497, 2032749, 1277724, 2869756]

Dependent test list:
[Test: org.apache.xml.security.test.c14n.implementations.ExclusiveC14NInterop.test_Y3, Intended behavior: FAILURE, when executed after: [org.apache.xml.security.test.c14n.implementations.ExclusiveC14NInterop.test_Y2], The revealed different behavior: PASS, when executed after: [], Test: org.apache.xml.security.test.c14n.implementations.ExclusiveC14NInterop.test_Y2, Intended behavior: FAILURE, when executed after: [org.apache.xml.security.test.algorithms.implementations.BlockEncryptionTest.test_AES128], The revealed different behavior: PASS, when executed after: [], Test: org.apache.xml.security.test.c14n.implementations.ExclusiveC14NInterop.test_Y5, Intended behavior: FAILURE, when executed after: [org.apache.xml.security.test.c14n.implementations.ExclusiveC14NInterop.test_Y3], The revealed different behavior: PASS, when executed after: []]
--------------------------
Execution time of TLG and its time to find/nullify any DTs for 1 machine (does not include the time to run the tests in the new order): 0.583
Number of tests selected out of total in original order: 9 / 97
Number of DTs not fixed: 1
Number of DTs fixed: 0
Execution time for executing the following testing order: 0.430

Test order list:
[org.apache.xml.security.test.algorithms.implementations.AESWrapperTest.test42, org.apache.xml.security.test.c14n.implementations.C14NInterop.test_Y4_stripped, org.apache.xml.security.test.c14n.implementations.Canonicalizer20010315ExclusiveTest.test221, org.apache.xml.security.test.c14n.implementations.Canonicalizer20010315Test.test37, org.apache.xml.security.test.external.org.apache.xalan.XPathAPI.XalanBug1425Test.testBad03, org.apache.xml.security.test.external.org.apache.xalan.XPathAPI.XalanBug1425Test.testGood04, org.apache.xml.security.test.interop.BaltimoreTest.test_fifteen_enveloping_rsa, org.apache.xml.security.test.interop.IBMTest.test_enveloping_rsa, org.apache.xml.security.test.signature.XMLSignatureInputTest.testNodeSetIsNotOctetStream]

Time each test takes to run in the new order:
[171796368, 121934983, 4388130, 93420203, 14379648, 2141306, 18541965, 1807055, 1829555]

DTs not fixed are:
[org.apache.xml.security.test.c14n.implementations.C14NInterop.test_Y4_stripped]

Dependent test list:
[Test: org.apache.xml.security.test.c14n.implementations.ExclusiveC14NInterop.test_Y3, Intended behavior: FAILURE, when executed after: [org.apache.xml.security.test.c14n.implementations.ExclusiveC14NInterop.test_Y2], The revealed different behavior: PASS, when executed after: [], Test: org.apache.xml.security.test.c14n.implementations.ExclusiveC14NInterop.test_Y2, Intended behavior: FAILURE, when executed after: [org.apache.xml.security.test.algorithms.implementations.BlockEncryptionTest.test_AES128], The revealed different behavior: PASS, when executed after: [], Test: org.apache.xml.security.test.c14n.implementations.ExclusiveC14NInterop.test_Y5, Intended behavior: FAILURE, when executed after: [org.apache.xml.security.test.c14n.implementations.ExclusiveC14NInterop.test_Y3], The revealed different behavior: PASS, when executed after: []]
--------------------------
Execution time of TLG and its time to find/nullify any DTs for 1 machine (does not include the time to run the tests in the new order): 0.292
Number of tests selected out of total in original order: 1 / 97
Number of DTs not fixed: 1
Number of DTs fixed: 0
Execution time for executing the following testing order: 0.138

Test order list:
[org.apache.xml.security.test.c14n.implementations.ExclusiveC14NInterop.test_Y1]

Time each test takes to run in the new order:
[137864576]

DTs not fixed are:
[org.apache.xml.security.test.c14n.implementations.ExclusiveC14NInterop.test_Y1]

Dependent test list:
[Test: org.apache.xml.security.test.c14n.implementations.ExclusiveC14NInterop.test_Y3, Intended behavior: FAILURE, when executed after: [org.apache.xml.security.test.c14n.implementations.ExclusiveC14NInterop.test_Y2], The revealed different behavior: PASS, when executed after: [], Test: org.apache.xml.security.test.c14n.implementations.ExclusiveC14NInterop.test_Y2, Intended behavior: FAILURE, when executed after: [org.apache.xml.security.test.algorithms.implementations.BlockEncryptionTest.test_AES128], The revealed different behavior: PASS, when executed after: [], Test: org.apache.xml.security.test.c14n.implementations.ExclusiveC14NInterop.test_Y5, Intended behavior: FAILURE, when executed after: [org.apache.xml.security.test.c14n.implementations.ExclusiveC14NInterop.test_Y3], The revealed different behavior: PASS, when executed after: []]
--------------------------
Execution time of TLG and its time to find/nullify any DTs for 1 machine (does not include the time to run the tests in the new order): 0.506
Number of tests selected out of total in original order: 3 / 97
Number of DTs not fixed: 0
Number of DTs fixed: 0
Execution time for executing the following testing order: 0.409

Test order list:
[org.apache.xml.security.test.algorithms.implementations.BlockEncryptionTest.test_AES128, org.apache.xml.security.test.c14n.implementations.ExclusiveC14NInterop.test_Y2, org.apache.xml.security.test.c14n.implementations.ExclusiveC14NInterop.test_Y3]

Time each test takes to run in the new order:
[211262445, 150971577, 46940210]

Dependent test list:
[Test: org.apache.xml.security.test.c14n.implementations.ExclusiveC14NInterop.test_Y3, Intended behavior: FAILURE, when executed after: [org.apache.xml.security.test.c14n.implementations.ExclusiveC14NInterop.test_Y2], The revealed different behavior: PASS, when executed after: [], Test: org.apache.xml.security.test.c14n.implementations.ExclusiveC14NInterop.test_Y2, Intended behavior: FAILURE, when executed after: [org.apache.xml.security.test.algorithms.implementations.BlockEncryptionTest.test_AES128], The revealed different behavior: PASS, when executed after: [], Test: org.apache.xml.security.test.c14n.implementations.ExclusiveC14NInterop.test_Y5, Intended behavior: FAILURE, when executed after: [org.apache.xml.security.test.c14n.implementations.ExclusiveC14NInterop.test_Y3], The revealed different behavior: PASS, when executed after: []]
--------------------------
Execution time of TLG and its time to find/nullify any DTs for 1 machine (does not include the time to run the tests in the new order): 0.460
Number of tests selected out of total in original order: 2 / 97
Number of DTs not fixed: 0
Number of DTs fixed: 0
Execution time for executing the following testing order: 0.363

Test order list:
[org.apache.xml.security.test.algorithms.implementations.BlockEncryptionTest.test_AES128, org.apache.xml.security.test.c14n.implementations.ExclusiveC14NInterop.test_Y2]

Time each test takes to run in the new order:
[211668611, 151480455]

Dependent test list:
[Test: org.apache.xml.security.test.c14n.implementations.ExclusiveC14NInterop.test_Y3, Intended behavior: FAILURE, when executed after: [org.apache.xml.security.test.c14n.implementations.ExclusiveC14NInterop.test_Y2], The revealed different behavior: PASS, when executed after: [], Test: org.apache.xml.security.test.c14n.implementations.ExclusiveC14NInterop.test_Y2, Intended behavior: FAILURE, when executed after: [org.apache.xml.security.test.algorithms.implementations.BlockEncryptionTest.test_AES128], The revealed different behavior: PASS, when executed after: [], Test: org.apache.xml.security.test.c14n.implementations.ExclusiveC14NInterop.test_Y5, Intended behavior: FAILURE, when executed after: [org.apache.xml.security.test.c14n.implementations.ExclusiveC14NInterop.test_Y3], The revealed different behavior: PASS, when executed after: []]
--------------------------
Execution time of TLG and its time to find/nullify any DTs for 1 machine (does not include the time to run the tests in the new order): 0.252
Number of tests selected out of total in original order: 1 / 97
Number of DTs not fixed: 0
Number of DTs fixed: 0
Execution time for executing the following testing order: 0.172

Test order list:
[org.apache.xml.security.test.algorithms.implementations.AESWrapperTest.test41]

Time each test takes to run in the new order:
[171565365]

Dependent test list:
[Test: org.apache.xml.security.test.c14n.implementations.ExclusiveC14NInterop.test_Y3, Intended behavior: FAILURE, when executed after: [org.apache.xml.security.test.c14n.implementations.ExclusiveC14NInterop.test_Y2], The revealed different behavior: PASS, when executed after: [], Test: org.apache.xml.security.test.c14n.implementations.ExclusiveC14NInterop.test_Y2, Intended behavior: FAILURE, when executed after: [org.apache.xml.security.test.algorithms.implementations.BlockEncryptionTest.test_AES128], The revealed different behavior: PASS, when executed after: [], Test: org.apache.xml.security.test.c14n.implementations.ExclusiveC14NInterop.test_Y5, Intended behavior: FAILURE, when executed after: [org.apache.xml.security.test.c14n.implementations.ExclusiveC14NInterop.test_Y3], The revealed different behavior: PASS, when executed after: []]
--------------------------
Execution time of TLG and its time to find/nullify any DTs for 1 machine (does not include the time to run the tests in the new order): 0.633
Number of tests selected out of total in original order: 1 / 97
Number of DTs not fixed: 0
Number of DTs fixed: 0
Execution time for executing the following testing order: 0.335

Test order list:
[org.apache.xml.security.test.interop.BaltimoreTest.test_sixteen_external_dsa]

Time each test takes to run in the new order:
[334621834]

Dependent test list:
[Test: org.apache.xml.security.test.c14n.implementations.ExclusiveC14NInterop.test_Y3, Intended behavior: FAILURE, when executed after: [org.apache.xml.security.test.c14n.implementations.ExclusiveC14NInterop.test_Y2], The revealed different behavior: PASS, when executed after: [], Test: org.apache.xml.security.test.c14n.implementations.ExclusiveC14NInterop.test_Y2, Intended behavior: FAILURE, when executed after: [org.apache.xml.security.test.algorithms.implementations.BlockEncryptionTest.test_AES128], The revealed different behavior: PASS, when executed after: [], Test: org.apache.xml.security.test.c14n.implementations.ExclusiveC14NInterop.test_Y5, Intended behavior: FAILURE, when executed after: [org.apache.xml.security.test.c14n.implementations.ExclusiveC14NInterop.test_Y3], The revealed different behavior: PASS, when executed after: []]
--------------------------
Execution time of TLG and its time to find/nullify any DTs for 1 machine (does not include the time to run the tests in the new order): 0.463
Number of tests selected out of total in original order: 1 / 97
Number of DTs not fixed: 0
Number of DTs fixed: 0
Execution time for executing the following testing order: 0.163

Test order list:
[org.apache.xml.security.test.c14n.implementations.Canonicalizer20010315ExclusiveTest.testA]

Time each test takes to run in the new order:
[162618304]

Dependent test list:
[Test: org.apache.xml.security.test.c14n.implementations.ExclusiveC14NInterop.test_Y3, Intended behavior: FAILURE, when executed after: [org.apache.xml.security.test.c14n.implementations.ExclusiveC14NInterop.test_Y2], The revealed different behavior: PASS, when executed after: [], Test: org.apache.xml.security.test.c14n.implementations.ExclusiveC14NInterop.test_Y2, Intended behavior: FAILURE, when executed after: [org.apache.xml.security.test.algorithms.implementations.BlockEncryptionTest.test_AES128], The revealed different behavior: PASS, when executed after: [], Test: org.apache.xml.security.test.c14n.implementations.ExclusiveC14NInterop.test_Y5, Intended behavior: FAILURE, when executed after: [org.apache.xml.security.test.c14n.implementations.ExclusiveC14NInterop.test_Y3], The revealed different behavior: PASS, when executed after: []]
--------------------------
Execution time of TLG and its time to find/nullify any DTs for 1 machine (does not include the time to run the tests in the new order): 1.824
Number of tests selected out of total in original order: 4 / 97
Number of DTs not fixed: 0
Number of DTs fixed: 0
Execution time for executing the following testing order: 1.732

Test order list:
[org.apache.xml.security.test.algorithms.implementations.BlockEncryptionTest.test_AES128, org.apache.xml.security.test.c14n.implementations.ExclusiveC14NInterop.test_Y2, org.apache.xml.security.test.c14n.implementations.ExclusiveC14NInterop.test_Y3, org.apache.xml.security.test.c14n.implementations.ExclusiveC14NInterop.test_Y5]

Time each test takes to run in the new order:
[210668213, 150973712, 46908689, 1323472420]

Dependent test list:
[Test: org.apache.xml.security.test.c14n.implementations.ExclusiveC14NInterop.test_Y3, Intended behavior: FAILURE, when executed after: [org.apache.xml.security.test.c14n.implementations.ExclusiveC14NInterop.test_Y2], The revealed different behavior: PASS, when executed after: [], Test: org.apache.xml.security.test.c14n.implementations.ExclusiveC14NInterop.test_Y2, Intended behavior: FAILURE, when executed after: [org.apache.xml.security.test.algorithms.implementations.BlockEncryptionTest.test_AES128], The revealed different behavior: PASS, when executed after: [], Test: org.apache.xml.security.test.c14n.implementations.ExclusiveC14NInterop.test_Y5, Intended behavior: FAILURE, when executed after: [org.apache.xml.security.test.c14n.implementations.ExclusiveC14NInterop.test_Y3], The revealed different behavior: PASS, when executed after: []]
--------------------------
Total time (of all machines and iterations plus initial TestListGenerator): 5.896
New order time: 1.732
Total number of tests executed in all machines out of total in original order: 103 / 97