The following arguments were used to generate this output.
[-technique, parallelization, -order, time, -timeOrder, /home/user/dependent-tests-impact/experiments/zeppelin/zeppelin-server/target//zeppelin-server-orig-time.txt, -origOrder, zeppelin-server-orig-order, -testInputDir, /home/user/dependent-tests-impact/experiments/zeppelin/zeppelin-server/target//sootTestOutput-orig, -filesToDelete, zeppelin-server-env-files, -numOfMachines, 16, -project, Zeppelin-Server, -testType, orig, -timesToRun, 1, -outputDir, /home/user/dependent-tests-impact/experiments/parallelization-results, -resolveDependences]

Execution time of TLG and its time to find/nullify any DTs for 1 machine (does not include the time to run the tests in the new order): 1.009
Number of tests selected out of total in original order: 4 / 25
Number of DTs not fixed: 0
Number of DTs fixed: 0
Execution time for executing the following testing order: 0.244

Test order list:
[org.apache.zeppelin.integration.SparkParagraphIT.testSpark, org.apache.zeppelin.integration.ZeppelinIT.testSparkInterpreterDependencyLoading, org.apache.zeppelin.integration.InterpreterIT.testShowDescriptionOnInterpreterCreate, org.apache.zeppelin.security.SecurityUtilsTest.isInvalid]

Time each test takes to run in the new order:
[53736563, 5458949, 953239, 184159842]
--------------------------
Execution time of TLG and its time to find/nullify any DTs for 1 machine (does not include the time to run the tests in the new order): 1.004
Number of tests selected out of total in original order: 3 / 25
Number of DTs not fixed: 0
Number of DTs fixed: 0
Execution time for executing the following testing order: 0.070

Test order list:
[org.apache.zeppelin.ticket.TicketContainerTest.isValidAnonymous, org.apache.zeppelin.integration.SparkParagraphIT.testDep, org.apache.zeppelin.integration.SparkParagraphIT.testPySpark]

Time each test takes to run in the new order:
[50302723, 18440178, 1287947]
--------------------------
Execution time of TLG and its time to find/nullify any DTs for 1 machine (does not include the time to run the tests in the new order): 14.102
Number of tests selected out of total in original order: 4 / 25
Number of DTs not fixed: 0
Number of DTs fixed: 1
Execution time for executing the following testing order: 0.478

Test order list:
[org.apache.zeppelin.ticket.TicketContainerTest.isValidExistingPrincipal, org.apache.zeppelin.integration.ZeppelinIT.testAngularRunParagraph, org.apache.zeppelin.server.CorsFilterTest.ValidCorsFilterTest, org.apache.zeppelin.server.CorsFilterTest.InvalidCorsFilterTest]

Time each test takes to run in the new order:
[68308101, 28163576, 377919865, 3368097]

Dependent test list:
[Test: org.apache.zeppelin.server.CorsFilterTest.InvalidCorsFilterTest, Intended behavior: FAILURE, when executed after: [org.apache.zeppelin.server.CorsFilterTest.ValidCorsFilterTest], The revealed different behavior: PASS, when executed after: []]
--------------------------
Execution time of TLG and its time to find/nullify any DTs for 1 machine (does not include the time to run the tests in the new order): 1.004
Number of tests selected out of total in original order: 3 / 25
Number of DTs not fixed: 0
Number of DTs fixed: 0
Execution time for executing the following testing order: 0.256

Test order list:
[org.apache.zeppelin.integration.ZeppelinIT.testAngularDisplay, org.apache.zeppelin.integration.AuthenticationIT.testGroupPermission, org.apache.zeppelin.security.SecurityUtilsTest.isLocalMachine]

Time each test takes to run in the new order:
[58405301, 8025771, 189863657]

Dependent test list:
[Test: org.apache.zeppelin.server.CorsFilterTest.InvalidCorsFilterTest, Intended behavior: FAILURE, when executed after: [org.apache.zeppelin.server.CorsFilterTest.ValidCorsFilterTest], The revealed different behavior: PASS, when executed after: []]
--------------------------
Execution time of TLG and its time to find/nullify any DTs for 1 machine (does not include the time to run the tests in the new order): 1.003
Number of tests selected out of total in original order: 1 / 25
Number of DTs not fixed: 0
Number of DTs fixed: 0
Execution time for executing the following testing order: 0.672

Test order list:
[org.apache.zeppelin.security.SecurityUtilsTest.isValidFromStar]

Time each test takes to run in the new order:
[671763068]

Dependent test list:
[Test: org.apache.zeppelin.server.CorsFilterTest.InvalidCorsFilterTest, Intended behavior: FAILURE, when executed after: [org.apache.zeppelin.server.CorsFilterTest.ValidCorsFilterTest], The revealed different behavior: PASS, when executed after: []]
--------------------------
Execution time of TLG and its time to find/nullify any DTs for 1 machine (does not include the time to run the tests in the new order): 1.005
Number of tests selected out of total in original order: 1 / 25
Number of DTs not fixed: 0
Number of DTs fixed: 0
Execution time for executing the following testing order: 0.529

Test order list:
[org.apache.zeppelin.security.SecurityUtilsTest.emptyOrigin]

Time each test takes to run in the new order:
[528807672]

Dependent test list:
[Test: org.apache.zeppelin.server.CorsFilterTest.InvalidCorsFilterTest, Intended behavior: FAILURE, when executed after: [org.apache.zeppelin.server.CorsFilterTest.ValidCorsFilterTest], The revealed different behavior: PASS, when executed after: []]
--------------------------
Execution time of TLG and its time to find/nullify any DTs for 1 machine (does not include the time to run the tests in the new order): 1.003
Number of tests selected out of total in original order: 1 / 25
Number of DTs not fixed: 0
Number of DTs fixed: 0
Execution time for executing the following testing order: 0.646

Test order list:
[org.apache.zeppelin.security.SecurityUtilsTest.isLocalhost]

Time each test takes to run in the new order:
[646419696]

Dependent test list:
[Test: org.apache.zeppelin.server.CorsFilterTest.InvalidCorsFilterTest, Intended behavior: FAILURE, when executed after: [org.apache.zeppelin.server.CorsFilterTest.ValidCorsFilterTest], The revealed different behavior: PASS, when executed after: []]
--------------------------
Execution time of TLG and its time to find/nullify any DTs for 1 machine (does not include the time to run the tests in the new order): 1.004
Number of tests selected out of total in original order: 1 / 25
Number of DTs not fixed: 0
Number of DTs fixed: 0
Execution time for executing the following testing order: 0.600

Test order list:
[org.apache.zeppelin.security.SecurityUtilsTest.notAURIOrigin]

Time each test takes to run in the new order:
[600129617]

Dependent test list:
[Test: org.apache.zeppelin.server.CorsFilterTest.InvalidCorsFilterTest, Intended behavior: FAILURE, when executed after: [org.apache.zeppelin.server.CorsFilterTest.ValidCorsFilterTest], The revealed different behavior: PASS, when executed after: []]
--------------------------
Execution time of TLG and its time to find/nullify any DTs for 1 machine (does not include the time to run the tests in the new order): 1.004
Number of tests selected out of total in original order: 1 / 25
Number of DTs not fixed: 0
Number of DTs fixed: 0
Execution time for executing the following testing order: 0.476

Test order list:
[org.apache.zeppelin.security.SecurityUtilsTest.isValidFromConfig]

Time each test takes to run in the new order:
[476210197]

Dependent test list:
[Test: org.apache.zeppelin.server.CorsFilterTest.InvalidCorsFilterTest, Intended behavior: FAILURE, when executed after: [org.apache.zeppelin.server.CorsFilterTest.ValidCorsFilterTest], The revealed different behavior: PASS, when executed after: []]
--------------------------
Execution time of TLG and its time to find/nullify any DTs for 1 machine (does not include the time to run the tests in the new order): 1.004
Number of tests selected out of total in original order: 1 / 25
Number of DTs not fixed: 0
Number of DTs fixed: 0
Execution time for executing the following testing order: 0.600

Test order list:
[org.apache.zeppelin.security.SecurityUtilsTest.nullOrigin]

Time each test takes to run in the new order:
[600102543]

Dependent test list:
[Test: org.apache.zeppelin.server.CorsFilterTest.InvalidCorsFilterTest, Intended behavior: FAILURE, when executed after: [org.apache.zeppelin.server.CorsFilterTest.ValidCorsFilterTest], The revealed different behavior: PASS, when executed after: []]
--------------------------
Execution time of TLG and its time to find/nullify any DTs for 1 machine (does not include the time to run the tests in the new order): 1.005
Number of tests selected out of total in original order: 1 / 25
Number of DTs not fixed: 0
Number of DTs fixed: 0
Execution time for executing the following testing order: 0.048

Test order list:
[org.apache.zeppelin.integration.SparkParagraphIT.testSqlSpark]

Time each test takes to run in the new order:
[48130188]

Dependent test list:
[Test: org.apache.zeppelin.server.CorsFilterTest.InvalidCorsFilterTest, Intended behavior: FAILURE, when executed after: [org.apache.zeppelin.server.CorsFilterTest.ValidCorsFilterTest], The revealed different behavior: PASS, when executed after: []]
--------------------------
Execution time of TLG and its time to find/nullify any DTs for 1 machine (does not include the time to run the tests in the new order): 1.004
Number of tests selected out of total in original order: 1 / 25
Number of DTs not fixed: 0
Number of DTs fixed: 0
Execution time for executing the following testing order: 0.068

Test order list:
[org.apache.zeppelin.ticket.TicketContainerTest.isValidunkownTicket]

Time each test takes to run in the new order:
[67921564]

Dependent test list:
[Test: org.apache.zeppelin.server.CorsFilterTest.InvalidCorsFilterTest, Intended behavior: FAILURE, when executed after: [org.apache.zeppelin.server.CorsFilterTest.ValidCorsFilterTest], The revealed different behavior: PASS, when executed after: []]
--------------------------
Execution time of TLG and its time to find/nullify any DTs for 1 machine (does not include the time to run the tests in the new order): 1.004
Number of tests selected out of total in original order: 1 / 25
Number of DTs not fixed: 0
Number of DTs fixed: 0
Execution time for executing the following testing order: 0.252

Test order list:
[org.apache.zeppelin.realm.PamRealmTest.testDoGetAuthenticationInfo]

Time each test takes to run in the new order:
[251599693]

Dependent test list:
[Test: org.apache.zeppelin.server.CorsFilterTest.InvalidCorsFilterTest, Intended behavior: FAILURE, when executed after: [org.apache.zeppelin.server.CorsFilterTest.ValidCorsFilterTest], The revealed different behavior: PASS, when executed after: []]
--------------------------
Execution time of TLG and its time to find/nullify any DTs for 1 machine (does not include the time to run the tests in the new order): 1.005
Number of tests selected out of total in original order: 1 / 25
Number of DTs not fixed: 0
Number of DTs fixed: 0
Execution time for executing the following testing order: 0.049

Test order list:
[org.apache.zeppelin.ticket.TicketContainerTest.isValidNonExistingPrincipal]

Time each test takes to run in the new order:
[48523416]

Dependent test list:
[Test: org.apache.zeppelin.server.CorsFilterTest.InvalidCorsFilterTest, Intended behavior: FAILURE, when executed after: [org.apache.zeppelin.server.CorsFilterTest.ValidCorsFilterTest], The revealed different behavior: PASS, when executed after: []]
--------------------------
Execution time of TLG and its time to find/nullify any DTs for 1 machine (does not include the time to run the tests in the new order): 1.004
Number of tests selected out of total in original order: 1 / 25
Number of DTs not fixed: 0
Number of DTs fixed: 0
Execution time for executing the following testing order: 0.622

Test order list:
[org.apache.zeppelin.security.SecurityUtilsTest.isInvalidFromConfig]

Time each test takes to run in the new order:
[621674174]

Dependent test list:
[Test: org.apache.zeppelin.server.CorsFilterTest.InvalidCorsFilterTest, Intended behavior: FAILURE, when executed after: [org.apache.zeppelin.server.CorsFilterTest.ValidCorsFilterTest], The revealed different behavior: PASS, when executed after: []]
--------------------------
Execution time of TLG and its time to find/nullify any DTs for 1 machine (does not include the time to run the tests in the new order): 1.004
Number of tests selected out of total in original order: 1 / 25
Number of DTs not fixed: 0
Number of DTs fixed: 0
Execution time for executing the following testing order: 0.578

Test order list:
[org.apache.zeppelin.server.CorsFilterTest.ValidCorsFilterTest]

Time each test takes to run in the new order:
[577652405]

Dependent test list:
[Test: org.apache.zeppelin.server.CorsFilterTest.InvalidCorsFilterTest, Intended behavior: FAILURE, when executed after: [org.apache.zeppelin.server.CorsFilterTest.ValidCorsFilterTest], The revealed different behavior: PASS, when executed after: []]
--------------------------
Total time (of all machines and iterations plus initial TestListGenerator): 6.222
New order time: 0.672
Total number of tests executed in all machines out of total in original order: 26 / 25