The following arguments were used to generate this output.
[-technique, parallelization, -order, time, -timeOrder, /home/user/dependent-tests-impact/experiments/zeppelin/zeppelin-server/target//zeppelin-server-orig-time.txt, -origOrder, zeppelin-server-orig-order, -testInputDir, /home/user/dependent-tests-impact/experiments/zeppelin/zeppelin-server/target//sootTestOutput-orig, -filesToDelete, zeppelin-server-env-files, -numOfMachines, 8, -project, Zeppelin-Server, -testType, orig, -timesToRun, 1, -outputDir, /home/user/dependent-tests-impact/experiments/parallelization-results, -resolveDependences]

Execution time of TLG and its time to find/nullify any DTs for 1 machine (does not include the time to run the tests in the new order): 1.005
Number of tests selected out of total in original order: 5 / 25
Number of DTs not fixed: 0
Number of DTs fixed: 0
Execution time for executing the following testing order: 0.323

Test order list:
[org.apache.zeppelin.ticket.TicketContainerTest.isValidunkownTicket, org.apache.zeppelin.integration.SparkParagraphIT.testPySpark, org.apache.zeppelin.integration.InterpreterIT.testShowDescriptionOnInterpreterCreate, org.apache.zeppelin.security.SecurityUtilsTest.isLocalMachine, org.apache.zeppelin.security.SecurityUtilsTest.isValidFromStar]

Time each test takes to run in the new order:
[80926393, 20420809, 1182155, 214914556, 5962176]
--------------------------
Execution time of TLG and its time to find/nullify any DTs for 1 machine (does not include the time to run the tests in the new order): 1.004
Number of tests selected out of total in original order: 4 / 25
Number of DTs not fixed: 0
Number of DTs fixed: 0
Execution time for executing the following testing order: 0.307

Test order list:
[org.apache.zeppelin.integration.SparkParagraphIT.testSpark, org.apache.zeppelin.security.SecurityUtilsTest.isLocalhost, org.apache.zeppelin.security.SecurityUtilsTest.nullOrigin, org.apache.zeppelin.security.SecurityUtilsTest.isInvalid]

Time each test takes to run in the new order:
[59974061, 237013070, 7930289, 2247350]
--------------------------
Execution time of TLG and its time to find/nullify any DTs for 1 machine (does not include the time to run the tests in the new order): 17.117
Number of tests selected out of total in original order: 5 / 25
Number of DTs not fixed: 0
Number of DTs fixed: 1
Execution time for executing the following testing order: 0.442

Test order list:
[org.apache.zeppelin.integration.SparkParagraphIT.testSqlSpark, org.apache.zeppelin.integration.ZeppelinIT.testAngularRunParagraph, org.apache.zeppelin.security.SecurityUtilsTest.emptyOrigin, org.apache.zeppelin.server.CorsFilterTest.ValidCorsFilterTest, org.apache.zeppelin.server.CorsFilterTest.InvalidCorsFilterTest]

Time each test takes to run in the new order:
[51928551, 5054851, 163374367, 218499351, 3561016]

Dependent test list:
[Test: org.apache.zeppelin.server.CorsFilterTest.InvalidCorsFilterTest, Intended behavior: FAILURE, when executed after: [org.apache.zeppelin.server.CorsFilterTest.ValidCorsFilterTest], The revealed different behavior: PASS, when executed after: []]
--------------------------
Execution time of TLG and its time to find/nullify any DTs for 1 machine (does not include the time to run the tests in the new order): 1.005
Number of tests selected out of total in original order: 4 / 25
Number of DTs not fixed: 0
Number of DTs fixed: 0
Execution time for executing the following testing order: 0.288

Test order list:
[org.apache.zeppelin.ticket.TicketContainerTest.isValidExistingPrincipal, org.apache.zeppelin.integration.SparkParagraphIT.testDep, org.apache.zeppelin.security.SecurityUtilsTest.isValidFromConfig, org.apache.zeppelin.security.SecurityUtilsTest.notAURIOrigin]

Time each test takes to run in the new order:
[67460406, 12072287, 201414673, 6681447]

Dependent test list:
[Test: org.apache.zeppelin.server.CorsFilterTest.InvalidCorsFilterTest, Intended behavior: FAILURE, when executed after: [org.apache.zeppelin.server.CorsFilterTest.ValidCorsFilterTest], The revealed different behavior: PASS, when executed after: []]
--------------------------
Execution time of TLG and its time to find/nullify any DTs for 1 machine (does not include the time to run the tests in the new order): 1.005
Number of tests selected out of total in original order: 5 / 25
Number of DTs not fixed: 0
Number of DTs fixed: 0
Execution time for executing the following testing order: 0.103

Test order list:
[org.apache.zeppelin.ticket.TicketContainerTest.isValidAnonymous, org.apache.zeppelin.integration.ZeppelinIT.testSparkInterpreterDependencyLoading, org.apache.zeppelin.integration.ZeppelinIT.testAngularDisplay, org.apache.zeppelin.integration.AuthenticationIT.testGroupPermission, org.apache.zeppelin.realm.PamRealmTest.testDoGetAuthenticationInfo]

Time each test takes to run in the new order:
[53102515, 24680259, 1180900, 6902427, 17014581]

Dependent test list:
[Test: org.apache.zeppelin.server.CorsFilterTest.InvalidCorsFilterTest, Intended behavior: FAILURE, when executed after: [org.apache.zeppelin.server.CorsFilterTest.ValidCorsFilterTest], The revealed different behavior: PASS, when executed after: []]
--------------------------
Execution time of TLG and its time to find/nullify any DTs for 1 machine (does not include the time to run the tests in the new order): 1.004
Number of tests selected out of total in original order: 1 / 25
Number of DTs not fixed: 0
Number of DTs fixed: 0
Execution time for executing the following testing order: 0.050

Test order list:
[org.apache.zeppelin.ticket.TicketContainerTest.isValidNonExistingPrincipal]

Time each test takes to run in the new order:
[49650468]

Dependent test list:
[Test: org.apache.zeppelin.server.CorsFilterTest.InvalidCorsFilterTest, Intended behavior: FAILURE, when executed after: [org.apache.zeppelin.server.CorsFilterTest.ValidCorsFilterTest], The revealed different behavior: PASS, when executed after: []]
--------------------------
Execution time of TLG and its time to find/nullify any DTs for 1 machine (does not include the time to run the tests in the new order): 1.004
Number of tests selected out of total in original order: 1 / 25
Number of DTs not fixed: 0
Number of DTs fixed: 0
Execution time for executing the following testing order: 0.641

Test order list:
[org.apache.zeppelin.security.SecurityUtilsTest.isInvalidFromConfig]

Time each test takes to run in the new order:
[641017280]

Dependent test list:
[Test: org.apache.zeppelin.server.CorsFilterTest.InvalidCorsFilterTest, Intended behavior: FAILURE, when executed after: [org.apache.zeppelin.server.CorsFilterTest.ValidCorsFilterTest], The revealed different behavior: PASS, when executed after: []]
--------------------------
Execution time of TLG and its time to find/nullify any DTs for 1 machine (does not include the time to run the tests in the new order): 1.004
Number of tests selected out of total in original order: 1 / 25
Number of DTs not fixed: 0
Number of DTs fixed: 0
Execution time for executing the following testing order: 0.579

Test order list:
[org.apache.zeppelin.server.CorsFilterTest.ValidCorsFilterTest]

Time each test takes to run in the new order:
[579404074]

Dependent test list:
[Test: org.apache.zeppelin.server.CorsFilterTest.InvalidCorsFilterTest, Intended behavior: FAILURE, when executed after: [org.apache.zeppelin.server.CorsFilterTest.ValidCorsFilterTest], The revealed different behavior: PASS, when executed after: []]
--------------------------
Total time (of all machines and iterations plus initial TestListGenerator): 2.762
New order time: 0.641
Total number of tests executed in all machines out of total in original order: 26 / 25