The following arguments were used to generate this output.
[-technique, parallelization, -order, time, -timeOrder, /home/user/dependent-tests-impact/experiments/zeppelin/zeppelin-server/target//zeppelin-server-orig-time.txt, -origOrder, zeppelin-server-orig-order, -testInputDir, /home/user/dependent-tests-impact/experiments/zeppelin/zeppelin-server/target//sootTestOutput-orig, -filesToDelete, zeppelin-server-env-files, -numOfMachines, 4, -project, Zeppelin-Server, -testType, orig, -timesToRun, 1, -outputDir, /home/user/dependent-tests-impact/experiments/parallelization-results, -resolveDependences]

Execution time of TLG and its time to find/nullify any DTs for 1 machine (does not include the time to run the tests in the new order): 1.006
Number of tests selected out of total in original order: 13 / 25
Number of DTs not fixed: 0
Number of DTs fixed: 0
Execution time for executing the following testing order: 0.324

Test order list:
[org.apache.zeppelin.ticket.TicketContainerTest.isValidunkownTicket, org.apache.zeppelin.ticket.TicketContainerTest.isValidAnonymous, org.apache.zeppelin.ticket.TicketContainerTest.isValidExistingPrincipal, org.apache.zeppelin.integration.SparkParagraphIT.testSqlSpark, org.apache.zeppelin.integration.SparkParagraphIT.testSpark, org.apache.zeppelin.integration.SparkParagraphIT.testPySpark, org.apache.zeppelin.integration.ZeppelinIT.testAngularRunParagraph, org.apache.zeppelin.integration.InterpreterIT.testShowDescriptionOnInterpreterCreate, org.apache.zeppelin.security.SecurityUtilsTest.isLocalhost, org.apache.zeppelin.security.SecurityUtilsTest.isValidFromConfig, org.apache.zeppelin.security.SecurityUtilsTest.isValidFromStar, org.apache.zeppelin.security.SecurityUtilsTest.isInvalid, org.apache.zeppelin.realm.PamRealmTest.testDoGetAuthenticationInfo]

Time each test takes to run in the new order:
[80617210, 1144292, 1171937, 27540464, 1414696, 1209481, 1160040, 929081, 174053719, 6064700, 10374901, 5179327, 13562814]
--------------------------
Execution time of TLG and its time to find/nullify any DTs for 1 machine (does not include the time to run the tests in the new order): 16.095
Number of tests selected out of total in original order: 11 / 25
Number of DTs not fixed: 0
Number of DTs fixed: 1
Execution time for executing the following testing order: 0.503

Test order list:
[org.apache.zeppelin.ticket.TicketContainerTest.isValidNonExistingPrincipal, org.apache.zeppelin.integration.SparkParagraphIT.testDep, org.apache.zeppelin.integration.ZeppelinIT.testSparkInterpreterDependencyLoading, org.apache.zeppelin.integration.ZeppelinIT.testAngularDisplay, org.apache.zeppelin.integration.AuthenticationIT.testGroupPermission, org.apache.zeppelin.security.SecurityUtilsTest.isLocalMachine, org.apache.zeppelin.security.SecurityUtilsTest.nullOrigin, org.apache.zeppelin.security.SecurityUtilsTest.emptyOrigin, org.apache.zeppelin.security.SecurityUtilsTest.notAURIOrigin, org.apache.zeppelin.server.CorsFilterTest.ValidCorsFilterTest, org.apache.zeppelin.server.CorsFilterTest.InvalidCorsFilterTest]

Time each test takes to run in the new order:
[50720042, 22590122, 1214993, 1200160, 6026396, 194233144, 5401163, 8634973, 6709128, 202916725, 3216557]

Dependent test list:
[Test: org.apache.zeppelin.server.CorsFilterTest.InvalidCorsFilterTest, Intended behavior: FAILURE, when executed after: [org.apache.zeppelin.server.CorsFilterTest.ValidCorsFilterTest], The revealed different behavior: PASS, when executed after: []]
--------------------------
Execution time of TLG and its time to find/nullify any DTs for 1 machine (does not include the time to run the tests in the new order): 1.003
Number of tests selected out of total in original order: 1 / 25
Number of DTs not fixed: 0
Number of DTs fixed: 0
Execution time for executing the following testing order: 0.612

Test order list:
[org.apache.zeppelin.security.SecurityUtilsTest.isInvalidFromConfig]

Time each test takes to run in the new order:
[612013977]

Dependent test list:
[Test: org.apache.zeppelin.server.CorsFilterTest.InvalidCorsFilterTest, Intended behavior: FAILURE, when executed after: [org.apache.zeppelin.server.CorsFilterTest.ValidCorsFilterTest], The revealed different behavior: PASS, when executed after: []]
--------------------------
Execution time of TLG and its time to find/nullify any DTs for 1 machine (does not include the time to run the tests in the new order): 1.005
Number of tests selected out of total in original order: 1 / 25
Number of DTs not fixed: 0
Number of DTs fixed: 0
Execution time for executing the following testing order: 0.548

Test order list:
[org.apache.zeppelin.server.CorsFilterTest.ValidCorsFilterTest]

Time each test takes to run in the new order:
[547838849]

Dependent test list:
[Test: org.apache.zeppelin.server.CorsFilterTest.InvalidCorsFilterTest, Intended behavior: FAILURE, when executed after: [org.apache.zeppelin.server.CorsFilterTest.ValidCorsFilterTest], The revealed different behavior: PASS, when executed after: []]
--------------------------
Total time (of all machines and iterations plus initial TestListGenerator): 2.021
New order time: 0.612
Total number of tests executed in all machines out of total in original order: 26 / 25