.E
Time: 0.066
There was 1 error:
1) testNullInputConstructor(crystal.client.ClientPreferencesTest)java.lang.IllegalArgumentException: Invalid string input
	at crystal.util.ValidInputChecker.checkValidStringInput(ValidInputChecker.java:135)
	at crystal.client.ClientPreferences.<init>(ClientPreferences.java:175)
	at crystal.client.ClientPreferencesTest.testNullInputConstructor(ClientPreferencesTest.java:35)
	at sun.reflect.NativeMethodAccessorImpl.invoke0(Native Method)
	at sun.reflect.NativeMethodAccessorImpl.invoke(NativeMethodAccessorImpl.java:57)
	at sun.reflect.DelegatingMethodAccessorImpl.invoke(DelegatingMethodAccessorImpl.java:43)
	at edu.washington.cs.dt.util.TestRunnerWrapper.main(TestRunnerWrapper.java:56)

FAILURES!!!
Tests run: 1,  Failures: 0,  Errors: 1

.E
Time: 0.006
There was 1 error:
1) testDuplicateAddProjectPreferences(crystal.client.ClientPreferencesTest)crystal.client.ClientPreferences$DuplicateProjectNameException: Duplicate project name: shortName
	at crystal.client.ClientPreferences.addProjectPreferences(ClientPreferences.java:217)
	at crystal.client.ClientPreferencesTest.testDuplicateAddProjectPreferences(ClientPreferencesTest.java:83)
	at sun.reflect.NativeMethodAccessorImpl.invoke0(Native Method)
	at sun.reflect.NativeMethodAccessorImpl.invoke(NativeMethodAccessorImpl.java:57)
	at sun.reflect.DelegatingMethodAccessorImpl.invoke(DelegatingMethodAccessorImpl.java:43)
	at edu.washington.cs.dt.util.TestRunnerWrapper.main(TestRunnerWrapper.java:56)

FAILURES!!!
Tests run: 1,  Failures: 0,  Errors: 1

.
Time: 0

OK (1 test)

.
Time: 0

OK (1 test)

.
Time: 0.003

OK (1 test)

.
Time: 0

OK (1 test)

.
Time: 0.019

OK (1 test)

.
Time: 0.39

OK (1 test)

.F
Time: 0.001
There was 1 failure:
1) testGetProjectCheckoutLocation(crystal.client.ProjectPreferencesTest)junit.framework.AssertionFailedError: null
	at crystal.client.ProjectPreferencesTest.testGetProjectCheckoutLocation(ProjectPreferencesTest.java:167)
	at sun.reflect.NativeMethodAccessorImpl.invoke0(Native Method)
	at sun.reflect.NativeMethodAccessorImpl.invoke(NativeMethodAccessorImpl.java:57)
	at sun.reflect.DelegatingMethodAccessorImpl.invoke(DelegatingMethodAccessorImpl.java:43)
	at edu.washington.cs.dt.util.TestRunnerWrapper.main(TestRunnerWrapper.java:56)

FAILURES!!!
Tests run: 1,  Failures: 1,  Errors: 0

.
Time: 0

OK (1 test)

.
Time: 1.567

OK (1 test)

.
Time: 0.01

OK (1 test)

.E
Time: 0.803
There was 1 error:
1) testEqualsObject(crystal.model.RevisionHistoryTest)java.lang.NullPointerException
	at crystal.model.RevisionHistoryTest.testEqualsObject(RevisionHistoryTest.java:61)
	at sun.reflect.NativeMethodAccessorImpl.invoke0(Native Method)
	at sun.reflect.NativeMethodAccessorImpl.invoke(NativeMethodAccessorImpl.java:57)
	at sun.reflect.DelegatingMethodAccessorImpl.invoke(DelegatingMethodAccessorImpl.java:43)
	at edu.washington.cs.dt.util.TestRunnerWrapper.main(TestRunnerWrapper.java:56)

FAILURES!!!
Tests run: 1,  Failures: 0,  Errors: 1

.E
Time: 0.865
There was 1 error:
1) testSuperSubHistory(crystal.model.RevisionHistoryTest)java.lang.NullPointerException
	at crystal.model.RevisionHistoryTest.testSuperSubHistory(RevisionHistoryTest.java:91)
	at sun.reflect.NativeMethodAccessorImpl.invoke0(Native Method)
	at sun.reflect.NativeMethodAccessorImpl.invoke(NativeMethodAccessorImpl.java:57)
	at sun.reflect.DelegatingMethodAccessorImpl.invoke(DelegatingMethodAccessorImpl.java:43)
	at edu.washington.cs.dt.util.TestRunnerWrapper.main(TestRunnerWrapper.java:56)

FAILURES!!!
Tests run: 1,  Failures: 0,  Errors: 1

.E
Time: 0.315
There was 1 error:
1) testGetCommitters(crystal.model.RevisionHistoryTest)java.lang.NullPointerException
	at crystal.model.RevisionHistoryTest.testGetCommitters(RevisionHistoryTest.java:114)
	at sun.reflect.NativeMethodAccessorImpl.invoke0(Native Method)
	at sun.reflect.NativeMethodAccessorImpl.invoke(NativeMethodAccessorImpl.java:57)
	at sun.reflect.DelegatingMethodAccessorImpl.invoke(DelegatingMethodAccessorImpl.java:43)
	at edu.washington.cs.dt.util.TestRunnerWrapper.main(TestRunnerWrapper.java:56)

FAILURES!!!
Tests run: 1,  Failures: 0,  Errors: 1

.
Time: 0.014

OK (1 test)

.E
Time: 0.006
There was 1 error:
1) testParseNullLog(crystal.server.HgLogParserTest)java.lang.IllegalArgumentException: Null input
	at crystal.util.ValidInputChecker.checkNullInput(ValidInputChecker.java:125)
	at crystal.server.AbstractLogParser.abstractParseLog(AbstractLogParser.java:129)
	at crystal.server.HgLogParser.parseLog(HgLogParser.java:34)
	at crystal.server.HgLogParserTest.testParseNullLog(HgLogParserTest.java:29)
	at sun.reflect.NativeMethodAccessorImpl.invoke0(Native Method)
	at sun.reflect.NativeMethodAccessorImpl.invoke(NativeMethodAccessorImpl.java:57)
	at sun.reflect.DelegatingMethodAccessorImpl.invoke(DelegatingMethodAccessorImpl.java:43)
	at edu.washington.cs.dt.util.TestRunnerWrapper.main(TestRunnerWrapper.java:56)

FAILURES!!!
Tests run: 1,  Failures: 0,  Errors: 1

File not found
File not found
.E
Time: 0.04
There was 1 error:
1) testParseLog(crystal.server.HgLogParserTest)java.lang.NullPointerException
	at crystal.server.HgLogParserTest.testParseLog(HgLogParserTest.java:61)
	at sun.reflect.NativeMethodAccessorImpl.invoke0(Native Method)
	at sun.reflect.NativeMethodAccessorImpl.invoke(NativeMethodAccessorImpl.java:57)
	at sun.reflect.DelegatingMethodAccessorImpl.invoke(DelegatingMethodAccessorImpl.java:43)
	at edu.washington.cs.dt.util.TestRunnerWrapper.main(TestRunnerWrapper.java:56)

FAILURES!!!
Tests run: 1,  Failures: 0,  Errors: 1

.
Time: 0

OK (1 test)

.
Time: 0

OK (1 test)

.E
Time: 0.006
There was 1 error:
1) testNullIntersection(crystal.util.SetOperationsTest)java.lang.IllegalArgumentException: Null input
	at crystal.util.ValidInputChecker.checkNullInput(ValidInputChecker.java:125)
	at crystal.util.SetOperations.intersection(SetOperations.java:18)
	at crystal.util.SetOperationsTest.testNullIntersection(SetOperationsTest.java:22)
	at sun.reflect.NativeMethodAccessorImpl.invoke0(Native Method)
	at sun.reflect.NativeMethodAccessorImpl.invoke(NativeMethodAccessorImpl.java:57)
	at sun.reflect.DelegatingMethodAccessorImpl.invoke(DelegatingMethodAccessorImpl.java:43)
	at edu.washington.cs.dt.util.TestRunnerWrapper.main(TestRunnerWrapper.java:56)

FAILURES!!!
Tests run: 1,  Failures: 0,  Errors: 1

Execution time: 5409103849
0-th run
Pass: 12, Fail: 1, Error: 8
{crystal.client.ClientPreferencesTest.testNullInputConstructor=ERROR, crystal.client.ClientPreferencesTest.testDuplicateAddProjectPreferences=ERROR, crystal.client.ClientPreferencesTest.testAddProjectPreferences=PASS, crystal.client.ClientPreferencesTest.testDuplicateProject=PASS, crystal.client.ClientPreferencesTest.testRemoveProjectPreferences=PASS, crystal.client.ClientPreferencesTest.testRemoveProjectPreferencesAtIndex=PASS, crystal.client.ClientPreferencesTest.testClone=PASS, crystal.client.ConflictDaemonTest.testLocalState=PASS, crystal.client.ProjectPreferencesTest.testGetProjectCheckoutLocation=FAILURE, crystal.model.DataSourceTest.testSetField=PASS, crystal.model.DataSourceTest.testSetHistory=PASS, crystal.model.RelationshipTest.testGetDominant=PASS, crystal.model.RevisionHistoryTest.testEqualsObject=ERROR, crystal.model.RevisionHistoryTest.testSuperSubHistory=ERROR, crystal.model.RevisionHistoryTest.testGetCommitters=ERROR, crystal.server.GuidanceCheckerTest.testGetCommitters=PASS, crystal.server.HgLogParserTest.testParseNullLog=ERROR, crystal.server.HgLogParserTest.testParseLog=ERROR, crystal.server.HgLogParserTest.testSingleLog=PASS, crystal.server.HgLogParserTest.testTwoLogs=PASS, crystal.util.SetOperationsTest.testNullIntersection=ERROR}

