.
Time: 1.608

OK (1 test)

.
Time: 0.023

OK (1 test)

.
Time: 0.019

OK (1 test)

.
Time: 0.023

OK (1 test)

.
Time: 0.039

OK (1 test)

.
Time: 0.047

OK (1 test)

.
Time: 3.43

OK (1 test)

.
Time: 0.162

OK (1 test)

.
Time: 0.067

OK (1 test)

.
Time: 0.002

OK (1 test)

.
Time: 0.332

OK (1 test)

.
Time: 0.218

OK (1 test)

.
Time: 0.185

OK (1 test)

.
Time: 0.154

OK (1 test)

.
Time: 0.164

OK (1 test)

.
Time: 0.149

OK (1 test)

.
Time: 0.156

OK (1 test)

.
Time: 0.044

OK (1 test)

.
Time: 0.009

OK (1 test)

.
Time: 0

OK (1 test)

.
Time: 0

OK (1 test)

.
Time: 0

OK (1 test)

.
Time: 0

OK (1 test)

.E
Time: 0.055
There was 1 error:
1) test_Y4_stripped(org.apache.xml.security.test.c14n.implementations.C14NInterop)java.io.FileNotFoundException: /home/winglam/workspace/dependent-tests-impact/experiments/xml-security-orig-v1/data/interop/c14n/Y4/signatureStripped.xml (No such file or directory)
	at java.io.FileInputStream.open(Native Method)
	at java.io.FileInputStream.<init>(FileInputStream.java:146)
	at java.io.FileInputStream.<init>(FileInputStream.java:101)
	at sun.net.www.protocol.file.FileURLConnection.connect(FileURLConnection.java:90)
	at sun.net.www.protocol.file.FileURLConnection.getInputStream(FileURLConnection.java:188)
	at java.net.URL.openStream(URL.java:1037)
	at org.apache.xerces.impl.XMLEntityManager.startEntity(XMLEntityManager.java:731)
	at org.apache.xerces.impl.XMLEntityManager.startDocumentEntity(XMLEntityManager.java:676)
	at org.apache.xerces.impl.XMLDocumentScannerImpl.setInputSource(XMLDocumentScannerImpl.java:252)
	at org.apache.xerces.parsers.StandardParserConfiguration.parse(StandardParserConfiguration.java:499)
	at org.apache.xerces.parsers.StandardParserConfiguration.parse(StandardParserConfiguration.java:581)
	at org.apache.xerces.parsers.XMLParser.parse(XMLParser.java:147)
	at org.apache.xerces.parsers.DOMParser.parse(DOMParser.java:221)
	at org.apache.xerces.jaxp.DocumentBuilderImpl.parse(DocumentBuilderImpl.java:209)
	at javax.xml.parsers.DocumentBuilder.parse(DocumentBuilder.java:205)
	at org.apache.xml.security.test.c14n.implementations.C14NInterop.t(C14NInterop.java:210)
	at org.apache.xml.security.test.c14n.implementations.C14NInterop.test_Y4_stripped(C14NInterop.java:188)
	at sun.reflect.NativeMethodAccessorImpl.invoke0(Native Method)
	at sun.reflect.NativeMethodAccessorImpl.invoke(NativeMethodAccessorImpl.java:57)
	at sun.reflect.DelegatingMethodAccessorImpl.invoke(DelegatingMethodAccessorImpl.java:43)
	at edu.washington.cs.dt.util.TestRunnerWrapper.main(TestRunnerWrapper.java:56)

FAILURES!!!
Tests run: 1,  Failures: 0,  Errors: 1

.
Time: 3.216

OK (1 test)

.
Time: 0.03

OK (1 test)

.
Time: 0.033

OK (1 test)

.
Time: 0.024

OK (1 test)

.
Time: 0.03

OK (1 test)

.
Time: 0.232

OK (1 test)

.
Time: 0.032

OK (1 test)

.
Time: 0.037

OK (1 test)

.
Time: 0.074

OK (1 test)

.
Time: 0.04

OK (1 test)

.
Time: 0.061

OK (1 test)

.
Time: 0.04

OK (1 test)

.
Time: 0.161

OK (1 test)

.
Time: 0.124

OK (1 test)

.
Time: 0.023

OK (1 test)

.
Time: 0.599

OK (1 test)

.

Time: 0.06

OK (1 test)

.
Time: 0.026

OK (1 test)

.
Time: 0.034

OK (1 test)

.
Time: 0.785

OK (1 test)

.
Time: 1.626

OK (1 test)

.
Time: 1.157

OK (1 test)

.F
Time: 30.249
There was 1 failure:
1) test_Y5(org.apache.xml.security.test.c14n.implementations.ExclusiveC14NInterop)junit.framework.AssertionFailedError: 8 10 19 24 26
	at org.apache.xml.security.test.c14n.implementations.ExclusiveC14NInterop.test_Y5(ExclusiveC14NInterop.java:201)
	at sun.reflect.NativeMethodAccessorImpl.invoke0(Native Method)
	at sun.reflect.NativeMethodAccessorImpl.invoke(NativeMethodAccessorImpl.java:57)
	at sun.reflect.DelegatingMethodAccessorImpl.invoke(DelegatingMethodAccessorImpl.java:43)
	at edu.washington.cs.dt.util.TestRunnerWrapper.main(TestRunnerWrapper.java:56)

FAILURES!!!
Tests run: 1,  Failures: 1,  Errors: 0

.
Time: 0.008

OK (1 test)

.
Time: 0.002

OK (1 test)

.
Time: 0.014

OK (1 test)

.
Time: 0.007

OK (1 test)

.
Time: 0.02

OK (1 test)

.
Time: 0.014

OK (1 test)

.
Time: 0.015

OK (1 test)

.
Time: 0.014

OK (1 test)

.
Time: 0.013

OK (1 test)

.
Time: 0.004

OK (1 test)

.
Time: 0.007

OK (1 test)

.
Time: 0.068

OK (1 test)

.
Time: 0.088

OK (1 test)

.
Time: 0.214

OK (1 test)

.
Time: 0.335

OK (1 test)

.
Time: 0.136

OK (1 test)

.
Time: 0.13

OK (1 test)

.
Time: 0.149

OK (1 test)

.
Time: 0.105

OK (1 test)

.
Time: 3.376

OK (1 test)

.
Time: 0.109

OK (1 test)

.
Time: 0.121

OK (1 test)

.
Time: 0.157

OK (1 test)

.
Time: 0.226

OK (1 test)

.
Time: 0.438

OK (1 test)

.
Time: 0.151

OK (1 test)

.
Time: 0.156

OK (1 test)

.
Time: 0.12

OK (1 test)

.
Time: 0.143

OK (1 test)

.
Time: 0.223

OK (1 test)

.
Time: 0.138

OK (1 test)

.
Time: 0.208

OK (1 test)

.E
Time: 0.013
There was 1 error:
1) test_enveloping_hmac(org.apache.xml.security.test.interop.IBMTest)java.io.FileNotFoundException: data/com/ibm/xss4j-20011029/enveloping-hmac.key (No such file or directory)
	at java.io.FileInputStream.open(Native Method)
	at java.io.FileInputStream.<init>(FileInputStream.java:146)
	at java.io.FileInputStream.<init>(FileInputStream.java:101)
	at org.apache.xml.security.utils.JavaUtils.getBytesFromFile(JavaUtils.java:232)
	at org.apache.xml.security.test.interop.IBMTest.test_enveloping_hmac(IBMTest.java:157)
	at sun.reflect.NativeMethodAccessorImpl.invoke0(Native Method)
	at sun.reflect.NativeMethodAccessorImpl.invoke(NativeMethodAccessorImpl.java:57)
	at sun.reflect.DelegatingMethodAccessorImpl.invoke(DelegatingMethodAccessorImpl.java:43)
	at edu.washington.cs.dt.util.TestRunnerWrapper.main(TestRunnerWrapper.java:56)

FAILURES!!!
Tests run: 1,  Failures: 0,  Errors: 1

.E
Time: 0.015
There was 1 error:
1) test_detached_dsa(org.apache.xml.security.test.interop.IBMTest)java.io.FileNotFoundException: data/com/ibm/xss4j-20011029/detached-dsa.sig (No such file or directory)
	at java.io.FileInputStream.open(Native Method)
	at java.io.FileInputStream.<init>(FileInputStream.java:146)
	at org.apache.xml.security.test.interop.InteropTest.verify(InteropTest.java:117)
	at org.apache.xml.security.test.interop.IBMTest.test_detached_dsa(IBMTest.java:186)
	at sun.reflect.NativeMethodAccessorImpl.invoke0(Native Method)
	at sun.reflect.NativeMethodAccessorImpl.invoke(NativeMethodAccessorImpl.java:57)
	at sun.reflect.DelegatingMethodAccessorImpl.invoke(DelegatingMethodAccessorImpl.java:43)
	at edu.washington.cs.dt.util.TestRunnerWrapper.main(TestRunnerWrapper.java:56)

FAILURES!!!
Tests run: 1,  Failures: 0,  Errors: 1

.
E
Time: 0.011
There was 1 error:
1) test_detached_rsa(org.apache.xml.security.test.interop.IBMTest)java.io.FileNotFoundException: data/com/ibm/xss4j-20011029/detached-rsa.sig (No such file or directory)
	at java.io.FileInputStream.open(Native Method)
	at java.io.FileInputStream.<init>(FileInputStream.java:146)
	at org.apache.xml.security.test.interop.InteropTest.verify(InteropTest.java:117)
	at org.apache.xml.security.test.interop.IBMTest.test_detached_rsa(IBMTest.java:211)
	at sun.reflect.NativeMethodAccessorImpl.invoke0(Native Method)
	at sun.reflect.NativeMethodAccessorImpl.invoke(NativeMethodAccessorImpl.java:57)
	at sun.reflect.DelegatingMethodAccessorImpl.invoke(DelegatingMethodAccessorImpl.java:43)
	at edu.washington.cs.dt.util.TestRunnerWrapper.main(TestRunnerWrapper.java:56)

FAILURES!!!
Tests run: 1,  Failures: 0,  Errors: 1

.E
Time: 0.015
There was 1 error:
1) test_enveloped_dsa(org.apache.xml.security.test.interop.IBMTest)java.io.FileNotFoundException: data/com/ibm/xss4j-20011029/enveloped-dsa.sig (No such file or directory)
	at java.io.FileInputStream.open(Native Method)
	at java.io.FileInputStream.<init>(FileInputStream.java:146)
	at org.apache.xml.security.test.interop.InteropTest.verify(InteropTest.java:117)
	at org.apache.xml.security.test.interop.IBMTest.test_enveloped_dsa(IBMTest.java:236)
	at sun.reflect.NativeMethodAccessorImpl.invoke0(Native Method)
	at sun.reflect.NativeMethodAccessorImpl.invoke(NativeMethodAccessorImpl.java:57)
	at sun.reflect.DelegatingMethodAccessorImpl.invoke(DelegatingMethodAccessorImpl.java:43)
	at edu.washington.cs.dt.util.TestRunnerWrapper.main(TestRunnerWrapper.java:56)

FAILURES!!!
Tests run: 1,  Failures: 0,  Errors: 1

.E
Time: 0.019
There was 1 error:
1) test_enveloped_rsa(org.apache.xml.security.test.interop.IBMTest)java.io.FileNotFoundException: data/com/ibm/xss4j-20011029/enveloped-rsa.sig (No such file or directory)
	at java.io.FileInputStream.open(Native Method)
	at java.io.FileInputStream.<init>(FileInputStream.java:146)
	at org.apache.xml.security.test.interop.InteropTest.verify(InteropTest.java:117)
	at org.apache.xml.security.test.interop.IBMTest.test_enveloped_rsa(IBMTest.java:261)
	at sun.reflect.NativeMethodAccessorImpl.invoke0(Native Method)
	at sun.reflect.NativeMethodAccessorImpl.invoke(NativeMethodAccessorImpl.java:57)
	at sun.reflect.DelegatingMethodAccessorImpl.invoke(DelegatingMethodAccessorImpl.java:43)
	at edu.washington.cs.dt.util.TestRunnerWrapper.main(TestRunnerWrapper.java:56)

FAILURES!!!
Tests run: 1,  Failures: 0,  Errors: 1

.E
Time: 0.014
There was 1 error:
1) test_enveloping_dsa(org.apache.xml.security.test.interop.IBMTest)java.io.FileNotFoundException: data/com/ibm/xss4j-20011029/enveloping-dsa.sig (No such file or directory)
	at java.io.FileInputStream.open(Native Method)
	at java.io.FileInputStream.<init>(FileInputStream.java:146)
	at org.apache.xml.security.test.interop.InteropTest.verify(InteropTest.java:117)
	at org.apache.xml.security.test.interop.IBMTest.test_enveloping_dsa(IBMTest.java:286)
	at sun.reflect.NativeMethodAccessorImpl.invoke0(Native Method)
	at sun.reflect.NativeMethodAccessorImpl.invoke(NativeMethodAccessorImpl.java:57)
	at sun.reflect.DelegatingMethodAccessorImpl.invoke(DelegatingMethodAccessorImpl.java:43)
	at edu.washington.cs.dt.util.TestRunnerWrapper.main(TestRunnerWrapper.java:56)

FAILURES!!!
Tests run: 1,  Failures: 0,  Errors: 1

.E
Time: 0.026
There was 1 error:
1) test_enveloping_rsa(org.apache.xml.security.test.interop.IBMTest)java.io.FileNotFoundException: data/com/ibm/xss4j-20011029/enveloping-rsa.sig (No such file or directory)
	at java.io.FileInputStream.open(Native Method)
	at java.io.FileInputStream.<init>(FileInputStream.java:146)
	at org.apache.xml.security.test.interop.InteropTest.verify(InteropTest.java:117)
	at org.apache.xml.security.test.interop.IBMTest.test_enveloping_rsa(IBMTest.java:311)
	at sun.reflect.NativeMethodAccessorImpl.invoke0(Native Method)
	at sun.reflect.NativeMethodAccessorImpl.invoke(NativeMethodAccessorImpl.java:57)
	at sun.reflect.DelegatingMethodAccessorImpl.invoke(DelegatingMethodAccessorImpl.java:43)
	at edu.washington.cs.dt.util.TestRunnerWrapper.main(TestRunnerWrapper.java:56)

FAILURES!!!
Tests run: 1,  Failures: 0,  Errors: 1

.E
Time: 0.037
There was 1 error:
1) test_enveloping_dsa_soaped_broken(org.apache.xml.security.test.interop.IBMTest)java.io.FileNotFoundException: data/com/ibm/xss4j-20011029/enveloping-dsa-soaped-broken.sig (No such file or directory)
	at java.io.FileInputStream.open(Native Method)
	at java.io.FileInputStream.<init>(FileInputStream.java:146)
	at org.apache.xml.security.test.interop.InteropTest.verify(InteropTest.java:117)
	at org.apache.xml.security.test.interop.IBMTest.test_enveloping_dsa_soaped_broken(IBMTest.java:336)
	at sun.reflect.NativeMethodAccessorImpl.invoke0(Native Method)
	at sun.reflect.NativeMethodAccessorImpl.invoke(NativeMethodAccessorImpl.java:57)
	at sun.reflect.DelegatingMethodAccessorImpl.invoke(DelegatingMethodAccessorImpl.java:43)
	at edu.washington.cs.dt.util.TestRunnerWrapper.main(TestRunnerWrapper.java:56)

FAILURES!!!
Tests run: 1,  Failures: 0,  Errors: 1

.
Time: 0.173

OK (1 test)

.
Time: 0.126

OK (1 test)

.
Time: 0

OK (1 test)

.
Time: 0.023

OK (1 test)

.
Time: 0.001

OK (1 test)

.
Time: 0.001

OK (1 test)

.
Time: 0.02

OK (1 test)

.
Time: 0.015

OK (1 test)

.
Time: 0.034

OK (1 test)

.
Time: 0

OK (1 test)

.
Time: 0

OK (1 test)

.
Time: 0

OK (1 test)

.
Time: 0.019

OK (1 test)

.
Time: 0.007

OK (1 test)

.
Time: 0.016

OK (1 test)

.
Time: 0.042

OK (1 test)

.
Time: 0.04

OK (1 test)

.
Time: 0.074

OK (1 test)

.
Time: 0.008

OK (1 test)

.
Time: 0

OK (1 test)

.
Time: 0.037

OK (1 test)

Execution time: 55486707436
0-th run
Pass: 98, Fail: 1, Error: 9
{org.apache.xml.security.test.algorithms.implementations.AESWrapperTest.test41=1672357812, org.apache.xml.security.test.algorithms.implementations.AESWrapperTest.test42=29291481, org.apache.xml.security.test.algorithms.implementations.AESWrapperTest.test43=26145213, org.apache.xml.security.test.algorithms.implementations.AESWrapperTest.test44=27701602, org.apache.xml.security.test.algorithms.implementations.AESWrapperTest.test45=55724938, org.apache.xml.security.test.algorithms.implementations.AESWrapperTest.test46=59150324, org.apache.xml.security.test.algorithms.implementations.BlockEncryptionTest.test_AES128=3435150286, org.apache.xml.security.test.algorithms.implementations.BlockEncryptionTest.test_AES192=165052467, org.apache.xml.security.test.algorithms.implementations.BlockEncryptionTest.test_AES256=68992213, org.apache.xml.security.test.algorithms.implementations.BlockEncryptionTest.test_3DES=25569830, org.apache.xml.security.test.algorithms.implementations.KeyWrapTest.test_3DES=357645865, org.apache.xml.security.test.algorithms.implementations.KeyWrapTest.test_AES_41=225030781, org.apache.xml.security.test.algorithms.implementations.KeyWrapTest.test_AES_42=192745095, org.apache.xml.security.test.algorithms.implementations.KeyWrapTest.test_AES_43=164339839, org.apache.xml.security.test.algorithms.implementations.KeyWrapTest.test_AES_44=170754179, org.apache.xml.security.test.algorithms.implementations.KeyWrapTest.test_AES_45=171072829, org.apache.xml.security.test.algorithms.implementations.KeyWrapTest.test_AES_46=175280234, org.apache.xml.security.test.algorithms.implementations.TripleDESWrapperTest.test34=60571886, org.apache.xml.security.test.c14n.helper.C14nHelperTest.testNamespaceIsAbsolute01=22707377, org.apache.xml.security.test.c14n.helper.C14nHelperTest.testNamespaceIsAbsolute02=4541718, org.apache.xml.security.test.c14n.helper.C14nHelperTest.testNamespaceIsAbsolute03=10834099, org.apache.xml.security.test.c14n.helper.C14nHelperTest.testNamespaceIsRelative01=4025726, org.apache.xml.security.test.c14n.helper.C14nHelperTest.testNamespaceIsRelative02=11392991, org.apache.xml.security.test.c14n.implementations.C14NInterop.test_Y4_stripped=87554181, org.apache.xml.security.test.c14n.implementations.Canonicalizer20010315ExclusiveTest.testA=3229621885, org.apache.xml.security.test.c14n.implementations.Canonicalizer20010315ExclusiveTest.test221=42854075, org.apache.xml.security.test.c14n.implementations.Canonicalizer20010315ExclusiveTest.test222=45265264, org.apache.xml.security.test.c14n.implementations.Canonicalizer20010315ExclusiveTest.test221excl=36162179, org.apache.xml.security.test.c14n.implementations.Canonicalizer20010315ExclusiveTest.test222excl=40885710, org.apache.xml.security.test.c14n.implementations.Canonicalizer20010315Test.test31withComments=249600097, org.apache.xml.security.test.c14n.implementations.Canonicalizer20010315Test.test31=47438674, org.apache.xml.security.test.c14n.implementations.Canonicalizer20010315Test.test32=39355729, org.apache.xml.security.test.c14n.implementations.Canonicalizer20010315Test.test33=85893662, org.apache.xml.security.test.c14n.implementations.Canonicalizer20010315Test.test34validatingParser=55623730, org.apache.xml.security.test.c14n.implementations.Canonicalizer20010315Test.test35=62289068, org.apache.xml.security.test.c14n.implementations.Canonicalizer20010315Test.test36=52963279, org.apache.xml.security.test.c14n.implementations.Canonicalizer20010315Test.test37=162693341, org.apache.xml.security.test.c14n.implementations.Canonicalizer20010315Test.test37byNodeList=135684205, org.apache.xml.security.test.c14n.implementations.Canonicalizer20010315Test.testRelativeNSbehaviour=29724975, org.apache.xml.security.test.c14n.implementations.Canonicalizer20010315Test.testTranslationFromUTF16toUTF8=610350214, org.apache.xml.security.test.c14n.implementations.Canonicalizer20010315Test.testXMLAttributes1=66270280, org.apache.xml.security.test.c14n.implementations.Canonicalizer20010315Test.testXMLAttributes2=42085146, org.apache.xml.security.test.c14n.implementations.Canonicalizer20010315Test.testXMLAttributes3=37849031, org.apache.xml.security.test.c14n.implementations.ExclusiveC14NInterop.test_Y1=796967364, org.apache.xml.security.test.c14n.implementations.ExclusiveC14NInterop.test_Y2=1635528824, org.apache.xml.security.test.c14n.implementations.ExclusiveC14NInterop.test_Y3=1164339197, org.apache.xml.security.test.c14n.implementations.ExclusiveC14NInterop.test_Y5=30256550634, org.apache.xml.security.test.external.org.apache.xalan.XPathAPI.AttributeAncestorOrSelf.test01=12513119, org.apache.xml.security.test.external.org.apache.xalan.XPathAPI.AttributeAncestorOrSelf.test02=8967035, org.apache.xml.security.test.external.org.apache.xalan.XPathAPI.AttributeAncestorOrSelf.test03=15597891, org.apache.xml.security.test.external.org.apache.xalan.XPathAPI.XalanBug1425Test.testBad01=14083844, org.apache.xml.security.test.external.org.apache.xalan.XPathAPI.XalanBug1425Test.testBad02=26841734, org.apache.xml.security.test.external.org.apache.xalan.XPathAPI.XalanBug1425Test.testBad03=22021522, org.apache.xml.security.test.external.org.apache.xalan.XPathAPI.XalanBug1425Test.testGood01=25044388, org.apache.xml.security.test.external.org.apache.xalan.XPathAPI.XalanBug1425Test.testGood02=17005412, org.apache.xml.security.test.external.org.apache.xalan.XPathAPI.XalanBug1425Test.testGood03=26414942, org.apache.xml.security.test.external.org.apache.xalan.XPathAPI.XalanBug1425Test.testGood04=8445534, org.apache.xml.security.test.external.org.apache.xalan.XPathAPI.XalanBug1425Test.testGood05=12746879, org.apache.xml.security.test.interop.BaltimoreTest.test_fifteen_enveloping_hmac_sha1=71584089, org.apache.xml.security.test.interop.BaltimoreTest.test_fifteen_enveloping_hmac_sha1_40=96079406, org.apache.xml.security.test.interop.BaltimoreTest.test_fifteen_enveloped_dsa=223751692, org.apache.xml.security.test.interop.BaltimoreTest.test_fifteen_enveloping_b64_dsa=342279193, org.apache.xml.security.test.interop.BaltimoreTest.test_fifteen_enveloping_dsa=140588054, org.apache.xml.security.test.interop.BaltimoreTest.test_fifteen_enveloping_rsa=136036221, org.apache.xml.security.test.interop.BaltimoreTest.test_fifteen_external_b64_dsa=162663058, org.apache.xml.security.test.interop.BaltimoreTest.test_fifteen_external_dsa=112198022, org.apache.xml.security.test.interop.BaltimoreTest.test_sixteen_external_dsa=3382025692, org.apache.xml.security.test.interop.IAIKTest.test_signatureAlgorithms_signatures_hMACShortSignature=114467966, org.apache.xml.security.test.interop.IAIKTest.test_signatureAlgorithms_signatures_hMACSignature=122621397, org.apache.xml.security.test.interop.IAIKTest.test_coreFeatures_signatures_manifestSignature_core=168507410, org.apache.xml.security.test.interop.IAIKTest.test_coreFeatures_signatures_manifestSignature_manifest=236180659, org.apache.xml.security.test.interop.IAIKTest.test_coreFeatures_signatures_signatureTypesSignature=446764857, org.apache.xml.security.test.interop.IAIKTest.test_coreFeatures_signatures_anonymousReferenceSignature=160932964, org.apache.xml.security.test.interop.IAIKTest.test_signatureAlgorithms_signatures_dSASignature=166029896, org.apache.xml.security.test.interop.IAIKTest.test_signatureAlgorithms_signatures_rSASignature=125952275, org.apache.xml.security.test.interop.IAIKTest.test_transforms_signatures_base64DecodeSignature=143485402, org.apache.xml.security.test.interop.IAIKTest.test_transforms_signatures_c14nSignature=231557083, org.apache.xml.security.test.interop.IAIKTest.test_transforms_signatures_envelopedSignatureSignature=144818385, org.apache.xml.security.test.interop.IAIKTest.test_transforms_signatures_xPathSignature=217314233, org.apache.xml.security.test.interop.IBMTest.test_enveloping_hmac=19950740, org.apache.xml.security.test.interop.IBMTest.test_detached_dsa=24938574, org.apache.xml.security.test.interop.IBMTest.test_detached_rsa=16912813, org.apache.xml.security.test.interop.IBMTest.test_enveloped_dsa=20101666, org.apache.xml.security.test.interop.IBMTest.test_enveloped_rsa=27063625, org.apache.xml.security.test.interop.IBMTest.test_enveloping_dsa=35674927, org.apache.xml.security.test.interop.IBMTest.test_enveloping_rsa=30032562, org.apache.xml.security.test.interop.IBMTest.test_enveloping_dsa_soaped_broken=48438290, org.apache.xml.security.test.interop.RSASecurityTest.test_enveloping=179687720, org.apache.xml.security.test.interop.RSASecurityTest.test_enveloped=141198657, org.apache.xml.security.test.signature.XMLSignatureInputTest.testSetOctetStreamGetOctetStream=11341753, org.apache.xml.security.test.signature.XMLSignatureInputTest.testSetOctetStreamGetNodeSet1=24553886, org.apache.xml.security.test.signature.XMLSignatureInputTest.testSetOctetStreamGetNodeSet2=22680252, org.apache.xml.security.test.signature.XMLSignatureInputTest.testSetOctetStreamGetNodeSet3=20758153, org.apache.xml.security.test.signature.XMLSignatureInputTest.testSetOctetStreamGetNodeSet4=32466679, org.apache.xml.security.test.signature.XMLSignatureInputTest.testSetNodeSetGetNodeSet1=15832275, org.apache.xml.security.test.signature.XMLSignatureInputTest.testSetNodeSetGetOctetStream1=39774408, org.apache.xml.security.test.signature.XMLSignatureInputTest.testIsInitializedWithOctetStream=11048696, org.apache.xml.security.test.signature.XMLSignatureInputTest.testOctetStreamIsOctetStream=9722817, org.apache.xml.security.test.signature.XMLSignatureInputTest.testOctetStreamIsNotNodeSet=5445925, org.apache.xml.security.test.signature.XMLSignatureInputTest.testIsInitializedWithNodeSet=26780434, org.apache.xml.security.test.signature.XMLSignatureInputTest.testNodeSetIsNotOctetStream=31642733, org.apache.xml.security.test.signature.XMLSignatureInputTest.testNodeSetIsNodeSet=23053957, org.apache.xml.security.test.transforms.implementations.TransformBase64DecodeTest.test1=43252190, org.apache.xml.security.test.transforms.implementations.TransformBase64DecodeTest.test2=47523006, org.apache.xml.security.test.transforms.implementations.TransformBase64DecodeTest.test3=88462002, org.apache.xml.security.test.utils.Base64Test.testA1=8818917, org.apache.xml.security.test.utils.resolver.ResourceResolverSpiTest.testExpandSystemId_1=1492566, org.apache.xml.security.test.utils.resolver.ResourceResolverSpiTest.testExpandSystemId_2=46752018}

