Test: org.jfree.chart.axis.junit.SegmentedTimelineTests2.test1
Intended behavior: FAILURE
when executed after: [org.jfree.chart.axis.junit.SegmentedTimelineTests2.test5]
The revealed different behavior: PASS
when executed after: []

Test: org.jfree.chart.axis.junit.SegmentedTimelineTests2.test7
Intended behavior: FAILURE
when executed after: [org.jfree.chart.axis.junit.SegmentedTimelineTests2.test6]
The revealed different behavior: PASS
when executed after: []

Test: org.jfree.data.time.junit.TimeSeriesCollectionTests.testFindDomainBounds
Intended behavior: FAILURE
when executed after: [org.jfree.chart.axis.junit.SegmentedTimelineTests2.test7]
The revealed different behavior: PASS
when executed after: []

Test: org.jfree.chart.axis.junit.SegmentedTimelineTests.testFifteenMinExceptionSegments
Intended behavior: FAILURE
when executed after: [org.jfree.chart.axis.junit.SegmentedTimelineTests.testFifteenMinIncludedAndExcludedSegments]
The revealed different behavior: PASS
when executed after: []

Test: org.jfree.chart.axis.junit.SegmentedTimelineTests.testFifteenMinIncludedAndExcludedSegments
Intended behavior: FAILURE
when executed after: [org.jfree.chart.axis.junit.SegmentedTimelineTests.testFifteenMinSegmentedTimeline]
The revealed different behavior: PASS
when executed after: []

Test: org.jfree.chart.axis.junit.SegmentedTimelineTests.testFifteenMinSegmentedTimeline
Intended behavior: FAILURE
when executed after: [org.jfree.chart.axis.junit.SegmentedTimelineTests.testMondayThroughFridaySegmentedTimeline]
The revealed different behavior: PASS
when executed after: []

Test: org.jfree.chart.axis.junit.SegmentedTimelineTests2.test8
Intended behavior: FAILURE
when executed after: [org.jfree.chart.axis.junit.SegmentedTimelineTests.testFifteenMinExceptionSegments]
The revealed different behavior: PASS
when executed after: []

Test: org.jfree.chart.axis.junit.SegmentedTimelineTests2.test6
Intended behavior: FAILURE
when executed after: [org.jfree.chart.axis.junit.SegmentedTimelineTests2.test1]
The revealed different behavior: PASS
when executed after: []

Test: org.jfree.chart.axis.junit.SegmentedTimelineTests2.test5
Intended behavior: FAILURE
when executed after: [org.jfree.chart.axis.junit.SegmentedTimelineTests2.test8]
The revealed different behavior: PASS
when executed after: []

Test: org.jfree.data.time.junit.DayTests.testParseDay
Intended behavior: FAILURE
when executed after: [org.jfree.data.time.junit.SecondTests.testGetStart]
The revealed different behavior: PASS
when executed after: []

Test: org.jfree.chart.axis.junit.SegmentedTimelineTests.testMondayThroughFridaySegmentedTimeline
Intended behavior: FAILURE
when executed after: [org.jfree.chart.axis.junit.PeriodAxisTests.test2490803]
The revealed different behavior: PASS
when executed after: []

Test: org.jfree.data.time.junit.MonthTests.testParseMonth
Intended behavior: FAILURE
when executed after: [org.jfree.data.time.junit.MinuteTests.testGetStart]
The revealed different behavior: PASS
when executed after: []

Test: org.jfree.chart.axis.junit.PeriodAxisTests.test2490803
Intended behavior: FAILURE
when executed after: [org.jfree.chart.axis.junit.PeriodAxisTests.test1932146]
The revealed different behavior: PASS
when executed after: []

Test: org.jfree.data.time.junit.SecondTests.testGetStart
Intended behavior: FAILURE
when executed after: [org.jfree.data.time.junit.MonthTests.testParseMonth]
The revealed different behavior: PASS
when executed after: []

Test: org.jfree.data.time.junit.MinuteTests.testGetStart
Intended behavior: FAILURE
when executed after: [org.jfree.data.time.junit.TimeSeriesCollectionTests.testFindDomainBounds]
The revealed different behavior: PASS
when executed after: []

