Execution time (of 1 machine and its iterations): 2113903225
Number of tests selected out of total in original order: 480 / 2234
Number of DTs not fixed: 0
Number of DTs fixed: 0
Test order list:
[randoop.jodatime.RandoopTest0.test115, randoop.jodatime.RandoopTest0.test119, randoop.jodatime.RandoopTest0.test135, randoop.jodatime.RandoopTest0.test141, randoop.jodatime.RandoopTest0.test144, randoop.jodatime.RandoopTest0.test146, randoop.jodatime.RandoopTest0.test152, randoop.jodatime.RandoopTest0.test159, randoop.jodatime.RandoopTest0.test165, randoop.jodatime.RandoopTest0.test172, randoop.jodatime.RandoopTest0.test181, randoop.jodatime.RandoopTest0.test182, randoop.jodatime.RandoopTest0.test188, randoop.jodatime.RandoopTest0.test191, randoop.jodatime.RandoopTest0.test192, randoop.jodatime.RandoopTest0.test196, randoop.jodatime.RandoopTest0.test208, randoop.jodatime.RandoopTest0.test226, randoop.jodatime.RandoopTest0.test229, randoop.jodatime.RandoopTest0.test235, randoop.jodatime.RandoopTest0.test246, randoop.jodatime.RandoopTest0.test247, randoop.jodatime.RandoopTest0.test251, randoop.jodatime.RandoopTest0.test252, randoop.jodatime.RandoopTest0.test258, randoop.jodatime.RandoopTest0.test260, randoop.jodatime.RandoopTest0.test267, randoop.jodatime.RandoopTest0.test282, randoop.jodatime.RandoopTest0.test283, randoop.jodatime.RandoopTest0.test293, randoop.jodatime.RandoopTest0.test297, randoop.jodatime.RandoopTest0.test304, randoop.jodatime.RandoopTest0.test306, randoop.jodatime.RandoopTest0.test314, randoop.jodatime.RandoopTest0.test320, randoop.jodatime.RandoopTest0.test325, randoop.jodatime.RandoopTest0.test338, randoop.jodatime.RandoopTest0.test346, randoop.jodatime.RandoopTest0.test347, randoop.jodatime.RandoopTest0.test355, randoop.jodatime.RandoopTest0.test360, randoop.jodatime.RandoopTest0.test361, randoop.jodatime.RandoopTest0.test369, randoop.jodatime.RandoopTest0.test370, randoop.jodatime.RandoopTest0.test375, randoop.jodatime.RandoopTest0.test376, randoop.jodatime.RandoopTest0.test378, randoop.jodatime.RandoopTest0.test386, randoop.jodatime.RandoopTest0.test387, randoop.jodatime.RandoopTest0.test389, randoop.jodatime.RandoopTest0.test390, randoop.jodatime.RandoopTest0.test395, randoop.jodatime.RandoopTest0.test406, randoop.jodatime.RandoopTest0.test440, randoop.jodatime.RandoopTest0.test467, randoop.jodatime.RandoopTest0.test477, randoop.jodatime.RandoopTest0.test498, randoop.jodatime.RandoopTest1.test94, randoop.jodatime.RandoopTest1.test168, randoop.jodatime.RandoopTest1.test181, randoop.jodatime.RandoopTest1.test220, randoop.jodatime.RandoopTest1.test235, randoop.jodatime.RandoopTest1.test287, randoop.jodatime.RandoopTest1.test354, randoop.jodatime.RandoopTest1.test381, randoop.jodatime.RandoopTest1.test467, randoop.jodatime.RandoopTest1.test475, randoop.jodatime.RandoopTest2.test21, randoop.jodatime.RandoopTest2.test58, randoop.jodatime.RandoopTest2.test259, randoop.jodatime.RandoopTest2.test284, randoop.jodatime.RandoopTest2.test356, randoop.jodatime.RandoopTest2.test487, randoop.jodatime.RandoopTest2.test490, randoop.jodatime.RandoopTest2.test492, randoop.jodatime.RandoopTest2.test493, randoop.jodatime.RandoopTest2.test495, randoop.jodatime.RandoopTest2.test500, randoop.jodatime.RandoopTest3.test1, randoop.jodatime.RandoopTest3.test7, randoop.jodatime.RandoopTest3.test8, randoop.jodatime.RandoopTest3.test9, randoop.jodatime.RandoopTest3.test12, randoop.jodatime.RandoopTest3.test14, randoop.jodatime.RandoopTest3.test16, randoop.jodatime.RandoopTest3.test22, randoop.jodatime.RandoopTest3.test28, randoop.jodatime.RandoopTest3.test29, randoop.jodatime.RandoopTest3.test32, randoop.jodatime.RandoopTest3.test34, randoop.jodatime.RandoopTest3.test36, randoop.jodatime.RandoopTest3.test40, randoop.jodatime.RandoopTest3.test43, randoop.jodatime.RandoopTest3.test46, randoop.jodatime.RandoopTest3.test52, randoop.jodatime.RandoopTest3.test54, randoop.jodatime.RandoopTest3.test56, randoop.jodatime.RandoopTest3.test57, randoop.jodatime.RandoopTest3.test58, randoop.jodatime.RandoopTest3.test65, randoop.jodatime.RandoopTest3.test81, randoop.jodatime.RandoopTest3.test84, randoop.jodatime.RandoopTest3.test87, randoop.jodatime.RandoopTest3.test92, randoop.jodatime.RandoopTest3.test95, randoop.jodatime.RandoopTest3.test96, randoop.jodatime.RandoopTest3.test98, randoop.jodatime.RandoopTest3.test99, randoop.jodatime.RandoopTest3.test102, randoop.jodatime.RandoopTest3.test105, randoop.jodatime.RandoopTest3.test106, randoop.jodatime.RandoopTest3.test107, randoop.jodatime.RandoopTest3.test108, randoop.jodatime.RandoopTest3.test113, randoop.jodatime.RandoopTest3.test115, randoop.jodatime.RandoopTest3.test116, randoop.jodatime.RandoopTest3.test118, randoop.jodatime.RandoopTest3.test121, randoop.jodatime.RandoopTest3.test124, randoop.jodatime.RandoopTest3.test125, randoop.jodatime.RandoopTest3.test128, randoop.jodatime.RandoopTest3.test129, randoop.jodatime.RandoopTest3.test130, randoop.jodatime.RandoopTest3.test132, randoop.jodatime.RandoopTest3.test138, randoop.jodatime.RandoopTest3.test142, randoop.jodatime.RandoopTest3.test144, randoop.jodatime.RandoopTest3.test148, randoop.jodatime.RandoopTest3.test150, randoop.jodatime.RandoopTest3.test151, randoop.jodatime.RandoopTest3.test152, randoop.jodatime.RandoopTest3.test159, randoop.jodatime.RandoopTest3.test161, randoop.jodatime.RandoopTest3.test163, randoop.jodatime.RandoopTest3.test166, randoop.jodatime.RandoopTest3.test170, randoop.jodatime.RandoopTest3.test173, randoop.jodatime.RandoopTest3.test176, randoop.jodatime.RandoopTest3.test182, randoop.jodatime.RandoopTest3.test184, randoop.jodatime.RandoopTest3.test185, randoop.jodatime.RandoopTest3.test189, randoop.jodatime.RandoopTest3.test193, randoop.jodatime.RandoopTest3.test195, randoop.jodatime.RandoopTest3.test196, randoop.jodatime.RandoopTest3.test199, randoop.jodatime.RandoopTest3.test201, randoop.jodatime.RandoopTest3.test205, randoop.jodatime.RandoopTest3.test208, randoop.jodatime.RandoopTest3.test210, randoop.jodatime.RandoopTest3.test219, randoop.jodatime.RandoopTest3.test220, randoop.jodatime.RandoopTest3.test223, randoop.jodatime.RandoopTest3.test226, randoop.jodatime.RandoopTest3.test232, randoop.jodatime.RandoopTest3.test233, randoop.jodatime.RandoopTest3.test236, randoop.jodatime.RandoopTest3.test239, randoop.jodatime.RandoopTest3.test241, randoop.jodatime.RandoopTest3.test242, randoop.jodatime.RandoopTest3.test246, randoop.jodatime.RandoopTest3.test247, randoop.jodatime.RandoopTest3.test249, randoop.jodatime.RandoopTest3.test252, randoop.jodatime.RandoopTest3.test257, randoop.jodatime.RandoopTest3.test258, randoop.jodatime.RandoopTest3.test259, randoop.jodatime.RandoopTest3.test262, randoop.jodatime.RandoopTest3.test263, randoop.jodatime.RandoopTest3.test266, randoop.jodatime.RandoopTest3.test269, randoop.jodatime.RandoopTest3.test270, randoop.jodatime.RandoopTest3.test272, randoop.jodatime.RandoopTest3.test274, randoop.jodatime.RandoopTest3.test275, randoop.jodatime.RandoopTest3.test277, randoop.jodatime.RandoopTest3.test280, randoop.jodatime.RandoopTest3.test288, randoop.jodatime.RandoopTest3.test292, randoop.jodatime.RandoopTest3.test294, randoop.jodatime.RandoopTest3.test297, randoop.jodatime.RandoopTest3.test299, randoop.jodatime.RandoopTest3.test300, randoop.jodatime.RandoopTest3.test301, randoop.jodatime.RandoopTest3.test304, randoop.jodatime.RandoopTest3.test308, randoop.jodatime.RandoopTest3.test309, randoop.jodatime.RandoopTest3.test312, randoop.jodatime.RandoopTest3.test313, randoop.jodatime.RandoopTest3.test315, randoop.jodatime.RandoopTest3.test316, randoop.jodatime.RandoopTest3.test320, randoop.jodatime.RandoopTest3.test324, randoop.jodatime.RandoopTest3.test326, randoop.jodatime.RandoopTest3.test327, randoop.jodatime.RandoopTest3.test330, randoop.jodatime.RandoopTest3.test332, randoop.jodatime.RandoopTest3.test333, randoop.jodatime.RandoopTest3.test336, randoop.jodatime.RandoopTest3.test338, randoop.jodatime.RandoopTest3.test345, randoop.jodatime.RandoopTest3.test346, randoop.jodatime.RandoopTest3.test347, randoop.jodatime.RandoopTest3.test352, randoop.jodatime.RandoopTest3.test356, randoop.jodatime.RandoopTest3.test365, randoop.jodatime.RandoopTest3.test375, randoop.jodatime.RandoopTest3.test376, randoop.jodatime.RandoopTest3.test380, randoop.jodatime.RandoopTest3.test381, randoop.jodatime.RandoopTest3.test382, randoop.jodatime.RandoopTest3.test383, randoop.jodatime.RandoopTest3.test389, randoop.jodatime.RandoopTest3.test398, randoop.jodatime.RandoopTest3.test403, randoop.jodatime.RandoopTest3.test407, randoop.jodatime.RandoopTest3.test409, randoop.jodatime.RandoopTest3.test411, randoop.jodatime.RandoopTest3.test413, randoop.jodatime.RandoopTest3.test417, randoop.jodatime.RandoopTest3.test418, randoop.jodatime.RandoopTest3.test419, randoop.jodatime.RandoopTest3.test420, randoop.jodatime.RandoopTest3.test424, randoop.jodatime.RandoopTest3.test426, randoop.jodatime.RandoopTest3.test432, randoop.jodatime.RandoopTest3.test434, randoop.jodatime.RandoopTest3.test435, randoop.jodatime.RandoopTest3.test441, randoop.jodatime.RandoopTest3.test442, randoop.jodatime.RandoopTest3.test445, randoop.jodatime.RandoopTest3.test446, randoop.jodatime.RandoopTest3.test447, randoop.jodatime.RandoopTest3.test451, randoop.jodatime.RandoopTest3.test452, randoop.jodatime.RandoopTest3.test454, randoop.jodatime.RandoopTest3.test455, randoop.jodatime.RandoopTest3.test457, randoop.jodatime.RandoopTest3.test462, randoop.jodatime.RandoopTest3.test467, randoop.jodatime.RandoopTest3.test470, randoop.jodatime.RandoopTest3.test471, randoop.jodatime.RandoopTest3.test481, randoop.jodatime.RandoopTest3.test487, randoop.jodatime.RandoopTest3.test492, randoop.jodatime.RandoopTest3.test496, randoop.jodatime.RandoopTest3.test497, randoop.jodatime.RandoopTest3.test498, randoop.jodatime.RandoopTest4.test4, randoop.jodatime.RandoopTest4.test5, randoop.jodatime.RandoopTest4.test13, randoop.jodatime.RandoopTest4.test15, randoop.jodatime.RandoopTest4.test138, randoop.jodatime.RandoopTest4.test207, randoop.jodatime.RandoopTest4.test259, randoop.jodatime.RandoopTest4.test291, randoop.jodatime.RandoopTest4.test315, randoop.jodatime.RandoopTest4.test369, randoop.jodatime.RandoopTest4.test434, randoop.jodatime.RandoopTest5.test35, randoop.jodatime.RandoopTest5.test65, randoop.jodatime.RandoopTest0.test261, randoop.jodatime.RandoopTest0.test1, randoop.jodatime.RandoopTest0.test16, randoop.jodatime.RandoopTest2.test174, randoop.jodatime.RandoopTest0.test254, randoop.jodatime.RandoopTest0.test388, randoop.jodatime.RandoopTest2.test18, randoop.jodatime.RandoopTest2.test394, randoop.jodatime.RandoopTest1.test492, randoop.jodatime.RandoopTest2.test406, randoop.jodatime.RandoopTest0.test118, randoop.jodatime.RandoopTest2.test475, randoop.jodatime.RandoopTest4.test129, randoop.jodatime.RandoopTest4.test1, randoop.jodatime.RandoopTest0.test2, randoop.jodatime.RandoopTest4.test162, randoop.jodatime.RandoopTest1.test154, randoop.jodatime.RandoopTest4.test451, randoop.jodatime.RandoopTest0.test21, randoop.jodatime.RandoopTest4.test455, randoop.jodatime.RandoopTest4.test341, randoop.jodatime.RandoopTest4.test439, randoop.jodatime.RandoopTest5.test95, randoop.jodatime.RandoopTest0.test12, randoop.jodatime.RandoopTest4.test41, randoop.jodatime.RandoopTest1.test337, randoop.jodatime.RandoopTest2.test321, randoop.jodatime.RandoopTest4.test240, randoop.jodatime.RandoopTest4.test390, randoop.jodatime.RandoopTest1.test349, randoop.jodatime.RandoopTest5.test64, randoop.jodatime.RandoopTest4.test353, randoop.jodatime.RandoopTest2.test403, randoop.jodatime.RandoopTest4.test431, randoop.jodatime.RandoopTest4.test448, randoop.jodatime.RandoopTest0.test319, randoop.jodatime.RandoopTest1.test73, randoop.jodatime.RandoopTest2.test291, randoop.jodatime.RandoopTest2.test67, randoop.jodatime.RandoopTest2.test215, randoop.jodatime.RandoopTest0.test55, randoop.jodatime.RandoopTest5.test71, randoop.jodatime.RandoopTest4.test470, randoop.jodatime.RandoopTest0.test34, randoop.jodatime.RandoopTest4.test413, randoop.jodatime.RandoopTest5.test138, randoop.jodatime.RandoopTest1.test91, randoop.jodatime.RandoopTest4.test363, randoop.jodatime.RandoopTest2.test206, randoop.jodatime.RandoopTest4.test394, randoop.jodatime.RandoopTest3.test261, randoop.jodatime.RandoopTest3.test353, randoop.jodatime.RandoopTest0.test109, randoop.jodatime.RandoopTest2.test332, randoop.jodatime.RandoopTest0.test122, randoop.jodatime.RandoopTest4.test272, randoop.jodatime.RandoopTest2.test115, randoop.jodatime.RandoopTest4.test46, randoop.jodatime.RandoopTest5.test21, randoop.jodatime.RandoopTest2.test39, randoop.jodatime.RandoopTest4.test18, randoop.jodatime.RandoopTest5.test69, randoop.jodatime.RandoopTest5.test134, randoop.jodatime.RandoopTest3.test217, randoop.jodatime.RandoopTest2.test61, randoop.jodatime.RandoopTest2.test268, randoop.jodatime.RandoopTest1.test175, randoop.jodatime.RandoopTest4.test419, randoop.jodatime.RandoopTest5.test10, randoop.jodatime.RandoopTest4.test464, randoop.jodatime.RandoopTest1.test216, randoop.jodatime.RandoopTest2.test200, randoop.jodatime.RandoopTest3.test244, randoop.jodatime.RandoopTest4.test274, randoop.jodatime.RandoopTest4.test403, randoop.jodatime.RandoopTest4.test320, randoop.jodatime.RandoopTest4.test216, randoop.jodatime.RandoopTest1.test56, randoop.jodatime.RandoopTest5.test100, randoop.jodatime.RandoopTest1.test214, randoop.jodatime.RandoopTest4.test81, randoop.jodatime.RandoopTest4.test198, randoop.jodatime.RandoopTest4.test237, randoop.jodatime.RandoopTest1.test77, randoop.jodatime.RandoopTest4.test261, randoop.jodatime.RandoopTest2.test161, randoop.jodatime.RandoopTest5.test118, randoop.jodatime.RandoopTest1.test416, randoop.jodatime.RandoopTest0.test437, randoop.jodatime.RandoopTest2.test405, randoop.jodatime.RandoopTest1.test378, randoop.jodatime.RandoopTest2.test433, randoop.jodatime.RandoopTest0.test71, randoop.jodatime.RandoopTest5.test120, randoop.jodatime.RandoopTest4.test127, randoop.jodatime.RandoopTest4.test125, randoop.jodatime.RandoopTest4.test69, randoop.jodatime.RandoopTest4.test443, randoop.jodatime.RandoopTest2.test340, randoop.jodatime.RandoopTest0.test391, randoop.jodatime.RandoopTest4.test379, randoop.jodatime.RandoopTest4.test257, randoop.jodatime.RandoopTest4.test147, randoop.jodatime.RandoopTest2.test75, randoop.jodatime.RandoopTest2.test120, randoop.jodatime.RandoopTest3.test478, randoop.jodatime.RandoopTest4.test430, randoop.jodatime.RandoopTest4.test476, randoop.jodatime.RandoopTest3.test370, randoop.jodatime.RandoopTest1.test385, randoop.jodatime.RandoopTest1.test211, randoop.jodatime.RandoopTest4.test269, randoop.jodatime.RandoopTest4.test238, randoop.jodatime.RandoopTest4.test68, randoop.jodatime.RandoopTest0.test134, randoop.jodatime.RandoopTest1.test228, randoop.jodatime.RandoopTest1.test312, randoop.jodatime.RandoopTest2.test203, randoop.jodatime.RandoopTest4.test376, randoop.jodatime.RandoopTest1.test162, randoop.jodatime.RandoopTest0.test424, randoop.jodatime.RandoopTest4.test2, randoop.jodatime.RandoopTest0.test404, randoop.jodatime.RandoopTest4.test12, randoop.jodatime.RandoopTest1.test298, randoop.jodatime.RandoopTest4.test117, randoop.jodatime.RandoopTest2.test183, randoop.jodatime.RandoopTest4.test289, randoop.jodatime.RandoopTest4.test273, randoop.jodatime.RandoopTest5.test77, randoop.jodatime.RandoopTest4.test122, randoop.jodatime.RandoopTest0.test32, randoop.jodatime.RandoopTest4.test250, randoop.jodatime.RandoopTest2.test312, randoop.jodatime.RandoopTest4.test20, randoop.jodatime.RandoopTest1.test98, randoop.jodatime.RandoopTest4.test74, randoop.jodatime.RandoopTest5.test66, randoop.jodatime.RandoopTest4.test364, randoop.jodatime.RandoopTest4.test135, randoop.jodatime.RandoopTest2.test386, randoop.jodatime.RandoopTest2.test133, randoop.jodatime.RandoopTest5.test60, randoop.jodatime.RandoopTest1.test157, randoop.jodatime.RandoopTest2.test80, randoop.jodatime.RandoopTest3.test91, randoop.jodatime.RandoopTest0.test356, randoop.jodatime.RandoopTest1.test490, randoop.jodatime.RandoopTest4.test170, randoop.jodatime.RandoopTest3.test228, randoop.jodatime.RandoopTest1.test262, randoop.jodatime.RandoopTest2.test43, randoop.jodatime.RandoopTest2.test98, randoop.jodatime.RandoopTest4.test230, randoop.jodatime.RandoopTest4.test386, randoop.jodatime.RandoopTest3.test37, randoop.jodatime.RandoopTest1.test357, randoop.jodatime.RandoopTest1.test280, randoop.jodatime.RandoopTest0.test175, randoop.jodatime.RandoopTest3.test480, randoop.jodatime.RandoopTest4.test391, randoop.jodatime.RandoopTest2.test23, randoop.jodatime.RandoopTest3.test473, randoop.jodatime.RandoopTest1.test96, randoop.jodatime.RandoopTest5.test126, randoop.jodatime.RandoopTest1.test420, randoop.jodatime.RandoopTest1.test82, randoop.jodatime.RandoopTest1.test57, randoop.jodatime.RandoopTest1.test481, randoop.jodatime.RandoopTest4.test141, randoop.jodatime.RandoopTest4.test143, randoop.jodatime.RandoopTest2.test103, randoop.jodatime.RandoopTest2.test111, randoop.jodatime.RandoopTest2.test355, randoop.jodatime.RandoopTest4.test107, randoop.jodatime.RandoopTest1.test24, randoop.jodatime.RandoopTest5.test136, randoop.jodatime.RandoopTest4.test218, randoop.jodatime.RandoopTest1.test267, randoop.jodatime.RandoopTest4.test48, randoop.jodatime.RandoopTest1.test46, randoop.jodatime.RandoopTest1.test74, randoop.jodatime.RandoopTest4.test467, randoop.jodatime.RandoopTest1.test43, randoop.jodatime.RandoopTest0.test120, randoop.jodatime.RandoopTest4.test254, randoop.jodatime.RandoopTest1.test104, randoop.jodatime.RandoopTest2.test95, randoop.jodatime.RandoopTest0.test183, randoop.jodatime.RandoopTest2.test471, randoop.jodatime.RandoopTest4.test26, randoop.jodatime.RandoopTest3.test453, randoop.jodatime.RandoopTest0.test454, randoop.jodatime.RandoopTest1.test470, randoop.jodatime.RandoopTest0.test170, randoop.jodatime.RandoopTest2.test489, randoop.jodatime.RandoopTest0.test24, randoop.jodatime.RandoopTest2.test443, randoop.jodatime.RandoopTest3.test393, randoop.jodatime.RandoopTest0.test343, randoop.jodatime.RandoopTest1.test250, randoop.jodatime.RandoopTest4.test203, randoop.jodatime.RandoopTest4.test54, randoop.jodatime.RandoopTest0.test368, randoop.jodatime.RandoopTest0.test499, randoop.jodatime.RandoopTest3.test416, randoop.jodatime.RandoopTest3.test422, randoop.jodatime.RandoopTest2.test323, randoop.jodatime.RandoopTest2.test277, randoop.jodatime.RandoopTest2.test478, randoop.jodatime.RandoopTest4.test33, randoop.jodatime.RandoopTest2.test454, randoop.jodatime.RandoopTest2.test473, randoop.jodatime.RandoopTest2.test59, randoop.jodatime.RandoopTest1.test455, randoop.jodatime.RandoopTest5.test53, randoop.jodatime.RandoopTest2.test118, randoop.jodatime.RandoopTest1.test444, randoop.jodatime.RandoopTest3.test221]

Dependent test list:
[Test: randoop.jodatime.RandoopTest5.test65, Intended behavior: FAILURE, when executed after: [randoop.jodatime.RandoopTest5.test35], The revealed different behavior: PASS, when executed after: [], Test: randoop.jodatime.RandoopTest0.test395, Intended behavior: FAILURE, when executed after: [randoop.jodatime.RandoopTest0.test390], The revealed different behavior: PASS, when executed after: [], Test: randoop.jodatime.RandoopTest2.test490, Intended behavior: FAILURE, when executed after: [randoop.jodatime.RandoopTest2.test487], The revealed different behavior: PASS, when executed after: [], Test: randoop.jodatime.RandoopTest2.test487, Intended behavior: FAILURE, when executed after: [randoop.jodatime.RandoopTest2.test356], The revealed different behavior: PASS, when executed after: [], Test: randoop.jodatime.RandoopTest3.test195, Intended behavior: FAILURE, when executed after: [randoop.jodatime.RandoopTest3.test193], The revealed different behavior: PASS, when executed after: [], Test: randoop.jodatime.RandoopTest4.test13, Intended behavior: FAILURE, when executed after: [randoop.jodatime.RandoopTest4.test5], The revealed different behavior: PASS, when executed after: [], Test: randoop.jodatime.RandoopTest3.test241, Intended behavior: FAILURE, when executed after: [randoop.jodatime.RandoopTest3.test239], The revealed different behavior: PASS, when executed after: [], Test: randoop.jodatime.RandoopTest3.test193, Intended behavior: FAILURE, when executed after: [randoop.jodatime.RandoopTest3.test189], The revealed different behavior: PASS, when executed after: [], Test: randoop.jodatime.RandoopTest3.test242, Intended behavior: FAILURE, when executed after: [randoop.jodatime.RandoopTest3.test241], The revealed different behavior: PASS, when executed after: [], Test: randoop.jodatime.RandoopTest2.test492, Intended behavior: FAILURE, when executed after: [randoop.jodatime.RandoopTest2.test490], The revealed different behavior: PASS, when executed after: [], Test: randoop.jodatime.RandoopTest2.test493, Intended behavior: FAILURE, when executed after: [randoop.jodatime.RandoopTest2.test492], The revealed different behavior: PASS, when executed after: [], Test: randoop.jodatime.RandoopTest3.test105, Intended behavior: FAILURE, when executed after: [randoop.jodatime.RandoopTest3.test102], The revealed different behavior: PASS, when executed after: [], Test: randoop.jodatime.RandoopTest0.test360, Intended behavior: FAILURE, when executed after: [randoop.jodatime.RandoopTest0.test355], The revealed different behavior: PASS, when executed after: [], Test: randoop.jodatime.RandoopTest1.test94, Intended behavior: FAILURE, when executed after: [randoop.jodatime.RandoopTest0.test498], The revealed different behavior: PASS, when executed after: [], Test: randoop.jodatime.RandoopTest0.test498, Intended behavior: FAILURE, when executed after: [randoop.jodatime.RandoopTest0.test477], The revealed different behavior: PASS, when executed after: [], Test: randoop.jodatime.RandoopTest3.test107, Intended behavior: FAILURE, when executed after: [randoop.jodatime.RandoopTest3.test106], The revealed different behavior: PASS, when executed after: [], Test: randoop.jodatime.RandoopTest3.test246, Intended behavior: FAILURE, when executed after: [randoop.jodatime.RandoopTest3.test242], The revealed different behavior: PASS, when executed after: [], Test: randoop.jodatime.RandoopTest3.test108, Intended behavior: FAILURE, when executed after: [randoop.jodatime.RandoopTest3.test107], The revealed different behavior: PASS, when executed after: [], Test: randoop.jodatime.RandoopTest3.test383, Intended behavior: FAILURE, when executed after: [randoop.jodatime.RandoopTest3.test382], The revealed different behavior: PASS, when executed after: [], Test: randoop.jodatime.RandoopTest0.test152, Intended behavior: FAILURE, when executed after: [randoop.jodatime.RandoopTest0.test146], The revealed different behavior: PASS, when executed after: [], Test: randoop.jodatime.RandoopTest3.test102, Intended behavior: FAILURE, when executed after: [randoop.jodatime.RandoopTest3.test99], The revealed different behavior: PASS, when executed after: [], Test: randoop.jodatime.RandoopTest3.test249, Intended behavior: FAILURE, when executed after: [randoop.jodatime.RandoopTest3.test247], The revealed different behavior: PASS, when executed after: [], Test: randoop.jodatime.RandoopTest0.test260, Intended behavior: FAILURE, when executed after: [randoop.jodatime.RandoopTest0.test258], The revealed different behavior: PASS, when executed after: [], Test: randoop.jodatime.RandoopTest3.test447, Intended behavior: FAILURE, when executed after: [randoop.jodatime.RandoopTest3.test446], The revealed different behavior: PASS, when executed after: [], Test: randoop.jodatime.RandoopTest3.test446, Intended behavior: FAILURE, when executed after: [randoop.jodatime.RandoopTest3.test445], The revealed different behavior: PASS, when executed after: [], Test: randoop.jodatime.RandoopTest0.test258, Intended behavior: FAILURE, when executed after: [randoop.jodatime.RandoopTest0.test252], The revealed different behavior: PASS, when executed after: [], Test: randoop.jodatime.RandoopTest3.test301, Intended behavior: FAILURE, when executed after: [randoop.jodatime.RandoopTest3.test300], The revealed different behavior: PASS, when executed after: [], Test: randoop.jodatime.RandoopTest0.test144, Intended behavior: FAILURE, when executed after: [randoop.jodatime.RandoopTest0.test141], The revealed different behavior: PASS, when executed after: [], Test: randoop.jodatime.RandoopTest0.test146, Intended behavior: FAILURE, when executed after: [randoop.jodatime.RandoopTest0.test144], The revealed different behavior: PASS, when executed after: [], Test: randoop.jodatime.RandoopTest3.test36, Intended behavior: FAILURE, when executed after: [randoop.jodatime.RandoopTest3.test34], The revealed different behavior: PASS, when executed after: [], Test: randoop.jodatime.RandoopTest1.test181, Intended behavior: FAILURE, when executed after: [randoop.jodatime.RandoopTest1.test168], The revealed different behavior: PASS, when executed after: [], Test: randoop.jodatime.RandoopTest3.test308, Intended behavior: FAILURE, when executed after: [randoop.jodatime.RandoopTest3.test304], The revealed different behavior: PASS, when executed after: [], Test: randoop.jodatime.RandoopTest0.test355, Intended behavior: FAILURE, when executed after: [randoop.jodatime.RandoopTest0.test347], The revealed different behavior: PASS, when executed after: [], Test: randoop.jodatime.RandoopTest3.test309, Intended behavior: FAILURE, when executed after: [randoop.jodatime.RandoopTest3.test308], The revealed different behavior: PASS, when executed after: [], Test: randoop.jodatime.RandoopTest3.test442, Intended behavior: FAILURE, when executed after: [randoop.jodatime.RandoopTest3.test441], The revealed different behavior: PASS, when executed after: [], Test: randoop.jodatime.RandoopTest3.test398, Intended behavior: FAILURE, when executed after: [randoop.jodatime.RandoopTest3.test389], The revealed different behavior: PASS, when executed after: [], Test: randoop.jodatime.RandoopTest3.test258, Intended behavior: FAILURE, when executed after: [randoop.jodatime.RandoopTest3.test257], The revealed different behavior: PASS, when executed after: [], Test: randoop.jodatime.RandoopTest3.test116, Intended behavior: FAILURE, when executed after: [randoop.jodatime.RandoopTest3.test115], The revealed different behavior: PASS, when executed after: [], Test: randoop.jodatime.RandoopTest4.test207, Intended behavior: FAILURE, when executed after: [randoop.jodatime.RandoopTest4.test138], The revealed different behavior: PASS, when executed after: [], Test: randoop.jodatime.RandoopTest3.test389, Intended behavior: FAILURE, when executed after: [randoop.jodatime.RandoopTest3.test383], The revealed different behavior: PASS, when executed after: [], Test: randoop.jodatime.RandoopTest3.test106, Intended behavior: FAILURE, when executed after: [randoop.jodatime.RandoopTest3.test105], The revealed different behavior: PASS, when executed after: [], Test: randoop.jodatime.RandoopTest3.test34, Intended behavior: FAILURE, when executed after: [randoop.jodatime.RandoopTest3.test32], The revealed different behavior: PASS, when executed after: [], Test: randoop.jodatime.RandoopTest3.test32, Intended behavior: FAILURE, when executed after: [randoop.jodatime.RandoopTest3.test29], The revealed different behavior: PASS, when executed after: [], Test: randoop.jodatime.RandoopTest3.test300, Intended behavior: FAILURE, when executed after: [randoop.jodatime.RandoopTest3.test299], The revealed different behavior: PASS, when executed after: [], Test: randoop.jodatime.RandoopTest3.test304, Intended behavior: FAILURE, when executed after: [randoop.jodatime.RandoopTest3.test301], The revealed different behavior: PASS, when executed after: [], Test: randoop.jodatime.RandoopTest3.test445, Intended behavior: FAILURE, when executed after: [randoop.jodatime.RandoopTest3.test442], The revealed different behavior: PASS, when executed after: [], Test: randoop.jodatime.RandoopTest3.test185, Intended behavior: FAILURE, when executed after: [randoop.jodatime.RandoopTest3.test184], The revealed different behavior: PASS, when executed after: [], Test: randoop.jodatime.RandoopTest3.test252, Intended behavior: FAILURE, when executed after: [randoop.jodatime.RandoopTest3.test249], The revealed different behavior: PASS, when executed after: [], Test: randoop.jodatime.RandoopTest3.test118, Intended behavior: FAILURE, when executed after: [randoop.jodatime.RandoopTest3.test116], The revealed different behavior: PASS, when executed after: [], Test: randoop.jodatime.RandoopTest3.test98, Intended behavior: FAILURE, when executed after: [randoop.jodatime.RandoopTest3.test96], The revealed different behavior: PASS, when executed after: [], Test: randoop.jodatime.RandoopTest3.test99, Intended behavior: FAILURE, when executed after: [randoop.jodatime.RandoopTest3.test98], The revealed different behavior: PASS, when executed after: [], Test: randoop.jodatime.RandoopTest3.test259, Intended behavior: FAILURE, when executed after: [randoop.jodatime.RandoopTest3.test258], The revealed different behavior: PASS, when executed after: [], Test: randoop.jodatime.RandoopTest3.test113, Intended behavior: FAILURE, when executed after: [randoop.jodatime.RandoopTest3.test108], The revealed different behavior: PASS, when executed after: [], Test: randoop.jodatime.RandoopTest0.test251, Intended behavior: FAILURE, when executed after: [randoop.jodatime.RandoopTest0.test247], The revealed different behavior: PASS, when executed after: [], Test: randoop.jodatime.RandoopTest3.test95, Intended behavior: FAILURE, when executed after: [randoop.jodatime.RandoopTest3.test92], The revealed different behavior: PASS, when executed after: [], Test: randoop.jodatime.RandoopTest3.test312, Intended behavior: FAILURE, when executed after: [randoop.jodatime.RandoopTest3.test309], The revealed different behavior: PASS, when executed after: [], Test: randoop.jodatime.RandoopTest0.test159, Intended behavior: FAILURE, when executed after: [randoop.jodatime.RandoopTest0.test152], The revealed different behavior: PASS, when executed after: [], Test: randoop.jodatime.RandoopTest0.test247, Intended behavior: FAILURE, when executed after: [randoop.jodatime.RandoopTest0.test246], The revealed different behavior: PASS, when executed after: [], Test: randoop.jodatime.RandoopTest3.test46, Intended behavior: FAILURE, when executed after: [randoop.jodatime.RandoopTest3.test43], The revealed different behavior: PASS, when executed after: [], Test: randoop.jodatime.RandoopTest3.test452, Intended behavior: FAILURE, when executed after: [randoop.jodatime.RandoopTest3.test451], The revealed different behavior: PASS, when executed after: [], Test: randoop.jodatime.RandoopTest3.test455, Intended behavior: FAILURE, when executed after: [randoop.jodatime.RandoopTest3.test454], The revealed different behavior: PASS, when executed after: [], Test: randoop.jodatime.RandoopTest3.test316, Intended behavior: FAILURE, when executed after: [randoop.jodatime.RandoopTest3.test315], The revealed different behavior: PASS, when executed after: [], Test: randoop.jodatime.RandoopTest0.test347, Intended behavior: FAILURE, when executed after: [randoop.jodatime.RandoopTest0.test346], The revealed different behavior: PASS, when executed after: [], Test: randoop.jodatime.RandoopTest2.test495, Intended behavior: FAILURE, when executed after: [randoop.jodatime.RandoopTest2.test493], The revealed different behavior: PASS, when executed after: [], Test: randoop.jodatime.RandoopTest0.test346, Intended behavior: FAILURE, when executed after: [randoop.jodatime.RandoopTest0.test338], The revealed different behavior: PASS, when executed after: [], Test: randoop.jodatime.RandoopTest3.test223, Intended behavior: FAILURE, when executed after: [randoop.jodatime.RandoopTest3.test220], The revealed different behavior: PASS, when executed after: [], Test: randoop.jodatime.RandoopTest3.test129, Intended behavior: FAILURE, when executed after: [randoop.jodatime.RandoopTest3.test128], The revealed different behavior: PASS, when executed after: [], Test: randoop.jodatime.RandoopTest3.test81, Intended behavior: FAILURE, when executed after: [randoop.jodatime.RandoopTest3.test65], The revealed different behavior: PASS, when executed after: [], Test: randoop.jodatime.RandoopTest3.test220, Intended behavior: FAILURE, when executed after: [randoop.jodatime.RandoopTest3.test219], The revealed different behavior: PASS, when executed after: [], Test: randoop.jodatime.RandoopTest3.test52, Intended behavior: FAILURE, when executed after: [randoop.jodatime.RandoopTest3.test46], The revealed different behavior: PASS, when executed after: [], Test: randoop.jodatime.RandoopTest3.test84, Intended behavior: FAILURE, when executed after: [randoop.jodatime.RandoopTest3.test81], The revealed different behavior: PASS, when executed after: [], Test: randoop.jodatime.RandoopTest3.test121, Intended behavior: FAILURE, when executed after: [randoop.jodatime.RandoopTest3.test118], The revealed different behavior: PASS, when executed after: [], Test: randoop.jodatime.RandoopTest3.test226, Intended behavior: FAILURE, when executed after: [randoop.jodatime.RandoopTest3.test223], The revealed different behavior: PASS, when executed after: [], Test: randoop.jodatime.RandoopTest3.test124, Intended behavior: FAILURE, when executed after: [randoop.jodatime.RandoopTest3.test121], The revealed different behavior: PASS, when executed after: [], Test: randoop.jodatime.RandoopTest3.test87, Intended behavior: FAILURE, when executed after: [randoop.jodatime.RandoopTest3.test84], The revealed different behavior: PASS, when executed after: [], Test: randoop.jodatime.RandoopTest3.test57, Intended behavior: FAILURE, when executed after: [randoop.jodatime.RandoopTest3.test56], The revealed different behavior: PASS, when executed after: [], Test: randoop.jodatime.RandoopTest0.test235, Intended behavior: FAILURE, when executed after: [randoop.jodatime.RandoopTest0.test229], The revealed different behavior: PASS, when executed after: [], Test: randoop.jodatime.RandoopTest3.test320, Intended behavior: FAILURE, when executed after: [randoop.jodatime.RandoopTest3.test316], The revealed different behavior: PASS, when executed after: [], Test: randoop.jodatime.RandoopTest3.test424, Intended behavior: FAILURE, when executed after: [randoop.jodatime.RandoopTest3.test420], The revealed different behavior: PASS, when executed after: [], Test: randoop.jodatime.RandoopTest3.test324, Intended behavior: FAILURE, when executed after: [randoop.jodatime.RandoopTest3.test320], The revealed different behavior: PASS, when executed after: [], Test: randoop.jodatime.RandoopTest3.test426, Intended behavior: FAILURE, when executed after: [randoop.jodatime.RandoopTest3.test424], The revealed different behavior: PASS, when executed after: [], Test: randoop.jodatime.RandoopTest3.test326, Intended behavior: FAILURE, when executed after: [randoop.jodatime.RandoopTest3.test324], The revealed different behavior: PASS, when executed after: [], Test: randoop.jodatime.RandoopTest3.test420, Intended behavior: FAILURE, when executed after: [randoop.jodatime.RandoopTest3.test419], The revealed different behavior: PASS, when executed after: [], Test: randoop.jodatime.RandoopTest3.test327, Intended behavior: FAILURE, when executed after: [randoop.jodatime.RandoopTest3.test326], The revealed different behavior: PASS, when executed after: [], Test: randoop.jodatime.RandoopTest0.test376, Intended behavior: FAILURE, when executed after: [randoop.jodatime.RandoopTest0.test375], The revealed different behavior: PASS, when executed after: [], Test: randoop.jodatime.RandoopTest3.test411, Intended behavior: FAILURE, when executed after: [randoop.jodatime.RandoopTest3.test409], The revealed different behavior: PASS, when executed after: [], Test: randoop.jodatime.RandoopTest0.test191, Intended behavior: FAILURE, when executed after: [randoop.jodatime.RandoopTest0.test188], The revealed different behavior: PASS, when executed after: [], Test: randoop.jodatime.RandoopTest0.test386, Intended behavior: FAILURE, when executed after: [randoop.jodatime.RandoopTest0.test378], The revealed different behavior: PASS, when executed after: [], Test: randoop.jodatime.RandoopTest3.test208, Intended behavior: FAILURE, when executed after: [randoop.jodatime.RandoopTest3.test205], The revealed different behavior: PASS, when executed after: [], Test: randoop.jodatime.RandoopTest0.test387, Intended behavior: FAILURE, when executed after: [randoop.jodatime.RandoopTest0.test386], The revealed different behavior: PASS, when executed after: [], Test: randoop.jodatime.RandoopTest3.test294, Intended behavior: FAILURE, when executed after: [randoop.jodatime.RandoopTest3.test292], The revealed different behavior: PASS, when executed after: [], Test: randoop.jodatime.RandoopTest0.test389, Intended behavior: FAILURE, when executed after: [randoop.jodatime.RandoopTest0.test387], The revealed different behavior: PASS, when executed after: [], Test: randoop.jodatime.RandoopTest3.test292, Intended behavior: FAILURE, when executed after: [randoop.jodatime.RandoopTest3.test288], The revealed different behavior: PASS, when executed after: [], Test: randoop.jodatime.RandoopTest3.test150, Intended behavior: FAILURE, when executed after: [randoop.jodatime.RandoopTest3.test148], The revealed different behavior: PASS, when executed after: [], Test: randoop.jodatime.RandoopTest3.test418, Intended behavior: FAILURE, when executed after: [randoop.jodatime.RandoopTest3.test417], The revealed different behavior: PASS, when executed after: [], Test: randoop.jodatime.RandoopTest3.test151, Intended behavior: FAILURE, when executed after: [randoop.jodatime.RandoopTest3.test150], The revealed different behavior: PASS, when executed after: [], Test: randoop.jodatime.RandoopTest3.test419, Intended behavior: FAILURE, when executed after: [randoop.jodatime.RandoopTest3.test418], The revealed different behavior: PASS, when executed after: [], Test: randoop.jodatime.RandoopTest3.test413, Intended behavior: FAILURE, when executed after: [randoop.jodatime.RandoopTest3.test411], The revealed different behavior: PASS, when executed after: [], Test: randoop.jodatime.RandoopTest3.test201, Intended behavior: FAILURE, when executed after: [randoop.jodatime.RandoopTest3.test199], The revealed different behavior: PASS, when executed after: [], Test: randoop.jodatime.RandoopTest0.test135, Intended behavior: FAILURE, when executed after: [randoop.jodatime.RandoopTest0.test119], The revealed different behavior: PASS, when executed after: [], Test: randoop.jodatime.RandoopTest0.test293, Intended behavior: FAILURE, when executed after: [randoop.jodatime.RandoopTest0.test283], The revealed different behavior: PASS, when executed after: [], Test: randoop.jodatime.RandoopTest3.test144, Intended behavior: FAILURE, when executed after: [randoop.jodatime.RandoopTest3.test142], The revealed different behavior: PASS, when executed after: [], Test: randoop.jodatime.RandoopTest3.test487, Intended behavior: FAILURE, when executed after: [randoop.jodatime.RandoopTest3.test481], The revealed different behavior: PASS, when executed after: [], Test: randoop.jodatime.RandoopTest0.test314, Intended behavior: FAILURE, when executed after: [randoop.jodatime.RandoopTest0.test306], The revealed different behavior: PASS, when executed after: [], Test: randoop.jodatime.RandoopTest3.test142, Intended behavior: FAILURE, when executed after: [randoop.jodatime.RandoopTest3.test138], The revealed different behavior: PASS, when executed after: [], Test: randoop.jodatime.RandoopTest0.test297, Intended behavior: FAILURE, when executed after: [randoop.jodatime.RandoopTest0.test293], The revealed different behavior: PASS, when executed after: [], Test: randoop.jodatime.RandoopTest3.test345, Intended behavior: FAILURE, when executed after: [randoop.jodatime.RandoopTest3.test338], The revealed different behavior: PASS, when executed after: [], Test: randoop.jodatime.RandoopTest3.test346, Intended behavior: FAILURE, when executed after: [randoop.jodatime.RandoopTest3.test345], The revealed different behavior: PASS, when executed after: [], Test: randoop.jodatime.RandoopTest0.test390, Intended behavior: FAILURE, when executed after: [randoop.jodatime.RandoopTest0.test389], The revealed different behavior: PASS, when executed after: [], Test: randoop.jodatime.RandoopTest0.test406, Intended behavior: FAILURE, when executed after: [randoop.jodatime.RandoopTest0.test395], The revealed different behavior: PASS, when executed after: [], Test: randoop.jodatime.RandoopTest0.test188, Intended behavior: FAILURE, when executed after: [randoop.jodatime.RandoopTest0.test182], The revealed different behavior: PASS, when executed after: [], Test: randoop.jodatime.RandoopTest3.test288, Intended behavior: FAILURE, when executed after: [randoop.jodatime.RandoopTest3.test280], The revealed different behavior: PASS, when executed after: [], Test: randoop.jodatime.RandoopTest2.test259, Intended behavior: FAILURE, when executed after: [randoop.jodatime.RandoopTest2.test58], The revealed different behavior: PASS, when executed after: [], Test: randoop.jodatime.RandoopTest3.test409, Intended behavior: FAILURE, when executed after: [randoop.jodatime.RandoopTest3.test407], The revealed different behavior: PASS, when executed after: [], Test: randoop.jodatime.RandoopTest3.test161, Intended behavior: FAILURE, when executed after: [randoop.jodatime.RandoopTest3.test159], The revealed different behavior: PASS, when executed after: [], Test: randoop.jodatime.RandoopTest3.test407, Intended behavior: FAILURE, when executed after: [randoop.jodatime.RandoopTest3.test403], The revealed different behavior: PASS, when executed after: [], Test: randoop.jodatime.RandoopTest3.test403, Intended behavior: FAILURE, when executed after: [randoop.jodatime.RandoopTest3.test398], The revealed different behavior: PASS, when executed after: [], Test: randoop.jodatime.RandoopTest3.test496, Intended behavior: FAILURE, when executed after: [randoop.jodatime.RandoopTest3.test492], The revealed different behavior: PASS, when executed after: [], Test: randoop.jodatime.RandoopTest3.test159, Intended behavior: FAILURE, when executed after: [randoop.jodatime.RandoopTest3.test152], The revealed different behavior: PASS, when executed after: [], Test: randoop.jodatime.RandoopTest2.test500, Intended behavior: FAILURE, when executed after: [randoop.jodatime.RandoopTest2.test495], The revealed different behavior: PASS, when executed after: [], Test: randoop.jodatime.RandoopTest0.test304, Intended behavior: FAILURE, when executed after: [randoop.jodatime.RandoopTest0.test297], The revealed different behavior: PASS, when executed after: [], Test: randoop.jodatime.RandoopTest3.test152, Intended behavior: FAILURE, when executed after: [randoop.jodatime.RandoopTest3.test151], The revealed different behavior: PASS, when executed after: [], Test: randoop.jodatime.RandoopTest3.test1, Intended behavior: FAILURE, when executed after: [randoop.jodatime.RandoopTest2.test500], The revealed different behavior: PASS, when executed after: [], Test: randoop.jodatime.RandoopTest3.test497, Intended behavior: FAILURE, when executed after: [randoop.jodatime.RandoopTest3.test496], The revealed different behavior: PASS, when executed after: [], Test: randoop.jodatime.RandoopTest3.test498, Intended behavior: FAILURE, when executed after: [randoop.jodatime.RandoopTest3.test497], The revealed different behavior: PASS, when executed after: [], Test: randoop.jodatime.RandoopTest0.test208, Intended behavior: FAILURE, when executed after: [randoop.jodatime.RandoopTest0.test196], The revealed different behavior: PASS, when executed after: [], Test: randoop.jodatime.RandoopTest3.test356, Intended behavior: FAILURE, when executed after: [randoop.jodatime.RandoopTest3.test352], The revealed different behavior: PASS, when executed after: [], Test: randoop.jodatime.RandoopTest0.test306, Intended behavior: FAILURE, when executed after: [randoop.jodatime.RandoopTest0.test304], The revealed different behavior: PASS, when executed after: [], Test: randoop.jodatime.RandoopTest3.test297, Intended behavior: FAILURE, when executed after: [randoop.jodatime.RandoopTest3.test294], The revealed different behavior: PASS, when executed after: [], Test: randoop.jodatime.RandoopTest3.test8, Intended behavior: FAILURE, when executed after: [randoop.jodatime.RandoopTest3.test7], The revealed different behavior: PASS, when executed after: [], Test: randoop.jodatime.RandoopTest3.test352, Intended behavior: FAILURE, when executed after: [randoop.jodatime.RandoopTest3.test347], The revealed different behavior: PASS, when executed after: [], Test: randoop.jodatime.RandoopTest3.test299, Intended behavior: FAILURE, when executed after: [randoop.jodatime.RandoopTest3.test297], The revealed different behavior: PASS, when executed after: [], Test: randoop.jodatime.RandoopTest3.test9, Intended behavior: FAILURE, when executed after: [randoop.jodatime.RandoopTest3.test8], The revealed different behavior: PASS, when executed after: [], Test: randoop.jodatime.RandoopTest3.test272, Intended behavior: FAILURE, when executed after: [randoop.jodatime.RandoopTest3.test270], The revealed different behavior: PASS, when executed after: [], Test: randoop.jodatime.RandoopTest3.test470, Intended behavior: FAILURE, when executed after: [randoop.jodatime.RandoopTest3.test467], The revealed different behavior: PASS, when executed after: [], Test: randoop.jodatime.RandoopTest3.test173, Intended behavior: FAILURE, when executed after: [randoop.jodatime.RandoopTest3.test170], The revealed different behavior: PASS, when executed after: [], Test: randoop.jodatime.RandoopTest0.test267, Intended behavior: FAILURE, when executed after: [randoop.jodatime.RandoopTest0.test260], The revealed different behavior: PASS, when executed after: [], Test: randoop.jodatime.RandoopTest3.test166, Intended behavior: FAILURE, when executed after: [randoop.jodatime.RandoopTest3.test163], The revealed different behavior: PASS, when executed after: [], Test: randoop.jodatime.RandoopTest0.test141, Intended behavior: FAILURE, when executed after: [randoop.jodatime.RandoopTest0.test135], The revealed different behavior: PASS, when executed after: [], Test: randoop.jodatime.RandoopTest3.test467, Intended behavior: FAILURE, when executed after: [randoop.jodatime.RandoopTest3.test462], The revealed different behavior: PASS, when executed after: [], Test: randoop.jodatime.RandoopTest3.test163, Intended behavior: FAILURE, when executed after: [randoop.jodatime.RandoopTest3.test161], The revealed different behavior: PASS, when executed after: [], Test: randoop.jodatime.RandoopTest3.test16, Intended behavior: FAILURE, when executed after: [randoop.jodatime.RandoopTest3.test14], The revealed different behavior: PASS, when executed after: [], Test: randoop.jodatime.RandoopTest3.test269, Intended behavior: FAILURE, when executed after: [randoop.jodatime.RandoopTest3.test266], The revealed different behavior: PASS, when executed after: [], Test: randoop.jodatime.RandoopTest3.test14, Intended behavior: FAILURE, when executed after: [randoop.jodatime.RandoopTest3.test12], The revealed different behavior: PASS, when executed after: [], Test: randoop.jodatime.RandoopTest3.test266, Intended behavior: FAILURE, when executed after: [randoop.jodatime.RandoopTest3.test263], The revealed different behavior: PASS, when executed after: [], Test: randoop.jodatime.RandoopTest3.test365, Intended behavior: FAILURE, when executed after: [randoop.jodatime.RandoopTest3.test356], The revealed different behavior: PASS, when executed after: [], Test: randoop.jodatime.RandoopTest0.test375, Intended behavior: FAILURE, when executed after: [randoop.jodatime.RandoopTest0.test370], The revealed different behavior: PASS, when executed after: [], Test: randoop.jodatime.RandoopTest0.test378, Intended behavior: FAILURE, when executed after: [randoop.jodatime.RandoopTest0.test376], The revealed different behavior: PASS, when executed after: [], Test: randoop.jodatime.RandoopTest3.test263, Intended behavior: FAILURE, when executed after: [randoop.jodatime.RandoopTest3.test262], The revealed different behavior: PASS, when executed after: [], Test: randoop.jodatime.RandoopTest3.test262, Intended behavior: FAILURE, when executed after: [randoop.jodatime.RandoopTest3.test259], The revealed different behavior: PASS, when executed after: [], Test: randoop.jodatime.RandoopTest3.test280, Intended behavior: FAILURE, when executed after: [randoop.jodatime.RandoopTest3.test277], The revealed different behavior: PASS, when executed after: [], Test: randoop.jodatime.RandoopTest3.test138, Intended behavior: FAILURE, when executed after: [randoop.jodatime.RandoopTest3.test132], The revealed different behavior: PASS, when executed after: [], Test: randoop.jodatime.RandoopTest3.test22, Intended behavior: FAILURE, when executed after: [randoop.jodatime.RandoopTest3.test16], The revealed different behavior: PASS, when executed after: [], Test: randoop.jodatime.RandoopTest3.test380, Intended behavior: FAILURE, when executed after: [randoop.jodatime.RandoopTest3.test376], The revealed different behavior: PASS, when executed after: [], Test: randoop.jodatime.RandoopTest3.test132, Intended behavior: FAILURE, when executed after: [randoop.jodatime.RandoopTest3.test130], The revealed different behavior: PASS, when executed after: [], Test: randoop.jodatime.RandoopTest0.test182, Intended behavior: FAILURE, when executed after: [randoop.jodatime.RandoopTest0.test181], The revealed different behavior: PASS, when executed after: [], Test: randoop.jodatime.RandoopTest3.test130, Intended behavior: FAILURE, when executed after: [randoop.jodatime.RandoopTest3.test129], The revealed different behavior: PASS, when executed after: [], Test: randoop.jodatime.RandoopTest4.test5, Intended behavior: FAILURE, when executed after: [randoop.jodatime.RandoopTest4.test4], The revealed different behavior: PASS, when executed after: [], Test: randoop.jodatime.RandoopTest3.test65, Intended behavior: FAILURE, when executed after: [randoop.jodatime.RandoopTest3.test58], The revealed different behavior: PASS, when executed after: [], Test: randoop.jodatime.RandoopTest3.test239, Intended behavior: FAILURE, when executed after: [randoop.jodatime.RandoopTest3.test236], The revealed different behavior: PASS, when executed after: [], Test: randoop.jodatime.RandoopTest3.test182, Intended behavior: FAILURE, when executed after: [randoop.jodatime.RandoopTest3.test176], The revealed different behavior: PASS, when executed after: [], Test: randoop.jodatime.RandoopTest3.test330, Intended behavior: FAILURE, when executed after: [randoop.jodatime.RandoopTest3.test327], The revealed different behavior: PASS, when executed after: [], Test: randoop.jodatime.RandoopTest3.test176, Intended behavior: FAILURE, when executed after: [randoop.jodatime.RandoopTest3.test173], The revealed different behavior: PASS, when executed after: [], Test: randoop.jodatime.RandoopTest0.test325, Intended behavior: FAILURE, when executed after: [randoop.jodatime.RandoopTest0.test320], The revealed different behavior: PASS, when executed after: [], Test: randoop.jodatime.RandoopTest0.test283, Intended behavior: FAILURE, when executed after: [randoop.jodatime.RandoopTest0.test282], The revealed different behavior: PASS, when executed after: [], Test: randoop.jodatime.RandoopTest0.test282, Intended behavior: FAILURE, when executed after: [randoop.jodatime.RandoopTest0.test267], The revealed different behavior: PASS, when executed after: [], Test: randoop.jodatime.RandoopTest3.test471, Intended behavior: FAILURE, when executed after: [randoop.jodatime.RandoopTest3.test470], The revealed different behavior: PASS, when executed after: [], Test: randoop.jodatime.RandoopTest0.test226, Intended behavior: FAILURE, when executed after: [randoop.jodatime.RandoopTest0.test208], The revealed different behavior: PASS, when executed after: [], Test: randoop.jodatime.RandoopTest0.test320, Intended behavior: FAILURE, when executed after: [randoop.jodatime.RandoopTest0.test314], The revealed different behavior: PASS, when executed after: [], Test: randoop.jodatime.RandoopTest3.test435, Intended behavior: FAILURE, when executed after: [randoop.jodatime.RandoopTest3.test434], The revealed different behavior: PASS, when executed after: [], Test: randoop.jodatime.RandoopTest0.test440, Intended behavior: FAILURE, when executed after: [randoop.jodatime.RandoopTest0.test406], The revealed different behavior: PASS, when executed after: [], Test: randoop.jodatime.RandoopTest3.test434, Intended behavior: FAILURE, when executed after: [randoop.jodatime.RandoopTest3.test432], The revealed different behavior: PASS, when executed after: [], Test: randoop.jodatime.RandoopTest3.test375, Intended behavior: FAILURE, when executed after: [randoop.jodatime.RandoopTest3.test365], The revealed different behavior: PASS, when executed after: [], Test: randoop.jodatime.RandoopTest3.test338, Intended behavior: FAILURE, when executed after: [randoop.jodatime.RandoopTest3.test336], The revealed different behavior: PASS, when executed after: [], Test: randoop.jodatime.RandoopTest3.test277, Intended behavior: FAILURE, when executed after: [randoop.jodatime.RandoopTest3.test275], The revealed different behavior: PASS, when executed after: [], Test: randoop.jodatime.RandoopTest3.test432, Intended behavior: FAILURE, when executed after: [randoop.jodatime.RandoopTest3.test426], The revealed different behavior: PASS, when executed after: [], Test: randoop.jodatime.RandoopTest0.test229, Intended behavior: FAILURE, when executed after: [randoop.jodatime.RandoopTest0.test226], The revealed different behavior: PASS, when executed after: [], Test: randoop.jodatime.RandoopTest3.test28, Intended behavior: FAILURE, when executed after: [randoop.jodatime.RandoopTest3.test22], The revealed different behavior: PASS, when executed after: [], Test: randoop.jodatime.RandoopTest3.test376, Intended behavior: FAILURE, when executed after: [randoop.jodatime.RandoopTest3.test375], The revealed different behavior: PASS, when executed after: [], Test: randoop.jodatime.RandoopTest3.test7, Intended behavior: FAILURE, when executed after: [randoop.jodatime.RandoopTest3.test1], The revealed different behavior: PASS, when executed after: [], Test: randoop.jodatime.RandoopTest3.test275, Intended behavior: FAILURE, when executed after: [randoop.jodatime.RandoopTest3.test274], The revealed different behavior: PASS, when executed after: [], Test: randoop.jodatime.RandoopTest0.test196, Intended behavior: FAILURE, when executed after: [randoop.jodatime.RandoopTest0.test192], The revealed different behavior: PASS, when executed after: [], Test: randoop.jodatime.RandoopTest3.test128, Intended behavior: FAILURE, when executed after: [randoop.jodatime.RandoopTest3.test125], The revealed different behavior: PASS, when executed after: [], Test: randoop.jodatime.RandoopTest0.test192, Intended behavior: FAILURE, when executed after: [randoop.jodatime.RandoopTest0.test191], The revealed different behavior: PASS, when executed after: [], Test: randoop.jodatime.RandoopTest0.test361, Intended behavior: FAILURE, when executed after: [randoop.jodatime.RandoopTest0.test360], The revealed different behavior: PASS, when executed after: [], Test: randoop.jodatime.RandoopTest3.test12, Intended behavior: FAILURE, when executed after: [randoop.jodatime.RandoopTest3.test9], The revealed different behavior: PASS, when executed after: [], Test: randoop.jodatime.RandoopTest3.test417, Intended behavior: FAILURE, when executed after: [randoop.jodatime.RandoopTest3.test413], The revealed different behavior: PASS, when executed after: [], Test: randoop.jodatime.RandoopTest1.test467, Intended behavior: FAILURE, when executed after: [randoop.jodatime.RandoopTest1.test381], The revealed different behavior: PASS, when executed after: [], Test: randoop.jodatime.RandoopTest1.test168, Intended behavior: FAILURE, when executed after: [randoop.jodatime.RandoopTest1.test94], The revealed different behavior: PASS, when executed after: [], Test: randoop.jodatime.RandoopTest1.test475, Intended behavior: FAILURE, when executed after: [randoop.jodatime.RandoopTest1.test467], The revealed different behavior: PASS, when executed after: [], Test: randoop.jodatime.RandoopTest0.test477, Intended behavior: FAILURE, when executed after: [randoop.jodatime.RandoopTest0.test467], The revealed different behavior: PASS, when executed after: [], Test: randoop.jodatime.RandoopTest0.test246, Intended behavior: FAILURE, when executed after: [randoop.jodatime.RandoopTest0.test235], The revealed different behavior: PASS, when executed after: [], Test: randoop.jodatime.RandoopTest1.test381, Intended behavior: FAILURE, when executed after: [randoop.jodatime.RandoopTest1.test354], The revealed different behavior: PASS, when executed after: [], Test: randoop.jodatime.RandoopTest2.test58, Intended behavior: FAILURE, when executed after: [randoop.jodatime.RandoopTest2.test21], The revealed different behavior: PASS, when executed after: [], Test: randoop.jodatime.RandoopTest4.test434, Intended behavior: FAILURE, when executed after: [randoop.jodatime.RandoopTest4.test369], The revealed different behavior: PASS, when executed after: [], Test: randoop.jodatime.RandoopTest3.test56, Intended behavior: FAILURE, when executed after: [randoop.jodatime.RandoopTest3.test54], The revealed different behavior: PASS, when executed after: [], Test: randoop.jodatime.RandoopTest3.test125, Intended behavior: FAILURE, when executed after: [randoop.jodatime.RandoopTest3.test124], The revealed different behavior: PASS, when executed after: [], Test: randoop.jodatime.RandoopTest3.test170, Intended behavior: FAILURE, when executed after: [randoop.jodatime.RandoopTest3.test166], The revealed different behavior: PASS, when executed after: [], Test: randoop.jodatime.RandoopTest3.test54, Intended behavior: FAILURE, when executed after: [randoop.jodatime.RandoopTest3.test52], The revealed different behavior: PASS, when executed after: [], Test: randoop.jodatime.RandoopTest3.test148, Intended behavior: FAILURE, when executed after: [randoop.jodatime.RandoopTest3.test144], The revealed different behavior: PASS, when executed after: [], Test: randoop.jodatime.RandoopTest3.test233, Intended behavior: FAILURE, when executed after: [randoop.jodatime.RandoopTest3.test232], The revealed different behavior: PASS, when executed after: [], Test: randoop.jodatime.RandoopTest3.test92, Intended behavior: FAILURE, when executed after: [randoop.jodatime.RandoopTest3.test87], The revealed different behavior: PASS, when executed after: [], Test: randoop.jodatime.RandoopTest3.test382, Intended behavior: FAILURE, when executed after: [randoop.jodatime.RandoopTest3.test381], The revealed different behavior: PASS, when executed after: [], Test: randoop.jodatime.RandoopTest3.test232, Intended behavior: FAILURE, when executed after: [randoop.jodatime.RandoopTest3.test226], The revealed different behavior: PASS, when executed after: [], Test: randoop.jodatime.RandoopTest3.test219, Intended behavior: FAILURE, when executed after: [randoop.jodatime.RandoopTest3.test210], The revealed different behavior: PASS, when executed after: [], Test: randoop.jodatime.RandoopTest0.test252, Intended behavior: FAILURE, when executed after: [randoop.jodatime.RandoopTest0.test251], The revealed different behavior: PASS, when executed after: [], Test: randoop.jodatime.RandoopTest3.test210, Intended behavior: FAILURE, when executed after: [randoop.jodatime.RandoopTest3.test208], The revealed different behavior: PASS, when executed after: [], Test: randoop.jodatime.RandoopTest0.test165, Intended behavior: FAILURE, when executed after: [randoop.jodatime.RandoopTest0.test159], The revealed different behavior: PASS, when executed after: [], Test: randoop.jodatime.RandoopTest3.test115, Intended behavior: FAILURE, when executed after: [randoop.jodatime.RandoopTest3.test113], The revealed different behavior: PASS, when executed after: [], Test: randoop.jodatime.RandoopTest0.test181, Intended behavior: FAILURE, when executed after: [randoop.jodatime.RandoopTest0.test172], The revealed different behavior: PASS, when executed after: [], Test: randoop.jodatime.RandoopTest5.test35, Intended behavior: FAILURE, when executed after: [randoop.jodatime.RandoopTest4.test434], The revealed different behavior: PASS, when executed after: [], Test: randoop.jodatime.RandoopTest3.test205, Intended behavior: FAILURE, when executed after: [randoop.jodatime.RandoopTest3.test201], The revealed different behavior: PASS, when executed after: [], Test: randoop.jodatime.RandoopTest3.test381, Intended behavior: FAILURE, when executed after: [randoop.jodatime.RandoopTest3.test380], The revealed different behavior: PASS, when executed after: [], Test: randoop.jodatime.RandoopTest3.test96, Intended behavior: FAILURE, when executed after: [randoop.jodatime.RandoopTest3.test95], The revealed different behavior: PASS, when executed after: [], Test: randoop.jodatime.RandoopTest3.test313, Intended behavior: FAILURE, when executed after: [randoop.jodatime.RandoopTest3.test312], The revealed different behavior: PASS, when executed after: [], Test: randoop.jodatime.RandoopTest3.test58, Intended behavior: FAILURE, when executed after: [randoop.jodatime.RandoopTest3.test57], The revealed different behavior: PASS, when executed after: [], Test: randoop.jodatime.RandoopTest3.test333, Intended behavior: FAILURE, when executed after: [randoop.jodatime.RandoopTest3.test332], The revealed different behavior: PASS, when executed after: [], Test: randoop.jodatime.RandoopTest3.test332, Intended behavior: FAILURE, when executed after: [randoop.jodatime.RandoopTest3.test330], The revealed different behavior: PASS, when executed after: [], Test: randoop.jodatime.RandoopTest3.test441, Intended behavior: FAILURE, when executed after: [randoop.jodatime.RandoopTest3.test435], The revealed different behavior: PASS, when executed after: [], Test: randoop.jodatime.RandoopTest0.test369, Intended behavior: FAILURE, when executed after: [randoop.jodatime.RandoopTest0.test361], The revealed different behavior: PASS, when executed after: [], Test: randoop.jodatime.RandoopTest3.test189, Intended behavior: FAILURE, when executed after: [randoop.jodatime.RandoopTest3.test185], The revealed different behavior: PASS, when executed after: [], Test: randoop.jodatime.RandoopTest3.test336, Intended behavior: FAILURE, when executed after: [randoop.jodatime.RandoopTest3.test333], The revealed different behavior: PASS, when executed after: [], Test: randoop.jodatime.RandoopTest3.test274, Intended behavior: FAILURE, when executed after: [randoop.jodatime.RandoopTest3.test272], The revealed different behavior: PASS, when executed after: [], Test: randoop.jodatime.RandoopTest3.test196, Intended behavior: FAILURE, when executed after: [randoop.jodatime.RandoopTest3.test195], The revealed different behavior: PASS, when executed after: [], Test: randoop.jodatime.RandoopTest3.test29, Intended behavior: FAILURE, when executed after: [randoop.jodatime.RandoopTest3.test28], The revealed different behavior: PASS, when executed after: [], Test: randoop.jodatime.RandoopTest3.test454, Intended behavior: FAILURE, when executed after: [randoop.jodatime.RandoopTest3.test452], The revealed different behavior: PASS, when executed after: [], Test: randoop.jodatime.RandoopTest4.test369, Intended behavior: FAILURE, when executed after: [randoop.jodatime.RandoopTest4.test315], The revealed different behavior: PASS, when executed after: [], Test: randoop.jodatime.RandoopTest3.test270, Intended behavior: FAILURE, when executed after: [randoop.jodatime.RandoopTest3.test269], The revealed different behavior: PASS, when executed after: [], Test: randoop.jodatime.RandoopTest3.test199, Intended behavior: FAILURE, when executed after: [randoop.jodatime.RandoopTest3.test196], The revealed different behavior: PASS, when executed after: [], Test: randoop.jodatime.RandoopTest2.test284, Intended behavior: FAILURE, when executed after: [randoop.jodatime.RandoopTest2.test259], The revealed different behavior: PASS, when executed after: [], Test: randoop.jodatime.RandoopTest3.test457, Intended behavior: FAILURE, when executed after: [randoop.jodatime.RandoopTest3.test455], The revealed different behavior: PASS, when executed after: [], Test: randoop.jodatime.RandoopTest0.test338, Intended behavior: FAILURE, when executed after: [randoop.jodatime.RandoopTest0.test325], The revealed different behavior: PASS, when executed after: [], Test: randoop.jodatime.RandoopTest3.test347, Intended behavior: FAILURE, when executed after: [randoop.jodatime.RandoopTest3.test346], The revealed different behavior: PASS, when executed after: [], Test: randoop.jodatime.RandoopTest0.test370, Intended behavior: FAILURE, when executed after: [randoop.jodatime.RandoopTest0.test369], The revealed different behavior: PASS, when executed after: [], Test: randoop.jodatime.RandoopTest4.test4, Intended behavior: FAILURE, when executed after: [randoop.jodatime.RandoopTest3.test498], The revealed different behavior: PASS, when executed after: [], Test: randoop.jodatime.RandoopTest3.test462, Intended behavior: FAILURE, when executed after: [randoop.jodatime.RandoopTest3.test457], The revealed different behavior: PASS, when executed after: [], Test: randoop.jodatime.RandoopTest0.test172, Intended behavior: FAILURE, when executed after: [randoop.jodatime.RandoopTest0.test165], The revealed different behavior: PASS, when executed after: [], Test: randoop.jodatime.RandoopTest4.test138, Intended behavior: FAILURE, when executed after: [randoop.jodatime.RandoopTest4.test15], The revealed different behavior: PASS, when executed after: [], Test: randoop.jodatime.RandoopTest3.test257, Intended behavior: FAILURE, when executed after: [randoop.jodatime.RandoopTest3.test252], The revealed different behavior: PASS, when executed after: [], Test: randoop.jodatime.RandoopTest3.test247, Intended behavior: FAILURE, when executed after: [randoop.jodatime.RandoopTest3.test246], The revealed different behavior: PASS, when executed after: [], Test: randoop.jodatime.RandoopTest3.test492, Intended behavior: FAILURE, when executed after: [randoop.jodatime.RandoopTest3.test487], The revealed different behavior: PASS, when executed after: [], Test: randoop.jodatime.RandoopTest3.test184, Intended behavior: FAILURE, when executed after: [randoop.jodatime.RandoopTest3.test182], The revealed different behavior: PASS, when executed after: [], Test: randoop.jodatime.RandoopTest3.test40, Intended behavior: FAILURE, when executed after: [randoop.jodatime.RandoopTest3.test36], The revealed different behavior: PASS, when executed after: [], Test: randoop.jodatime.RandoopTest1.test220, Intended behavior: FAILURE, when executed after: [randoop.jodatime.RandoopTest1.test181], The revealed different behavior: PASS, when executed after: [], Test: randoop.jodatime.RandoopTest3.test481, Intended behavior: FAILURE, when executed after: [randoop.jodatime.RandoopTest3.test471], The revealed different behavior: PASS, when executed after: [], Test: randoop.jodatime.RandoopTest3.test451, Intended behavior: FAILURE, when executed after: [randoop.jodatime.RandoopTest3.test447], The revealed different behavior: PASS, when executed after: [], Test: randoop.jodatime.RandoopTest4.test315, Intended behavior: FAILURE, when executed after: [randoop.jodatime.RandoopTest4.test291], The revealed different behavior: PASS, when executed after: [], Test: randoop.jodatime.RandoopTest1.test354, Intended behavior: FAILURE, when executed after: [randoop.jodatime.RandoopTest1.test287], The revealed different behavior: PASS, when executed after: [], Test: randoop.jodatime.RandoopTest0.test467, Intended behavior: FAILURE, when executed after: [randoop.jodatime.RandoopTest0.test440], The revealed different behavior: PASS, when executed after: [], Test: randoop.jodatime.RandoopTest4.test291, Intended behavior: FAILURE, when executed after: [randoop.jodatime.RandoopTest4.test259], The revealed different behavior: PASS, when executed after: [], Test: randoop.jodatime.RandoopTest3.test236, Intended behavior: FAILURE, when executed after: [randoop.jodatime.RandoopTest3.test233], The revealed different behavior: PASS, when executed after: [], Test: randoop.jodatime.RandoopTest1.test287, Intended behavior: FAILURE, when executed after: [randoop.jodatime.RandoopTest1.test235], The revealed different behavior: PASS, when executed after: [], Test: randoop.jodatime.RandoopTest2.test21, Intended behavior: FAILURE, when executed after: [randoop.jodatime.RandoopTest1.test475], The revealed different behavior: PASS, when executed after: [], Test: randoop.jodatime.RandoopTest4.test15, Intended behavior: FAILURE, when executed after: [randoop.jodatime.RandoopTest4.test13], The revealed different behavior: PASS, when executed after: [], Test: randoop.jodatime.RandoopTest0.test119, Intended behavior: FAILURE, when executed after: [randoop.jodatime.RandoopTest0.test115], The revealed different behavior: PASS, when executed after: [], Test: randoop.jodatime.RandoopTest3.test43, Intended behavior: FAILURE, when executed after: [randoop.jodatime.RandoopTest3.test40], The revealed different behavior: PASS, when executed after: [], Test: randoop.jodatime.RandoopTest2.test356, Intended behavior: FAILURE, when executed after: [randoop.jodatime.RandoopTest2.test284], The revealed different behavior: PASS, when executed after: [], Test: randoop.jodatime.RandoopTest1.test235, Intended behavior: FAILURE, when executed after: [randoop.jodatime.RandoopTest1.test220], The revealed different behavior: PASS, when executed after: [], Test: randoop.jodatime.RandoopTest4.test259, Intended behavior: FAILURE, when executed after: [randoop.jodatime.RandoopTest4.test207], The revealed different behavior: PASS, when executed after: [], Test: randoop.jodatime.RandoopTest3.test315, Intended behavior: FAILURE, when executed after: [randoop.jodatime.RandoopTest3.test313], The revealed different behavior: PASS, when executed after: []]
--------------------------
Total time (of all machines and iterations plus initial TestListGenerator): 1029823277008

Time each test takes to run in the new order:
{randoop.jodatime.RandoopTest0.test115=144431659, randoop.jodatime.RandoopTest0.test119=39291360, randoop.jodatime.RandoopTest0.test135=20579380, randoop.jodatime.RandoopTest0.test141=32078302, randoop.jodatime.RandoopTest0.test144=16178687, randoop.jodatime.RandoopTest0.test146=11174548, randoop.jodatime.RandoopTest0.test152=37612618, randoop.jodatime.RandoopTest0.test159=8416518, randoop.jodatime.RandoopTest0.test165=13094724, randoop.jodatime.RandoopTest0.test172=13541346, randoop.jodatime.RandoopTest0.test181=10548033, randoop.jodatime.RandoopTest0.test182=8543192, randoop.jodatime.RandoopTest0.test188=7335983, randoop.jodatime.RandoopTest0.test191=7293733, randoop.jodatime.RandoopTest0.test192=7639540, randoop.jodatime.RandoopTest0.test196=6049212, randoop.jodatime.RandoopTest0.test208=7606665, randoop.jodatime.RandoopTest0.test226=5688599, randoop.jodatime.RandoopTest0.test229=10089325, randoop.jodatime.RandoopTest0.test235=6082288, randoop.jodatime.RandoopTest0.test246=5174197, randoop.jodatime.RandoopTest0.test247=5079353, randoop.jodatime.RandoopTest0.test251=4968369, randoop.jodatime.RandoopTest0.test252=5139654, randoop.jodatime.RandoopTest0.test258=3841708, randoop.jodatime.RandoopTest0.test260=4907815, randoop.jodatime.RandoopTest0.test267=3671564, randoop.jodatime.RandoopTest0.test282=3758563, randoop.jodatime.RandoopTest0.test283=3535175, randoop.jodatime.RandoopTest0.test293=6672749, randoop.jodatime.RandoopTest0.test297=5475689, randoop.jodatime.RandoopTest0.test304=5622055, randoop.jodatime.RandoopTest0.test306=3921103, randoop.jodatime.RandoopTest0.test314=4821150, randoop.jodatime.RandoopTest0.test320=3537205, randoop.jodatime.RandoopTest0.test325=3411814, randoop.jodatime.RandoopTest0.test338=5196294, randoop.jodatime.RandoopTest0.test346=5071195, randoop.jodatime.RandoopTest0.test347=3699765, randoop.jodatime.RandoopTest0.test355=2660935, randoop.jodatime.RandoopTest0.test360=2687051, randoop.jodatime.RandoopTest0.test361=3793689, randoop.jodatime.RandoopTest0.test369=2791103, randoop.jodatime.RandoopTest0.test370=3818068, randoop.jodatime.RandoopTest0.test375=4290327, randoop.jodatime.RandoopTest0.test376=30854631, randoop.jodatime.RandoopTest0.test378=4525692, randoop.jodatime.RandoopTest0.test386=5932850, randoop.jodatime.RandoopTest0.test387=4717819, randoop.jodatime.RandoopTest0.test389=3865015, randoop.jodatime.RandoopTest0.test390=4530351, randoop.jodatime.RandoopTest0.test395=6085239, randoop.jodatime.RandoopTest0.test406=6333789, randoop.jodatime.RandoopTest0.test440=3574066, randoop.jodatime.RandoopTest0.test467=2610468, randoop.jodatime.RandoopTest0.test477=2598866, randoop.jodatime.RandoopTest0.test498=2316319, randoop.jodatime.RandoopTest1.test94=5416692, randoop.jodatime.RandoopTest1.test168=7162708, randoop.jodatime.RandoopTest1.test181=3083178, randoop.jodatime.RandoopTest1.test220=3560274, randoop.jodatime.RandoopTest1.test235=4347936, randoop.jodatime.RandoopTest1.test287=4079749, randoop.jodatime.RandoopTest1.test354=3628891, randoop.jodatime.RandoopTest1.test381=3124044, randoop.jodatime.RandoopTest1.test467=2541256, randoop.jodatime.RandoopTest1.test475=2606191, randoop.jodatime.RandoopTest2.test21=3565886, randoop.jodatime.RandoopTest2.test58=2467646, randoop.jodatime.RandoopTest2.test259=2266382, randoop.jodatime.RandoopTest2.test284=2195552, randoop.jodatime.RandoopTest2.test356=2268312, randoop.jodatime.RandoopTest2.test487=2016312, randoop.jodatime.RandoopTest2.test490=2106842, randoop.jodatime.RandoopTest2.test492=10750479, randoop.jodatime.RandoopTest2.test493=2275095, randoop.jodatime.RandoopTest2.test495=2161764, randoop.jodatime.RandoopTest2.test500=2172035, randoop.jodatime.RandoopTest3.test1=3430216, randoop.jodatime.RandoopTest3.test7=2144398, randoop.jodatime.RandoopTest3.test8=6342803, randoop.jodatime.RandoopTest3.test9=3115955, randoop.jodatime.RandoopTest3.test12=2019606, randoop.jodatime.RandoopTest3.test14=1965924, randoop.jodatime.RandoopTest3.test16=2166700, randoop.jodatime.RandoopTest3.test22=1991913, randoop.jodatime.RandoopTest3.test28=2910271, randoop.jodatime.RandoopTest3.test29=2076373, randoop.jodatime.RandoopTest3.test32=2331280, randoop.jodatime.RandoopTest3.test34=3873171, randoop.jodatime.RandoopTest3.test36=2362876, randoop.jodatime.RandoopTest3.test40=2237149, randoop.jodatime.RandoopTest3.test43=1943565, randoop.jodatime.RandoopTest3.test46=2110049, randoop.jodatime.RandoopTest3.test52=2473623, randoop.jodatime.RandoopTest3.test54=4450812, randoop.jodatime.RandoopTest3.test56=3548611, randoop.jodatime.RandoopTest3.test57=2441597, randoop.jodatime.RandoopTest3.test58=2785325, randoop.jodatime.RandoopTest3.test65=5068917, randoop.jodatime.RandoopTest3.test81=3464391, randoop.jodatime.RandoopTest3.test84=2066246, randoop.jodatime.RandoopTest3.test87=3613193, randoop.jodatime.RandoopTest3.test92=5229224, randoop.jodatime.RandoopTest3.test95=1985517, randoop.jodatime.RandoopTest3.test96=3549117, randoop.jodatime.RandoopTest3.test98=8895809, randoop.jodatime.RandoopTest3.test99=4501587, randoop.jodatime.RandoopTest3.test102=1925832, randoop.jodatime.RandoopTest3.test105=3844529, randoop.jodatime.RandoopTest3.test106=4025964, randoop.jodatime.RandoopTest3.test107=3056267, randoop.jodatime.RandoopTest3.test108=2021565, randoop.jodatime.RandoopTest3.test113=3115422, randoop.jodatime.RandoopTest3.test115=2597771, randoop.jodatime.RandoopTest3.test116=1976354, randoop.jodatime.RandoopTest3.test118=3017266, randoop.jodatime.RandoopTest3.test121=4103245, randoop.jodatime.RandoopTest3.test124=2708203, randoop.jodatime.RandoopTest3.test125=1957452, randoop.jodatime.RandoopTest3.test128=4863150, randoop.jodatime.RandoopTest3.test129=2285741, randoop.jodatime.RandoopTest3.test130=1879299, randoop.jodatime.RandoopTest3.test132=2291316, randoop.jodatime.RandoopTest3.test138=1993633, randoop.jodatime.RandoopTest3.test142=1943413, randoop.jodatime.RandoopTest3.test144=1998716, randoop.jodatime.RandoopTest3.test148=1963461, randoop.jodatime.RandoopTest3.test150=2227259, randoop.jodatime.RandoopTest3.test151=2520692, randoop.jodatime.RandoopTest3.test152=2008139, randoop.jodatime.RandoopTest3.test159=2086151, randoop.jodatime.RandoopTest3.test161=2005859, randoop.jodatime.RandoopTest3.test163=1969530, randoop.jodatime.RandoopTest3.test166=3009334, randoop.jodatime.RandoopTest3.test170=1968917, randoop.jodatime.RandoopTest3.test173=2054763, randoop.jodatime.RandoopTest3.test176=2930325, randoop.jodatime.RandoopTest3.test182=2151574, randoop.jodatime.RandoopTest3.test184=2960302, randoop.jodatime.RandoopTest3.test185=1965248, randoop.jodatime.RandoopTest3.test189=1864204, randoop.jodatime.RandoopTest3.test193=1866858, randoop.jodatime.RandoopTest3.test195=1833908, randoop.jodatime.RandoopTest3.test196=2126236, randoop.jodatime.RandoopTest3.test199=2082761, randoop.jodatime.RandoopTest3.test201=1907120, randoop.jodatime.RandoopTest3.test205=2812103, randoop.jodatime.RandoopTest3.test208=2026554, randoop.jodatime.RandoopTest3.test210=1854182, randoop.jodatime.RandoopTest3.test219=1941630, randoop.jodatime.RandoopTest3.test220=1979607, randoop.jodatime.RandoopTest3.test223=2288760, randoop.jodatime.RandoopTest3.test226=1978071, randoop.jodatime.RandoopTest3.test232=1886226, randoop.jodatime.RandoopTest3.test233=1963494, randoop.jodatime.RandoopTest3.test236=1902166, randoop.jodatime.RandoopTest3.test239=1859463, randoop.jodatime.RandoopTest3.test241=2146868, randoop.jodatime.RandoopTest3.test242=1887434, randoop.jodatime.RandoopTest3.test246=1871592, randoop.jodatime.RandoopTest3.test247=1914809, randoop.jodatime.RandoopTest3.test249=1967965, randoop.jodatime.RandoopTest3.test252=1958637, randoop.jodatime.RandoopTest3.test257=1949268, randoop.jodatime.RandoopTest3.test258=1934240, randoop.jodatime.RandoopTest3.test259=2127886, randoop.jodatime.RandoopTest3.test262=10898952, randoop.jodatime.RandoopTest3.test263=1803002, randoop.jodatime.RandoopTest3.test266=1881809, randoop.jodatime.RandoopTest3.test269=1980892, randoop.jodatime.RandoopTest3.test270=3348779, randoop.jodatime.RandoopTest3.test272=2233132, randoop.jodatime.RandoopTest3.test274=2516816, randoop.jodatime.RandoopTest3.test275=2174136, randoop.jodatime.RandoopTest3.test277=1873865, randoop.jodatime.RandoopTest3.test280=2013401, randoop.jodatime.RandoopTest3.test288=1879658, randoop.jodatime.RandoopTest3.test292=1913505, randoop.jodatime.RandoopTest3.test294=1971795, randoop.jodatime.RandoopTest3.test297=1910894, randoop.jodatime.RandoopTest3.test299=1901440, randoop.jodatime.RandoopTest3.test300=2040194, randoop.jodatime.RandoopTest3.test301=1974584, randoop.jodatime.RandoopTest3.test304=1855614, randoop.jodatime.RandoopTest3.test308=1972347, randoop.jodatime.RandoopTest3.test309=1877579, randoop.jodatime.RandoopTest3.test312=1823531, randoop.jodatime.RandoopTest3.test313=1847187, randoop.jodatime.RandoopTest3.test315=2015194, randoop.jodatime.RandoopTest3.test316=1806698, randoop.jodatime.RandoopTest3.test320=1929280, randoop.jodatime.RandoopTest3.test324=1899395, randoop.jodatime.RandoopTest3.test326=1958118, randoop.jodatime.RandoopTest3.test327=1980870, randoop.jodatime.RandoopTest3.test330=1971735, randoop.jodatime.RandoopTest3.test332=2028658, randoop.jodatime.RandoopTest3.test333=1914764, randoop.jodatime.RandoopTest3.test336=1975315, randoop.jodatime.RandoopTest3.test338=2200999, randoop.jodatime.RandoopTest3.test345=1917615, randoop.jodatime.RandoopTest3.test346=1906755, randoop.jodatime.RandoopTest3.test347=1987049, randoop.jodatime.RandoopTest3.test352=1896561, randoop.jodatime.RandoopTest3.test356=1829960, randoop.jodatime.RandoopTest3.test365=1802620, randoop.jodatime.RandoopTest3.test375=1774270, randoop.jodatime.RandoopTest3.test376=1932854, randoop.jodatime.RandoopTest3.test380=1859771, randoop.jodatime.RandoopTest3.test381=1947401, randoop.jodatime.RandoopTest3.test382=1846139, randoop.jodatime.RandoopTest3.test383=1943353, randoop.jodatime.RandoopTest3.test389=1917404, randoop.jodatime.RandoopTest3.test398=2063745, randoop.jodatime.RandoopTest3.test403=1986308, randoop.jodatime.RandoopTest3.test407=2322824, randoop.jodatime.RandoopTest3.test409=2668980, randoop.jodatime.RandoopTest3.test411=2170778, randoop.jodatime.RandoopTest3.test413=5306447, randoop.jodatime.RandoopTest3.test417=4616995, randoop.jodatime.RandoopTest3.test418=2150754, randoop.jodatime.RandoopTest3.test419=2266822, randoop.jodatime.RandoopTest3.test420=4132464, randoop.jodatime.RandoopTest3.test424=3525875, randoop.jodatime.RandoopTest3.test426=1858137, randoop.jodatime.RandoopTest3.test432=3736624, randoop.jodatime.RandoopTest3.test434=4982678, randoop.jodatime.RandoopTest3.test435=1875668, randoop.jodatime.RandoopTest3.test441=3859579, randoop.jodatime.RandoopTest3.test442=3744066, randoop.jodatime.RandoopTest3.test445=3536453, randoop.jodatime.RandoopTest3.test446=2092406, randoop.jodatime.RandoopTest3.test447=3210936, randoop.jodatime.RandoopTest3.test451=3854386, randoop.jodatime.RandoopTest3.test452=1972942, randoop.jodatime.RandoopTest3.test454=3815597, randoop.jodatime.RandoopTest3.test455=3379965, randoop.jodatime.RandoopTest3.test457=2879165, randoop.jodatime.RandoopTest3.test462=2504280, randoop.jodatime.RandoopTest3.test467=3525178, randoop.jodatime.RandoopTest3.test470=2960286, randoop.jodatime.RandoopTest3.test471=2761752, randoop.jodatime.RandoopTest3.test481=2341765, randoop.jodatime.RandoopTest3.test487=2794934, randoop.jodatime.RandoopTest3.test492=2843334, randoop.jodatime.RandoopTest3.test496=2373029, randoop.jodatime.RandoopTest3.test497=2811380, randoop.jodatime.RandoopTest3.test498=3358541, randoop.jodatime.RandoopTest4.test4=3660698, randoop.jodatime.RandoopTest4.test5=4352822, randoop.jodatime.RandoopTest4.test13=3221622, randoop.jodatime.RandoopTest4.test15=3273584, randoop.jodatime.RandoopTest4.test138=2803740, randoop.jodatime.RandoopTest4.test207=3002060, randoop.jodatime.RandoopTest4.test259=2834518, randoop.jodatime.RandoopTest4.test291=3070602, randoop.jodatime.RandoopTest4.test315=2719773, randoop.jodatime.RandoopTest4.test369=3136957, randoop.jodatime.RandoopTest4.test434=2807255, randoop.jodatime.RandoopTest5.test35=1757806, randoop.jodatime.RandoopTest5.test65=8381233, randoop.jodatime.RandoopTest0.test261=1927299, randoop.jodatime.RandoopTest0.test1=1841147, randoop.jodatime.RandoopTest0.test16=13791247, randoop.jodatime.RandoopTest2.test174=2621110, randoop.jodatime.RandoopTest0.test254=3060194, randoop.jodatime.RandoopTest0.test388=2158897, randoop.jodatime.RandoopTest2.test18=2130437, randoop.jodatime.RandoopTest2.test394=2534156, randoop.jodatime.RandoopTest1.test492=2236006, randoop.jodatime.RandoopTest2.test406=2528271, randoop.jodatime.RandoopTest0.test118=1937869, randoop.jodatime.RandoopTest2.test475=2305713, randoop.jodatime.RandoopTest4.test129=2691771, randoop.jodatime.RandoopTest4.test1=2651677, randoop.jodatime.RandoopTest0.test2=2064232, randoop.jodatime.RandoopTest4.test162=79249802, randoop.jodatime.RandoopTest1.test154=2432722, randoop.jodatime.RandoopTest4.test451=2493828, randoop.jodatime.RandoopTest0.test21=1827652, randoop.jodatime.RandoopTest4.test455=2614861, randoop.jodatime.RandoopTest4.test341=2387007, randoop.jodatime.RandoopTest4.test439=2546624, randoop.jodatime.RandoopTest5.test95=885264, randoop.jodatime.RandoopTest0.test12=1889166, randoop.jodatime.RandoopTest4.test41=2316248, randoop.jodatime.RandoopTest1.test337=2419264, randoop.jodatime.RandoopTest2.test321=2747681, randoop.jodatime.RandoopTest4.test240=2539430, randoop.jodatime.RandoopTest4.test390=2382151, randoop.jodatime.RandoopTest1.test349=1970217, randoop.jodatime.RandoopTest5.test64=892535, randoop.jodatime.RandoopTest4.test353=2303112, randoop.jodatime.RandoopTest2.test403=2191294, randoop.jodatime.RandoopTest4.test431=2032082, randoop.jodatime.RandoopTest4.test448=2163557, randoop.jodatime.RandoopTest0.test319=1821675, randoop.jodatime.RandoopTest1.test73=2292984, randoop.jodatime.RandoopTest2.test291=2264742, randoop.jodatime.RandoopTest2.test67=2495954, randoop.jodatime.RandoopTest2.test215=2220066, randoop.jodatime.RandoopTest0.test55=1958562, randoop.jodatime.RandoopTest5.test71=889722, randoop.jodatime.RandoopTest4.test470=2174321, randoop.jodatime.RandoopTest0.test34=1956492, randoop.jodatime.RandoopTest4.test413=2115044, randoop.jodatime.RandoopTest5.test138=793357, randoop.jodatime.RandoopTest1.test91=2234245, randoop.jodatime.RandoopTest4.test363=2132589, randoop.jodatime.RandoopTest2.test206=2242800, randoop.jodatime.RandoopTest4.test394=2107636, randoop.jodatime.RandoopTest3.test261=2148460, randoop.jodatime.RandoopTest3.test353=2016890, randoop.jodatime.RandoopTest0.test109=1982873, randoop.jodatime.RandoopTest2.test332=2269213, randoop.jodatime.RandoopTest0.test122=1946080, randoop.jodatime.RandoopTest4.test272=2121953, randoop.jodatime.RandoopTest2.test115=2109498, randoop.jodatime.RandoopTest4.test46=2246611, randoop.jodatime.RandoopTest5.test21=893830, randoop.jodatime.RandoopTest2.test39=2069418, randoop.jodatime.RandoopTest4.test18=2208717, randoop.jodatime.RandoopTest5.test69=810838, randoop.jodatime.RandoopTest5.test134=1173062, randoop.jodatime.RandoopTest3.test217=2257444, randoop.jodatime.RandoopTest2.test61=2197645, randoop.jodatime.RandoopTest2.test268=2197238, randoop.jodatime.RandoopTest1.test175=2276353, randoop.jodatime.RandoopTest4.test419=1985363, randoop.jodatime.RandoopTest5.test10=884515, randoop.jodatime.RandoopTest4.test464=2093549, randoop.jodatime.RandoopTest1.test216=2313484, randoop.jodatime.RandoopTest2.test200=2250076, randoop.jodatime.RandoopTest3.test244=2105241, randoop.jodatime.RandoopTest4.test274=2512506, randoop.jodatime.RandoopTest4.test403=2445118, randoop.jodatime.RandoopTest4.test320=2391769, randoop.jodatime.RandoopTest4.test216=2351482, randoop.jodatime.RandoopTest1.test56=2329928, randoop.jodatime.RandoopTest5.test100=848421, randoop.jodatime.RandoopTest1.test214=2776167, randoop.jodatime.RandoopTest4.test81=2228615, randoop.jodatime.RandoopTest4.test198=2366861, randoop.jodatime.RandoopTest4.test237=3237919, randoop.jodatime.RandoopTest1.test77=2499320, randoop.jodatime.RandoopTest4.test261=2169483, randoop.jodatime.RandoopTest2.test161=2285066, randoop.jodatime.RandoopTest5.test118=846292, randoop.jodatime.RandoopTest1.test416=2191556, randoop.jodatime.RandoopTest0.test437=2127575, randoop.jodatime.RandoopTest2.test405=2341011, randoop.jodatime.RandoopTest1.test378=2219901, randoop.jodatime.RandoopTest2.test433=2279941, randoop.jodatime.RandoopTest0.test71=2166780, randoop.jodatime.RandoopTest5.test120=860730, randoop.jodatime.RandoopTest4.test127=2079427, randoop.jodatime.RandoopTest4.test125=2172092, randoop.jodatime.RandoopTest4.test69=2200738, randoop.jodatime.RandoopTest4.test443=5705581, randoop.jodatime.RandoopTest2.test340=2258861, randoop.jodatime.RandoopTest0.test391=2041282, randoop.jodatime.RandoopTest4.test379=2139656, randoop.jodatime.RandoopTest4.test257=2260965, randoop.jodatime.RandoopTest4.test147=2349638, randoop.jodatime.RandoopTest2.test75=2072107, randoop.jodatime.RandoopTest2.test120=2017130, randoop.jodatime.RandoopTest3.test478=2128259, randoop.jodatime.RandoopTest4.test430=2218697, randoop.jodatime.RandoopTest4.test476=2209833, randoop.jodatime.RandoopTest3.test370=2008529, randoop.jodatime.RandoopTest1.test385=2171137, randoop.jodatime.RandoopTest1.test211=1999769, randoop.jodatime.RandoopTest4.test269=2077575, randoop.jodatime.RandoopTest4.test238=2256359, randoop.jodatime.RandoopTest4.test68=2168335, randoop.jodatime.RandoopTest0.test134=1920887, randoop.jodatime.RandoopTest1.test228=2191994, randoop.jodatime.RandoopTest1.test312=2112190, randoop.jodatime.RandoopTest2.test203=2217277, randoop.jodatime.RandoopTest4.test376=2466623, randoop.jodatime.RandoopTest1.test162=1971964, randoop.jodatime.RandoopTest0.test424=2154690, randoop.jodatime.RandoopTest4.test2=1958836, randoop.jodatime.RandoopTest0.test404=2101277, randoop.jodatime.RandoopTest4.test12=2055626, randoop.jodatime.RandoopTest1.test298=2249036, randoop.jodatime.RandoopTest4.test117=2042646, randoop.jodatime.RandoopTest2.test183=1877901, randoop.jodatime.RandoopTest4.test289=1919178, randoop.jodatime.RandoopTest4.test273=2531318, randoop.jodatime.RandoopTest5.test77=682113, randoop.jodatime.RandoopTest4.test122=2299797, randoop.jodatime.RandoopTest0.test32=1849916, randoop.jodatime.RandoopTest4.test250=2067531, randoop.jodatime.RandoopTest2.test312=2084621, randoop.jodatime.RandoopTest4.test20=2486229, randoop.jodatime.RandoopTest1.test98=2181711, randoop.jodatime.RandoopTest4.test74=2109550, randoop.jodatime.RandoopTest5.test66=765718, randoop.jodatime.RandoopTest4.test364=2117680, randoop.jodatime.RandoopTest4.test135=1930349, randoop.jodatime.RandoopTest2.test386=2043648, randoop.jodatime.RandoopTest2.test133=2226282, randoop.jodatime.RandoopTest5.test60=840915, randoop.jodatime.RandoopTest1.test157=1990169, randoop.jodatime.RandoopTest2.test80=2012406, randoop.jodatime.RandoopTest3.test91=1903218, randoop.jodatime.RandoopTest0.test356=1945944, randoop.jodatime.RandoopTest1.test490=2076619, randoop.jodatime.RandoopTest4.test170=1891100, randoop.jodatime.RandoopTest3.test228=1962669, randoop.jodatime.RandoopTest1.test262=2041692, randoop.jodatime.RandoopTest2.test43=2082177, randoop.jodatime.RandoopTest2.test98=2236627, randoop.jodatime.RandoopTest4.test230=2010901, randoop.jodatime.RandoopTest4.test386=2035069, randoop.jodatime.RandoopTest3.test37=2017833, randoop.jodatime.RandoopTest1.test357=1846869, randoop.jodatime.RandoopTest1.test280=2049375, randoop.jodatime.RandoopTest0.test175=1815667, randoop.jodatime.RandoopTest3.test480=1872149, randoop.jodatime.RandoopTest4.test391=2002588, randoop.jodatime.RandoopTest2.test23=2005831, randoop.jodatime.RandoopTest3.test473=1840016, randoop.jodatime.RandoopTest1.test96=2054350, randoop.jodatime.RandoopTest5.test126=808142, randoop.jodatime.RandoopTest1.test420=2122749, randoop.jodatime.RandoopTest1.test82=2077705, randoop.jodatime.RandoopTest1.test57=2039937, randoop.jodatime.RandoopTest1.test481=2070913, randoop.jodatime.RandoopTest4.test141=2277151, randoop.jodatime.RandoopTest4.test143=2100904, randoop.jodatime.RandoopTest2.test103=2265183, randoop.jodatime.RandoopTest2.test111=2052351, randoop.jodatime.RandoopTest2.test355=2026075, randoop.jodatime.RandoopTest4.test107=2154288, randoop.jodatime.RandoopTest1.test24=2343652, randoop.jodatime.RandoopTest5.test136=865024, randoop.jodatime.RandoopTest4.test218=1925666, randoop.jodatime.RandoopTest1.test267=2029040, randoop.jodatime.RandoopTest4.test48=2012548, randoop.jodatime.RandoopTest1.test46=2329370, randoop.jodatime.RandoopTest1.test74=2058663, randoop.jodatime.RandoopTest4.test467=2177321, randoop.jodatime.RandoopTest1.test43=1827948, randoop.jodatime.RandoopTest0.test120=1966283, randoop.jodatime.RandoopTest4.test254=1969393, randoop.jodatime.RandoopTest1.test104=1968472, randoop.jodatime.RandoopTest2.test95=2028915, randoop.jodatime.RandoopTest0.test183=1804940, randoop.jodatime.RandoopTest2.test471=2054363, randoop.jodatime.RandoopTest4.test26=1989058, randoop.jodatime.RandoopTest3.test453=2033481, randoop.jodatime.RandoopTest0.test454=1981904, randoop.jodatime.RandoopTest1.test470=2207996, randoop.jodatime.RandoopTest0.test170=2755424, randoop.jodatime.RandoopTest2.test489=2323278, randoop.jodatime.RandoopTest0.test24=2558846, randoop.jodatime.RandoopTest2.test443=2673015, randoop.jodatime.RandoopTest3.test393=3326459, randoop.jodatime.RandoopTest0.test343=2349828, randoop.jodatime.RandoopTest1.test250=2727334, randoop.jodatime.RandoopTest4.test203=2593188, randoop.jodatime.RandoopTest4.test54=2285957, randoop.jodatime.RandoopTest0.test368=2691685, randoop.jodatime.RandoopTest0.test499=2794113, randoop.jodatime.RandoopTest3.test416=2769570, randoop.jodatime.RandoopTest3.test422=2347458, randoop.jodatime.RandoopTest2.test323=2746552, randoop.jodatime.RandoopTest2.test277=3007502, randoop.jodatime.RandoopTest2.test478=2762030, randoop.jodatime.RandoopTest4.test33=2453104, randoop.jodatime.RandoopTest2.test454=2883703, randoop.jodatime.RandoopTest2.test473=2592730, randoop.jodatime.RandoopTest2.test59=2894304, randoop.jodatime.RandoopTest1.test455=2469685, randoop.jodatime.RandoopTest5.test53=996699, randoop.jodatime.RandoopTest2.test118=2497246, randoop.jodatime.RandoopTest1.test444=2834664, randoop.jodatime.RandoopTest3.test221=2964058}