Test: org.joda.time.TestPeriodType.testForFields4
Intended behavior: FAILURE
when executed after: [org.joda.time.TestPeriodType.testForFields3]
The revealed different behavior: PASS
when executed after: []

Test: org.joda.time.TestLocalDate_Constructors.testConstructor_ObjectStringEx5
Intended behavior: FAILURE
when executed after: [org.joda.time.TestDateTime_Basics.testWithZoneRetainFields_DateTimeZone]
The revealed different behavior: PASS
when executed after: []

Test: org.joda.time.TestDateTime_Basics.testWithZoneRetainFields_DateTimeZone
Intended behavior: FAILURE
when executed after: [org.joda.time.TestDateTimeZone.testProvider]
The revealed different behavior: PASS
when executed after: []

Test: org.joda.time.TestMutablePeriod_Updates.testSetPeriod_long1
Intended behavior: FAILURE
when executed after: [org.joda.time.TestLocalDate_Constructors.testConstructor_ObjectStringEx5]
The revealed different behavior: PASS
when executed after: []

Test: org.joda.time.TestPartial_Constructors.testConstructorEx3_TypeArray_intArray
Intended behavior: FAILURE
when executed after: [org.joda.time.TestMutablePeriod_Updates.testSetPeriod_long1]
The revealed different behavior: PASS
when executed after: []

Test: org.joda.time.TestDateTimeZone.testProvider
Intended behavior: FAILURE
when executed after: [org.joda.time.TestDateMidnight_Basics.testWithZoneRetainFields_DateTimeZone]
The revealed different behavior: PASS
when executed after: []

Test: org.joda.time.TestDateMidnight_Basics.testWithZoneRetainFields_DateTimeZone
Intended behavior: FAILURE
when executed after: [org.joda.time.TestDateTime_Basics.testToDateTime_DateTimeZone]
The revealed different behavior: PASS
when executed after: []

