The following arguments were used to generate this output.
[-technique, parallelization, -order, original, -origOrder, crystal-orig-order, -testInputDir, /homes/gws/winglam/winglam/dependent-tests-impact/experiments/crystalvc//sootTestOutput-orig, -filesToDelete, crystal-env-files, -project, Crystal, -testType, orig, -numOfMachines, 8, -outputDir, /homes/gws/winglam/winglam/dependent-tests-impact/experiments/parallelization-results, -timesToRun, 1, -dependentTestFile, /homes/gws/winglam/winglam/dependent-tests-impact/experiments/parallelization-dt-list/parallelization-Crystal-orig-8-original.txt]

Execution time of TLG and its time to find/nullify any DTs for 1 machine (does not include the time to run the tests in the new order): 0.171
Number of tests selected out of total in original order: 8 / 63
Number of DTs not fixed: 0
Number of DTs fixed: 0
Execution time for executing the following testing order: 0.017

Test order list:
[crystal.client.ClientPreferencesTest.testNullInputConstructor, crystal.client.ClientPreferencesTest.testClientPreferences, crystal.client.ClientPreferencesTest.testDefaultSetting, crystal.client.ClientPreferencesTest.testDuplicateAddProjectPreferences, crystal.client.ClientPreferencesTest.testAddProjectPreferences, crystal.client.ClientPreferencesTest.testDuplicateProject, crystal.client.ClientPreferencesTest.testRemoveProjectPreferences, crystal.client.ClientPreferencesTest.testRemoveProjectPreferencesAtIndex]

Time each test takes to run in the new order:
[14394068, 322652, 336428, 571278, 236331, 234064, 260883, 260673]

Dependent test list:
[Test: crystal.model.DataSourceTest.testSetHistory, Intended behavior: FAILURE, when executed after: [crystal.model.DataSourceTest.testToString], The revealed different behavior: PASS, when executed after: [], Test: crystal.model.DataSourceTest.testToString, Intended behavior: FAILURE, when executed after: [crystal.model.DataSourceTest.testSetField], The revealed different behavior: PASS, when executed after: []]
--------------------------
Execution time of TLG and its time to find/nullify any DTs for 1 machine (does not include the time to run the tests in the new order): 0.222
Number of tests selected out of total in original order: 8 / 63
Number of DTs not fixed: 0
Number of DTs fixed: 0
Execution time for executing the following testing order: 0.068

Test order list:
[crystal.client.ClientPreferencesTest.testClone, crystal.client.ConflictDaemonTest.testAddListener, crystal.client.ConflictDaemonTest.testGetInstance, crystal.client.ConflictDaemonTest.testLocalState, crystal.client.ConflictDaemonTest.testRelationship, crystal.client.ProjectPreferencesTest.testClone, crystal.client.ProjectPreferencesTest.testProjectPreferences, crystal.client.ProjectPreferencesTest.testDuplicateAddDataSource]

Time each test takes to run in the new order:
[18139466, 2852143, 181559, 29465548, 16528400, 273259, 181980, 362693]

Dependent test list:
[Test: crystal.model.DataSourceTest.testSetHistory, Intended behavior: FAILURE, when executed after: [crystal.model.DataSourceTest.testToString], The revealed different behavior: PASS, when executed after: [], Test: crystal.model.DataSourceTest.testToString, Intended behavior: FAILURE, when executed after: [crystal.model.DataSourceTest.testSetField], The revealed different behavior: PASS, when executed after: []]
--------------------------
Execution time of TLG and its time to find/nullify any DTs for 1 machine (does not include the time to run the tests in the new order): 0.298
Number of tests selected out of total in original order: 9 / 63
Number of DTs not fixed: 0
Number of DTs fixed: 0
Execution time for executing the following testing order: 0.159

Test order list:
[crystal.client.ProjectPreferencesTest.testAddDataSource, crystal.client.ProjectPreferencesTest.testGetNumOfVisibleSources, crystal.client.ProjectPreferencesTest.testRemoveDataSource, crystal.client.ProjectPreferencesTest.testGetProjectCheckoutLocation, crystal.model.DataSourceTest.testClone, crystal.model.DataSourceTest.testSetField, crystal.model.DataSourceTest.testToString, crystal.model.DataSourceTest.testSetHistory, crystal.model.DataSourceTest.testSetRemoteCmd]

Time each test takes to run in the new order:
[13737502, 252152, 259977, 1575763, 266877, 202762, 200151, 142090594, 228643]

Dependent test list:
[Test: crystal.model.DataSourceTest.testSetHistory, Intended behavior: FAILURE, when executed after: [crystal.model.DataSourceTest.testToString], The revealed different behavior: PASS, when executed after: [], Test: crystal.model.DataSourceTest.testToString, Intended behavior: FAILURE, when executed after: [crystal.model.DataSourceTest.testSetField], The revealed different behavior: PASS, when executed after: []]
--------------------------
Execution time of TLG and its time to find/nullify any DTs for 1 machine (does not include the time to run the tests in the new order): 0.211
Number of tests selected out of total in original order: 9 / 63
Number of DTs not fixed: 6
Number of DTs fixed: 0
Execution time for executing the following testing order: 0.014

Test order list:
[crystal.model.DataSourceTest.testSetCompileCommand, crystal.model.DataSourceTest.testSetEnabled, crystal.model.DataSourceTest.testIsHidden, crystal.model.DataSourceTest.testSetParent, crystal.model.DataSourceTest.testSetKind, crystal.model.DataSourceTest.testSetCloneString, crystal.model.DataSourceTest.testSetField, crystal.model.DataSourceTest.testToString, crystal.model.LocalStateResultTest.testStrangeActionName]

Time each test takes to run in the new order:
[8261796, 451385, 451692, 493833, 611399, 625824, 790605, 1244615, 965278]

DTs not fixed are:
[crystal.model.DataSourceTest.testIsHidden, crystal.model.DataSourceTest.testSetKind, crystal.model.DataSourceTest.testSetCompileCommand, crystal.model.DataSourceTest.testSetParent, crystal.model.DataSourceTest.testSetEnabled, crystal.model.DataSourceTest.testSetCloneString]

Dependent test list:
[Test: crystal.model.DataSourceTest.testSetHistory, Intended behavior: FAILURE, when executed after: [crystal.model.DataSourceTest.testToString], The revealed different behavior: PASS, when executed after: [], Test: crystal.model.DataSourceTest.testToString, Intended behavior: FAILURE, when executed after: [crystal.model.DataSourceTest.testSetField], The revealed different behavior: PASS, when executed after: []]
--------------------------
Execution time of TLG and its time to find/nullify any DTs for 1 machine (does not include the time to run the tests in the new order): 0.173
Number of tests selected out of total in original order: 8 / 63
Number of DTs not fixed: 0
Number of DTs fixed: 0
Execution time for executing the following testing order: 0.018

Test order list:
[crystal.model.LocalStateResultTest.testErrorActionNameConstructor, crystal.model.LocalStateResultTest.testGetAction, crystal.model.LocalStateResultTest.testGetLastAction, crystal.model.LocalStateResultTest.testGetName, crystal.model.LocalStateResultTest.testGetNoErrorMessage, crystal.model.LocalStateResultTest.testGetLastErrorMessage, crystal.model.LocalStateResultTest.testGetLocalState, crystal.model.LocalStateResultTest.testGetLastLocalState]

Time each test takes to run in the new order:
[12448584, 1990655, 709477, 526947, 478939, 522091, 552345, 430068]

Dependent test list:
[Test: crystal.model.DataSourceTest.testSetHistory, Intended behavior: FAILURE, when executed after: [crystal.model.DataSourceTest.testToString], The revealed different behavior: PASS, when executed after: [], Test: crystal.model.DataSourceTest.testToString, Intended behavior: FAILURE, when executed after: [crystal.model.DataSourceTest.testSetField], The revealed different behavior: PASS, when executed after: []]
--------------------------
Execution time of TLG and its time to find/nullify any DTs for 1 machine (does not include the time to run the tests in the new order): 0.310
Number of tests selected out of total in original order: 8 / 63
Number of DTs not fixed: 0
Number of DTs fixed: 0
Execution time for executing the following testing order: 0.165

Test order list:
[crystal.model.LocalStateResultTest.testToString, crystal.model.RelationshipTest.testStrangeNameConstructor, crystal.model.RelationshipTest.testConstructor, crystal.model.RelationshipTest.testCalculateAction, crystal.model.RelationshipTest.testGetActionRepoKind, crystal.model.RelationshipTest.testGetDominant, crystal.model.RelationshipTest.testEqualsObject, crystal.model.RevisionHistoryTest.testEqualsObject]

Time each test takes to run in the new order:
[8467687, 1101437, 21197323, 979062, 635807, 762806, 589950, 131516277]

Dependent test list:
[Test: crystal.model.DataSourceTest.testSetHistory, Intended behavior: FAILURE, when executed after: [crystal.model.DataSourceTest.testToString], The revealed different behavior: PASS, when executed after: [], Test: crystal.model.DataSourceTest.testToString, Intended behavior: FAILURE, when executed after: [crystal.model.DataSourceTest.testSetField], The revealed different behavior: PASS, when executed after: []]
--------------------------
Execution time of TLG and its time to find/nullify any DTs for 1 machine (does not include the time to run the tests in the new order): 0.416
Number of tests selected out of total in original order: 8 / 63
Number of DTs not fixed: 0
Number of DTs fixed: 0
Execution time for executing the following testing order: 0.202

Test order list:
[crystal.model.RevisionHistoryTest.testSuperSubHistory, crystal.model.RevisionHistoryTest.testGetCommitters, crystal.server.GuidanceCheckerTest.testGetCommitters, crystal.server.GuidanceCheckerTest.testGetWhen, crystal.server.HgLogParserTest.testParseNullLog, crystal.server.HgLogParserTest.testParseLog, crystal.server.HgLogParserTest.testSingleLog, crystal.server.HgLogParserTest.testTwoLogs]

Time each test takes to run in the new order:
[138420267, 39147808, 1420172, 18199234, 731082, 3310790, 362706, 404206]

Dependent test list:
[Test: crystal.model.DataSourceTest.testSetHistory, Intended behavior: FAILURE, when executed after: [crystal.model.DataSourceTest.testToString], The revealed different behavior: PASS, when executed after: [], Test: crystal.model.DataSourceTest.testToString, Intended behavior: FAILURE, when executed after: [crystal.model.DataSourceTest.testSetField], The revealed different behavior: PASS, when executed after: []]
--------------------------
Execution time of TLG and its time to find/nullify any DTs for 1 machine (does not include the time to run the tests in the new order): 0.180
Number of tests selected out of total in original order: 7 / 63
Number of DTs not fixed: 0
Number of DTs fixed: 0
Execution time for executing the following testing order: 0.028

Test order list:
[crystal.util.SetOperationsTest.testNullIntersection, crystal.util.SetOperationsTest.testIntersection, crystal.util.SetOperationsTest.testNullUnion, crystal.util.SetOperationsTest.testUnion, crystal.util.SetOperationsTest.testSetDifference, crystal.util.SetOperationsTest.testXor, crystal.util.SpringLayoutUtilityTest.testInvalidPanelParameter]

Time each test takes to run in the new order:
[8726257, 958063, 474492, 210343, 212895, 230864, 17174408]

Dependent test list:
[Test: crystal.model.DataSourceTest.testSetHistory, Intended behavior: FAILURE, when executed after: [crystal.model.DataSourceTest.testToString], The revealed different behavior: PASS, when executed after: [], Test: crystal.model.DataSourceTest.testToString, Intended behavior: FAILURE, when executed after: [crystal.model.DataSourceTest.testSetField], The revealed different behavior: PASS, when executed after: []]
--------------------------
Total time (of all machines and iterations plus initial TestListGenerator): 0.683
New order time: 0.202
Total number of tests executed in all machines out of total in original order: 65 / 63