The following arguments were used to generate this output.
[-technique, parallelization, -order, original, -origOrder, jodatime-auto-order, -testInputDir, sootTestOutput-auto, -filesToDelete, jodatime-env-files, -project, Joda-Time, -testType, auto, -numOfMachines, 16, -outputDir, /home/winglam/dt-copy3/dependent-tests-impact/experiments/parallelization-results, -timesToRun, 1, -dependentTestFile, /home/winglam/dt-copy3/dependent-tests-impact/experiments/parallelization-dt-list/parallelization-Joda-Time-auto-16-original.txt, -resolveDependences]

Execution time of TLG and its time to find/nullify any DTs for 1 machine (does not include the time to run the tests in the new order): 1.091
Number of tests selected out of total in original order: 139 / 2211
Number of DTs not fixed: 0
Number of DTs fixed: 0
Execution time for executing the following testing order: 0.937

Test order list:
[randoop.jodatime.RandoopTest0.test1, randoop.jodatime.RandoopTest0.test2, randoop.jodatime.RandoopTest0.test3, randoop.jodatime.RandoopTest0.test4, randoop.jodatime.RandoopTest0.test5, randoop.jodatime.RandoopTest0.test6, randoop.jodatime.RandoopTest0.test7, randoop.jodatime.RandoopTest0.test8, randoop.jodatime.RandoopTest0.test9, randoop.jodatime.RandoopTest0.test10, randoop.jodatime.RandoopTest0.test11, randoop.jodatime.RandoopTest0.test12, randoop.jodatime.RandoopTest0.test13, randoop.jodatime.RandoopTest0.test14, randoop.jodatime.RandoopTest0.test15, randoop.jodatime.RandoopTest0.test16, randoop.jodatime.RandoopTest0.test17, randoop.jodatime.RandoopTest0.test18, randoop.jodatime.RandoopTest0.test19, randoop.jodatime.RandoopTest0.test20, randoop.jodatime.RandoopTest0.test21, randoop.jodatime.RandoopTest0.test22, randoop.jodatime.RandoopTest0.test23, randoop.jodatime.RandoopTest0.test24, randoop.jodatime.RandoopTest0.test25, randoop.jodatime.RandoopTest0.test26, randoop.jodatime.RandoopTest0.test27, randoop.jodatime.RandoopTest0.test28, randoop.jodatime.RandoopTest0.test29, randoop.jodatime.RandoopTest0.test31, randoop.jodatime.RandoopTest0.test32, randoop.jodatime.RandoopTest0.test33, randoop.jodatime.RandoopTest0.test34, randoop.jodatime.RandoopTest0.test35, randoop.jodatime.RandoopTest0.test36, randoop.jodatime.RandoopTest0.test37, randoop.jodatime.RandoopTest0.test39, randoop.jodatime.RandoopTest0.test40, randoop.jodatime.RandoopTest0.test41, randoop.jodatime.RandoopTest0.test42, randoop.jodatime.RandoopTest0.test43, randoop.jodatime.RandoopTest0.test44, randoop.jodatime.RandoopTest0.test45, randoop.jodatime.RandoopTest0.test46, randoop.jodatime.RandoopTest0.test47, randoop.jodatime.RandoopTest0.test48, randoop.jodatime.RandoopTest0.test49, randoop.jodatime.RandoopTest0.test50, randoop.jodatime.RandoopTest0.test51, randoop.jodatime.RandoopTest0.test53, randoop.jodatime.RandoopTest0.test54, randoop.jodatime.RandoopTest0.test55, randoop.jodatime.RandoopTest0.test56, randoop.jodatime.RandoopTest0.test57, randoop.jodatime.RandoopTest0.test58, randoop.jodatime.RandoopTest0.test59, randoop.jodatime.RandoopTest0.test60, randoop.jodatime.RandoopTest0.test61, randoop.jodatime.RandoopTest0.test63, randoop.jodatime.RandoopTest0.test64, randoop.jodatime.RandoopTest0.test65, randoop.jodatime.RandoopTest0.test66, randoop.jodatime.RandoopTest0.test67, randoop.jodatime.RandoopTest0.test68, randoop.jodatime.RandoopTest0.test69, randoop.jodatime.RandoopTest0.test71, randoop.jodatime.RandoopTest0.test73, randoop.jodatime.RandoopTest0.test74, randoop.jodatime.RandoopTest0.test75, randoop.jodatime.RandoopTest0.test76, randoop.jodatime.RandoopTest0.test77, randoop.jodatime.RandoopTest0.test78, randoop.jodatime.RandoopTest0.test79, randoop.jodatime.RandoopTest0.test81, randoop.jodatime.RandoopTest0.test82, randoop.jodatime.RandoopTest0.test83, randoop.jodatime.RandoopTest0.test84, randoop.jodatime.RandoopTest0.test86, randoop.jodatime.RandoopTest0.test87, randoop.jodatime.RandoopTest0.test88, randoop.jodatime.RandoopTest0.test91, randoop.jodatime.RandoopTest0.test92, randoop.jodatime.RandoopTest0.test93, randoop.jodatime.RandoopTest0.test94, randoop.jodatime.RandoopTest0.test95, randoop.jodatime.RandoopTest0.test96, randoop.jodatime.RandoopTest0.test98, randoop.jodatime.RandoopTest0.test101, randoop.jodatime.RandoopTest0.test102, randoop.jodatime.RandoopTest0.test103, randoop.jodatime.RandoopTest0.test104, randoop.jodatime.RandoopTest0.test105, randoop.jodatime.RandoopTest0.test106, randoop.jodatime.RandoopTest0.test107, randoop.jodatime.RandoopTest0.test108, randoop.jodatime.RandoopTest0.test109, randoop.jodatime.RandoopTest0.test110, randoop.jodatime.RandoopTest0.test111, randoop.jodatime.RandoopTest0.test112, randoop.jodatime.RandoopTest0.test113, randoop.jodatime.RandoopTest0.test114, randoop.jodatime.RandoopTest0.test115, randoop.jodatime.RandoopTest0.test116, randoop.jodatime.RandoopTest0.test117, randoop.jodatime.RandoopTest0.test118, randoop.jodatime.RandoopTest0.test119, randoop.jodatime.RandoopTest0.test120, randoop.jodatime.RandoopTest0.test121, randoop.jodatime.RandoopTest0.test122, randoop.jodatime.RandoopTest0.test123, randoop.jodatime.RandoopTest0.test125, randoop.jodatime.RandoopTest0.test127, randoop.jodatime.RandoopTest0.test128, randoop.jodatime.RandoopTest0.test129, randoop.jodatime.RandoopTest0.test130, randoop.jodatime.RandoopTest0.test131, randoop.jodatime.RandoopTest0.test132, randoop.jodatime.RandoopTest0.test133, randoop.jodatime.RandoopTest0.test134, randoop.jodatime.RandoopTest0.test135, randoop.jodatime.RandoopTest0.test136, randoop.jodatime.RandoopTest0.test138, randoop.jodatime.RandoopTest0.test139, randoop.jodatime.RandoopTest0.test140, randoop.jodatime.RandoopTest0.test141, randoop.jodatime.RandoopTest0.test142, randoop.jodatime.RandoopTest0.test143, randoop.jodatime.RandoopTest0.test144, randoop.jodatime.RandoopTest0.test146, randoop.jodatime.RandoopTest0.test148, randoop.jodatime.RandoopTest0.test149, randoop.jodatime.RandoopTest0.test150, randoop.jodatime.RandoopTest0.test152, randoop.jodatime.RandoopTest0.test153, randoop.jodatime.RandoopTest0.test154, randoop.jodatime.RandoopTest0.test155, randoop.jodatime.RandoopTest0.test157, randoop.jodatime.RandoopTest0.test158, randoop.jodatime.RandoopTest0.test159]

Time each test takes to run in the new order:
[114699060, 33423810, 22449944, 21339446, 20405734, 24812126, 10804495, 11144096, 11117439, 15740554, 8331237, 8988008, 8267177, 7750349, 6739302, 21414946, 11464004, 8543342, 9107858, 7886162, 8468380, 7064574, 7789276, 8382862, 7158820, 7375638, 10341049, 10715220, 10924857, 10059096, 10590265, 9885117, 9916354, 9513352, 10074155, 9549586, 9462308, 13010915, 10272807, 9670349, 9639595, 10139191, 9714597, 9734306, 9664992, 9734023, 7152104, 4448979, 4275654, 4343030, 4375101, 4292578, 4366856, 6576078, 4534816, 4502118, 4653118, 5884793, 4623200, 6900276, 4493223, 4520093, 4509780, 4369749, 4163701, 4899873, 3869691, 3900322, 3909040, 3714718, 3245643, 4058256, 3636883, 3457283, 3102896, 2908707, 2942436, 3483676, 3495415, 2757016, 2770300, 5354442, 3197725, 2802946, 3321395, 3134269, 3267670, 2874599, 2941428, 2795513, 2749549, 2741630, 2801383, 2726820, 2699500, 2774081, 2891515, 3512613, 2603573, 3276888, 2401623, 2307312, 2330968, 2321852, 3403223, 2753965, 2844247, 2485930, 2338583, 2349722, 3057876, 2345687, 2173664, 2447060, 2407024, 2237781, 2427718, 2833137, 2300028, 2736076, 2374341, 2362989, 2205527, 2440634, 2485483, 4716269, 2213627, 2254199, 2240531, 2319779, 2180729, 2250244, 2647715, 2235790, 2170338, 2193224, 2243479, 2273858, 2262644]

Dependent test list:
[Test: randoop.jodatime.RandoopTest0.test196, Intended behavior: FAILURE, when executed after: [randoop.jodatime.RandoopTest0.test192], The revealed different behavior: PASS, when executed after: [], Test: randoop.jodatime.RandoopTest0.test192, Intended behavior: FAILURE, when executed after: [randoop.jodatime.RandoopTest0.test165], The revealed different behavior: PASS, when executed after: [], Test: randoop.jodatime.RandoopTest0.test165, Intended behavior: FAILURE, when executed after: [randoop.jodatime.RandoopTest0.test135], The revealed different behavior: PASS, when executed after: [], Test: randoop.jodatime.RandoopTest0.test360, Intended behavior: FAILURE, when executed after: [randoop.jodatime.RandoopTest0.test338], The revealed different behavior: PASS, when executed after: [], Test: randoop.jodatime.RandoopTest0.test338, Intended behavior: FAILURE, when executed after: [randoop.jodatime.RandoopTest0.test325], The revealed different behavior: PASS, when executed after: [], Test: randoop.jodatime.RandoopTest0.test325, Intended behavior: FAILURE, when executed after: [randoop.jodatime.RandoopTest0.test196], The revealed different behavior: PASS, when executed after: [], Test: randoop.jodatime.RandoopTest1.test235, Intended behavior: FAILURE, when executed after: [randoop.jodatime.RandoopTest1.test181], The revealed different behavior: PASS, when executed after: [], Test: randoop.jodatime.RandoopTest1.test181, Intended behavior: FAILURE, when executed after: [randoop.jodatime.RandoopTest0.test498], The revealed different behavior: PASS, when executed after: [], Test: randoop.jodatime.RandoopTest2.test36, Intended behavior: FAILURE, when executed after: [randoop.jodatime.RandoopTest2.test21], The revealed different behavior: PASS, when executed after: [], Test: randoop.jodatime.RandoopTest2.test77, Intended behavior: FAILURE, when executed after: [randoop.jodatime.RandoopTest1.test467], The revealed different behavior: PASS, when executed after: [], Test: randoop.jodatime.RandoopTest2.test21, Intended behavior: FAILURE, when executed after: [randoop.jodatime.RandoopTest1.test235], The revealed different behavior: PASS, when executed after: [], Test: randoop.jodatime.RandoopTest2.test254, Intended behavior: FAILURE, when executed after: [randoop.jodatime.RandoopTest2.test77], The revealed different behavior: PASS, when executed after: [], Test: randoop.jodatime.RandoopTest2.test243, Intended behavior: FAILURE, when executed after: [randoop.jodatime.RandoopTest2.test36], The revealed different behavior: PASS, when executed after: [], Test: randoop.jodatime.RandoopTest2.test490, Intended behavior: FAILURE, when executed after: [randoop.jodatime.RandoopTest2.test487], The revealed different behavior: PASS, when executed after: [], Test: randoop.jodatime.RandoopTest2.test487, Intended behavior: FAILURE, when executed after: [randoop.jodatime.RandoopTest2.test356], The revealed different behavior: PASS, when executed after: [], Test: randoop.jodatime.RandoopTest2.test356, Intended behavior: FAILURE, when executed after: [randoop.jodatime.RandoopTest2.test243], The revealed different behavior: PASS, when executed after: [], Test: randoop.jodatime.RandoopTest2.test474, Intended behavior: FAILURE, when executed after: [randoop.jodatime.RandoopTest2.test254], The revealed different behavior: PASS, when executed after: [], Test: randoop.jodatime.RandoopTest2.test493, Intended behavior: FAILURE, when executed after: [randoop.jodatime.RandoopTest2.test490], The revealed different behavior: PASS, when executed after: [], Test: randoop.jodatime.RandoopTest3.test195, Intended behavior: FAILURE, when executed after: [randoop.jodatime.RandoopTest3.test193], The revealed different behavior: PASS, when executed after: [], Test: randoop.jodatime.RandoopTest3.test193, Intended behavior: FAILURE, when executed after: [randoop.jodatime.RandoopTest3.test189], The revealed different behavior: PASS, when executed after: [], Test: randoop.jodatime.RandoopTest3.test189, Intended behavior: FAILURE, when executed after: [randoop.jodatime.RandoopTest3.test185], The revealed different behavior: PASS, when executed after: [], Test: randoop.jodatime.RandoopTest3.test185, Intended behavior: FAILURE, when executed after: [randoop.jodatime.RandoopTest3.test161], The revealed different behavior: PASS, when executed after: [], Test: randoop.jodatime.RandoopTest3.test161, Intended behavior: FAILURE, when executed after: [randoop.jodatime.RandoopTest2.test493], The revealed different behavior: PASS, when executed after: [], Test: randoop.jodatime.RandoopTest3.test389, Intended behavior: FAILURE, when executed after: [randoop.jodatime.RandoopTest3.test383], The revealed different behavior: PASS, when executed after: [], Test: randoop.jodatime.RandoopTest3.test383, Intended behavior: FAILURE, when executed after: [randoop.jodatime.RandoopTest3.test347], The revealed different behavior: PASS, when executed after: [], Test: randoop.jodatime.RandoopTest3.test347, Intended behavior: FAILURE, when executed after: [randoop.jodatime.RandoopTest3.test345], The revealed different behavior: PASS, when executed after: [], Test: randoop.jodatime.RandoopTest3.test345, Intended behavior: FAILURE, when executed after: [randoop.jodatime.RandoopTest3.test316], The revealed different behavior: PASS, when executed after: [], Test: randoop.jodatime.RandoopTest3.test316, Intended behavior: FAILURE, when executed after: [randoop.jodatime.RandoopTest3.test315], The revealed different behavior: PASS, when executed after: [], Test: randoop.jodatime.RandoopTest3.test315, Intended behavior: FAILURE, when executed after: [randoop.jodatime.RandoopTest3.test195], The revealed different behavior: PASS, when executed after: [], Test: randoop.jodatime.RandoopTest3.test496, Intended behavior: FAILURE, when executed after: [randoop.jodatime.RandoopTest3.test467], The revealed different behavior: PASS, when executed after: [], Test: randoop.jodatime.RandoopTest3.test467, Intended behavior: FAILURE, when executed after: [randoop.jodatime.RandoopTest3.test389], The revealed different behavior: PASS, when executed after: [], Test: randoop.jodatime.RandoopTest4.test259, Intended behavior: FAILURE, when executed after: [randoop.jodatime.RandoopTest4.test221], The revealed different behavior: PASS, when executed after: [], Test: randoop.jodatime.RandoopTest4.test221, Intended behavior: FAILURE, when executed after: [randoop.jodatime.RandoopTest4.test13], The revealed different behavior: PASS, when executed after: [], Test: randoop.jodatime.RandoopTest4.test401, Intended behavior: FAILURE, when executed after: [randoop.jodatime.RandoopTest4.test259], The revealed different behavior: PASS, when executed after: [], Test: randoop.jodatime.RandoopTest4.test434, Intended behavior: FAILURE, when executed after: [randoop.jodatime.RandoopTest4.test401], The revealed different behavior: PASS, when executed after: [], Test: randoop.jodatime.RandoopTest4.test13, Intended behavior: FAILURE, when executed after: [randoop.jodatime.RandoopTest3.test496], The revealed different behavior: PASS, when executed after: []]
--------------------------
Execution time of TLG and its time to find/nullify any DTs for 1 machine (does not include the time to run the tests in the new order): 1.071
Number of tests selected out of total in original order: 140 / 2211
Number of DTs not fixed: 0
Number of DTs fixed: 0
Execution time for executing the following testing order: 0.967

Test order list:
[randoop.jodatime.RandoopTest0.test160, randoop.jodatime.RandoopTest0.test161, randoop.jodatime.RandoopTest0.test162, randoop.jodatime.RandoopTest0.test163, randoop.jodatime.RandoopTest0.test164, randoop.jodatime.RandoopTest0.test135, randoop.jodatime.RandoopTest0.test165, randoop.jodatime.RandoopTest0.test166, randoop.jodatime.RandoopTest0.test167, randoop.jodatime.RandoopTest0.test168, randoop.jodatime.RandoopTest0.test169, randoop.jodatime.RandoopTest0.test170, randoop.jodatime.RandoopTest0.test171, randoop.jodatime.RandoopTest0.test172, randoop.jodatime.RandoopTest0.test173, randoop.jodatime.RandoopTest0.test174, randoop.jodatime.RandoopTest0.test175, randoop.jodatime.RandoopTest0.test176, randoop.jodatime.RandoopTest0.test177, randoop.jodatime.RandoopTest0.test180, randoop.jodatime.RandoopTest0.test181, randoop.jodatime.RandoopTest0.test182, randoop.jodatime.RandoopTest0.test183, randoop.jodatime.RandoopTest0.test184, randoop.jodatime.RandoopTest0.test185, randoop.jodatime.RandoopTest0.test188, randoop.jodatime.RandoopTest0.test189, randoop.jodatime.RandoopTest0.test190, randoop.jodatime.RandoopTest0.test192, randoop.jodatime.RandoopTest0.test193, randoop.jodatime.RandoopTest0.test195, randoop.jodatime.RandoopTest0.test196, randoop.jodatime.RandoopTest0.test197, randoop.jodatime.RandoopTest0.test198, randoop.jodatime.RandoopTest0.test199, randoop.jodatime.RandoopTest0.test200, randoop.jodatime.RandoopTest0.test201, randoop.jodatime.RandoopTest0.test202, randoop.jodatime.RandoopTest0.test203, randoop.jodatime.RandoopTest0.test204, randoop.jodatime.RandoopTest0.test205, randoop.jodatime.RandoopTest0.test206, randoop.jodatime.RandoopTest0.test207, randoop.jodatime.RandoopTest0.test208, randoop.jodatime.RandoopTest0.test209, randoop.jodatime.RandoopTest0.test210, randoop.jodatime.RandoopTest0.test211, randoop.jodatime.RandoopTest0.test212, randoop.jodatime.RandoopTest0.test213, randoop.jodatime.RandoopTest0.test214, randoop.jodatime.RandoopTest0.test215, randoop.jodatime.RandoopTest0.test216, randoop.jodatime.RandoopTest0.test217, randoop.jodatime.RandoopTest0.test218, randoop.jodatime.RandoopTest0.test219, randoop.jodatime.RandoopTest0.test220, randoop.jodatime.RandoopTest0.test221, randoop.jodatime.RandoopTest0.test222, randoop.jodatime.RandoopTest0.test223, randoop.jodatime.RandoopTest0.test224, randoop.jodatime.RandoopTest0.test225, randoop.jodatime.RandoopTest0.test226, randoop.jodatime.RandoopTest0.test228, randoop.jodatime.RandoopTest0.test229, randoop.jodatime.RandoopTest0.test230, randoop.jodatime.RandoopTest0.test232, randoop.jodatime.RandoopTest0.test233, randoop.jodatime.RandoopTest0.test234, randoop.jodatime.RandoopTest0.test235, randoop.jodatime.RandoopTest0.test237, randoop.jodatime.RandoopTest0.test238, randoop.jodatime.RandoopTest0.test239, randoop.jodatime.RandoopTest0.test240, randoop.jodatime.RandoopTest0.test241, randoop.jodatime.RandoopTest0.test242, randoop.jodatime.RandoopTest0.test243, randoop.jodatime.RandoopTest0.test244, randoop.jodatime.RandoopTest0.test246, randoop.jodatime.RandoopTest0.test247, randoop.jodatime.RandoopTest0.test248, randoop.jodatime.RandoopTest0.test249, randoop.jodatime.RandoopTest0.test250, randoop.jodatime.RandoopTest0.test251, randoop.jodatime.RandoopTest0.test252, randoop.jodatime.RandoopTest0.test254, randoop.jodatime.RandoopTest0.test255, randoop.jodatime.RandoopTest0.test256, randoop.jodatime.RandoopTest0.test257, randoop.jodatime.RandoopTest0.test258, randoop.jodatime.RandoopTest0.test259, randoop.jodatime.RandoopTest0.test260, randoop.jodatime.RandoopTest0.test261, randoop.jodatime.RandoopTest0.test262, randoop.jodatime.RandoopTest0.test263, randoop.jodatime.RandoopTest0.test264, randoop.jodatime.RandoopTest0.test266, randoop.jodatime.RandoopTest0.test267, randoop.jodatime.RandoopTest0.test269, randoop.jodatime.RandoopTest0.test270, randoop.jodatime.RandoopTest0.test271, randoop.jodatime.RandoopTest0.test272, randoop.jodatime.RandoopTest0.test273, randoop.jodatime.RandoopTest0.test274, randoop.jodatime.RandoopTest0.test275, randoop.jodatime.RandoopTest0.test276, randoop.jodatime.RandoopTest0.test278, randoop.jodatime.RandoopTest0.test279, randoop.jodatime.RandoopTest0.test280, randoop.jodatime.RandoopTest0.test281, randoop.jodatime.RandoopTest0.test282, randoop.jodatime.RandoopTest0.test283, randoop.jodatime.RandoopTest0.test284, randoop.jodatime.RandoopTest0.test286, randoop.jodatime.RandoopTest0.test287, randoop.jodatime.RandoopTest0.test291, randoop.jodatime.RandoopTest0.test293, randoop.jodatime.RandoopTest0.test294, randoop.jodatime.RandoopTest0.test295, randoop.jodatime.RandoopTest0.test297, randoop.jodatime.RandoopTest0.test298, randoop.jodatime.RandoopTest0.test299, randoop.jodatime.RandoopTest0.test300, randoop.jodatime.RandoopTest0.test301, randoop.jodatime.RandoopTest0.test302, randoop.jodatime.RandoopTest0.test303, randoop.jodatime.RandoopTest0.test304, randoop.jodatime.RandoopTest0.test305, randoop.jodatime.RandoopTest0.test306, randoop.jodatime.RandoopTest0.test308, randoop.jodatime.RandoopTest0.test309, randoop.jodatime.RandoopTest0.test310, randoop.jodatime.RandoopTest0.test311, randoop.jodatime.RandoopTest0.test312, randoop.jodatime.RandoopTest0.test314, randoop.jodatime.RandoopTest0.test315, randoop.jodatime.RandoopTest0.test317, randoop.jodatime.RandoopTest0.test318, randoop.jodatime.RandoopTest0.test319, randoop.jodatime.RandoopTest0.test320, randoop.jodatime.RandoopTest0.test321]

Time each test takes to run in the new order:
[70969277, 68567362, 23527777, 22174938, 23783629, 17870338, 24012780, 16773984, 15141640, 10756513, 8427787, 8584520, 7559193, 8481168, 7262454, 6944291, 11052890, 7474561, 9889517, 10984648, 9496207, 8265863, 7898047, 7642793, 7652699, 7907642, 13138590, 10586441, 11049226, 10460898, 10475414, 10515164, 10679867, 10366671, 10543647, 10798714, 21904723, 13987685, 11489074, 10830613, 10717802, 9413478, 4860619, 6627100, 8662313, 4805848, 4656793, 4693443, 4779243, 4768005, 5378887, 4857741, 6142622, 4645936, 4649890, 4653751, 4802412, 4711483, 5700946, 7258428, 4613690, 4687071, 4779577, 5211941, 4641509, 4667373, 4652846, 4760719, 4841231, 4827514, 4734574, 4611672, 4776625, 4806076, 4012884, 3949754, 3765804, 3707361, 3855839, 3905878, 3200130, 5671662, 3183920, 3059298, 5647078, 2891672, 2852977, 2601368, 2500017, 2532921, 3234994, 5616380, 2825367, 3105939, 2536336, 2454219, 2594954, 2627961, 2547517, 2504866, 3496524, 2601943, 3523784, 2836471, 2698132, 2736937, 2536719, 2417531, 2622770, 2506484, 2553480, 2591309, 2441772, 2333461, 3065350, 2530606, 2413231, 2552536, 2885287, 2509954, 2442327, 2344705, 2480420, 2180197, 2289728, 2448041, 4999146, 2169854, 2100686, 2145159, 2313390, 2125575, 2291859, 2115037, 2027697, 2008743, 2031928, 2053396, 2113820, 2116520]

Dependent test list:
[Test: randoop.jodatime.RandoopTest0.test196, Intended behavior: FAILURE, when executed after: [randoop.jodatime.RandoopTest0.test192], The revealed different behavior: PASS, when executed after: [], Test: randoop.jodatime.RandoopTest0.test192, Intended behavior: FAILURE, when executed after: [randoop.jodatime.RandoopTest0.test165], The revealed different behavior: PASS, when executed after: [], Test: randoop.jodatime.RandoopTest0.test165, Intended behavior: FAILURE, when executed after: [randoop.jodatime.RandoopTest0.test135], The revealed different behavior: PASS, when executed after: [], Test: randoop.jodatime.RandoopTest0.test360, Intended behavior: FAILURE, when executed after: [randoop.jodatime.RandoopTest0.test338], The revealed different behavior: PASS, when executed after: [], Test: randoop.jodatime.RandoopTest0.test338, Intended behavior: FAILURE, when executed after: [randoop.jodatime.RandoopTest0.test325], The revealed different behavior: PASS, when executed after: [], Test: randoop.jodatime.RandoopTest0.test325, Intended behavior: FAILURE, when executed after: [randoop.jodatime.RandoopTest0.test196], The revealed different behavior: PASS, when executed after: [], Test: randoop.jodatime.RandoopTest1.test235, Intended behavior: FAILURE, when executed after: [randoop.jodatime.RandoopTest1.test181], The revealed different behavior: PASS, when executed after: [], Test: randoop.jodatime.RandoopTest1.test181, Intended behavior: FAILURE, when executed after: [randoop.jodatime.RandoopTest0.test498], The revealed different behavior: PASS, when executed after: [], Test: randoop.jodatime.RandoopTest2.test36, Intended behavior: FAILURE, when executed after: [randoop.jodatime.RandoopTest2.test21], The revealed different behavior: PASS, when executed after: [], Test: randoop.jodatime.RandoopTest2.test77, Intended behavior: FAILURE, when executed after: [randoop.jodatime.RandoopTest1.test467], The revealed different behavior: PASS, when executed after: [], Test: randoop.jodatime.RandoopTest2.test21, Intended behavior: FAILURE, when executed after: [randoop.jodatime.RandoopTest1.test235], The revealed different behavior: PASS, when executed after: [], Test: randoop.jodatime.RandoopTest2.test254, Intended behavior: FAILURE, when executed after: [randoop.jodatime.RandoopTest2.test77], The revealed different behavior: PASS, when executed after: [], Test: randoop.jodatime.RandoopTest2.test243, Intended behavior: FAILURE, when executed after: [randoop.jodatime.RandoopTest2.test36], The revealed different behavior: PASS, when executed after: [], Test: randoop.jodatime.RandoopTest2.test490, Intended behavior: FAILURE, when executed after: [randoop.jodatime.RandoopTest2.test487], The revealed different behavior: PASS, when executed after: [], Test: randoop.jodatime.RandoopTest2.test487, Intended behavior: FAILURE, when executed after: [randoop.jodatime.RandoopTest2.test356], The revealed different behavior: PASS, when executed after: [], Test: randoop.jodatime.RandoopTest2.test356, Intended behavior: FAILURE, when executed after: [randoop.jodatime.RandoopTest2.test243], The revealed different behavior: PASS, when executed after: [], Test: randoop.jodatime.RandoopTest2.test474, Intended behavior: FAILURE, when executed after: [randoop.jodatime.RandoopTest2.test254], The revealed different behavior: PASS, when executed after: [], Test: randoop.jodatime.RandoopTest2.test493, Intended behavior: FAILURE, when executed after: [randoop.jodatime.RandoopTest2.test490], The revealed different behavior: PASS, when executed after: [], Test: randoop.jodatime.RandoopTest3.test195, Intended behavior: FAILURE, when executed after: [randoop.jodatime.RandoopTest3.test193], The revealed different behavior: PASS, when executed after: [], Test: randoop.jodatime.RandoopTest3.test193, Intended behavior: FAILURE, when executed after: [randoop.jodatime.RandoopTest3.test189], The revealed different behavior: PASS, when executed after: [], Test: randoop.jodatime.RandoopTest3.test189, Intended behavior: FAILURE, when executed after: [randoop.jodatime.RandoopTest3.test185], The revealed different behavior: PASS, when executed after: [], Test: randoop.jodatime.RandoopTest3.test185, Intended behavior: FAILURE, when executed after: [randoop.jodatime.RandoopTest3.test161], The revealed different behavior: PASS, when executed after: [], Test: randoop.jodatime.RandoopTest3.test161, Intended behavior: FAILURE, when executed after: [randoop.jodatime.RandoopTest2.test493], The revealed different behavior: PASS, when executed after: [], Test: randoop.jodatime.RandoopTest3.test389, Intended behavior: FAILURE, when executed after: [randoop.jodatime.RandoopTest3.test383], The revealed different behavior: PASS, when executed after: [], Test: randoop.jodatime.RandoopTest3.test383, Intended behavior: FAILURE, when executed after: [randoop.jodatime.RandoopTest3.test347], The revealed different behavior: PASS, when executed after: [], Test: randoop.jodatime.RandoopTest3.test347, Intended behavior: FAILURE, when executed after: [randoop.jodatime.RandoopTest3.test345], The revealed different behavior: PASS, when executed after: [], Test: randoop.jodatime.RandoopTest3.test345, Intended behavior: FAILURE, when executed after: [randoop.jodatime.RandoopTest3.test316], The revealed different behavior: PASS, when executed after: [], Test: randoop.jodatime.RandoopTest3.test316, Intended behavior: FAILURE, when executed after: [randoop.jodatime.RandoopTest3.test315], The revealed different behavior: PASS, when executed after: [], Test: randoop.jodatime.RandoopTest3.test315, Intended behavior: FAILURE, when executed after: [randoop.jodatime.RandoopTest3.test195], The revealed different behavior: PASS, when executed after: [], Test: randoop.jodatime.RandoopTest3.test496, Intended behavior: FAILURE, when executed after: [randoop.jodatime.RandoopTest3.test467], The revealed different behavior: PASS, when executed after: [], Test: randoop.jodatime.RandoopTest3.test467, Intended behavior: FAILURE, when executed after: [randoop.jodatime.RandoopTest3.test389], The revealed different behavior: PASS, when executed after: [], Test: randoop.jodatime.RandoopTest4.test259, Intended behavior: FAILURE, when executed after: [randoop.jodatime.RandoopTest4.test221], The revealed different behavior: PASS, when executed after: [], Test: randoop.jodatime.RandoopTest4.test221, Intended behavior: FAILURE, when executed after: [randoop.jodatime.RandoopTest4.test13], The revealed different behavior: PASS, when executed after: [], Test: randoop.jodatime.RandoopTest4.test401, Intended behavior: FAILURE, when executed after: [randoop.jodatime.RandoopTest4.test259], The revealed different behavior: PASS, when executed after: [], Test: randoop.jodatime.RandoopTest4.test434, Intended behavior: FAILURE, when executed after: [randoop.jodatime.RandoopTest4.test401], The revealed different behavior: PASS, when executed after: [], Test: randoop.jodatime.RandoopTest4.test13, Intended behavior: FAILURE, when executed after: [randoop.jodatime.RandoopTest3.test496], The revealed different behavior: PASS, when executed after: []]
--------------------------
Execution time of TLG and its time to find/nullify any DTs for 1 machine (does not include the time to run the tests in the new order): 0.902
Number of tests selected out of total in original order: 143 / 2211
Number of DTs not fixed: 0
Number of DTs fixed: 0
Execution time for executing the following testing order: 0.821

Test order list:
[randoop.jodatime.RandoopTest0.test322, randoop.jodatime.RandoopTest0.test323, randoop.jodatime.RandoopTest0.test324, randoop.jodatime.RandoopTest0.test135, randoop.jodatime.RandoopTest0.test165, randoop.jodatime.RandoopTest0.test192, randoop.jodatime.RandoopTest0.test196, randoop.jodatime.RandoopTest0.test325, randoop.jodatime.RandoopTest0.test326, randoop.jodatime.RandoopTest0.test327, randoop.jodatime.RandoopTest0.test328, randoop.jodatime.RandoopTest0.test329, randoop.jodatime.RandoopTest0.test330, randoop.jodatime.RandoopTest0.test331, randoop.jodatime.RandoopTest0.test332, randoop.jodatime.RandoopTest0.test333, randoop.jodatime.RandoopTest0.test334, randoop.jodatime.RandoopTest0.test335, randoop.jodatime.RandoopTest0.test337, randoop.jodatime.RandoopTest0.test338, randoop.jodatime.RandoopTest0.test339, randoop.jodatime.RandoopTest0.test342, randoop.jodatime.RandoopTest0.test343, randoop.jodatime.RandoopTest0.test344, randoop.jodatime.RandoopTest0.test346, randoop.jodatime.RandoopTest0.test347, randoop.jodatime.RandoopTest0.test348, randoop.jodatime.RandoopTest0.test349, randoop.jodatime.RandoopTest0.test350, randoop.jodatime.RandoopTest0.test351, randoop.jodatime.RandoopTest0.test352, randoop.jodatime.RandoopTest0.test353, randoop.jodatime.RandoopTest0.test354, randoop.jodatime.RandoopTest0.test356, randoop.jodatime.RandoopTest0.test357, randoop.jodatime.RandoopTest0.test358, randoop.jodatime.RandoopTest0.test359, randoop.jodatime.RandoopTest0.test360, randoop.jodatime.RandoopTest0.test361, randoop.jodatime.RandoopTest0.test363, randoop.jodatime.RandoopTest0.test364, randoop.jodatime.RandoopTest0.test365, randoop.jodatime.RandoopTest0.test367, randoop.jodatime.RandoopTest0.test368, randoop.jodatime.RandoopTest0.test369, randoop.jodatime.RandoopTest0.test370, randoop.jodatime.RandoopTest0.test371, randoop.jodatime.RandoopTest0.test372, randoop.jodatime.RandoopTest0.test376, randoop.jodatime.RandoopTest0.test378, randoop.jodatime.RandoopTest0.test381, randoop.jodatime.RandoopTest0.test382, randoop.jodatime.RandoopTest0.test383, randoop.jodatime.RandoopTest0.test384, randoop.jodatime.RandoopTest0.test385, randoop.jodatime.RandoopTest0.test386, randoop.jodatime.RandoopTest0.test387, randoop.jodatime.RandoopTest0.test388, randoop.jodatime.RandoopTest0.test389, randoop.jodatime.RandoopTest0.test390, randoop.jodatime.RandoopTest0.test391, randoop.jodatime.RandoopTest0.test394, randoop.jodatime.RandoopTest0.test395, randoop.jodatime.RandoopTest0.test396, randoop.jodatime.RandoopTest0.test397, randoop.jodatime.RandoopTest0.test399, randoop.jodatime.RandoopTest0.test400, randoop.jodatime.RandoopTest0.test401, randoop.jodatime.RandoopTest0.test402, randoop.jodatime.RandoopTest0.test403, randoop.jodatime.RandoopTest0.test404, randoop.jodatime.RandoopTest0.test406, randoop.jodatime.RandoopTest0.test407, randoop.jodatime.RandoopTest0.test408, randoop.jodatime.RandoopTest0.test409, randoop.jodatime.RandoopTest0.test410, randoop.jodatime.RandoopTest0.test411, randoop.jodatime.RandoopTest0.test412, randoop.jodatime.RandoopTest0.test413, randoop.jodatime.RandoopTest0.test414, randoop.jodatime.RandoopTest0.test415, randoop.jodatime.RandoopTest0.test416, randoop.jodatime.RandoopTest0.test417, randoop.jodatime.RandoopTest0.test418, randoop.jodatime.RandoopTest0.test419, randoop.jodatime.RandoopTest0.test420, randoop.jodatime.RandoopTest0.test421, randoop.jodatime.RandoopTest0.test423, randoop.jodatime.RandoopTest0.test424, randoop.jodatime.RandoopTest0.test427, randoop.jodatime.RandoopTest0.test429, randoop.jodatime.RandoopTest0.test430, randoop.jodatime.RandoopTest0.test431, randoop.jodatime.RandoopTest0.test432, randoop.jodatime.RandoopTest0.test433, randoop.jodatime.RandoopTest0.test434, randoop.jodatime.RandoopTest0.test435, randoop.jodatime.RandoopTest0.test436, randoop.jodatime.RandoopTest0.test437, randoop.jodatime.RandoopTest0.test439, randoop.jodatime.RandoopTest0.test441, randoop.jodatime.RandoopTest0.test442, randoop.jodatime.RandoopTest0.test443, randoop.jodatime.RandoopTest0.test444, randoop.jodatime.RandoopTest0.test445, randoop.jodatime.RandoopTest0.test446, randoop.jodatime.RandoopTest0.test447, randoop.jodatime.RandoopTest0.test448, randoop.jodatime.RandoopTest0.test450, randoop.jodatime.RandoopTest0.test451, randoop.jodatime.RandoopTest0.test452, randoop.jodatime.RandoopTest0.test453, randoop.jodatime.RandoopTest0.test454, randoop.jodatime.RandoopTest0.test456, randoop.jodatime.RandoopTest0.test459, randoop.jodatime.RandoopTest0.test462, randoop.jodatime.RandoopTest0.test463, randoop.jodatime.RandoopTest0.test465, randoop.jodatime.RandoopTest0.test467, randoop.jodatime.RandoopTest0.test468, randoop.jodatime.RandoopTest0.test469, randoop.jodatime.RandoopTest0.test470, randoop.jodatime.RandoopTest0.test471, randoop.jodatime.RandoopTest0.test472, randoop.jodatime.RandoopTest0.test473, randoop.jodatime.RandoopTest0.test474, randoop.jodatime.RandoopTest0.test475, randoop.jodatime.RandoopTest0.test476, randoop.jodatime.RandoopTest0.test478, randoop.jodatime.RandoopTest0.test479, randoop.jodatime.RandoopTest0.test480, randoop.jodatime.RandoopTest0.test482, randoop.jodatime.RandoopTest0.test483, randoop.jodatime.RandoopTest0.test484, randoop.jodatime.RandoopTest0.test485, randoop.jodatime.RandoopTest0.test486, randoop.jodatime.RandoopTest0.test487, randoop.jodatime.RandoopTest0.test488, randoop.jodatime.RandoopTest0.test489, randoop.jodatime.RandoopTest0.test490, randoop.jodatime.RandoopTest0.test491, randoop.jodatime.RandoopTest0.test492, randoop.jodatime.RandoopTest0.test495]

Time each test takes to run in the new order:
[125105624, 28009699, 21767410, 21545973, 22925802, 17569155, 11464931, 10640788, 10394475, 9461902, 8326168, 9421844, 6950101, 7776416, 10451617, 8339899, 12351083, 8883385, 8299871, 7480847, 14056594, 6989266, 7547174, 6999419, 7106178, 9881388, 9704013, 9780457, 11771286, 9937602, 10065839, 10419956, 7244409, 5728876, 12031756, 4200460, 4194162, 9662860, 5065346, 4301603, 5851472, 4664923, 8407906, 4478910, 4198862, 4669917, 4266757, 4334073, 5528961, 4322438, 4043340, 4025203, 3567652, 5151826, 4987529, 3568197, 2548605, 4058339, 4496049, 2597778, 3224411, 2373762, 2263032, 2735509, 5054973, 2681119, 2782595, 2516625, 2957981, 2448950, 3003512, 3456715, 2623220, 2797224, 2341393, 2623310, 2148096, 2174529, 2089955, 2214146, 4947024, 2431800, 2054629, 2286082, 2082133, 2341092, 4379352, 2106350, 2158393, 2594035, 2107457, 2061852, 2024193, 2344401, 2016492, 2145935, 2169405, 2037750, 2282699, 1992643, 1935492, 1935541, 1965785, 2157825, 2012479, 1967429, 2134743, 2107630, 2371789, 2154408, 2232860, 2111926, 2703727, 2193506, 2143770, 2115290, 1944806, 2182569, 2318977, 2222676, 2157684, 2135836, 2203754, 4627354, 2246032, 2044570, 2240646, 2284531, 2127427, 2252787, 1978974, 2198004, 1970299, 2260690, 1983093, 1969503, 1939712, 2105789, 2236173, 2043905, 2017455, 2364871, 2016553]

Dependent test list:
[Test: randoop.jodatime.RandoopTest0.test196, Intended behavior: FAILURE, when executed after: [randoop.jodatime.RandoopTest0.test192], The revealed different behavior: PASS, when executed after: [], Test: randoop.jodatime.RandoopTest0.test192, Intended behavior: FAILURE, when executed after: [randoop.jodatime.RandoopTest0.test165], The revealed different behavior: PASS, when executed after: [], Test: randoop.jodatime.RandoopTest0.test165, Intended behavior: FAILURE, when executed after: [randoop.jodatime.RandoopTest0.test135], The revealed different behavior: PASS, when executed after: [], Test: randoop.jodatime.RandoopTest0.test360, Intended behavior: FAILURE, when executed after: [randoop.jodatime.RandoopTest0.test338], The revealed different behavior: PASS, when executed after: [], Test: randoop.jodatime.RandoopTest0.test338, Intended behavior: FAILURE, when executed after: [randoop.jodatime.RandoopTest0.test325], The revealed different behavior: PASS, when executed after: [], Test: randoop.jodatime.RandoopTest0.test325, Intended behavior: FAILURE, when executed after: [randoop.jodatime.RandoopTest0.test196], The revealed different behavior: PASS, when executed after: [], Test: randoop.jodatime.RandoopTest1.test235, Intended behavior: FAILURE, when executed after: [randoop.jodatime.RandoopTest1.test181], The revealed different behavior: PASS, when executed after: [], Test: randoop.jodatime.RandoopTest1.test181, Intended behavior: FAILURE, when executed after: [randoop.jodatime.RandoopTest0.test498], The revealed different behavior: PASS, when executed after: [], Test: randoop.jodatime.RandoopTest2.test36, Intended behavior: FAILURE, when executed after: [randoop.jodatime.RandoopTest2.test21], The revealed different behavior: PASS, when executed after: [], Test: randoop.jodatime.RandoopTest2.test77, Intended behavior: FAILURE, when executed after: [randoop.jodatime.RandoopTest1.test467], The revealed different behavior: PASS, when executed after: [], Test: randoop.jodatime.RandoopTest2.test21, Intended behavior: FAILURE, when executed after: [randoop.jodatime.RandoopTest1.test235], The revealed different behavior: PASS, when executed after: [], Test: randoop.jodatime.RandoopTest2.test254, Intended behavior: FAILURE, when executed after: [randoop.jodatime.RandoopTest2.test77], The revealed different behavior: PASS, when executed after: [], Test: randoop.jodatime.RandoopTest2.test243, Intended behavior: FAILURE, when executed after: [randoop.jodatime.RandoopTest2.test36], The revealed different behavior: PASS, when executed after: [], Test: randoop.jodatime.RandoopTest2.test490, Intended behavior: FAILURE, when executed after: [randoop.jodatime.RandoopTest2.test487], The revealed different behavior: PASS, when executed after: [], Test: randoop.jodatime.RandoopTest2.test487, Intended behavior: FAILURE, when executed after: [randoop.jodatime.RandoopTest2.test356], The revealed different behavior: PASS, when executed after: [], Test: randoop.jodatime.RandoopTest2.test356, Intended behavior: FAILURE, when executed after: [randoop.jodatime.RandoopTest2.test243], The revealed different behavior: PASS, when executed after: [], Test: randoop.jodatime.RandoopTest2.test474, Intended behavior: FAILURE, when executed after: [randoop.jodatime.RandoopTest2.test254], The revealed different behavior: PASS, when executed after: [], Test: randoop.jodatime.RandoopTest2.test493, Intended behavior: FAILURE, when executed after: [randoop.jodatime.RandoopTest2.test490], The revealed different behavior: PASS, when executed after: [], Test: randoop.jodatime.RandoopTest3.test195, Intended behavior: FAILURE, when executed after: [randoop.jodatime.RandoopTest3.test193], The revealed different behavior: PASS, when executed after: [], Test: randoop.jodatime.RandoopTest3.test193, Intended behavior: FAILURE, when executed after: [randoop.jodatime.RandoopTest3.test189], The revealed different behavior: PASS, when executed after: [], Test: randoop.jodatime.RandoopTest3.test189, Intended behavior: FAILURE, when executed after: [randoop.jodatime.RandoopTest3.test185], The revealed different behavior: PASS, when executed after: [], Test: randoop.jodatime.RandoopTest3.test185, Intended behavior: FAILURE, when executed after: [randoop.jodatime.RandoopTest3.test161], The revealed different behavior: PASS, when executed after: [], Test: randoop.jodatime.RandoopTest3.test161, Intended behavior: FAILURE, when executed after: [randoop.jodatime.RandoopTest2.test493], The revealed different behavior: PASS, when executed after: [], Test: randoop.jodatime.RandoopTest3.test389, Intended behavior: FAILURE, when executed after: [randoop.jodatime.RandoopTest3.test383], The revealed different behavior: PASS, when executed after: [], Test: randoop.jodatime.RandoopTest3.test383, Intended behavior: FAILURE, when executed after: [randoop.jodatime.RandoopTest3.test347], The revealed different behavior: PASS, when executed after: [], Test: randoop.jodatime.RandoopTest3.test347, Intended behavior: FAILURE, when executed after: [randoop.jodatime.RandoopTest3.test345], The revealed different behavior: PASS, when executed after: [], Test: randoop.jodatime.RandoopTest3.test345, Intended behavior: FAILURE, when executed after: [randoop.jodatime.RandoopTest3.test316], The revealed different behavior: PASS, when executed after: [], Test: randoop.jodatime.RandoopTest3.test316, Intended behavior: FAILURE, when executed after: [randoop.jodatime.RandoopTest3.test315], The revealed different behavior: PASS, when executed after: [], Test: randoop.jodatime.RandoopTest3.test315, Intended behavior: FAILURE, when executed after: [randoop.jodatime.RandoopTest3.test195], The revealed different behavior: PASS, when executed after: [], Test: randoop.jodatime.RandoopTest3.test496, Intended behavior: FAILURE, when executed after: [randoop.jodatime.RandoopTest3.test467], The revealed different behavior: PASS, when executed after: [], Test: randoop.jodatime.RandoopTest3.test467, Intended behavior: FAILURE, when executed after: [randoop.jodatime.RandoopTest3.test389], The revealed different behavior: PASS, when executed after: [], Test: randoop.jodatime.RandoopTest4.test259, Intended behavior: FAILURE, when executed after: [randoop.jodatime.RandoopTest4.test221], The revealed different behavior: PASS, when executed after: [], Test: randoop.jodatime.RandoopTest4.test221, Intended behavior: FAILURE, when executed after: [randoop.jodatime.RandoopTest4.test13], The revealed different behavior: PASS, when executed after: [], Test: randoop.jodatime.RandoopTest4.test401, Intended behavior: FAILURE, when executed after: [randoop.jodatime.RandoopTest4.test259], The revealed different behavior: PASS, when executed after: [], Test: randoop.jodatime.RandoopTest4.test434, Intended behavior: FAILURE, when executed after: [randoop.jodatime.RandoopTest4.test401], The revealed different behavior: PASS, when executed after: [], Test: randoop.jodatime.RandoopTest4.test13, Intended behavior: FAILURE, when executed after: [randoop.jodatime.RandoopTest3.test496], The revealed different behavior: PASS, when executed after: []]
--------------------------
Execution time of TLG and its time to find/nullify any DTs for 1 machine (does not include the time to run the tests in the new order): 0.957
Number of tests selected out of total in original order: 138 / 2211
Number of DTs not fixed: 0
Number of DTs fixed: 0
Execution time for executing the following testing order: 0.819

Test order list:
[randoop.jodatime.RandoopTest0.test496, randoop.jodatime.RandoopTest0.test497, randoop.jodatime.RandoopTest0.test498, randoop.jodatime.RandoopTest0.test499, randoop.jodatime.RandoopTest0.test500, randoop.jodatime.RandoopTest1.test1, randoop.jodatime.RandoopTest1.test3, randoop.jodatime.RandoopTest1.test4, randoop.jodatime.RandoopTest1.test5, randoop.jodatime.RandoopTest1.test7, randoop.jodatime.RandoopTest1.test8, randoop.jodatime.RandoopTest1.test9, randoop.jodatime.RandoopTest1.test10, randoop.jodatime.RandoopTest1.test11, randoop.jodatime.RandoopTest1.test12, randoop.jodatime.RandoopTest1.test13, randoop.jodatime.RandoopTest1.test14, randoop.jodatime.RandoopTest1.test15, randoop.jodatime.RandoopTest1.test16, randoop.jodatime.RandoopTest1.test17, randoop.jodatime.RandoopTest1.test18, randoop.jodatime.RandoopTest1.test19, randoop.jodatime.RandoopTest1.test20, randoop.jodatime.RandoopTest1.test21, randoop.jodatime.RandoopTest1.test22, randoop.jodatime.RandoopTest1.test23, randoop.jodatime.RandoopTest1.test24, randoop.jodatime.RandoopTest1.test25, randoop.jodatime.RandoopTest1.test26, randoop.jodatime.RandoopTest1.test28, randoop.jodatime.RandoopTest1.test30, randoop.jodatime.RandoopTest1.test32, randoop.jodatime.RandoopTest1.test36, randoop.jodatime.RandoopTest1.test37, randoop.jodatime.RandoopTest1.test38, randoop.jodatime.RandoopTest1.test39, randoop.jodatime.RandoopTest1.test40, randoop.jodatime.RandoopTest1.test41, randoop.jodatime.RandoopTest1.test42, randoop.jodatime.RandoopTest1.test43, randoop.jodatime.RandoopTest1.test44, randoop.jodatime.RandoopTest1.test46, randoop.jodatime.RandoopTest1.test47, randoop.jodatime.RandoopTest1.test49, randoop.jodatime.RandoopTest1.test50, randoop.jodatime.RandoopTest1.test51, randoop.jodatime.RandoopTest1.test52, randoop.jodatime.RandoopTest1.test53, randoop.jodatime.RandoopTest1.test55, randoop.jodatime.RandoopTest1.test56, randoop.jodatime.RandoopTest1.test57, randoop.jodatime.RandoopTest1.test58, randoop.jodatime.RandoopTest1.test59, randoop.jodatime.RandoopTest1.test60, randoop.jodatime.RandoopTest1.test62, randoop.jodatime.RandoopTest1.test63, randoop.jodatime.RandoopTest1.test64, randoop.jodatime.RandoopTest1.test67, randoop.jodatime.RandoopTest1.test69, randoop.jodatime.RandoopTest1.test70, randoop.jodatime.RandoopTest1.test71, randoop.jodatime.RandoopTest1.test74, randoop.jodatime.RandoopTest1.test76, randoop.jodatime.RandoopTest1.test77, randoop.jodatime.RandoopTest1.test78, randoop.jodatime.RandoopTest1.test82, randoop.jodatime.RandoopTest1.test83, randoop.jodatime.RandoopTest1.test84, randoop.jodatime.RandoopTest1.test85, randoop.jodatime.RandoopTest1.test86, randoop.jodatime.RandoopTest1.test88, randoop.jodatime.RandoopTest1.test90, randoop.jodatime.RandoopTest1.test91, randoop.jodatime.RandoopTest1.test92, randoop.jodatime.RandoopTest1.test93, randoop.jodatime.RandoopTest1.test94, randoop.jodatime.RandoopTest1.test96, randoop.jodatime.RandoopTest1.test97, randoop.jodatime.RandoopTest1.test98, randoop.jodatime.RandoopTest1.test99, randoop.jodatime.RandoopTest1.test101, randoop.jodatime.RandoopTest1.test102, randoop.jodatime.RandoopTest1.test103, randoop.jodatime.RandoopTest1.test104, randoop.jodatime.RandoopTest1.test105, randoop.jodatime.RandoopTest1.test106, randoop.jodatime.RandoopTest1.test107, randoop.jodatime.RandoopTest1.test108, randoop.jodatime.RandoopTest1.test109, randoop.jodatime.RandoopTest1.test110, randoop.jodatime.RandoopTest1.test111, randoop.jodatime.RandoopTest1.test112, randoop.jodatime.RandoopTest1.test113, randoop.jodatime.RandoopTest1.test114, randoop.jodatime.RandoopTest1.test117, randoop.jodatime.RandoopTest1.test119, randoop.jodatime.RandoopTest1.test120, randoop.jodatime.RandoopTest1.test121, randoop.jodatime.RandoopTest1.test122, randoop.jodatime.RandoopTest1.test124, randoop.jodatime.RandoopTest1.test125, randoop.jodatime.RandoopTest1.test126, randoop.jodatime.RandoopTest1.test128, randoop.jodatime.RandoopTest1.test130, randoop.jodatime.RandoopTest1.test131, randoop.jodatime.RandoopTest1.test133, randoop.jodatime.RandoopTest1.test134, randoop.jodatime.RandoopTest1.test135, randoop.jodatime.RandoopTest1.test136, randoop.jodatime.RandoopTest1.test137, randoop.jodatime.RandoopTest1.test138, randoop.jodatime.RandoopTest1.test139, randoop.jodatime.RandoopTest1.test140, randoop.jodatime.RandoopTest1.test142, randoop.jodatime.RandoopTest1.test143, randoop.jodatime.RandoopTest1.test144, randoop.jodatime.RandoopTest1.test145, randoop.jodatime.RandoopTest1.test146, randoop.jodatime.RandoopTest1.test147, randoop.jodatime.RandoopTest1.test149, randoop.jodatime.RandoopTest1.test150, randoop.jodatime.RandoopTest1.test151, randoop.jodatime.RandoopTest1.test152, randoop.jodatime.RandoopTest1.test154, randoop.jodatime.RandoopTest1.test155, randoop.jodatime.RandoopTest1.test156, randoop.jodatime.RandoopTest1.test157, randoop.jodatime.RandoopTest1.test158, randoop.jodatime.RandoopTest1.test159, randoop.jodatime.RandoopTest1.test160, randoop.jodatime.RandoopTest1.test161, randoop.jodatime.RandoopTest1.test162, randoop.jodatime.RandoopTest1.test163, randoop.jodatime.RandoopTest1.test164, randoop.jodatime.RandoopTest1.test165, randoop.jodatime.RandoopTest1.test166, randoop.jodatime.RandoopTest1.test167, randoop.jodatime.RandoopTest1.test168]

Time each test takes to run in the new order:
[118267606, 33697604, 29152685, 26961049, 27108336, 12913399, 12926780, 12350120, 12002742, 10816015, 9729801, 7832494, 7833449, 7279681, 7862339, 13332794, 10480289, 7744418, 8386564, 10267866, 7635921, 7554583, 7505301, 7484054, 8366049, 9429558, 12051274, 10800724, 10495250, 10500996, 10438218, 10513877, 4628781, 4250206, 6271912, 11487617, 4363582, 4228610, 4131821, 4671104, 4932420, 4549834, 4289785, 5297798, 4211598, 4247818, 4463838, 4966114, 4114800, 4364616, 4012113, 3646588, 4241854, 3101674, 3304266, 3294695, 2538950, 4809895, 2483919, 3804481, 2592389, 2746612, 2502497, 3545870, 2366785, 2595781, 2317842, 2519680, 2424290, 2324114, 2296307, 2237588, 2436509, 2467531, 2250835, 2412648, 2490049, 2143174, 5235927, 3021608, 2246545, 2237050, 2433813, 2519480, 2139121, 2205927, 2361328, 6748194, 2322485, 2477169, 2127379, 2151296, 2131850, 2541290, 2432782, 2340491, 2000172, 2200662, 2035643, 2262041, 2087243, 1978775, 2639224, 2022736, 2216435, 2998125, 2174983, 2189012, 2184042, 2175658, 2233871, 2171960, 2022335, 2207067, 2209536, 2437578, 2059924, 2440427, 2462435, 3387863, 2028090, 2567997, 5360128, 2458730, 2406261, 2156516, 2301947, 2181036, 2088522, 2358699, 2786935, 2333903, 2118399, 2176811, 2005043, 3069516, 2133701, 2429396]

Dependent test list:
[Test: randoop.jodatime.RandoopTest0.test196, Intended behavior: FAILURE, when executed after: [randoop.jodatime.RandoopTest0.test192], The revealed different behavior: PASS, when executed after: [], Test: randoop.jodatime.RandoopTest0.test192, Intended behavior: FAILURE, when executed after: [randoop.jodatime.RandoopTest0.test165], The revealed different behavior: PASS, when executed after: [], Test: randoop.jodatime.RandoopTest0.test165, Intended behavior: FAILURE, when executed after: [randoop.jodatime.RandoopTest0.test135], The revealed different behavior: PASS, when executed after: [], Test: randoop.jodatime.RandoopTest0.test360, Intended behavior: FAILURE, when executed after: [randoop.jodatime.RandoopTest0.test338], The revealed different behavior: PASS, when executed after: [], Test: randoop.jodatime.RandoopTest0.test338, Intended behavior: FAILURE, when executed after: [randoop.jodatime.RandoopTest0.test325], The revealed different behavior: PASS, when executed after: [], Test: randoop.jodatime.RandoopTest0.test325, Intended behavior: FAILURE, when executed after: [randoop.jodatime.RandoopTest0.test196], The revealed different behavior: PASS, when executed after: [], Test: randoop.jodatime.RandoopTest1.test235, Intended behavior: FAILURE, when executed after: [randoop.jodatime.RandoopTest1.test181], The revealed different behavior: PASS, when executed after: [], Test: randoop.jodatime.RandoopTest1.test181, Intended behavior: FAILURE, when executed after: [randoop.jodatime.RandoopTest0.test498], The revealed different behavior: PASS, when executed after: [], Test: randoop.jodatime.RandoopTest2.test36, Intended behavior: FAILURE, when executed after: [randoop.jodatime.RandoopTest2.test21], The revealed different behavior: PASS, when executed after: [], Test: randoop.jodatime.RandoopTest2.test77, Intended behavior: FAILURE, when executed after: [randoop.jodatime.RandoopTest1.test467], The revealed different behavior: PASS, when executed after: [], Test: randoop.jodatime.RandoopTest2.test21, Intended behavior: FAILURE, when executed after: [randoop.jodatime.RandoopTest1.test235], The revealed different behavior: PASS, when executed after: [], Test: randoop.jodatime.RandoopTest2.test254, Intended behavior: FAILURE, when executed after: [randoop.jodatime.RandoopTest2.test77], The revealed different behavior: PASS, when executed after: [], Test: randoop.jodatime.RandoopTest2.test243, Intended behavior: FAILURE, when executed after: [randoop.jodatime.RandoopTest2.test36], The revealed different behavior: PASS, when executed after: [], Test: randoop.jodatime.RandoopTest2.test490, Intended behavior: FAILURE, when executed after: [randoop.jodatime.RandoopTest2.test487], The revealed different behavior: PASS, when executed after: [], Test: randoop.jodatime.RandoopTest2.test487, Intended behavior: FAILURE, when executed after: [randoop.jodatime.RandoopTest2.test356], The revealed different behavior: PASS, when executed after: [], Test: randoop.jodatime.RandoopTest2.test356, Intended behavior: FAILURE, when executed after: [randoop.jodatime.RandoopTest2.test243], The revealed different behavior: PASS, when executed after: [], Test: randoop.jodatime.RandoopTest2.test474, Intended behavior: FAILURE, when executed after: [randoop.jodatime.RandoopTest2.test254], The revealed different behavior: PASS, when executed after: [], Test: randoop.jodatime.RandoopTest2.test493, Intended behavior: FAILURE, when executed after: [randoop.jodatime.RandoopTest2.test490], The revealed different behavior: PASS, when executed after: [], Test: randoop.jodatime.RandoopTest3.test195, Intended behavior: FAILURE, when executed after: [randoop.jodatime.RandoopTest3.test193], The revealed different behavior: PASS, when executed after: [], Test: randoop.jodatime.RandoopTest3.test193, Intended behavior: FAILURE, when executed after: [randoop.jodatime.RandoopTest3.test189], The revealed different behavior: PASS, when executed after: [], Test: randoop.jodatime.RandoopTest3.test189, Intended behavior: FAILURE, when executed after: [randoop.jodatime.RandoopTest3.test185], The revealed different behavior: PASS, when executed after: [], Test: randoop.jodatime.RandoopTest3.test185, Intended behavior: FAILURE, when executed after: [randoop.jodatime.RandoopTest3.test161], The revealed different behavior: PASS, when executed after: [], Test: randoop.jodatime.RandoopTest3.test161, Intended behavior: FAILURE, when executed after: [randoop.jodatime.RandoopTest2.test493], The revealed different behavior: PASS, when executed after: [], Test: randoop.jodatime.RandoopTest3.test389, Intended behavior: FAILURE, when executed after: [randoop.jodatime.RandoopTest3.test383], The revealed different behavior: PASS, when executed after: [], Test: randoop.jodatime.RandoopTest3.test383, Intended behavior: FAILURE, when executed after: [randoop.jodatime.RandoopTest3.test347], The revealed different behavior: PASS, when executed after: [], Test: randoop.jodatime.RandoopTest3.test347, Intended behavior: FAILURE, when executed after: [randoop.jodatime.RandoopTest3.test345], The revealed different behavior: PASS, when executed after: [], Test: randoop.jodatime.RandoopTest3.test345, Intended behavior: FAILURE, when executed after: [randoop.jodatime.RandoopTest3.test316], The revealed different behavior: PASS, when executed after: [], Test: randoop.jodatime.RandoopTest3.test316, Intended behavior: FAILURE, when executed after: [randoop.jodatime.RandoopTest3.test315], The revealed different behavior: PASS, when executed after: [], Test: randoop.jodatime.RandoopTest3.test315, Intended behavior: FAILURE, when executed after: [randoop.jodatime.RandoopTest3.test195], The revealed different behavior: PASS, when executed after: [], Test: randoop.jodatime.RandoopTest3.test496, Intended behavior: FAILURE, when executed after: [randoop.jodatime.RandoopTest3.test467], The revealed different behavior: PASS, when executed after: [], Test: randoop.jodatime.RandoopTest3.test467, Intended behavior: FAILURE, when executed after: [randoop.jodatime.RandoopTest3.test389], The revealed different behavior: PASS, when executed after: [], Test: randoop.jodatime.RandoopTest4.test259, Intended behavior: FAILURE, when executed after: [randoop.jodatime.RandoopTest4.test221], The revealed different behavior: PASS, when executed after: [], Test: randoop.jodatime.RandoopTest4.test221, Intended behavior: FAILURE, when executed after: [randoop.jodatime.RandoopTest4.test13], The revealed different behavior: PASS, when executed after: [], Test: randoop.jodatime.RandoopTest4.test401, Intended behavior: FAILURE, when executed after: [randoop.jodatime.RandoopTest4.test259], The revealed different behavior: PASS, when executed after: [], Test: randoop.jodatime.RandoopTest4.test434, Intended behavior: FAILURE, when executed after: [randoop.jodatime.RandoopTest4.test401], The revealed different behavior: PASS, when executed after: [], Test: randoop.jodatime.RandoopTest4.test13, Intended behavior: FAILURE, when executed after: [randoop.jodatime.RandoopTest3.test496], The revealed different behavior: PASS, when executed after: []]
--------------------------
Execution time of TLG and its time to find/nullify any DTs for 1 machine (does not include the time to run the tests in the new order): 0.983
Number of tests selected out of total in original order: 139 / 2211
Number of DTs not fixed: 0
Number of DTs fixed: 0
Execution time for executing the following testing order: 0.822

Test order list:
[randoop.jodatime.RandoopTest1.test169, randoop.jodatime.RandoopTest1.test170, randoop.jodatime.RandoopTest1.test171, randoop.jodatime.RandoopTest1.test172, randoop.jodatime.RandoopTest1.test173, randoop.jodatime.RandoopTest1.test174, randoop.jodatime.RandoopTest1.test175, randoop.jodatime.RandoopTest1.test176, randoop.jodatime.RandoopTest1.test177, randoop.jodatime.RandoopTest1.test178, randoop.jodatime.RandoopTest1.test179, randoop.jodatime.RandoopTest1.test180, randoop.jodatime.RandoopTest0.test498, randoop.jodatime.RandoopTest1.test181, randoop.jodatime.RandoopTest1.test182, randoop.jodatime.RandoopTest1.test183, randoop.jodatime.RandoopTest1.test184, randoop.jodatime.RandoopTest1.test185, randoop.jodatime.RandoopTest1.test186, randoop.jodatime.RandoopTest1.test187, randoop.jodatime.RandoopTest1.test190, randoop.jodatime.RandoopTest1.test193, randoop.jodatime.RandoopTest1.test196, randoop.jodatime.RandoopTest1.test198, randoop.jodatime.RandoopTest1.test199, randoop.jodatime.RandoopTest1.test200, randoop.jodatime.RandoopTest1.test201, randoop.jodatime.RandoopTest1.test202, randoop.jodatime.RandoopTest1.test203, randoop.jodatime.RandoopTest1.test204, randoop.jodatime.RandoopTest1.test205, randoop.jodatime.RandoopTest1.test206, randoop.jodatime.RandoopTest1.test207, randoop.jodatime.RandoopTest1.test208, randoop.jodatime.RandoopTest1.test210, randoop.jodatime.RandoopTest1.test211, randoop.jodatime.RandoopTest1.test212, randoop.jodatime.RandoopTest1.test213, randoop.jodatime.RandoopTest1.test214, randoop.jodatime.RandoopTest1.test215, randoop.jodatime.RandoopTest1.test216, randoop.jodatime.RandoopTest1.test217, randoop.jodatime.RandoopTest1.test218, randoop.jodatime.RandoopTest1.test219, randoop.jodatime.RandoopTest1.test220, randoop.jodatime.RandoopTest1.test221, randoop.jodatime.RandoopTest1.test222, randoop.jodatime.RandoopTest1.test223, randoop.jodatime.RandoopTest1.test224, randoop.jodatime.RandoopTest1.test225, randoop.jodatime.RandoopTest1.test226, randoop.jodatime.RandoopTest1.test228, randoop.jodatime.RandoopTest1.test229, randoop.jodatime.RandoopTest1.test230, randoop.jodatime.RandoopTest1.test231, randoop.jodatime.RandoopTest1.test232, randoop.jodatime.RandoopTest1.test233, randoop.jodatime.RandoopTest1.test234, randoop.jodatime.RandoopTest1.test235, randoop.jodatime.RandoopTest1.test236, randoop.jodatime.RandoopTest1.test237, randoop.jodatime.RandoopTest1.test238, randoop.jodatime.RandoopTest1.test239, randoop.jodatime.RandoopTest1.test240, randoop.jodatime.RandoopTest1.test241, randoop.jodatime.RandoopTest1.test242, randoop.jodatime.RandoopTest1.test244, randoop.jodatime.RandoopTest1.test245, randoop.jodatime.RandoopTest1.test246, randoop.jodatime.RandoopTest1.test247, randoop.jodatime.RandoopTest1.test248, randoop.jodatime.RandoopTest1.test249, randoop.jodatime.RandoopTest1.test250, randoop.jodatime.RandoopTest1.test251, randoop.jodatime.RandoopTest1.test252, randoop.jodatime.RandoopTest1.test253, randoop.jodatime.RandoopTest1.test254, randoop.jodatime.RandoopTest1.test255, randoop.jodatime.RandoopTest1.test256, randoop.jodatime.RandoopTest1.test257, randoop.jodatime.RandoopTest1.test258, randoop.jodatime.RandoopTest1.test259, randoop.jodatime.RandoopTest1.test260, randoop.jodatime.RandoopTest1.test262, randoop.jodatime.RandoopTest1.test263, randoop.jodatime.RandoopTest1.test264, randoop.jodatime.RandoopTest1.test265, randoop.jodatime.RandoopTest1.test266, randoop.jodatime.RandoopTest1.test267, randoop.jodatime.RandoopTest1.test268, randoop.jodatime.RandoopTest1.test269, randoop.jodatime.RandoopTest1.test271, randoop.jodatime.RandoopTest1.test272, randoop.jodatime.RandoopTest1.test274, randoop.jodatime.RandoopTest1.test276, randoop.jodatime.RandoopTest1.test277, randoop.jodatime.RandoopTest1.test278, randoop.jodatime.RandoopTest1.test279, randoop.jodatime.RandoopTest1.test280, randoop.jodatime.RandoopTest1.test281, randoop.jodatime.RandoopTest1.test282, randoop.jodatime.RandoopTest1.test283, randoop.jodatime.RandoopTest1.test284, randoop.jodatime.RandoopTest1.test286, randoop.jodatime.RandoopTest1.test287, randoop.jodatime.RandoopTest1.test289, randoop.jodatime.RandoopTest1.test290, randoop.jodatime.RandoopTest1.test291, randoop.jodatime.RandoopTest1.test293, randoop.jodatime.RandoopTest1.test294, randoop.jodatime.RandoopTest1.test295, randoop.jodatime.RandoopTest1.test296, randoop.jodatime.RandoopTest1.test298, randoop.jodatime.RandoopTest1.test299, randoop.jodatime.RandoopTest1.test300, randoop.jodatime.RandoopTest1.test301, randoop.jodatime.RandoopTest1.test302, randoop.jodatime.RandoopTest1.test303, randoop.jodatime.RandoopTest1.test305, randoop.jodatime.RandoopTest1.test306, randoop.jodatime.RandoopTest1.test307, randoop.jodatime.RandoopTest1.test308, randoop.jodatime.RandoopTest1.test310, randoop.jodatime.RandoopTest1.test311, randoop.jodatime.RandoopTest1.test312, randoop.jodatime.RandoopTest1.test313, randoop.jodatime.RandoopTest1.test317, randoop.jodatime.RandoopTest1.test318, randoop.jodatime.RandoopTest1.test319, randoop.jodatime.RandoopTest1.test320, randoop.jodatime.RandoopTest1.test321, randoop.jodatime.RandoopTest1.test322, randoop.jodatime.RandoopTest1.test323, randoop.jodatime.RandoopTest1.test326, randoop.jodatime.RandoopTest1.test327, randoop.jodatime.RandoopTest1.test328, randoop.jodatime.RandoopTest1.test329, randoop.jodatime.RandoopTest1.test330, randoop.jodatime.RandoopTest1.test331]

Time each test takes to run in the new order:
[118602186, 28224300, 22346799, 41985634, 22567830, 12165424, 12822863, 13598860, 10939119, 9608604, 46262291, 9100107, 9575481, 9474747, 9831525, 11185794, 8025901, 7775583, 11697049, 8395062, 8022073, 7854842, 6726501, 6239998, 6291214, 6179584, 6388285, 7101024, 6392410, 6644691, 4525271, 4508785, 5370723, 4673530, 4741187, 5300726, 8264746, 4850742, 6297834, 4940569, 4876688, 4383296, 4423546, 4267685, 3884120, 3525145, 3988378, 3964532, 3596019, 4182091, 3095526, 3514570, 3090224, 3078957, 3010417, 3005204, 2934464, 5679329, 3737283, 3107592, 3069598, 2873582, 3079219, 3463735, 2446786, 3195224, 2419271, 2419521, 2383978, 2393319, 2306556, 2868378, 2517118, 2494197, 2219762, 2258190, 2879783, 2223728, 5323510, 2349303, 2331620, 2661778, 2442315, 2613152, 2353474, 2166296, 2161954, 4068727, 2408246, 2250938, 2371315, 2148352, 5387360, 2532023, 2158079, 2135120, 2228576, 2304019, 2464013, 2327830, 2132190, 2476565, 2397483, 2191932, 2568228, 2367746, 2234587, 2580420, 2319662, 2126294, 2313183, 2322815, 2670668, 2220310, 2425101, 2900696, 2560254, 2130735, 2801571, 2364626, 2134576, 5754442, 2415026, 2169931, 2807963, 2175938, 2210660, 2182394, 2370424, 2149932, 2185347, 2187155, 2190081, 2124083, 2149205, 2158410, 2126388, 2368044, 2142313]

Dependent test list:
[Test: randoop.jodatime.RandoopTest0.test196, Intended behavior: FAILURE, when executed after: [randoop.jodatime.RandoopTest0.test192], The revealed different behavior: PASS, when executed after: [], Test: randoop.jodatime.RandoopTest0.test192, Intended behavior: FAILURE, when executed after: [randoop.jodatime.RandoopTest0.test165], The revealed different behavior: PASS, when executed after: [], Test: randoop.jodatime.RandoopTest0.test165, Intended behavior: FAILURE, when executed after: [randoop.jodatime.RandoopTest0.test135], The revealed different behavior: PASS, when executed after: [], Test: randoop.jodatime.RandoopTest0.test360, Intended behavior: FAILURE, when executed after: [randoop.jodatime.RandoopTest0.test338], The revealed different behavior: PASS, when executed after: [], Test: randoop.jodatime.RandoopTest0.test338, Intended behavior: FAILURE, when executed after: [randoop.jodatime.RandoopTest0.test325], The revealed different behavior: PASS, when executed after: [], Test: randoop.jodatime.RandoopTest0.test325, Intended behavior: FAILURE, when executed after: [randoop.jodatime.RandoopTest0.test196], The revealed different behavior: PASS, when executed after: [], Test: randoop.jodatime.RandoopTest1.test235, Intended behavior: FAILURE, when executed after: [randoop.jodatime.RandoopTest1.test181], The revealed different behavior: PASS, when executed after: [], Test: randoop.jodatime.RandoopTest1.test181, Intended behavior: FAILURE, when executed after: [randoop.jodatime.RandoopTest0.test498], The revealed different behavior: PASS, when executed after: [], Test: randoop.jodatime.RandoopTest2.test36, Intended behavior: FAILURE, when executed after: [randoop.jodatime.RandoopTest2.test21], The revealed different behavior: PASS, when executed after: [], Test: randoop.jodatime.RandoopTest2.test77, Intended behavior: FAILURE, when executed after: [randoop.jodatime.RandoopTest1.test467], The revealed different behavior: PASS, when executed after: [], Test: randoop.jodatime.RandoopTest2.test21, Intended behavior: FAILURE, when executed after: [randoop.jodatime.RandoopTest1.test235], The revealed different behavior: PASS, when executed after: [], Test: randoop.jodatime.RandoopTest2.test254, Intended behavior: FAILURE, when executed after: [randoop.jodatime.RandoopTest2.test77], The revealed different behavior: PASS, when executed after: [], Test: randoop.jodatime.RandoopTest2.test243, Intended behavior: FAILURE, when executed after: [randoop.jodatime.RandoopTest2.test36], The revealed different behavior: PASS, when executed after: [], Test: randoop.jodatime.RandoopTest2.test490, Intended behavior: FAILURE, when executed after: [randoop.jodatime.RandoopTest2.test487], The revealed different behavior: PASS, when executed after: [], Test: randoop.jodatime.RandoopTest2.test487, Intended behavior: FAILURE, when executed after: [randoop.jodatime.RandoopTest2.test356], The revealed different behavior: PASS, when executed after: [], Test: randoop.jodatime.RandoopTest2.test356, Intended behavior: FAILURE, when executed after: [randoop.jodatime.RandoopTest2.test243], The revealed different behavior: PASS, when executed after: [], Test: randoop.jodatime.RandoopTest2.test474, Intended behavior: FAILURE, when executed after: [randoop.jodatime.RandoopTest2.test254], The revealed different behavior: PASS, when executed after: [], Test: randoop.jodatime.RandoopTest2.test493, Intended behavior: FAILURE, when executed after: [randoop.jodatime.RandoopTest2.test490], The revealed different behavior: PASS, when executed after: [], Test: randoop.jodatime.RandoopTest3.test195, Intended behavior: FAILURE, when executed after: [randoop.jodatime.RandoopTest3.test193], The revealed different behavior: PASS, when executed after: [], Test: randoop.jodatime.RandoopTest3.test193, Intended behavior: FAILURE, when executed after: [randoop.jodatime.RandoopTest3.test189], The revealed different behavior: PASS, when executed after: [], Test: randoop.jodatime.RandoopTest3.test189, Intended behavior: FAILURE, when executed after: [randoop.jodatime.RandoopTest3.test185], The revealed different behavior: PASS, when executed after: [], Test: randoop.jodatime.RandoopTest3.test185, Intended behavior: FAILURE, when executed after: [randoop.jodatime.RandoopTest3.test161], The revealed different behavior: PASS, when executed after: [], Test: randoop.jodatime.RandoopTest3.test161, Intended behavior: FAILURE, when executed after: [randoop.jodatime.RandoopTest2.test493], The revealed different behavior: PASS, when executed after: [], Test: randoop.jodatime.RandoopTest3.test389, Intended behavior: FAILURE, when executed after: [randoop.jodatime.RandoopTest3.test383], The revealed different behavior: PASS, when executed after: [], Test: randoop.jodatime.RandoopTest3.test383, Intended behavior: FAILURE, when executed after: [randoop.jodatime.RandoopTest3.test347], The revealed different behavior: PASS, when executed after: [], Test: randoop.jodatime.RandoopTest3.test347, Intended behavior: FAILURE, when executed after: [randoop.jodatime.RandoopTest3.test345], The revealed different behavior: PASS, when executed after: [], Test: randoop.jodatime.RandoopTest3.test345, Intended behavior: FAILURE, when executed after: [randoop.jodatime.RandoopTest3.test316], The revealed different behavior: PASS, when executed after: [], Test: randoop.jodatime.RandoopTest3.test316, Intended behavior: FAILURE, when executed after: [randoop.jodatime.RandoopTest3.test315], The revealed different behavior: PASS, when executed after: [], Test: randoop.jodatime.RandoopTest3.test315, Intended behavior: FAILURE, when executed after: [randoop.jodatime.RandoopTest3.test195], The revealed different behavior: PASS, when executed after: [], Test: randoop.jodatime.RandoopTest3.test496, Intended behavior: FAILURE, when executed after: [randoop.jodatime.RandoopTest3.test467], The revealed different behavior: PASS, when executed after: [], Test: randoop.jodatime.RandoopTest3.test467, Intended behavior: FAILURE, when executed after: [randoop.jodatime.RandoopTest3.test389], The revealed different behavior: PASS, when executed after: [], Test: randoop.jodatime.RandoopTest4.test259, Intended behavior: FAILURE, when executed after: [randoop.jodatime.RandoopTest4.test221], The revealed different behavior: PASS, when executed after: [], Test: randoop.jodatime.RandoopTest4.test221, Intended behavior: FAILURE, when executed after: [randoop.jodatime.RandoopTest4.test13], The revealed different behavior: PASS, when executed after: [], Test: randoop.jodatime.RandoopTest4.test401, Intended behavior: FAILURE, when executed after: [randoop.jodatime.RandoopTest4.test259], The revealed different behavior: PASS, when executed after: [], Test: randoop.jodatime.RandoopTest4.test434, Intended behavior: FAILURE, when executed after: [randoop.jodatime.RandoopTest4.test401], The revealed different behavior: PASS, when executed after: [], Test: randoop.jodatime.RandoopTest4.test13, Intended behavior: FAILURE, when executed after: [randoop.jodatime.RandoopTest3.test496], The revealed different behavior: PASS, when executed after: []]
--------------------------
Execution time of TLG and its time to find/nullify any DTs for 1 machine (does not include the time to run the tests in the new order): 0.937
Number of tests selected out of total in original order: 138 / 2211
Number of DTs not fixed: 0
Number of DTs fixed: 0
Execution time for executing the following testing order: 0.797

Test order list:
[randoop.jodatime.RandoopTest1.test332, randoop.jodatime.RandoopTest1.test333, randoop.jodatime.RandoopTest1.test335, randoop.jodatime.RandoopTest1.test336, randoop.jodatime.RandoopTest1.test337, randoop.jodatime.RandoopTest1.test338, randoop.jodatime.RandoopTest1.test339, randoop.jodatime.RandoopTest1.test342, randoop.jodatime.RandoopTest1.test344, randoop.jodatime.RandoopTest1.test346, randoop.jodatime.RandoopTest1.test347, randoop.jodatime.RandoopTest1.test348, randoop.jodatime.RandoopTest1.test349, randoop.jodatime.RandoopTest1.test350, randoop.jodatime.RandoopTest1.test351, randoop.jodatime.RandoopTest1.test352, randoop.jodatime.RandoopTest1.test353, randoop.jodatime.RandoopTest1.test354, randoop.jodatime.RandoopTest1.test355, randoop.jodatime.RandoopTest1.test356, randoop.jodatime.RandoopTest1.test357, randoop.jodatime.RandoopTest1.test361, randoop.jodatime.RandoopTest1.test362, randoop.jodatime.RandoopTest1.test363, randoop.jodatime.RandoopTest1.test366, randoop.jodatime.RandoopTest1.test369, randoop.jodatime.RandoopTest1.test370, randoop.jodatime.RandoopTest1.test371, randoop.jodatime.RandoopTest1.test372, randoop.jodatime.RandoopTest1.test373, randoop.jodatime.RandoopTest1.test374, randoop.jodatime.RandoopTest1.test375, randoop.jodatime.RandoopTest1.test376, randoop.jodatime.RandoopTest1.test377, randoop.jodatime.RandoopTest1.test378, randoop.jodatime.RandoopTest1.test379, randoop.jodatime.RandoopTest1.test380, randoop.jodatime.RandoopTest1.test381, randoop.jodatime.RandoopTest1.test382, randoop.jodatime.RandoopTest1.test383, randoop.jodatime.RandoopTest1.test384, randoop.jodatime.RandoopTest1.test385, randoop.jodatime.RandoopTest1.test387, randoop.jodatime.RandoopTest1.test388, randoop.jodatime.RandoopTest1.test389, randoop.jodatime.RandoopTest1.test390, randoop.jodatime.RandoopTest1.test391, randoop.jodatime.RandoopTest1.test393, randoop.jodatime.RandoopTest1.test395, randoop.jodatime.RandoopTest1.test396, randoop.jodatime.RandoopTest1.test397, randoop.jodatime.RandoopTest1.test400, randoop.jodatime.RandoopTest1.test401, randoop.jodatime.RandoopTest1.test402, randoop.jodatime.RandoopTest1.test405, randoop.jodatime.RandoopTest1.test406, randoop.jodatime.RandoopTest1.test407, randoop.jodatime.RandoopTest1.test408, randoop.jodatime.RandoopTest1.test409, randoop.jodatime.RandoopTest1.test410, randoop.jodatime.RandoopTest1.test411, randoop.jodatime.RandoopTest1.test412, randoop.jodatime.RandoopTest1.test415, randoop.jodatime.RandoopTest1.test416, randoop.jodatime.RandoopTest1.test417, randoop.jodatime.RandoopTest1.test418, randoop.jodatime.RandoopTest1.test419, randoop.jodatime.RandoopTest1.test420, randoop.jodatime.RandoopTest1.test421, randoop.jodatime.RandoopTest1.test424, randoop.jodatime.RandoopTest1.test425, randoop.jodatime.RandoopTest1.test426, randoop.jodatime.RandoopTest1.test428, randoop.jodatime.RandoopTest1.test429, randoop.jodatime.RandoopTest1.test431, randoop.jodatime.RandoopTest1.test432, randoop.jodatime.RandoopTest1.test433, randoop.jodatime.RandoopTest1.test434, randoop.jodatime.RandoopTest1.test435, randoop.jodatime.RandoopTest1.test436, randoop.jodatime.RandoopTest1.test437, randoop.jodatime.RandoopTest1.test438, randoop.jodatime.RandoopTest1.test439, randoop.jodatime.RandoopTest1.test440, randoop.jodatime.RandoopTest1.test441, randoop.jodatime.RandoopTest1.test442, randoop.jodatime.RandoopTest1.test443, randoop.jodatime.RandoopTest1.test444, randoop.jodatime.RandoopTest1.test445, randoop.jodatime.RandoopTest1.test448, randoop.jodatime.RandoopTest1.test450, randoop.jodatime.RandoopTest1.test451, randoop.jodatime.RandoopTest1.test452, randoop.jodatime.RandoopTest1.test453, randoop.jodatime.RandoopTest1.test454, randoop.jodatime.RandoopTest1.test455, randoop.jodatime.RandoopTest1.test456, randoop.jodatime.RandoopTest1.test458, randoop.jodatime.RandoopTest1.test459, randoop.jodatime.RandoopTest1.test460, randoop.jodatime.RandoopTest1.test461, randoop.jodatime.RandoopTest1.test462, randoop.jodatime.RandoopTest1.test463, randoop.jodatime.RandoopTest1.test464, randoop.jodatime.RandoopTest1.test465, randoop.jodatime.RandoopTest1.test467, randoop.jodatime.RandoopTest1.test470, randoop.jodatime.RandoopTest1.test471, randoop.jodatime.RandoopTest1.test473, randoop.jodatime.RandoopTest1.test475, randoop.jodatime.RandoopTest1.test476, randoop.jodatime.RandoopTest1.test477, randoop.jodatime.RandoopTest1.test478, randoop.jodatime.RandoopTest1.test479, randoop.jodatime.RandoopTest1.test480, randoop.jodatime.RandoopTest1.test481, randoop.jodatime.RandoopTest1.test483, randoop.jodatime.RandoopTest1.test485, randoop.jodatime.RandoopTest1.test486, randoop.jodatime.RandoopTest1.test487, randoop.jodatime.RandoopTest1.test488, randoop.jodatime.RandoopTest1.test489, randoop.jodatime.RandoopTest1.test490, randoop.jodatime.RandoopTest1.test491, randoop.jodatime.RandoopTest1.test492, randoop.jodatime.RandoopTest1.test493, randoop.jodatime.RandoopTest1.test494, randoop.jodatime.RandoopTest1.test496, randoop.jodatime.RandoopTest1.test497, randoop.jodatime.RandoopTest1.test498, randoop.jodatime.RandoopTest1.test499, randoop.jodatime.RandoopTest1.test500, randoop.jodatime.RandoopTest2.test1, randoop.jodatime.RandoopTest2.test2, randoop.jodatime.RandoopTest2.test3, randoop.jodatime.RandoopTest2.test4, randoop.jodatime.RandoopTest2.test5, randoop.jodatime.RandoopTest2.test6]

Time each test takes to run in the new order:
[125475041, 29707869, 25226309, 22038538, 22605387, 18100936, 10913409, 11415700, 9326229, 9696333, 9492488, 17250117, 19445490, 8533642, 8742065, 18012777, 7210382, 8024109, 8823101, 8428311, 9159562, 7578491, 8255226, 10282316, 9725185, 5435261, 5023120, 5081212, 4731149, 5019360, 4783509, 5670381, 4488957, 4558214, 5116125, 7265717, 5953040, 4818173, 5157002, 4609851, 5070856, 5607037, 4647776, 3969301, 4120797, 3669026, 3621335, 3525327, 3271725, 2943187, 3273951, 3975304, 3074800, 3508277, 3107708, 3037655, 5097506, 2721996, 3482359, 3461763, 2511643, 2743482, 2414454, 2759790, 2456322, 2492745, 2379799, 2892063, 2460624, 2671663, 2323732, 2520477, 2748414, 2423737, 2303001, 2231874, 2212693, 5665746, 2474443, 2369210, 2437420, 3112575, 2148988, 2182754, 2156034, 2352026, 2152336, 2502175, 2395839, 2209166, 2151946, 2210578, 2316837, 2200397, 2134736, 2351786, 2394656, 2138976, 2307051, 2154964, 2313790, 2134683, 2358031, 2594861, 2585004, 2430812, 2417836, 2200068, 2223274, 2423378, 2650325, 2496975, 2405943, 2043682, 2521566, 2461950, 2149789, 2336353, 2470167, 2581084, 5436234, 2170099, 2577171, 2272856, 2563736, 2238272, 2247770, 2729021, 2433474, 2331154, 2162017, 2220852, 4690659, 3175653, 3416861, 3538274, 3459864, 3628973]

Dependent test list:
[Test: randoop.jodatime.RandoopTest0.test196, Intended behavior: FAILURE, when executed after: [randoop.jodatime.RandoopTest0.test192], The revealed different behavior: PASS, when executed after: [], Test: randoop.jodatime.RandoopTest0.test192, Intended behavior: FAILURE, when executed after: [randoop.jodatime.RandoopTest0.test165], The revealed different behavior: PASS, when executed after: [], Test: randoop.jodatime.RandoopTest0.test165, Intended behavior: FAILURE, when executed after: [randoop.jodatime.RandoopTest0.test135], The revealed different behavior: PASS, when executed after: [], Test: randoop.jodatime.RandoopTest0.test360, Intended behavior: FAILURE, when executed after: [randoop.jodatime.RandoopTest0.test338], The revealed different behavior: PASS, when executed after: [], Test: randoop.jodatime.RandoopTest0.test338, Intended behavior: FAILURE, when executed after: [randoop.jodatime.RandoopTest0.test325], The revealed different behavior: PASS, when executed after: [], Test: randoop.jodatime.RandoopTest0.test325, Intended behavior: FAILURE, when executed after: [randoop.jodatime.RandoopTest0.test196], The revealed different behavior: PASS, when executed after: [], Test: randoop.jodatime.RandoopTest1.test235, Intended behavior: FAILURE, when executed after: [randoop.jodatime.RandoopTest1.test181], The revealed different behavior: PASS, when executed after: [], Test: randoop.jodatime.RandoopTest1.test181, Intended behavior: FAILURE, when executed after: [randoop.jodatime.RandoopTest0.test498], The revealed different behavior: PASS, when executed after: [], Test: randoop.jodatime.RandoopTest2.test36, Intended behavior: FAILURE, when executed after: [randoop.jodatime.RandoopTest2.test21], The revealed different behavior: PASS, when executed after: [], Test: randoop.jodatime.RandoopTest2.test77, Intended behavior: FAILURE, when executed after: [randoop.jodatime.RandoopTest1.test467], The revealed different behavior: PASS, when executed after: [], Test: randoop.jodatime.RandoopTest2.test21, Intended behavior: FAILURE, when executed after: [randoop.jodatime.RandoopTest1.test235], The revealed different behavior: PASS, when executed after: [], Test: randoop.jodatime.RandoopTest2.test254, Intended behavior: FAILURE, when executed after: [randoop.jodatime.RandoopTest2.test77], The revealed different behavior: PASS, when executed after: [], Test: randoop.jodatime.RandoopTest2.test243, Intended behavior: FAILURE, when executed after: [randoop.jodatime.RandoopTest2.test36], The revealed different behavior: PASS, when executed after: [], Test: randoop.jodatime.RandoopTest2.test490, Intended behavior: FAILURE, when executed after: [randoop.jodatime.RandoopTest2.test487], The revealed different behavior: PASS, when executed after: [], Test: randoop.jodatime.RandoopTest2.test487, Intended behavior: FAILURE, when executed after: [randoop.jodatime.RandoopTest2.test356], The revealed different behavior: PASS, when executed after: [], Test: randoop.jodatime.RandoopTest2.test356, Intended behavior: FAILURE, when executed after: [randoop.jodatime.RandoopTest2.test243], The revealed different behavior: PASS, when executed after: [], Test: randoop.jodatime.RandoopTest2.test474, Intended behavior: FAILURE, when executed after: [randoop.jodatime.RandoopTest2.test254], The revealed different behavior: PASS, when executed after: [], Test: randoop.jodatime.RandoopTest2.test493, Intended behavior: FAILURE, when executed after: [randoop.jodatime.RandoopTest2.test490], The revealed different behavior: PASS, when executed after: [], Test: randoop.jodatime.RandoopTest3.test195, Intended behavior: FAILURE, when executed after: [randoop.jodatime.RandoopTest3.test193], The revealed different behavior: PASS, when executed after: [], Test: randoop.jodatime.RandoopTest3.test193, Intended behavior: FAILURE, when executed after: [randoop.jodatime.RandoopTest3.test189], The revealed different behavior: PASS, when executed after: [], Test: randoop.jodatime.RandoopTest3.test189, Intended behavior: FAILURE, when executed after: [randoop.jodatime.RandoopTest3.test185], The revealed different behavior: PASS, when executed after: [], Test: randoop.jodatime.RandoopTest3.test185, Intended behavior: FAILURE, when executed after: [randoop.jodatime.RandoopTest3.test161], The revealed different behavior: PASS, when executed after: [], Test: randoop.jodatime.RandoopTest3.test161, Intended behavior: FAILURE, when executed after: [randoop.jodatime.RandoopTest2.test493], The revealed different behavior: PASS, when executed after: [], Test: randoop.jodatime.RandoopTest3.test389, Intended behavior: FAILURE, when executed after: [randoop.jodatime.RandoopTest3.test383], The revealed different behavior: PASS, when executed after: [], Test: randoop.jodatime.RandoopTest3.test383, Intended behavior: FAILURE, when executed after: [randoop.jodatime.RandoopTest3.test347], The revealed different behavior: PASS, when executed after: [], Test: randoop.jodatime.RandoopTest3.test347, Intended behavior: FAILURE, when executed after: [randoop.jodatime.RandoopTest3.test345], The revealed different behavior: PASS, when executed after: [], Test: randoop.jodatime.RandoopTest3.test345, Intended behavior: FAILURE, when executed after: [randoop.jodatime.RandoopTest3.test316], The revealed different behavior: PASS, when executed after: [], Test: randoop.jodatime.RandoopTest3.test316, Intended behavior: FAILURE, when executed after: [randoop.jodatime.RandoopTest3.test315], The revealed different behavior: PASS, when executed after: [], Test: randoop.jodatime.RandoopTest3.test315, Intended behavior: FAILURE, when executed after: [randoop.jodatime.RandoopTest3.test195], The revealed different behavior: PASS, when executed after: [], Test: randoop.jodatime.RandoopTest3.test496, Intended behavior: FAILURE, when executed after: [randoop.jodatime.RandoopTest3.test467], The revealed different behavior: PASS, when executed after: [], Test: randoop.jodatime.RandoopTest3.test467, Intended behavior: FAILURE, when executed after: [randoop.jodatime.RandoopTest3.test389], The revealed different behavior: PASS, when executed after: [], Test: randoop.jodatime.RandoopTest4.test259, Intended behavior: FAILURE, when executed after: [randoop.jodatime.RandoopTest4.test221], The revealed different behavior: PASS, when executed after: [], Test: randoop.jodatime.RandoopTest4.test221, Intended behavior: FAILURE, when executed after: [randoop.jodatime.RandoopTest4.test13], The revealed different behavior: PASS, when executed after: [], Test: randoop.jodatime.RandoopTest4.test401, Intended behavior: FAILURE, when executed after: [randoop.jodatime.RandoopTest4.test259], The revealed different behavior: PASS, when executed after: [], Test: randoop.jodatime.RandoopTest4.test434, Intended behavior: FAILURE, when executed after: [randoop.jodatime.RandoopTest4.test401], The revealed different behavior: PASS, when executed after: [], Test: randoop.jodatime.RandoopTest4.test13, Intended behavior: FAILURE, when executed after: [randoop.jodatime.RandoopTest3.test496], The revealed different behavior: PASS, when executed after: []]
--------------------------
Execution time of TLG and its time to find/nullify any DTs for 1 machine (does not include the time to run the tests in the new order): 1.048
Number of tests selected out of total in original order: 142 / 2211
Number of DTs not fixed: 0
Number of DTs fixed: 0
Execution time for executing the following testing order: 0.851

Test order list:
[randoop.jodatime.RandoopTest2.test7, randoop.jodatime.RandoopTest2.test8, randoop.jodatime.RandoopTest2.test9, randoop.jodatime.RandoopTest2.test10, randoop.jodatime.RandoopTest2.test11, randoop.jodatime.RandoopTest2.test12, randoop.jodatime.RandoopTest2.test13, randoop.jodatime.RandoopTest2.test14, randoop.jodatime.RandoopTest2.test15, randoop.jodatime.RandoopTest2.test16, randoop.jodatime.RandoopTest2.test17, randoop.jodatime.RandoopTest2.test18, randoop.jodatime.RandoopTest2.test19, randoop.jodatime.RandoopTest2.test20, randoop.jodatime.RandoopTest0.test498, randoop.jodatime.RandoopTest1.test181, randoop.jodatime.RandoopTest1.test235, randoop.jodatime.RandoopTest2.test21, randoop.jodatime.RandoopTest2.test22, randoop.jodatime.RandoopTest2.test23, randoop.jodatime.RandoopTest2.test24, randoop.jodatime.RandoopTest2.test25, randoop.jodatime.RandoopTest2.test26, randoop.jodatime.RandoopTest2.test28, randoop.jodatime.RandoopTest2.test29, randoop.jodatime.RandoopTest2.test30, randoop.jodatime.RandoopTest2.test31, randoop.jodatime.RandoopTest2.test32, randoop.jodatime.RandoopTest2.test33, randoop.jodatime.RandoopTest2.test34, randoop.jodatime.RandoopTest2.test35, randoop.jodatime.RandoopTest2.test36, randoop.jodatime.RandoopTest2.test37, randoop.jodatime.RandoopTest2.test38, randoop.jodatime.RandoopTest2.test39, randoop.jodatime.RandoopTest2.test40, randoop.jodatime.RandoopTest2.test42, randoop.jodatime.RandoopTest2.test43, randoop.jodatime.RandoopTest2.test45, randoop.jodatime.RandoopTest2.test46, randoop.jodatime.RandoopTest2.test49, randoop.jodatime.RandoopTest2.test50, randoop.jodatime.RandoopTest2.test51, randoop.jodatime.RandoopTest2.test52, randoop.jodatime.RandoopTest2.test53, randoop.jodatime.RandoopTest2.test54, randoop.jodatime.RandoopTest2.test55, randoop.jodatime.RandoopTest2.test57, randoop.jodatime.RandoopTest2.test58, randoop.jodatime.RandoopTest2.test59, randoop.jodatime.RandoopTest2.test60, randoop.jodatime.RandoopTest2.test61, randoop.jodatime.RandoopTest2.test62, randoop.jodatime.RandoopTest2.test63, randoop.jodatime.RandoopTest2.test64, randoop.jodatime.RandoopTest2.test66, randoop.jodatime.RandoopTest2.test67, randoop.jodatime.RandoopTest2.test68, randoop.jodatime.RandoopTest2.test69, randoop.jodatime.RandoopTest2.test70, randoop.jodatime.RandoopTest2.test71, randoop.jodatime.RandoopTest2.test72, randoop.jodatime.RandoopTest2.test74, randoop.jodatime.RandoopTest2.test75, randoop.jodatime.RandoopTest2.test76, randoop.jodatime.RandoopTest1.test467, randoop.jodatime.RandoopTest2.test77, randoop.jodatime.RandoopTest2.test78, randoop.jodatime.RandoopTest2.test79, randoop.jodatime.RandoopTest2.test80, randoop.jodatime.RandoopTest2.test81, randoop.jodatime.RandoopTest2.test83, randoop.jodatime.RandoopTest2.test84, randoop.jodatime.RandoopTest2.test85, randoop.jodatime.RandoopTest2.test86, randoop.jodatime.RandoopTest2.test87, randoop.jodatime.RandoopTest2.test88, randoop.jodatime.RandoopTest2.test90, randoop.jodatime.RandoopTest2.test91, randoop.jodatime.RandoopTest2.test93, randoop.jodatime.RandoopTest2.test94, randoop.jodatime.RandoopTest2.test95, randoop.jodatime.RandoopTest2.test96, randoop.jodatime.RandoopTest2.test97, randoop.jodatime.RandoopTest2.test98, randoop.jodatime.RandoopTest2.test99, randoop.jodatime.RandoopTest2.test100, randoop.jodatime.RandoopTest2.test101, randoop.jodatime.RandoopTest2.test102, randoop.jodatime.RandoopTest2.test103, randoop.jodatime.RandoopTest2.test104, randoop.jodatime.RandoopTest2.test106, randoop.jodatime.RandoopTest2.test107, randoop.jodatime.RandoopTest2.test108, randoop.jodatime.RandoopTest2.test109, randoop.jodatime.RandoopTest2.test110, randoop.jodatime.RandoopTest2.test111, randoop.jodatime.RandoopTest2.test112, randoop.jodatime.RandoopTest2.test113, randoop.jodatime.RandoopTest2.test114, randoop.jodatime.RandoopTest2.test115, randoop.jodatime.RandoopTest2.test116, randoop.jodatime.RandoopTest2.test117, randoop.jodatime.RandoopTest2.test118, randoop.jodatime.RandoopTest2.test119, randoop.jodatime.RandoopTest2.test120, randoop.jodatime.RandoopTest2.test121, randoop.jodatime.RandoopTest2.test122, randoop.jodatime.RandoopTest2.test123, randoop.jodatime.RandoopTest2.test124, randoop.jodatime.RandoopTest2.test125, randoop.jodatime.RandoopTest2.test127, randoop.jodatime.RandoopTest2.test129, randoop.jodatime.RandoopTest2.test130, randoop.jodatime.RandoopTest2.test131, randoop.jodatime.RandoopTest2.test132, randoop.jodatime.RandoopTest2.test133, randoop.jodatime.RandoopTest2.test134, randoop.jodatime.RandoopTest2.test135, randoop.jodatime.RandoopTest2.test136, randoop.jodatime.RandoopTest2.test137, randoop.jodatime.RandoopTest2.test139, randoop.jodatime.RandoopTest2.test140, randoop.jodatime.RandoopTest2.test142, randoop.jodatime.RandoopTest2.test143, randoop.jodatime.RandoopTest2.test144, randoop.jodatime.RandoopTest2.test145, randoop.jodatime.RandoopTest2.test147, randoop.jodatime.RandoopTest2.test148, randoop.jodatime.RandoopTest2.test149, randoop.jodatime.RandoopTest2.test150, randoop.jodatime.RandoopTest2.test151, randoop.jodatime.RandoopTest2.test152, randoop.jodatime.RandoopTest2.test153, randoop.jodatime.RandoopTest2.test154, randoop.jodatime.RandoopTest2.test155, randoop.jodatime.RandoopTest2.test156, randoop.jodatime.RandoopTest2.test158, randoop.jodatime.RandoopTest2.test159, randoop.jodatime.RandoopTest2.test160, randoop.jodatime.RandoopTest2.test161, randoop.jodatime.RandoopTest2.test164]

Time each test takes to run in the new order:
[112951213, 37839786, 27950267, 24165565, 21337540, 18036053, 10804328, 11161590, 11236525, 9320028, 8487882, 10978084, 7202079, 7685969, 9393369, 8632308, 7969321, 7005117, 8052276, 8539871, 7923844, 8955941, 7721879, 8336383, 13652336, 10401282, 10301096, 11905212, 10359944, 10790844, 10938077, 9857280, 4581023, 4540143, 10480848, 7625164, 4831447, 4959717, 4517439, 4948521, 4710644, 4711129, 4511348, 4377304, 10696716, 4493497, 4272013, 5013435, 4057977, 5164398, 7013187, 3530794, 4079856, 3237713, 3262421, 5137967, 3669451, 3126610, 2812123, 4269507, 2953866, 3038880, 2565064, 2854845, 2504664, 2927107, 2627229, 2563622, 2557626, 2924999, 2957359, 2991949, 2670874, 3908940, 2494485, 2404061, 2371639, 4985152, 2472633, 2568948, 2396777, 2662750, 2586813, 2712266, 2599065, 2361692, 2944457, 2645257, 2480105, 2699773, 3101505, 2281693, 2617802, 2727203, 2664714, 2244943, 2579579, 2336189, 2209607, 2321090, 2634865, 2525141, 10991239, 2499485, 2611903, 2520452, 2219548, 2409127, 2400077, 2433350, 2224691, 2522770, 2418747, 2359742, 2274844, 2321930, 2706730, 2295584, 2449398, 2680543, 5147925, 2946038, 2298066, 2330988, 2377120, 2395521, 2391038, 2751233, 2535074, 2675233, 2396962, 2333564, 2611043, 2317683, 2548775, 2238104, 2257605, 2213851, 2466241, 2258177, 2660632, 2167412]

Dependent test list:
[Test: randoop.jodatime.RandoopTest0.test196, Intended behavior: FAILURE, when executed after: [randoop.jodatime.RandoopTest0.test192], The revealed different behavior: PASS, when executed after: [], Test: randoop.jodatime.RandoopTest0.test192, Intended behavior: FAILURE, when executed after: [randoop.jodatime.RandoopTest0.test165], The revealed different behavior: PASS, when executed after: [], Test: randoop.jodatime.RandoopTest0.test165, Intended behavior: FAILURE, when executed after: [randoop.jodatime.RandoopTest0.test135], The revealed different behavior: PASS, when executed after: [], Test: randoop.jodatime.RandoopTest0.test360, Intended behavior: FAILURE, when executed after: [randoop.jodatime.RandoopTest0.test338], The revealed different behavior: PASS, when executed after: [], Test: randoop.jodatime.RandoopTest0.test338, Intended behavior: FAILURE, when executed after: [randoop.jodatime.RandoopTest0.test325], The revealed different behavior: PASS, when executed after: [], Test: randoop.jodatime.RandoopTest0.test325, Intended behavior: FAILURE, when executed after: [randoop.jodatime.RandoopTest0.test196], The revealed different behavior: PASS, when executed after: [], Test: randoop.jodatime.RandoopTest1.test235, Intended behavior: FAILURE, when executed after: [randoop.jodatime.RandoopTest1.test181], The revealed different behavior: PASS, when executed after: [], Test: randoop.jodatime.RandoopTest1.test181, Intended behavior: FAILURE, when executed after: [randoop.jodatime.RandoopTest0.test498], The revealed different behavior: PASS, when executed after: [], Test: randoop.jodatime.RandoopTest2.test36, Intended behavior: FAILURE, when executed after: [randoop.jodatime.RandoopTest2.test21], The revealed different behavior: PASS, when executed after: [], Test: randoop.jodatime.RandoopTest2.test77, Intended behavior: FAILURE, when executed after: [randoop.jodatime.RandoopTest1.test467], The revealed different behavior: PASS, when executed after: [], Test: randoop.jodatime.RandoopTest2.test21, Intended behavior: FAILURE, when executed after: [randoop.jodatime.RandoopTest1.test235], The revealed different behavior: PASS, when executed after: [], Test: randoop.jodatime.RandoopTest2.test254, Intended behavior: FAILURE, when executed after: [randoop.jodatime.RandoopTest2.test77], The revealed different behavior: PASS, when executed after: [], Test: randoop.jodatime.RandoopTest2.test243, Intended behavior: FAILURE, when executed after: [randoop.jodatime.RandoopTest2.test36], The revealed different behavior: PASS, when executed after: [], Test: randoop.jodatime.RandoopTest2.test490, Intended behavior: FAILURE, when executed after: [randoop.jodatime.RandoopTest2.test487], The revealed different behavior: PASS, when executed after: [], Test: randoop.jodatime.RandoopTest2.test487, Intended behavior: FAILURE, when executed after: [randoop.jodatime.RandoopTest2.test356], The revealed different behavior: PASS, when executed after: [], Test: randoop.jodatime.RandoopTest2.test356, Intended behavior: FAILURE, when executed after: [randoop.jodatime.RandoopTest2.test243], The revealed different behavior: PASS, when executed after: [], Test: randoop.jodatime.RandoopTest2.test474, Intended behavior: FAILURE, when executed after: [randoop.jodatime.RandoopTest2.test254], The revealed different behavior: PASS, when executed after: [], Test: randoop.jodatime.RandoopTest2.test493, Intended behavior: FAILURE, when executed after: [randoop.jodatime.RandoopTest2.test490], The revealed different behavior: PASS, when executed after: [], Test: randoop.jodatime.RandoopTest3.test195, Intended behavior: FAILURE, when executed after: [randoop.jodatime.RandoopTest3.test193], The revealed different behavior: PASS, when executed after: [], Test: randoop.jodatime.RandoopTest3.test193, Intended behavior: FAILURE, when executed after: [randoop.jodatime.RandoopTest3.test189], The revealed different behavior: PASS, when executed after: [], Test: randoop.jodatime.RandoopTest3.test189, Intended behavior: FAILURE, when executed after: [randoop.jodatime.RandoopTest3.test185], The revealed different behavior: PASS, when executed after: [], Test: randoop.jodatime.RandoopTest3.test185, Intended behavior: FAILURE, when executed after: [randoop.jodatime.RandoopTest3.test161], The revealed different behavior: PASS, when executed after: [], Test: randoop.jodatime.RandoopTest3.test161, Intended behavior: FAILURE, when executed after: [randoop.jodatime.RandoopTest2.test493], The revealed different behavior: PASS, when executed after: [], Test: randoop.jodatime.RandoopTest3.test389, Intended behavior: FAILURE, when executed after: [randoop.jodatime.RandoopTest3.test383], The revealed different behavior: PASS, when executed after: [], Test: randoop.jodatime.RandoopTest3.test383, Intended behavior: FAILURE, when executed after: [randoop.jodatime.RandoopTest3.test347], The revealed different behavior: PASS, when executed after: [], Test: randoop.jodatime.RandoopTest3.test347, Intended behavior: FAILURE, when executed after: [randoop.jodatime.RandoopTest3.test345], The revealed different behavior: PASS, when executed after: [], Test: randoop.jodatime.RandoopTest3.test345, Intended behavior: FAILURE, when executed after: [randoop.jodatime.RandoopTest3.test316], The revealed different behavior: PASS, when executed after: [], Test: randoop.jodatime.RandoopTest3.test316, Intended behavior: FAILURE, when executed after: [randoop.jodatime.RandoopTest3.test315], The revealed different behavior: PASS, when executed after: [], Test: randoop.jodatime.RandoopTest3.test315, Intended behavior: FAILURE, when executed after: [randoop.jodatime.RandoopTest3.test195], The revealed different behavior: PASS, when executed after: [], Test: randoop.jodatime.RandoopTest3.test496, Intended behavior: FAILURE, when executed after: [randoop.jodatime.RandoopTest3.test467], The revealed different behavior: PASS, when executed after: [], Test: randoop.jodatime.RandoopTest3.test467, Intended behavior: FAILURE, when executed after: [randoop.jodatime.RandoopTest3.test389], The revealed different behavior: PASS, when executed after: [], Test: randoop.jodatime.RandoopTest4.test259, Intended behavior: FAILURE, when executed after: [randoop.jodatime.RandoopTest4.test221], The revealed different behavior: PASS, when executed after: [], Test: randoop.jodatime.RandoopTest4.test221, Intended behavior: FAILURE, when executed after: [randoop.jodatime.RandoopTest4.test13], The revealed different behavior: PASS, when executed after: [], Test: randoop.jodatime.RandoopTest4.test401, Intended behavior: FAILURE, when executed after: [randoop.jodatime.RandoopTest4.test259], The revealed different behavior: PASS, when executed after: [], Test: randoop.jodatime.RandoopTest4.test434, Intended behavior: FAILURE, when executed after: [randoop.jodatime.RandoopTest4.test401], The revealed different behavior: PASS, when executed after: [], Test: randoop.jodatime.RandoopTest4.test13, Intended behavior: FAILURE, when executed after: [randoop.jodatime.RandoopTest3.test496], The revealed different behavior: PASS, when executed after: []]
--------------------------
Execution time of TLG and its time to find/nullify any DTs for 1 machine (does not include the time to run the tests in the new order): 13.797
Number of tests selected out of total in original order: 145 / 2211
Number of DTs not fixed: 0
Number of DTs fixed: 1
Execution time for executing the following testing order: 0.871

Test order list:
[randoop.jodatime.RandoopTest2.test165, randoop.jodatime.RandoopTest2.test166, randoop.jodatime.RandoopTest2.test167, randoop.jodatime.RandoopTest2.test168, randoop.jodatime.RandoopTest2.test169, randoop.jodatime.RandoopTest2.test170, randoop.jodatime.RandoopTest2.test172, randoop.jodatime.RandoopTest2.test173, randoop.jodatime.RandoopTest2.test174, randoop.jodatime.RandoopTest2.test175, randoop.jodatime.RandoopTest2.test177, randoop.jodatime.RandoopTest2.test178, randoop.jodatime.RandoopTest2.test179, randoop.jodatime.RandoopTest2.test180, randoop.jodatime.RandoopTest2.test181, randoop.jodatime.RandoopTest2.test182, randoop.jodatime.RandoopTest2.test183, randoop.jodatime.RandoopTest2.test184, randoop.jodatime.RandoopTest2.test185, randoop.jodatime.RandoopTest2.test186, randoop.jodatime.RandoopTest2.test187, randoop.jodatime.RandoopTest2.test188, randoop.jodatime.RandoopTest2.test189, randoop.jodatime.RandoopTest2.test190, randoop.jodatime.RandoopTest2.test191, randoop.jodatime.RandoopTest2.test192, randoop.jodatime.RandoopTest2.test193, randoop.jodatime.RandoopTest2.test194, randoop.jodatime.RandoopTest2.test195, randoop.jodatime.RandoopTest2.test196, randoop.jodatime.RandoopTest2.test197, randoop.jodatime.RandoopTest2.test198, randoop.jodatime.RandoopTest2.test199, randoop.jodatime.RandoopTest2.test200, randoop.jodatime.RandoopTest2.test201, randoop.jodatime.RandoopTest2.test202, randoop.jodatime.RandoopTest2.test203, randoop.jodatime.RandoopTest2.test204, randoop.jodatime.RandoopTest2.test205, randoop.jodatime.RandoopTest2.test206, randoop.jodatime.RandoopTest2.test207, randoop.jodatime.RandoopTest2.test209, randoop.jodatime.RandoopTest2.test210, randoop.jodatime.RandoopTest2.test211, randoop.jodatime.RandoopTest1.test467, randoop.jodatime.RandoopTest2.test77, randoop.jodatime.RandoopTest2.test212, randoop.jodatime.RandoopTest2.test213, randoop.jodatime.RandoopTest2.test214, randoop.jodatime.RandoopTest2.test215, randoop.jodatime.RandoopTest2.test216, randoop.jodatime.RandoopTest2.test217, randoop.jodatime.RandoopTest2.test218, randoop.jodatime.RandoopTest2.test219, randoop.jodatime.RandoopTest2.test220, randoop.jodatime.RandoopTest2.test221, randoop.jodatime.RandoopTest2.test222, randoop.jodatime.RandoopTest2.test223, randoop.jodatime.RandoopTest2.test224, randoop.jodatime.RandoopTest2.test226, randoop.jodatime.RandoopTest2.test227, randoop.jodatime.RandoopTest2.test229, randoop.jodatime.RandoopTest2.test230, randoop.jodatime.RandoopTest2.test231, randoop.jodatime.RandoopTest2.test233, randoop.jodatime.RandoopTest2.test234, randoop.jodatime.RandoopTest2.test235, randoop.jodatime.RandoopTest2.test236, randoop.jodatime.RandoopTest2.test237, randoop.jodatime.RandoopTest2.test238, randoop.jodatime.RandoopTest2.test239, randoop.jodatime.RandoopTest2.test241, randoop.jodatime.RandoopTest2.test242, randoop.jodatime.RandoopTest0.test498, randoop.jodatime.RandoopTest1.test181, randoop.jodatime.RandoopTest1.test235, randoop.jodatime.RandoopTest2.test21, randoop.jodatime.RandoopTest2.test36, randoop.jodatime.RandoopTest2.test243, randoop.jodatime.RandoopTest2.test244, randoop.jodatime.RandoopTest2.test245, randoop.jodatime.RandoopTest2.test247, randoop.jodatime.RandoopTest2.test248, randoop.jodatime.RandoopTest2.test250, randoop.jodatime.RandoopTest2.test251, randoop.jodatime.RandoopTest2.test252, randoop.jodatime.RandoopTest2.test253, randoop.jodatime.RandoopTest2.test254, randoop.jodatime.RandoopTest2.test255, randoop.jodatime.RandoopTest2.test256, randoop.jodatime.RandoopTest2.test258, randoop.jodatime.RandoopTest2.test259, randoop.jodatime.RandoopTest2.test260, randoop.jodatime.RandoopTest2.test261, randoop.jodatime.RandoopTest2.test263, randoop.jodatime.RandoopTest2.test265, randoop.jodatime.RandoopTest2.test266, randoop.jodatime.RandoopTest2.test267, randoop.jodatime.RandoopTest2.test268, randoop.jodatime.RandoopTest2.test269, randoop.jodatime.RandoopTest2.test270, randoop.jodatime.RandoopTest2.test272, randoop.jodatime.RandoopTest2.test273, randoop.jodatime.RandoopTest2.test275, randoop.jodatime.RandoopTest2.test276, randoop.jodatime.RandoopTest2.test277, randoop.jodatime.RandoopTest2.test278, randoop.jodatime.RandoopTest2.test279, randoop.jodatime.RandoopTest2.test280, randoop.jodatime.RandoopTest2.test282, randoop.jodatime.RandoopTest2.test283, randoop.jodatime.RandoopTest2.test284, randoop.jodatime.RandoopTest2.test285, randoop.jodatime.RandoopTest2.test287, randoop.jodatime.RandoopTest2.test288, randoop.jodatime.RandoopTest2.test289, randoop.jodatime.RandoopTest2.test291, randoop.jodatime.RandoopTest2.test292, randoop.jodatime.RandoopTest2.test294, randoop.jodatime.RandoopTest2.test295, randoop.jodatime.RandoopTest2.test296, randoop.jodatime.RandoopTest2.test297, randoop.jodatime.RandoopTest2.test298, randoop.jodatime.RandoopTest2.test299, randoop.jodatime.RandoopTest2.test300, randoop.jodatime.RandoopTest2.test301, randoop.jodatime.RandoopTest2.test302, randoop.jodatime.RandoopTest2.test303, randoop.jodatime.RandoopTest2.test304, randoop.jodatime.RandoopTest2.test307, randoop.jodatime.RandoopTest2.test308, randoop.jodatime.RandoopTest2.test309, randoop.jodatime.RandoopTest2.test310, randoop.jodatime.RandoopTest2.test311, randoop.jodatime.RandoopTest2.test312, randoop.jodatime.RandoopTest2.test313, randoop.jodatime.RandoopTest2.test314, randoop.jodatime.RandoopTest2.test315, randoop.jodatime.RandoopTest2.test316, randoop.jodatime.RandoopTest2.test317, randoop.jodatime.RandoopTest2.test318, randoop.jodatime.RandoopTest2.test319, randoop.jodatime.RandoopTest2.test320, randoop.jodatime.RandoopTest2.test321, randoop.jodatime.RandoopTest2.test322]

Time each test takes to run in the new order:
[131784687, 33156421, 23521916, 21666963, 20518661, 18858671, 12669299, 10531357, 13991016, 11321430, 8683680, 7897130, 7771593, 9016128, 7324634, 9985123, 8509121, 7482630, 6999850, 122463653, 3009776, 3900133, 2985501, 3247538, 2645776, 2673398, 3069272, 4662403, 2772527, 2731641, 2630705, 2603752, 3106826, 3138310, 2305943, 2550564, 5205963, 3308813, 2243227, 3444364, 2917838, 2177965, 2833700, 2278565, 5851610, 5412788, 6534512, 4701047, 3610228, 4225996, 3940383, 3832221, 4026178, 4445562, 6484271, 6353150, 5052521, 5583706, 3314528, 3238531, 3333349, 3349181, 3358369, 2788405, 2666653, 3169385, 2807116, 3321374, 2830139, 7153468, 2711465, 2520950, 2918757, 4020919, 2980299, 3127214, 2408857, 2321505, 5105682, 2622297, 2418922, 2817568, 2498552, 2485800, 2464074, 2424195, 2303722, 2683973, 2209793, 2239135, 2202949, 2145233, 2450549, 2603769, 2542859, 2943825, 2735302, 2203215, 2680710, 2208184, 2279726, 2752302, 2378112, 2501177, 2401618, 2794975, 2429039, 2212716, 2675220, 2261547, 2533980, 2084893, 2340144, 2278371, 2303561, 2248398, 2746731, 2929822, 2402734, 2904980, 2594303, 5315428, 2734953, 2405089, 2246702, 2522105, 2523235, 2224006, 2336990, 2405601, 2270377, 2144987, 2402705, 2549644, 2578200, 2477703, 2250610, 2211159, 2342942, 3162263, 2242792, 2533881, 2090200, 2553520, 2095135]

Dependent test list:
[Test: randoop.jodatime.RandoopTest0.test196, Intended behavior: FAILURE, when executed after: [randoop.jodatime.RandoopTest0.test192], The revealed different behavior: PASS, when executed after: [], Test: randoop.jodatime.RandoopTest0.test192, Intended behavior: FAILURE, when executed after: [randoop.jodatime.RandoopTest0.test165], The revealed different behavior: PASS, when executed after: [], Test: randoop.jodatime.RandoopTest0.test165, Intended behavior: FAILURE, when executed after: [randoop.jodatime.RandoopTest0.test135], The revealed different behavior: PASS, when executed after: [], Test: randoop.jodatime.RandoopTest0.test360, Intended behavior: FAILURE, when executed after: [randoop.jodatime.RandoopTest0.test338], The revealed different behavior: PASS, when executed after: [], Test: randoop.jodatime.RandoopTest0.test338, Intended behavior: FAILURE, when executed after: [randoop.jodatime.RandoopTest0.test325], The revealed different behavior: PASS, when executed after: [], Test: randoop.jodatime.RandoopTest0.test325, Intended behavior: FAILURE, when executed after: [randoop.jodatime.RandoopTest0.test196], The revealed different behavior: PASS, when executed after: [], Test: randoop.jodatime.RandoopTest1.test235, Intended behavior: FAILURE, when executed after: [randoop.jodatime.RandoopTest1.test181], The revealed different behavior: PASS, when executed after: [], Test: randoop.jodatime.RandoopTest1.test181, Intended behavior: FAILURE, when executed after: [randoop.jodatime.RandoopTest0.test498], The revealed different behavior: PASS, when executed after: [], Test: randoop.jodatime.RandoopTest2.test36, Intended behavior: FAILURE, when executed after: [randoop.jodatime.RandoopTest2.test21], The revealed different behavior: PASS, when executed after: [], Test: randoop.jodatime.RandoopTest2.test77, Intended behavior: FAILURE, when executed after: [randoop.jodatime.RandoopTest1.test467], The revealed different behavior: PASS, when executed after: [], Test: randoop.jodatime.RandoopTest2.test21, Intended behavior: FAILURE, when executed after: [randoop.jodatime.RandoopTest1.test235], The revealed different behavior: PASS, when executed after: [], Test: randoop.jodatime.RandoopTest2.test254, Intended behavior: FAILURE, when executed after: [randoop.jodatime.RandoopTest2.test212], The revealed different behavior: PASS, when executed after: [], Test: randoop.jodatime.RandoopTest2.test243, Intended behavior: FAILURE, when executed after: [randoop.jodatime.RandoopTest2.test36], The revealed different behavior: PASS, when executed after: [], Test: randoop.jodatime.RandoopTest2.test490, Intended behavior: FAILURE, when executed after: [randoop.jodatime.RandoopTest2.test487], The revealed different behavior: PASS, when executed after: [], Test: randoop.jodatime.RandoopTest2.test487, Intended behavior: FAILURE, when executed after: [randoop.jodatime.RandoopTest2.test356], The revealed different behavior: PASS, when executed after: [], Test: randoop.jodatime.RandoopTest2.test356, Intended behavior: FAILURE, when executed after: [randoop.jodatime.RandoopTest2.test243], The revealed different behavior: PASS, when executed after: [], Test: randoop.jodatime.RandoopTest2.test474, Intended behavior: FAILURE, when executed after: [randoop.jodatime.RandoopTest2.test254], The revealed different behavior: PASS, when executed after: [], Test: randoop.jodatime.RandoopTest2.test493, Intended behavior: FAILURE, when executed after: [randoop.jodatime.RandoopTest2.test490], The revealed different behavior: PASS, when executed after: [], Test: randoop.jodatime.RandoopTest3.test195, Intended behavior: FAILURE, when executed after: [randoop.jodatime.RandoopTest3.test193], The revealed different behavior: PASS, when executed after: [], Test: randoop.jodatime.RandoopTest3.test193, Intended behavior: FAILURE, when executed after: [randoop.jodatime.RandoopTest3.test189], The revealed different behavior: PASS, when executed after: [], Test: randoop.jodatime.RandoopTest3.test189, Intended behavior: FAILURE, when executed after: [randoop.jodatime.RandoopTest3.test185], The revealed different behavior: PASS, when executed after: [], Test: randoop.jodatime.RandoopTest3.test185, Intended behavior: FAILURE, when executed after: [randoop.jodatime.RandoopTest3.test161], The revealed different behavior: PASS, when executed after: [], Test: randoop.jodatime.RandoopTest3.test161, Intended behavior: FAILURE, when executed after: [randoop.jodatime.RandoopTest2.test493], The revealed different behavior: PASS, when executed after: [], Test: randoop.jodatime.RandoopTest3.test389, Intended behavior: FAILURE, when executed after: [randoop.jodatime.RandoopTest3.test383], The revealed different behavior: PASS, when executed after: [], Test: randoop.jodatime.RandoopTest3.test383, Intended behavior: FAILURE, when executed after: [randoop.jodatime.RandoopTest3.test347], The revealed different behavior: PASS, when executed after: [], Test: randoop.jodatime.RandoopTest3.test347, Intended behavior: FAILURE, when executed after: [randoop.jodatime.RandoopTest3.test345], The revealed different behavior: PASS, when executed after: [], Test: randoop.jodatime.RandoopTest3.test345, Intended behavior: FAILURE, when executed after: [randoop.jodatime.RandoopTest3.test316], The revealed different behavior: PASS, when executed after: [], Test: randoop.jodatime.RandoopTest3.test316, Intended behavior: FAILURE, when executed after: [randoop.jodatime.RandoopTest3.test315], The revealed different behavior: PASS, when executed after: [], Test: randoop.jodatime.RandoopTest3.test315, Intended behavior: FAILURE, when executed after: [randoop.jodatime.RandoopTest3.test195], The revealed different behavior: PASS, when executed after: [], Test: randoop.jodatime.RandoopTest3.test496, Intended behavior: FAILURE, when executed after: [randoop.jodatime.RandoopTest3.test467], The revealed different behavior: PASS, when executed after: [], Test: randoop.jodatime.RandoopTest3.test467, Intended behavior: FAILURE, when executed after: [randoop.jodatime.RandoopTest3.test389], The revealed different behavior: PASS, when executed after: [], Test: randoop.jodatime.RandoopTest4.test259, Intended behavior: FAILURE, when executed after: [randoop.jodatime.RandoopTest4.test221], The revealed different behavior: PASS, when executed after: [], Test: randoop.jodatime.RandoopTest4.test221, Intended behavior: FAILURE, when executed after: [randoop.jodatime.RandoopTest4.test13], The revealed different behavior: PASS, when executed after: [], Test: randoop.jodatime.RandoopTest4.test401, Intended behavior: FAILURE, when executed after: [randoop.jodatime.RandoopTest4.test259], The revealed different behavior: PASS, when executed after: [], Test: randoop.jodatime.RandoopTest4.test434, Intended behavior: FAILURE, when executed after: [randoop.jodatime.RandoopTest4.test401], The revealed different behavior: PASS, when executed after: [], Test: randoop.jodatime.RandoopTest4.test13, Intended behavior: FAILURE, when executed after: [randoop.jodatime.RandoopTest3.test496], The revealed different behavior: PASS, when executed after: [], Test: randoop.jodatime.RandoopTest2.test212, Intended behavior: FAILURE, when executed after: [randoop.jodatime.RandoopTest2.test77], The revealed different behavior: PASS, when executed after: []]
--------------------------
Execution time of TLG and its time to find/nullify any DTs for 1 machine (does not include the time to run the tests in the new order): 14.926
Number of tests selected out of total in original order: 148 / 2211
Number of DTs not fixed: 0
Number of DTs fixed: 1
Execution time for executing the following testing order: 0.905

Test order list:
[randoop.jodatime.RandoopTest2.test323, randoop.jodatime.RandoopTest2.test324, randoop.jodatime.RandoopTest2.test325, randoop.jodatime.RandoopTest2.test326, randoop.jodatime.RandoopTest2.test328, randoop.jodatime.RandoopTest2.test329, randoop.jodatime.RandoopTest2.test330, randoop.jodatime.RandoopTest2.test331, randoop.jodatime.RandoopTest2.test332, randoop.jodatime.RandoopTest2.test333, randoop.jodatime.RandoopTest2.test335, randoop.jodatime.RandoopTest2.test336, randoop.jodatime.RandoopTest2.test338, randoop.jodatime.RandoopTest2.test339, randoop.jodatime.RandoopTest2.test340, randoop.jodatime.RandoopTest2.test342, randoop.jodatime.RandoopTest2.test345, randoop.jodatime.RandoopTest2.test347, randoop.jodatime.RandoopTest2.test349, randoop.jodatime.RandoopTest2.test351, randoop.jodatime.RandoopTest2.test352, randoop.jodatime.RandoopTest2.test353, randoop.jodatime.RandoopTest2.test354, randoop.jodatime.RandoopTest2.test355, randoop.jodatime.RandoopTest0.test498, randoop.jodatime.RandoopTest1.test181, randoop.jodatime.RandoopTest1.test235, randoop.jodatime.RandoopTest2.test21, randoop.jodatime.RandoopTest2.test36, randoop.jodatime.RandoopTest2.test243, randoop.jodatime.RandoopTest2.test356, randoop.jodatime.RandoopTest2.test357, randoop.jodatime.RandoopTest2.test358, randoop.jodatime.RandoopTest2.test359, randoop.jodatime.RandoopTest2.test360, randoop.jodatime.RandoopTest2.test362, randoop.jodatime.RandoopTest2.test365, randoop.jodatime.RandoopTest2.test366, randoop.jodatime.RandoopTest2.test367, randoop.jodatime.RandoopTest2.test368, randoop.jodatime.RandoopTest2.test369, randoop.jodatime.RandoopTest2.test370, randoop.jodatime.RandoopTest2.test371, randoop.jodatime.RandoopTest2.test372, randoop.jodatime.RandoopTest2.test373, randoop.jodatime.RandoopTest2.test374, randoop.jodatime.RandoopTest2.test375, randoop.jodatime.RandoopTest1.test467, randoop.jodatime.RandoopTest2.test77, randoop.jodatime.RandoopTest2.test212, randoop.jodatime.RandoopTest2.test254, randoop.jodatime.RandoopTest2.test376, randoop.jodatime.RandoopTest2.test377, randoop.jodatime.RandoopTest2.test378, randoop.jodatime.RandoopTest2.test380, randoop.jodatime.RandoopTest2.test381, randoop.jodatime.RandoopTest2.test382, randoop.jodatime.RandoopTest2.test383, randoop.jodatime.RandoopTest2.test384, randoop.jodatime.RandoopTest2.test386, randoop.jodatime.RandoopTest2.test387, randoop.jodatime.RandoopTest2.test388, randoop.jodatime.RandoopTest2.test390, randoop.jodatime.RandoopTest2.test391, randoop.jodatime.RandoopTest2.test392, randoop.jodatime.RandoopTest2.test393, randoop.jodatime.RandoopTest2.test394, randoop.jodatime.RandoopTest2.test395, randoop.jodatime.RandoopTest2.test397, randoop.jodatime.RandoopTest2.test398, randoop.jodatime.RandoopTest2.test399, randoop.jodatime.RandoopTest2.test400, randoop.jodatime.RandoopTest2.test401, randoop.jodatime.RandoopTest2.test402, randoop.jodatime.RandoopTest2.test404, randoop.jodatime.RandoopTest2.test405, randoop.jodatime.RandoopTest2.test406, randoop.jodatime.RandoopTest2.test408, randoop.jodatime.RandoopTest2.test409, randoop.jodatime.RandoopTest2.test410, randoop.jodatime.RandoopTest2.test411, randoop.jodatime.RandoopTest2.test413, randoop.jodatime.RandoopTest2.test414, randoop.jodatime.RandoopTest2.test415, randoop.jodatime.RandoopTest2.test416, randoop.jodatime.RandoopTest2.test417, randoop.jodatime.RandoopTest2.test418, randoop.jodatime.RandoopTest2.test419, randoop.jodatime.RandoopTest2.test420, randoop.jodatime.RandoopTest2.test421, randoop.jodatime.RandoopTest2.test422, randoop.jodatime.RandoopTest2.test424, randoop.jodatime.RandoopTest2.test426, randoop.jodatime.RandoopTest2.test427, randoop.jodatime.RandoopTest2.test428, randoop.jodatime.RandoopTest2.test429, randoop.jodatime.RandoopTest2.test430, randoop.jodatime.RandoopTest2.test431, randoop.jodatime.RandoopTest2.test432, randoop.jodatime.RandoopTest2.test433, randoop.jodatime.RandoopTest2.test434, randoop.jodatime.RandoopTest2.test435, randoop.jodatime.RandoopTest2.test436, randoop.jodatime.RandoopTest2.test437, randoop.jodatime.RandoopTest2.test438, randoop.jodatime.RandoopTest2.test439, randoop.jodatime.RandoopTest2.test440, randoop.jodatime.RandoopTest2.test441, randoop.jodatime.RandoopTest2.test442, randoop.jodatime.RandoopTest2.test443, randoop.jodatime.RandoopTest2.test444, randoop.jodatime.RandoopTest2.test445, randoop.jodatime.RandoopTest2.test446, randoop.jodatime.RandoopTest2.test449, randoop.jodatime.RandoopTest2.test450, randoop.jodatime.RandoopTest2.test453, randoop.jodatime.RandoopTest2.test454, randoop.jodatime.RandoopTest2.test455, randoop.jodatime.RandoopTest2.test456, randoop.jodatime.RandoopTest2.test457, randoop.jodatime.RandoopTest2.test458, randoop.jodatime.RandoopTest2.test459, randoop.jodatime.RandoopTest2.test460, randoop.jodatime.RandoopTest2.test461, randoop.jodatime.RandoopTest2.test464, randoop.jodatime.RandoopTest2.test465, randoop.jodatime.RandoopTest2.test466, randoop.jodatime.RandoopTest2.test467, randoop.jodatime.RandoopTest2.test468, randoop.jodatime.RandoopTest2.test469, randoop.jodatime.RandoopTest2.test470, randoop.jodatime.RandoopTest2.test471, randoop.jodatime.RandoopTest2.test472, randoop.jodatime.RandoopTest2.test473, randoop.jodatime.RandoopTest2.test474, randoop.jodatime.RandoopTest2.test475, randoop.jodatime.RandoopTest2.test476, randoop.jodatime.RandoopTest2.test478, randoop.jodatime.RandoopTest2.test480, randoop.jodatime.RandoopTest2.test481, randoop.jodatime.RandoopTest2.test482, randoop.jodatime.RandoopTest2.test483, randoop.jodatime.RandoopTest2.test484, randoop.jodatime.RandoopTest2.test486, randoop.jodatime.RandoopTest2.test487, randoop.jodatime.RandoopTest2.test489, randoop.jodatime.RandoopTest2.test490, randoop.jodatime.RandoopTest2.test491]

Time each test takes to run in the new order:
[118539283, 28632449, 30483589, 27318928, 22632186, 16355324, 10782560, 10713842, 11976290, 9582332, 64433218, 7682920, 7929041, 7391464, 8535086, 11063618, 7875983, 8110087, 6976853, 7106517, 6810437, 7371916, 4748692, 4960071, 8186627, 7970372, 7305203, 6315279, 6031457, 5895690, 5728345, 6631475, 5482983, 5741357, 7173937, 9631576, 6734041, 6992834, 7557838, 7033301, 6320063, 6983986, 6630636, 7480387, 12222588, 7828241, 6321169, 6725218, 6525890, 7441698, 6978458, 6617090, 6281389, 6792087, 7209136, 6931306, 4771134, 2685635, 2722807, 2760062, 2745798, 2856281, 2659511, 2617663, 2798308, 3564077, 3011261, 2373791, 2335130, 2663394, 2466142, 2750088, 2806174, 2381162, 2723331, 2495908, 2650893, 5165493, 2572874, 2187045, 2516549, 2381354, 2188841, 3530374, 2463672, 2127138, 4684909, 2324894, 2056201, 2411743, 1961034, 2643850, 2409336, 2133632, 2059757, 2306974, 1976248, 2286892, 2234805, 2521207, 2793934, 2086928, 2151759, 2147338, 1961875, 2134850, 2372763, 2172275, 2232335, 2454094, 2396996, 2414097, 2176071, 2130802, 2163906, 2406084, 2253581, 2172520, 2191324, 2947888, 4991837, 2365285, 2104427, 2014381, 2212212, 2102318, 2157607, 2118617, 2068525, 2025167, 2098989, 2171556, 4959622, 2173865, 2108469, 2348594, 2075635, 2103493, 3053847, 2184926, 2094452, 2077497, 2858148, 2079888, 2309127, 2178986, 2079244, 2039635]

Dependent test list:
[Test: randoop.jodatime.RandoopTest0.test196, Intended behavior: FAILURE, when executed after: [randoop.jodatime.RandoopTest0.test192], The revealed different behavior: PASS, when executed after: [], Test: randoop.jodatime.RandoopTest0.test192, Intended behavior: FAILURE, when executed after: [randoop.jodatime.RandoopTest0.test165], The revealed different behavior: PASS, when executed after: [], Test: randoop.jodatime.RandoopTest0.test165, Intended behavior: FAILURE, when executed after: [randoop.jodatime.RandoopTest0.test135], The revealed different behavior: PASS, when executed after: [], Test: randoop.jodatime.RandoopTest0.test360, Intended behavior: FAILURE, when executed after: [randoop.jodatime.RandoopTest0.test338], The revealed different behavior: PASS, when executed after: [], Test: randoop.jodatime.RandoopTest0.test338, Intended behavior: FAILURE, when executed after: [randoop.jodatime.RandoopTest0.test325], The revealed different behavior: PASS, when executed after: [], Test: randoop.jodatime.RandoopTest0.test325, Intended behavior: FAILURE, when executed after: [randoop.jodatime.RandoopTest0.test196], The revealed different behavior: PASS, when executed after: [], Test: randoop.jodatime.RandoopTest1.test235, Intended behavior: FAILURE, when executed after: [randoop.jodatime.RandoopTest1.test181], The revealed different behavior: PASS, when executed after: [], Test: randoop.jodatime.RandoopTest1.test181, Intended behavior: FAILURE, when executed after: [randoop.jodatime.RandoopTest0.test498], The revealed different behavior: PASS, when executed after: [], Test: randoop.jodatime.RandoopTest2.test36, Intended behavior: FAILURE, when executed after: [randoop.jodatime.RandoopTest2.test21], The revealed different behavior: PASS, when executed after: [], Test: randoop.jodatime.RandoopTest2.test77, Intended behavior: FAILURE, when executed after: [randoop.jodatime.RandoopTest1.test467], The revealed different behavior: PASS, when executed after: [], Test: randoop.jodatime.RandoopTest2.test21, Intended behavior: FAILURE, when executed after: [randoop.jodatime.RandoopTest1.test235], The revealed different behavior: PASS, when executed after: [], Test: randoop.jodatime.RandoopTest2.test254, Intended behavior: FAILURE, when executed after: [randoop.jodatime.RandoopTest2.test212], The revealed different behavior: PASS, when executed after: [], Test: randoop.jodatime.RandoopTest2.test243, Intended behavior: FAILURE, when executed after: [randoop.jodatime.RandoopTest2.test36], The revealed different behavior: PASS, when executed after: [], Test: randoop.jodatime.RandoopTest2.test490, Intended behavior: FAILURE, when executed after: [randoop.jodatime.RandoopTest2.test487], The revealed different behavior: PASS, when executed after: [], Test: randoop.jodatime.RandoopTest2.test487, Intended behavior: FAILURE, when executed after: [randoop.jodatime.RandoopTest2.test356], The revealed different behavior: PASS, when executed after: [], Test: randoop.jodatime.RandoopTest2.test356, Intended behavior: FAILURE, when executed after: [randoop.jodatime.RandoopTest2.test243], The revealed different behavior: PASS, when executed after: [], Test: randoop.jodatime.RandoopTest2.test474, Intended behavior: FAILURE, when executed after: [randoop.jodatime.RandoopTest2.test376], The revealed different behavior: PASS, when executed after: [], Test: randoop.jodatime.RandoopTest2.test493, Intended behavior: FAILURE, when executed after: [randoop.jodatime.RandoopTest2.test490], The revealed different behavior: PASS, when executed after: [], Test: randoop.jodatime.RandoopTest3.test195, Intended behavior: FAILURE, when executed after: [randoop.jodatime.RandoopTest3.test193], The revealed different behavior: PASS, when executed after: [], Test: randoop.jodatime.RandoopTest3.test193, Intended behavior: FAILURE, when executed after: [randoop.jodatime.RandoopTest3.test189], The revealed different behavior: PASS, when executed after: [], Test: randoop.jodatime.RandoopTest3.test189, Intended behavior: FAILURE, when executed after: [randoop.jodatime.RandoopTest3.test185], The revealed different behavior: PASS, when executed after: [], Test: randoop.jodatime.RandoopTest3.test185, Intended behavior: FAILURE, when executed after: [randoop.jodatime.RandoopTest3.test161], The revealed different behavior: PASS, when executed after: [], Test: randoop.jodatime.RandoopTest3.test161, Intended behavior: FAILURE, when executed after: [randoop.jodatime.RandoopTest2.test493], The revealed different behavior: PASS, when executed after: [], Test: randoop.jodatime.RandoopTest3.test389, Intended behavior: FAILURE, when executed after: [randoop.jodatime.RandoopTest3.test383], The revealed different behavior: PASS, when executed after: [], Test: randoop.jodatime.RandoopTest3.test383, Intended behavior: FAILURE, when executed after: [randoop.jodatime.RandoopTest3.test347], The revealed different behavior: PASS, when executed after: [], Test: randoop.jodatime.RandoopTest3.test347, Intended behavior: FAILURE, when executed after: [randoop.jodatime.RandoopTest3.test345], The revealed different behavior: PASS, when executed after: [], Test: randoop.jodatime.RandoopTest3.test345, Intended behavior: FAILURE, when executed after: [randoop.jodatime.RandoopTest3.test316], The revealed different behavior: PASS, when executed after: [], Test: randoop.jodatime.RandoopTest3.test316, Intended behavior: FAILURE, when executed after: [randoop.jodatime.RandoopTest3.test315], The revealed different behavior: PASS, when executed after: [], Test: randoop.jodatime.RandoopTest3.test315, Intended behavior: FAILURE, when executed after: [randoop.jodatime.RandoopTest3.test195], The revealed different behavior: PASS, when executed after: [], Test: randoop.jodatime.RandoopTest3.test496, Intended behavior: FAILURE, when executed after: [randoop.jodatime.RandoopTest3.test467], The revealed different behavior: PASS, when executed after: [], Test: randoop.jodatime.RandoopTest3.test467, Intended behavior: FAILURE, when executed after: [randoop.jodatime.RandoopTest3.test389], The revealed different behavior: PASS, when executed after: [], Test: randoop.jodatime.RandoopTest4.test259, Intended behavior: FAILURE, when executed after: [randoop.jodatime.RandoopTest4.test221], The revealed different behavior: PASS, when executed after: [], Test: randoop.jodatime.RandoopTest4.test221, Intended behavior: FAILURE, when executed after: [randoop.jodatime.RandoopTest4.test13], The revealed different behavior: PASS, when executed after: [], Test: randoop.jodatime.RandoopTest4.test401, Intended behavior: FAILURE, when executed after: [randoop.jodatime.RandoopTest4.test259], The revealed different behavior: PASS, when executed after: [], Test: randoop.jodatime.RandoopTest4.test434, Intended behavior: FAILURE, when executed after: [randoop.jodatime.RandoopTest4.test401], The revealed different behavior: PASS, when executed after: [], Test: randoop.jodatime.RandoopTest4.test13, Intended behavior: FAILURE, when executed after: [randoop.jodatime.RandoopTest3.test496], The revealed different behavior: PASS, when executed after: [], Test: randoop.jodatime.RandoopTest2.test212, Intended behavior: FAILURE, when executed after: [randoop.jodatime.RandoopTest2.test77], The revealed different behavior: PASS, when executed after: [], Test: randoop.jodatime.RandoopTest2.test376, Intended behavior: FAILURE, when executed after: [randoop.jodatime.RandoopTest2.test254], The revealed different behavior: PASS, when executed after: []]
--------------------------
Execution time of TLG and its time to find/nullify any DTs for 1 machine (does not include the time to run the tests in the new order): 1.323
Number of tests selected out of total in original order: 147 / 2211
Number of DTs not fixed: 0
Number of DTs fixed: 0
Execution time for executing the following testing order: 1.158

Test order list:
[randoop.jodatime.RandoopTest0.test498, randoop.jodatime.RandoopTest1.test181, randoop.jodatime.RandoopTest1.test235, randoop.jodatime.RandoopTest2.test21, randoop.jodatime.RandoopTest2.test36, randoop.jodatime.RandoopTest2.test243, randoop.jodatime.RandoopTest2.test356, randoop.jodatime.RandoopTest2.test487, randoop.jodatime.RandoopTest2.test490, randoop.jodatime.RandoopTest2.test493, randoop.jodatime.RandoopTest2.test494, randoop.jodatime.RandoopTest2.test495, randoop.jodatime.RandoopTest2.test497, randoop.jodatime.RandoopTest2.test498, randoop.jodatime.RandoopTest2.test500, randoop.jodatime.RandoopTest3.test1, randoop.jodatime.RandoopTest3.test3, randoop.jodatime.RandoopTest3.test5, randoop.jodatime.RandoopTest3.test7, randoop.jodatime.RandoopTest3.test8, randoop.jodatime.RandoopTest3.test9, randoop.jodatime.RandoopTest3.test10, randoop.jodatime.RandoopTest3.test11, randoop.jodatime.RandoopTest3.test12, randoop.jodatime.RandoopTest3.test13, randoop.jodatime.RandoopTest3.test14, randoop.jodatime.RandoopTest3.test15, randoop.jodatime.RandoopTest3.test16, randoop.jodatime.RandoopTest3.test17, randoop.jodatime.RandoopTest3.test18, randoop.jodatime.RandoopTest3.test20, randoop.jodatime.RandoopTest3.test21, randoop.jodatime.RandoopTest3.test22, randoop.jodatime.RandoopTest3.test23, randoop.jodatime.RandoopTest3.test24, randoop.jodatime.RandoopTest3.test25, randoop.jodatime.RandoopTest3.test26, randoop.jodatime.RandoopTest3.test27, randoop.jodatime.RandoopTest3.test28, randoop.jodatime.RandoopTest3.test29, randoop.jodatime.RandoopTest3.test30, randoop.jodatime.RandoopTest3.test31, randoop.jodatime.RandoopTest3.test32, randoop.jodatime.RandoopTest3.test33, randoop.jodatime.RandoopTest3.test34, randoop.jodatime.RandoopTest3.test35, randoop.jodatime.RandoopTest3.test36, randoop.jodatime.RandoopTest3.test37, randoop.jodatime.RandoopTest3.test38, randoop.jodatime.RandoopTest3.test39, randoop.jodatime.RandoopTest3.test40, randoop.jodatime.RandoopTest3.test41, randoop.jodatime.RandoopTest3.test42, randoop.jodatime.RandoopTest3.test43, randoop.jodatime.RandoopTest3.test44, randoop.jodatime.RandoopTest3.test45, randoop.jodatime.RandoopTest3.test46, randoop.jodatime.RandoopTest3.test48, randoop.jodatime.RandoopTest3.test49, randoop.jodatime.RandoopTest3.test50, randoop.jodatime.RandoopTest3.test52, randoop.jodatime.RandoopTest3.test53, randoop.jodatime.RandoopTest3.test54, randoop.jodatime.RandoopTest3.test55, randoop.jodatime.RandoopTest3.test56, randoop.jodatime.RandoopTest3.test57, randoop.jodatime.RandoopTest3.test58, randoop.jodatime.RandoopTest3.test59, randoop.jodatime.RandoopTest3.test60, randoop.jodatime.RandoopTest3.test61, randoop.jodatime.RandoopTest3.test62, randoop.jodatime.RandoopTest3.test64, randoop.jodatime.RandoopTest3.test65, randoop.jodatime.RandoopTest3.test66, randoop.jodatime.RandoopTest3.test68, randoop.jodatime.RandoopTest3.test71, randoop.jodatime.RandoopTest3.test73, randoop.jodatime.RandoopTest3.test75, randoop.jodatime.RandoopTest3.test78, randoop.jodatime.RandoopTest3.test79, randoop.jodatime.RandoopTest3.test80, randoop.jodatime.RandoopTest3.test81, randoop.jodatime.RandoopTest3.test82, randoop.jodatime.RandoopTest3.test83, randoop.jodatime.RandoopTest3.test84, randoop.jodatime.RandoopTest3.test85, randoop.jodatime.RandoopTest3.test86, randoop.jodatime.RandoopTest3.test87, randoop.jodatime.RandoopTest3.test88, randoop.jodatime.RandoopTest3.test89, randoop.jodatime.RandoopTest3.test90, randoop.jodatime.RandoopTest3.test91, randoop.jodatime.RandoopTest3.test92, randoop.jodatime.RandoopTest3.test94, randoop.jodatime.RandoopTest3.test95, randoop.jodatime.RandoopTest3.test96, randoop.jodatime.RandoopTest3.test98, randoop.jodatime.RandoopTest3.test99, randoop.jodatime.RandoopTest3.test100, randoop.jodatime.RandoopTest3.test102, randoop.jodatime.RandoopTest3.test103, randoop.jodatime.RandoopTest3.test104, randoop.jodatime.RandoopTest3.test105, randoop.jodatime.RandoopTest3.test106, randoop.jodatime.RandoopTest3.test107, randoop.jodatime.RandoopTest3.test108, randoop.jodatime.RandoopTest3.test109, randoop.jodatime.RandoopTest3.test112, randoop.jodatime.RandoopTest3.test113, randoop.jodatime.RandoopTest3.test114, randoop.jodatime.RandoopTest3.test115, randoop.jodatime.RandoopTest3.test116, randoop.jodatime.RandoopTest3.test118, randoop.jodatime.RandoopTest3.test119, randoop.jodatime.RandoopTest3.test120, randoop.jodatime.RandoopTest3.test121, randoop.jodatime.RandoopTest3.test122, randoop.jodatime.RandoopTest3.test124, randoop.jodatime.RandoopTest3.test125, randoop.jodatime.RandoopTest3.test128, randoop.jodatime.RandoopTest3.test129, randoop.jodatime.RandoopTest3.test130, randoop.jodatime.RandoopTest3.test132, randoop.jodatime.RandoopTest3.test133, randoop.jodatime.RandoopTest3.test134, randoop.jodatime.RandoopTest3.test135, randoop.jodatime.RandoopTest3.test136, randoop.jodatime.RandoopTest3.test137, randoop.jodatime.RandoopTest3.test138, randoop.jodatime.RandoopTest3.test139, randoop.jodatime.RandoopTest3.test140, randoop.jodatime.RandoopTest3.test141, randoop.jodatime.RandoopTest3.test142, randoop.jodatime.RandoopTest3.test143, randoop.jodatime.RandoopTest3.test144, randoop.jodatime.RandoopTest3.test145, randoop.jodatime.RandoopTest3.test146, randoop.jodatime.RandoopTest3.test148, randoop.jodatime.RandoopTest3.test149, randoop.jodatime.RandoopTest3.test150, randoop.jodatime.RandoopTest3.test151, randoop.jodatime.RandoopTest3.test152, randoop.jodatime.RandoopTest3.test153, randoop.jodatime.RandoopTest3.test154, randoop.jodatime.RandoopTest3.test157, randoop.jodatime.RandoopTest3.test158, randoop.jodatime.RandoopTest3.test159]

Time each test takes to run in the new order:
[122378374, 32688917, 23638244, 22988226, 18923557, 18004336, 11463519, 10597605, 13867793, 16080938, 8389974, 8198240, 7829867, 9344055, 10987770, 16297034, 8735600, 7921825, 9082954, 9469101, 9071161, 7283171, 7965905, 7242690, 7576622, 9988826, 10016962, 10658897, 10036434, 10048682, 9828434, 10655849, 5095592, 7426719, 12584078, 9889007, 13921712, 13241880, 14544469, 14042981, 13646654, 14035675, 14228429, 14311304, 14665399, 13126257, 12890868, 13350791, 14700998, 13387801, 13658755, 13169371, 13718381, 13111037, 13218573, 13205721, 9404991, 9092661, 4277379, 3557729, 3807215, 3526725, 4585682, 3623900, 3834186, 3718235, 3733415, 4124373, 3621557, 3698085, 3539586, 3719483, 3880729, 3577605, 3917489, 3575817, 3766675, 6088985, 3873305, 3602645, 3401880, 3643017, 3608395, 3586803, 3843960, 4052609, 3451287, 3789921, 3491347, 3609440, 5612969, 3704165, 3753266, 3477632, 3557558, 3632328, 3869753, 3628264, 3751306, 6206717, 3718086, 3886008, 3609175, 3629878, 3521408, 3833448, 3472873, 3493126, 3536875, 3547493, 3882582, 4021022, 3669900, 3513260, 3760419, 3649071, 3483776, 3530242, 3623607, 4136572, 3842846, 7060666, 4110777, 3606145, 3844392, 3625467, 3577035, 3583090, 3693605, 3714477, 4149765, 3698858, 3704558, 3394253, 3280305, 3123816, 3080510, 3284360, 3029151, 3156413, 3499379, 3125468, 2936615, 3010630, 3158034, 3293967, 3113028]

Dependent test list:
[Test: randoop.jodatime.RandoopTest0.test196, Intended behavior: FAILURE, when executed after: [randoop.jodatime.RandoopTest0.test192], The revealed different behavior: PASS, when executed after: [], Test: randoop.jodatime.RandoopTest0.test192, Intended behavior: FAILURE, when executed after: [randoop.jodatime.RandoopTest0.test165], The revealed different behavior: PASS, when executed after: [], Test: randoop.jodatime.RandoopTest0.test165, Intended behavior: FAILURE, when executed after: [randoop.jodatime.RandoopTest0.test135], The revealed different behavior: PASS, when executed after: [], Test: randoop.jodatime.RandoopTest0.test360, Intended behavior: FAILURE, when executed after: [randoop.jodatime.RandoopTest0.test338], The revealed different behavior: PASS, when executed after: [], Test: randoop.jodatime.RandoopTest0.test338, Intended behavior: FAILURE, when executed after: [randoop.jodatime.RandoopTest0.test325], The revealed different behavior: PASS, when executed after: [], Test: randoop.jodatime.RandoopTest0.test325, Intended behavior: FAILURE, when executed after: [randoop.jodatime.RandoopTest0.test196], The revealed different behavior: PASS, when executed after: [], Test: randoop.jodatime.RandoopTest1.test235, Intended behavior: FAILURE, when executed after: [randoop.jodatime.RandoopTest1.test181], The revealed different behavior: PASS, when executed after: [], Test: randoop.jodatime.RandoopTest1.test181, Intended behavior: FAILURE, when executed after: [randoop.jodatime.RandoopTest0.test498], The revealed different behavior: PASS, when executed after: [], Test: randoop.jodatime.RandoopTest2.test36, Intended behavior: FAILURE, when executed after: [randoop.jodatime.RandoopTest2.test21], The revealed different behavior: PASS, when executed after: [], Test: randoop.jodatime.RandoopTest2.test77, Intended behavior: FAILURE, when executed after: [randoop.jodatime.RandoopTest1.test467], The revealed different behavior: PASS, when executed after: [], Test: randoop.jodatime.RandoopTest2.test21, Intended behavior: FAILURE, when executed after: [randoop.jodatime.RandoopTest1.test235], The revealed different behavior: PASS, when executed after: [], Test: randoop.jodatime.RandoopTest2.test254, Intended behavior: FAILURE, when executed after: [randoop.jodatime.RandoopTest2.test212], The revealed different behavior: PASS, when executed after: [], Test: randoop.jodatime.RandoopTest2.test243, Intended behavior: FAILURE, when executed after: [randoop.jodatime.RandoopTest2.test36], The revealed different behavior: PASS, when executed after: [], Test: randoop.jodatime.RandoopTest2.test490, Intended behavior: FAILURE, when executed after: [randoop.jodatime.RandoopTest2.test487], The revealed different behavior: PASS, when executed after: [], Test: randoop.jodatime.RandoopTest2.test487, Intended behavior: FAILURE, when executed after: [randoop.jodatime.RandoopTest2.test356], The revealed different behavior: PASS, when executed after: [], Test: randoop.jodatime.RandoopTest2.test356, Intended behavior: FAILURE, when executed after: [randoop.jodatime.RandoopTest2.test243], The revealed different behavior: PASS, when executed after: [], Test: randoop.jodatime.RandoopTest2.test474, Intended behavior: FAILURE, when executed after: [randoop.jodatime.RandoopTest2.test376], The revealed different behavior: PASS, when executed after: [], Test: randoop.jodatime.RandoopTest2.test493, Intended behavior: FAILURE, when executed after: [randoop.jodatime.RandoopTest2.test490], The revealed different behavior: PASS, when executed after: [], Test: randoop.jodatime.RandoopTest3.test195, Intended behavior: FAILURE, when executed after: [randoop.jodatime.RandoopTest3.test193], The revealed different behavior: PASS, when executed after: [], Test: randoop.jodatime.RandoopTest3.test193, Intended behavior: FAILURE, when executed after: [randoop.jodatime.RandoopTest3.test189], The revealed different behavior: PASS, when executed after: [], Test: randoop.jodatime.RandoopTest3.test189, Intended behavior: FAILURE, when executed after: [randoop.jodatime.RandoopTest3.test185], The revealed different behavior: PASS, when executed after: [], Test: randoop.jodatime.RandoopTest3.test185, Intended behavior: FAILURE, when executed after: [randoop.jodatime.RandoopTest3.test161], The revealed different behavior: PASS, when executed after: [], Test: randoop.jodatime.RandoopTest3.test161, Intended behavior: FAILURE, when executed after: [randoop.jodatime.RandoopTest2.test493], The revealed different behavior: PASS, when executed after: [], Test: randoop.jodatime.RandoopTest3.test389, Intended behavior: FAILURE, when executed after: [randoop.jodatime.RandoopTest3.test383], The revealed different behavior: PASS, when executed after: [], Test: randoop.jodatime.RandoopTest3.test383, Intended behavior: FAILURE, when executed after: [randoop.jodatime.RandoopTest3.test347], The revealed different behavior: PASS, when executed after: [], Test: randoop.jodatime.RandoopTest3.test347, Intended behavior: FAILURE, when executed after: [randoop.jodatime.RandoopTest3.test345], The revealed different behavior: PASS, when executed after: [], Test: randoop.jodatime.RandoopTest3.test345, Intended behavior: FAILURE, when executed after: [randoop.jodatime.RandoopTest3.test316], The revealed different behavior: PASS, when executed after: [], Test: randoop.jodatime.RandoopTest3.test316, Intended behavior: FAILURE, when executed after: [randoop.jodatime.RandoopTest3.test315], The revealed different behavior: PASS, when executed after: [], Test: randoop.jodatime.RandoopTest3.test315, Intended behavior: FAILURE, when executed after: [randoop.jodatime.RandoopTest3.test195], The revealed different behavior: PASS, when executed after: [], Test: randoop.jodatime.RandoopTest3.test496, Intended behavior: FAILURE, when executed after: [randoop.jodatime.RandoopTest3.test467], The revealed different behavior: PASS, when executed after: [], Test: randoop.jodatime.RandoopTest3.test467, Intended behavior: FAILURE, when executed after: [randoop.jodatime.RandoopTest3.test389], The revealed different behavior: PASS, when executed after: [], Test: randoop.jodatime.RandoopTest4.test259, Intended behavior: FAILURE, when executed after: [randoop.jodatime.RandoopTest4.test221], The revealed different behavior: PASS, when executed after: [], Test: randoop.jodatime.RandoopTest4.test221, Intended behavior: FAILURE, when executed after: [randoop.jodatime.RandoopTest4.test13], The revealed different behavior: PASS, when executed after: [], Test: randoop.jodatime.RandoopTest4.test401, Intended behavior: FAILURE, when executed after: [randoop.jodatime.RandoopTest4.test259], The revealed different behavior: PASS, when executed after: [], Test: randoop.jodatime.RandoopTest4.test434, Intended behavior: FAILURE, when executed after: [randoop.jodatime.RandoopTest4.test401], The revealed different behavior: PASS, when executed after: [], Test: randoop.jodatime.RandoopTest4.test13, Intended behavior: FAILURE, when executed after: [randoop.jodatime.RandoopTest3.test496], The revealed different behavior: PASS, when executed after: [], Test: randoop.jodatime.RandoopTest2.test212, Intended behavior: FAILURE, when executed after: [randoop.jodatime.RandoopTest2.test77], The revealed different behavior: PASS, when executed after: [], Test: randoop.jodatime.RandoopTest2.test376, Intended behavior: FAILURE, when executed after: [randoop.jodatime.RandoopTest2.test254], The revealed different behavior: PASS, when executed after: []]
--------------------------
Execution time of TLG and its time to find/nullify any DTs for 1 machine (does not include the time to run the tests in the new order): 0.953
Number of tests selected out of total in original order: 148 / 2211
Number of DTs not fixed: 0
Number of DTs fixed: 0
Execution time for executing the following testing order: 0.800

Test order list:
[randoop.jodatime.RandoopTest0.test498, randoop.jodatime.RandoopTest1.test181, randoop.jodatime.RandoopTest1.test235, randoop.jodatime.RandoopTest2.test21, randoop.jodatime.RandoopTest2.test36, randoop.jodatime.RandoopTest2.test243, randoop.jodatime.RandoopTest2.test356, randoop.jodatime.RandoopTest2.test487, randoop.jodatime.RandoopTest2.test490, randoop.jodatime.RandoopTest2.test493, randoop.jodatime.RandoopTest3.test161, randoop.jodatime.RandoopTest3.test162, randoop.jodatime.RandoopTest3.test163, randoop.jodatime.RandoopTest3.test164, randoop.jodatime.RandoopTest3.test165, randoop.jodatime.RandoopTest3.test166, randoop.jodatime.RandoopTest3.test167, randoop.jodatime.RandoopTest3.test168, randoop.jodatime.RandoopTest3.test169, randoop.jodatime.RandoopTest3.test170, randoop.jodatime.RandoopTest3.test171, randoop.jodatime.RandoopTest3.test172, randoop.jodatime.RandoopTest3.test173, randoop.jodatime.RandoopTest3.test174, randoop.jodatime.RandoopTest3.test175, randoop.jodatime.RandoopTest3.test176, randoop.jodatime.RandoopTest3.test177, randoop.jodatime.RandoopTest3.test178, randoop.jodatime.RandoopTest3.test179, randoop.jodatime.RandoopTest3.test180, randoop.jodatime.RandoopTest3.test181, randoop.jodatime.RandoopTest3.test182, randoop.jodatime.RandoopTest3.test183, randoop.jodatime.RandoopTest3.test184, randoop.jodatime.RandoopTest3.test185, randoop.jodatime.RandoopTest3.test186, randoop.jodatime.RandoopTest3.test187, randoop.jodatime.RandoopTest3.test188, randoop.jodatime.RandoopTest3.test189, randoop.jodatime.RandoopTest3.test190, randoop.jodatime.RandoopTest3.test191, randoop.jodatime.RandoopTest3.test192, randoop.jodatime.RandoopTest3.test193, randoop.jodatime.RandoopTest3.test194, randoop.jodatime.RandoopTest3.test195, randoop.jodatime.RandoopTest3.test196, randoop.jodatime.RandoopTest3.test197, randoop.jodatime.RandoopTest3.test198, randoop.jodatime.RandoopTest3.test199, randoop.jodatime.RandoopTest3.test200, randoop.jodatime.RandoopTest3.test201, randoop.jodatime.RandoopTest3.test202, randoop.jodatime.RandoopTest3.test204, randoop.jodatime.RandoopTest3.test205, randoop.jodatime.RandoopTest3.test206, randoop.jodatime.RandoopTest3.test208, randoop.jodatime.RandoopTest3.test209, randoop.jodatime.RandoopTest3.test210, randoop.jodatime.RandoopTest3.test211, randoop.jodatime.RandoopTest3.test212, randoop.jodatime.RandoopTest3.test213, randoop.jodatime.RandoopTest3.test215, randoop.jodatime.RandoopTest3.test216, randoop.jodatime.RandoopTest3.test217, randoop.jodatime.RandoopTest3.test218, randoop.jodatime.RandoopTest3.test219, randoop.jodatime.RandoopTest3.test220, randoop.jodatime.RandoopTest3.test221, randoop.jodatime.RandoopTest3.test222, randoop.jodatime.RandoopTest3.test223, randoop.jodatime.RandoopTest3.test224, randoop.jodatime.RandoopTest3.test225, randoop.jodatime.RandoopTest3.test226, randoop.jodatime.RandoopTest3.test228, randoop.jodatime.RandoopTest3.test231, randoop.jodatime.RandoopTest3.test232, randoop.jodatime.RandoopTest3.test233, randoop.jodatime.RandoopTest3.test234, randoop.jodatime.RandoopTest3.test235, randoop.jodatime.RandoopTest3.test236, randoop.jodatime.RandoopTest3.test237, randoop.jodatime.RandoopTest3.test238, randoop.jodatime.RandoopTest3.test239, randoop.jodatime.RandoopTest3.test240, randoop.jodatime.RandoopTest3.test241, randoop.jodatime.RandoopTest3.test242, randoop.jodatime.RandoopTest3.test243, randoop.jodatime.RandoopTest3.test244, randoop.jodatime.RandoopTest3.test245, randoop.jodatime.RandoopTest3.test246, randoop.jodatime.RandoopTest3.test247, randoop.jodatime.RandoopTest3.test248, randoop.jodatime.RandoopTest3.test249, randoop.jodatime.RandoopTest3.test250, randoop.jodatime.RandoopTest3.test252, randoop.jodatime.RandoopTest3.test254, randoop.jodatime.RandoopTest3.test255, randoop.jodatime.RandoopTest3.test256, randoop.jodatime.RandoopTest3.test257, randoop.jodatime.RandoopTest3.test258, randoop.jodatime.RandoopTest3.test259, randoop.jodatime.RandoopTest3.test261, randoop.jodatime.RandoopTest3.test262, randoop.jodatime.RandoopTest3.test263, randoop.jodatime.RandoopTest3.test264, randoop.jodatime.RandoopTest3.test265, randoop.jodatime.RandoopTest3.test266, randoop.jodatime.RandoopTest3.test268, randoop.jodatime.RandoopTest3.test269, randoop.jodatime.RandoopTest3.test270, randoop.jodatime.RandoopTest3.test271, randoop.jodatime.RandoopTest3.test272, randoop.jodatime.RandoopTest3.test273, randoop.jodatime.RandoopTest3.test274, randoop.jodatime.RandoopTest3.test275, randoop.jodatime.RandoopTest3.test277, randoop.jodatime.RandoopTest3.test278, randoop.jodatime.RandoopTest3.test279, randoop.jodatime.RandoopTest3.test280, randoop.jodatime.RandoopTest3.test281, randoop.jodatime.RandoopTest3.test282, randoop.jodatime.RandoopTest3.test283, randoop.jodatime.RandoopTest3.test284, randoop.jodatime.RandoopTest3.test285, randoop.jodatime.RandoopTest3.test286, randoop.jodatime.RandoopTest3.test287, randoop.jodatime.RandoopTest3.test288, randoop.jodatime.RandoopTest3.test291, randoop.jodatime.RandoopTest3.test292, randoop.jodatime.RandoopTest3.test293, randoop.jodatime.RandoopTest3.test294, randoop.jodatime.RandoopTest3.test295, randoop.jodatime.RandoopTest3.test296, randoop.jodatime.RandoopTest3.test297, randoop.jodatime.RandoopTest3.test298, randoop.jodatime.RandoopTest3.test299, randoop.jodatime.RandoopTest3.test300, randoop.jodatime.RandoopTest3.test301, randoop.jodatime.RandoopTest3.test302, randoop.jodatime.RandoopTest3.test303, randoop.jodatime.RandoopTest3.test304, randoop.jodatime.RandoopTest3.test306, randoop.jodatime.RandoopTest3.test307, randoop.jodatime.RandoopTest3.test308, randoop.jodatime.RandoopTest3.test309, randoop.jodatime.RandoopTest3.test310, randoop.jodatime.RandoopTest3.test312, randoop.jodatime.RandoopTest3.test313]

Time each test takes to run in the new order:
[121806647, 32183420, 23635204, 22627739, 19379079, 17694492, 11355606, 10523349, 13722890, 15314876, 10968868, 11181809, 12497788, 12281674, 10445397, 10650685, 8817571, 9147325, 8140574, 8020369, 8387378, 8078616, 7291296, 6989228, 6786222, 7095631, 6981250, 5047488, 4807232, 5111026, 4849837, 6039421, 4798826, 5624741, 8062088, 4888827, 4989044, 4996509, 4922201, 5123155, 4689350, 6637183, 4462827, 4127109, 3866792, 4205504, 3887841, 3780315, 5455495, 3472879, 3261612, 3189513, 3488592, 3554919, 5150745, 3167636, 6641766, 3057080, 2994977, 2538220, 2307870, 2325894, 2447012, 2808436, 2389335, 2398925, 2415726, 2645616, 2419067, 2427338, 2327517, 2224050, 2253810, 2367835, 2187723, 2273175, 2419503, 2223552, 5318296, 2249928, 2145078, 2187696, 2237992, 2184067, 2447186, 2142808, 2093118, 2303610, 2159470, 2124561, 2203903, 2148850, 2235062, 2802530, 2188836, 2112979, 2161535, 2228512, 3452657, 2244487, 2275378, 2446257, 2369222, 2199401, 2366647, 2296145, 2177610, 2264942, 2352024, 3018212, 2122465, 2449589, 2273960, 2665222, 2333030, 2295550, 2306501, 2149015, 2466408, 2403991, 2100294, 5625142, 2382355, 2274071, 2130346, 2067051, 2038092, 2100470, 2118117, 2129125, 2162085, 2063632, 2082753, 2140407, 2505875, 2099687, 2206249, 2232756, 2020221, 2137150, 2028128, 2061645, 2123592, 2188652, 2088766, 2091611, 2025470, 2158343]

Dependent test list:
[Test: randoop.jodatime.RandoopTest0.test196, Intended behavior: FAILURE, when executed after: [randoop.jodatime.RandoopTest0.test192], The revealed different behavior: PASS, when executed after: [], Test: randoop.jodatime.RandoopTest0.test192, Intended behavior: FAILURE, when executed after: [randoop.jodatime.RandoopTest0.test165], The revealed different behavior: PASS, when executed after: [], Test: randoop.jodatime.RandoopTest0.test165, Intended behavior: FAILURE, when executed after: [randoop.jodatime.RandoopTest0.test135], The revealed different behavior: PASS, when executed after: [], Test: randoop.jodatime.RandoopTest0.test360, Intended behavior: FAILURE, when executed after: [randoop.jodatime.RandoopTest0.test338], The revealed different behavior: PASS, when executed after: [], Test: randoop.jodatime.RandoopTest0.test338, Intended behavior: FAILURE, when executed after: [randoop.jodatime.RandoopTest0.test325], The revealed different behavior: PASS, when executed after: [], Test: randoop.jodatime.RandoopTest0.test325, Intended behavior: FAILURE, when executed after: [randoop.jodatime.RandoopTest0.test196], The revealed different behavior: PASS, when executed after: [], Test: randoop.jodatime.RandoopTest1.test235, Intended behavior: FAILURE, when executed after: [randoop.jodatime.RandoopTest1.test181], The revealed different behavior: PASS, when executed after: [], Test: randoop.jodatime.RandoopTest1.test181, Intended behavior: FAILURE, when executed after: [randoop.jodatime.RandoopTest0.test498], The revealed different behavior: PASS, when executed after: [], Test: randoop.jodatime.RandoopTest2.test36, Intended behavior: FAILURE, when executed after: [randoop.jodatime.RandoopTest2.test21], The revealed different behavior: PASS, when executed after: [], Test: randoop.jodatime.RandoopTest2.test77, Intended behavior: FAILURE, when executed after: [randoop.jodatime.RandoopTest1.test467], The revealed different behavior: PASS, when executed after: [], Test: randoop.jodatime.RandoopTest2.test21, Intended behavior: FAILURE, when executed after: [randoop.jodatime.RandoopTest1.test235], The revealed different behavior: PASS, when executed after: [], Test: randoop.jodatime.RandoopTest2.test254, Intended behavior: FAILURE, when executed after: [randoop.jodatime.RandoopTest2.test212], The revealed different behavior: PASS, when executed after: [], Test: randoop.jodatime.RandoopTest2.test243, Intended behavior: FAILURE, when executed after: [randoop.jodatime.RandoopTest2.test36], The revealed different behavior: PASS, when executed after: [], Test: randoop.jodatime.RandoopTest2.test490, Intended behavior: FAILURE, when executed after: [randoop.jodatime.RandoopTest2.test487], The revealed different behavior: PASS, when executed after: [], Test: randoop.jodatime.RandoopTest2.test487, Intended behavior: FAILURE, when executed after: [randoop.jodatime.RandoopTest2.test356], The revealed different behavior: PASS, when executed after: [], Test: randoop.jodatime.RandoopTest2.test356, Intended behavior: FAILURE, when executed after: [randoop.jodatime.RandoopTest2.test243], The revealed different behavior: PASS, when executed after: [], Test: randoop.jodatime.RandoopTest2.test474, Intended behavior: FAILURE, when executed after: [randoop.jodatime.RandoopTest2.test376], The revealed different behavior: PASS, when executed after: [], Test: randoop.jodatime.RandoopTest2.test493, Intended behavior: FAILURE, when executed after: [randoop.jodatime.RandoopTest2.test490], The revealed different behavior: PASS, when executed after: [], Test: randoop.jodatime.RandoopTest3.test195, Intended behavior: FAILURE, when executed after: [randoop.jodatime.RandoopTest3.test193], The revealed different behavior: PASS, when executed after: [], Test: randoop.jodatime.RandoopTest3.test193, Intended behavior: FAILURE, when executed after: [randoop.jodatime.RandoopTest3.test189], The revealed different behavior: PASS, when executed after: [], Test: randoop.jodatime.RandoopTest3.test189, Intended behavior: FAILURE, when executed after: [randoop.jodatime.RandoopTest3.test185], The revealed different behavior: PASS, when executed after: [], Test: randoop.jodatime.RandoopTest3.test185, Intended behavior: FAILURE, when executed after: [randoop.jodatime.RandoopTest3.test161], The revealed different behavior: PASS, when executed after: [], Test: randoop.jodatime.RandoopTest3.test161, Intended behavior: FAILURE, when executed after: [randoop.jodatime.RandoopTest2.test493], The revealed different behavior: PASS, when executed after: [], Test: randoop.jodatime.RandoopTest3.test389, Intended behavior: FAILURE, when executed after: [randoop.jodatime.RandoopTest3.test383], The revealed different behavior: PASS, when executed after: [], Test: randoop.jodatime.RandoopTest3.test383, Intended behavior: FAILURE, when executed after: [randoop.jodatime.RandoopTest3.test347], The revealed different behavior: PASS, when executed after: [], Test: randoop.jodatime.RandoopTest3.test347, Intended behavior: FAILURE, when executed after: [randoop.jodatime.RandoopTest3.test345], The revealed different behavior: PASS, when executed after: [], Test: randoop.jodatime.RandoopTest3.test345, Intended behavior: FAILURE, when executed after: [randoop.jodatime.RandoopTest3.test316], The revealed different behavior: PASS, when executed after: [], Test: randoop.jodatime.RandoopTest3.test316, Intended behavior: FAILURE, when executed after: [randoop.jodatime.RandoopTest3.test315], The revealed different behavior: PASS, when executed after: [], Test: randoop.jodatime.RandoopTest3.test315, Intended behavior: FAILURE, when executed after: [randoop.jodatime.RandoopTest3.test195], The revealed different behavior: PASS, when executed after: [], Test: randoop.jodatime.RandoopTest3.test496, Intended behavior: FAILURE, when executed after: [randoop.jodatime.RandoopTest3.test467], The revealed different behavior: PASS, when executed after: [], Test: randoop.jodatime.RandoopTest3.test467, Intended behavior: FAILURE, when executed after: [randoop.jodatime.RandoopTest3.test389], The revealed different behavior: PASS, when executed after: [], Test: randoop.jodatime.RandoopTest4.test259, Intended behavior: FAILURE, when executed after: [randoop.jodatime.RandoopTest4.test221], The revealed different behavior: PASS, when executed after: [], Test: randoop.jodatime.RandoopTest4.test221, Intended behavior: FAILURE, when executed after: [randoop.jodatime.RandoopTest4.test13], The revealed different behavior: PASS, when executed after: [], Test: randoop.jodatime.RandoopTest4.test401, Intended behavior: FAILURE, when executed after: [randoop.jodatime.RandoopTest4.test259], The revealed different behavior: PASS, when executed after: [], Test: randoop.jodatime.RandoopTest4.test434, Intended behavior: FAILURE, when executed after: [randoop.jodatime.RandoopTest4.test401], The revealed different behavior: PASS, when executed after: [], Test: randoop.jodatime.RandoopTest4.test13, Intended behavior: FAILURE, when executed after: [randoop.jodatime.RandoopTest3.test496], The revealed different behavior: PASS, when executed after: [], Test: randoop.jodatime.RandoopTest2.test212, Intended behavior: FAILURE, when executed after: [randoop.jodatime.RandoopTest2.test77], The revealed different behavior: PASS, when executed after: [], Test: randoop.jodatime.RandoopTest2.test376, Intended behavior: FAILURE, when executed after: [randoop.jodatime.RandoopTest2.test254], The revealed different behavior: PASS, when executed after: []]
--------------------------
Execution time of TLG and its time to find/nullify any DTs for 1 machine (does not include the time to run the tests in the new order): 0.950
Number of tests selected out of total in original order: 153 / 2211
Number of DTs not fixed: 0
Number of DTs fixed: 0
Execution time for executing the following testing order: 0.779

Test order list:
[randoop.jodatime.RandoopTest3.test314, randoop.jodatime.RandoopTest0.test498, randoop.jodatime.RandoopTest1.test181, randoop.jodatime.RandoopTest1.test235, randoop.jodatime.RandoopTest2.test21, randoop.jodatime.RandoopTest2.test36, randoop.jodatime.RandoopTest2.test243, randoop.jodatime.RandoopTest2.test356, randoop.jodatime.RandoopTest2.test487, randoop.jodatime.RandoopTest2.test490, randoop.jodatime.RandoopTest2.test493, randoop.jodatime.RandoopTest3.test161, randoop.jodatime.RandoopTest3.test185, randoop.jodatime.RandoopTest3.test189, randoop.jodatime.RandoopTest3.test193, randoop.jodatime.RandoopTest3.test195, randoop.jodatime.RandoopTest3.test315, randoop.jodatime.RandoopTest3.test316, randoop.jodatime.RandoopTest3.test317, randoop.jodatime.RandoopTest3.test318, randoop.jodatime.RandoopTest3.test319, randoop.jodatime.RandoopTest3.test320, randoop.jodatime.RandoopTest3.test321, randoop.jodatime.RandoopTest3.test322, randoop.jodatime.RandoopTest3.test323, randoop.jodatime.RandoopTest3.test324, randoop.jodatime.RandoopTest3.test325, randoop.jodatime.RandoopTest3.test326, randoop.jodatime.RandoopTest3.test327, randoop.jodatime.RandoopTest3.test328, randoop.jodatime.RandoopTest3.test330, randoop.jodatime.RandoopTest3.test331, randoop.jodatime.RandoopTest3.test332, randoop.jodatime.RandoopTest3.test333, randoop.jodatime.RandoopTest3.test334, randoop.jodatime.RandoopTest3.test335, randoop.jodatime.RandoopTest3.test336, randoop.jodatime.RandoopTest3.test337, randoop.jodatime.RandoopTest3.test338, randoop.jodatime.RandoopTest3.test340, randoop.jodatime.RandoopTest3.test341, randoop.jodatime.RandoopTest3.test342, randoop.jodatime.RandoopTest3.test343, randoop.jodatime.RandoopTest3.test344, randoop.jodatime.RandoopTest3.test345, randoop.jodatime.RandoopTest3.test346, randoop.jodatime.RandoopTest3.test347, randoop.jodatime.RandoopTest3.test348, randoop.jodatime.RandoopTest3.test349, randoop.jodatime.RandoopTest3.test350, randoop.jodatime.RandoopTest3.test351, randoop.jodatime.RandoopTest3.test352, randoop.jodatime.RandoopTest3.test353, randoop.jodatime.RandoopTest3.test355, randoop.jodatime.RandoopTest3.test356, randoop.jodatime.RandoopTest3.test357, randoop.jodatime.RandoopTest3.test358, randoop.jodatime.RandoopTest3.test360, randoop.jodatime.RandoopTest3.test362, randoop.jodatime.RandoopTest3.test363, randoop.jodatime.RandoopTest3.test364, randoop.jodatime.RandoopTest3.test365, randoop.jodatime.RandoopTest3.test367, randoop.jodatime.RandoopTest3.test368, randoop.jodatime.RandoopTest3.test370, randoop.jodatime.RandoopTest3.test372, randoop.jodatime.RandoopTest3.test374, randoop.jodatime.RandoopTest3.test375, randoop.jodatime.RandoopTest3.test376, randoop.jodatime.RandoopTest3.test377, randoop.jodatime.RandoopTest3.test378, randoop.jodatime.RandoopTest3.test379, randoop.jodatime.RandoopTest3.test380, randoop.jodatime.RandoopTest3.test381, randoop.jodatime.RandoopTest3.test382, randoop.jodatime.RandoopTest3.test383, randoop.jodatime.RandoopTest3.test386, randoop.jodatime.RandoopTest3.test387, randoop.jodatime.RandoopTest3.test388, randoop.jodatime.RandoopTest3.test389, randoop.jodatime.RandoopTest3.test390, randoop.jodatime.RandoopTest3.test391, randoop.jodatime.RandoopTest3.test393, randoop.jodatime.RandoopTest3.test394, randoop.jodatime.RandoopTest3.test395, randoop.jodatime.RandoopTest3.test396, randoop.jodatime.RandoopTest3.test397, randoop.jodatime.RandoopTest3.test398, randoop.jodatime.RandoopTest3.test399, randoop.jodatime.RandoopTest3.test400, randoop.jodatime.RandoopTest3.test401, randoop.jodatime.RandoopTest3.test402, randoop.jodatime.RandoopTest3.test403, randoop.jodatime.RandoopTest3.test404, randoop.jodatime.RandoopTest3.test405, randoop.jodatime.RandoopTest3.test406, randoop.jodatime.RandoopTest3.test407, randoop.jodatime.RandoopTest3.test408, randoop.jodatime.RandoopTest3.test409, randoop.jodatime.RandoopTest3.test411, randoop.jodatime.RandoopTest3.test412, randoop.jodatime.RandoopTest3.test413, randoop.jodatime.RandoopTest3.test414, randoop.jodatime.RandoopTest3.test415, randoop.jodatime.RandoopTest3.test416, randoop.jodatime.RandoopTest3.test417, randoop.jodatime.RandoopTest3.test418, randoop.jodatime.RandoopTest3.test419, randoop.jodatime.RandoopTest3.test420, randoop.jodatime.RandoopTest3.test421, randoop.jodatime.RandoopTest3.test422, randoop.jodatime.RandoopTest3.test423, randoop.jodatime.RandoopTest3.test424, randoop.jodatime.RandoopTest3.test425, randoop.jodatime.RandoopTest3.test426, randoop.jodatime.RandoopTest3.test427, randoop.jodatime.RandoopTest3.test428, randoop.jodatime.RandoopTest3.test429, randoop.jodatime.RandoopTest3.test430, randoop.jodatime.RandoopTest3.test431, randoop.jodatime.RandoopTest3.test432, randoop.jodatime.RandoopTest3.test434, randoop.jodatime.RandoopTest3.test435, randoop.jodatime.RandoopTest3.test436, randoop.jodatime.RandoopTest3.test437, randoop.jodatime.RandoopTest3.test438, randoop.jodatime.RandoopTest3.test439, randoop.jodatime.RandoopTest3.test440, randoop.jodatime.RandoopTest3.test441, randoop.jodatime.RandoopTest3.test442, randoop.jodatime.RandoopTest3.test443, randoop.jodatime.RandoopTest3.test444, randoop.jodatime.RandoopTest3.test445, randoop.jodatime.RandoopTest3.test446, randoop.jodatime.RandoopTest3.test447, randoop.jodatime.RandoopTest3.test448, randoop.jodatime.RandoopTest3.test449, randoop.jodatime.RandoopTest3.test451, randoop.jodatime.RandoopTest3.test452, randoop.jodatime.RandoopTest3.test453, randoop.jodatime.RandoopTest3.test454, randoop.jodatime.RandoopTest3.test455, randoop.jodatime.RandoopTest3.test456, randoop.jodatime.RandoopTest3.test457, randoop.jodatime.RandoopTest3.test458, randoop.jodatime.RandoopTest3.test459, randoop.jodatime.RandoopTest3.test460, randoop.jodatime.RandoopTest3.test461, randoop.jodatime.RandoopTest3.test462, randoop.jodatime.RandoopTest3.test463, randoop.jodatime.RandoopTest3.test464, randoop.jodatime.RandoopTest3.test465, randoop.jodatime.RandoopTest3.test466]

Time each test takes to run in the new order:
[72865945, 73825912, 26527244, 23364770, 20148333, 12525015, 11150419, 10544543, 10709476, 14450009, 14352628, 9194964, 7773611, 10966915, 8926983, 7046998, 7199590, 6400313, 9902699, 10616496, 6633799, 4914338, 5120711, 8160672, 4977825, 6750518, 5021658, 7843244, 3850169, 6151522, 3962832, 4100789, 4709602, 3456780, 6362567, 4433269, 3300300, 3226481, 3151370, 3006223, 3270319, 2867137, 2986545, 2947900, 3026068, 3208319, 3119347, 2841433, 3455391, 6918265, 2976047, 2976102, 3766828, 2862141, 2887365, 2885131, 5281304, 2970328, 2937720, 2862083, 2943906, 2888990, 4266784, 2980250, 4261336, 4452723, 5114388, 5061944, 4345688, 2267153, 2234807, 2543152, 2299289, 2294096, 2258696, 2363321, 2226452, 5135284, 2297567, 2305839, 2140407, 2129847, 2222548, 2209825, 2149572, 2180234, 2131081, 2463894, 2124965, 2118667, 2964672, 2203116, 2250204, 2166023, 2190680, 2146654, 2216061, 2385093, 2218569, 2220259, 2144707, 2470402, 2191171, 2133872, 2368497, 2614786, 2371463, 2372721, 2538498, 2325713, 2161633, 2341436, 2483816, 2180904, 2386022, 2325030, 2312473, 2508047, 2584867, 2314912, 2529738, 5324434, 2370568, 2276244, 2131899, 2177945, 2144605, 2139105, 2246803, 2407298, 2142973, 2796391, 2305445, 2752146, 2185170, 2216929, 2120122, 2325872, 2328303, 2486052, 2232312, 2226545, 2153636, 2236007, 2334160, 10593058, 3439839, 2157965, 2290466, 2127742, 2200478, 2138659, 2188276]

Dependent test list:
[Test: randoop.jodatime.RandoopTest0.test196, Intended behavior: FAILURE, when executed after: [randoop.jodatime.RandoopTest0.test192], The revealed different behavior: PASS, when executed after: [], Test: randoop.jodatime.RandoopTest0.test192, Intended behavior: FAILURE, when executed after: [randoop.jodatime.RandoopTest0.test165], The revealed different behavior: PASS, when executed after: [], Test: randoop.jodatime.RandoopTest0.test165, Intended behavior: FAILURE, when executed after: [randoop.jodatime.RandoopTest0.test135], The revealed different behavior: PASS, when executed after: [], Test: randoop.jodatime.RandoopTest0.test360, Intended behavior: FAILURE, when executed after: [randoop.jodatime.RandoopTest0.test338], The revealed different behavior: PASS, when executed after: [], Test: randoop.jodatime.RandoopTest0.test338, Intended behavior: FAILURE, when executed after: [randoop.jodatime.RandoopTest0.test325], The revealed different behavior: PASS, when executed after: [], Test: randoop.jodatime.RandoopTest0.test325, Intended behavior: FAILURE, when executed after: [randoop.jodatime.RandoopTest0.test196], The revealed different behavior: PASS, when executed after: [], Test: randoop.jodatime.RandoopTest1.test235, Intended behavior: FAILURE, when executed after: [randoop.jodatime.RandoopTest1.test181], The revealed different behavior: PASS, when executed after: [], Test: randoop.jodatime.RandoopTest1.test181, Intended behavior: FAILURE, when executed after: [randoop.jodatime.RandoopTest0.test498], The revealed different behavior: PASS, when executed after: [], Test: randoop.jodatime.RandoopTest2.test36, Intended behavior: FAILURE, when executed after: [randoop.jodatime.RandoopTest2.test21], The revealed different behavior: PASS, when executed after: [], Test: randoop.jodatime.RandoopTest2.test77, Intended behavior: FAILURE, when executed after: [randoop.jodatime.RandoopTest1.test467], The revealed different behavior: PASS, when executed after: [], Test: randoop.jodatime.RandoopTest2.test21, Intended behavior: FAILURE, when executed after: [randoop.jodatime.RandoopTest1.test235], The revealed different behavior: PASS, when executed after: [], Test: randoop.jodatime.RandoopTest2.test254, Intended behavior: FAILURE, when executed after: [randoop.jodatime.RandoopTest2.test212], The revealed different behavior: PASS, when executed after: [], Test: randoop.jodatime.RandoopTest2.test243, Intended behavior: FAILURE, when executed after: [randoop.jodatime.RandoopTest2.test36], The revealed different behavior: PASS, when executed after: [], Test: randoop.jodatime.RandoopTest2.test490, Intended behavior: FAILURE, when executed after: [randoop.jodatime.RandoopTest2.test487], The revealed different behavior: PASS, when executed after: [], Test: randoop.jodatime.RandoopTest2.test487, Intended behavior: FAILURE, when executed after: [randoop.jodatime.RandoopTest2.test356], The revealed different behavior: PASS, when executed after: [], Test: randoop.jodatime.RandoopTest2.test356, Intended behavior: FAILURE, when executed after: [randoop.jodatime.RandoopTest2.test243], The revealed different behavior: PASS, when executed after: [], Test: randoop.jodatime.RandoopTest2.test474, Intended behavior: FAILURE, when executed after: [randoop.jodatime.RandoopTest2.test376], The revealed different behavior: PASS, when executed after: [], Test: randoop.jodatime.RandoopTest2.test493, Intended behavior: FAILURE, when executed after: [randoop.jodatime.RandoopTest2.test490], The revealed different behavior: PASS, when executed after: [], Test: randoop.jodatime.RandoopTest3.test195, Intended behavior: FAILURE, when executed after: [randoop.jodatime.RandoopTest3.test193], The revealed different behavior: PASS, when executed after: [], Test: randoop.jodatime.RandoopTest3.test193, Intended behavior: FAILURE, when executed after: [randoop.jodatime.RandoopTest3.test189], The revealed different behavior: PASS, when executed after: [], Test: randoop.jodatime.RandoopTest3.test189, Intended behavior: FAILURE, when executed after: [randoop.jodatime.RandoopTest3.test185], The revealed different behavior: PASS, when executed after: [], Test: randoop.jodatime.RandoopTest3.test185, Intended behavior: FAILURE, when executed after: [randoop.jodatime.RandoopTest3.test161], The revealed different behavior: PASS, when executed after: [], Test: randoop.jodatime.RandoopTest3.test161, Intended behavior: FAILURE, when executed after: [randoop.jodatime.RandoopTest2.test493], The revealed different behavior: PASS, when executed after: [], Test: randoop.jodatime.RandoopTest3.test389, Intended behavior: FAILURE, when executed after: [randoop.jodatime.RandoopTest3.test383], The revealed different behavior: PASS, when executed after: [], Test: randoop.jodatime.RandoopTest3.test383, Intended behavior: FAILURE, when executed after: [randoop.jodatime.RandoopTest3.test347], The revealed different behavior: PASS, when executed after: [], Test: randoop.jodatime.RandoopTest3.test347, Intended behavior: FAILURE, when executed after: [randoop.jodatime.RandoopTest3.test345], The revealed different behavior: PASS, when executed after: [], Test: randoop.jodatime.RandoopTest3.test345, Intended behavior: FAILURE, when executed after: [randoop.jodatime.RandoopTest3.test316], The revealed different behavior: PASS, when executed after: [], Test: randoop.jodatime.RandoopTest3.test316, Intended behavior: FAILURE, when executed after: [randoop.jodatime.RandoopTest3.test315], The revealed different behavior: PASS, when executed after: [], Test: randoop.jodatime.RandoopTest3.test315, Intended behavior: FAILURE, when executed after: [randoop.jodatime.RandoopTest3.test195], The revealed different behavior: PASS, when executed after: [], Test: randoop.jodatime.RandoopTest3.test496, Intended behavior: FAILURE, when executed after: [randoop.jodatime.RandoopTest3.test467], The revealed different behavior: PASS, when executed after: [], Test: randoop.jodatime.RandoopTest3.test467, Intended behavior: FAILURE, when executed after: [randoop.jodatime.RandoopTest3.test389], The revealed different behavior: PASS, when executed after: [], Test: randoop.jodatime.RandoopTest4.test259, Intended behavior: FAILURE, when executed after: [randoop.jodatime.RandoopTest4.test221], The revealed different behavior: PASS, when executed after: [], Test: randoop.jodatime.RandoopTest4.test221, Intended behavior: FAILURE, when executed after: [randoop.jodatime.RandoopTest4.test13], The revealed different behavior: PASS, when executed after: [], Test: randoop.jodatime.RandoopTest4.test401, Intended behavior: FAILURE, when executed after: [randoop.jodatime.RandoopTest4.test259], The revealed different behavior: PASS, when executed after: [], Test: randoop.jodatime.RandoopTest4.test434, Intended behavior: FAILURE, when executed after: [randoop.jodatime.RandoopTest4.test401], The revealed different behavior: PASS, when executed after: [], Test: randoop.jodatime.RandoopTest4.test13, Intended behavior: FAILURE, when executed after: [randoop.jodatime.RandoopTest3.test496], The revealed different behavior: PASS, when executed after: [], Test: randoop.jodatime.RandoopTest2.test212, Intended behavior: FAILURE, when executed after: [randoop.jodatime.RandoopTest2.test77], The revealed different behavior: PASS, when executed after: [], Test: randoop.jodatime.RandoopTest2.test376, Intended behavior: FAILURE, when executed after: [randoop.jodatime.RandoopTest2.test254], The revealed different behavior: PASS, when executed after: []]
--------------------------
Execution time of TLG and its time to find/nullify any DTs for 1 machine (does not include the time to run the tests in the new order): 1.140
Number of tests selected out of total in original order: 159 / 2211
Number of DTs not fixed: 0
Number of DTs fixed: 0
Execution time for executing the following testing order: 0.937

Test order list:
[randoop.jodatime.RandoopTest0.test498, randoop.jodatime.RandoopTest1.test181, randoop.jodatime.RandoopTest1.test235, randoop.jodatime.RandoopTest2.test21, randoop.jodatime.RandoopTest2.test36, randoop.jodatime.RandoopTest2.test243, randoop.jodatime.RandoopTest2.test356, randoop.jodatime.RandoopTest2.test487, randoop.jodatime.RandoopTest2.test490, randoop.jodatime.RandoopTest2.test493, randoop.jodatime.RandoopTest3.test161, randoop.jodatime.RandoopTest3.test185, randoop.jodatime.RandoopTest3.test189, randoop.jodatime.RandoopTest3.test193, randoop.jodatime.RandoopTest3.test195, randoop.jodatime.RandoopTest3.test315, randoop.jodatime.RandoopTest3.test316, randoop.jodatime.RandoopTest3.test345, randoop.jodatime.RandoopTest3.test347, randoop.jodatime.RandoopTest3.test383, randoop.jodatime.RandoopTest3.test389, randoop.jodatime.RandoopTest3.test467, randoop.jodatime.RandoopTest3.test468, randoop.jodatime.RandoopTest3.test470, randoop.jodatime.RandoopTest3.test471, randoop.jodatime.RandoopTest3.test473, randoop.jodatime.RandoopTest3.test474, randoop.jodatime.RandoopTest3.test476, randoop.jodatime.RandoopTest3.test477, randoop.jodatime.RandoopTest3.test478, randoop.jodatime.RandoopTest3.test479, randoop.jodatime.RandoopTest3.test480, randoop.jodatime.RandoopTest3.test481, randoop.jodatime.RandoopTest3.test483, randoop.jodatime.RandoopTest3.test484, randoop.jodatime.RandoopTest3.test486, randoop.jodatime.RandoopTest3.test487, randoop.jodatime.RandoopTest3.test488, randoop.jodatime.RandoopTest3.test489, randoop.jodatime.RandoopTest3.test490, randoop.jodatime.RandoopTest3.test491, randoop.jodatime.RandoopTest3.test492, randoop.jodatime.RandoopTest3.test493, randoop.jodatime.RandoopTest3.test494, randoop.jodatime.RandoopTest3.test495, randoop.jodatime.RandoopTest3.test496, randoop.jodatime.RandoopTest3.test497, randoop.jodatime.RandoopTest3.test498, randoop.jodatime.RandoopTest3.test499, randoop.jodatime.RandoopTest3.test500, randoop.jodatime.RandoopTest4.test1, randoop.jodatime.RandoopTest4.test2, randoop.jodatime.RandoopTest4.test3, randoop.jodatime.RandoopTest4.test4, randoop.jodatime.RandoopTest4.test5, randoop.jodatime.RandoopTest4.test6, randoop.jodatime.RandoopTest4.test7, randoop.jodatime.RandoopTest4.test8, randoop.jodatime.RandoopTest4.test9, randoop.jodatime.RandoopTest4.test10, randoop.jodatime.RandoopTest4.test11, randoop.jodatime.RandoopTest4.test12, randoop.jodatime.RandoopTest4.test13, randoop.jodatime.RandoopTest4.test14, randoop.jodatime.RandoopTest4.test17, randoop.jodatime.RandoopTest4.test18, randoop.jodatime.RandoopTest4.test19, randoop.jodatime.RandoopTest4.test20, randoop.jodatime.RandoopTest4.test21, randoop.jodatime.RandoopTest4.test22, randoop.jodatime.RandoopTest4.test24, randoop.jodatime.RandoopTest4.test25, randoop.jodatime.RandoopTest4.test26, randoop.jodatime.RandoopTest4.test30, randoop.jodatime.RandoopTest4.test31, randoop.jodatime.RandoopTest4.test33, randoop.jodatime.RandoopTest4.test35, randoop.jodatime.RandoopTest4.test36, randoop.jodatime.RandoopTest4.test38, randoop.jodatime.RandoopTest4.test39, randoop.jodatime.RandoopTest4.test40, randoop.jodatime.RandoopTest4.test41, randoop.jodatime.RandoopTest4.test42, randoop.jodatime.RandoopTest4.test43, randoop.jodatime.RandoopTest4.test44, randoop.jodatime.RandoopTest4.test45, randoop.jodatime.RandoopTest4.test46, randoop.jodatime.RandoopTest4.test47, randoop.jodatime.RandoopTest4.test48, randoop.jodatime.RandoopTest4.test50, randoop.jodatime.RandoopTest4.test52, randoop.jodatime.RandoopTest4.test53, randoop.jodatime.RandoopTest4.test54, randoop.jodatime.RandoopTest4.test56, randoop.jodatime.RandoopTest4.test57, randoop.jodatime.RandoopTest4.test58, randoop.jodatime.RandoopTest4.test59, randoop.jodatime.RandoopTest4.test60, randoop.jodatime.RandoopTest4.test61, randoop.jodatime.RandoopTest4.test62, randoop.jodatime.RandoopTest4.test63, randoop.jodatime.RandoopTest4.test64, randoop.jodatime.RandoopTest4.test65, randoop.jodatime.RandoopTest4.test66, randoop.jodatime.RandoopTest4.test67, randoop.jodatime.RandoopTest4.test68, randoop.jodatime.RandoopTest4.test69, randoop.jodatime.RandoopTest4.test70, randoop.jodatime.RandoopTest4.test71, randoop.jodatime.RandoopTest4.test72, randoop.jodatime.RandoopTest4.test73, randoop.jodatime.RandoopTest4.test74, randoop.jodatime.RandoopTest4.test75, randoop.jodatime.RandoopTest4.test76, randoop.jodatime.RandoopTest4.test77, randoop.jodatime.RandoopTest4.test78, randoop.jodatime.RandoopTest4.test79, randoop.jodatime.RandoopTest4.test80, randoop.jodatime.RandoopTest4.test81, randoop.jodatime.RandoopTest4.test82, randoop.jodatime.RandoopTest4.test84, randoop.jodatime.RandoopTest4.test85, randoop.jodatime.RandoopTest4.test86, randoop.jodatime.RandoopTest4.test87, randoop.jodatime.RandoopTest4.test88, randoop.jodatime.RandoopTest4.test89, randoop.jodatime.RandoopTest4.test90, randoop.jodatime.RandoopTest4.test91, randoop.jodatime.RandoopTest4.test92, randoop.jodatime.RandoopTest4.test94, randoop.jodatime.RandoopTest4.test95, randoop.jodatime.RandoopTest4.test96, randoop.jodatime.RandoopTest4.test97, randoop.jodatime.RandoopTest4.test98, randoop.jodatime.RandoopTest4.test99, randoop.jodatime.RandoopTest4.test100, randoop.jodatime.RandoopTest4.test101, randoop.jodatime.RandoopTest4.test102, randoop.jodatime.RandoopTest4.test103, randoop.jodatime.RandoopTest4.test104, randoop.jodatime.RandoopTest4.test105, randoop.jodatime.RandoopTest4.test106, randoop.jodatime.RandoopTest4.test107, randoop.jodatime.RandoopTest4.test110, randoop.jodatime.RandoopTest4.test111, randoop.jodatime.RandoopTest4.test112, randoop.jodatime.RandoopTest4.test114, randoop.jodatime.RandoopTest4.test115, randoop.jodatime.RandoopTest4.test116, randoop.jodatime.RandoopTest4.test117, randoop.jodatime.RandoopTest4.test119, randoop.jodatime.RandoopTest4.test120, randoop.jodatime.RandoopTest4.test121, randoop.jodatime.RandoopTest4.test122, randoop.jodatime.RandoopTest4.test123, randoop.jodatime.RandoopTest4.test124, randoop.jodatime.RandoopTest4.test125, randoop.jodatime.RandoopTest4.test126, randoop.jodatime.RandoopTest4.test127]

Time each test takes to run in the new order:
[122385280, 32245700, 23361023, 22690361, 18809605, 17989992, 11695932, 10651753, 13780536, 16264946, 11601254, 10153101, 8156865, 12844867, 7492843, 7536966, 7598155, 7136312, 8755536, 8916207, 7062407, 12798817, 8051002, 8494468, 6298845, 6267496, 6982128, 6346601, 6308283, 6870406, 6274514, 7433770, 6994082, 6426849, 14061467, 5121121, 5624753, 4891744, 4776873, 4346008, 3785485, 4468468, 5789371, 3339224, 2998481, 3084441, 3135744, 2844010, 3676777, 2571701, 14648430, 2307038, 2239448, 2424619, 3047408, 7711574, 2910671, 2615171, 3166054, 2487386, 2506058, 3598768, 2375566, 2966696, 2388324, 3103327, 2521847, 2467528, 2419539, 2598158, 2119509, 2244019, 2407256, 2337291, 2097150, 2124666, 7053016, 2583044, 2355594, 2857168, 2411410, 2211170, 2150699, 2494365, 2175135, 2128168, 2572496, 2187998, 2422212, 2288291, 2646703, 2257841, 2165427, 2155659, 2514701, 2152698, 2144117, 2165327, 2152195, 2883997, 2443561, 2718088, 3905827, 6441374, 7858167, 7562347, 7861367, 7914118, 7914781, 7754360, 8335407, 8398207, 8323384, 7870437, 8147753, 7796069, 4411395, 3840001, 8054373, 3724071, 3612302, 3901446, 3951409, 3916366, 3847758, 3717461, 3619528, 3938878, 3589147, 3371315, 3214038, 2130321, 2083517, 2084238, 3619333, 2157964, 3778832, 1963273, 2124790, 1980211, 2217418, 2070864, 2210085, 2077837, 2034556, 2277205, 2064751, 1982459, 2066999, 2270289, 1982375, 2167528, 2089336, 2144388, 2299281, 2156300, 2257762, 1943692, 2154500]

Dependent test list:
[Test: randoop.jodatime.RandoopTest0.test196, Intended behavior: FAILURE, when executed after: [randoop.jodatime.RandoopTest0.test192], The revealed different behavior: PASS, when executed after: [], Test: randoop.jodatime.RandoopTest0.test192, Intended behavior: FAILURE, when executed after: [randoop.jodatime.RandoopTest0.test165], The revealed different behavior: PASS, when executed after: [], Test: randoop.jodatime.RandoopTest0.test165, Intended behavior: FAILURE, when executed after: [randoop.jodatime.RandoopTest0.test135], The revealed different behavior: PASS, when executed after: [], Test: randoop.jodatime.RandoopTest0.test360, Intended behavior: FAILURE, when executed after: [randoop.jodatime.RandoopTest0.test338], The revealed different behavior: PASS, when executed after: [], Test: randoop.jodatime.RandoopTest0.test338, Intended behavior: FAILURE, when executed after: [randoop.jodatime.RandoopTest0.test325], The revealed different behavior: PASS, when executed after: [], Test: randoop.jodatime.RandoopTest0.test325, Intended behavior: FAILURE, when executed after: [randoop.jodatime.RandoopTest0.test196], The revealed different behavior: PASS, when executed after: [], Test: randoop.jodatime.RandoopTest1.test235, Intended behavior: FAILURE, when executed after: [randoop.jodatime.RandoopTest1.test181], The revealed different behavior: PASS, when executed after: [], Test: randoop.jodatime.RandoopTest1.test181, Intended behavior: FAILURE, when executed after: [randoop.jodatime.RandoopTest0.test498], The revealed different behavior: PASS, when executed after: [], Test: randoop.jodatime.RandoopTest2.test36, Intended behavior: FAILURE, when executed after: [randoop.jodatime.RandoopTest2.test21], The revealed different behavior: PASS, when executed after: [], Test: randoop.jodatime.RandoopTest2.test77, Intended behavior: FAILURE, when executed after: [randoop.jodatime.RandoopTest1.test467], The revealed different behavior: PASS, when executed after: [], Test: randoop.jodatime.RandoopTest2.test21, Intended behavior: FAILURE, when executed after: [randoop.jodatime.RandoopTest1.test235], The revealed different behavior: PASS, when executed after: [], Test: randoop.jodatime.RandoopTest2.test254, Intended behavior: FAILURE, when executed after: [randoop.jodatime.RandoopTest2.test212], The revealed different behavior: PASS, when executed after: [], Test: randoop.jodatime.RandoopTest2.test243, Intended behavior: FAILURE, when executed after: [randoop.jodatime.RandoopTest2.test36], The revealed different behavior: PASS, when executed after: [], Test: randoop.jodatime.RandoopTest2.test490, Intended behavior: FAILURE, when executed after: [randoop.jodatime.RandoopTest2.test487], The revealed different behavior: PASS, when executed after: [], Test: randoop.jodatime.RandoopTest2.test487, Intended behavior: FAILURE, when executed after: [randoop.jodatime.RandoopTest2.test356], The revealed different behavior: PASS, when executed after: [], Test: randoop.jodatime.RandoopTest2.test356, Intended behavior: FAILURE, when executed after: [randoop.jodatime.RandoopTest2.test243], The revealed different behavior: PASS, when executed after: [], Test: randoop.jodatime.RandoopTest2.test474, Intended behavior: FAILURE, when executed after: [randoop.jodatime.RandoopTest2.test376], The revealed different behavior: PASS, when executed after: [], Test: randoop.jodatime.RandoopTest2.test493, Intended behavior: FAILURE, when executed after: [randoop.jodatime.RandoopTest2.test490], The revealed different behavior: PASS, when executed after: [], Test: randoop.jodatime.RandoopTest3.test195, Intended behavior: FAILURE, when executed after: [randoop.jodatime.RandoopTest3.test193], The revealed different behavior: PASS, when executed after: [], Test: randoop.jodatime.RandoopTest3.test193, Intended behavior: FAILURE, when executed after: [randoop.jodatime.RandoopTest3.test189], The revealed different behavior: PASS, when executed after: [], Test: randoop.jodatime.RandoopTest3.test189, Intended behavior: FAILURE, when executed after: [randoop.jodatime.RandoopTest3.test185], The revealed different behavior: PASS, when executed after: [], Test: randoop.jodatime.RandoopTest3.test185, Intended behavior: FAILURE, when executed after: [randoop.jodatime.RandoopTest3.test161], The revealed different behavior: PASS, when executed after: [], Test: randoop.jodatime.RandoopTest3.test161, Intended behavior: FAILURE, when executed after: [randoop.jodatime.RandoopTest2.test493], The revealed different behavior: PASS, when executed after: [], Test: randoop.jodatime.RandoopTest3.test389, Intended behavior: FAILURE, when executed after: [randoop.jodatime.RandoopTest3.test383], The revealed different behavior: PASS, when executed after: [], Test: randoop.jodatime.RandoopTest3.test383, Intended behavior: FAILURE, when executed after: [randoop.jodatime.RandoopTest3.test347], The revealed different behavior: PASS, when executed after: [], Test: randoop.jodatime.RandoopTest3.test347, Intended behavior: FAILURE, when executed after: [randoop.jodatime.RandoopTest3.test345], The revealed different behavior: PASS, when executed after: [], Test: randoop.jodatime.RandoopTest3.test345, Intended behavior: FAILURE, when executed after: [randoop.jodatime.RandoopTest3.test316], The revealed different behavior: PASS, when executed after: [], Test: randoop.jodatime.RandoopTest3.test316, Intended behavior: FAILURE, when executed after: [randoop.jodatime.RandoopTest3.test315], The revealed different behavior: PASS, when executed after: [], Test: randoop.jodatime.RandoopTest3.test315, Intended behavior: FAILURE, when executed after: [randoop.jodatime.RandoopTest3.test195], The revealed different behavior: PASS, when executed after: [], Test: randoop.jodatime.RandoopTest3.test496, Intended behavior: FAILURE, when executed after: [randoop.jodatime.RandoopTest3.test467], The revealed different behavior: PASS, when executed after: [], Test: randoop.jodatime.RandoopTest3.test467, Intended behavior: FAILURE, when executed after: [randoop.jodatime.RandoopTest3.test389], The revealed different behavior: PASS, when executed after: [], Test: randoop.jodatime.RandoopTest4.test259, Intended behavior: FAILURE, when executed after: [randoop.jodatime.RandoopTest4.test221], The revealed different behavior: PASS, when executed after: [], Test: randoop.jodatime.RandoopTest4.test221, Intended behavior: FAILURE, when executed after: [randoop.jodatime.RandoopTest4.test13], The revealed different behavior: PASS, when executed after: [], Test: randoop.jodatime.RandoopTest4.test401, Intended behavior: FAILURE, when executed after: [randoop.jodatime.RandoopTest4.test259], The revealed different behavior: PASS, when executed after: [], Test: randoop.jodatime.RandoopTest4.test434, Intended behavior: FAILURE, when executed after: [randoop.jodatime.RandoopTest4.test401], The revealed different behavior: PASS, when executed after: [], Test: randoop.jodatime.RandoopTest4.test13, Intended behavior: FAILURE, when executed after: [randoop.jodatime.RandoopTest3.test496], The revealed different behavior: PASS, when executed after: [], Test: randoop.jodatime.RandoopTest2.test212, Intended behavior: FAILURE, when executed after: [randoop.jodatime.RandoopTest2.test77], The revealed different behavior: PASS, when executed after: [], Test: randoop.jodatime.RandoopTest2.test376, Intended behavior: FAILURE, when executed after: [randoop.jodatime.RandoopTest2.test254], The revealed different behavior: PASS, when executed after: []]
--------------------------
Execution time of TLG and its time to find/nullify any DTs for 1 machine (does not include the time to run the tests in the new order): 1.663
Number of tests selected out of total in original order: 162 / 2211
Number of DTs not fixed: 0
Number of DTs fixed: 0
Execution time for executing the following testing order: 1.037

Test order list:
[randoop.jodatime.RandoopTest4.test128, randoop.jodatime.RandoopTest4.test129, randoop.jodatime.RandoopTest4.test130, randoop.jodatime.RandoopTest4.test131, randoop.jodatime.RandoopTest4.test132, randoop.jodatime.RandoopTest4.test134, randoop.jodatime.RandoopTest4.test135, randoop.jodatime.RandoopTest4.test136, randoop.jodatime.RandoopTest4.test137, randoop.jodatime.RandoopTest4.test138, randoop.jodatime.RandoopTest4.test139, randoop.jodatime.RandoopTest4.test140, randoop.jodatime.RandoopTest4.test141, randoop.jodatime.RandoopTest4.test142, randoop.jodatime.RandoopTest4.test143, randoop.jodatime.RandoopTest4.test145, randoop.jodatime.RandoopTest4.test147, randoop.jodatime.RandoopTest4.test149, randoop.jodatime.RandoopTest4.test150, randoop.jodatime.RandoopTest4.test153, randoop.jodatime.RandoopTest4.test154, randoop.jodatime.RandoopTest4.test158, randoop.jodatime.RandoopTest4.test159, randoop.jodatime.RandoopTest4.test160, randoop.jodatime.RandoopTest4.test161, randoop.jodatime.RandoopTest4.test162, randoop.jodatime.RandoopTest4.test163, randoop.jodatime.RandoopTest4.test164, randoop.jodatime.RandoopTest4.test165, randoop.jodatime.RandoopTest4.test166, randoop.jodatime.RandoopTest4.test167, randoop.jodatime.RandoopTest4.test168, randoop.jodatime.RandoopTest4.test169, randoop.jodatime.RandoopTest4.test170, randoop.jodatime.RandoopTest4.test171, randoop.jodatime.RandoopTest4.test172, randoop.jodatime.RandoopTest4.test173, randoop.jodatime.RandoopTest4.test174, randoop.jodatime.RandoopTest4.test176, randoop.jodatime.RandoopTest4.test179, randoop.jodatime.RandoopTest4.test180, randoop.jodatime.RandoopTest4.test181, randoop.jodatime.RandoopTest4.test182, randoop.jodatime.RandoopTest4.test183, randoop.jodatime.RandoopTest4.test184, randoop.jodatime.RandoopTest4.test185, randoop.jodatime.RandoopTest4.test186, randoop.jodatime.RandoopTest4.test188, randoop.jodatime.RandoopTest4.test189, randoop.jodatime.RandoopTest4.test190, randoop.jodatime.RandoopTest4.test191, randoop.jodatime.RandoopTest4.test192, randoop.jodatime.RandoopTest4.test193, randoop.jodatime.RandoopTest4.test197, randoop.jodatime.RandoopTest4.test198, randoop.jodatime.RandoopTest4.test199, randoop.jodatime.RandoopTest4.test200, randoop.jodatime.RandoopTest4.test201, randoop.jodatime.RandoopTest4.test203, randoop.jodatime.RandoopTest4.test205, randoop.jodatime.RandoopTest4.test206, randoop.jodatime.RandoopTest4.test209, randoop.jodatime.RandoopTest4.test210, randoop.jodatime.RandoopTest4.test211, randoop.jodatime.RandoopTest4.test212, randoop.jodatime.RandoopTest4.test213, randoop.jodatime.RandoopTest4.test216, randoop.jodatime.RandoopTest4.test218, randoop.jodatime.RandoopTest4.test219, randoop.jodatime.RandoopTest4.test220, randoop.jodatime.RandoopTest0.test498, randoop.jodatime.RandoopTest1.test181, randoop.jodatime.RandoopTest1.test235, randoop.jodatime.RandoopTest2.test21, randoop.jodatime.RandoopTest2.test36, randoop.jodatime.RandoopTest2.test243, randoop.jodatime.RandoopTest2.test356, randoop.jodatime.RandoopTest2.test487, randoop.jodatime.RandoopTest2.test490, randoop.jodatime.RandoopTest2.test493, randoop.jodatime.RandoopTest3.test161, randoop.jodatime.RandoopTest3.test185, randoop.jodatime.RandoopTest3.test189, randoop.jodatime.RandoopTest3.test193, randoop.jodatime.RandoopTest3.test195, randoop.jodatime.RandoopTest3.test315, randoop.jodatime.RandoopTest3.test316, randoop.jodatime.RandoopTest3.test345, randoop.jodatime.RandoopTest3.test347, randoop.jodatime.RandoopTest3.test383, randoop.jodatime.RandoopTest3.test389, randoop.jodatime.RandoopTest3.test467, randoop.jodatime.RandoopTest3.test496, randoop.jodatime.RandoopTest4.test13, randoop.jodatime.RandoopTest4.test221, randoop.jodatime.RandoopTest4.test222, randoop.jodatime.RandoopTest4.test223, randoop.jodatime.RandoopTest4.test226, randoop.jodatime.RandoopTest4.test227, randoop.jodatime.RandoopTest4.test229, randoop.jodatime.RandoopTest4.test230, randoop.jodatime.RandoopTest4.test233, randoop.jodatime.RandoopTest4.test234, randoop.jodatime.RandoopTest4.test235, randoop.jodatime.RandoopTest4.test236, randoop.jodatime.RandoopTest4.test237, randoop.jodatime.RandoopTest4.test238, randoop.jodatime.RandoopTest4.test239, randoop.jodatime.RandoopTest4.test240, randoop.jodatime.RandoopTest4.test241, randoop.jodatime.RandoopTest4.test242, randoop.jodatime.RandoopTest4.test243, randoop.jodatime.RandoopTest4.test244, randoop.jodatime.RandoopTest4.test245, randoop.jodatime.RandoopTest4.test247, randoop.jodatime.RandoopTest4.test248, randoop.jodatime.RandoopTest4.test249, randoop.jodatime.RandoopTest4.test250, randoop.jodatime.RandoopTest4.test251, randoop.jodatime.RandoopTest4.test252, randoop.jodatime.RandoopTest4.test253, randoop.jodatime.RandoopTest4.test254, randoop.jodatime.RandoopTest4.test255, randoop.jodatime.RandoopTest4.test256, randoop.jodatime.RandoopTest4.test257, randoop.jodatime.RandoopTest4.test258, randoop.jodatime.RandoopTest4.test259, randoop.jodatime.RandoopTest4.test261, randoop.jodatime.RandoopTest4.test262, randoop.jodatime.RandoopTest4.test263, randoop.jodatime.RandoopTest4.test266, randoop.jodatime.RandoopTest4.test268, randoop.jodatime.RandoopTest4.test269, randoop.jodatime.RandoopTest4.test271, randoop.jodatime.RandoopTest4.test272, randoop.jodatime.RandoopTest4.test273, randoop.jodatime.RandoopTest4.test274, randoop.jodatime.RandoopTest4.test277, randoop.jodatime.RandoopTest4.test278, randoop.jodatime.RandoopTest4.test279, randoop.jodatime.RandoopTest4.test280, randoop.jodatime.RandoopTest4.test281, randoop.jodatime.RandoopTest4.test284, randoop.jodatime.RandoopTest4.test285, randoop.jodatime.RandoopTest4.test286, randoop.jodatime.RandoopTest4.test287, randoop.jodatime.RandoopTest4.test288, randoop.jodatime.RandoopTest4.test289, randoop.jodatime.RandoopTest4.test291, randoop.jodatime.RandoopTest4.test292, randoop.jodatime.RandoopTest4.test294, randoop.jodatime.RandoopTest4.test295, randoop.jodatime.RandoopTest4.test296, randoop.jodatime.RandoopTest4.test299, randoop.jodatime.RandoopTest4.test301, randoop.jodatime.RandoopTest4.test302, randoop.jodatime.RandoopTest4.test303, randoop.jodatime.RandoopTest4.test304, randoop.jodatime.RandoopTest4.test305, randoop.jodatime.RandoopTest4.test306, randoop.jodatime.RandoopTest4.test307, randoop.jodatime.RandoopTest4.test309]

Time each test takes to run in the new order:
[124758059, 31488181, 22077356, 24851357, 19208896, 18132663, 12062824, 10849356, 12953013, 11088602, 14148838, 7947301, 8542796, 7047321, 8044012, 10029049, 6829662, 5953798, 6575100, 6732287, 6904210, 5731926, 4619332, 5851362, 4405546, 105314615, 4660776, 8583146, 7869798, 7610032, 9507838, 8282746, 8628662, 7914277, 8089135, 7796591, 12702858, 10405323, 10726261, 10362326, 10400592, 9975810, 5657984, 5172732, 5184096, 5588941, 7729253, 7365013, 7783941, 6022030, 5693509, 5381684, 5587173, 5409753, 6047384, 4233501, 2221585, 4775156, 2409844, 2930881, 2198147, 2626511, 2802731, 2300397, 2209627, 2458800, 2417361, 2167219, 2686671, 2081291, 4916837, 5177184, 6988349, 8050252, 6666635, 6635535, 6699496, 8608776, 3503492, 3295891, 4289389, 2746322, 2651131, 2677905, 2592619, 2777982, 2632507, 2702219, 2749286, 2800272, 2697247, 2917319, 2671099, 2773568, 2611999, 2778133, 2951089, 2945027, 9222051, 2428852, 2712585, 2453355, 2180293, 2614162, 2208443, 2950999, 2667390, 2380350, 2445359, 2136261, 2096200, 2596038, 2276072, 2357716, 2491632, 2361127, 2639653, 2365267, 2523343, 5234205, 2651097, 2321043, 2550032, 2141230, 2437283, 2047705, 2074977, 2356619, 2077938, 2120861, 2142078, 2055743, 2162367, 2028762, 2336276, 2359075, 2473797, 2042427, 2021149, 2330510, 2485523, 3139846, 2227591, 2069779, 2031622, 2053636, 2050798, 2349640, 2549651, 2399465, 2380053, 2456514, 2579225, 2243405, 2315699, 2503957, 2540690, 2288441, 2346176, 2610948, 2373452, 2195758]

Dependent test list:
[Test: randoop.jodatime.RandoopTest0.test196, Intended behavior: FAILURE, when executed after: [randoop.jodatime.RandoopTest0.test192], The revealed different behavior: PASS, when executed after: [], Test: randoop.jodatime.RandoopTest0.test192, Intended behavior: FAILURE, when executed after: [randoop.jodatime.RandoopTest0.test165], The revealed different behavior: PASS, when executed after: [], Test: randoop.jodatime.RandoopTest0.test165, Intended behavior: FAILURE, when executed after: [randoop.jodatime.RandoopTest0.test135], The revealed different behavior: PASS, when executed after: [], Test: randoop.jodatime.RandoopTest0.test360, Intended behavior: FAILURE, when executed after: [randoop.jodatime.RandoopTest0.test338], The revealed different behavior: PASS, when executed after: [], Test: randoop.jodatime.RandoopTest0.test338, Intended behavior: FAILURE, when executed after: [randoop.jodatime.RandoopTest0.test325], The revealed different behavior: PASS, when executed after: [], Test: randoop.jodatime.RandoopTest0.test325, Intended behavior: FAILURE, when executed after: [randoop.jodatime.RandoopTest0.test196], The revealed different behavior: PASS, when executed after: [], Test: randoop.jodatime.RandoopTest1.test235, Intended behavior: FAILURE, when executed after: [randoop.jodatime.RandoopTest1.test181], The revealed different behavior: PASS, when executed after: [], Test: randoop.jodatime.RandoopTest1.test181, Intended behavior: FAILURE, when executed after: [randoop.jodatime.RandoopTest0.test498], The revealed different behavior: PASS, when executed after: [], Test: randoop.jodatime.RandoopTest2.test36, Intended behavior: FAILURE, when executed after: [randoop.jodatime.RandoopTest2.test21], The revealed different behavior: PASS, when executed after: [], Test: randoop.jodatime.RandoopTest2.test77, Intended behavior: FAILURE, when executed after: [randoop.jodatime.RandoopTest1.test467], The revealed different behavior: PASS, when executed after: [], Test: randoop.jodatime.RandoopTest2.test21, Intended behavior: FAILURE, when executed after: [randoop.jodatime.RandoopTest1.test235], The revealed different behavior: PASS, when executed after: [], Test: randoop.jodatime.RandoopTest2.test254, Intended behavior: FAILURE, when executed after: [randoop.jodatime.RandoopTest2.test212], The revealed different behavior: PASS, when executed after: [], Test: randoop.jodatime.RandoopTest2.test243, Intended behavior: FAILURE, when executed after: [randoop.jodatime.RandoopTest2.test36], The revealed different behavior: PASS, when executed after: [], Test: randoop.jodatime.RandoopTest2.test490, Intended behavior: FAILURE, when executed after: [randoop.jodatime.RandoopTest2.test487], The revealed different behavior: PASS, when executed after: [], Test: randoop.jodatime.RandoopTest2.test487, Intended behavior: FAILURE, when executed after: [randoop.jodatime.RandoopTest2.test356], The revealed different behavior: PASS, when executed after: [], Test: randoop.jodatime.RandoopTest2.test356, Intended behavior: FAILURE, when executed after: [randoop.jodatime.RandoopTest2.test243], The revealed different behavior: PASS, when executed after: [], Test: randoop.jodatime.RandoopTest2.test474, Intended behavior: FAILURE, when executed after: [randoop.jodatime.RandoopTest2.test376], The revealed different behavior: PASS, when executed after: [], Test: randoop.jodatime.RandoopTest2.test493, Intended behavior: FAILURE, when executed after: [randoop.jodatime.RandoopTest2.test490], The revealed different behavior: PASS, when executed after: [], Test: randoop.jodatime.RandoopTest3.test195, Intended behavior: FAILURE, when executed after: [randoop.jodatime.RandoopTest3.test193], The revealed different behavior: PASS, when executed after: [], Test: randoop.jodatime.RandoopTest3.test193, Intended behavior: FAILURE, when executed after: [randoop.jodatime.RandoopTest3.test189], The revealed different behavior: PASS, when executed after: [], Test: randoop.jodatime.RandoopTest3.test189, Intended behavior: FAILURE, when executed after: [randoop.jodatime.RandoopTest3.test185], The revealed different behavior: PASS, when executed after: [], Test: randoop.jodatime.RandoopTest3.test185, Intended behavior: FAILURE, when executed after: [randoop.jodatime.RandoopTest3.test161], The revealed different behavior: PASS, when executed after: [], Test: randoop.jodatime.RandoopTest3.test161, Intended behavior: FAILURE, when executed after: [randoop.jodatime.RandoopTest2.test493], The revealed different behavior: PASS, when executed after: [], Test: randoop.jodatime.RandoopTest3.test389, Intended behavior: FAILURE, when executed after: [randoop.jodatime.RandoopTest3.test383], The revealed different behavior: PASS, when executed after: [], Test: randoop.jodatime.RandoopTest3.test383, Intended behavior: FAILURE, when executed after: [randoop.jodatime.RandoopTest3.test347], The revealed different behavior: PASS, when executed after: [], Test: randoop.jodatime.RandoopTest3.test347, Intended behavior: FAILURE, when executed after: [randoop.jodatime.RandoopTest3.test345], The revealed different behavior: PASS, when executed after: [], Test: randoop.jodatime.RandoopTest3.test345, Intended behavior: FAILURE, when executed after: [randoop.jodatime.RandoopTest3.test316], The revealed different behavior: PASS, when executed after: [], Test: randoop.jodatime.RandoopTest3.test316, Intended behavior: FAILURE, when executed after: [randoop.jodatime.RandoopTest3.test315], The revealed different behavior: PASS, when executed after: [], Test: randoop.jodatime.RandoopTest3.test315, Intended behavior: FAILURE, when executed after: [randoop.jodatime.RandoopTest3.test195], The revealed different behavior: PASS, when executed after: [], Test: randoop.jodatime.RandoopTest3.test496, Intended behavior: FAILURE, when executed after: [randoop.jodatime.RandoopTest3.test467], The revealed different behavior: PASS, when executed after: [], Test: randoop.jodatime.RandoopTest3.test467, Intended behavior: FAILURE, when executed after: [randoop.jodatime.RandoopTest3.test389], The revealed different behavior: PASS, when executed after: [], Test: randoop.jodatime.RandoopTest4.test259, Intended behavior: FAILURE, when executed after: [randoop.jodatime.RandoopTest4.test221], The revealed different behavior: PASS, when executed after: [], Test: randoop.jodatime.RandoopTest4.test221, Intended behavior: FAILURE, when executed after: [randoop.jodatime.RandoopTest4.test13], The revealed different behavior: PASS, when executed after: [], Test: randoop.jodatime.RandoopTest4.test401, Intended behavior: FAILURE, when executed after: [randoop.jodatime.RandoopTest4.test259], The revealed different behavior: PASS, when executed after: [], Test: randoop.jodatime.RandoopTest4.test434, Intended behavior: FAILURE, when executed after: [randoop.jodatime.RandoopTest4.test401], The revealed different behavior: PASS, when executed after: [], Test: randoop.jodatime.RandoopTest4.test13, Intended behavior: FAILURE, when executed after: [randoop.jodatime.RandoopTest3.test496], The revealed different behavior: PASS, when executed after: [], Test: randoop.jodatime.RandoopTest2.test212, Intended behavior: FAILURE, when executed after: [randoop.jodatime.RandoopTest2.test77], The revealed different behavior: PASS, when executed after: [], Test: randoop.jodatime.RandoopTest2.test376, Intended behavior: FAILURE, when executed after: [randoop.jodatime.RandoopTest2.test254], The revealed different behavior: PASS, when executed after: []]
--------------------------
Execution time of TLG and its time to find/nullify any DTs for 1 machine (does not include the time to run the tests in the new order): 2.084
Number of tests selected out of total in original order: 164 / 2211
Number of DTs not fixed: 0
Number of DTs fixed: 0
Execution time for executing the following testing order: 1.848

Test order list:
[randoop.jodatime.RandoopTest4.test310, randoop.jodatime.RandoopTest4.test311, randoop.jodatime.RandoopTest4.test312, randoop.jodatime.RandoopTest4.test313, randoop.jodatime.RandoopTest4.test314, randoop.jodatime.RandoopTest4.test315, randoop.jodatime.RandoopTest4.test317, randoop.jodatime.RandoopTest4.test318, randoop.jodatime.RandoopTest4.test320, randoop.jodatime.RandoopTest4.test321, randoop.jodatime.RandoopTest4.test322, randoop.jodatime.RandoopTest4.test323, randoop.jodatime.RandoopTest4.test324, randoop.jodatime.RandoopTest4.test325, randoop.jodatime.RandoopTest4.test326, randoop.jodatime.RandoopTest4.test328, randoop.jodatime.RandoopTest4.test330, randoop.jodatime.RandoopTest4.test331, randoop.jodatime.RandoopTest4.test332, randoop.jodatime.RandoopTest4.test334, randoop.jodatime.RandoopTest4.test335, randoop.jodatime.RandoopTest4.test337, randoop.jodatime.RandoopTest4.test338, randoop.jodatime.RandoopTest4.test339, randoop.jodatime.RandoopTest4.test340, randoop.jodatime.RandoopTest4.test341, randoop.jodatime.RandoopTest4.test342, randoop.jodatime.RandoopTest4.test343, randoop.jodatime.RandoopTest4.test345, randoop.jodatime.RandoopTest4.test346, randoop.jodatime.RandoopTest4.test347, randoop.jodatime.RandoopTest4.test348, randoop.jodatime.RandoopTest4.test349, randoop.jodatime.RandoopTest4.test351, randoop.jodatime.RandoopTest4.test352, randoop.jodatime.RandoopTest4.test353, randoop.jodatime.RandoopTest4.test354, randoop.jodatime.RandoopTest4.test355, randoop.jodatime.RandoopTest4.test356, randoop.jodatime.RandoopTest4.test357, randoop.jodatime.RandoopTest4.test358, randoop.jodatime.RandoopTest4.test359, randoop.jodatime.RandoopTest4.test361, randoop.jodatime.RandoopTest4.test362, randoop.jodatime.RandoopTest4.test363, randoop.jodatime.RandoopTest4.test364, randoop.jodatime.RandoopTest4.test365, randoop.jodatime.RandoopTest4.test366, randoop.jodatime.RandoopTest4.test367, randoop.jodatime.RandoopTest4.test370, randoop.jodatime.RandoopTest4.test371, randoop.jodatime.RandoopTest4.test372, randoop.jodatime.RandoopTest4.test373, randoop.jodatime.RandoopTest4.test374, randoop.jodatime.RandoopTest4.test375, randoop.jodatime.RandoopTest4.test376, randoop.jodatime.RandoopTest4.test378, randoop.jodatime.RandoopTest4.test379, randoop.jodatime.RandoopTest4.test380, randoop.jodatime.RandoopTest4.test382, randoop.jodatime.RandoopTest4.test384, randoop.jodatime.RandoopTest4.test385, randoop.jodatime.RandoopTest4.test386, randoop.jodatime.RandoopTest4.test388, randoop.jodatime.RandoopTest4.test389, randoop.jodatime.RandoopTest4.test390, randoop.jodatime.RandoopTest4.test391, randoop.jodatime.RandoopTest4.test392, randoop.jodatime.RandoopTest4.test394, randoop.jodatime.RandoopTest4.test395, randoop.jodatime.RandoopTest4.test396, randoop.jodatime.RandoopTest4.test397, randoop.jodatime.RandoopTest4.test398, randoop.jodatime.RandoopTest4.test399, randoop.jodatime.RandoopTest0.test498, randoop.jodatime.RandoopTest1.test181, randoop.jodatime.RandoopTest1.test235, randoop.jodatime.RandoopTest2.test21, randoop.jodatime.RandoopTest2.test36, randoop.jodatime.RandoopTest2.test243, randoop.jodatime.RandoopTest2.test356, randoop.jodatime.RandoopTest2.test487, randoop.jodatime.RandoopTest2.test490, randoop.jodatime.RandoopTest2.test493, randoop.jodatime.RandoopTest3.test161, randoop.jodatime.RandoopTest3.test185, randoop.jodatime.RandoopTest3.test189, randoop.jodatime.RandoopTest3.test193, randoop.jodatime.RandoopTest3.test195, randoop.jodatime.RandoopTest3.test315, randoop.jodatime.RandoopTest3.test316, randoop.jodatime.RandoopTest3.test345, randoop.jodatime.RandoopTest3.test347, randoop.jodatime.RandoopTest3.test383, randoop.jodatime.RandoopTest3.test389, randoop.jodatime.RandoopTest3.test467, randoop.jodatime.RandoopTest3.test496, randoop.jodatime.RandoopTest4.test13, randoop.jodatime.RandoopTest4.test221, randoop.jodatime.RandoopTest4.test259, randoop.jodatime.RandoopTest4.test401, randoop.jodatime.RandoopTest4.test403, randoop.jodatime.RandoopTest4.test404, randoop.jodatime.RandoopTest4.test405, randoop.jodatime.RandoopTest4.test406, randoop.jodatime.RandoopTest4.test407, randoop.jodatime.RandoopTest4.test408, randoop.jodatime.RandoopTest4.test409, randoop.jodatime.RandoopTest4.test413, randoop.jodatime.RandoopTest4.test414, randoop.jodatime.RandoopTest4.test415, randoop.jodatime.RandoopTest4.test416, randoop.jodatime.RandoopTest4.test418, randoop.jodatime.RandoopTest4.test419, randoop.jodatime.RandoopTest4.test420, randoop.jodatime.RandoopTest4.test421, randoop.jodatime.RandoopTest4.test422, randoop.jodatime.RandoopTest4.test423, randoop.jodatime.RandoopTest4.test424, randoop.jodatime.RandoopTest4.test426, randoop.jodatime.RandoopTest4.test428, randoop.jodatime.RandoopTest4.test429, randoop.jodatime.RandoopTest4.test430, randoop.jodatime.RandoopTest4.test431, randoop.jodatime.RandoopTest4.test432, randoop.jodatime.RandoopTest4.test433, randoop.jodatime.RandoopTest4.test434, randoop.jodatime.RandoopTest4.test435, randoop.jodatime.RandoopTest4.test436, randoop.jodatime.RandoopTest4.test437, randoop.jodatime.RandoopTest4.test439, randoop.jodatime.RandoopTest4.test440, randoop.jodatime.RandoopTest4.test441, randoop.jodatime.RandoopTest4.test442, randoop.jodatime.RandoopTest4.test443, randoop.jodatime.RandoopTest4.test444, randoop.jodatime.RandoopTest4.test445, randoop.jodatime.RandoopTest4.test446, randoop.jodatime.RandoopTest4.test447, randoop.jodatime.RandoopTest4.test448, randoop.jodatime.RandoopTest4.test449, randoop.jodatime.RandoopTest4.test450, randoop.jodatime.RandoopTest4.test451, randoop.jodatime.RandoopTest4.test452, randoop.jodatime.RandoopTest4.test453, randoop.jodatime.RandoopTest4.test454, randoop.jodatime.RandoopTest4.test455, randoop.jodatime.RandoopTest4.test456, randoop.jodatime.RandoopTest4.test457, randoop.jodatime.RandoopTest4.test458, randoop.jodatime.RandoopTest4.test459, randoop.jodatime.RandoopTest4.test460, randoop.jodatime.RandoopTest4.test463, randoop.jodatime.RandoopTest4.test464, randoop.jodatime.RandoopTest4.test465, randoop.jodatime.RandoopTest4.test466, randoop.jodatime.RandoopTest4.test467, randoop.jodatime.RandoopTest4.test468, randoop.jodatime.RandoopTest4.test470, randoop.jodatime.RandoopTest4.test471, randoop.jodatime.RandoopTest4.test472, randoop.jodatime.RandoopTest4.test473, randoop.jodatime.RandoopTest4.test474, randoop.jodatime.RandoopTest4.test475]

Time each test takes to run in the new order:
[110329323, 30195390, 30632567, 28171323, 21967850, 22942022, 13075091, 11705711, 18310155, 9399381, 10423913, 7909053, 7474249, 8160515, 7043120, 11737149, 11033375, 9622753, 9624683, 8309423, 8769322, 7843546, 7451668, 8405595, 7879380, 23059100, 11213380, 11509791, 10368440, 11355286, 10485048, 11336636, 10963000, 11200910, 11932487, 15036484, 5474249, 4604664, 4646238, 4576869, 5918689, 4809859, 4969948, 4509635, 5537793, 5004660, 4665026, 4530296, 5474876, 4733659, 4979321, 4972801, 4482324, 5213654, 5370517, 5123888, 4619343, 7344292, 4767563, 4985652, 4906810, 4675404, 5166121, 4500427, 4517378, 5083160, 4722192, 5024490, 4344974, 4193063, 3609824, 3830071, 3528241, 2899205, 4908353, 4580587, 3076635, 7786201, 3368917, 3253293, 3283618, 3629600, 3249883, 3252076, 4671245, 3273077, 3148135, 3194221, 3176371, 3310315, 2801289, 2756443, 2853227, 2648131, 2604186, 2786865, 2643103, 2747605, 2537462, 2616025, 3104488, 2884517, 2870036, 2436150, 2169760, 2337578, 2768470, 3035062, 2467678, 2255977, 2611965, 3339478, 2694964, 2812261, 3800434, 2680118, 2388260, 67134015, 2671650, 788235067, 2156578, 2083217, 2407458, 2444499, 2411530, 2265443, 2366740, 2037010, 2266503, 2294991, 4362008, 2137727, 2105444, 2325551, 2332674, 2061551, 2331437, 2142377, 2274369, 2418797, 2265175, 2109171, 2633356, 2326370, 2066163, 2116271, 2658135, 3190605, 2108868, 2051660, 2331491, 2262214, 2066782, 2482663, 2285560, 2320330, 2198532, 2223506, 2420613, 2356622, 2056554, 5252610, 2924879, 2504755]

Dependent test list:
[Test: randoop.jodatime.RandoopTest0.test196, Intended behavior: FAILURE, when executed after: [randoop.jodatime.RandoopTest0.test192], The revealed different behavior: PASS, when executed after: [], Test: randoop.jodatime.RandoopTest0.test192, Intended behavior: FAILURE, when executed after: [randoop.jodatime.RandoopTest0.test165], The revealed different behavior: PASS, when executed after: [], Test: randoop.jodatime.RandoopTest0.test165, Intended behavior: FAILURE, when executed after: [randoop.jodatime.RandoopTest0.test135], The revealed different behavior: PASS, when executed after: [], Test: randoop.jodatime.RandoopTest0.test360, Intended behavior: FAILURE, when executed after: [randoop.jodatime.RandoopTest0.test338], The revealed different behavior: PASS, when executed after: [], Test: randoop.jodatime.RandoopTest0.test338, Intended behavior: FAILURE, when executed after: [randoop.jodatime.RandoopTest0.test325], The revealed different behavior: PASS, when executed after: [], Test: randoop.jodatime.RandoopTest0.test325, Intended behavior: FAILURE, when executed after: [randoop.jodatime.RandoopTest0.test196], The revealed different behavior: PASS, when executed after: [], Test: randoop.jodatime.RandoopTest1.test235, Intended behavior: FAILURE, when executed after: [randoop.jodatime.RandoopTest1.test181], The revealed different behavior: PASS, when executed after: [], Test: randoop.jodatime.RandoopTest1.test181, Intended behavior: FAILURE, when executed after: [randoop.jodatime.RandoopTest0.test498], The revealed different behavior: PASS, when executed after: [], Test: randoop.jodatime.RandoopTest2.test36, Intended behavior: FAILURE, when executed after: [randoop.jodatime.RandoopTest2.test21], The revealed different behavior: PASS, when executed after: [], Test: randoop.jodatime.RandoopTest2.test77, Intended behavior: FAILURE, when executed after: [randoop.jodatime.RandoopTest1.test467], The revealed different behavior: PASS, when executed after: [], Test: randoop.jodatime.RandoopTest2.test21, Intended behavior: FAILURE, when executed after: [randoop.jodatime.RandoopTest1.test235], The revealed different behavior: PASS, when executed after: [], Test: randoop.jodatime.RandoopTest2.test254, Intended behavior: FAILURE, when executed after: [randoop.jodatime.RandoopTest2.test212], The revealed different behavior: PASS, when executed after: [], Test: randoop.jodatime.RandoopTest2.test243, Intended behavior: FAILURE, when executed after: [randoop.jodatime.RandoopTest2.test36], The revealed different behavior: PASS, when executed after: [], Test: randoop.jodatime.RandoopTest2.test490, Intended behavior: FAILURE, when executed after: [randoop.jodatime.RandoopTest2.test487], The revealed different behavior: PASS, when executed after: [], Test: randoop.jodatime.RandoopTest2.test487, Intended behavior: FAILURE, when executed after: [randoop.jodatime.RandoopTest2.test356], The revealed different behavior: PASS, when executed after: [], Test: randoop.jodatime.RandoopTest2.test356, Intended behavior: FAILURE, when executed after: [randoop.jodatime.RandoopTest2.test243], The revealed different behavior: PASS, when executed after: [], Test: randoop.jodatime.RandoopTest2.test474, Intended behavior: FAILURE, when executed after: [randoop.jodatime.RandoopTest2.test376], The revealed different behavior: PASS, when executed after: [], Test: randoop.jodatime.RandoopTest2.test493, Intended behavior: FAILURE, when executed after: [randoop.jodatime.RandoopTest2.test490], The revealed different behavior: PASS, when executed after: [], Test: randoop.jodatime.RandoopTest3.test195, Intended behavior: FAILURE, when executed after: [randoop.jodatime.RandoopTest3.test193], The revealed different behavior: PASS, when executed after: [], Test: randoop.jodatime.RandoopTest3.test193, Intended behavior: FAILURE, when executed after: [randoop.jodatime.RandoopTest3.test189], The revealed different behavior: PASS, when executed after: [], Test: randoop.jodatime.RandoopTest3.test189, Intended behavior: FAILURE, when executed after: [randoop.jodatime.RandoopTest3.test185], The revealed different behavior: PASS, when executed after: [], Test: randoop.jodatime.RandoopTest3.test185, Intended behavior: FAILURE, when executed after: [randoop.jodatime.RandoopTest3.test161], The revealed different behavior: PASS, when executed after: [], Test: randoop.jodatime.RandoopTest3.test161, Intended behavior: FAILURE, when executed after: [randoop.jodatime.RandoopTest2.test493], The revealed different behavior: PASS, when executed after: [], Test: randoop.jodatime.RandoopTest3.test389, Intended behavior: FAILURE, when executed after: [randoop.jodatime.RandoopTest3.test383], The revealed different behavior: PASS, when executed after: [], Test: randoop.jodatime.RandoopTest3.test383, Intended behavior: FAILURE, when executed after: [randoop.jodatime.RandoopTest3.test347], The revealed different behavior: PASS, when executed after: [], Test: randoop.jodatime.RandoopTest3.test347, Intended behavior: FAILURE, when executed after: [randoop.jodatime.RandoopTest3.test345], The revealed different behavior: PASS, when executed after: [], Test: randoop.jodatime.RandoopTest3.test345, Intended behavior: FAILURE, when executed after: [randoop.jodatime.RandoopTest3.test316], The revealed different behavior: PASS, when executed after: [], Test: randoop.jodatime.RandoopTest3.test316, Intended behavior: FAILURE, when executed after: [randoop.jodatime.RandoopTest3.test315], The revealed different behavior: PASS, when executed after: [], Test: randoop.jodatime.RandoopTest3.test315, Intended behavior: FAILURE, when executed after: [randoop.jodatime.RandoopTest3.test195], The revealed different behavior: PASS, when executed after: [], Test: randoop.jodatime.RandoopTest3.test496, Intended behavior: FAILURE, when executed after: [randoop.jodatime.RandoopTest3.test467], The revealed different behavior: PASS, when executed after: [], Test: randoop.jodatime.RandoopTest3.test467, Intended behavior: FAILURE, when executed after: [randoop.jodatime.RandoopTest3.test389], The revealed different behavior: PASS, when executed after: [], Test: randoop.jodatime.RandoopTest4.test259, Intended behavior: FAILURE, when executed after: [randoop.jodatime.RandoopTest4.test221], The revealed different behavior: PASS, when executed after: [], Test: randoop.jodatime.RandoopTest4.test221, Intended behavior: FAILURE, when executed after: [randoop.jodatime.RandoopTest4.test13], The revealed different behavior: PASS, when executed after: [], Test: randoop.jodatime.RandoopTest4.test401, Intended behavior: FAILURE, when executed after: [randoop.jodatime.RandoopTest4.test259], The revealed different behavior: PASS, when executed after: [], Test: randoop.jodatime.RandoopTest4.test434, Intended behavior: FAILURE, when executed after: [randoop.jodatime.RandoopTest4.test401], The revealed different behavior: PASS, when executed after: [], Test: randoop.jodatime.RandoopTest4.test13, Intended behavior: FAILURE, when executed after: [randoop.jodatime.RandoopTest3.test496], The revealed different behavior: PASS, when executed after: [], Test: randoop.jodatime.RandoopTest2.test212, Intended behavior: FAILURE, when executed after: [randoop.jodatime.RandoopTest2.test77], The revealed different behavior: PASS, when executed after: [], Test: randoop.jodatime.RandoopTest2.test376, Intended behavior: FAILURE, when executed after: [randoop.jodatime.RandoopTest2.test254], The revealed different behavior: PASS, when executed after: []]
--------------------------
Execution time of TLG and its time to find/nullify any DTs for 1 machine (does not include the time to run the tests in the new order): 0.733
Number of tests selected out of total in original order: 138 / 2211
Number of DTs not fixed: 0
Number of DTs fixed: 0
Execution time for executing the following testing order: 0.629

Test order list:
[randoop.jodatime.RandoopTest4.test476, randoop.jodatime.RandoopTest4.test477, randoop.jodatime.RandoopTest4.test478, randoop.jodatime.RandoopTest4.test479, randoop.jodatime.RandoopTest4.test480, randoop.jodatime.RandoopTest4.test481, randoop.jodatime.RandoopTest4.test482, randoop.jodatime.RandoopTest4.test483, randoop.jodatime.RandoopTest4.test484, randoop.jodatime.RandoopTest4.test487, randoop.jodatime.RandoopTest4.test489, randoop.jodatime.RandoopTest4.test490, randoop.jodatime.RandoopTest4.test491, randoop.jodatime.RandoopTest4.test493, randoop.jodatime.RandoopTest4.test494, randoop.jodatime.RandoopTest4.test495, randoop.jodatime.RandoopTest4.test496, randoop.jodatime.RandoopTest4.test497, randoop.jodatime.RandoopTest4.test498, randoop.jodatime.RandoopTest4.test499, randoop.jodatime.RandoopTest4.test500, randoop.jodatime.RandoopTest5.test1, randoop.jodatime.RandoopTest5.test2, randoop.jodatime.RandoopTest5.test3, randoop.jodatime.RandoopTest5.test4, randoop.jodatime.RandoopTest5.test5, randoop.jodatime.RandoopTest5.test6, randoop.jodatime.RandoopTest5.test8, randoop.jodatime.RandoopTest5.test9, randoop.jodatime.RandoopTest5.test10, randoop.jodatime.RandoopTest5.test11, randoop.jodatime.RandoopTest5.test12, randoop.jodatime.RandoopTest5.test13, randoop.jodatime.RandoopTest5.test14, randoop.jodatime.RandoopTest5.test16, randoop.jodatime.RandoopTest5.test17, randoop.jodatime.RandoopTest5.test18, randoop.jodatime.RandoopTest5.test19, randoop.jodatime.RandoopTest5.test21, randoop.jodatime.RandoopTest5.test23, randoop.jodatime.RandoopTest5.test24, randoop.jodatime.RandoopTest5.test25, randoop.jodatime.RandoopTest5.test26, randoop.jodatime.RandoopTest5.test27, randoop.jodatime.RandoopTest5.test28, randoop.jodatime.RandoopTest5.test30, randoop.jodatime.RandoopTest5.test32, randoop.jodatime.RandoopTest5.test33, randoop.jodatime.RandoopTest5.test34, randoop.jodatime.RandoopTest5.test35, randoop.jodatime.RandoopTest5.test36, randoop.jodatime.RandoopTest5.test37, randoop.jodatime.RandoopTest5.test38, randoop.jodatime.RandoopTest5.test39, randoop.jodatime.RandoopTest5.test40, randoop.jodatime.RandoopTest5.test41, randoop.jodatime.RandoopTest5.test42, randoop.jodatime.RandoopTest5.test43, randoop.jodatime.RandoopTest5.test44, randoop.jodatime.RandoopTest5.test46, randoop.jodatime.RandoopTest5.test48, randoop.jodatime.RandoopTest5.test49, randoop.jodatime.RandoopTest5.test50, randoop.jodatime.RandoopTest5.test51, randoop.jodatime.RandoopTest5.test52, randoop.jodatime.RandoopTest5.test53, randoop.jodatime.RandoopTest5.test54, randoop.jodatime.RandoopTest5.test55, randoop.jodatime.RandoopTest5.test56, randoop.jodatime.RandoopTest5.test58, randoop.jodatime.RandoopTest5.test59, randoop.jodatime.RandoopTest5.test60, randoop.jodatime.RandoopTest5.test61, randoop.jodatime.RandoopTest5.test62, randoop.jodatime.RandoopTest5.test63, randoop.jodatime.RandoopTest5.test64, randoop.jodatime.RandoopTest5.test65, randoop.jodatime.RandoopTest5.test66, randoop.jodatime.RandoopTest5.test67, randoop.jodatime.RandoopTest5.test68, randoop.jodatime.RandoopTest5.test69, randoop.jodatime.RandoopTest5.test70, randoop.jodatime.RandoopTest5.test71, randoop.jodatime.RandoopTest5.test74, randoop.jodatime.RandoopTest5.test77, randoop.jodatime.RandoopTest5.test79, randoop.jodatime.RandoopTest5.test81, randoop.jodatime.RandoopTest5.test82, randoop.jodatime.RandoopTest5.test83, randoop.jodatime.RandoopTest5.test84, randoop.jodatime.RandoopTest5.test85, randoop.jodatime.RandoopTest5.test87, randoop.jodatime.RandoopTest5.test88, randoop.jodatime.RandoopTest5.test89, randoop.jodatime.RandoopTest5.test90, randoop.jodatime.RandoopTest5.test91, randoop.jodatime.RandoopTest5.test92, randoop.jodatime.RandoopTest5.test93, randoop.jodatime.RandoopTest5.test94, randoop.jodatime.RandoopTest5.test95, randoop.jodatime.RandoopTest5.test99, randoop.jodatime.RandoopTest5.test100, randoop.jodatime.RandoopTest5.test101, randoop.jodatime.RandoopTest5.test103, randoop.jodatime.RandoopTest5.test104, randoop.jodatime.RandoopTest5.test105, randoop.jodatime.RandoopTest5.test106, randoop.jodatime.RandoopTest5.test107, randoop.jodatime.RandoopTest5.test108, randoop.jodatime.RandoopTest5.test109, randoop.jodatime.RandoopTest5.test110, randoop.jodatime.RandoopTest5.test112, randoop.jodatime.RandoopTest5.test114, randoop.jodatime.RandoopTest5.test115, randoop.jodatime.RandoopTest5.test116, randoop.jodatime.RandoopTest5.test117, randoop.jodatime.RandoopTest5.test118, randoop.jodatime.RandoopTest5.test119, randoop.jodatime.RandoopTest5.test120, randoop.jodatime.RandoopTest5.test121, randoop.jodatime.RandoopTest5.test122, randoop.jodatime.RandoopTest5.test123, randoop.jodatime.RandoopTest5.test124, randoop.jodatime.RandoopTest5.test125, randoop.jodatime.RandoopTest5.test126, randoop.jodatime.RandoopTest5.test127, randoop.jodatime.RandoopTest5.test128, randoop.jodatime.RandoopTest5.test129, randoop.jodatime.RandoopTest5.test130, randoop.jodatime.RandoopTest5.test131, randoop.jodatime.RandoopTest5.test132, randoop.jodatime.RandoopTest5.test133, randoop.jodatime.RandoopTest5.test134, randoop.jodatime.RandoopTest5.test135, randoop.jodatime.RandoopTest5.test136, randoop.jodatime.RandoopTest5.test137, randoop.jodatime.RandoopTest5.test138, randoop.jodatime.RandoopTest5.test139]

Time each test takes to run in the new order:
[113033851, 43287402, 25316098, 23125170, 19798845, 18594943, 11994541, 11955222, 11272067, 17248716, 9535412, 8489043, 9005157, 8204130, 7409156, 10485218, 9009969, 6716465, 6809174, 6802136, 6496814, 3640361, 2346528, 2924394, 3201315, 2687083, 3991867, 3841265, 3647501, 4376749, 2580289, 2565129, 9199462, 2884951, 2708814, 3093687, 3386551, 3234430, 3126223, 4309629, 2765096, 2723707, 2950856, 2769730, 2899605, 2680139, 3317139, 2840478, 6757103, 3436597, 2853802, 4637320, 3376609, 1904093, 1839769, 1864925, 1758507, 2926210, 1857075, 1978112, 1812799, 5369339, 1834234, 1988153, 1812905, 1943702, 1859467, 2147442, 1859723, 1920266, 1855121, 2217877, 2079325, 2598497, 2207407, 2443202, 2214238, 3400844, 1767117, 1874706, 2102426, 1732321, 2042569, 2555189, 1746178, 1918521, 1996071, 1519855, 1481855, 1433761, 1469314, 1921035, 1038231, 935285, 1413507, 1017627, 1786598, 1082046, 947902, 1547568, 908243, 1213096, 856659, 909616, 1445437, 1206098, 1225543, 1396182, 809867, 783655, 774772, 971172, 1144746, 1275538, 816555, 860812, 1208575, 968183, 1171617, 974261, 3396349, 1152538, 1039020, 798814, 1158228, 920226, 913308, 926492, 784155, 1113889, 1064785, 921755, 1490577, 864864, 1185052, 843447, 1339302, 1099510]

Dependent test list:
[Test: randoop.jodatime.RandoopTest0.test196, Intended behavior: FAILURE, when executed after: [randoop.jodatime.RandoopTest0.test192], The revealed different behavior: PASS, when executed after: [], Test: randoop.jodatime.RandoopTest0.test192, Intended behavior: FAILURE, when executed after: [randoop.jodatime.RandoopTest0.test165], The revealed different behavior: PASS, when executed after: [], Test: randoop.jodatime.RandoopTest0.test165, Intended behavior: FAILURE, when executed after: [randoop.jodatime.RandoopTest0.test135], The revealed different behavior: PASS, when executed after: [], Test: randoop.jodatime.RandoopTest0.test360, Intended behavior: FAILURE, when executed after: [randoop.jodatime.RandoopTest0.test338], The revealed different behavior: PASS, when executed after: [], Test: randoop.jodatime.RandoopTest0.test338, Intended behavior: FAILURE, when executed after: [randoop.jodatime.RandoopTest0.test325], The revealed different behavior: PASS, when executed after: [], Test: randoop.jodatime.RandoopTest0.test325, Intended behavior: FAILURE, when executed after: [randoop.jodatime.RandoopTest0.test196], The revealed different behavior: PASS, when executed after: [], Test: randoop.jodatime.RandoopTest1.test235, Intended behavior: FAILURE, when executed after: [randoop.jodatime.RandoopTest1.test181], The revealed different behavior: PASS, when executed after: [], Test: randoop.jodatime.RandoopTest1.test181, Intended behavior: FAILURE, when executed after: [randoop.jodatime.RandoopTest0.test498], The revealed different behavior: PASS, when executed after: [], Test: randoop.jodatime.RandoopTest2.test36, Intended behavior: FAILURE, when executed after: [randoop.jodatime.RandoopTest2.test21], The revealed different behavior: PASS, when executed after: [], Test: randoop.jodatime.RandoopTest2.test77, Intended behavior: FAILURE, when executed after: [randoop.jodatime.RandoopTest1.test467], The revealed different behavior: PASS, when executed after: [], Test: randoop.jodatime.RandoopTest2.test21, Intended behavior: FAILURE, when executed after: [randoop.jodatime.RandoopTest1.test235], The revealed different behavior: PASS, when executed after: [], Test: randoop.jodatime.RandoopTest2.test254, Intended behavior: FAILURE, when executed after: [randoop.jodatime.RandoopTest2.test212], The revealed different behavior: PASS, when executed after: [], Test: randoop.jodatime.RandoopTest2.test243, Intended behavior: FAILURE, when executed after: [randoop.jodatime.RandoopTest2.test36], The revealed different behavior: PASS, when executed after: [], Test: randoop.jodatime.RandoopTest2.test490, Intended behavior: FAILURE, when executed after: [randoop.jodatime.RandoopTest2.test487], The revealed different behavior: PASS, when executed after: [], Test: randoop.jodatime.RandoopTest2.test487, Intended behavior: FAILURE, when executed after: [randoop.jodatime.RandoopTest2.test356], The revealed different behavior: PASS, when executed after: [], Test: randoop.jodatime.RandoopTest2.test356, Intended behavior: FAILURE, when executed after: [randoop.jodatime.RandoopTest2.test243], The revealed different behavior: PASS, when executed after: [], Test: randoop.jodatime.RandoopTest2.test474, Intended behavior: FAILURE, when executed after: [randoop.jodatime.RandoopTest2.test376], The revealed different behavior: PASS, when executed after: [], Test: randoop.jodatime.RandoopTest2.test493, Intended behavior: FAILURE, when executed after: [randoop.jodatime.RandoopTest2.test490], The revealed different behavior: PASS, when executed after: [], Test: randoop.jodatime.RandoopTest3.test195, Intended behavior: FAILURE, when executed after: [randoop.jodatime.RandoopTest3.test193], The revealed different behavior: PASS, when executed after: [], Test: randoop.jodatime.RandoopTest3.test193, Intended behavior: FAILURE, when executed after: [randoop.jodatime.RandoopTest3.test189], The revealed different behavior: PASS, when executed after: [], Test: randoop.jodatime.RandoopTest3.test189, Intended behavior: FAILURE, when executed after: [randoop.jodatime.RandoopTest3.test185], The revealed different behavior: PASS, when executed after: [], Test: randoop.jodatime.RandoopTest3.test185, Intended behavior: FAILURE, when executed after: [randoop.jodatime.RandoopTest3.test161], The revealed different behavior: PASS, when executed after: [], Test: randoop.jodatime.RandoopTest3.test161, Intended behavior: FAILURE, when executed after: [randoop.jodatime.RandoopTest2.test493], The revealed different behavior: PASS, when executed after: [], Test: randoop.jodatime.RandoopTest3.test389, Intended behavior: FAILURE, when executed after: [randoop.jodatime.RandoopTest3.test383], The revealed different behavior: PASS, when executed after: [], Test: randoop.jodatime.RandoopTest3.test383, Intended behavior: FAILURE, when executed after: [randoop.jodatime.RandoopTest3.test347], The revealed different behavior: PASS, when executed after: [], Test: randoop.jodatime.RandoopTest3.test347, Intended behavior: FAILURE, when executed after: [randoop.jodatime.RandoopTest3.test345], The revealed different behavior: PASS, when executed after: [], Test: randoop.jodatime.RandoopTest3.test345, Intended behavior: FAILURE, when executed after: [randoop.jodatime.RandoopTest3.test316], The revealed different behavior: PASS, when executed after: [], Test: randoop.jodatime.RandoopTest3.test316, Intended behavior: FAILURE, when executed after: [randoop.jodatime.RandoopTest3.test315], The revealed different behavior: PASS, when executed after: [], Test: randoop.jodatime.RandoopTest3.test315, Intended behavior: FAILURE, when executed after: [randoop.jodatime.RandoopTest3.test195], The revealed different behavior: PASS, when executed after: [], Test: randoop.jodatime.RandoopTest3.test496, Intended behavior: FAILURE, when executed after: [randoop.jodatime.RandoopTest3.test467], The revealed different behavior: PASS, when executed after: [], Test: randoop.jodatime.RandoopTest3.test467, Intended behavior: FAILURE, when executed after: [randoop.jodatime.RandoopTest3.test389], The revealed different behavior: PASS, when executed after: [], Test: randoop.jodatime.RandoopTest4.test259, Intended behavior: FAILURE, when executed after: [randoop.jodatime.RandoopTest4.test221], The revealed different behavior: PASS, when executed after: [], Test: randoop.jodatime.RandoopTest4.test221, Intended behavior: FAILURE, when executed after: [randoop.jodatime.RandoopTest4.test13], The revealed different behavior: PASS, when executed after: [], Test: randoop.jodatime.RandoopTest4.test401, Intended behavior: FAILURE, when executed after: [randoop.jodatime.RandoopTest4.test259], The revealed different behavior: PASS, when executed after: [], Test: randoop.jodatime.RandoopTest4.test434, Intended behavior: FAILURE, when executed after: [randoop.jodatime.RandoopTest4.test401], The revealed different behavior: PASS, when executed after: [], Test: randoop.jodatime.RandoopTest4.test13, Intended behavior: FAILURE, when executed after: [randoop.jodatime.RandoopTest3.test496], The revealed different behavior: PASS, when executed after: [], Test: randoop.jodatime.RandoopTest2.test212, Intended behavior: FAILURE, when executed after: [randoop.jodatime.RandoopTest2.test77], The revealed different behavior: PASS, when executed after: [], Test: randoop.jodatime.RandoopTest2.test376, Intended behavior: FAILURE, when executed after: [randoop.jodatime.RandoopTest2.test254], The revealed different behavior: PASS, when executed after: []]
--------------------------
Total time (of all machines and iterations plus initial TestListGenerator): 15.673
New order time: 1.848
Total number of tests executed in all machines out of total in original order: 2343 / 2211