.E
Time: 0.086
There was 1 error:
1) testNullInputConstructor(crystal.client.ClientPreferencesTest)java.lang.IllegalArgumentException: Invalid string input
	at crystal.util.ValidInputChecker.checkValidStringInput(ValidInputChecker.java:135)
	at crystal.client.ClientPreferences.<init>(ClientPreferences.java:175)
	at crystal.client.ClientPreferencesTest.testNullInputConstructor(ClientPreferencesTest.java:35)
	at sun.reflect.NativeMethodAccessorImpl.invoke0(Native Method)
	at sun.reflect.NativeMethodAccessorImpl.invoke(NativeMethodAccessorImpl.java:57)
	at sun.reflect.DelegatingMethodAccessorImpl.invoke(DelegatingMethodAccessorImpl.java:43)
	at edu.washington.cs.dt.util.TestRunnerWrapper.main(TestRunnerWrapper.java:56)

FAILURES!!!
Tests run: 1,  Failures: 0,  Errors: 1

.
Time: 0.004

OK (1 test)

.
Time: 0.001

OK (1 test)

.E
Time: 0.002
There was 1 error:
1) testDuplicateAddProjectPreferences(crystal.client.ClientPreferencesTest)crystal.client.ClientPreferences$DuplicateProjectNameException: Duplicate project name: shortName
	at crystal.client.ClientPreferences.addProjectPreferences(ClientPreferences.java:217)
	at crystal.client.ClientPreferencesTest.testDuplicateAddProjectPreferences(ClientPreferencesTest.java:83)
	at sun.reflect.NativeMethodAccessorImpl.invoke0(Native Method)
	at sun.reflect.NativeMethodAccessorImpl.invoke(NativeMethodAccessorImpl.java:57)
	at sun.reflect.DelegatingMethodAccessorImpl.invoke(DelegatingMethodAccessorImpl.java:43)
	at edu.washington.cs.dt.util.TestRunnerWrapper.main(TestRunnerWrapper.java:56)

FAILURES!!!
Tests run: 1,  Failures: 0,  Errors: 1

.
Time: 0

OK (1 test)

.
Time: 0

OK (1 test)

.
Time: 0

OK (1 test)

.
Time: 0

OK (1 test)

.
Time: 0.027

OK (1 test)

.
Time: 0.023

OK (1 test)

.
Time: 0

OK (1 test)

.ERROR 2014-09-01 01:51:13,014 (ConflictDaemon.java:221) - Runtime Exception caught while getting state for: shortName_2_HG_cloneString_2
null
java.lang.NullPointerException
	at crystal.client.ConflictClient.refresh(ConflictClient.java:486)
	at crystal.client.ConflictClient.update(ConflictClient.java:561)
	at crystal.client.ConflictDaemon.calculateLocalState(ConflictDaemon.java:214)
	at crystal.client.ConflictDaemonTest.testLocalState(ConflictDaemonTest.java:57)
	at sun.reflect.NativeMethodAccessorImpl.invoke0(Native Method)
	at sun.reflect.NativeMethodAccessorImpl.invoke(NativeMethodAccessorImpl.java:57)
	at sun.reflect.DelegatingMethodAccessorImpl.invoke(DelegatingMethodAccessorImpl.java:43)
	at java.lang.reflect.Method.invoke(Method.java:606)
	at junit.framework.TestCase.runTest(TestCase.java:168)
	at junit.framework.TestCase.runBare(TestCase.java:134)
	at junit.framework.TestResult$1.protect(TestResult.java:110)
	at junit.framework.TestResult.runProtected(TestResult.java:128)
	at junit.framework.TestResult.run(TestResult.java:113)
	at junit.framework.TestCase.run(TestCase.java:124)
	at junit.textui.TestRunner.doRun(TestRunner.java:116)
	at junit.textui.TestRunner.runSingleMethod(TestRunner.java:189)
	at junit.textui.TestRunner.start(TestRunner.java:178)
	at edu.washington.cs.dt.util.TestRunnerWrapper.main(TestRunnerWrapper.java:56)

Time: 0.839

OK (1 test)

.F
Time: 0.103
There was 1 failure:
1) testRelationship(crystal.client.ConflictDaemonTest)junit.framework.AssertionFailedError: non listeners expected:<0> but was:<2>
	at crystal.client.ConflictDaemonTest.testRelationship(ConflictDaemonTest.java:101)
	at sun.reflect.NativeMethodAccessorImpl.invoke0(Native Method)
	at sun.reflect.NativeMethodAccessorImpl.invoke(NativeMethodAccessorImpl.java:57)
	at sun.reflect.DelegatingMethodAccessorImpl.invoke(DelegatingMethodAccessorImpl.java:43)
	at edu.washington.cs.dt.util.TestRunnerWrapper.main(TestRunnerWrapper.java:56)

FAILURES!!!
Tests run: 1,  Failures: 1,  Errors: 0

.
Time: 0.001

OK (1 test)

.
Time: 0.001

OK (1 test)

.E
Time: 0
There was 1 error:
1) testDuplicateAddDataSource(crystal.client.ProjectPreferencesTest)java.lang.RuntimeException: Error adding new source; short name: shortName already exists for project: shortName
	at crystal.client.ProjectPreferences.addDataSource(ProjectPreferences.java:81)
	at crystal.client.ProjectPreferencesTest.testDuplicateAddDataSource(ProjectPreferencesTest.java:50)
	at sun.reflect.NativeMethodAccessorImpl.invoke0(Native Method)
	at sun.reflect.NativeMethodAccessorImpl.invoke(NativeMethodAccessorImpl.java:57)
	at sun.reflect.DelegatingMethodAccessorImpl.invoke(DelegatingMethodAccessorImpl.java:43)
	at edu.washington.cs.dt.util.TestRunnerWrapper.main(TestRunnerWrapper.java:56)

FAILURES!!!
Tests run: 1,  Failures: 0,  Errors: 1

.
Time: 0

OK (1 test)

.
Time: 0

OK (1 test)

.
Time: 0.008

OK (1 test)

.F
Time: 0.002
There was 1 failure:
1) testGetProjectCheckoutLocation(crystal.client.ProjectPreferencesTest)junit.framework.AssertionFailedError: null
	at crystal.client.ProjectPreferencesTest.testGetProjectCheckoutLocation(ProjectPreferencesTest.java:167)
	at sun.reflect.NativeMethodAccessorImpl.invoke0(Native Method)
	at sun.reflect.NativeMethodAccessorImpl.invoke(NativeMethodAccessorImpl.java:57)
	at sun.reflect.DelegatingMethodAccessorImpl.invoke(DelegatingMethodAccessorImpl.java:43)
	at edu.washington.cs.dt.util.TestRunnerWrapper.main(TestRunnerWrapper.java:56)

FAILURES!!!
Tests run: 1,  Failures: 1,  Errors: 0

.
Time: 0.008

OK (1 test)

.
Time: 0.001

OK (1 test)

.
Time: 2.139

OK (1 test)

.
Time: 0

OK (1 test)

.
Time: 0

OK (1 test)

.
Time: 0

OK (1 test)

.
Time: 0

OK (1 test)

.
Time: 0

OK (1 test)

.
Time: 0.008

OK (1 test)

.
Time: 0

OK (1 test)

.
Time: 0

OK (1 test)

.
Time: 0.008

OK (1 test)

.
Time: 0.005

OK (1 test)

.
Time: 0

OK (1 test)

.
Time: 0.005

OK (1 test)

.
Time: 0

OK (1 test)

.
Time: 0

OK (1 test)

.
Time: 0

OK (1 test)

.
Time: 0

OK (1 test)

.
Time: 0

OK (1 test)

.

Time: 0.002

OK (1 test)

.
Time: 0

OK (1 test)

.E
Time: 0.001
There was 1 error:
1) testStrangeNameConstructor(crystal.model.RelationshipTest)java.lang.RuntimeException: Trying to create an invalid Relationship
	at crystal.model.Relationship.<init>(Relationship.java:111)
	at crystal.model.RelationshipTest.testStrangeNameConstructor(RelationshipTest.java:29)
	at sun.reflect.NativeMethodAccessorImpl.invoke0(Native Method)
	at sun.reflect.NativeMethodAccessorImpl.invoke(NativeMethodAccessorImpl.java:57)
	at sun.reflect.DelegatingMethodAccessorImpl.invoke(DelegatingMethodAccessorImpl.java:43)
	at edu.washington.cs.dt.util.TestRunnerWrapper.main(TestRunnerWrapper.java:56)

FAILURES!!!
Tests run: 1,  Failures: 0,  Errors: 1

.
Time: 0.022

OK (1 test)

.
Time: 0.016

OK (1 test)

.
Time: 0.011

OK (1 test)

.
Time: 0.007

OK (1 test)

.
Time: 0.001

OK (1 test)

.E
Time: 1.089
There was 1 error:
1) testEqualsObject(crystal.model.RevisionHistoryTest)java.lang.NullPointerException
	at crystal.model.RevisionHistoryTest.testEqualsObject(RevisionHistoryTest.java:61)
	at sun.reflect.NativeMethodAccessorImpl.invoke0(Native Method)
	at sun.reflect.NativeMethodAccessorImpl.invoke(NativeMethodAccessorImpl.java:57)
	at sun.reflect.DelegatingMethodAccessorImpl.invoke(DelegatingMethodAccessorImpl.java:43)
	at edu.washington.cs.dt.util.TestRunnerWrapper.main(TestRunnerWrapper.java:56)

FAILURES!!!
Tests run: 1,  Failures: 0,  Errors: 1

.E
Time: 1.314
There was 1 error:
1) testSuperSubHistory(crystal.model.RevisionHistoryTest)java.lang.NullPointerException
	at crystal.model.RevisionHistoryTest.testSuperSubHistory(RevisionHistoryTest.java:91)
	at sun.reflect.NativeMethodAccessorImpl.invoke0(Native Method)
	at sun.reflect.NativeMethodAccessorImpl.invoke(NativeMethodAccessorImpl.java:57)
	at sun.reflect.DelegatingMethodAccessorImpl.invoke(DelegatingMethodAccessorImpl.java:43)
	at edu.washington.cs.dt.util.TestRunnerWrapper.main(TestRunnerWrapper.java:56)

FAILURES!!!
Tests run: 1,  Failures: 0,  Errors: 1

.E
Time: 0.415
There was 1 error:
1) testGetCommitters(crystal.model.RevisionHistoryTest)java.lang.NullPointerException
	at crystal.model.RevisionHistoryTest.testGetCommitters(RevisionHistoryTest.java:114)
	at sun.reflect.NativeMethodAccessorImpl.invoke0(Native Method)
	at sun.reflect.NativeMethodAccessorImpl.invoke(NativeMethodAccessorImpl.java:57)
	at sun.reflect.DelegatingMethodAccessorImpl.invoke(DelegatingMethodAccessorImpl.java:43)
	at edu.washington.cs.dt.util.TestRunnerWrapper.main(TestRunnerWrapper.java:56)

FAILURES!!!
Tests run: 1,  Failures: 0,  Errors: 1

.
Time: 0.01

OK (1 test)

.
Time: 0.013

OK (1 test)

.E
Time: 0.002
There was 1 error:
1) testParseNullLog(crystal.server.HgLogParserTest)java.lang.IllegalArgumentException: Null input
	at crystal.util.ValidInputChecker.checkNullInput(ValidInputChecker.java:125)
	at crystal.server.AbstractLogParser.abstractParseLog(AbstractLogParser.java:129)
	at crystal.server.HgLogParser.parseLog(HgLogParser.java:34)
	at crystal.server.HgLogParserTest.testParseNullLog(HgLogParserTest.java:29)
	at sun.reflect.NativeMethodAccessorImpl.invoke0(Native Method)
	at sun.reflect.NativeMethodAccessorImpl.invoke(NativeMethodAccessorImpl.java:57)
	at sun.reflect.DelegatingMethodAccessorImpl.invoke(DelegatingMethodAccessorImpl.java:43)
	at edu.washington.cs.dt.util.TestRunnerWrapper.main(TestRunnerWrapper.java:56)

FAILURES!!!
Tests run: 1,  Failures: 0,  Errors: 1

File not found
File not found
.E
Time: 0.035
There was 1 error:
1) testParseLog(crystal.server.HgLogParserTest)java.lang.NullPointerException
	at crystal.server.HgLogParserTest.testParseLog(HgLogParserTest.java:61)
	at sun.reflect.NativeMethodAccessorImpl.invoke0(Native Method)
	at sun.reflect.NativeMethodAccessorImpl.invoke(NativeMethodAccessorImpl.java:57)
	at sun.reflect.DelegatingMethodAccessorImpl.invoke(DelegatingMethodAccessorImpl.java:43)
	at edu.washington.cs.dt.util.TestRunnerWrapper.main(TestRunnerWrapper.java:56)

FAILURES!!!
Tests run: 1,  Failures: 0,  Errors: 1

.
Time: 0.009

OK (1 test)

.
Time: 0.004

OK (1 test)

1
2
3
.F
Time: 0.011
There was 1 failure:
1) warning(junit.framework.TestSuite$1)junit.framework.AssertionFailedError: Exception in constructor: testBasicMergeConflict (java.lang.ExceptionInInitializerError
	at crystal.server.TestGitStateChecker.generatePreferences(TestGitStateChecker.java:176)
	at crystal.server.TestGitStateChecker.<init>(TestGitStateChecker.java:46)
	at sun.reflect.NativeConstructorAccessorImpl.newInstance0(Native Method)
	at sun.reflect.NativeConstructorAccessorImpl.newInstance(NativeConstructorAccessorImpl.java:57)
	at sun.reflect.DelegatingConstructorAccessorImpl.newInstance(DelegatingConstructorAccessorImpl.java:45)
	at java.lang.reflect.Constructor.newInstance(Constructor.java:526)
	at edu.washington.cs.dt.util.TestRunnerWrapper.main(TestRunnerWrapper.java:56)
Caused by: java.lang.NullPointerException
	at crystal.server.TestConstants.<clinit>(TestConstants.java:44)
	... 10 more
)
	at edu.washington.cs.dt.util.TestRunnerWrapper.main(TestRunnerWrapper.java:56)

FAILURES!!!
Tests run: 1,  Failures: 1,  Errors: 0

.F
Time: 0.002
There was 1 failure:
1) warning(junit.framework.TestSuite$1)junit.framework.AssertionFailedError: Exception in constructor: testBasicCleanMerge (java.lang.NoClassDefFoundError: Could not initialize class crystal.server.TestConstants
	at crystal.server.TestGitStateChecker.generatePreferences(TestGitStateChecker.java:176)
	at crystal.server.TestGitStateChecker.<init>(TestGitStateChecker.java:46)
	at sun.reflect.NativeConstructorAccessorImpl.newInstance0(Native Method)
	at sun.reflect.NativeConstructorAccessorImpl.newInstance(NativeConstructorAccessorImpl.java:57)
	at sun.reflect.DelegatingConstructorAccessorImpl.newInstance(DelegatingConstructorAccessorImpl.java:45)
	at java.lang.reflect.Constructor.newInstance(Constructor.java:526)
	at edu.washington.cs.dt.util.TestRunnerWrapper.main(TestRunnerWrapper.java:56)
)
	at edu.washington.cs.dt.util.TestRunnerWrapper.main(TestRunnerWrapper.java:56)

FAILURES!!!
Tests run: 1,  Failures: 1,  Errors: 0

.F
Time: 0.01
There was 1 failure:
1) warning(junit.framework.TestSuite$1)junit.framework.AssertionFailedError: Exception in constructor: testBasicAhead (java.lang.NoClassDefFoundError: Could not initialize class crystal.server.TestConstants
	at crystal.server.TestGitStateChecker.generatePreferences(TestGitStateChecker.java:176)
	at crystal.server.TestGitStateChecker.<init>(TestGitStateChecker.java:46)
	at sun.reflect.NativeConstructorAccessorImpl.newInstance0(Native Method)
	at sun.reflect.NativeConstructorAccessorImpl.newInstance(NativeConstructorAccessorImpl.java:57)
	at sun.reflect.DelegatingConstructorAccessorImpl.newInstance(DelegatingConstructorAccessorImpl.java:45)
	at java.lang.reflect.Constructor.newInstance(Constructor.java:526)
	at edu.washington.cs.dt.util.TestRunnerWrapper.main(TestRunnerWrapper.java:56)
)
	at edu.washington.cs.dt.util.TestRunnerWrapper.main(TestRunnerWrapper.java:56)

FAILURES!!!
Tests run: 1,  Failures: 1,  Errors: 0

.F
Time: 0.009
There was 1 failure:
1) warning(junit.framework.TestSuite$1)junit.framework.AssertionFailedError: Exception in constructor: testBasicBehind (java.lang.NoClassDefFoundError: Could not initialize class crystal.server.TestConstants
	at crystal.server.TestGitStateChecker.generatePreferences(TestGitStateChecker.java:176)
	at crystal.server.TestGitStateChecker.<init>(TestGitStateChecker.java:46)
	at sun.reflect.NativeConstructorAccessorImpl.newInstance0(Native Method)
	at sun.reflect.NativeConstructorAccessorImpl.newInstance(NativeConstructorAccessorImpl.java:57)
	at sun.reflect.DelegatingConstructorAccessorImpl.newInstance(DelegatingConstructorAccessorImpl.java:45)
	at java.lang.reflect.Constructor.newInstance(Constructor.java:526)
	at edu.washington.cs.dt.util.TestRunnerWrapper.main(TestRunnerWrapper.java:56)
)
	at edu.washington.cs.dt.util.TestRunnerWrapper.main(TestRunnerWrapper.java:56)

FAILURES!!!
Tests run: 1,  Failures: 1,  Errors: 0

.F
Time: 0
There was 1 failure:
1) warning(junit.framework.TestSuite$1)junit.framework.AssertionFailedError: Exception in constructor: testBasicSame (java.lang.NoClassDefFoundError: Could not initialize class crystal.server.TestConstants
	at crystal.server.TestGitStateChecker.generatePreferences(TestGitStateChecker.java:176)
	at crystal.server.TestGitStateChecker.<init>(TestGitStateChecker.java:46)
	at sun.reflect.NativeConstructorAccessorImpl.newInstance0(Native Method)
	at sun.reflect.NativeConstructorAccessorImpl.newInstance(NativeConstructorAccessorImpl.java:57)
	at sun.reflect.DelegatingConstructorAccessorImpl.newInstance(DelegatingConstructorAccessorImpl.java:45)
	at java.lang.reflect.Constructor.newInstance(Constructor.java:526)
	at edu.washington.cs.dt.util.TestRunnerWrapper.main(TestRunnerWrapper.java:56)
)
	at edu.washington.cs.dt.util.TestRunnerWrapper.main(TestRunnerWrapper.java:56)

FAILURES!!!
Tests run: 1,  Failures: 1,  Errors: 0

.F
Time: 0
There was 1 failure:
1) warning(junit.framework.TestSuite$1)junit.framework.AssertionFailedError: Exception in constructor: testBasicMergeConflict (java.lang.NoClassDefFoundError: Could not initialize class crystal.server.TestConstants
	at crystal.server.TestHgStateChecker.generatePreferences(TestHgStateChecker.java:172)
	at crystal.server.TestHgStateChecker.<init>(TestHgStateChecker.java:41)
	at sun.reflect.NativeConstructorAccessorImpl.newInstance0(Native Method)
	at sun.reflect.NativeConstructorAccessorImpl.newInstance(NativeConstructorAccessorImpl.java:57)
	at sun.reflect.DelegatingConstructorAccessorImpl.newInstance(DelegatingConstructorAccessorImpl.java:45)
	at java.lang.reflect.Constructor.newInstance(Constructor.java:526)
	at edu.washington.cs.dt.util.TestRunnerWrapper.main(TestRunnerWrapper.java:56)
)
	at edu.washington.cs.dt.util.TestRunnerWrapper.main(TestRunnerWrapper.java:56)

FAILURES!!!
Tests run: 1,  Failures: 1,  Errors: 0

.F
Time: 0
There was 1 failure:
1) warning(junit.framework.TestSuite$1)junit.framework.AssertionFailedError: Exception in constructor: testBasicCleanMerge (java.lang.NoClassDefFoundError: Could not initialize class crystal.server.TestConstants
	at crystal.server.TestHgStateChecker.generatePreferences(TestHgStateChecker.java:172)
	at crystal.server.TestHgStateChecker.<init>(TestHgStateChecker.java:41)
	at sun.reflect.NativeConstructorAccessorImpl.newInstance0(Native Method)
	at sun.reflect.NativeConstructorAccessorImpl.newInstance(NativeConstructorAccessorImpl.java:57)
	at sun.reflect.DelegatingConstructorAccessorImpl.newInstance(DelegatingConstructorAccessorImpl.java:45)
	at java.lang.reflect.Constructor.newInstance(Constructor.java:526)
	at edu.washington.cs.dt.util.TestRunnerWrapper.main(TestRunnerWrapper.java:56)
)
	at edu.washington.cs.dt.util.TestRunnerWrapper.main(TestRunnerWrapper.java:56)

FAILURES!!!
Tests run: 1,  Failures: 1,  Errors: 0

.F
Time: 0.006
There was 1 failure:
1) warning(junit.framework.TestSuite$1)junit.framework.AssertionFailedError: Exception in constructor: testBasicAhead (java.lang.NoClassDefFoundError: Could not initialize class crystal.server.TestConstants
	at crystal.server.TestHgStateChecker.generatePreferences(TestHgStateChecker.java:172)
	at crystal.server.TestHgStateChecker.<init>(TestHgStateChecker.java:41)
	at sun.reflect.NativeConstructorAccessorImpl.newInstance0(Native Method)
	at sun.reflect.NativeConstructorAccessorImpl.newInstance(NativeConstructorAccessorImpl.java:57)
	at sun.reflect.DelegatingConstructorAccessorImpl.newInstance(DelegatingConstructorAccessorImpl.java:45)
	at java.lang.reflect.Constructor.newInstance(Constructor.java:526)
	at edu.washington.cs.dt.util.TestRunnerWrapper.main(TestRunnerWrapper.java:56)
)
	at edu.washington.cs.dt.util.TestRunnerWrapper.main(TestRunnerWrapper.java:56)

FAILURES!!!
Tests run: 1,  Failures: 1,  Errors: 0

.F
Time: 0
There was 1 failure:
1) warning(junit.framework.TestSuite$1)junit.framework.AssertionFailedError: Exception in constructor: testBasicBehind (java.lang.NoClassDefFoundError: Could not initialize class crystal.server.TestConstants
	at crystal.server.TestHgStateChecker.generatePreferences(TestHgStateChecker.java:172)
	at crystal.server.TestHgStateChecker.<init>(TestHgStateChecker.java:41)
	at sun.reflect.NativeConstructorAccessorImpl.newInstance0(Native Method)
	at sun.reflect.NativeConstructorAccessorImpl.newInstance(NativeConstructorAccessorImpl.java:57)
	at sun.reflect.DelegatingConstructorAccessorImpl.newInstance(DelegatingConstructorAccessorImpl.java:45)
	at java.lang.reflect.Constructor.newInstance(Constructor.java:526)
	at edu.washington.cs.dt.util.TestRunnerWrapper.main(TestRunnerWrapper.java:56)
)
	at edu.washington.cs.dt.util.TestRunnerWrapper.main(TestRunnerWrapper.java:56)

FAILURES!!!
Tests run: 1,  Failures: 1,  Errors: 0

.F
Time: 0.001
There was 1 failure:
1) warning(junit.framework.TestSuite$1)junit.framework.AssertionFailedError: Exception in constructor: testBasicSame (java.lang.NoClassDefFoundError: Could not initialize class crystal.server.TestConstants
	at crystal.server.TestHgStateChecker.generatePreferences(TestHgStateChecker.java:172)
	at crystal.server.TestHgStateChecker.<init>(TestHgStateChecker.java:41)
	at sun.reflect.NativeConstructorAccessorImpl.newInstance0(Native Method)
	at sun.reflect.NativeConstructorAccessorImpl.newInstance(NativeConstructorAccessorImpl.java:57)
	at sun.reflect.DelegatingConstructorAccessorImpl.newInstance(DelegatingConstructorAccessorImpl.java:45)
	at java.lang.reflect.Constructor.newInstance(Constructor.java:526)
	at edu.washington.cs.dt.util.TestRunnerWrapper.main(TestRunnerWrapper.java:56)
)
	at edu.washington.cs.dt.util.TestRunnerWrapper.main(TestRunnerWrapper.java:56)

FAILURES!!!
Tests run: 1,  Failures: 1,  Errors: 0

.E
Time: 0.01
There was 1 error:
1) testNullIntersection(crystal.util.SetOperationsTest)java.lang.IllegalArgumentException: Null input
	at crystal.util.ValidInputChecker.checkNullInput(ValidInputChecker.java:125)
	at crystal.util.SetOperations.intersection(SetOperations.java:18)
	at crystal.util.SetOperationsTest.testNullIntersection(SetOperationsTest.java:22)
	at sun.reflect.NativeMethodAccessorImpl.invoke0(Native Method)
	at sun.reflect.NativeMethodAccessorImpl.invoke(NativeMethodAccessorImpl.java:57)
	at sun.reflect.DelegatingMethodAccessorImpl.invoke(DelegatingMethodAccessorImpl.java:43)
	at edu.washington.cs.dt.util.TestRunnerWrapper.main(TestRunnerWrapper.java:56)

FAILURES!!!
Tests run: 1,  Failures: 0,  Errors: 1

.
Time: 0.002

OK (1 test)

.E
Time: 0
There was 1 error:
1) testNullUnion(crystal.util.SetOperationsTest)java.lang.IllegalArgumentException: Null input
	at crystal.util.ValidInputChecker.checkNullInput(ValidInputChecker.java:125)
	at crystal.util.SetOperations.union(SetOperations.java:39)
	at crystal.util.SetOperationsTest.testNullUnion(SetOperationsTest.java:45)
	at sun.reflect.NativeMethodAccessorImpl.invoke0(Native Method)
	at sun.reflect.NativeMethodAccessorImpl.invoke(NativeMethodAccessorImpl.java:57)
	at sun.reflect.DelegatingMethodAccessorImpl.invoke(DelegatingMethodAccessorImpl.java:43)
	at edu.washington.cs.dt.util.TestRunnerWrapper.main(TestRunnerWrapper.java:56)

FAILURES!!!
Tests run: 1,  Failures: 0,  Errors: 1

.
Time: 0

OK (1 test)

.
Time: 0

OK (1 test)

.
Time: 0

OK (1 test)

.E
Time: 0.19
There was 1 error:
1) testInvalidPanelParameter(crystal.util.SpringLayoutUtilityTest)java.lang.IllegalArgumentException: Invalid input for panel.
	at crystal.util.SpringLayoutUtility.formGridInColumn(SpringLayoutUtility.java:35)
	at crystal.util.SpringLayoutUtilityTest.testInvalidPanelParameter(SpringLayoutUtilityTest.java:23)
	at sun.reflect.NativeMethodAccessorImpl.invoke0(Native Method)
	at sun.reflect.NativeMethodAccessorImpl.invoke(NativeMethodAccessorImpl.java:57)
	at sun.reflect.DelegatingMethodAccessorImpl.invoke(DelegatingMethodAccessorImpl.java:43)
	at edu.washington.cs.dt.util.TestRunnerWrapper.main(TestRunnerWrapper.java:56)

FAILURES!!!
Tests run: 1,  Failures: 0,  Errors: 1

.
Time: 0

OK (1 test)

Execution time: 8669898896
0-th run
Pass: 51, Fail: 12, Error: 12
{crystal.client.ClientPreferencesTest.testNullInputConstructor=148052646, crystal.client.ClientPreferencesTest.testClientPreferences=7087357, crystal.client.ClientPreferencesTest.testDefaultSetting=3323131, crystal.client.ClientPreferencesTest.testDuplicateAddProjectPreferences=11698540, crystal.client.ClientPreferencesTest.testAddProjectPreferences=1966073, crystal.client.ClientPreferencesTest.testDuplicateProject=7677002, crystal.client.ClientPreferencesTest.testRemoveProjectPreferences=912207, crystal.client.ClientPreferencesTest.testRemoveProjectPreferencesAtIndex=2710047, crystal.client.ClientPreferencesTest.testClone=30320469, crystal.client.ConflictDaemonTest.testAddListener=30040538, crystal.client.ConflictDaemonTest.testGetInstance=1813793, crystal.client.ConflictDaemonTest.testLocalState=844102214, crystal.client.ConflictDaemonTest.testRelationship=109837073, crystal.client.ProjectPreferencesTest.testClone=1134912, crystal.client.ProjectPreferencesTest.testProjectPreferences=5309442, crystal.client.ProjectPreferencesTest.testDuplicateAddDataSource=11918360, crystal.client.ProjectPreferencesTest.testAddDataSource=923527, crystal.client.ProjectPreferencesTest.testGetNumOfVisibleSources=5449893, crystal.client.ProjectPreferencesTest.testRemoveDataSource=10872841, crystal.client.ProjectPreferencesTest.testGetProjectCheckoutLocation=29453523, crystal.model.DataSourceTest.testClone=8841456, crystal.model.DataSourceTest.testSetField=3228859, crystal.model.DataSourceTest.testSetHistory=2146495506, crystal.model.DataSourceTest.testSetRemoteCmd=13485795, crystal.model.DataSourceTest.testSetCompileCommand=858718, crystal.model.DataSourceTest.testSetEnabled=6143189, crystal.model.DataSourceTest.testIsHidden=2834779, crystal.model.DataSourceTest.testSetParent=690066, crystal.model.DataSourceTest.testSetKind=25697509, crystal.model.DataSourceTest.testSetCloneString=8736106, crystal.model.DataSourceTest.testToString=6362931, crystal.model.LocalStateResultTest.testLocalStateResult=8674384, crystal.model.LocalStateResultTest.testStrangeActionName=6316874, crystal.model.LocalStateResultTest.testErrorActionNameConstructor=2700574, crystal.model.LocalStateResultTest.testGetAction=14704718, crystal.model.LocalStateResultTest.testGetLastAction=4363594, crystal.model.LocalStateResultTest.testGetName=12272926, crystal.model.LocalStateResultTest.testGetNoErrorMessage=820308, crystal.model.LocalStateResultTest.testGetLastErrorMessage=8133750, crystal.model.LocalStateResultTest.testGetLocalState=6884768, crystal.model.LocalStateResultTest.testGetLastLocalState=8274924, crystal.model.LocalStateResultTest.testToString=15578636, crystal.model.RelationshipTest.testStrangeNameConstructor=19537441, crystal.model.RelationshipTest.testConstructor=31915113, crystal.model.RelationshipTest.testCalculateAction=29760753, crystal.model.RelationshipTest.testGetActionRepoKind=11833962, crystal.model.RelationshipTest.testGetDominant=23634106, crystal.model.RelationshipTest.testEqualsObject=18681337, crystal.model.RevisionHistoryTest.testEqualsObject=1116263343, crystal.model.RevisionHistoryTest.testSuperSubHistory=1315003611, crystal.model.RevisionHistoryTest.testGetCommitters=430618379, crystal.server.GuidanceCheckerTest.testGetCommitters=18400760, crystal.server.GuidanceCheckerTest.testGetWhen=30343236, crystal.server.HgLogParserTest.testParseNullLog=12111907, crystal.server.HgLogParserTest.testParseLog=54644504, crystal.server.HgLogParserTest.testSingleLog=13245697, crystal.server.HgLogParserTest.testTwoLogs=7034293, crystal.server.TestGitStateChecker.testBasicMergeConflict=49920853, crystal.server.TestGitStateChecker.testBasicCleanMerge=21722009, crystal.server.TestGitStateChecker.testBasicAhead=18826946, crystal.server.TestGitStateChecker.testBasicBehind=22290511, crystal.server.TestGitStateChecker.testBasicSame=18763877, crystal.server.TestHgStateChecker.testBasicMergeConflict=18093166, crystal.server.TestHgStateChecker.testBasicCleanMerge=15765191, crystal.server.TestHgStateChecker.testBasicAhead=11008079, crystal.server.TestHgStateChecker.testBasicBehind=21933883, crystal.server.TestHgStateChecker.testBasicSame=14361921, crystal.util.SetOperationsTest.testNullIntersection=15773349, crystal.util.SetOperationsTest.testIntersection=12238405, crystal.util.SetOperationsTest.testNullUnion=5749336, crystal.util.SetOperationsTest.testUnion=3695782, crystal.util.SetOperationsTest.testSetDifference=8330023, crystal.util.SetOperationsTest.testXor=943677, crystal.util.SpringLayoutUtilityTest.testInvalidPanelParameter=213287120, crystal.util.SpringLayoutUtilityTest.testFormGrid=7874950}

