The following arguments were used to generate this output.
[-technique, selection, -coverage, statement, -order, absolute, -origOrder, jodatime-d6791cb5f9/jodatime-auto-order, -testInputDir, jodatime-b609d7d66d/sootTestOutput-auto-selection, -filesToDelete, jodatime-d6791cb5f9/jodatime-env-files, -project, Joda-Time, -testType, auto, -oldVersCFG, jodatime-b609d7d66d/selectionOutput, -newVersCFG, jodatime-d6791cb5f9/selectionOutput, -getCoverage, -outputDir, /home/winglam/dt-copy3/dependent-tests-impact/experiments/selection-results, -timesToRun, 5, -dependentTestFile, /home/winglam/dt-copy3/dependent-tests-impact/experiments/selection-dt-list/selection-Joda-Time-auto-statement-absolute.txt]

Execution time of TLG and its time to find/nullify any DTs for 1 machine (does not include the time to run the tests in the new order): 1.927
Number of tests selected out of total in original order: 464 / 2207
Number of DTs not fixed: 1
Number of DTs fixed: 0
APFD value: 0.5416588320329786
Execution time for executing the following testing order: 1.714

Test order list:
[randoop.jodatime.RandoopTest2.test406, randoop.jodatime.RandoopTest0.test115, randoop.jodatime.RandoopTest0.test135, randoop.jodatime.RandoopTest0.test141, randoop.jodatime.RandoopTest0.test144, randoop.jodatime.RandoopTest0.test146, randoop.jodatime.RandoopTest0.test152, randoop.jodatime.RandoopTest0.test159, randoop.jodatime.RandoopTest0.test165, randoop.jodatime.RandoopTest0.test172, randoop.jodatime.RandoopTest0.test181, randoop.jodatime.RandoopTest0.test182, randoop.jodatime.RandoopTest0.test188, randoop.jodatime.RandoopTest0.test192, randoop.jodatime.RandoopTest0.test196, randoop.jodatime.RandoopTest0.test208, randoop.jodatime.RandoopTest0.test226, randoop.jodatime.RandoopTest0.test229, randoop.jodatime.RandoopTest0.test235, randoop.jodatime.RandoopTest0.test246, randoop.jodatime.RandoopTest0.test247, randoop.jodatime.RandoopTest0.test251, randoop.jodatime.RandoopTest0.test252, randoop.jodatime.RandoopTest0.test258, randoop.jodatime.RandoopTest0.test260, randoop.jodatime.RandoopTest0.test267, randoop.jodatime.RandoopTest0.test282, randoop.jodatime.RandoopTest0.test283, randoop.jodatime.RandoopTest0.test293, randoop.jodatime.RandoopTest0.test297, randoop.jodatime.RandoopTest0.test304, randoop.jodatime.RandoopTest0.test306, randoop.jodatime.RandoopTest0.test314, randoop.jodatime.RandoopTest0.test320, randoop.jodatime.RandoopTest0.test325, randoop.jodatime.RandoopTest0.test338, randoop.jodatime.RandoopTest0.test346, randoop.jodatime.RandoopTest0.test347, randoop.jodatime.RandoopTest0.test360, randoop.jodatime.RandoopTest0.test361, randoop.jodatime.RandoopTest0.test369, randoop.jodatime.RandoopTest0.test370, randoop.jodatime.RandoopTest0.test376, randoop.jodatime.RandoopTest0.test378, randoop.jodatime.RandoopTest0.test386, randoop.jodatime.RandoopTest0.test387, randoop.jodatime.RandoopTest0.test389, randoop.jodatime.RandoopTest0.test390, randoop.jodatime.RandoopTest0.test395, randoop.jodatime.RandoopTest0.test406, randoop.jodatime.RandoopTest0.test450, randoop.jodatime.RandoopTest0.test498, randoop.jodatime.RandoopTest1.test168, randoop.jodatime.RandoopTest1.test354, randoop.jodatime.RandoopTest1.test467, randoop.jodatime.RandoopTest1.test475, randoop.jodatime.RandoopTest2.test58, randoop.jodatime.RandoopTest2.test85, randoop.jodatime.RandoopTest2.test212, randoop.jodatime.RandoopTest2.test216, randoop.jodatime.RandoopTest2.test269, randoop.jodatime.RandoopTest2.test289, randoop.jodatime.RandoopTest2.test310, randoop.jodatime.RandoopTest2.test376, randoop.jodatime.RandoopTest2.test487, randoop.jodatime.RandoopTest2.test490, randoop.jodatime.RandoopTest2.test493, randoop.jodatime.RandoopTest2.test495, randoop.jodatime.RandoopTest2.test500, randoop.jodatime.RandoopTest3.test1, randoop.jodatime.RandoopTest3.test7, randoop.jodatime.RandoopTest3.test8, randoop.jodatime.RandoopTest3.test9, randoop.jodatime.RandoopTest3.test12, randoop.jodatime.RandoopTest3.test14, randoop.jodatime.RandoopTest3.test16, randoop.jodatime.RandoopTest3.test22, randoop.jodatime.RandoopTest3.test28, randoop.jodatime.RandoopTest3.test29, randoop.jodatime.RandoopTest3.test32, randoop.jodatime.RandoopTest3.test34, randoop.jodatime.RandoopTest3.test36, randoop.jodatime.RandoopTest3.test40, randoop.jodatime.RandoopTest3.test46, randoop.jodatime.RandoopTest3.test52, randoop.jodatime.RandoopTest3.test54, randoop.jodatime.RandoopTest3.test56, randoop.jodatime.RandoopTest3.test57, randoop.jodatime.RandoopTest3.test58, randoop.jodatime.RandoopTest3.test65, randoop.jodatime.RandoopTest3.test81, randoop.jodatime.RandoopTest3.test84, randoop.jodatime.RandoopTest3.test87, randoop.jodatime.RandoopTest3.test92, randoop.jodatime.RandoopTest3.test95, randoop.jodatime.RandoopTest3.test96, randoop.jodatime.RandoopTest3.test98, randoop.jodatime.RandoopTest3.test99, randoop.jodatime.RandoopTest3.test102, randoop.jodatime.RandoopTest3.test105, randoop.jodatime.RandoopTest3.test106, randoop.jodatime.RandoopTest3.test107, randoop.jodatime.RandoopTest3.test108, randoop.jodatime.RandoopTest3.test113, randoop.jodatime.RandoopTest3.test115, randoop.jodatime.RandoopTest3.test116, randoop.jodatime.RandoopTest3.test118, randoop.jodatime.RandoopTest3.test121, randoop.jodatime.RandoopTest3.test124, randoop.jodatime.RandoopTest3.test125, randoop.jodatime.RandoopTest3.test128, randoop.jodatime.RandoopTest3.test129, randoop.jodatime.RandoopTest3.test130, randoop.jodatime.RandoopTest3.test132, randoop.jodatime.RandoopTest3.test138, randoop.jodatime.RandoopTest3.test142, randoop.jodatime.RandoopTest3.test144, randoop.jodatime.RandoopTest3.test148, randoop.jodatime.RandoopTest3.test150, randoop.jodatime.RandoopTest3.test151, randoop.jodatime.RandoopTest3.test152, randoop.jodatime.RandoopTest3.test159, randoop.jodatime.RandoopTest3.test161, randoop.jodatime.RandoopTest3.test163, randoop.jodatime.RandoopTest3.test166, randoop.jodatime.RandoopTest3.test170, randoop.jodatime.RandoopTest3.test173, randoop.jodatime.RandoopTest3.test176, randoop.jodatime.RandoopTest3.test182, randoop.jodatime.RandoopTest3.test184, randoop.jodatime.RandoopTest3.test185, randoop.jodatime.RandoopTest3.test189, randoop.jodatime.RandoopTest3.test193, randoop.jodatime.RandoopTest3.test195, randoop.jodatime.RandoopTest3.test196, randoop.jodatime.RandoopTest3.test199, randoop.jodatime.RandoopTest3.test201, randoop.jodatime.RandoopTest3.test205, randoop.jodatime.RandoopTest3.test208, randoop.jodatime.RandoopTest3.test210, randoop.jodatime.RandoopTest3.test219, randoop.jodatime.RandoopTest3.test220, randoop.jodatime.RandoopTest3.test223, randoop.jodatime.RandoopTest3.test226, randoop.jodatime.RandoopTest3.test232, randoop.jodatime.RandoopTest3.test233, randoop.jodatime.RandoopTest3.test239, randoop.jodatime.RandoopTest3.test241, randoop.jodatime.RandoopTest3.test242, randoop.jodatime.RandoopTest3.test246, randoop.jodatime.RandoopTest3.test247, randoop.jodatime.RandoopTest3.test249, randoop.jodatime.RandoopTest3.test252, randoop.jodatime.RandoopTest3.test257, randoop.jodatime.RandoopTest3.test258, randoop.jodatime.RandoopTest3.test259, randoop.jodatime.RandoopTest3.test262, randoop.jodatime.RandoopTest3.test263, randoop.jodatime.RandoopTest3.test266, randoop.jodatime.RandoopTest3.test269, randoop.jodatime.RandoopTest3.test270, randoop.jodatime.RandoopTest3.test272, randoop.jodatime.RandoopTest3.test274, randoop.jodatime.RandoopTest3.test275, randoop.jodatime.RandoopTest3.test277, randoop.jodatime.RandoopTest3.test280, randoop.jodatime.RandoopTest3.test288, randoop.jodatime.RandoopTest3.test292, randoop.jodatime.RandoopTest3.test294, randoop.jodatime.RandoopTest3.test297, randoop.jodatime.RandoopTest3.test299, randoop.jodatime.RandoopTest3.test300, randoop.jodatime.RandoopTest3.test301, randoop.jodatime.RandoopTest3.test304, randoop.jodatime.RandoopTest3.test308, randoop.jodatime.RandoopTest3.test309, randoop.jodatime.RandoopTest3.test312, randoop.jodatime.RandoopTest3.test313, randoop.jodatime.RandoopTest3.test316, randoop.jodatime.RandoopTest3.test320, randoop.jodatime.RandoopTest3.test324, randoop.jodatime.RandoopTest3.test326, randoop.jodatime.RandoopTest3.test327, randoop.jodatime.RandoopTest3.test330, randoop.jodatime.RandoopTest3.test332, randoop.jodatime.RandoopTest3.test333, randoop.jodatime.RandoopTest3.test336, randoop.jodatime.RandoopTest3.test338, randoop.jodatime.RandoopTest3.test345, randoop.jodatime.RandoopTest3.test346, randoop.jodatime.RandoopTest3.test347, randoop.jodatime.RandoopTest3.test352, randoop.jodatime.RandoopTest3.test356, randoop.jodatime.RandoopTest3.test365, randoop.jodatime.RandoopTest3.test375, randoop.jodatime.RandoopTest3.test376, randoop.jodatime.RandoopTest3.test380, randoop.jodatime.RandoopTest3.test381, randoop.jodatime.RandoopTest3.test382, randoop.jodatime.RandoopTest3.test383, randoop.jodatime.RandoopTest3.test389, randoop.jodatime.RandoopTest3.test398, randoop.jodatime.RandoopTest3.test403, randoop.jodatime.RandoopTest3.test407, randoop.jodatime.RandoopTest3.test409, randoop.jodatime.RandoopTest3.test411, randoop.jodatime.RandoopTest3.test413, randoop.jodatime.RandoopTest3.test417, randoop.jodatime.RandoopTest3.test418, randoop.jodatime.RandoopTest3.test419, randoop.jodatime.RandoopTest3.test420, randoop.jodatime.RandoopTest3.test424, randoop.jodatime.RandoopTest3.test426, randoop.jodatime.RandoopTest3.test432, randoop.jodatime.RandoopTest3.test434, randoop.jodatime.RandoopTest3.test435, randoop.jodatime.RandoopTest3.test441, randoop.jodatime.RandoopTest3.test442, randoop.jodatime.RandoopTest3.test445, randoop.jodatime.RandoopTest3.test446, randoop.jodatime.RandoopTest3.test447, randoop.jodatime.RandoopTest3.test451, randoop.jodatime.RandoopTest3.test452, randoop.jodatime.RandoopTest3.test454, randoop.jodatime.RandoopTest3.test455, randoop.jodatime.RandoopTest3.test457, randoop.jodatime.RandoopTest3.test462, randoop.jodatime.RandoopTest3.test467, randoop.jodatime.RandoopTest3.test470, randoop.jodatime.RandoopTest3.test471, randoop.jodatime.RandoopTest3.test481, randoop.jodatime.RandoopTest3.test487, randoop.jodatime.RandoopTest3.test492, randoop.jodatime.RandoopTest3.test496, randoop.jodatime.RandoopTest3.test497, randoop.jodatime.RandoopTest3.test498, randoop.jodatime.RandoopTest4.test4, randoop.jodatime.RandoopTest4.test5, randoop.jodatime.RandoopTest4.test13, randoop.jodatime.RandoopTest4.test138, randoop.jodatime.RandoopTest4.test315, randoop.jodatime.RandoopTest4.test434, randoop.jodatime.RandoopTest4.test464, randoop.jodatime.RandoopTest5.test35, randoop.jodatime.RandoopTest0.test1, randoop.jodatime.RandoopTest0.test109, randoop.jodatime.RandoopTest0.test118, randoop.jodatime.RandoopTest0.test12, randoop.jodatime.RandoopTest0.test120, randoop.jodatime.RandoopTest0.test122, randoop.jodatime.RandoopTest0.test134, randoop.jodatime.RandoopTest0.test16, randoop.jodatime.RandoopTest0.test170, randoop.jodatime.RandoopTest0.test175, randoop.jodatime.RandoopTest0.test183, randoop.jodatime.RandoopTest0.test2, randoop.jodatime.RandoopTest0.test21, randoop.jodatime.RandoopTest0.test24, randoop.jodatime.RandoopTest0.test254, randoop.jodatime.RandoopTest0.test261, randoop.jodatime.RandoopTest0.test319, randoop.jodatime.RandoopTest0.test32, randoop.jodatime.RandoopTest0.test34, randoop.jodatime.RandoopTest0.test343, randoop.jodatime.RandoopTest0.test356, randoop.jodatime.RandoopTest0.test368, randoop.jodatime.RandoopTest0.test388, randoop.jodatime.RandoopTest0.test391, randoop.jodatime.RandoopTest0.test404, randoop.jodatime.RandoopTest0.test424, randoop.jodatime.RandoopTest0.test437, randoop.jodatime.RandoopTest0.test454, randoop.jodatime.RandoopTest0.test499, randoop.jodatime.RandoopTest0.test55, randoop.jodatime.RandoopTest0.test71, randoop.jodatime.RandoopTest1.test104, randoop.jodatime.RandoopTest1.test154, randoop.jodatime.RandoopTest1.test157, randoop.jodatime.RandoopTest1.test162, randoop.jodatime.RandoopTest1.test175, randoop.jodatime.RandoopTest1.test211, randoop.jodatime.RandoopTest1.test214, randoop.jodatime.RandoopTest1.test216, randoop.jodatime.RandoopTest1.test228, randoop.jodatime.RandoopTest1.test24, randoop.jodatime.RandoopTest1.test250, randoop.jodatime.RandoopTest1.test262, randoop.jodatime.RandoopTest1.test267, randoop.jodatime.RandoopTest1.test280, randoop.jodatime.RandoopTest1.test298, randoop.jodatime.RandoopTest1.test312, randoop.jodatime.RandoopTest1.test337, randoop.jodatime.RandoopTest1.test349, randoop.jodatime.RandoopTest1.test357, randoop.jodatime.RandoopTest1.test378, randoop.jodatime.RandoopTest1.test385, randoop.jodatime.RandoopTest1.test416, randoop.jodatime.RandoopTest1.test420, randoop.jodatime.RandoopTest1.test43, randoop.jodatime.RandoopTest1.test444, randoop.jodatime.RandoopTest1.test455, randoop.jodatime.RandoopTest1.test46, randoop.jodatime.RandoopTest1.test470, randoop.jodatime.RandoopTest1.test481, randoop.jodatime.RandoopTest1.test490, randoop.jodatime.RandoopTest1.test492, randoop.jodatime.RandoopTest1.test56, randoop.jodatime.RandoopTest1.test57, randoop.jodatime.RandoopTest1.test73, randoop.jodatime.RandoopTest1.test74, randoop.jodatime.RandoopTest1.test77, randoop.jodatime.RandoopTest1.test82, randoop.jodatime.RandoopTest1.test91, randoop.jodatime.RandoopTest1.test96, randoop.jodatime.RandoopTest1.test98, randoop.jodatime.RandoopTest2.test103, randoop.jodatime.RandoopTest2.test111, randoop.jodatime.RandoopTest2.test115, randoop.jodatime.RandoopTest2.test118, randoop.jodatime.RandoopTest2.test120, randoop.jodatime.RandoopTest2.test133, randoop.jodatime.RandoopTest2.test161, randoop.jodatime.RandoopTest2.test174, randoop.jodatime.RandoopTest2.test18, randoop.jodatime.RandoopTest2.test183, randoop.jodatime.RandoopTest2.test200, randoop.jodatime.RandoopTest2.test203, randoop.jodatime.RandoopTest2.test206, randoop.jodatime.RandoopTest2.test215, randoop.jodatime.RandoopTest2.test23, randoop.jodatime.RandoopTest2.test268, randoop.jodatime.RandoopTest2.test277, randoop.jodatime.RandoopTest2.test291, randoop.jodatime.RandoopTest2.test312, randoop.jodatime.RandoopTest2.test321, randoop.jodatime.RandoopTest2.test323, randoop.jodatime.RandoopTest2.test332, randoop.jodatime.RandoopTest2.test340, randoop.jodatime.RandoopTest2.test355, randoop.jodatime.RandoopTest2.test386, randoop.jodatime.RandoopTest2.test39, randoop.jodatime.RandoopTest2.test394, randoop.jodatime.RandoopTest2.test405, randoop.jodatime.RandoopTest2.test43, randoop.jodatime.RandoopTest2.test433, randoop.jodatime.RandoopTest2.test443, randoop.jodatime.RandoopTest2.test454, randoop.jodatime.RandoopTest2.test471, randoop.jodatime.RandoopTest2.test473, randoop.jodatime.RandoopTest2.test475, randoop.jodatime.RandoopTest2.test478, randoop.jodatime.RandoopTest2.test489, randoop.jodatime.RandoopTest2.test59, randoop.jodatime.RandoopTest2.test61, randoop.jodatime.RandoopTest2.test67, randoop.jodatime.RandoopTest2.test75, randoop.jodatime.RandoopTest2.test80, randoop.jodatime.RandoopTest2.test95, randoop.jodatime.RandoopTest2.test98, randoop.jodatime.RandoopTest3.test217, randoop.jodatime.RandoopTest3.test221, randoop.jodatime.RandoopTest3.test228, randoop.jodatime.RandoopTest3.test244, randoop.jodatime.RandoopTest3.test261, randoop.jodatime.RandoopTest3.test353, randoop.jodatime.RandoopTest3.test37, randoop.jodatime.RandoopTest3.test370, randoop.jodatime.RandoopTest3.test393, randoop.jodatime.RandoopTest3.test416, randoop.jodatime.RandoopTest3.test422, randoop.jodatime.RandoopTest3.test453, randoop.jodatime.RandoopTest3.test473, randoop.jodatime.RandoopTest3.test478, randoop.jodatime.RandoopTest3.test480, randoop.jodatime.RandoopTest3.test91, randoop.jodatime.RandoopTest4.test1, randoop.jodatime.RandoopTest4.test107, randoop.jodatime.RandoopTest4.test117, randoop.jodatime.RandoopTest4.test12, randoop.jodatime.RandoopTest4.test122, randoop.jodatime.RandoopTest4.test125, randoop.jodatime.RandoopTest4.test127, randoop.jodatime.RandoopTest4.test129, randoop.jodatime.RandoopTest4.test135, randoop.jodatime.RandoopTest4.test141, randoop.jodatime.RandoopTest4.test143, randoop.jodatime.RandoopTest4.test147, randoop.jodatime.RandoopTest4.test15, randoop.jodatime.RandoopTest4.test162, randoop.jodatime.RandoopTest4.test170, randoop.jodatime.RandoopTest4.test18, randoop.jodatime.RandoopTest4.test198, randoop.jodatime.RandoopTest4.test2, randoop.jodatime.RandoopTest4.test20, randoop.jodatime.RandoopTest4.test203, randoop.jodatime.RandoopTest4.test216, randoop.jodatime.RandoopTest4.test218, randoop.jodatime.RandoopTest4.test230, randoop.jodatime.RandoopTest4.test237, randoop.jodatime.RandoopTest4.test238, randoop.jodatime.RandoopTest4.test240, randoop.jodatime.RandoopTest4.test250, randoop.jodatime.RandoopTest4.test254, randoop.jodatime.RandoopTest4.test257, randoop.jodatime.RandoopTest4.test26, randoop.jodatime.RandoopTest4.test261, randoop.jodatime.RandoopTest4.test269, randoop.jodatime.RandoopTest4.test272, randoop.jodatime.RandoopTest4.test273, randoop.jodatime.RandoopTest4.test274, randoop.jodatime.RandoopTest4.test289, randoop.jodatime.RandoopTest4.test291, randoop.jodatime.RandoopTest4.test320, randoop.jodatime.RandoopTest4.test33, randoop.jodatime.RandoopTest4.test341, randoop.jodatime.RandoopTest4.test353, randoop.jodatime.RandoopTest4.test363, randoop.jodatime.RandoopTest4.test364, randoop.jodatime.RandoopTest4.test376, randoop.jodatime.RandoopTest4.test379, randoop.jodatime.RandoopTest4.test386, randoop.jodatime.RandoopTest4.test390, randoop.jodatime.RandoopTest4.test391, randoop.jodatime.RandoopTest4.test394, randoop.jodatime.RandoopTest4.test403, randoop.jodatime.RandoopTest4.test41, randoop.jodatime.RandoopTest4.test413, randoop.jodatime.RandoopTest4.test419, randoop.jodatime.RandoopTest4.test430, randoop.jodatime.RandoopTest4.test431, randoop.jodatime.RandoopTest4.test439, randoop.jodatime.RandoopTest4.test443, randoop.jodatime.RandoopTest4.test448, randoop.jodatime.RandoopTest4.test451, randoop.jodatime.RandoopTest4.test455, randoop.jodatime.RandoopTest4.test46, randoop.jodatime.RandoopTest4.test467, randoop.jodatime.RandoopTest4.test470, randoop.jodatime.RandoopTest4.test476, randoop.jodatime.RandoopTest4.test48, randoop.jodatime.RandoopTest4.test488, randoop.jodatime.RandoopTest4.test54, randoop.jodatime.RandoopTest4.test68, randoop.jodatime.RandoopTest4.test69, randoop.jodatime.RandoopTest4.test74, randoop.jodatime.RandoopTest4.test81, randoop.jodatime.RandoopTest5.test10, randoop.jodatime.RandoopTest5.test100, randoop.jodatime.RandoopTest5.test118, randoop.jodatime.RandoopTest5.test120, randoop.jodatime.RandoopTest5.test126, randoop.jodatime.RandoopTest5.test134, randoop.jodatime.RandoopTest5.test136, randoop.jodatime.RandoopTest5.test138, randoop.jodatime.RandoopTest5.test21, randoop.jodatime.RandoopTest5.test53, randoop.jodatime.RandoopTest5.test60, randoop.jodatime.RandoopTest5.test64, randoop.jodatime.RandoopTest5.test65, randoop.jodatime.RandoopTest5.test66, randoop.jodatime.RandoopTest5.test69, randoop.jodatime.RandoopTest5.test71, randoop.jodatime.RandoopTest5.test77, randoop.jodatime.RandoopTest5.test95]

Time each test takes to run in the new order:
[135098897, 32015185, 23538695, 22766711, 20178491, 19032549, 19019506, 11474521, 12489670, 13305269, 9878470, 9584595, 7864217, 8780065, 8165052, 11270743, 6987587, 6824338, 7466255, 7079469, 7091283, 6970693, 4868994, 4466113, 5245604, 4728207, 4798691, 4514149, 4403457, 4520178, 4188319, 3573796, 4244116, 3736560, 3902931, 3626379, 6124777, 3514002, 3279891, 4030465, 3201282, 3558603, 11078785, 3085281, 3773149, 3132061, 2923831, 2870521, 2802856, 3755717, 4267172, 3442748, 7587263, 5469195, 6158958, 6054723, 5628280, 8199215, 4446091, 4365918, 4028728, 4168075, 6856531, 7245366, 6455863, 6654120, 3705619, 3446623, 3299211, 4687048, 3207560, 6648371, 3235369, 3083411, 3166190, 3398291, 3113949, 6413414, 2713461, 3010551, 3282823, 2664948, 2853128, 2597545, 2756221, 4386952, 2601605, 2423517, 3187167, 2677821, 2431379, 2396337, 2501380, 2377820, 2279928, 2388905, 5723964, 2443561, 2294746, 2323872, 3350786, 2623969, 2757062, 3149920, 3310095, 2797381, 3218607, 3276434, 2732333, 3473410, 3241940, 3423279, 2742543, 3594081, 3278398, 2844160, 3247342, 3267137, 3248006, 3000421, 6468278, 2390360, 2372268, 2374172, 3089076, 2363138, 2497249, 2885629, 2540533, 2974458, 2362514, 2215514, 2309806, 2225730, 2479065, 2504289, 2302792, 2798277, 2507424, 2339412, 2410215, 2354778, 2410614, 2266021, 2470998, 2548898, 2283962, 2665034, 2317400, 2268925, 2381513, 2453192, 2340616, 2382134, 2384843, 2639976, 2301576, 2254127, 2346398, 2328890, 2947842, 2401698, 2832067, 2542054, 5447527, 2602572, 2142873, 2205534, 2260756, 2210154, 2171885, 2261121, 2340710, 2129840, 2256310, 2143563, 2093780, 2192158, 2246268, 2219779, 2217604, 2281354, 2238379, 2304263, 2224331, 2390284, 2144458, 2213997, 2200270, 2268762, 2313072, 2282846, 2148547, 2146266, 2403606, 2320786, 2216838, 2346920, 2319824, 2307261, 2263223, 2444773, 2269638, 2192600, 2221443, 2183677, 2200747, 2480561, 2321351, 2316808, 3286805, 2590682, 2134037, 3234877, 3200347, 2583606, 3096337, 3272692, 3168466, 2717882, 3113564, 3189691, 2652244, 3072947, 3162461, 3095381, 2633545, 3240293, 3117127, 2505964, 3068134, 3151042, 3132674, 2634117, 3208600, 3115683, 3954688, 3837624, 3148687, 3732569, 2794985, 3448436, 3719168, 1838434, 3172955, 3198907, 2636095, 3098992, 3359666, 13513349, 2643994, 5922547, 2205498, 2139933, 2164979, 2141144, 2106326, 2109342, 2993148, 2136785, 2103257, 2130757, 2072708, 2148497, 2222930, 2116747, 2278621, 2697340, 2510581, 2235314, 2416716, 2467712, 2335014, 2142308, 2370515, 2335741, 2571647, 2417601, 2404467, 2545634, 2267553, 2601877, 2574721, 2555266, 2479112, 2409089, 2471849, 2446916, 2539674, 2506865, 2654965, 2691428, 2146354, 2141805, 2383436, 2432172, 2389497, 2407485, 2125215, 2372897, 2332513, 2390953, 2266289, 2368337, 2390786, 2420767, 2373418, 2378695, 2563497, 2379519, 2447404, 2382399, 2338158, 2535218, 2413826, 2474378, 2489929, 2380493, 2240285, 2316336, 2724254, 2691460, 2687391, 2298691, 2206574, 2341026, 2357205, 2392591, 2328233, 2327784, 2595212, 2324354, 2422242, 2313372, 2536724, 2202718, 4949267, 2460553, 2410568, 2384710, 2337906, 2627877, 2352807, 2363529, 2433547, 2354672, 2364053, 2246293, 2184874, 2477698, 2176066, 2138514, 2347572, 2594792, 2617046, 2487124, 2514015, 2471898, 2510359, 2567062, 2325196, 2416890, 2412759, 2395844, 2336290, 2348420, 2362078, 2281854, 2270842, 2374177, 2626481, 2267857, 2353747, 2169929, 2207100, 2344115, 2613206, 2538897, 2486564, 2566204, 2708739, 2790492, 2934566, 2311146, 2506505, 2559595, 2648625, 2948598, 55693223, 2329635, 2569065, 2424430, 2125058, 2384737, 2165214, 2416821, 2251690, 2406385, 2826325, 2473202, 2538538, 2404145, 2387489, 2429008, 2307240, 2366981, 2244508, 2354943, 2405612, 2395487, 2211965, 2322539, 2570761, 2281617, 2571988, 2615438, 2524109, 2490683, 2780210, 2438145, 2511357, 2817868, 2534638, 3198270, 3043665, 3134162, 3462398, 3250167, 2864403, 3407388, 3673675, 3364652, 2933163, 3645146, 3805646, 3351546, 2754526, 3442701, 3369702, 3391251, 2838291, 3278270, 3494161, 3369100, 2746730, 3372266, 1170714, 1541698, 1007127, 1055539, 1063452, 1876012, 1097473, 1047420, 1547353, 815723, 987643, 1078433, 1483981, 971206, 998748, 1572152, 882777, 1135141]

DTs not fixed are:
[randoop.jodatime.RandoopTest2.test206]

Dependent test list:
[Test: randoop.jodatime.RandoopTest3.test195, Intended behavior: FAILURE, when executed after: [randoop.jodatime.RandoopTest3.test193], The revealed different behavior: PASS, when executed after: [], Test: randoop.jodatime.RandoopTest2.test487, Intended behavior: FAILURE, when executed after: [randoop.jodatime.RandoopTest2.test376], The revealed different behavior: PASS, when executed after: [], Test: randoop.jodatime.RandoopTest2.test490, Intended behavior: FAILURE, when executed after: [randoop.jodatime.RandoopTest2.test487], The revealed different behavior: PASS, when executed after: [], Test: randoop.jodatime.RandoopTest3.test389, Intended behavior: FAILURE, when executed after: [randoop.jodatime.RandoopTest3.test383], The revealed different behavior: PASS, when executed after: [], Test: randoop.jodatime.RandoopTest3.test383, Intended behavior: FAILURE, when executed after: [randoop.jodatime.RandoopTest3.test382], The revealed different behavior: PASS, when executed after: [], Test: randoop.jodatime.RandoopTest0.test152, Intended behavior: FAILURE, when executed after: [randoop.jodatime.RandoopTest0.test146], The revealed different behavior: PASS, when executed after: [], Test: randoop.jodatime.RandoopTest0.test450, Intended behavior: FAILURE, when executed after: [randoop.jodatime.RandoopTest0.test406], The revealed different behavior: PASS, when executed after: [], Test: randoop.jodatime.RandoopTest0.test395, Intended behavior: FAILURE, when executed after: [randoop.jodatime.RandoopTest0.test390], The revealed different behavior: PASS, when executed after: [], Test: randoop.jodatime.RandoopTest0.test144, Intended behavior: FAILURE, when executed after: [randoop.jodatime.RandoopTest0.test141], The revealed different behavior: PASS, when executed after: [], Test: randoop.jodatime.RandoopTest0.test146, Intended behavior: FAILURE, when executed after: [randoop.jodatime.RandoopTest0.test144], The revealed different behavior: PASS, when executed after: [], Test: randoop.jodatime.RandoopTest3.test398, Intended behavior: FAILURE, when executed after: [randoop.jodatime.RandoopTest3.test389], The revealed different behavior: PASS, when executed after: [], Test: randoop.jodatime.RandoopTest3.test193, Intended behavior: FAILURE, when executed after: [randoop.jodatime.RandoopTest3.test189], The revealed different behavior: PASS, when executed after: [], Test: randoop.jodatime.RandoopTest2.test493, Intended behavior: FAILURE, when executed after: [randoop.jodatime.RandoopTest2.test490], The revealed different behavior: PASS, when executed after: [], Test: randoop.jodatime.RandoopTest0.test498, Intended behavior: FAILURE, when executed after: [randoop.jodatime.RandoopTest0.test450], The revealed different behavior: PASS, when executed after: [], Test: randoop.jodatime.RandoopTest1.test168, Intended behavior: FAILURE, when executed after: [randoop.jodatime.RandoopTest0.test498], The revealed different behavior: PASS, when executed after: [], Test: randoop.jodatime.RandoopTest0.test165, Intended behavior: FAILURE, when executed after: [randoop.jodatime.RandoopTest0.test159], The revealed different behavior: PASS, when executed after: [], Test: randoop.jodatime.RandoopTest3.test98, Intended behavior: FAILURE, when executed after: [randoop.jodatime.RandoopTest3.test96], The revealed different behavior: PASS, when executed after: [], Test: randoop.jodatime.RandoopTest0.test159, Intended behavior: FAILURE, when executed after: [randoop.jodatime.RandoopTest0.test152], The revealed different behavior: PASS, when executed after: [], Test: randoop.jodatime.RandoopTest3.test199, Intended behavior: FAILURE, when executed after: [randoop.jodatime.RandoopTest3.test196], The revealed different behavior: PASS, when executed after: [], Test: randoop.jodatime.RandoopTest0.test172, Intended behavior: FAILURE, when executed after: [randoop.jodatime.RandoopTest0.test165], The revealed different behavior: PASS, when executed after: [], Test: randoop.jodatime.RandoopTest0.test182, Intended behavior: FAILURE, when executed after: [randoop.jodatime.RandoopTest0.test181], The revealed different behavior: PASS, when executed after: [], Test: randoop.jodatime.RandoopTest0.test181, Intended behavior: FAILURE, when executed after: [randoop.jodatime.RandoopTest0.test172], The revealed different behavior: PASS, when executed after: [], Test: randoop.jodatime.RandoopTest1.test475, Intended behavior: FAILURE, when executed after: [randoop.jodatime.RandoopTest1.test467], The revealed different behavior: PASS, when executed after: [], Test: randoop.jodatime.RandoopTest0.test196, Intended behavior: FAILURE, when executed after: [randoop.jodatime.RandoopTest0.test192], The revealed different behavior: PASS, when executed after: [], Test: randoop.jodatime.RandoopTest0.test386, Intended behavior: FAILURE, when executed after: [randoop.jodatime.RandoopTest0.test378], The revealed different behavior: PASS, when executed after: [], Test: randoop.jodatime.RandoopTest0.test387, Intended behavior: FAILURE, when executed after: [randoop.jodatime.RandoopTest0.test386], The revealed different behavior: PASS, when executed after: [], Test: randoop.jodatime.RandoopTest0.test192, Intended behavior: FAILURE, when executed after: [randoop.jodatime.RandoopTest0.test188], The revealed different behavior: PASS, when executed after: [], Test: randoop.jodatime.RandoopTest0.test389, Intended behavior: FAILURE, when executed after: [randoop.jodatime.RandoopTest0.test387], The revealed different behavior: PASS, when executed after: [], Test: randoop.jodatime.RandoopTest0.test293, Intended behavior: FAILURE, when executed after: [randoop.jodatime.RandoopTest0.test283], The revealed different behavior: PASS, when executed after: [], Test: randoop.jodatime.RandoopTest4.test315, Intended behavior: FAILURE, when executed after: [randoop.jodatime.RandoopTest4.test138], The revealed different behavior: PASS, when executed after: [], Test: randoop.jodatime.RandoopTest4.test13, Intended behavior: FAILURE, when executed after: [randoop.jodatime.RandoopTest4.test5], The revealed different behavior: PASS, when executed after: [], Test: randoop.jodatime.RandoopTest3.test189, Intended behavior: FAILURE, when executed after: [randoop.jodatime.RandoopTest3.test185], The revealed different behavior: PASS, when executed after: [], Test: randoop.jodatime.RandoopTest3.test95, Intended behavior: FAILURE, when executed after: [randoop.jodatime.RandoopTest3.test92], The revealed different behavior: PASS, when executed after: [], Test: randoop.jodatime.RandoopTest0.test297, Intended behavior: FAILURE, when executed after: [randoop.jodatime.RandoopTest0.test293], The revealed different behavior: PASS, when executed after: [], Test: randoop.jodatime.RandoopTest0.test390, Intended behavior: FAILURE, when executed after: [randoop.jodatime.RandoopTest0.test389], The revealed different behavior: PASS, when executed after: [], Test: randoop.jodatime.RandoopTest0.test188, Intended behavior: FAILURE, when executed after: [randoop.jodatime.RandoopTest0.test182], The revealed different behavior: PASS, when executed after: [], Test: randoop.jodatime.RandoopTest3.test288, Intended behavior: FAILURE, when executed after: [randoop.jodatime.RandoopTest3.test280], The revealed different behavior: PASS, when executed after: [], Test: randoop.jodatime.RandoopTest2.test58, Intended behavior: FAILURE, when executed after: [randoop.jodatime.RandoopTest1.test475], The revealed different behavior: PASS, when executed after: [], Test: randoop.jodatime.RandoopTest4.test138, Intended behavior: FAILURE, when executed after: [randoop.jodatime.RandoopTest4.test13], The revealed different behavior: PASS, when executed after: [], Test: randoop.jodatime.RandoopTest3.test411, Intended behavior: FAILURE, when executed after: [randoop.jodatime.RandoopTest3.test409], The revealed different behavior: PASS, when executed after: [], Test: randoop.jodatime.RandoopTest3.test419, Intended behavior: FAILURE, when executed after: [randoop.jodatime.RandoopTest3.test418], The revealed different behavior: PASS, when executed after: [], Test: randoop.jodatime.RandoopTest3.test407, Intended behavior: FAILURE, when executed after: [randoop.jodatime.RandoopTest3.test403], The revealed different behavior: PASS, when executed after: [], Test: randoop.jodatime.RandoopTest3.test299, Intended behavior: FAILURE, when executed after: [randoop.jodatime.RandoopTest3.test297], The revealed different behavior: PASS, when executed after: [], Test: randoop.jodatime.RandoopTest0.test267, Intended behavior: FAILURE, when executed after: [randoop.jodatime.RandoopTest0.test260], The revealed different behavior: PASS, when executed after: [], Test: randoop.jodatime.RandoopTest4.test434, Intended behavior: FAILURE, when executed after: [randoop.jodatime.RandoopTest4.test315], The revealed different behavior: PASS, when executed after: [], Test: randoop.jodatime.RandoopTest3.test185, Intended behavior: FAILURE, when executed after: [randoop.jodatime.RandoopTest3.test184], The revealed different behavior: PASS, when executed after: [], Test: randoop.jodatime.RandoopTest3.test99, Intended behavior: FAILURE, when executed after: [randoop.jodatime.RandoopTest3.test98], The revealed different behavior: PASS, when executed after: [], Test: randoop.jodatime.RandoopTest3.test84, Intended behavior: FAILURE, when executed after: [randoop.jodatime.RandoopTest3.test81], The revealed different behavior: PASS, when executed after: [], Test: randoop.jodatime.RandoopTest3.test294, Intended behavior: FAILURE, when executed after: [randoop.jodatime.RandoopTest3.test292], The revealed different behavior: PASS, when executed after: [], Test: randoop.jodatime.RandoopTest3.test292, Intended behavior: FAILURE, when executed after: [randoop.jodatime.RandoopTest3.test288], The revealed different behavior: PASS, when executed after: [], Test: randoop.jodatime.RandoopTest3.test144, Intended behavior: FAILURE, when executed after: [randoop.jodatime.RandoopTest3.test142], The revealed different behavior: PASS, when executed after: [], Test: randoop.jodatime.RandoopTest3.test409, Intended behavior: FAILURE, when executed after: [randoop.jodatime.RandoopTest3.test407], The revealed different behavior: PASS, when executed after: [], Test: randoop.jodatime.RandoopTest3.test161, Intended behavior: FAILURE, when executed after: [randoop.jodatime.RandoopTest3.test159], The revealed different behavior: PASS, when executed after: [], Test: randoop.jodatime.RandoopTest3.test159, Intended behavior: FAILURE, when executed after: [randoop.jodatime.RandoopTest3.test152], The revealed different behavior: PASS, when executed after: [], Test: randoop.jodatime.RandoopTest3.test170, Intended behavior: FAILURE, when executed after: [randoop.jodatime.RandoopTest3.test166], The revealed different behavior: PASS, when executed after: [], Test: randoop.jodatime.RandoopTest3.test163, Intended behavior: FAILURE, when executed after: [randoop.jodatime.RandoopTest3.test161], The revealed different behavior: PASS, when executed after: [], Test: randoop.jodatime.RandoopTest3.test269, Intended behavior: FAILURE, when executed after: [randoop.jodatime.RandoopTest3.test266], The revealed different behavior: PASS, when executed after: [], Test: randoop.jodatime.RandoopTest3.test266, Intended behavior: FAILURE, when executed after: [randoop.jodatime.RandoopTest3.test263], The revealed different behavior: PASS, when executed after: [], Test: randoop.jodatime.RandoopTest3.test263, Intended behavior: FAILURE, when executed after: [randoop.jodatime.RandoopTest3.test262], The revealed different behavior: PASS, when executed after: [], Test: randoop.jodatime.RandoopTest5.test35, Intended behavior: FAILURE, when executed after: [randoop.jodatime.RandoopTest4.test434], The revealed different behavior: PASS, when executed after: [], Test: randoop.jodatime.RandoopTest3.test196, Intended behavior: FAILURE, when executed after: [randoop.jodatime.RandoopTest3.test195], The revealed different behavior: PASS, when executed after: [], Test: randoop.jodatime.RandoopTest2.test495, Intended behavior: FAILURE, when executed after: [randoop.jodatime.RandoopTest2.test493], The revealed different behavior: PASS, when executed after: [], Test: randoop.jodatime.RandoopTest3.test87, Intended behavior: FAILURE, when executed after: [randoop.jodatime.RandoopTest3.test84], The revealed different behavior: PASS, when executed after: [], Test: randoop.jodatime.RandoopTest3.test150, Intended behavior: FAILURE, when executed after: [randoop.jodatime.RandoopTest3.test148], The revealed different behavior: PASS, when executed after: [], Test: randoop.jodatime.RandoopTest3.test413, Intended behavior: FAILURE, when executed after: [randoop.jodatime.RandoopTest3.test411], The revealed different behavior: PASS, when executed after: [], Test: randoop.jodatime.RandoopTest3.test148, Intended behavior: FAILURE, when executed after: [randoop.jodatime.RandoopTest3.test144], The revealed different behavior: PASS, when executed after: [], Test: randoop.jodatime.RandoopTest3.test142, Intended behavior: FAILURE, when executed after: [randoop.jodatime.RandoopTest3.test138], The revealed different behavior: PASS, when executed after: [], Test: randoop.jodatime.RandoopTest3.test403, Intended behavior: FAILURE, when executed after: [randoop.jodatime.RandoopTest3.test398], The revealed different behavior: PASS, when executed after: [], Test: randoop.jodatime.RandoopTest2.test500, Intended behavior: FAILURE, when executed after: [randoop.jodatime.RandoopTest2.test495], The revealed different behavior: PASS, when executed after: [], Test: randoop.jodatime.RandoopTest3.test152, Intended behavior: FAILURE, when executed after: [randoop.jodatime.RandoopTest3.test151], The revealed different behavior: PASS, when executed after: [], Test: randoop.jodatime.RandoopTest3.test297, Intended behavior: FAILURE, when executed after: [randoop.jodatime.RandoopTest3.test294], The revealed different behavior: PASS, when executed after: [], Test: randoop.jodatime.RandoopTest3.test166, Intended behavior: FAILURE, when executed after: [randoop.jodatime.RandoopTest3.test163], The revealed different behavior: PASS, when executed after: [], Test: randoop.jodatime.RandoopTest3.test262, Intended behavior: FAILURE, when executed after: [randoop.jodatime.RandoopTest3.test259], The revealed different behavior: PASS, when executed after: [], Test: randoop.jodatime.RandoopTest3.test184, Intended behavior: FAILURE, when executed after: [randoop.jodatime.RandoopTest3.test182], The revealed different behavior: PASS, when executed after: [], Test: randoop.jodatime.RandoopTest3.test176, Intended behavior: FAILURE, when executed after: [randoop.jodatime.RandoopTest3.test173], The revealed different behavior: PASS, when executed after: [], Test: randoop.jodatime.RandoopTest0.test283, Intended behavior: FAILURE, when executed after: [randoop.jodatime.RandoopTest0.test282], The revealed different behavior: PASS, when executed after: [], Test: randoop.jodatime.RandoopTest0.test282, Intended behavior: FAILURE, when executed after: [randoop.jodatime.RandoopTest0.test267], The revealed different behavior: PASS, when executed after: [], Test: randoop.jodatime.RandoopTest3.test277, Intended behavior: FAILURE, when executed after: [randoop.jodatime.RandoopTest3.test275], The revealed different behavior: PASS, when executed after: [], Test: randoop.jodatime.RandoopTest3.test274, Intended behavior: FAILURE, when executed after: [randoop.jodatime.RandoopTest3.test272], The revealed different behavior: PASS, when executed after: [], Test: randoop.jodatime.RandoopTest3.test275, Intended behavior: FAILURE, when executed after: [randoop.jodatime.RandoopTest3.test274], The revealed different behavior: PASS, when executed after: [], Test: randoop.jodatime.RandoopTest3.test242, Intended behavior: FAILURE, when executed after: [randoop.jodatime.RandoopTest3.test241], The revealed different behavior: PASS, when executed after: [], Test: randoop.jodatime.RandoopTest3.test105, Intended behavior: FAILURE, when executed after: [randoop.jodatime.RandoopTest3.test102], The revealed different behavior: PASS, when executed after: [], Test: randoop.jodatime.RandoopTest0.test360, Intended behavior: FAILURE, when executed after: [randoop.jodatime.RandoopTest0.test347], The revealed different behavior: PASS, when executed after: [], Test: randoop.jodatime.RandoopTest0.test361, Intended behavior: FAILURE, when executed after: [randoop.jodatime.RandoopTest0.test360], The revealed different behavior: PASS, when executed after: [], Test: randoop.jodatime.RandoopTest3.test106, Intended behavior: FAILURE, when executed after: [randoop.jodatime.RandoopTest3.test105], The revealed different behavior: PASS, when executed after: [], Test: randoop.jodatime.RandoopTest3.test107, Intended behavior: FAILURE, when executed after: [randoop.jodatime.RandoopTest3.test106], The revealed different behavior: PASS, when executed after: [], Test: randoop.jodatime.RandoopTest3.test246, Intended behavior: FAILURE, when executed after: [randoop.jodatime.RandoopTest3.test242], The revealed different behavior: PASS, when executed after: [], Test: randoop.jodatime.RandoopTest3.test108, Intended behavior: FAILURE, when executed after: [randoop.jodatime.RandoopTest3.test107], The revealed different behavior: PASS, when executed after: [], Test: randoop.jodatime.RandoopTest3.test247, Intended behavior: FAILURE, when executed after: [randoop.jodatime.RandoopTest3.test246], The revealed different behavior: PASS, when executed after: [], Test: randoop.jodatime.RandoopTest3.test34, Intended behavior: FAILURE, when executed after: [randoop.jodatime.RandoopTest3.test32], The revealed different behavior: PASS, when executed after: [], Test: randoop.jodatime.RandoopTest3.test102, Intended behavior: FAILURE, when executed after: [randoop.jodatime.RandoopTest3.test99], The revealed different behavior: PASS, when executed after: [], Test: randoop.jodatime.RandoopTest0.test260, Intended behavior: FAILURE, when executed after: [randoop.jodatime.RandoopTest0.test258], The revealed different behavior: PASS, when executed after: [], Test: randoop.jodatime.RandoopTest3.test447, Intended behavior: FAILURE, when executed after: [randoop.jodatime.RandoopTest3.test446], The revealed different behavior: PASS, when executed after: [], Test: randoop.jodatime.RandoopTest0.test258, Intended behavior: FAILURE, when executed after: [randoop.jodatime.RandoopTest0.test252], The revealed different behavior: PASS, when executed after: [], Test: randoop.jodatime.RandoopTest3.test301, Intended behavior: FAILURE, when executed after: [randoop.jodatime.RandoopTest3.test300], The revealed different behavior: PASS, when executed after: [], Test: randoop.jodatime.RandoopTest3.test308, Intended behavior: FAILURE, when executed after: [randoop.jodatime.RandoopTest3.test304], The revealed different behavior: PASS, when executed after: [], Test: randoop.jodatime.RandoopTest3.test441, Intended behavior: FAILURE, when executed after: [randoop.jodatime.RandoopTest3.test435], The revealed different behavior: PASS, when executed after: [], Test: randoop.jodatime.RandoopTest3.test309, Intended behavior: FAILURE, when executed after: [randoop.jodatime.RandoopTest3.test308], The revealed different behavior: PASS, when executed after: [], Test: randoop.jodatime.RandoopTest3.test304, Intended behavior: FAILURE, when executed after: [randoop.jodatime.RandoopTest3.test301], The revealed different behavior: PASS, when executed after: [], Test: randoop.jodatime.RandoopTest3.test445, Intended behavior: FAILURE, when executed after: [randoop.jodatime.RandoopTest3.test442], The revealed different behavior: PASS, when executed after: [], Test: randoop.jodatime.RandoopTest3.test252, Intended behavior: FAILURE, when executed after: [randoop.jodatime.RandoopTest3.test249], The revealed different behavior: PASS, when executed after: [], Test: randoop.jodatime.RandoopTest3.test118, Intended behavior: FAILURE, when executed after: [randoop.jodatime.RandoopTest3.test116], The revealed different behavior: PASS, when executed after: [], Test: randoop.jodatime.RandoopTest3.test258, Intended behavior: FAILURE, when executed after: [randoop.jodatime.RandoopTest3.test257], The revealed different behavior: PASS, when executed after: [], Test: randoop.jodatime.RandoopTest0.test252, Intended behavior: FAILURE, when executed after: [randoop.jodatime.RandoopTest0.test251], The revealed different behavior: PASS, when executed after: [], Test: randoop.jodatime.RandoopTest3.test115, Intended behavior: FAILURE, when executed after: [randoop.jodatime.RandoopTest3.test113], The revealed different behavior: PASS, when executed after: [], Test: randoop.jodatime.RandoopTest0.test251, Intended behavior: FAILURE, when executed after: [randoop.jodatime.RandoopTest0.test247], The revealed different behavior: PASS, when executed after: [], Test: randoop.jodatime.RandoopTest3.test313, Intended behavior: FAILURE, when executed after: [randoop.jodatime.RandoopTest3.test312], The revealed different behavior: PASS, when executed after: [], Test: randoop.jodatime.RandoopTest3.test312, Intended behavior: FAILURE, when executed after: [randoop.jodatime.RandoopTest3.test309], The revealed different behavior: PASS, when executed after: [], Test: randoop.jodatime.RandoopTest0.test247, Intended behavior: FAILURE, when executed after: [randoop.jodatime.RandoopTest0.test246], The revealed different behavior: PASS, when executed after: [], Test: randoop.jodatime.RandoopTest0.test246, Intended behavior: FAILURE, when executed after: [randoop.jodatime.RandoopTest0.test235], The revealed different behavior: PASS, when executed after: [], Test: randoop.jodatime.RandoopTest3.test46, Intended behavior: FAILURE, when executed after: [randoop.jodatime.RandoopTest3.test40], The revealed different behavior: PASS, when executed after: [], Test: randoop.jodatime.RandoopTest3.test452, Intended behavior: FAILURE, when executed after: [randoop.jodatime.RandoopTest3.test451], The revealed different behavior: PASS, when executed after: [], Test: randoop.jodatime.RandoopTest3.test451, Intended behavior: FAILURE, when executed after: [randoop.jodatime.RandoopTest3.test447], The revealed different behavior: PASS, when executed after: [], Test: randoop.jodatime.RandoopTest3.test316, Intended behavior: FAILURE, when executed after: [randoop.jodatime.RandoopTest3.test313], The revealed different behavior: PASS, when executed after: [], Test: randoop.jodatime.RandoopTest3.test455, Intended behavior: FAILURE, when executed after: [randoop.jodatime.RandoopTest3.test454], The revealed different behavior: PASS, when executed after: [], Test: randoop.jodatime.RandoopTest0.test347, Intended behavior: FAILURE, when executed after: [randoop.jodatime.RandoopTest0.test346], The revealed different behavior: PASS, when executed after: [], Test: randoop.jodatime.RandoopTest3.test454, Intended behavior: FAILURE, when executed after: [randoop.jodatime.RandoopTest3.test452], The revealed different behavior: PASS, when executed after: [], Test: randoop.jodatime.RandoopTest0.test346, Intended behavior: FAILURE, when executed after: [randoop.jodatime.RandoopTest0.test338], The revealed different behavior: PASS, when executed after: [], Test: randoop.jodatime.RandoopTest3.test223, Intended behavior: FAILURE, when executed after: [randoop.jodatime.RandoopTest3.test220], The revealed different behavior: PASS, when executed after: [], Test: randoop.jodatime.RandoopTest3.test128, Intended behavior: FAILURE, when executed after: [randoop.jodatime.RandoopTest3.test125], The revealed different behavior: PASS, when executed after: [], Test: randoop.jodatime.RandoopTest3.test129, Intended behavior: FAILURE, when executed after: [randoop.jodatime.RandoopTest3.test128], The revealed different behavior: PASS, when executed after: [], Test: randoop.jodatime.RandoopTest3.test220, Intended behavior: FAILURE, when executed after: [randoop.jodatime.RandoopTest3.test219], The revealed different behavior: PASS, when executed after: [], Test: randoop.jodatime.RandoopTest3.test121, Intended behavior: FAILURE, when executed after: [randoop.jodatime.RandoopTest3.test118], The revealed different behavior: PASS, when executed after: [], Test: randoop.jodatime.RandoopTest3.test226, Intended behavior: FAILURE, when executed after: [randoop.jodatime.RandoopTest3.test223], The revealed different behavior: PASS, when executed after: [], Test: randoop.jodatime.RandoopTest3.test124, Intended behavior: FAILURE, when executed after: [randoop.jodatime.RandoopTest3.test121], The revealed different behavior: PASS, when executed after: [], Test: randoop.jodatime.RandoopTest3.test125, Intended behavior: FAILURE, when executed after: [randoop.jodatime.RandoopTest3.test124], The revealed different behavior: PASS, when executed after: [], Test: randoop.jodatime.RandoopTest1.test354, Intended behavior: FAILURE, when executed after: [randoop.jodatime.RandoopTest1.test168], The revealed different behavior: PASS, when executed after: [], Test: randoop.jodatime.RandoopTest3.test320, Intended behavior: FAILURE, when executed after: [randoop.jodatime.RandoopTest3.test316], The revealed different behavior: PASS, when executed after: [], Test: randoop.jodatime.RandoopTest3.test57, Intended behavior: FAILURE, when executed after: [randoop.jodatime.RandoopTest3.test56], The revealed different behavior: PASS, when executed after: [], Test: randoop.jodatime.RandoopTest0.test235, Intended behavior: FAILURE, when executed after: [randoop.jodatime.RandoopTest0.test229], The revealed different behavior: PASS, when executed after: [], Test: randoop.jodatime.RandoopTest3.test424, Intended behavior: FAILURE, when executed after: [randoop.jodatime.RandoopTest3.test420], The revealed different behavior: PASS, when executed after: [], Test: randoop.jodatime.RandoopTest3.test324, Intended behavior: FAILURE, when executed after: [randoop.jodatime.RandoopTest3.test320], The revealed different behavior: PASS, when executed after: [], Test: randoop.jodatime.RandoopTest3.test426, Intended behavior: FAILURE, when executed after: [randoop.jodatime.RandoopTest3.test424], The revealed different behavior: PASS, when executed after: [], Test: randoop.jodatime.RandoopTest3.test327, Intended behavior: FAILURE, when executed after: [randoop.jodatime.RandoopTest3.test326], The revealed different behavior: PASS, when executed after: [], Test: randoop.jodatime.RandoopTest0.test376, Intended behavior: FAILURE, when executed after: [randoop.jodatime.RandoopTest0.test370], The revealed different behavior: PASS, when executed after: [], Test: randoop.jodatime.RandoopTest0.test378, Intended behavior: FAILURE, when executed after: [randoop.jodatime.RandoopTest0.test376], The revealed different behavior: PASS, when executed after: [], Test: randoop.jodatime.RandoopTest3.test138, Intended behavior: FAILURE, when executed after: [randoop.jodatime.RandoopTest3.test132], The revealed different behavior: PASS, when executed after: [], Test: randoop.jodatime.RandoopTest3.test233, Intended behavior: FAILURE, when executed after: [randoop.jodatime.RandoopTest3.test232], The revealed different behavior: PASS, when executed after: [], Test: randoop.jodatime.RandoopTest0.test370, Intended behavior: FAILURE, when executed after: [randoop.jodatime.RandoopTest0.test369], The revealed different behavior: PASS, when executed after: [], Test: randoop.jodatime.RandoopTest3.test232, Intended behavior: FAILURE, when executed after: [randoop.jodatime.RandoopTest3.test226], The revealed different behavior: PASS, when executed after: [], Test: randoop.jodatime.RandoopTest3.test132, Intended behavior: FAILURE, when executed after: [randoop.jodatime.RandoopTest3.test130], The revealed different behavior: PASS, when executed after: [], Test: randoop.jodatime.RandoopTest3.test130, Intended behavior: FAILURE, when executed after: [randoop.jodatime.RandoopTest3.test129], The revealed different behavior: PASS, when executed after: [], Test: randoop.jodatime.RandoopTest3.test239, Intended behavior: FAILURE, when executed after: [randoop.jodatime.RandoopTest3.test233], The revealed different behavior: PASS, when executed after: [], Test: randoop.jodatime.RandoopTest3.test330, Intended behavior: FAILURE, when executed after: [randoop.jodatime.RandoopTest3.test327], The revealed different behavior: PASS, when executed after: [], Test: randoop.jodatime.RandoopTest3.test333, Intended behavior: FAILURE, when executed after: [randoop.jodatime.RandoopTest3.test332], The revealed different behavior: PASS, when executed after: [], Test: randoop.jodatime.RandoopTest0.test226, Intended behavior: FAILURE, when executed after: [randoop.jodatime.RandoopTest0.test208], The revealed different behavior: PASS, when executed after: [], Test: randoop.jodatime.RandoopTest3.test332, Intended behavior: FAILURE, when executed after: [randoop.jodatime.RandoopTest3.test330], The revealed different behavior: PASS, when executed after: [], Test: randoop.jodatime.RandoopTest3.test435, Intended behavior: FAILURE, when executed after: [randoop.jodatime.RandoopTest3.test434], The revealed different behavior: PASS, when executed after: [], Test: randoop.jodatime.RandoopTest3.test434, Intended behavior: FAILURE, when executed after: [randoop.jodatime.RandoopTest3.test432], The revealed different behavior: PASS, when executed after: [], Test: randoop.jodatime.RandoopTest3.test338, Intended behavior: FAILURE, when executed after: [randoop.jodatime.RandoopTest3.test336], The revealed different behavior: PASS, when executed after: [], Test: randoop.jodatime.RandoopTest0.test369, Intended behavior: FAILURE, when executed after: [randoop.jodatime.RandoopTest0.test361], The revealed different behavior: PASS, when executed after: [], Test: randoop.jodatime.RandoopTest3.test336, Intended behavior: FAILURE, when executed after: [randoop.jodatime.RandoopTest3.test333], The revealed different behavior: PASS, when executed after: [], Test: randoop.jodatime.RandoopTest0.test229, Intended behavior: FAILURE, when executed after: [randoop.jodatime.RandoopTest0.test226], The revealed different behavior: PASS, when executed after: [], Test: randoop.jodatime.RandoopTest3.test205, Intended behavior: FAILURE, when executed after: [randoop.jodatime.RandoopTest3.test201], The revealed different behavior: PASS, when executed after: [], Test: randoop.jodatime.RandoopTest3.test201, Intended behavior: FAILURE, when executed after: [randoop.jodatime.RandoopTest3.test199], The revealed different behavior: PASS, when executed after: [], Test: randoop.jodatime.RandoopTest0.test135, Intended behavior: FAILURE, when executed after: [randoop.jodatime.RandoopTest0.test115], The revealed different behavior: PASS, when executed after: [], Test: randoop.jodatime.RandoopTest3.test492, Intended behavior: FAILURE, when executed after: [randoop.jodatime.RandoopTest3.test487], The revealed different behavior: PASS, when executed after: [], Test: randoop.jodatime.RandoopTest0.test314, Intended behavior: FAILURE, when executed after: [randoop.jodatime.RandoopTest0.test306], The revealed different behavior: PASS, when executed after: [], Test: randoop.jodatime.RandoopTest3.test487, Intended behavior: FAILURE, when executed after: [randoop.jodatime.RandoopTest3.test481], The revealed different behavior: PASS, when executed after: [], Test: randoop.jodatime.RandoopTest3.test345, Intended behavior: FAILURE, when executed after: [randoop.jodatime.RandoopTest3.test338], The revealed different behavior: PASS, when executed after: [], Test: randoop.jodatime.RandoopTest0.test406, Intended behavior: FAILURE, when executed after: [randoop.jodatime.RandoopTest0.test395], The revealed different behavior: PASS, when executed after: [], Test: randoop.jodatime.RandoopTest3.test219, Intended behavior: FAILURE, when executed after: [randoop.jodatime.RandoopTest3.test210], The revealed different behavior: PASS, when executed after: [], Test: randoop.jodatime.RandoopTest3.test210, Intended behavior: FAILURE, when executed after: [randoop.jodatime.RandoopTest3.test208], The revealed different behavior: PASS, when executed after: [], Test: randoop.jodatime.RandoopTest3.test496, Intended behavior: FAILURE, when executed after: [randoop.jodatime.RandoopTest3.test492], The revealed different behavior: PASS, when executed after: [], Test: randoop.jodatime.RandoopTest0.test304, Intended behavior: FAILURE, when executed after: [randoop.jodatime.RandoopTest0.test297], The revealed different behavior: PASS, when executed after: [], Test: randoop.jodatime.RandoopTest3.test497, Intended behavior: FAILURE, when executed after: [randoop.jodatime.RandoopTest3.test496], The revealed different behavior: PASS, when executed after: [], Test: randoop.jodatime.RandoopTest3.test498, Intended behavior: FAILURE, when executed after: [randoop.jodatime.RandoopTest3.test497], The revealed different behavior: PASS, when executed after: [], Test: randoop.jodatime.RandoopTest0.test208, Intended behavior: FAILURE, when executed after: [randoop.jodatime.RandoopTest0.test196], The revealed different behavior: PASS, when executed after: [], Test: randoop.jodatime.RandoopTest3.test356, Intended behavior: FAILURE, when executed after: [randoop.jodatime.RandoopTest3.test352], The revealed different behavior: PASS, when executed after: [], Test: randoop.jodatime.RandoopTest0.test306, Intended behavior: FAILURE, when executed after: [randoop.jodatime.RandoopTest0.test304], The revealed different behavior: PASS, when executed after: [], Test: randoop.jodatime.RandoopTest3.test352, Intended behavior: FAILURE, when executed after: [randoop.jodatime.RandoopTest3.test347], The revealed different behavior: PASS, when executed after: [], Test: randoop.jodatime.RandoopTest3.test8, Intended behavior: FAILURE, when executed after: [randoop.jodatime.RandoopTest3.test7], The revealed different behavior: PASS, when executed after: [], Test: randoop.jodatime.RandoopTest3.test7, Intended behavior: FAILURE, when executed after: [randoop.jodatime.RandoopTest3.test1], The revealed different behavior: PASS, when executed after: [], Test: randoop.jodatime.RandoopTest3.test12, Intended behavior: FAILURE, when executed after: [randoop.jodatime.RandoopTest3.test9], The revealed different behavior: PASS, when executed after: [], Test: randoop.jodatime.RandoopTest3.test470, Intended behavior: FAILURE, when executed after: [randoop.jodatime.RandoopTest3.test467], The revealed different behavior: PASS, when executed after: [], Test: randoop.jodatime.RandoopTest0.test141, Intended behavior: FAILURE, when executed after: [randoop.jodatime.RandoopTest0.test135], The revealed different behavior: PASS, when executed after: [], Test: randoop.jodatime.RandoopTest0.test338, Intended behavior: FAILURE, when executed after: [randoop.jodatime.RandoopTest0.test325], The revealed different behavior: PASS, when executed after: [], Test: randoop.jodatime.RandoopTest3.test462, Intended behavior: FAILURE, when executed after: [randoop.jodatime.RandoopTest3.test457], The revealed different behavior: PASS, when executed after: [], Test: randoop.jodatime.RandoopTest3.test14, Intended behavior: FAILURE, when executed after: [randoop.jodatime.RandoopTest3.test12], The revealed different behavior: PASS, when executed after: [], Test: randoop.jodatime.RandoopTest3.test365, Intended behavior: FAILURE, when executed after: [randoop.jodatime.RandoopTest3.test356], The revealed different behavior: PASS, when executed after: [], Test: randoop.jodatime.RandoopTest3.test382, Intended behavior: FAILURE, when executed after: [randoop.jodatime.RandoopTest3.test381], The revealed different behavior: PASS, when executed after: [], Test: randoop.jodatime.RandoopTest3.test381, Intended behavior: FAILURE, when executed after: [randoop.jodatime.RandoopTest3.test380], The revealed different behavior: PASS, when executed after: [], Test: randoop.jodatime.RandoopTest3.test22, Intended behavior: FAILURE, when executed after: [randoop.jodatime.RandoopTest3.test16], The revealed different behavior: PASS, when executed after: [], Test: randoop.jodatime.RandoopTest3.test380, Intended behavior: FAILURE, when executed after: [randoop.jodatime.RandoopTest3.test376], The revealed different behavior: PASS, when executed after: [], Test: randoop.jodatime.RandoopTest3.test481, Intended behavior: FAILURE, when executed after: [randoop.jodatime.RandoopTest3.test471], The revealed different behavior: PASS, when executed after: [], Test: randoop.jodatime.RandoopTest0.test325, Intended behavior: FAILURE, when executed after: [randoop.jodatime.RandoopTest0.test320], The revealed different behavior: PASS, when executed after: [], Test: randoop.jodatime.RandoopTest0.test320, Intended behavior: FAILURE, when executed after: [randoop.jodatime.RandoopTest0.test314], The revealed different behavior: PASS, when executed after: [], Test: randoop.jodatime.RandoopTest3.test471, Intended behavior: FAILURE, when executed after: [randoop.jodatime.RandoopTest3.test470], The revealed different behavior: PASS, when executed after: [], Test: randoop.jodatime.RandoopTest3.test375, Intended behavior: FAILURE, when executed after: [randoop.jodatime.RandoopTest3.test365], The revealed different behavior: PASS, when executed after: [], Test: randoop.jodatime.RandoopTest3.test29, Intended behavior: FAILURE, when executed after: [randoop.jodatime.RandoopTest3.test28], The revealed different behavior: PASS, when executed after: [], Test: randoop.jodatime.RandoopTest3.test28, Intended behavior: FAILURE, when executed after: [randoop.jodatime.RandoopTest3.test22], The revealed different behavior: PASS, when executed after: [], Test: randoop.jodatime.RandoopTest3.test376, Intended behavior: FAILURE, when executed after: [randoop.jodatime.RandoopTest3.test375], The revealed different behavior: PASS, when executed after: [], Test: randoop.jodatime.RandoopTest3.test241, Intended behavior: FAILURE, when executed after: [randoop.jodatime.RandoopTest3.test239], The revealed different behavior: PASS, when executed after: [], Test: randoop.jodatime.RandoopTest3.test272, Intended behavior: FAILURE, when executed after: [randoop.jodatime.RandoopTest3.test270], The revealed different behavior: PASS, when executed after: [], Test: randoop.jodatime.RandoopTest2.test85, Intended behavior: FAILURE, when executed after: [randoop.jodatime.RandoopTest2.test58], The revealed different behavior: PASS, when executed after: [], Test: randoop.jodatime.RandoopTest3.test270, Intended behavior: FAILURE, when executed after: [randoop.jodatime.RandoopTest3.test269], The revealed different behavior: PASS, when executed after: [], Test: randoop.jodatime.RandoopTest3.test208, Intended behavior: FAILURE, when executed after: [randoop.jodatime.RandoopTest3.test205], The revealed different behavior: PASS, when executed after: [], Test: randoop.jodatime.RandoopTest3.test81, Intended behavior: FAILURE, when executed after: [randoop.jodatime.RandoopTest3.test65], The revealed different behavior: PASS, when executed after: [], Test: randoop.jodatime.RandoopTest3.test52, Intended behavior: FAILURE, when executed after: [randoop.jodatime.RandoopTest3.test46], The revealed different behavior: PASS, when executed after: [], Test: randoop.jodatime.RandoopTest3.test417, Intended behavior: FAILURE, when executed after: [randoop.jodatime.RandoopTest3.test413], The revealed different behavior: PASS, when executed after: [], Test: randoop.jodatime.RandoopTest3.test249, Intended behavior: FAILURE, when executed after: [randoop.jodatime.RandoopTest3.test247], The revealed different behavior: PASS, when executed after: [], Test: randoop.jodatime.RandoopTest3.test151, Intended behavior: FAILURE, when executed after: [randoop.jodatime.RandoopTest3.test150], The revealed different behavior: PASS, when executed after: [], Test: randoop.jodatime.RandoopTest3.test418, Intended behavior: FAILURE, when executed after: [randoop.jodatime.RandoopTest3.test417], The revealed different behavior: PASS, when executed after: [], Test: randoop.jodatime.RandoopTest3.test32, Intended behavior: FAILURE, when executed after: [randoop.jodatime.RandoopTest3.test29], The revealed different behavior: PASS, when executed after: [], Test: randoop.jodatime.RandoopTest3.test56, Intended behavior: FAILURE, when executed after: [randoop.jodatime.RandoopTest3.test54], The revealed different behavior: PASS, when executed after: [], Test: randoop.jodatime.RandoopTest3.test173, Intended behavior: FAILURE, when executed after: [randoop.jodatime.RandoopTest3.test170], The revealed different behavior: PASS, when executed after: [], Test: randoop.jodatime.RandoopTest3.test54, Intended behavior: FAILURE, when executed after: [randoop.jodatime.RandoopTest3.test52], The revealed different behavior: PASS, when executed after: [], Test: randoop.jodatime.RandoopTest3.test300, Intended behavior: FAILURE, when executed after: [randoop.jodatime.RandoopTest3.test299], The revealed different behavior: PASS, when executed after: [], Test: randoop.jodatime.RandoopTest3.test446, Intended behavior: FAILURE, when executed after: [randoop.jodatime.RandoopTest3.test445], The revealed different behavior: PASS, when executed after: [], Test: randoop.jodatime.RandoopTest3.test58, Intended behavior: FAILURE, when executed after: [randoop.jodatime.RandoopTest3.test57], The revealed different behavior: PASS, when executed after: [], Test: randoop.jodatime.RandoopTest3.test467, Intended behavior: FAILURE, when executed after: [randoop.jodatime.RandoopTest3.test462], The revealed different behavior: PASS, when executed after: [], Test: randoop.jodatime.RandoopTest3.test347, Intended behavior: FAILURE, when executed after: [randoop.jodatime.RandoopTest3.test346], The revealed different behavior: PASS, when executed after: [], Test: randoop.jodatime.RandoopTest3.test36, Intended behavior: FAILURE, when executed after: [randoop.jodatime.RandoopTest3.test34], The revealed different behavior: PASS, when executed after: [], Test: randoop.jodatime.RandoopTest3.test326, Intended behavior: FAILURE, when executed after: [randoop.jodatime.RandoopTest3.test324], The revealed different behavior: PASS, when executed after: [], Test: randoop.jodatime.RandoopTest3.test16, Intended behavior: FAILURE, when executed after: [randoop.jodatime.RandoopTest3.test14], The revealed different behavior: PASS, when executed after: [], Test: randoop.jodatime.RandoopTest3.test420, Intended behavior: FAILURE, when executed after: [randoop.jodatime.RandoopTest3.test419], The revealed different behavior: PASS, when executed after: [], Test: randoop.jodatime.RandoopTest3.test346, Intended behavior: FAILURE, when executed after: [randoop.jodatime.RandoopTest3.test345], The revealed different behavior: PASS, when executed after: [], Test: randoop.jodatime.RandoopTest3.test442, Intended behavior: FAILURE, when executed after: [randoop.jodatime.RandoopTest3.test441], The revealed different behavior: PASS, when executed after: [], Test: randoop.jodatime.RandoopTest3.test280, Intended behavior: FAILURE, when executed after: [randoop.jodatime.RandoopTest3.test277], The revealed different behavior: PASS, when executed after: [], Test: randoop.jodatime.RandoopTest3.test92, Intended behavior: FAILURE, when executed after: [randoop.jodatime.RandoopTest3.test87], The revealed different behavior: PASS, when executed after: [], Test: randoop.jodatime.RandoopTest3.test257, Intended behavior: FAILURE, when executed after: [randoop.jodatime.RandoopTest3.test252], The revealed different behavior: PASS, when executed after: [], Test: randoop.jodatime.RandoopTest4.test4, Intended behavior: FAILURE, when executed after: [randoop.jodatime.RandoopTest3.test498], The revealed different behavior: PASS, when executed after: [], Test: randoop.jodatime.RandoopTest3.test116, Intended behavior: FAILURE, when executed after: [randoop.jodatime.RandoopTest3.test115], The revealed different behavior: PASS, when executed after: [], Test: randoop.jodatime.RandoopTest3.test259, Intended behavior: FAILURE, when executed after: [randoop.jodatime.RandoopTest3.test258], The revealed different behavior: PASS, when executed after: [], Test: randoop.jodatime.RandoopTest4.test5, Intended behavior: FAILURE, when executed after: [randoop.jodatime.RandoopTest4.test4], The revealed different behavior: PASS, when executed after: [], Test: randoop.jodatime.RandoopTest3.test113, Intended behavior: FAILURE, when executed after: [randoop.jodatime.RandoopTest3.test108], The revealed different behavior: PASS, when executed after: [], Test: randoop.jodatime.RandoopTest3.test65, Intended behavior: FAILURE, when executed after: [randoop.jodatime.RandoopTest3.test58], The revealed different behavior: PASS, when executed after: [], Test: randoop.jodatime.RandoopTest3.test182, Intended behavior: FAILURE, when executed after: [randoop.jodatime.RandoopTest3.test176], The revealed different behavior: PASS, when executed after: [], Test: randoop.jodatime.RandoopTest3.test40, Intended behavior: FAILURE, when executed after: [randoop.jodatime.RandoopTest3.test36], The revealed different behavior: PASS, when executed after: [], Test: randoop.jodatime.RandoopTest3.test96, Intended behavior: FAILURE, when executed after: [randoop.jodatime.RandoopTest3.test95], The revealed different behavior: PASS, when executed after: [], Test: randoop.jodatime.RandoopTest3.test457, Intended behavior: FAILURE, when executed after: [randoop.jodatime.RandoopTest3.test455], The revealed different behavior: PASS, when executed after: [], Test: randoop.jodatime.RandoopTest2.test376, Intended behavior: FAILURE, when executed after: [randoop.jodatime.RandoopTest2.test310], The revealed different behavior: PASS, when executed after: [], Test: randoop.jodatime.RandoopTest1.test467, Intended behavior: FAILURE, when executed after: [randoop.jodatime.RandoopTest1.test354], The revealed different behavior: PASS, when executed after: [], Test: randoop.jodatime.RandoopTest2.test212, Intended behavior: FAILURE, when executed after: [randoop.jodatime.RandoopTest2.test85], The revealed different behavior: PASS, when executed after: [], Test: randoop.jodatime.RandoopTest2.test269, Intended behavior: FAILURE, when executed after: [randoop.jodatime.RandoopTest2.test216], The revealed different behavior: PASS, when executed after: [], Test: randoop.jodatime.RandoopTest2.test216, Intended behavior: FAILURE, when executed after: [randoop.jodatime.RandoopTest2.test212], The revealed different behavior: PASS, when executed after: [], Test: randoop.jodatime.RandoopTest2.test289, Intended behavior: FAILURE, when executed after: [randoop.jodatime.RandoopTest2.test269], The revealed different behavior: PASS, when executed after: [], Test: randoop.jodatime.RandoopTest3.test1, Intended behavior: FAILURE, when executed after: [randoop.jodatime.RandoopTest2.test500], The revealed different behavior: PASS, when executed after: [], Test: randoop.jodatime.RandoopTest2.test310, Intended behavior: FAILURE, when executed after: [randoop.jodatime.RandoopTest2.test289], The revealed different behavior: PASS, when executed after: [], Test: randoop.jodatime.RandoopTest3.test432, Intended behavior: FAILURE, when executed after: [randoop.jodatime.RandoopTest3.test426], The revealed different behavior: PASS, when executed after: [], Test: randoop.jodatime.RandoopTest3.test9, Intended behavior: FAILURE, when executed after: [randoop.jodatime.RandoopTest3.test8], The revealed different behavior: PASS, when executed after: []]

Coverage test list:
[398, 23, 1, 77, 13, 14, 251, 9, 124, 172, 19, 4, 4, 19, 13, 32, 0, 11, 46, 0, 5, 20, 4, 9, 18, 1, 14, 13, 1, 261, 10, 2, 44, 3, 14, 8, 4, 10, 0, 15, 11, 90, 140, 10, 11, 6, 2, 21, 1, 59, 28, 15, 0, 35, 2, 41, 22, 32, 21, 7, 8, 2, 0, 66, 0, 14, 36, 26, 12, 18, 20, 66, 27, 7, 4, 56, 7, 49, 8, 67, 20, 23, 41, 14, 68, 12, 19, 6, 40, 48, 41, 6, 5, 19, 2, 12, 96, 4, 0, 1, 3, 2, 20, 0, 2, 13, 1, 9, 16, 1, 2, 13, 7, 18, 11, 8, 4, 3, 4, 6, 1, 1, 13, 9, 11, 1, 15, 3, 35, 6, 6, 4, 0, 0, 7, 14, 5, 8, 8, 1, 0, 7, 6, 2, 3, 10, 2, 4, 1, 10, 1, 15, 0, 26, 10, 17, 8, 2, 12, 0, 21, 16, 16, 12, 2, 10, 2, 4, 1, 22, 5, 0, 6, 3, 4, 14, 2, 3, 0, 5, 1, 35, 1, 2, 4, 3, 4, 2, 3, 3, 22, 0, 2, 4, 4, 2, 16, 30, 8, 13, 17, 50, 11, 7, 6, 2, 2, 22, 1, 6, 13, 4, 2, 35, 0, 7, 1, 37, 0, 0, 4, 30, 1, 0, 4, 5, 3, 0, 0, 5, 6, 14, 18, 1, 2, 0, 4, 19, 0, 29, 3, 6, 9, 1, 212, 11, 95, 34, 2, 31, 4, 103, 0, 13, 4, 22, 12, 9, 33, 184, 0, 11, 0, 1, 3, 3, 42, 47, 14, 2, 6, 2, 0, 0, 7, 1, 28, 0, 11, 12, 1, 1, 6, 5, 5, 4, 1, 1, 1, 0, 2, 30, 2, 9, 2, 4, 0, 1, 3, 0, 0, 1, 1, 1, 1, 11, 3, 0, 14, 1, 3, 0, 2, 0, 0, 0, 0, 5, 0, 2, 2, 7, 31, 13, 1, 1, 7, 14, 1, 2, 0, 1, 15, 13, 15, 1, 9, 2, 0, 0, 19, 68, 2, 1, 4, 3, 0, 0, 0, 69, 0, 3, 0, 8, 14, 0, 1, 0, 0, 4, 0, 4, 12, 5, 1, 2, 8, 1, 3, 3, 4, 6, 1, 8, 7, 4, 2, 0, 4, 9, 4, 0, 31, 2, 1, 1, 4, 4, 16, 2, 18, 7, 2, 0, 0, 6, 0, 0, 1, 12, 11, 0, 0, 1, 1, 1, 2, 0, 1, 2, 0, 5, 10, 1, 28, 3, 15, 1, 5, 1, 0, 4, 1, 3, 3, 31, 1, 2, 0, 0, 17, 0, 10, 10, 1, 0, 2, 1, 0, 0, 5, 3, 1, 2, 0, 1, 0, 0, 1, 0, 1, 8, 0, 19, 0, 0, 0, 3, 0, 1, 5, 0, 2, 6]
--------------------------
Total time (of all machines and iterations plus initial TestListGenerator): 7.234