The following arguments were used to generate this output.
[-technique, selection, -coverage, statement, -order, relative, -origOrder, jodatime-d6791cb5f9/jodatime-auto-order, -testInputDir, jodatime-b609d7d66d/sootTestOutput-auto-selection, -filesToDelete, jodatime-d6791cb5f9/jodatime-env-files, -project, Joda-Time, -testType, auto, -oldVersCFG, jodatime-b609d7d66d/selectionOutput, -newVersCFG, jodatime-d6791cb5f9/selectionOutput, -getCoverage, -outputDir, /home/winglam/dt-copy3/dependent-tests-impact/experiments/selection-results, -timesToRun, 5, -dependentTestFile, /home/winglam/dt-copy3/dependent-tests-impact/experiments/selection-dt-list/selection-Joda-Time-auto-statement-relative.txt]

Execution time of TLG and its time to find/nullify any DTs for 1 machine (does not include the time to run the tests in the new order): 2.046
Number of tests selected out of total in original order: 465 / 2207
Number of DTs not fixed: 1
Number of DTs fixed: 0
APFD value: 0.7552673491820042
Execution time for executing the following testing order: 1.609

Test order list:
[randoop.jodatime.RandoopTest0.test115, randoop.jodatime.RandoopTest0.test135, randoop.jodatime.RandoopTest0.test141, randoop.jodatime.RandoopTest0.test144, randoop.jodatime.RandoopTest0.test146, randoop.jodatime.RandoopTest0.test152, randoop.jodatime.RandoopTest0.test159, randoop.jodatime.RandoopTest0.test165, randoop.jodatime.RandoopTest0.test172, randoop.jodatime.RandoopTest0.test181, randoop.jodatime.RandoopTest0.test182, randoop.jodatime.RandoopTest0.test188, randoop.jodatime.RandoopTest0.test192, randoop.jodatime.RandoopTest0.test196, randoop.jodatime.RandoopTest0.test208, randoop.jodatime.RandoopTest0.test226, randoop.jodatime.RandoopTest0.test229, randoop.jodatime.RandoopTest0.test235, randoop.jodatime.RandoopTest0.test246, randoop.jodatime.RandoopTest0.test247, randoop.jodatime.RandoopTest0.test251, randoop.jodatime.RandoopTest0.test252, randoop.jodatime.RandoopTest0.test258, randoop.jodatime.RandoopTest0.test260, randoop.jodatime.RandoopTest0.test267, randoop.jodatime.RandoopTest0.test282, randoop.jodatime.RandoopTest0.test283, randoop.jodatime.RandoopTest0.test293, randoop.jodatime.RandoopTest0.test297, randoop.jodatime.RandoopTest0.test304, randoop.jodatime.RandoopTest0.test306, randoop.jodatime.RandoopTest0.test314, randoop.jodatime.RandoopTest0.test320, randoop.jodatime.RandoopTest0.test325, randoop.jodatime.RandoopTest0.test338, randoop.jodatime.RandoopTest0.test346, randoop.jodatime.RandoopTest0.test347, randoop.jodatime.RandoopTest0.test360, randoop.jodatime.RandoopTest0.test361, randoop.jodatime.RandoopTest0.test369, randoop.jodatime.RandoopTest0.test370, randoop.jodatime.RandoopTest0.test376, randoop.jodatime.RandoopTest0.test378, randoop.jodatime.RandoopTest0.test386, randoop.jodatime.RandoopTest0.test387, randoop.jodatime.RandoopTest0.test389, randoop.jodatime.RandoopTest0.test390, randoop.jodatime.RandoopTest0.test395, randoop.jodatime.RandoopTest0.test406, randoop.jodatime.RandoopTest0.test498, randoop.jodatime.RandoopTest1.test154, randoop.jodatime.RandoopTest1.test168, randoop.jodatime.RandoopTest1.test220, randoop.jodatime.RandoopTest1.test465, randoop.jodatime.RandoopTest1.test467, randoop.jodatime.RandoopTest1.test475, randoop.jodatime.RandoopTest2.test58, randoop.jodatime.RandoopTest2.test85, randoop.jodatime.RandoopTest2.test212, randoop.jodatime.RandoopTest2.test216, randoop.jodatime.RandoopTest2.test259, randoop.jodatime.RandoopTest2.test269, randoop.jodatime.RandoopTest2.test284, randoop.jodatime.RandoopTest2.test289, randoop.jodatime.RandoopTest2.test310, randoop.jodatime.RandoopTest2.test376, randoop.jodatime.RandoopTest2.test487, randoop.jodatime.RandoopTest2.test490, randoop.jodatime.RandoopTest2.test493, randoop.jodatime.RandoopTest2.test495, randoop.jodatime.RandoopTest2.test500, randoop.jodatime.RandoopTest3.test1, randoop.jodatime.RandoopTest3.test7, randoop.jodatime.RandoopTest3.test8, randoop.jodatime.RandoopTest3.test9, randoop.jodatime.RandoopTest3.test12, randoop.jodatime.RandoopTest3.test14, randoop.jodatime.RandoopTest3.test16, randoop.jodatime.RandoopTest3.test22, randoop.jodatime.RandoopTest3.test28, randoop.jodatime.RandoopTest3.test29, randoop.jodatime.RandoopTest3.test32, randoop.jodatime.RandoopTest3.test34, randoop.jodatime.RandoopTest3.test36, randoop.jodatime.RandoopTest3.test40, randoop.jodatime.RandoopTest3.test46, randoop.jodatime.RandoopTest3.test52, randoop.jodatime.RandoopTest3.test54, randoop.jodatime.RandoopTest3.test56, randoop.jodatime.RandoopTest3.test57, randoop.jodatime.RandoopTest3.test58, randoop.jodatime.RandoopTest3.test65, randoop.jodatime.RandoopTest3.test81, randoop.jodatime.RandoopTest3.test84, randoop.jodatime.RandoopTest3.test87, randoop.jodatime.RandoopTest3.test92, randoop.jodatime.RandoopTest3.test95, randoop.jodatime.RandoopTest3.test96, randoop.jodatime.RandoopTest3.test98, randoop.jodatime.RandoopTest3.test99, randoop.jodatime.RandoopTest3.test102, randoop.jodatime.RandoopTest3.test105, randoop.jodatime.RandoopTest3.test106, randoop.jodatime.RandoopTest3.test107, randoop.jodatime.RandoopTest3.test108, randoop.jodatime.RandoopTest3.test113, randoop.jodatime.RandoopTest3.test115, randoop.jodatime.RandoopTest3.test116, randoop.jodatime.RandoopTest3.test118, randoop.jodatime.RandoopTest3.test121, randoop.jodatime.RandoopTest3.test124, randoop.jodatime.RandoopTest3.test125, randoop.jodatime.RandoopTest3.test128, randoop.jodatime.RandoopTest3.test129, randoop.jodatime.RandoopTest3.test130, randoop.jodatime.RandoopTest3.test132, randoop.jodatime.RandoopTest3.test138, randoop.jodatime.RandoopTest3.test142, randoop.jodatime.RandoopTest3.test144, randoop.jodatime.RandoopTest3.test148, randoop.jodatime.RandoopTest3.test150, randoop.jodatime.RandoopTest3.test151, randoop.jodatime.RandoopTest3.test152, randoop.jodatime.RandoopTest3.test159, randoop.jodatime.RandoopTest3.test161, randoop.jodatime.RandoopTest3.test163, randoop.jodatime.RandoopTest3.test166, randoop.jodatime.RandoopTest3.test170, randoop.jodatime.RandoopTest3.test173, randoop.jodatime.RandoopTest3.test176, randoop.jodatime.RandoopTest3.test182, randoop.jodatime.RandoopTest3.test184, randoop.jodatime.RandoopTest3.test185, randoop.jodatime.RandoopTest3.test189, randoop.jodatime.RandoopTest3.test193, randoop.jodatime.RandoopTest3.test195, randoop.jodatime.RandoopTest3.test196, randoop.jodatime.RandoopTest3.test199, randoop.jodatime.RandoopTest3.test201, randoop.jodatime.RandoopTest3.test205, randoop.jodatime.RandoopTest3.test208, randoop.jodatime.RandoopTest3.test210, randoop.jodatime.RandoopTest3.test219, randoop.jodatime.RandoopTest3.test220, randoop.jodatime.RandoopTest3.test223, randoop.jodatime.RandoopTest3.test226, randoop.jodatime.RandoopTest3.test232, randoop.jodatime.RandoopTest3.test233, randoop.jodatime.RandoopTest3.test239, randoop.jodatime.RandoopTest3.test241, randoop.jodatime.RandoopTest3.test242, randoop.jodatime.RandoopTest3.test246, randoop.jodatime.RandoopTest3.test247, randoop.jodatime.RandoopTest3.test249, randoop.jodatime.RandoopTest3.test252, randoop.jodatime.RandoopTest3.test257, randoop.jodatime.RandoopTest3.test258, randoop.jodatime.RandoopTest3.test259, randoop.jodatime.RandoopTest3.test262, randoop.jodatime.RandoopTest3.test263, randoop.jodatime.RandoopTest3.test266, randoop.jodatime.RandoopTest3.test269, randoop.jodatime.RandoopTest3.test270, randoop.jodatime.RandoopTest3.test272, randoop.jodatime.RandoopTest3.test274, randoop.jodatime.RandoopTest3.test275, randoop.jodatime.RandoopTest3.test277, randoop.jodatime.RandoopTest3.test280, randoop.jodatime.RandoopTest3.test288, randoop.jodatime.RandoopTest3.test292, randoop.jodatime.RandoopTest3.test294, randoop.jodatime.RandoopTest3.test297, randoop.jodatime.RandoopTest3.test299, randoop.jodatime.RandoopTest3.test300, randoop.jodatime.RandoopTest3.test301, randoop.jodatime.RandoopTest3.test304, randoop.jodatime.RandoopTest3.test308, randoop.jodatime.RandoopTest3.test309, randoop.jodatime.RandoopTest3.test312, randoop.jodatime.RandoopTest3.test313, randoop.jodatime.RandoopTest3.test316, randoop.jodatime.RandoopTest3.test320, randoop.jodatime.RandoopTest3.test324, randoop.jodatime.RandoopTest3.test326, randoop.jodatime.RandoopTest3.test327, randoop.jodatime.RandoopTest3.test330, randoop.jodatime.RandoopTest3.test332, randoop.jodatime.RandoopTest3.test333, randoop.jodatime.RandoopTest3.test336, randoop.jodatime.RandoopTest3.test338, randoop.jodatime.RandoopTest3.test345, randoop.jodatime.RandoopTest3.test346, randoop.jodatime.RandoopTest3.test347, randoop.jodatime.RandoopTest3.test352, randoop.jodatime.RandoopTest3.test356, randoop.jodatime.RandoopTest3.test365, randoop.jodatime.RandoopTest3.test375, randoop.jodatime.RandoopTest3.test376, randoop.jodatime.RandoopTest3.test380, randoop.jodatime.RandoopTest3.test381, randoop.jodatime.RandoopTest3.test382, randoop.jodatime.RandoopTest3.test383, randoop.jodatime.RandoopTest3.test389, randoop.jodatime.RandoopTest3.test398, randoop.jodatime.RandoopTest3.test403, randoop.jodatime.RandoopTest3.test407, randoop.jodatime.RandoopTest3.test409, randoop.jodatime.RandoopTest3.test411, randoop.jodatime.RandoopTest3.test413, randoop.jodatime.RandoopTest3.test417, randoop.jodatime.RandoopTest3.test418, randoop.jodatime.RandoopTest3.test419, randoop.jodatime.RandoopTest3.test420, randoop.jodatime.RandoopTest3.test424, randoop.jodatime.RandoopTest3.test426, randoop.jodatime.RandoopTest3.test432, randoop.jodatime.RandoopTest3.test434, randoop.jodatime.RandoopTest3.test435, randoop.jodatime.RandoopTest3.test441, randoop.jodatime.RandoopTest3.test442, randoop.jodatime.RandoopTest3.test445, randoop.jodatime.RandoopTest3.test446, randoop.jodatime.RandoopTest3.test447, randoop.jodatime.RandoopTest3.test451, randoop.jodatime.RandoopTest3.test452, randoop.jodatime.RandoopTest3.test454, randoop.jodatime.RandoopTest3.test455, randoop.jodatime.RandoopTest3.test457, randoop.jodatime.RandoopTest3.test462, randoop.jodatime.RandoopTest3.test467, randoop.jodatime.RandoopTest3.test470, randoop.jodatime.RandoopTest3.test471, randoop.jodatime.RandoopTest3.test481, randoop.jodatime.RandoopTest3.test487, randoop.jodatime.RandoopTest3.test492, randoop.jodatime.RandoopTest3.test496, randoop.jodatime.RandoopTest3.test497, randoop.jodatime.RandoopTest3.test498, randoop.jodatime.RandoopTest4.test4, randoop.jodatime.RandoopTest4.test5, randoop.jodatime.RandoopTest4.test13, randoop.jodatime.RandoopTest4.test138, randoop.jodatime.RandoopTest4.test434, randoop.jodatime.RandoopTest0.test261, randoop.jodatime.RandoopTest0.test1, randoop.jodatime.RandoopTest0.test16, randoop.jodatime.RandoopTest2.test174, randoop.jodatime.RandoopTest2.test394, randoop.jodatime.RandoopTest4.test129, randoop.jodatime.RandoopTest0.test254, randoop.jodatime.RandoopTest0.test388, randoop.jodatime.RandoopTest4.test455, randoop.jodatime.RandoopTest2.test406, randoop.jodatime.RandoopTest2.test18, randoop.jodatime.RandoopTest4.test162, randoop.jodatime.RandoopTest1.test492, randoop.jodatime.RandoopTest1.test91, randoop.jodatime.RandoopTest0.test118, randoop.jodatime.RandoopTest2.test475, randoop.jodatime.RandoopTest4.test451, randoop.jodatime.RandoopTest1.test73, randoop.jodatime.RandoopTest2.test321, randoop.jodatime.RandoopTest0.test2, randoop.jodatime.RandoopTest4.test390, randoop.jodatime.RandoopTest2.test291, randoop.jodatime.RandoopTest4.test18, randoop.jodatime.RandoopTest4.test353, randoop.jodatime.RandoopTest5.test64, randoop.jodatime.RandoopTest4.test488, randoop.jodatime.RandoopTest4.test1, randoop.jodatime.RandoopTest5.test95, randoop.jodatime.RandoopTest4.test240, randoop.jodatime.RandoopTest2.test206, randoop.jodatime.RandoopTest1.test214, randoop.jodatime.RandoopTest4.test419, randoop.jodatime.RandoopTest4.test448, randoop.jodatime.RandoopTest2.test433, randoop.jodatime.RandoopTest4.test439, randoop.jodatime.RandoopTest0.test21, randoop.jodatime.RandoopTest2.test67, randoop.jodatime.RandoopTest5.test138, randoop.jodatime.RandoopTest4.test470, randoop.jodatime.RandoopTest4.test363, randoop.jodatime.RandoopTest4.test341, randoop.jodatime.RandoopTest0.test391, randoop.jodatime.RandoopTest4.test41, randoop.jodatime.RandoopTest4.test431, randoop.jodatime.RandoopTest0.test12, randoop.jodatime.RandoopTest4.test320, randoop.jodatime.RandoopTest5.test71, randoop.jodatime.RandoopTest2.test39, randoop.jodatime.RandoopTest2.test200, randoop.jodatime.RandoopTest4.test81, randoop.jodatime.RandoopTest4.test413, randoop.jodatime.RandoopTest2.test215, randoop.jodatime.RandoopTest0.test356, randoop.jodatime.RandoopTest4.test216, randoop.jodatime.RandoopTest3.test217, randoop.jodatime.RandoopTest1.test56, randoop.jodatime.RandoopTest4.test46, randoop.jodatime.RandoopTest1.test175, randoop.jodatime.RandoopTest1.test337, randoop.jodatime.RandoopTest5.test134, randoop.jodatime.RandoopTest4.test464, randoop.jodatime.RandoopTest4.test394, randoop.jodatime.RandoopTest3.test353, randoop.jodatime.RandoopTest0.test175, randoop.jodatime.RandoopTest2.test268, randoop.jodatime.RandoopTest1.test216, randoop.jodatime.RandoopTest2.test115, randoop.jodatime.RandoopTest1.test211, randoop.jodatime.RandoopTest5.test10, randoop.jodatime.RandoopTest4.test272, randoop.jodatime.RandoopTest4.test15, randoop.jodatime.RandoopTest0.test109, randoop.jodatime.RandoopTest1.test280, randoop.jodatime.RandoopTest0.test32, randoop.jodatime.RandoopTest2.test61, randoop.jodatime.RandoopTest1.test298, randoop.jodatime.RandoopTest5.test21, randoop.jodatime.RandoopTest2.test120, randoop.jodatime.RandoopTest4.test274, randoop.jodatime.RandoopTest0.test183, randoop.jodatime.RandoopTest4.test403, randoop.jodatime.RandoopTest0.test71, randoop.jodatime.RandoopTest1.test354, randoop.jodatime.RandoopTest2.test332, randoop.jodatime.RandoopTest3.test261, randoop.jodatime.RandoopTest1.test349, randoop.jodatime.RandoopTest1.test416, randoop.jodatime.RandoopTest3.test370, randoop.jodatime.RandoopTest0.test343, randoop.jodatime.RandoopTest4.test237, randoop.jodatime.RandoopTest5.test69, randoop.jodatime.RandoopTest2.test183, randoop.jodatime.RandoopTest1.test162, randoop.jodatime.RandoopTest2.test161, randoop.jodatime.RandoopTest4.test117, randoop.jodatime.RandoopTest3.test478, randoop.jodatime.RandoopTest0.test437, randoop.jodatime.RandoopTest5.test100, randoop.jodatime.RandoopTest1.test378, randoop.jodatime.RandoopTest4.test376, randoop.jodatime.RandoopTest0.test368, randoop.jodatime.RandoopTest1.test312, randoop.jodatime.RandoopTest4.test69, randoop.jodatime.RandoopTest4.test379, randoop.jodatime.RandoopTest3.test244, randoop.jodatime.RandoopTest4.test12, randoop.jodatime.RandoopTest2.test203, randoop.jodatime.RandoopTest1.test455, randoop.jodatime.RandoopTest0.test55, randoop.jodatime.RandoopTest4.test198, randoop.jodatime.RandoopTest3.test37, randoop.jodatime.RandoopTest4.test122, randoop.jodatime.RandoopTest0.test319, randoop.jodatime.RandoopTest4.test127, randoop.jodatime.RandoopTest3.test228, randoop.jodatime.RandoopTest0.test134, randoop.jodatime.RandoopTest2.test405, randoop.jodatime.RandoopTest1.test77, randoop.jodatime.RandoopTest4.test143, randoop.jodatime.RandoopTest4.test2, randoop.jodatime.RandoopTest4.test443, randoop.jodatime.RandoopTest4.test261, randoop.jodatime.RandoopTest1.test357, randoop.jodatime.RandoopTest3.test91, randoop.jodatime.RandoopTest3.test480, randoop.jodatime.RandoopTest1.test98, randoop.jodatime.RandoopTest0.test404, randoop.jodatime.RandoopTest0.test34, randoop.jodatime.RandoopTest1.test43, randoop.jodatime.RandoopTest4.test238, randoop.jodatime.RandoopTest2.test75, randoop.jodatime.RandoopTest4.test107, randoop.jodatime.RandoopTest4.test125, randoop.jodatime.RandoopTest1.test385, randoop.jodatime.RandoopTest0.test122, randoop.jodatime.RandoopTest4.test170, randoop.jodatime.RandoopTest1.test470, randoop.jodatime.RandoopTest1.test228, randoop.jodatime.RandoopTest4.test476, randoop.jodatime.RandoopTest4.test269, randoop.jodatime.RandoopTest4.test257, randoop.jodatime.RandoopTest5.test118, randoop.jodatime.RandoopTest2.test23, randoop.jodatime.RandoopTest4.test391, randoop.jodatime.RandoopTest4.test135, randoop.jodatime.RandoopTest0.test170, randoop.jodatime.RandoopTest2.test340, randoop.jodatime.RandoopTest4.test289, randoop.jodatime.RandoopTest5.test66, randoop.jodatime.RandoopTest4.test230, randoop.jodatime.RandoopTest3.test422, randoop.jodatime.RandoopTest5.test77, randoop.jodatime.RandoopTest4.test68, randoop.jodatime.RandoopTest3.test473, randoop.jodatime.RandoopTest4.test291, randoop.jodatime.RandoopTest0.test424, randoop.jodatime.RandoopTest5.test120, randoop.jodatime.RandoopTest4.test218, randoop.jodatime.RandoopTest2.test133, randoop.jodatime.RandoopTest2.test111, randoop.jodatime.RandoopTest4.test467, randoop.jodatime.RandoopTest2.test312, randoop.jodatime.RandoopTest4.test147, randoop.jodatime.RandoopTest2.test471, randoop.jodatime.RandoopTest1.test157, randoop.jodatime.RandoopTest4.test430, randoop.jodatime.RandoopTest3.test453, randoop.jodatime.RandoopTest0.test120, randoop.jodatime.RandoopTest4.test273, randoop.jodatime.RandoopTest4.test250, randoop.jodatime.RandoopTest1.test104, randoop.jodatime.RandoopTest4.test20, randoop.jodatime.RandoopTest2.test478, randoop.jodatime.RandoopTest4.test74, randoop.jodatime.RandoopTest3.test221, randoop.jodatime.RandoopTest2.test386, randoop.jodatime.RandoopTest2.test473, randoop.jodatime.RandoopTest4.test364, randoop.jodatime.RandoopTest2.test118, randoop.jodatime.RandoopTest1.test82, randoop.jodatime.RandoopTest4.test54, randoop.jodatime.RandoopTest1.test96, randoop.jodatime.RandoopTest5.test60, randoop.jodatime.RandoopTest1.test262, randoop.jodatime.RandoopTest1.test490, randoop.jodatime.RandoopTest2.test80, randoop.jodatime.RandoopTest2.test98, randoop.jodatime.RandoopTest1.test444, randoop.jodatime.RandoopTest1.test57, randoop.jodatime.RandoopTest4.test386, randoop.jodatime.RandoopTest2.test443, randoop.jodatime.RandoopTest5.test126, randoop.jodatime.RandoopTest1.test420, randoop.jodatime.RandoopTest4.test26, randoop.jodatime.RandoopTest2.test323, randoop.jodatime.RandoopTest5.test136, randoop.jodatime.RandoopTest0.test454, randoop.jodatime.RandoopTest4.test141, randoop.jodatime.RandoopTest3.test393, randoop.jodatime.RandoopTest2.test43, randoop.jodatime.RandoopTest1.test481, randoop.jodatime.RandoopTest2.test277, randoop.jodatime.RandoopTest2.test103, randoop.jodatime.RandoopTest0.test499, randoop.jodatime.RandoopTest2.test355, randoop.jodatime.RandoopTest2.test454, randoop.jodatime.RandoopTest1.test24, randoop.jodatime.RandoopTest2.test59, randoop.jodatime.RandoopTest1.test267, randoop.jodatime.RandoopTest3.test416, randoop.jodatime.RandoopTest4.test48, randoop.jodatime.RandoopTest4.test203, randoop.jodatime.RandoopTest1.test46, randoop.jodatime.RandoopTest4.test33, randoop.jodatime.RandoopTest1.test74, randoop.jodatime.RandoopTest5.test53, randoop.jodatime.RandoopTest2.test95, randoop.jodatime.RandoopTest2.test489, randoop.jodatime.RandoopTest4.test254, randoop.jodatime.RandoopTest5.test65, randoop.jodatime.RandoopTest1.test250, randoop.jodatime.RandoopTest0.test24]

Time each test takes to run in the new order:
[109363060, 28709003, 31714216, 21924741, 18963158, 32331173, 10912312, 12774573, 12902041, 10276019, 8848138, 7881423, 7705559, 7055940, 7927718, 7121991, 10433578, 6506157, 6687810, 6969602, 6400902, 6226296, 4648399, 5128864, 4504617, 4530598, 4488499, 4544301, 5827189, 4082788, 3864475, 4556777, 3482760, 3698606, 3502703, 3516413, 3684325, 6468773, 4380086, 3288163, 3613560, 11706486, 3107322, 3674682, 3014046, 3035631, 3001345, 2941466, 3968768, 3094347, 9173322, 5531020, 4513727, 4699387, 3764531, 4031167, 4051783, 6664990, 4549171, 5448002, 5418668, 5087230, 3323412, 3534981, 3704583, 3876539, 3389604, 3932672, 5904160, 5402922, 5185895, 4617898, 2472302, 5172278, 3578019, 2426673, 2393457, 5476800, 2429267, 2968677, 2404958, 2738579, 3014999, 2464929, 2598086, 2424259, 2517669, 3941620, 2399667, 2326070, 3035021, 2595721, 2328617, 2391355, 2462582, 2448077, 2248325, 2308059, 5466297, 2305201, 2439938, 2306159, 2254551, 2420235, 2608338, 2201388, 2436050, 2457806, 2245992, 2430660, 2401325, 2406240, 2151820, 2553625, 2361045, 2493325, 2433856, 2594858, 2448804, 2291909, 5680753, 2750264, 2247493, 2208290, 2224496, 2215447, 2893168, 2209912, 2346122, 2678013, 2944483, 2770947, 2321374, 2190837, 2211582, 2157561, 2397943, 2339988, 2270206, 2595869, 2376047, 2185933, 2189696, 2329502, 2223881, 2231622, 2214085, 2404863, 2229366, 2472766, 2143763, 2201450, 2212135, 2281168, 2159246, 2263615, 2292293, 2579533, 2349124, 2229271, 2262617, 2280383, 2977930, 2436131, 5825173, 2384486, 2150975, 2286533, 2106522, 2173590, 2219237, 2274581, 2275433, 2330581, 2393675, 2206877, 2332006, 2234891, 2203736, 2292991, 2204534, 2285222, 2294313, 2379969, 2320242, 2331187, 2209652, 2231687, 2148208, 2206199, 2184176, 2299115, 2425962, 2378161, 2160494, 2140869, 2114106, 2278628, 2256270, 2350952, 2206117, 2312974, 2201703, 2402362, 2230519, 2164340, 2174183, 2177212, 2214681, 2432058, 2482790, 2144865, 2308644, 2397451, 2301960, 2323835, 2460777, 2362976, 2379307, 2358477, 2446112, 2633893, 2320625, 2358939, 2491061, 2334317, 2192013, 2420094, 2495309, 2557330, 2216346, 2312194, 2346542, 2328053, 2528640, 2577829, 2564995, 2238968, 3689394, 3165504, 2273452, 3020808, 2579837, 2253785, 2334174, 12413540, 2986008, 3188344, 2866573, 3155321, 6014447, 2945124, 2696866, 2482177, 48587123, 2622640, 2513889, 2182186, 2908848, 2797588, 2744951, 2781560, 2108456, 2609829, 2551626, 2673797, 2846584, 1913610, 2698524, 2469382, 1197153, 2574946, 2448934, 2671375, 2474474, 2562521, 2488850, 2748535, 2126302, 2472519, 927304, 2522927, 2733761, 2687292, 2286826, 2096367, 2343745, 2096605, 2596749, 960112, 2283317, 2328054, 2469826, 2386216, 2330766, 2202100, 2439720, 2586096, 2563092, 2467282, 2547652, 2606869, 1146721, 2435343, 2356186, 2242475, 2125349, 2480475, 2569594, 2277124, 2265249, 1010163, 2445950, 2531533, 2354709, 2641342, 2212589, 2539838, 2546789, 897067, 2230595, 2403349, 2134088, 2485562, 2338002, 2494490, 2394436, 2292332, 2217008, 2746795, 2223825, 2125507, 2814682, 903186, 2192108, 2476742, 2582296, 2398103, 2564295, 2510386, 3239462, 2537726, 2654967, 2289850, 2611195, 2722320, 2630209, 2660430, 2661273, 2610896, 2411388, 2292242, 2739205, 2567102, 2657558, 2381061, 2642726, 2556388, 2384726, 2522437, 2681589, 2604915, 2402004, 2638460, 2699522, 2508535, 2591498, 2506608, 2650074, 2712588, 2357948, 2353417, 2802153, 2558467, 2682364, 2771852, 2823548, 2381308, 2364090, 2343398, 2543553, 2329904, 2243887, 2501080, 955924, 2349569, 2344782, 2219610, 2235969, 2537712, 2288238, 867873, 2370769, 2116610, 722754, 2401684, 2161706, 2324846, 2227175, 877061, 2223560, 2336880, 2380489, 2240542, 2297109, 2388382, 2302488, 2352108, 2435170, 2492606, 2426611, 2555581, 2366530, 2247398, 2322290, 2161792, 2290644, 2152535, 2325328, 2144063, 2305369, 2163086, 2304326, 2117183, 2355438, 841444, 2278420, 2283833, 2308907, 2292600, 2272343, 2513731, 2476825, 2497008, 960822, 2326676, 2426389, 2339695, 899620, 2530327, 2452662, 2150425, 2492621, 2470767, 2259645, 2472409, 2471826, 2496140, 2250249, 2449014, 2516497, 2512165, 2156246, 2440029, 2267162, 2514552, 2121413, 2490392, 665434, 2483125, 2302241, 2491994, 777206, 2411400, 2091739]

DTs not fixed are:
[randoop.jodatime.RandoopTest2.test206]

Dependent test list:
[Test: randoop.jodatime.RandoopTest3.test195, Intended behavior: FAILURE, when executed after: [randoop.jodatime.RandoopTest3.test193], The revealed different behavior: PASS, when executed after: [], Test: randoop.jodatime.RandoopTest2.test487, Intended behavior: FAILURE, when executed after: [randoop.jodatime.RandoopTest2.test376], The revealed different behavior: PASS, when executed after: [], Test: randoop.jodatime.RandoopTest2.test490, Intended behavior: FAILURE, when executed after: [randoop.jodatime.RandoopTest2.test487], The revealed different behavior: PASS, when executed after: [], Test: randoop.jodatime.RandoopTest2.test284, Intended behavior: FAILURE, when executed after: [randoop.jodatime.RandoopTest2.test269], The revealed different behavior: PASS, when executed after: [], Test: randoop.jodatime.RandoopTest3.test389, Intended behavior: FAILURE, when executed after: [randoop.jodatime.RandoopTest3.test383], The revealed different behavior: PASS, when executed after: [], Test: randoop.jodatime.RandoopTest3.test193, Intended behavior: FAILURE, when executed after: [randoop.jodatime.RandoopTest3.test189], The revealed different behavior: PASS, when executed after: [], Test: randoop.jodatime.RandoopTest2.test493, Intended behavior: FAILURE, when executed after: [randoop.jodatime.RandoopTest2.test490], The revealed different behavior: PASS, when executed after: [], Test: randoop.jodatime.RandoopTest0.test152, Intended behavior: FAILURE, when executed after: [randoop.jodatime.RandoopTest0.test146], The revealed different behavior: PASS, when executed after: [], Test: randoop.jodatime.RandoopTest0.test395, Intended behavior: FAILURE, when executed after: [randoop.jodatime.RandoopTest0.test390], The revealed different behavior: PASS, when executed after: [], Test: randoop.jodatime.RandoopTest0.test144, Intended behavior: FAILURE, when executed after: [randoop.jodatime.RandoopTest0.test141], The revealed different behavior: PASS, when executed after: [], Test: randoop.jodatime.RandoopTest0.test498, Intended behavior: FAILURE, when executed after: [randoop.jodatime.RandoopTest0.test406], The revealed different behavior: PASS, when executed after: [], Test: randoop.jodatime.RandoopTest0.test146, Intended behavior: FAILURE, when executed after: [randoop.jodatime.RandoopTest0.test144], The revealed different behavior: PASS, when executed after: [], Test: randoop.jodatime.RandoopTest3.test189, Intended behavior: FAILURE, when executed after: [randoop.jodatime.RandoopTest3.test185], The revealed different behavior: PASS, when executed after: [], Test: randoop.jodatime.RandoopTest3.test398, Intended behavior: FAILURE, when executed after: [randoop.jodatime.RandoopTest3.test389], The revealed different behavior: PASS, when executed after: [], Test: randoop.jodatime.RandoopTest3.test383, Intended behavior: FAILURE, when executed after: [randoop.jodatime.RandoopTest3.test382], The revealed different behavior: PASS, when executed after: [], Test: randoop.jodatime.RandoopTest3.test185, Intended behavior: FAILURE, when executed after: [randoop.jodatime.RandoopTest3.test184], The revealed different behavior: PASS, when executed after: [], Test: randoop.jodatime.RandoopTest3.test92, Intended behavior: FAILURE, when executed after: [randoop.jodatime.RandoopTest3.test87], The revealed different behavior: PASS, when executed after: [], Test: randoop.jodatime.RandoopTest1.test467, Intended behavior: FAILURE, when executed after: [randoop.jodatime.RandoopTest1.test465], The revealed different behavior: PASS, when executed after: [], Test: randoop.jodatime.RandoopTest0.test165, Intended behavior: FAILURE, when executed after: [randoop.jodatime.RandoopTest0.test159], The revealed different behavior: PASS, when executed after: [], Test: randoop.jodatime.RandoopTest3.test99, Intended behavior: FAILURE, when executed after: [randoop.jodatime.RandoopTest3.test98], The revealed different behavior: PASS, when executed after: [], Test: randoop.jodatime.RandoopTest3.test95, Intended behavior: FAILURE, when executed after: [randoop.jodatime.RandoopTest3.test92], The revealed different behavior: PASS, when executed after: [], Test: randoop.jodatime.RandoopTest3.test96, Intended behavior: FAILURE, when executed after: [randoop.jodatime.RandoopTest3.test95], The revealed different behavior: PASS, when executed after: [], Test: randoop.jodatime.RandoopTest0.test159, Intended behavior: FAILURE, when executed after: [randoop.jodatime.RandoopTest0.test152], The revealed different behavior: PASS, when executed after: [], Test: randoop.jodatime.RandoopTest3.test196, Intended behavior: FAILURE, when executed after: [randoop.jodatime.RandoopTest3.test195], The revealed different behavior: PASS, when executed after: [], Test: randoop.jodatime.RandoopTest2.test495, Intended behavior: FAILURE, when executed after: [randoop.jodatime.RandoopTest2.test493], The revealed different behavior: PASS, when executed after: [], Test: randoop.jodatime.RandoopTest3.test199, Intended behavior: FAILURE, when executed after: [randoop.jodatime.RandoopTest3.test196], The revealed different behavior: PASS, when executed after: [], Test: randoop.jodatime.RandoopTest3.test81, Intended behavior: FAILURE, when executed after: [randoop.jodatime.RandoopTest3.test65], The revealed different behavior: PASS, when executed after: [], Test: randoop.jodatime.RandoopTest3.test84, Intended behavior: FAILURE, when executed after: [randoop.jodatime.RandoopTest3.test81], The revealed different behavior: PASS, when executed after: [], Test: randoop.jodatime.RandoopTest0.test172, Intended behavior: FAILURE, when executed after: [randoop.jodatime.RandoopTest0.test165], The revealed different behavior: PASS, when executed after: [], Test: randoop.jodatime.RandoopTest1.test154, Intended behavior: FAILURE, when executed after: [randoop.jodatime.RandoopTest0.test498], The revealed different behavior: PASS, when executed after: [], Test: randoop.jodatime.RandoopTest3.test87, Intended behavior: FAILURE, when executed after: [randoop.jodatime.RandoopTest3.test84], The revealed different behavior: PASS, when executed after: [], Test: randoop.jodatime.RandoopTest0.test182, Intended behavior: FAILURE, when executed after: [randoop.jodatime.RandoopTest0.test181], The revealed different behavior: PASS, when executed after: [], Test: randoop.jodatime.RandoopTest0.test181, Intended behavior: FAILURE, when executed after: [randoop.jodatime.RandoopTest0.test172], The revealed different behavior: PASS, when executed after: [], Test: randoop.jodatime.RandoopTest0.test196, Intended behavior: FAILURE, when executed after: [randoop.jodatime.RandoopTest0.test192], The revealed different behavior: PASS, when executed after: [], Test: randoop.jodatime.RandoopTest3.test411, Intended behavior: FAILURE, when executed after: [randoop.jodatime.RandoopTest3.test409], The revealed different behavior: PASS, when executed after: [], Test: randoop.jodatime.RandoopTest1.test220, Intended behavior: FAILURE, when executed after: [randoop.jodatime.RandoopTest1.test168], The revealed different behavior: PASS, when executed after: [], Test: randoop.jodatime.RandoopTest1.test168, Intended behavior: FAILURE, when executed after: [randoop.jodatime.RandoopTest1.test154], The revealed different behavior: PASS, when executed after: [], Test: randoop.jodatime.RandoopTest0.test386, Intended behavior: FAILURE, when executed after: [randoop.jodatime.RandoopTest0.test378], The revealed different behavior: PASS, when executed after: [], Test: randoop.jodatime.RandoopTest0.test192, Intended behavior: FAILURE, when executed after: [randoop.jodatime.RandoopTest0.test188], The revealed different behavior: PASS, when executed after: [], Test: randoop.jodatime.RandoopTest0.test387, Intended behavior: FAILURE, when executed after: [randoop.jodatime.RandoopTest0.test386], The revealed different behavior: PASS, when executed after: [], Test: randoop.jodatime.RandoopTest0.test389, Intended behavior: FAILURE, when executed after: [randoop.jodatime.RandoopTest0.test387], The revealed different behavior: PASS, when executed after: [], Test: randoop.jodatime.RandoopTest0.test293, Intended behavior: FAILURE, when executed after: [randoop.jodatime.RandoopTest0.test283], The revealed different behavior: PASS, when executed after: [], Test: randoop.jodatime.RandoopTest0.test297, Intended behavior: FAILURE, when executed after: [randoop.jodatime.RandoopTest0.test293], The revealed different behavior: PASS, when executed after: [], Test: randoop.jodatime.RandoopTest0.test390, Intended behavior: FAILURE, when executed after: [randoop.jodatime.RandoopTest0.test389], The revealed different behavior: PASS, when executed after: [], Test: randoop.jodatime.RandoopTest0.test188, Intended behavior: FAILURE, when executed after: [randoop.jodatime.RandoopTest0.test182], The revealed different behavior: PASS, when executed after: [], Test: randoop.jodatime.RandoopTest2.test58, Intended behavior: FAILURE, when executed after: [randoop.jodatime.RandoopTest1.test475], The revealed different behavior: PASS, when executed after: [], Test: randoop.jodatime.RandoopTest2.test259, Intended behavior: FAILURE, when executed after: [randoop.jodatime.RandoopTest2.test216], The revealed different behavior: PASS, when executed after: [], Test: randoop.jodatime.RandoopTest0.test267, Intended behavior: FAILURE, when executed after: [randoop.jodatime.RandoopTest0.test260], The revealed different behavior: PASS, when executed after: [], Test: randoop.jodatime.RandoopTest4.test434, Intended behavior: FAILURE, when executed after: [randoop.jodatime.RandoopTest4.test138], The revealed different behavior: PASS, when executed after: [], Test: randoop.jodatime.RandoopTest4.test13, Intended behavior: FAILURE, when executed after: [randoop.jodatime.RandoopTest4.test5], The revealed different behavior: PASS, when executed after: [], Test: randoop.jodatime.RandoopTest3.test294, Intended behavior: FAILURE, when executed after: [randoop.jodatime.RandoopTest3.test292], The revealed different behavior: PASS, when executed after: [], Test: randoop.jodatime.RandoopTest3.test292, Intended behavior: FAILURE, when executed after: [randoop.jodatime.RandoopTest3.test288], The revealed different behavior: PASS, when executed after: [], Test: randoop.jodatime.RandoopTest3.test150, Intended behavior: FAILURE, when executed after: [randoop.jodatime.RandoopTest3.test148], The revealed different behavior: PASS, when executed after: [], Test: randoop.jodatime.RandoopTest3.test417, Intended behavior: FAILURE, when executed after: [randoop.jodatime.RandoopTest3.test413], The revealed different behavior: PASS, when executed after: [], Test: randoop.jodatime.RandoopTest3.test151, Intended behavior: FAILURE, when executed after: [randoop.jodatime.RandoopTest3.test150], The revealed different behavior: PASS, when executed after: [], Test: randoop.jodatime.RandoopTest3.test418, Intended behavior: FAILURE, when executed after: [randoop.jodatime.RandoopTest3.test417], The revealed different behavior: PASS, when executed after: [], Test: randoop.jodatime.RandoopTest3.test419, Intended behavior: FAILURE, when executed after: [randoop.jodatime.RandoopTest3.test418], The revealed different behavior: PASS, when executed after: [], Test: randoop.jodatime.RandoopTest3.test413, Intended behavior: FAILURE, when executed after: [randoop.jodatime.RandoopTest3.test411], The revealed different behavior: PASS, when executed after: [], Test: randoop.jodatime.RandoopTest3.test148, Intended behavior: FAILURE, when executed after: [randoop.jodatime.RandoopTest3.test144], The revealed different behavior: PASS, when executed after: [], Test: randoop.jodatime.RandoopTest3.test144, Intended behavior: FAILURE, when executed after: [randoop.jodatime.RandoopTest3.test142], The revealed different behavior: PASS, when executed after: [], Test: randoop.jodatime.RandoopTest3.test142, Intended behavior: FAILURE, when executed after: [randoop.jodatime.RandoopTest3.test138], The revealed different behavior: PASS, when executed after: [], Test: randoop.jodatime.RandoopTest3.test288, Intended behavior: FAILURE, when executed after: [randoop.jodatime.RandoopTest3.test280], The revealed different behavior: PASS, when executed after: [], Test: randoop.jodatime.RandoopTest3.test409, Intended behavior: FAILURE, when executed after: [randoop.jodatime.RandoopTest3.test407], The revealed different behavior: PASS, when executed after: [], Test: randoop.jodatime.RandoopTest3.test161, Intended behavior: FAILURE, when executed after: [randoop.jodatime.RandoopTest3.test159], The revealed different behavior: PASS, when executed after: [], Test: randoop.jodatime.RandoopTest3.test407, Intended behavior: FAILURE, when executed after: [randoop.jodatime.RandoopTest3.test403], The revealed different behavior: PASS, when executed after: [], Test: randoop.jodatime.RandoopTest3.test403, Intended behavior: FAILURE, when executed after: [randoop.jodatime.RandoopTest3.test398], The revealed different behavior: PASS, when executed after: [], Test: randoop.jodatime.RandoopTest3.test159, Intended behavior: FAILURE, when executed after: [randoop.jodatime.RandoopTest3.test152], The revealed different behavior: PASS, when executed after: [], Test: randoop.jodatime.RandoopTest2.test500, Intended behavior: FAILURE, when executed after: [randoop.jodatime.RandoopTest2.test495], The revealed different behavior: PASS, when executed after: [], Test: randoop.jodatime.RandoopTest3.test152, Intended behavior: FAILURE, when executed after: [randoop.jodatime.RandoopTest3.test151], The revealed different behavior: PASS, when executed after: [], Test: randoop.jodatime.RandoopTest3.test297, Intended behavior: FAILURE, when executed after: [randoop.jodatime.RandoopTest3.test294], The revealed different behavior: PASS, when executed after: [], Test: randoop.jodatime.RandoopTest3.test299, Intended behavior: FAILURE, when executed after: [randoop.jodatime.RandoopTest3.test297], The revealed different behavior: PASS, when executed after: [], Test: randoop.jodatime.RandoopTest3.test272, Intended behavior: FAILURE, when executed after: [randoop.jodatime.RandoopTest3.test270], The revealed different behavior: PASS, when executed after: [], Test: randoop.jodatime.RandoopTest3.test270, Intended behavior: FAILURE, when executed after: [randoop.jodatime.RandoopTest3.test269], The revealed different behavior: PASS, when executed after: [], Test: randoop.jodatime.RandoopTest3.test173, Intended behavior: FAILURE, when executed after: [randoop.jodatime.RandoopTest3.test170], The revealed different behavior: PASS, when executed after: [], Test: randoop.jodatime.RandoopTest3.test170, Intended behavior: FAILURE, when executed after: [randoop.jodatime.RandoopTest3.test166], The revealed different behavior: PASS, when executed after: [], Test: randoop.jodatime.RandoopTest3.test166, Intended behavior: FAILURE, when executed after: [randoop.jodatime.RandoopTest3.test163], The revealed different behavior: PASS, when executed after: [], Test: randoop.jodatime.RandoopTest3.test163, Intended behavior: FAILURE, when executed after: [randoop.jodatime.RandoopTest3.test161], The revealed different behavior: PASS, when executed after: [], Test: randoop.jodatime.RandoopTest3.test269, Intended behavior: FAILURE, when executed after: [randoop.jodatime.RandoopTest3.test266], The revealed different behavior: PASS, when executed after: [], Test: randoop.jodatime.RandoopTest3.test263, Intended behavior: FAILURE, when executed after: [randoop.jodatime.RandoopTest3.test262], The revealed different behavior: PASS, when executed after: [], Test: randoop.jodatime.RandoopTest3.test262, Intended behavior: FAILURE, when executed after: [randoop.jodatime.RandoopTest3.test259], The revealed different behavior: PASS, when executed after: [], Test: randoop.jodatime.RandoopTest3.test280, Intended behavior: FAILURE, when executed after: [randoop.jodatime.RandoopTest3.test277], The revealed different behavior: PASS, when executed after: [], Test: randoop.jodatime.RandoopTest4.test4, Intended behavior: FAILURE, when executed after: [randoop.jodatime.RandoopTest3.test498], The revealed different behavior: PASS, when executed after: [], Test: randoop.jodatime.RandoopTest4.test5, Intended behavior: FAILURE, when executed after: [randoop.jodatime.RandoopTest4.test4], The revealed different behavior: PASS, when executed after: [], Test: randoop.jodatime.RandoopTest3.test184, Intended behavior: FAILURE, when executed after: [randoop.jodatime.RandoopTest3.test182], The revealed different behavior: PASS, when executed after: [], Test: randoop.jodatime.RandoopTest3.test176, Intended behavior: FAILURE, when executed after: [randoop.jodatime.RandoopTest3.test173], The revealed different behavior: PASS, when executed after: [], Test: randoop.jodatime.RandoopTest0.test283, Intended behavior: FAILURE, when executed after: [randoop.jodatime.RandoopTest0.test282], The revealed different behavior: PASS, when executed after: [], Test: randoop.jodatime.RandoopTest0.test282, Intended behavior: FAILURE, when executed after: [randoop.jodatime.RandoopTest0.test267], The revealed different behavior: PASS, when executed after: [], Test: randoop.jodatime.RandoopTest3.test277, Intended behavior: FAILURE, when executed after: [randoop.jodatime.RandoopTest3.test275], The revealed different behavior: PASS, when executed after: [], Test: randoop.jodatime.RandoopTest3.test274, Intended behavior: FAILURE, when executed after: [randoop.jodatime.RandoopTest3.test272], The revealed different behavior: PASS, when executed after: [], Test: randoop.jodatime.RandoopTest3.test275, Intended behavior: FAILURE, when executed after: [randoop.jodatime.RandoopTest3.test274], The revealed different behavior: PASS, when executed after: [], Test: randoop.jodatime.RandoopTest3.test241, Intended behavior: FAILURE, when executed after: [randoop.jodatime.RandoopTest3.test239], The revealed different behavior: PASS, when executed after: [], Test: randoop.jodatime.RandoopTest3.test242, Intended behavior: FAILURE, when executed after: [randoop.jodatime.RandoopTest3.test241], The revealed different behavior: PASS, when executed after: [], Test: randoop.jodatime.RandoopTest0.test360, Intended behavior: FAILURE, when executed after: [randoop.jodatime.RandoopTest0.test347], The revealed different behavior: PASS, when executed after: [], Test: randoop.jodatime.RandoopTest3.test105, Intended behavior: FAILURE, when executed after: [randoop.jodatime.RandoopTest3.test102], The revealed different behavior: PASS, when executed after: [], Test: randoop.jodatime.RandoopTest0.test361, Intended behavior: FAILURE, when executed after: [randoop.jodatime.RandoopTest0.test360], The revealed different behavior: PASS, when executed after: [], Test: randoop.jodatime.RandoopTest3.test106, Intended behavior: FAILURE, when executed after: [randoop.jodatime.RandoopTest3.test105], The revealed different behavior: PASS, when executed after: [], Test: randoop.jodatime.RandoopTest3.test107, Intended behavior: FAILURE, when executed after: [randoop.jodatime.RandoopTest3.test106], The revealed different behavior: PASS, when executed after: [], Test: randoop.jodatime.RandoopTest3.test246, Intended behavior: FAILURE, when executed after: [randoop.jodatime.RandoopTest3.test242], The revealed different behavior: PASS, when executed after: [], Test: randoop.jodatime.RandoopTest3.test108, Intended behavior: FAILURE, when executed after: [randoop.jodatime.RandoopTest3.test107], The revealed different behavior: PASS, when executed after: [], Test: randoop.jodatime.RandoopTest3.test247, Intended behavior: FAILURE, when executed after: [randoop.jodatime.RandoopTest3.test246], The revealed different behavior: PASS, when executed after: [], Test: randoop.jodatime.RandoopTest3.test34, Intended behavior: FAILURE, when executed after: [randoop.jodatime.RandoopTest3.test32], The revealed different behavior: PASS, when executed after: [], Test: randoop.jodatime.RandoopTest3.test102, Intended behavior: FAILURE, when executed after: [randoop.jodatime.RandoopTest3.test99], The revealed different behavior: PASS, when executed after: [], Test: randoop.jodatime.RandoopTest3.test249, Intended behavior: FAILURE, when executed after: [randoop.jodatime.RandoopTest3.test247], The revealed different behavior: PASS, when executed after: [], Test: randoop.jodatime.RandoopTest3.test32, Intended behavior: FAILURE, when executed after: [randoop.jodatime.RandoopTest3.test29], The revealed different behavior: PASS, when executed after: [], Test: randoop.jodatime.RandoopTest1.test475, Intended behavior: FAILURE, when executed after: [randoop.jodatime.RandoopTest1.test467], The revealed different behavior: PASS, when executed after: [], Test: randoop.jodatime.RandoopTest4.test138, Intended behavior: FAILURE, when executed after: [randoop.jodatime.RandoopTest4.test13], The revealed different behavior: PASS, when executed after: [], Test: randoop.jodatime.RandoopTest3.test98, Intended behavior: FAILURE, when executed after: [randoop.jodatime.RandoopTest3.test96], The revealed different behavior: PASS, when executed after: [], Test: randoop.jodatime.RandoopTest3.test266, Intended behavior: FAILURE, when executed after: [randoop.jodatime.RandoopTest3.test263], The revealed different behavior: PASS, when executed after: [], Test: randoop.jodatime.RandoopTest3.test182, Intended behavior: FAILURE, when executed after: [randoop.jodatime.RandoopTest3.test176], The revealed different behavior: PASS, when executed after: [], Test: randoop.jodatime.RandoopTest0.test260, Intended behavior: FAILURE, when executed after: [randoop.jodatime.RandoopTest0.test258], The revealed different behavior: PASS, when executed after: [], Test: randoop.jodatime.RandoopTest3.test300, Intended behavior: FAILURE, when executed after: [randoop.jodatime.RandoopTest3.test299], The revealed different behavior: PASS, when executed after: [], Test: randoop.jodatime.RandoopTest3.test447, Intended behavior: FAILURE, when executed after: [randoop.jodatime.RandoopTest3.test446], The revealed different behavior: PASS, when executed after: [], Test: randoop.jodatime.RandoopTest0.test258, Intended behavior: FAILURE, when executed after: [randoop.jodatime.RandoopTest0.test252], The revealed different behavior: PASS, when executed after: [], Test: randoop.jodatime.RandoopTest3.test446, Intended behavior: FAILURE, when executed after: [randoop.jodatime.RandoopTest3.test445], The revealed different behavior: PASS, when executed after: [], Test: randoop.jodatime.RandoopTest3.test301, Intended behavior: FAILURE, when executed after: [randoop.jodatime.RandoopTest3.test300], The revealed different behavior: PASS, when executed after: [], Test: randoop.jodatime.RandoopTest3.test36, Intended behavior: FAILURE, when executed after: [randoop.jodatime.RandoopTest3.test34], The revealed different behavior: PASS, when executed after: [], Test: randoop.jodatime.RandoopTest3.test308, Intended behavior: FAILURE, when executed after: [randoop.jodatime.RandoopTest3.test304], The revealed different behavior: PASS, when executed after: [], Test: randoop.jodatime.RandoopTest3.test441, Intended behavior: FAILURE, when executed after: [randoop.jodatime.RandoopTest3.test435], The revealed different behavior: PASS, when executed after: [], Test: randoop.jodatime.RandoopTest3.test309, Intended behavior: FAILURE, when executed after: [randoop.jodatime.RandoopTest3.test308], The revealed different behavior: PASS, when executed after: [], Test: randoop.jodatime.RandoopTest3.test304, Intended behavior: FAILURE, when executed after: [randoop.jodatime.RandoopTest3.test301], The revealed different behavior: PASS, when executed after: [], Test: randoop.jodatime.RandoopTest3.test442, Intended behavior: FAILURE, when executed after: [randoop.jodatime.RandoopTest3.test441], The revealed different behavior: PASS, when executed after: [], Test: randoop.jodatime.RandoopTest3.test445, Intended behavior: FAILURE, when executed after: [randoop.jodatime.RandoopTest3.test442], The revealed different behavior: PASS, when executed after: [], Test: randoop.jodatime.RandoopTest3.test252, Intended behavior: FAILURE, when executed after: [randoop.jodatime.RandoopTest3.test249], The revealed different behavior: PASS, when executed after: [], Test: randoop.jodatime.RandoopTest3.test118, Intended behavior: FAILURE, when executed after: [randoop.jodatime.RandoopTest3.test116], The revealed different behavior: PASS, when executed after: [], Test: randoop.jodatime.RandoopTest3.test257, Intended behavior: FAILURE, when executed after: [randoop.jodatime.RandoopTest3.test252], The revealed different behavior: PASS, when executed after: [], Test: randoop.jodatime.RandoopTest3.test258, Intended behavior: FAILURE, when executed after: [randoop.jodatime.RandoopTest3.test257], The revealed different behavior: PASS, when executed after: [], Test: randoop.jodatime.RandoopTest3.test116, Intended behavior: FAILURE, when executed after: [randoop.jodatime.RandoopTest3.test115], The revealed different behavior: PASS, when executed after: [], Test: randoop.jodatime.RandoopTest0.test252, Intended behavior: FAILURE, when executed after: [randoop.jodatime.RandoopTest0.test251], The revealed different behavior: PASS, when executed after: [], Test: randoop.jodatime.RandoopTest3.test115, Intended behavior: FAILURE, when executed after: [randoop.jodatime.RandoopTest3.test113], The revealed different behavior: PASS, when executed after: [], Test: randoop.jodatime.RandoopTest3.test259, Intended behavior: FAILURE, when executed after: [randoop.jodatime.RandoopTest3.test258], The revealed different behavior: PASS, when executed after: [], Test: randoop.jodatime.RandoopTest3.test113, Intended behavior: FAILURE, when executed after: [randoop.jodatime.RandoopTest3.test108], The revealed different behavior: PASS, when executed after: [], Test: randoop.jodatime.RandoopTest0.test251, Intended behavior: FAILURE, when executed after: [randoop.jodatime.RandoopTest0.test247], The revealed different behavior: PASS, when executed after: [], Test: randoop.jodatime.RandoopTest3.test40, Intended behavior: FAILURE, when executed after: [randoop.jodatime.RandoopTest3.test36], The revealed different behavior: PASS, when executed after: [], Test: randoop.jodatime.RandoopTest3.test313, Intended behavior: FAILURE, when executed after: [randoop.jodatime.RandoopTest3.test312], The revealed different behavior: PASS, when executed after: [], Test: randoop.jodatime.RandoopTest3.test312, Intended behavior: FAILURE, when executed after: [randoop.jodatime.RandoopTest3.test309], The revealed different behavior: PASS, when executed after: [], Test: randoop.jodatime.RandoopTest3.test457, Intended behavior: FAILURE, when executed after: [randoop.jodatime.RandoopTest3.test455], The revealed different behavior: PASS, when executed after: [], Test: randoop.jodatime.RandoopTest0.test247, Intended behavior: FAILURE, when executed after: [randoop.jodatime.RandoopTest0.test246], The revealed different behavior: PASS, when executed after: [], Test: randoop.jodatime.RandoopTest3.test46, Intended behavior: FAILURE, when executed after: [randoop.jodatime.RandoopTest3.test40], The revealed different behavior: PASS, when executed after: [], Test: randoop.jodatime.RandoopTest0.test246, Intended behavior: FAILURE, when executed after: [randoop.jodatime.RandoopTest0.test235], The revealed different behavior: PASS, when executed after: [], Test: randoop.jodatime.RandoopTest3.test452, Intended behavior: FAILURE, when executed after: [randoop.jodatime.RandoopTest3.test451], The revealed different behavior: PASS, when executed after: [], Test: randoop.jodatime.RandoopTest3.test451, Intended behavior: FAILURE, when executed after: [randoop.jodatime.RandoopTest3.test447], The revealed different behavior: PASS, when executed after: [], Test: randoop.jodatime.RandoopTest3.test316, Intended behavior: FAILURE, when executed after: [randoop.jodatime.RandoopTest3.test313], The revealed different behavior: PASS, when executed after: [], Test: randoop.jodatime.RandoopTest3.test455, Intended behavior: FAILURE, when executed after: [randoop.jodatime.RandoopTest3.test454], The revealed different behavior: PASS, when executed after: [], Test: randoop.jodatime.RandoopTest0.test347, Intended behavior: FAILURE, when executed after: [randoop.jodatime.RandoopTest0.test346], The revealed different behavior: PASS, when executed after: [], Test: randoop.jodatime.RandoopTest3.test454, Intended behavior: FAILURE, when executed after: [randoop.jodatime.RandoopTest3.test452], The revealed different behavior: PASS, when executed after: [], Test: randoop.jodatime.RandoopTest0.test346, Intended behavior: FAILURE, when executed after: [randoop.jodatime.RandoopTest0.test338], The revealed different behavior: PASS, when executed after: [], Test: randoop.jodatime.RandoopTest3.test223, Intended behavior: FAILURE, when executed after: [randoop.jodatime.RandoopTest3.test220], The revealed different behavior: PASS, when executed after: [], Test: randoop.jodatime.RandoopTest3.test128, Intended behavior: FAILURE, when executed after: [randoop.jodatime.RandoopTest3.test125], The revealed different behavior: PASS, when executed after: [], Test: randoop.jodatime.RandoopTest3.test129, Intended behavior: FAILURE, when executed after: [randoop.jodatime.RandoopTest3.test128], The revealed different behavior: PASS, when executed after: [], Test: randoop.jodatime.RandoopTest3.test220, Intended behavior: FAILURE, when executed after: [randoop.jodatime.RandoopTest3.test219], The revealed different behavior: PASS, when executed after: [], Test: randoop.jodatime.RandoopTest3.test52, Intended behavior: FAILURE, when executed after: [randoop.jodatime.RandoopTest3.test46], The revealed different behavior: PASS, when executed after: [], Test: randoop.jodatime.RandoopTest3.test121, Intended behavior: FAILURE, when executed after: [randoop.jodatime.RandoopTest3.test118], The revealed different behavior: PASS, when executed after: [], Test: randoop.jodatime.RandoopTest3.test226, Intended behavior: FAILURE, when executed after: [randoop.jodatime.RandoopTest3.test223], The revealed different behavior: PASS, when executed after: [], Test: randoop.jodatime.RandoopTest3.test56, Intended behavior: FAILURE, when executed after: [randoop.jodatime.RandoopTest3.test54], The revealed different behavior: PASS, when executed after: [], Test: randoop.jodatime.RandoopTest3.test124, Intended behavior: FAILURE, when executed after: [randoop.jodatime.RandoopTest3.test121], The revealed different behavior: PASS, when executed after: [], Test: randoop.jodatime.RandoopTest3.test125, Intended behavior: FAILURE, when executed after: [randoop.jodatime.RandoopTest3.test124], The revealed different behavior: PASS, when executed after: [], Test: randoop.jodatime.RandoopTest3.test54, Intended behavior: FAILURE, when executed after: [randoop.jodatime.RandoopTest3.test52], The revealed different behavior: PASS, when executed after: [], Test: randoop.jodatime.RandoopTest3.test320, Intended behavior: FAILURE, when executed after: [randoop.jodatime.RandoopTest3.test316], The revealed different behavior: PASS, when executed after: [], Test: randoop.jodatime.RandoopTest3.test57, Intended behavior: FAILURE, when executed after: [randoop.jodatime.RandoopTest3.test56], The revealed different behavior: PASS, when executed after: [], Test: randoop.jodatime.RandoopTest0.test235, Intended behavior: FAILURE, when executed after: [randoop.jodatime.RandoopTest0.test229], The revealed different behavior: PASS, when executed after: [], Test: randoop.jodatime.RandoopTest3.test58, Intended behavior: FAILURE, when executed after: [randoop.jodatime.RandoopTest3.test57], The revealed different behavior: PASS, when executed after: [], Test: randoop.jodatime.RandoopTest3.test424, Intended behavior: FAILURE, when executed after: [randoop.jodatime.RandoopTest3.test420], The revealed different behavior: PASS, when executed after: [], Test: randoop.jodatime.RandoopTest3.test324, Intended behavior: FAILURE, when executed after: [randoop.jodatime.RandoopTest3.test320], The revealed different behavior: PASS, when executed after: [], Test: randoop.jodatime.RandoopTest3.test426, Intended behavior: FAILURE, when executed after: [randoop.jodatime.RandoopTest3.test424], The revealed different behavior: PASS, when executed after: [], Test: randoop.jodatime.RandoopTest3.test326, Intended behavior: FAILURE, when executed after: [randoop.jodatime.RandoopTest3.test324], The revealed different behavior: PASS, when executed after: [], Test: randoop.jodatime.RandoopTest3.test420, Intended behavior: FAILURE, when executed after: [randoop.jodatime.RandoopTest3.test419], The revealed different behavior: PASS, when executed after: [], Test: randoop.jodatime.RandoopTest3.test327, Intended behavior: FAILURE, when executed after: [randoop.jodatime.RandoopTest3.test326], The revealed different behavior: PASS, when executed after: [], Test: randoop.jodatime.RandoopTest0.test376, Intended behavior: FAILURE, when executed after: [randoop.jodatime.RandoopTest0.test370], The revealed different behavior: PASS, when executed after: [], Test: randoop.jodatime.RandoopTest0.test378, Intended behavior: FAILURE, when executed after: [randoop.jodatime.RandoopTest0.test376], The revealed different behavior: PASS, when executed after: [], Test: randoop.jodatime.RandoopTest3.test138, Intended behavior: FAILURE, when executed after: [randoop.jodatime.RandoopTest3.test132], The revealed different behavior: PASS, when executed after: [], Test: randoop.jodatime.RandoopTest3.test233, Intended behavior: FAILURE, when executed after: [randoop.jodatime.RandoopTest3.test232], The revealed different behavior: PASS, when executed after: [], Test: randoop.jodatime.RandoopTest0.test370, Intended behavior: FAILURE, when executed after: [randoop.jodatime.RandoopTest0.test369], The revealed different behavior: PASS, when executed after: [], Test: randoop.jodatime.RandoopTest3.test232, Intended behavior: FAILURE, when executed after: [randoop.jodatime.RandoopTest3.test226], The revealed different behavior: PASS, when executed after: [], Test: randoop.jodatime.RandoopTest3.test132, Intended behavior: FAILURE, when executed after: [randoop.jodatime.RandoopTest3.test130], The revealed different behavior: PASS, when executed after: [], Test: randoop.jodatime.RandoopTest3.test130, Intended behavior: FAILURE, when executed after: [randoop.jodatime.RandoopTest3.test129], The revealed different behavior: PASS, when executed after: [], Test: randoop.jodatime.RandoopTest3.test65, Intended behavior: FAILURE, when executed after: [randoop.jodatime.RandoopTest3.test58], The revealed different behavior: PASS, when executed after: [], Test: randoop.jodatime.RandoopTest3.test239, Intended behavior: FAILURE, when executed after: [randoop.jodatime.RandoopTest3.test233], The revealed different behavior: PASS, when executed after: [], Test: randoop.jodatime.RandoopTest3.test330, Intended behavior: FAILURE, when executed after: [randoop.jodatime.RandoopTest3.test327], The revealed different behavior: PASS, when executed after: [], Test: randoop.jodatime.RandoopTest0.test226, Intended behavior: FAILURE, when executed after: [randoop.jodatime.RandoopTest0.test208], The revealed different behavior: PASS, when executed after: [], Test: randoop.jodatime.RandoopTest3.test333, Intended behavior: FAILURE, when executed after: [randoop.jodatime.RandoopTest3.test332], The revealed different behavior: PASS, when executed after: [], Test: randoop.jodatime.RandoopTest3.test435, Intended behavior: FAILURE, when executed after: [randoop.jodatime.RandoopTest3.test434], The revealed different behavior: PASS, when executed after: [], Test: randoop.jodatime.RandoopTest3.test332, Intended behavior: FAILURE, when executed after: [randoop.jodatime.RandoopTest3.test330], The revealed different behavior: PASS, when executed after: [], Test: randoop.jodatime.RandoopTest3.test434, Intended behavior: FAILURE, when executed after: [randoop.jodatime.RandoopTest3.test432], The revealed different behavior: PASS, when executed after: [], Test: randoop.jodatime.RandoopTest3.test338, Intended behavior: FAILURE, when executed after: [randoop.jodatime.RandoopTest3.test336], The revealed different behavior: PASS, when executed after: [], Test: randoop.jodatime.RandoopTest3.test432, Intended behavior: FAILURE, when executed after: [randoop.jodatime.RandoopTest3.test426], The revealed different behavior: PASS, when executed after: [], Test: randoop.jodatime.RandoopTest0.test369, Intended behavior: FAILURE, when executed after: [randoop.jodatime.RandoopTest0.test361], The revealed different behavior: PASS, when executed after: [], Test: randoop.jodatime.RandoopTest3.test336, Intended behavior: FAILURE, when executed after: [randoop.jodatime.RandoopTest3.test333], The revealed different behavior: PASS, when executed after: [], Test: randoop.jodatime.RandoopTest0.test229, Intended behavior: FAILURE, when executed after: [randoop.jodatime.RandoopTest0.test226], The revealed different behavior: PASS, when executed after: [], Test: randoop.jodatime.RandoopTest3.test205, Intended behavior: FAILURE, when executed after: [randoop.jodatime.RandoopTest3.test201], The revealed different behavior: PASS, when executed after: [], Test: randoop.jodatime.RandoopTest3.test208, Intended behavior: FAILURE, when executed after: [randoop.jodatime.RandoopTest3.test205], The revealed different behavior: PASS, when executed after: [], Test: randoop.jodatime.RandoopTest3.test201, Intended behavior: FAILURE, when executed after: [randoop.jodatime.RandoopTest3.test199], The revealed different behavior: PASS, when executed after: [], Test: randoop.jodatime.RandoopTest0.test135, Intended behavior: FAILURE, when executed after: [randoop.jodatime.RandoopTest0.test115], The revealed different behavior: PASS, when executed after: [], Test: randoop.jodatime.RandoopTest3.test492, Intended behavior: FAILURE, when executed after: [randoop.jodatime.RandoopTest3.test487], The revealed different behavior: PASS, when executed after: [], Test: randoop.jodatime.RandoopTest3.test347, Intended behavior: FAILURE, when executed after: [randoop.jodatime.RandoopTest3.test346], The revealed different behavior: PASS, when executed after: [], Test: randoop.jodatime.RandoopTest0.test314, Intended behavior: FAILURE, when executed after: [randoop.jodatime.RandoopTest0.test306], The revealed different behavior: PASS, when executed after: [], Test: randoop.jodatime.RandoopTest3.test487, Intended behavior: FAILURE, when executed after: [randoop.jodatime.RandoopTest3.test481], The revealed different behavior: PASS, when executed after: [], Test: randoop.jodatime.RandoopTest3.test345, Intended behavior: FAILURE, when executed after: [randoop.jodatime.RandoopTest3.test338], The revealed different behavior: PASS, when executed after: [], Test: randoop.jodatime.RandoopTest3.test346, Intended behavior: FAILURE, when executed after: [randoop.jodatime.RandoopTest3.test345], The revealed different behavior: PASS, when executed after: [], Test: randoop.jodatime.RandoopTest0.test406, Intended behavior: FAILURE, when executed after: [randoop.jodatime.RandoopTest0.test395], The revealed different behavior: PASS, when executed after: [], Test: randoop.jodatime.RandoopTest3.test219, Intended behavior: FAILURE, when executed after: [randoop.jodatime.RandoopTest3.test210], The revealed different behavior: PASS, when executed after: [], Test: randoop.jodatime.RandoopTest3.test210, Intended behavior: FAILURE, when executed after: [randoop.jodatime.RandoopTest3.test208], The revealed different behavior: PASS, when executed after: [], Test: randoop.jodatime.RandoopTest3.test496, Intended behavior: FAILURE, when executed after: [randoop.jodatime.RandoopTest3.test492], The revealed different behavior: PASS, when executed after: [], Test: randoop.jodatime.RandoopTest0.test304, Intended behavior: FAILURE, when executed after: [randoop.jodatime.RandoopTest0.test297], The revealed different behavior: PASS, when executed after: [], Test: randoop.jodatime.RandoopTest3.test1, Intended behavior: FAILURE, when executed after: [randoop.jodatime.RandoopTest2.test500], The revealed different behavior: PASS, when executed after: [], Test: randoop.jodatime.RandoopTest3.test497, Intended behavior: FAILURE, when executed after: [randoop.jodatime.RandoopTest3.test496], The revealed different behavior: PASS, when executed after: [], Test: randoop.jodatime.RandoopTest3.test498, Intended behavior: FAILURE, when executed after: [randoop.jodatime.RandoopTest3.test497], The revealed different behavior: PASS, when executed after: [], Test: randoop.jodatime.RandoopTest0.test208, Intended behavior: FAILURE, when executed after: [randoop.jodatime.RandoopTest0.test196], The revealed different behavior: PASS, when executed after: [], Test: randoop.jodatime.RandoopTest3.test356, Intended behavior: FAILURE, when executed after: [randoop.jodatime.RandoopTest3.test352], The revealed different behavior: PASS, when executed after: [], Test: randoop.jodatime.RandoopTest0.test306, Intended behavior: FAILURE, when executed after: [randoop.jodatime.RandoopTest0.test304], The revealed different behavior: PASS, when executed after: [], Test: randoop.jodatime.RandoopTest3.test352, Intended behavior: FAILURE, when executed after: [randoop.jodatime.RandoopTest3.test347], The revealed different behavior: PASS, when executed after: [], Test: randoop.jodatime.RandoopTest3.test8, Intended behavior: FAILURE, when executed after: [randoop.jodatime.RandoopTest3.test7], The revealed different behavior: PASS, when executed after: [], Test: randoop.jodatime.RandoopTest3.test9, Intended behavior: FAILURE, when executed after: [randoop.jodatime.RandoopTest3.test8], The revealed different behavior: PASS, when executed after: [], Test: randoop.jodatime.RandoopTest3.test7, Intended behavior: FAILURE, when executed after: [randoop.jodatime.RandoopTest3.test1], The revealed different behavior: PASS, when executed after: [], Test: randoop.jodatime.RandoopTest3.test12, Intended behavior: FAILURE, when executed after: [randoop.jodatime.RandoopTest3.test9], The revealed different behavior: PASS, when executed after: [], Test: randoop.jodatime.RandoopTest3.test470, Intended behavior: FAILURE, when executed after: [randoop.jodatime.RandoopTest3.test467], The revealed different behavior: PASS, when executed after: [], Test: randoop.jodatime.RandoopTest0.test141, Intended behavior: FAILURE, when executed after: [randoop.jodatime.RandoopTest0.test135], The revealed different behavior: PASS, when executed after: [], Test: randoop.jodatime.RandoopTest0.test338, Intended behavior: FAILURE, when executed after: [randoop.jodatime.RandoopTest0.test325], The revealed different behavior: PASS, when executed after: [], Test: randoop.jodatime.RandoopTest3.test467, Intended behavior: FAILURE, when executed after: [randoop.jodatime.RandoopTest3.test462], The revealed different behavior: PASS, when executed after: [], Test: randoop.jodatime.RandoopTest3.test462, Intended behavior: FAILURE, when executed after: [randoop.jodatime.RandoopTest3.test457], The revealed different behavior: PASS, when executed after: [], Test: randoop.jodatime.RandoopTest3.test16, Intended behavior: FAILURE, when executed after: [randoop.jodatime.RandoopTest3.test14], The revealed different behavior: PASS, when executed after: [], Test: randoop.jodatime.RandoopTest3.test14, Intended behavior: FAILURE, when executed after: [randoop.jodatime.RandoopTest3.test12], The revealed different behavior: PASS, when executed after: [], Test: randoop.jodatime.RandoopTest3.test365, Intended behavior: FAILURE, when executed after: [randoop.jodatime.RandoopTest3.test356], The revealed different behavior: PASS, when executed after: [], Test: randoop.jodatime.RandoopTest3.test382, Intended behavior: FAILURE, when executed after: [randoop.jodatime.RandoopTest3.test381], The revealed different behavior: PASS, when executed after: [], Test: randoop.jodatime.RandoopTest3.test381, Intended behavior: FAILURE, when executed after: [randoop.jodatime.RandoopTest3.test380], The revealed different behavior: PASS, when executed after: [], Test: randoop.jodatime.RandoopTest3.test22, Intended behavior: FAILURE, when executed after: [randoop.jodatime.RandoopTest3.test16], The revealed different behavior: PASS, when executed after: [], Test: randoop.jodatime.RandoopTest3.test380, Intended behavior: FAILURE, when executed after: [randoop.jodatime.RandoopTest3.test376], The revealed different behavior: PASS, when executed after: [], Test: randoop.jodatime.RandoopTest3.test481, Intended behavior: FAILURE, when executed after: [randoop.jodatime.RandoopTest3.test471], The revealed different behavior: PASS, when executed after: [], Test: randoop.jodatime.RandoopTest0.test325, Intended behavior: FAILURE, when executed after: [randoop.jodatime.RandoopTest0.test320], The revealed different behavior: PASS, when executed after: [], Test: randoop.jodatime.RandoopTest0.test320, Intended behavior: FAILURE, when executed after: [randoop.jodatime.RandoopTest0.test314], The revealed different behavior: PASS, when executed after: [], Test: randoop.jodatime.RandoopTest3.test471, Intended behavior: FAILURE, when executed after: [randoop.jodatime.RandoopTest3.test470], The revealed different behavior: PASS, when executed after: [], Test: randoop.jodatime.RandoopTest3.test375, Intended behavior: FAILURE, when executed after: [randoop.jodatime.RandoopTest3.test365], The revealed different behavior: PASS, when executed after: [], Test: randoop.jodatime.RandoopTest3.test29, Intended behavior: FAILURE, when executed after: [randoop.jodatime.RandoopTest3.test28], The revealed different behavior: PASS, when executed after: [], Test: randoop.jodatime.RandoopTest3.test28, Intended behavior: FAILURE, when executed after: [randoop.jodatime.RandoopTest3.test22], The revealed different behavior: PASS, when executed after: [], Test: randoop.jodatime.RandoopTest3.test376, Intended behavior: FAILURE, when executed after: [randoop.jodatime.RandoopTest3.test375], The revealed different behavior: PASS, when executed after: [], Test: randoop.jodatime.RandoopTest2.test85, Intended behavior: FAILURE, when executed after: [randoop.jodatime.RandoopTest2.test58], The revealed different behavior: PASS, when executed after: [], Test: randoop.jodatime.RandoopTest2.test212, Intended behavior: FAILURE, when executed after: [randoop.jodatime.RandoopTest2.test85], The revealed different behavior: PASS, when executed after: [], Test: randoop.jodatime.RandoopTest2.test376, Intended behavior: FAILURE, when executed after: [randoop.jodatime.RandoopTest2.test310], The revealed different behavior: PASS, when executed after: [], Test: randoop.jodatime.RandoopTest2.test269, Intended behavior: FAILURE, when executed after: [randoop.jodatime.RandoopTest2.test259], The revealed different behavior: PASS, when executed after: [], Test: randoop.jodatime.RandoopTest1.test465, Intended behavior: FAILURE, when executed after: [randoop.jodatime.RandoopTest1.test220], The revealed different behavior: PASS, when executed after: [], Test: randoop.jodatime.RandoopTest2.test310, Intended behavior: FAILURE, when executed after: [randoop.jodatime.RandoopTest2.test289], The revealed different behavior: PASS, when executed after: [], Test: randoop.jodatime.RandoopTest2.test216, Intended behavior: FAILURE, when executed after: [randoop.jodatime.RandoopTest2.test212], The revealed different behavior: PASS, when executed after: [], Test: randoop.jodatime.RandoopTest2.test289, Intended behavior: FAILURE, when executed after: [randoop.jodatime.RandoopTest2.test284], The revealed different behavior: PASS, when executed after: []]

Coverage test list:
[0, 0, 0, 0, 0, 0, 0, 0, 5000, 0, 0, 0, 0, 0, 0, 0, 0, 0, 0, 0, 0, 0, 0, 0, 0, 0, 0, 0, 0, 0, 0, 0, 0, 0, 0, 0, 0, 0, 0, 0, 0, 0, 0, 0, 0, 0, 0, 0, 0, 0, 5000, 0, 0, 0, 0, 0, 0, 0, 0, 0, 0, 0, 0, 0, 0, 0, 0, 0, 0, 0, 0, 0, 0, 0, 0, 0, 0, 0, 0, 0, 0, 0, 0, 0, 0, 0, 0, 0, 0, 0, 0, 0, 0, 0, 0, 0, 0, 0, 0, 0, 0, 0, 0, 0, 0, 0, 0, 0, 0, 0, 0, 0, 0, 0, 0, 0, 0, 0, 0, 0, 0, 0, 0, 0, 0, 0, 0, 0, 0, 0, 0, 0, 0, 0, 0, 0, 0, 0, 0, 0, 0, 0, 0, 0, 0, 0, 0, 0, 0, 0, 0, 0, 0, 0, 0, 0, 0, 0, 0, 0, 0, 0, 0, 0, 0, 0, 0, 0, 0, 0, 0, 0, 0, 0, 0, 0, 0, 0, 0, 0, 0, 0, 0, 0, 0, 0, 0, 0, 0, 0, 0, 0, 0, 0, 0, 0, 0, 0, 0, 0, 0, 0, 0, 0, 0, 0, 0, 0, 0, 0, 0, 0, 0, 0, 0, 0, 0, 0, 0, 0, 0, 0, 0, 0, 0, 0, 0, 0, 0, 0, 0, 0, 0, 0, 0, 0, 0, 0, 0, 0, 0, 0, 0, 0, 0, 0, 0, 0, 0, 0, 0, 0, 0, 0, 0, 0, 0, 0, 0, 0, 0, 0, 0, 0, 0, 0, 0, 0, 0, 0, 0, 0, 0, 0, 0, 0, 0, 0, 0, 0, 0, 0, 0, 0, 0, 0, 0, 0, 0, 0, 0, 0, 0, 0, 0, 0, 0, 0, 0, 0, 0, 0, 0, 0, 0, 0, 0, 0, 0, 0, 0, 0, 0, 0, 0, 0, 0, 0, 0, 0, 0, 0, 0, 0, 0, 0, 0, 0, 0, 0, 0, 0, 0, 0, 0, 0, 0, 0, 0, 0, 0, 0, 0, 0, 0, 0, 0, 0, 0, 0, 0, 0, 0, 0, 0, 0, 0, 0, 0, 0, 0, 0, 0, 0, 0, 0, 0, 0, 0, 0, 0, 0, 0, 0, 0, 0, 0, 0, 0, 0, 0, 0, 0, 0, 0, 0, 0, 0, 0, 0, 0, 0, 0, 0, 0, 0, 0, 0, 0, 0, 0, 0, 0, 0, 0, 0, 0, 0, 0, 0, 0, 0, 0, 0, 0, 0, 0, 0, 0, 0, 0, 0, 0, 0, 0, 0, 0, 0, 0, 0, 0, 0, 0, 0, 0, 0, 0, 0, 0, 0, 0, 0, 0, 0, 0, 0, 0, 0, 0, 0, 0, 0, 0, 0, 0, 0, 0, 0, 0, 0, 0, 0, 0, 0, 0]
--------------------------
Total time (of all machines and iterations plus initial TestListGenerator): 830.265