Test: RegressionTest0.test198
Intended behavior: FAILURE
when executed after: [RegressionTest0.test297]
The revealed different behavior: PASS
when executed after: []

Test: RegressionTest0.test496
Intended behavior: FAILURE
when executed after: [RegressionTest0.test448]
The revealed different behavior: PASS
when executed after: []

Test: RegressionTest0.test378
Intended behavior: FAILURE
when executed after: [RegressionTest0.test357]
The revealed different behavior: PASS
when executed after: []

Test: RegressionTest0.test342
Intended behavior: FAILURE
when executed after: [RegressionTest0.test335]
The revealed different behavior: PASS
when executed after: []

Test: RegressionTest0.test091
Intended behavior: FAILURE
when executed after: [RegressionTest0.test036]
The revealed different behavior: PASS
when executed after: []

Test: RegressionTest1.test009
Intended behavior: FAILURE
when executed after: [RegressionTest0.test429]
The revealed different behavior: PASS
when executed after: []

Test: ErrorTest0.test05
Intended behavior: FAILURE
when executed after: [RegressionTest0.test463]
The revealed different behavior: PASS
when executed after: []

Test: RegressionTest0.test429
Intended behavior: FAILURE
when executed after: [RegressionTest0.test424]
The revealed different behavior: PASS
when executed after: []

Test: RegressionTest0.test297
Intended behavior: FAILURE
when executed after: [RegressionTest0.test255]
The revealed different behavior: PASS
when executed after: []

Test: ErrorTest0.test34
Intended behavior: FAILURE
when executed after: [ErrorTest0.test05]
The revealed different behavior: PASS
when executed after: []

Test: RegressionTest0.test463
Intended behavior: FAILURE
when executed after: [RegressionTest0.test430]
The revealed different behavior: PASS
when executed after: []

Test: RegressionTest0.test448
Intended behavior: FAILURE
when executed after: [RegressionTest0.test378]
The revealed different behavior: PASS
when executed after: []

Test: RegressionTest2.test090
Intended behavior: FAILURE
when executed after: [RegressionTest2.test087]
The revealed different behavior: PASS
when executed after: []

Test: RegressionTest1.test043
Intended behavior: FAILURE
when executed after: [RegressionTest1.test008]
The revealed different behavior: PASS
when executed after: []

Test: RegressionTest0.test428
Intended behavior: FAILURE
when executed after: [RegressionTest0.test410]
The revealed different behavior: PASS
when executed after: []

Test: RegressionTest0.test410
Intended behavior: FAILURE
when executed after: [RegressionTest2.test027]
The revealed different behavior: PASS
when executed after: []

Test: RegressionTest1.test008
Intended behavior: FAILURE
when executed after: [RegressionTest0.test428]
The revealed different behavior: PASS
when executed after: []

Test: RegressionTest0.test390
Intended behavior: FAILURE
when executed after: [RegressionTest0.test003]
The revealed different behavior: PASS
when executed after: []

Test: RegressionTest0.test036
Intended behavior: FAILURE
when executed after: [RegressionTest0.test011]
The revealed different behavior: PASS
when executed after: []

Test: RegressionTest1.test069
Intended behavior: FAILURE
when executed after: [ErrorTest0.test34]
The revealed different behavior: PASS
when executed after: []

Test: RegressionTest0.test430
Intended behavior: FAILURE
when executed after: [RegressionTest0.test390]
The revealed different behavior: PASS
when executed after: []

Test: RegressionTest0.test001
Intended behavior: FAILURE
when executed after: [RegressionTest2.test034]
The revealed different behavior: PASS
when executed after: []

Test: RegressionTest0.test357
Intended behavior: FAILURE
when executed after: [RegressionTest0.test356]
The revealed different behavior: PASS
when executed after: []

Test: RegressionTest0.test356
Intended behavior: FAILURE
when executed after: [RegressionTest0.test349]
The revealed different behavior: PASS
when executed after: []

Test: RegressionTest0.test349
Intended behavior: FAILURE
when executed after: [RegressionTest0.test177]
The revealed different behavior: PASS
when executed after: []

Test: RegressionTest0.test177
Intended behavior: FAILURE
when executed after: [RegressionTest0.test175]
The revealed different behavior: PASS
when executed after: []

Test: RegressionTest0.test175
Intended behavior: FAILURE
when executed after: [RegressionTest0.test169]
The revealed different behavior: PASS
when executed after: []

Test: RegressionTest0.test169
Intended behavior: FAILURE
when executed after: [RegressionTest0.test161]
The revealed different behavior: PASS
when executed after: []

Test: RegressionTest0.test161
Intended behavior: FAILURE
when executed after: [RegressionTest0.test160]
The revealed different behavior: PASS
when executed after: []

Test: RegressionTest0.test160
Intended behavior: FAILURE
when executed after: [RegressionTest0.test195]
The revealed different behavior: PASS
when executed after: []

Test: RegressionTest0.test195
Intended behavior: FAILURE
when executed after: [RegressionTest0.test342]
The revealed different behavior: PASS
when executed after: []

Test: RegressionTest0.test335
Intended behavior: FAILURE
when executed after: [RegressionTest0.test325]
The revealed different behavior: PASS
when executed after: []

Test: RegressionTest0.test325
Intended behavior: FAILURE
when executed after: [RegressionTest0.test316]
The revealed different behavior: PASS
when executed after: []

Test: RegressionTest0.test316
Intended behavior: FAILURE
when executed after: [RegressionTest0.test304]
The revealed different behavior: PASS
when executed after: []

Test: RegressionTest0.test304
Intended behavior: FAILURE
when executed after: [RegressionTest0.test299]
The revealed different behavior: PASS
when executed after: []

Test: RegressionTest0.test299
Intended behavior: FAILURE
when executed after: [RegressionTest0.test295]
The revealed different behavior: PASS
when executed after: []

Test: RegressionTest0.test295
Intended behavior: FAILURE
when executed after: [RegressionTest0.test294]
The revealed different behavior: PASS
when executed after: []

Test: RegressionTest0.test294
Intended behavior: FAILURE
when executed after: [RegressionTest0.test291]
The revealed different behavior: PASS
when executed after: []

Test: RegressionTest0.test291
Intended behavior: FAILURE
when executed after: [RegressionTest0.test265]
The revealed different behavior: PASS
when executed after: []

Test: RegressionTest0.test265
Intended behavior: FAILURE
when executed after: [RegressionTest0.test251]
The revealed different behavior: PASS
when executed after: []

Test: RegressionTest0.test251
Intended behavior: FAILURE
when executed after: [RegressionTest0.test250]
The revealed different behavior: PASS
when executed after: []

Test: RegressionTest0.test250
Intended behavior: FAILURE
when executed after: [RegressionTest0.test249]
The revealed different behavior: PASS
when executed after: []

Test: RegressionTest0.test249
Intended behavior: FAILURE
when executed after: [RegressionTest0.test248]
The revealed different behavior: PASS
when executed after: []

Test: RegressionTest0.test248
Intended behavior: FAILURE
when executed after: [RegressionTest0.test244]
The revealed different behavior: PASS
when executed after: []

Test: RegressionTest0.test244
Intended behavior: FAILURE
when executed after: [RegressionTest0.test239]
The revealed different behavior: PASS
when executed after: []

Test: RegressionTest0.test239
Intended behavior: FAILURE
when executed after: [RegressionTest0.test236]
The revealed different behavior: PASS
when executed after: []

Test: RegressionTest0.test236
Intended behavior: FAILURE
when executed after: [RegressionTest0.test222]
The revealed different behavior: PASS
when executed after: []

Test: RegressionTest0.test222
Intended behavior: FAILURE
when executed after: [RegressionTest0.test148]
The revealed different behavior: PASS
when executed after: []

Test: RegressionTest0.test148
Intended behavior: FAILURE
when executed after: [RegressionTest0.test147]
The revealed different behavior: PASS
when executed after: []

Test: RegressionTest0.test147
Intended behavior: FAILURE
when executed after: [RegressionTest0.test141]
The revealed different behavior: PASS
when executed after: []

Test: RegressionTest0.test141
Intended behavior: FAILURE
when executed after: [RegressionTest0.test140]
The revealed different behavior: PASS
when executed after: []

Test: RegressionTest0.test140
Intended behavior: FAILURE
when executed after: [RegressionTest0.test134]
The revealed different behavior: PASS
when executed after: []

Test: RegressionTest0.test134
Intended behavior: FAILURE
when executed after: [RegressionTest0.test131]
The revealed different behavior: PASS
when executed after: []

Test: RegressionTest0.test131
Intended behavior: FAILURE
when executed after: [RegressionTest0.test126]
The revealed different behavior: PASS
when executed after: []

Test: RegressionTest0.test126
Intended behavior: FAILURE
when executed after: [RegressionTest0.test124]
The revealed different behavior: PASS
when executed after: []

Test: RegressionTest0.test124
Intended behavior: FAILURE
when executed after: [RegressionTest0.test070]
The revealed different behavior: PASS
when executed after: []

Test: RegressionTest0.test070
Intended behavior: FAILURE
when executed after: [RegressionTest0.test062]
The revealed different behavior: PASS
when executed after: []

Test: RegressionTest0.test062
Intended behavior: FAILURE
when executed after: [RegressionTest0.test061]
The revealed different behavior: PASS
when executed after: []

Test: RegressionTest0.test061
Intended behavior: FAILURE
when executed after: [RegressionTest0.test056]
The revealed different behavior: PASS
when executed after: []

Test: RegressionTest0.test056
Intended behavior: FAILURE
when executed after: [RegressionTest0.test055]
The revealed different behavior: PASS
when executed after: []

Test: RegressionTest0.test055
Intended behavior: FAILURE
when executed after: [RegressionTest0.test054]
The revealed different behavior: PASS
when executed after: []

Test: RegressionTest0.test054
Intended behavior: FAILURE
when executed after: [RegressionTest0.test052]
The revealed different behavior: PASS
when executed after: []

Test: RegressionTest0.test052
Intended behavior: FAILURE
when executed after: [RegressionTest0.test051]
The revealed different behavior: PASS
when executed after: []

Test: RegressionTest0.test051
Intended behavior: FAILURE
when executed after: [RegressionTest0.test046]
The revealed different behavior: PASS
when executed after: []

Test: RegressionTest0.test046
Intended behavior: FAILURE
when executed after: [RegressionTest0.test042]
The revealed different behavior: PASS
when executed after: []

Test: RegressionTest0.test042
Intended behavior: FAILURE
when executed after: [RegressionTest0.test034]
The revealed different behavior: PASS
when executed after: []

Test: RegressionTest0.test034
Intended behavior: FAILURE
when executed after: [RegressionTest0.test029]
The revealed different behavior: PASS
when executed after: []

Test: RegressionTest0.test029
Intended behavior: FAILURE
when executed after: [RegressionTest0.test026]
The revealed different behavior: PASS
when executed after: []

Test: RegressionTest0.test026
Intended behavior: FAILURE
when executed after: [RegressionTest0.test005]
The revealed different behavior: PASS
when executed after: []

Test: RegressionTest0.test005
Intended behavior: FAILURE
when executed after: [RegressionTest2.test179]
The revealed different behavior: PASS
when executed after: []

Test: RegressionTest2.test179
Intended behavior: FAILURE
when executed after: [RegressionTest2.test172]
The revealed different behavior: PASS
when executed after: []

Test: RegressionTest2.test172
Intended behavior: FAILURE
when executed after: [RegressionTest2.test167]
The revealed different behavior: PASS
when executed after: []

Test: RegressionTest2.test167
Intended behavior: FAILURE
when executed after: [RegressionTest2.test157]
The revealed different behavior: PASS
when executed after: []

Test: RegressionTest2.test157
Intended behavior: FAILURE
when executed after: [RegressionTest2.test013]
The revealed different behavior: PASS
when executed after: []

Test: RegressionTest2.test013
Intended behavior: FAILURE
when executed after: [RegressionTest2.test152]
The revealed different behavior: PASS
when executed after: []

Test: RegressionTest2.test152
Intended behavior: FAILURE
when executed after: [RegressionTest2.test145]
The revealed different behavior: PASS
when executed after: []

Test: RegressionTest2.test145
Intended behavior: FAILURE
when executed after: [RegressionTest2.test130]
The revealed different behavior: PASS
when executed after: []

Test: RegressionTest2.test130
Intended behavior: FAILURE
when executed after: [RegressionTest2.test121]
The revealed different behavior: PASS
when executed after: []

Test: RegressionTest2.test121
Intended behavior: FAILURE
when executed after: [RegressionTest2.test115]
The revealed different behavior: PASS
when executed after: []

Test: RegressionTest2.test115
Intended behavior: FAILURE
when executed after: [RegressionTest2.test113]
The revealed different behavior: PASS
when executed after: []

Test: RegressionTest2.test113
Intended behavior: FAILURE
when executed after: [RegressionTest2.test108]
The revealed different behavior: PASS
when executed after: []

Test: RegressionTest2.test108
Intended behavior: FAILURE
when executed after: [RegressionTest2.test106]
The revealed different behavior: PASS
when executed after: []

Test: RegressionTest2.test106
Intended behavior: FAILURE
when executed after: [RegressionTest2.test098]
The revealed different behavior: PASS
when executed after: []

Test: RegressionTest2.test098
Intended behavior: FAILURE
when executed after: [RegressionTest2.test090]
The revealed different behavior: PASS
when executed after: []

Test: RegressionTest2.test087
Intended behavior: FAILURE
when executed after: [RegressionTest2.test067]
The revealed different behavior: PASS
when executed after: []

Test: RegressionTest2.test067
Intended behavior: FAILURE
when executed after: [RegressionTest2.test059]
The revealed different behavior: PASS
when executed after: []

Test: RegressionTest2.test059
Intended behavior: FAILURE
when executed after: [RegressionTest2.test058]
The revealed different behavior: PASS
when executed after: []

Test: RegressionTest2.test058
Intended behavior: FAILURE
when executed after: [RegressionTest2.test043]
The revealed different behavior: PASS
when executed after: []

Test: RegressionTest2.test043
Intended behavior: FAILURE
when executed after: [RegressionTest2.test042]
The revealed different behavior: PASS
when executed after: []

Test: RegressionTest2.test042
Intended behavior: FAILURE
when executed after: [RegressionTest2.test041]
The revealed different behavior: PASS
when executed after: []

Test: RegressionTest2.test041
Intended behavior: FAILURE
when executed after: [RegressionTest2.test039]
The revealed different behavior: PASS
when executed after: []

Test: RegressionTest2.test039
Intended behavior: FAILURE
when executed after: [RegressionTest2.test036]
The revealed different behavior: PASS
when executed after: []

Test: RegressionTest2.test036
Intended behavior: FAILURE
when executed after: [RegressionTest2.test035]
The revealed different behavior: PASS
when executed after: []

Test: RegressionTest2.test035
Intended behavior: FAILURE
when executed after: [RegressionTest2.test031]
The revealed different behavior: PASS
when executed after: []

Test: RegressionTest2.test031
Intended behavior: FAILURE
when executed after: [RegressionTest2.test029]
The revealed different behavior: PASS
when executed after: []

Test: RegressionTest2.test029
Intended behavior: FAILURE
when executed after: [RegressionTest2.test007]
The revealed different behavior: PASS
when executed after: []

Test: RegressionTest1.test193
Intended behavior: FAILURE
when executed after: [RegressionTest1.test009]
The revealed different behavior: PASS
when executed after: []

Test: RegressionTest0.test255
Intended behavior: FAILURE
when executed after: [RegressionTest0.test091]
The revealed different behavior: PASS
when executed after: []

