Test: RegressionTest0.test255
Intended behavior: FAILURE
when executed after: [RegressionTest0.test011]
The revealed different behavior: PASS
when executed after: []

Test: RegressionTest0.test198
Intended behavior: FAILURE
when executed after: [RegressionTest0.test255]
The revealed different behavior: PASS
when executed after: []

Test: RegressionTest0.test390
Intended behavior: FAILURE
when executed after: [RegressionTest0.test003]
The revealed different behavior: PASS
when executed after: []

Test: RegressionTest0.test496
Intended behavior: FAILURE
when executed after: [RegressionTest0.test444]
The revealed different behavior: PASS
when executed after: []

Test: RegressionTest0.test378
Intended behavior: FAILURE
when executed after: [RegressionTest0.test342]
The revealed different behavior: PASS
when executed after: []

Test: RegressionTest0.test342
Intended behavior: FAILURE
when executed after: [RegressionTest2.test090]
The revealed different behavior: PASS
when executed after: []

Test: ErrorTest0.test25
Intended behavior: FAILURE
when executed after: [ErrorTest0.test23]
The revealed different behavior: PASS
when executed after: []

Test: RegressionTest1.test009
Intended behavior: FAILURE
when executed after: [RegressionTest0.test429]
The revealed different behavior: PASS
when executed after: []

Test: ErrorTest0.test23
Intended behavior: FAILURE
when executed after: [ErrorTest0.test05]
The revealed different behavior: PASS
when executed after: []

Test: ErrorTest0.test05
Intended behavior: FAILURE
when executed after: [RegressionTest0.test430]
The revealed different behavior: PASS
when executed after: []

Test: RegressionTest0.test430
Intended behavior: FAILURE
when executed after: [RegressionTest0.test390]
The revealed different behavior: PASS
when executed after: []

Test: RegressionTest0.test429
Intended behavior: FAILURE
when executed after: [RegressionTest0.test424]
The revealed different behavior: PASS
when executed after: []

Test: RegressionTest0.test444
Intended behavior: FAILURE
when executed after: [RegressionTest0.test378]
The revealed different behavior: PASS
when executed after: []

Test: RegressionTest2.test090
Intended behavior: FAILURE
when executed after: [RegressionTest2.test043]
The revealed different behavior: PASS
when executed after: []

Test: RegressionTest1.test069
Intended behavior: FAILURE
when executed after: [ErrorTest0.test25]
The revealed different behavior: PASS
when executed after: []

Test: RegressionTest1.test193
Intended behavior: FAILURE
when executed after: [RegressionTest1.test009]
The revealed different behavior: PASS
when executed after: []

