The following arguments were used to generate this output.
[-technique, parallelization, -order, original, -origOrder, crystal-orig-order, -testInputDir, sootTestOutput-orig, -filesToDelete, crystal-env-files, -project, Crystal, -testType, orig, -numOfMachines, 16, -outputDir, /homes/gws/winglam/winglam/dependent-tests-impact/experiments/parallelization-results, -timesToRun, 1, -dependentTestFile, /homes/gws/winglam/winglam/dependent-tests-impact/experiments/parallelization-dt-list/parallelization-Crystal-orig-16-original.txt]

Execution time of TLG and its time to find/nullify any DTs for 1 machine (does not include the time to run the tests in the new order): 0.201
Number of tests selected out of total in original order: 5 / 71
Number of DTs not fixed: 0
Number of DTs fixed: 0
Execution time for executing the following testing order: 0.121

Test order list:
[crystal.client.ProjectPreferencesTest.testNullInputConstructor, crystal.client.ProjectPreferencesTest.testProjectPreferences, crystal.client.ProjectPreferencesTest.testDuplicateAddDataSource, crystal.client.ProjectPreferencesTest.testAddDataSource, crystal.client.ProjectPreferencesTest.testGetNumOfVisibleSources]

Time each test takes to run in the new order:
[31790021, 84773351, 1503266, 1686047, 1221166]

Dependent test list:
[Test: crystal.model.DataSourceTest.testSetKind, Intended behavior: FAILURE, when executed after: [crystal.model.DataSourceTest.testIsHidden], The revealed different behavior: PASS, when executed after: [], Test: crystal.model.DataSourceTest.testIsHidden, Intended behavior: FAILURE, when executed after: [crystal.model.DataSourceTest.testSetEnabled], The revealed different behavior: PASS, when executed after: [], Test: crystal.model.DataSourceTest.testSetEnabled, Intended behavior: FAILURE, when executed after: [crystal.model.DataSourceTest.testSetCompileCommand], The revealed different behavior: PASS, when executed after: [], Test: crystal.model.DataSourceTest.testSetCompileCommand, Intended behavior: FAILURE, when executed after: [crystal.model.DataSourceTest.testSetField], The revealed different behavior: PASS, when executed after: [], Test: crystal.model.DataSourceTest.testSetHistory, Intended behavior: FAILURE, when executed after: [crystal.model.DataSourceTest.testSetCloneString], The revealed different behavior: PASS, when executed after: [], Test: crystal.model.DataSourceTest.testSetCloneString, Intended behavior: FAILURE, when executed after: [crystal.model.DataSourceTest.testSetKind], The revealed different behavior: PASS, when executed after: []]
--------------------------
Execution time of TLG and its time to find/nullify any DTs for 1 machine (does not include the time to run the tests in the new order): 0.196
Number of tests selected out of total in original order: 5 / 71
Number of DTs not fixed: 0
Number of DTs fixed: 0
Execution time for executing the following testing order: 0.127

Test order list:
[crystal.client.ProjectPreferencesTest.testRemoveDataSource, crystal.client.ProjectPreferencesTest.testGetProjectCheckoutLocation, crystal.client.ProjectPreferencesTest.testClone, crystal.client.ConflictDaemonTest.testGetInstance, crystal.client.ConflictDaemonTest.testPrePerformCalculations]

Time each test takes to run in the new order:
[119226478, 1915052, 2093081, 2579878, 1566551]

Dependent test list:
[Test: crystal.model.DataSourceTest.testSetKind, Intended behavior: FAILURE, when executed after: [crystal.model.DataSourceTest.testIsHidden], The revealed different behavior: PASS, when executed after: [], Test: crystal.model.DataSourceTest.testIsHidden, Intended behavior: FAILURE, when executed after: [crystal.model.DataSourceTest.testSetEnabled], The revealed different behavior: PASS, when executed after: [], Test: crystal.model.DataSourceTest.testSetEnabled, Intended behavior: FAILURE, when executed after: [crystal.model.DataSourceTest.testSetCompileCommand], The revealed different behavior: PASS, when executed after: [], Test: crystal.model.DataSourceTest.testSetCompileCommand, Intended behavior: FAILURE, when executed after: [crystal.model.DataSourceTest.testSetField], The revealed different behavior: PASS, when executed after: [], Test: crystal.model.DataSourceTest.testSetHistory, Intended behavior: FAILURE, when executed after: [crystal.model.DataSourceTest.testSetCloneString], The revealed different behavior: PASS, when executed after: [], Test: crystal.model.DataSourceTest.testSetCloneString, Intended behavior: FAILURE, when executed after: [crystal.model.DataSourceTest.testSetKind], The revealed different behavior: PASS, when executed after: []]
--------------------------
Execution time of TLG and its time to find/nullify any DTs for 1 machine (does not include the time to run the tests in the new order): 0.260
Number of tests selected out of total in original order: 5 / 71
Number of DTs not fixed: 0
Number of DTs fixed: 0
Execution time for executing the following testing order: 0.170

Test order list:
[crystal.client.ConflictDaemonTest.testLocalState, crystal.client.ConflictDaemonTest.testRelationship, crystal.client.ConflictDaemonTest.testAddListener, crystal.client.ClientPreferencesTest.testNullInputConstructor, crystal.client.ClientPreferencesTest.testClone]

Time each test takes to run in the new order:
[130692140, 29775696, 3160693, 4281413, 1627031]

Dependent test list:
[Test: crystal.model.DataSourceTest.testSetKind, Intended behavior: FAILURE, when executed after: [crystal.model.DataSourceTest.testIsHidden], The revealed different behavior: PASS, when executed after: [], Test: crystal.model.DataSourceTest.testIsHidden, Intended behavior: FAILURE, when executed after: [crystal.model.DataSourceTest.testSetEnabled], The revealed different behavior: PASS, when executed after: [], Test: crystal.model.DataSourceTest.testSetEnabled, Intended behavior: FAILURE, when executed after: [crystal.model.DataSourceTest.testSetCompileCommand], The revealed different behavior: PASS, when executed after: [], Test: crystal.model.DataSourceTest.testSetCompileCommand, Intended behavior: FAILURE, when executed after: [crystal.model.DataSourceTest.testSetField], The revealed different behavior: PASS, when executed after: [], Test: crystal.model.DataSourceTest.testSetHistory, Intended behavior: FAILURE, when executed after: [crystal.model.DataSourceTest.testSetCloneString], The revealed different behavior: PASS, when executed after: [], Test: crystal.model.DataSourceTest.testSetCloneString, Intended behavior: FAILURE, when executed after: [crystal.model.DataSourceTest.testSetKind], The revealed different behavior: PASS, when executed after: []]
--------------------------
Execution time of TLG and its time to find/nullify any DTs for 1 machine (does not include the time to run the tests in the new order): 0.200
Number of tests selected out of total in original order: 5 / 71
Number of DTs not fixed: 0
Number of DTs fixed: 0
Execution time for executing the following testing order: 0.125

Test order list:
[crystal.client.ClientPreferencesTest.testDuplicateAddProjectPreferences, crystal.client.ClientPreferencesTest.testAddProjectPreferences, crystal.client.ClientPreferencesTest.testDuplicateProject, crystal.client.ClientPreferencesTest.testRemoveProjectPreferences, crystal.client.ClientPreferencesTest.testRemoveProjectPreferencesAtIndex]

Time each test takes to run in the new order:
[114959169, 2368704, 4411675, 1734018, 1955115]

Dependent test list:
[Test: crystal.model.DataSourceTest.testSetKind, Intended behavior: FAILURE, when executed after: [crystal.model.DataSourceTest.testIsHidden], The revealed different behavior: PASS, when executed after: [], Test: crystal.model.DataSourceTest.testIsHidden, Intended behavior: FAILURE, when executed after: [crystal.model.DataSourceTest.testSetEnabled], The revealed different behavior: PASS, when executed after: [], Test: crystal.model.DataSourceTest.testSetEnabled, Intended behavior: FAILURE, when executed after: [crystal.model.DataSourceTest.testSetCompileCommand], The revealed different behavior: PASS, when executed after: [], Test: crystal.model.DataSourceTest.testSetCompileCommand, Intended behavior: FAILURE, when executed after: [crystal.model.DataSourceTest.testSetField], The revealed different behavior: PASS, when executed after: [], Test: crystal.model.DataSourceTest.testSetHistory, Intended behavior: FAILURE, when executed after: [crystal.model.DataSourceTest.testSetCloneString], The revealed different behavior: PASS, when executed after: [], Test: crystal.model.DataSourceTest.testSetCloneString, Intended behavior: FAILURE, when executed after: [crystal.model.DataSourceTest.testSetKind], The revealed different behavior: PASS, when executed after: []]
--------------------------
Execution time of TLG and its time to find/nullify any DTs for 1 machine (does not include the time to run the tests in the new order): 0.399
Number of tests selected out of total in original order: 5 / 71
Number of DTs not fixed: 0
Number of DTs fixed: 0
Execution time for executing the following testing order: 0.299

Test order list:
[crystal.client.ClientPreferencesTest.testLoadPreferencesFromXML, crystal.client.ClientPreferencesTest.testClientPreferences, crystal.client.ClientPreferencesTest.testDefaultSetting, crystal.client.ClientPreferencesTest.testSavePreferencesToXML, crystal.model.RevisionHistoryTest.testEqualsObject]

Time each test takes to run in the new order:
[118332627, 1885784, 1746032, 31886406, 145424375]

Dependent test list:
[Test: crystal.model.DataSourceTest.testSetKind, Intended behavior: FAILURE, when executed after: [crystal.model.DataSourceTest.testIsHidden], The revealed different behavior: PASS, when executed after: [], Test: crystal.model.DataSourceTest.testIsHidden, Intended behavior: FAILURE, when executed after: [crystal.model.DataSourceTest.testSetEnabled], The revealed different behavior: PASS, when executed after: [], Test: crystal.model.DataSourceTest.testSetEnabled, Intended behavior: FAILURE, when executed after: [crystal.model.DataSourceTest.testSetCompileCommand], The revealed different behavior: PASS, when executed after: [], Test: crystal.model.DataSourceTest.testSetCompileCommand, Intended behavior: FAILURE, when executed after: [crystal.model.DataSourceTest.testSetField], The revealed different behavior: PASS, when executed after: [], Test: crystal.model.DataSourceTest.testSetHistory, Intended behavior: FAILURE, when executed after: [crystal.model.DataSourceTest.testSetCloneString], The revealed different behavior: PASS, when executed after: [], Test: crystal.model.DataSourceTest.testSetCloneString, Intended behavior: FAILURE, when executed after: [crystal.model.DataSourceTest.testSetKind], The revealed different behavior: PASS, when executed after: []]
--------------------------
Execution time of TLG and its time to find/nullify any DTs for 1 machine (does not include the time to run the tests in the new order): 0.355
Number of tests selected out of total in original order: 5 / 71
Number of DTs not fixed: 0
Number of DTs fixed: 0
Execution time for executing the following testing order: 0.227

Test order list:
[crystal.model.RevisionHistoryTest.testSuperSubHistory, crystal.model.RevisionHistoryTest.testGetCommitters, crystal.model.DataSourceTest.testClone, crystal.model.DataSourceTest.testSetField, crystal.model.DataSourceTest.testSetRemoteCmd]

Time each test takes to run in the new order:
[153487239, 67533370, 2869042, 1354971, 1299796]

Dependent test list:
[Test: crystal.model.DataSourceTest.testSetKind, Intended behavior: FAILURE, when executed after: [crystal.model.DataSourceTest.testIsHidden], The revealed different behavior: PASS, when executed after: [], Test: crystal.model.DataSourceTest.testIsHidden, Intended behavior: FAILURE, when executed after: [crystal.model.DataSourceTest.testSetEnabled], The revealed different behavior: PASS, when executed after: [], Test: crystal.model.DataSourceTest.testSetEnabled, Intended behavior: FAILURE, when executed after: [crystal.model.DataSourceTest.testSetCompileCommand], The revealed different behavior: PASS, when executed after: [], Test: crystal.model.DataSourceTest.testSetCompileCommand, Intended behavior: FAILURE, when executed after: [crystal.model.DataSourceTest.testSetField], The revealed different behavior: PASS, when executed after: [], Test: crystal.model.DataSourceTest.testSetHistory, Intended behavior: FAILURE, when executed after: [crystal.model.DataSourceTest.testSetCloneString], The revealed different behavior: PASS, when executed after: [], Test: crystal.model.DataSourceTest.testSetCloneString, Intended behavior: FAILURE, when executed after: [crystal.model.DataSourceTest.testSetKind], The revealed different behavior: PASS, when executed after: []]
--------------------------
Execution time of TLG and its time to find/nullify any DTs for 1 machine (does not include the time to run the tests in the new order): 0.102
Number of tests selected out of total in original order: 6 / 71
Number of DTs not fixed: 0
Number of DTs fixed: 0
Execution time for executing the following testing order: 0.039

Test order list:
[crystal.model.DataSourceTest.testSetField, crystal.model.DataSourceTest.testSetCompileCommand, crystal.model.DataSourceTest.testSetEnabled, crystal.model.DataSourceTest.testIsHidden, crystal.model.DataSourceTest.testSetParent, crystal.model.DataSourceTest.testSetKind]

Time each test takes to run in the new order:
[31153404, 1905173, 1711426, 1598681, 1517950, 1342552]

Dependent test list:
[Test: crystal.model.DataSourceTest.testSetKind, Intended behavior: FAILURE, when executed after: [crystal.model.DataSourceTest.testIsHidden], The revealed different behavior: PASS, when executed after: [], Test: crystal.model.DataSourceTest.testIsHidden, Intended behavior: FAILURE, when executed after: [crystal.model.DataSourceTest.testSetEnabled], The revealed different behavior: PASS, when executed after: [], Test: crystal.model.DataSourceTest.testSetEnabled, Intended behavior: FAILURE, when executed after: [crystal.model.DataSourceTest.testSetCompileCommand], The revealed different behavior: PASS, when executed after: [], Test: crystal.model.DataSourceTest.testSetCompileCommand, Intended behavior: FAILURE, when executed after: [crystal.model.DataSourceTest.testSetField], The revealed different behavior: PASS, when executed after: [], Test: crystal.model.DataSourceTest.testSetHistory, Intended behavior: FAILURE, when executed after: [crystal.model.DataSourceTest.testSetCloneString], The revealed different behavior: PASS, when executed after: [], Test: crystal.model.DataSourceTest.testSetCloneString, Intended behavior: FAILURE, when executed after: [crystal.model.DataSourceTest.testSetKind], The revealed different behavior: PASS, when executed after: []]
--------------------------
Execution time of TLG and its time to find/nullify any DTs for 1 machine (does not include the time to run the tests in the new order): 4.085
Number of tests selected out of total in original order: 9 / 71
Number of DTs not fixed: 0
Number of DTs fixed: 0
Execution time for executing the following testing order: 3.846

Test order list:
[crystal.model.DataSourceTest.testSetField, crystal.model.DataSourceTest.testSetCompileCommand, crystal.model.DataSourceTest.testSetEnabled, crystal.model.DataSourceTest.testIsHidden, crystal.model.DataSourceTest.testSetKind, crystal.model.DataSourceTest.testSetCloneString, crystal.model.DataSourceTest.testToString, crystal.model.DataSourceTest.testSetHistory, crystal.model.RelationshipTest.testNullInputConstructor]

Time each test takes to run in the new order:
[41075068, 2334726, 1987064, 1984403, 1866677, 2081923, 1692956, 3788096029, 5289404]

Dependent test list:
[Test: crystal.model.DataSourceTest.testSetKind, Intended behavior: FAILURE, when executed after: [crystal.model.DataSourceTest.testIsHidden], The revealed different behavior: PASS, when executed after: [], Test: crystal.model.DataSourceTest.testIsHidden, Intended behavior: FAILURE, when executed after: [crystal.model.DataSourceTest.testSetEnabled], The revealed different behavior: PASS, when executed after: [], Test: crystal.model.DataSourceTest.testSetEnabled, Intended behavior: FAILURE, when executed after: [crystal.model.DataSourceTest.testSetCompileCommand], The revealed different behavior: PASS, when executed after: [], Test: crystal.model.DataSourceTest.testSetCompileCommand, Intended behavior: FAILURE, when executed after: [crystal.model.DataSourceTest.testSetField], The revealed different behavior: PASS, when executed after: [], Test: crystal.model.DataSourceTest.testSetHistory, Intended behavior: FAILURE, when executed after: [crystal.model.DataSourceTest.testSetCloneString], The revealed different behavior: PASS, when executed after: [], Test: crystal.model.DataSourceTest.testSetCloneString, Intended behavior: FAILURE, when executed after: [crystal.model.DataSourceTest.testSetKind], The revealed different behavior: PASS, when executed after: []]
--------------------------
Execution time of TLG and its time to find/nullify any DTs for 1 machine (does not include the time to run the tests in the new order): 0.223
Number of tests selected out of total in original order: 4 / 71
Number of DTs not fixed: 0
Number of DTs fixed: 0
Execution time for executing the following testing order: 0.119

Test order list:
[crystal.model.RelationshipTest.testEqualsObject, crystal.model.RelationshipTest.testStrangeNameConstructor, crystal.model.RelationshipTest.testConstructor, crystal.model.RelationshipTest.testCalculateAction]

Time each test takes to run in the new order:
[111656445, 2173522, 1412562, 3480498]

Dependent test list:
[Test: crystal.model.DataSourceTest.testSetKind, Intended behavior: FAILURE, when executed after: [crystal.model.DataSourceTest.testIsHidden], The revealed different behavior: PASS, when executed after: [], Test: crystal.model.DataSourceTest.testIsHidden, Intended behavior: FAILURE, when executed after: [crystal.model.DataSourceTest.testSetEnabled], The revealed different behavior: PASS, when executed after: [], Test: crystal.model.DataSourceTest.testSetEnabled, Intended behavior: FAILURE, when executed after: [crystal.model.DataSourceTest.testSetCompileCommand], The revealed different behavior: PASS, when executed after: [], Test: crystal.model.DataSourceTest.testSetCompileCommand, Intended behavior: FAILURE, when executed after: [crystal.model.DataSourceTest.testSetField], The revealed different behavior: PASS, when executed after: [], Test: crystal.model.DataSourceTest.testSetHistory, Intended behavior: FAILURE, when executed after: [crystal.model.DataSourceTest.testSetCloneString], The revealed different behavior: PASS, when executed after: [], Test: crystal.model.DataSourceTest.testSetCloneString, Intended behavior: FAILURE, when executed after: [crystal.model.DataSourceTest.testSetKind], The revealed different behavior: PASS, when executed after: []]
--------------------------
Execution time of TLG and its time to find/nullify any DTs for 1 machine (does not include the time to run the tests in the new order): 0.181
Number of tests selected out of total in original order: 4 / 71
Number of DTs not fixed: 0
Number of DTs fixed: 0
Execution time for executing the following testing order: 0.117

Test order list:
[crystal.model.RelationshipTest.testGetActionRepoKind, crystal.model.RelationshipTest.testGetDominant, crystal.model.LocalStateResultTest.testToString, crystal.model.LocalStateResultTest.testGetLastAction]

Time each test takes to run in the new order:
[107313310, 2879339, 5314711, 1439641]

Dependent test list:
[Test: crystal.model.DataSourceTest.testSetKind, Intended behavior: FAILURE, when executed after: [crystal.model.DataSourceTest.testIsHidden], The revealed different behavior: PASS, when executed after: [], Test: crystal.model.DataSourceTest.testIsHidden, Intended behavior: FAILURE, when executed after: [crystal.model.DataSourceTest.testSetEnabled], The revealed different behavior: PASS, when executed after: [], Test: crystal.model.DataSourceTest.testSetEnabled, Intended behavior: FAILURE, when executed after: [crystal.model.DataSourceTest.testSetCompileCommand], The revealed different behavior: PASS, when executed after: [], Test: crystal.model.DataSourceTest.testSetCompileCommand, Intended behavior: FAILURE, when executed after: [crystal.model.DataSourceTest.testSetField], The revealed different behavior: PASS, when executed after: [], Test: crystal.model.DataSourceTest.testSetHistory, Intended behavior: FAILURE, when executed after: [crystal.model.DataSourceTest.testSetCloneString], The revealed different behavior: PASS, when executed after: [], Test: crystal.model.DataSourceTest.testSetCloneString, Intended behavior: FAILURE, when executed after: [crystal.model.DataSourceTest.testSetKind], The revealed different behavior: PASS, when executed after: []]
--------------------------
Execution time of TLG and its time to find/nullify any DTs for 1 machine (does not include the time to run the tests in the new order): 0.106
Number of tests selected out of total in original order: 4 / 71
Number of DTs not fixed: 0
Number of DTs fixed: 0
Execution time for executing the following testing order: 0.038

Test order list:
[crystal.model.LocalStateResultTest.testGetName, crystal.model.LocalStateResultTest.testGetNoErrorMessage, crystal.model.LocalStateResultTest.testGetLastErrorMessage, crystal.model.LocalStateResultTest.testGetLocalState]

Time each test takes to run in the new order:
[32908788, 1904384, 1601062, 1607980]

Dependent test list:
[Test: crystal.model.DataSourceTest.testSetKind, Intended behavior: FAILURE, when executed after: [crystal.model.DataSourceTest.testIsHidden], The revealed different behavior: PASS, when executed after: [], Test: crystal.model.DataSourceTest.testIsHidden, Intended behavior: FAILURE, when executed after: [crystal.model.DataSourceTest.testSetEnabled], The revealed different behavior: PASS, when executed after: [], Test: crystal.model.DataSourceTest.testSetEnabled, Intended behavior: FAILURE, when executed after: [crystal.model.DataSourceTest.testSetCompileCommand], The revealed different behavior: PASS, when executed after: [], Test: crystal.model.DataSourceTest.testSetCompileCommand, Intended behavior: FAILURE, when executed after: [crystal.model.DataSourceTest.testSetField], The revealed different behavior: PASS, when executed after: [], Test: crystal.model.DataSourceTest.testSetHistory, Intended behavior: FAILURE, when executed after: [crystal.model.DataSourceTest.testSetCloneString], The revealed different behavior: PASS, when executed after: [], Test: crystal.model.DataSourceTest.testSetCloneString, Intended behavior: FAILURE, when executed after: [crystal.model.DataSourceTest.testSetKind], The revealed different behavior: PASS, when executed after: []]
--------------------------
Execution time of TLG and its time to find/nullify any DTs for 1 machine (does not include the time to run the tests in the new order): 0.157
Number of tests selected out of total in original order: 4 / 71
Number of DTs not fixed: 0
Number of DTs fixed: 0
Execution time for executing the following testing order: 0.038

Test order list:
[crystal.model.LocalStateResultTest.testGetLastLocalState, crystal.model.LocalStateResultTest.testErrorActionNameConstructor, crystal.model.LocalStateResultTest.testGetAction, crystal.model.LocalStateResultTest.testStrangeActionName]

Time each test takes to run in the new order:
[32029573, 1540360, 1436967, 2707252]

Dependent test list:
[Test: crystal.model.DataSourceTest.testSetKind, Intended behavior: FAILURE, when executed after: [crystal.model.DataSourceTest.testIsHidden], The revealed different behavior: PASS, when executed after: [], Test: crystal.model.DataSourceTest.testIsHidden, Intended behavior: FAILURE, when executed after: [crystal.model.DataSourceTest.testSetEnabled], The revealed different behavior: PASS, when executed after: [], Test: crystal.model.DataSourceTest.testSetEnabled, Intended behavior: FAILURE, when executed after: [crystal.model.DataSourceTest.testSetCompileCommand], The revealed different behavior: PASS, when executed after: [], Test: crystal.model.DataSourceTest.testSetCompileCommand, Intended behavior: FAILURE, when executed after: [crystal.model.DataSourceTest.testSetField], The revealed different behavior: PASS, when executed after: [], Test: crystal.model.DataSourceTest.testSetHistory, Intended behavior: FAILURE, when executed after: [crystal.model.DataSourceTest.testSetCloneString], The revealed different behavior: PASS, when executed after: [], Test: crystal.model.DataSourceTest.testSetCloneString, Intended behavior: FAILURE, when executed after: [crystal.model.DataSourceTest.testSetKind], The revealed different behavior: PASS, when executed after: []]
--------------------------
Execution time of TLG and its time to find/nullify any DTs for 1 machine (does not include the time to run the tests in the new order): 0.283
Number of tests selected out of total in original order: 4 / 71
Number of DTs not fixed: 0
Number of DTs fixed: 0
Execution time for executing the following testing order: 0.182

Test order list:
[crystal.server.HgLogParserTest.testParseNullLog, crystal.server.HgLogParserTest.testParseLog, crystal.server.HgLogParserTest.testSingleLog, crystal.server.HgLogParserTest.testTwoLogs]

Time each test takes to run in the new order:
[29698409, 150482122, 1131932, 910746]

Dependent test list:
[Test: crystal.model.DataSourceTest.testSetKind, Intended behavior: FAILURE, when executed after: [crystal.model.DataSourceTest.testIsHidden], The revealed different behavior: PASS, when executed after: [], Test: crystal.model.DataSourceTest.testIsHidden, Intended behavior: FAILURE, when executed after: [crystal.model.DataSourceTest.testSetEnabled], The revealed different behavior: PASS, when executed after: [], Test: crystal.model.DataSourceTest.testSetEnabled, Intended behavior: FAILURE, when executed after: [crystal.model.DataSourceTest.testSetCompileCommand], The revealed different behavior: PASS, when executed after: [], Test: crystal.model.DataSourceTest.testSetCompileCommand, Intended behavior: FAILURE, when executed after: [crystal.model.DataSourceTest.testSetField], The revealed different behavior: PASS, when executed after: [], Test: crystal.model.DataSourceTest.testSetHistory, Intended behavior: FAILURE, when executed after: [crystal.model.DataSourceTest.testSetCloneString], The revealed different behavior: PASS, when executed after: [], Test: crystal.model.DataSourceTest.testSetCloneString, Intended behavior: FAILURE, when executed after: [crystal.model.DataSourceTest.testSetKind], The revealed different behavior: PASS, when executed after: []]
--------------------------
Execution time of TLG and its time to find/nullify any DTs for 1 machine (does not include the time to run the tests in the new order): 0.183
Number of tests selected out of total in original order: 4 / 71
Number of DTs not fixed: 0
Number of DTs fixed: 0
Execution time for executing the following testing order: 0.119

Test order list:
[crystal.server.GuidanceCheckerTest.testGetWhen, crystal.server.GuidanceCheckerTest.testGetCommitters, crystal.util.ValidInputCheckerTest.testCheckValidDirectoryPath, crystal.util.ValidInputCheckerTest.testCheckValidFilePath]

Time each test takes to run in the new order:
[108011335, 8541172, 1540953, 1132940]

Dependent test list:
[Test: crystal.model.DataSourceTest.testSetKind, Intended behavior: FAILURE, when executed after: [crystal.model.DataSourceTest.testIsHidden], The revealed different behavior: PASS, when executed after: [], Test: crystal.model.DataSourceTest.testIsHidden, Intended behavior: FAILURE, when executed after: [crystal.model.DataSourceTest.testSetEnabled], The revealed different behavior: PASS, when executed after: [], Test: crystal.model.DataSourceTest.testSetEnabled, Intended behavior: FAILURE, when executed after: [crystal.model.DataSourceTest.testSetCompileCommand], The revealed different behavior: PASS, when executed after: [], Test: crystal.model.DataSourceTest.testSetCompileCommand, Intended behavior: FAILURE, when executed after: [crystal.model.DataSourceTest.testSetField], The revealed different behavior: PASS, when executed after: [], Test: crystal.model.DataSourceTest.testSetHistory, Intended behavior: FAILURE, when executed after: [crystal.model.DataSourceTest.testSetCloneString], The revealed different behavior: PASS, when executed after: [], Test: crystal.model.DataSourceTest.testSetCloneString, Intended behavior: FAILURE, when executed after: [crystal.model.DataSourceTest.testSetKind], The revealed different behavior: PASS, when executed after: []]
--------------------------
Execution time of TLG and its time to find/nullify any DTs for 1 machine (does not include the time to run the tests in the new order): 0.182
Number of tests selected out of total in original order: 4 / 71
Number of DTs not fixed: 0
Number of DTs fixed: 0
Execution time for executing the following testing order: 0.126

Test order list:
[crystal.util.ValidInputCheckerTest.testCheckUrl, crystal.util.SpringLayoutUtilityTest.testInvalidPanelParameter, crystal.util.SetOperationsTest.testNullIntersection, crystal.util.SetOperationsTest.testIntersection]

Time each test takes to run in the new order:
[90418365, 31595175, 1905602, 1726025]

Dependent test list:
[Test: crystal.model.DataSourceTest.testSetKind, Intended behavior: FAILURE, when executed after: [crystal.model.DataSourceTest.testIsHidden], The revealed different behavior: PASS, when executed after: [], Test: crystal.model.DataSourceTest.testIsHidden, Intended behavior: FAILURE, when executed after: [crystal.model.DataSourceTest.testSetEnabled], The revealed different behavior: PASS, when executed after: [], Test: crystal.model.DataSourceTest.testSetEnabled, Intended behavior: FAILURE, when executed after: [crystal.model.DataSourceTest.testSetCompileCommand], The revealed different behavior: PASS, when executed after: [], Test: crystal.model.DataSourceTest.testSetCompileCommand, Intended behavior: FAILURE, when executed after: [crystal.model.DataSourceTest.testSetField], The revealed different behavior: PASS, when executed after: [], Test: crystal.model.DataSourceTest.testSetHistory, Intended behavior: FAILURE, when executed after: [crystal.model.DataSourceTest.testSetCloneString], The revealed different behavior: PASS, when executed after: [], Test: crystal.model.DataSourceTest.testSetCloneString, Intended behavior: FAILURE, when executed after: [crystal.model.DataSourceTest.testSetKind], The revealed different behavior: PASS, when executed after: []]
--------------------------
Execution time of TLG and its time to find/nullify any DTs for 1 machine (does not include the time to run the tests in the new order): 0.101
Number of tests selected out of total in original order: 4 / 71
Number of DTs not fixed: 0
Number of DTs fixed: 0
Execution time for executing the following testing order: 0.036

Test order list:
[crystal.util.SetOperationsTest.testNullUnion, crystal.util.SetOperationsTest.testUnion, crystal.util.SetOperationsTest.testSetDifference, crystal.util.SetOperationsTest.testXor]

Time each test takes to run in the new order:
[30636436, 2384955, 1408494, 1177888]

Dependent test list:
[Test: crystal.model.DataSourceTest.testSetKind, Intended behavior: FAILURE, when executed after: [crystal.model.DataSourceTest.testIsHidden], The revealed different behavior: PASS, when executed after: [], Test: crystal.model.DataSourceTest.testIsHidden, Intended behavior: FAILURE, when executed after: [crystal.model.DataSourceTest.testSetEnabled], The revealed different behavior: PASS, when executed after: [], Test: crystal.model.DataSourceTest.testSetEnabled, Intended behavior: FAILURE, when executed after: [crystal.model.DataSourceTest.testSetCompileCommand], The revealed different behavior: PASS, when executed after: [], Test: crystal.model.DataSourceTest.testSetCompileCommand, Intended behavior: FAILURE, when executed after: [crystal.model.DataSourceTest.testSetField], The revealed different behavior: PASS, when executed after: [], Test: crystal.model.DataSourceTest.testSetHistory, Intended behavior: FAILURE, when executed after: [crystal.model.DataSourceTest.testSetCloneString], The revealed different behavior: PASS, when executed after: [], Test: crystal.model.DataSourceTest.testSetCloneString, Intended behavior: FAILURE, when executed after: [crystal.model.DataSourceTest.testSetKind], The revealed different behavior: PASS, when executed after: []]
--------------------------
Total time (of all machines and iterations plus initial TestListGenerator): 5.744
New order time: 3.846
Total number of tests executed in all machines out of total in original order: 77 / 71