The following arguments were used to generate this output.
[-technique, parallelization, -order, original, -origOrder, jodatime-auto-order, -testInputDir, sootTestOutput-auto, -filesToDelete, jodatime-env-files, -project, Joda-Time, -testType, auto, -numOfMachines, 16, -outputDir, /homes/gws/winglam/winglam/dependent-tests-impact/experiments/parallelization-results, -timesToRun, 1, -dependentTestFile, /homes/gws/winglam/winglam/dependent-tests-impact/experiments/parallelization-dt-list/parallelization-Joda-Time-auto-16-original.txt]

Execution time of TLG and its time to find/nullify any DTs for 1 machine (does not include the time to run the tests in the new order): 0.599
Number of tests selected out of total in original order: 139 / 2211
Number of DTs not fixed: 0
Number of DTs fixed: 0
Execution time for executing the following testing order: 0.626

Test order list:
[randoop.jodatime.RandoopTest0.test1, randoop.jodatime.RandoopTest0.test2, randoop.jodatime.RandoopTest0.test3, randoop.jodatime.RandoopTest0.test4, randoop.jodatime.RandoopTest0.test5, randoop.jodatime.RandoopTest0.test6, randoop.jodatime.RandoopTest0.test7, randoop.jodatime.RandoopTest0.test8, randoop.jodatime.RandoopTest0.test9, randoop.jodatime.RandoopTest0.test10, randoop.jodatime.RandoopTest0.test11, randoop.jodatime.RandoopTest0.test12, randoop.jodatime.RandoopTest0.test13, randoop.jodatime.RandoopTest0.test14, randoop.jodatime.RandoopTest0.test15, randoop.jodatime.RandoopTest0.test16, randoop.jodatime.RandoopTest0.test17, randoop.jodatime.RandoopTest0.test18, randoop.jodatime.RandoopTest0.test19, randoop.jodatime.RandoopTest0.test20, randoop.jodatime.RandoopTest0.test21, randoop.jodatime.RandoopTest0.test22, randoop.jodatime.RandoopTest0.test23, randoop.jodatime.RandoopTest0.test24, randoop.jodatime.RandoopTest0.test25, randoop.jodatime.RandoopTest0.test26, randoop.jodatime.RandoopTest0.test27, randoop.jodatime.RandoopTest0.test28, randoop.jodatime.RandoopTest0.test29, randoop.jodatime.RandoopTest0.test31, randoop.jodatime.RandoopTest0.test32, randoop.jodatime.RandoopTest0.test33, randoop.jodatime.RandoopTest0.test34, randoop.jodatime.RandoopTest0.test35, randoop.jodatime.RandoopTest0.test36, randoop.jodatime.RandoopTest0.test37, randoop.jodatime.RandoopTest0.test39, randoop.jodatime.RandoopTest0.test40, randoop.jodatime.RandoopTest0.test41, randoop.jodatime.RandoopTest0.test42, randoop.jodatime.RandoopTest0.test43, randoop.jodatime.RandoopTest0.test44, randoop.jodatime.RandoopTest0.test45, randoop.jodatime.RandoopTest0.test46, randoop.jodatime.RandoopTest0.test47, randoop.jodatime.RandoopTest0.test48, randoop.jodatime.RandoopTest0.test49, randoop.jodatime.RandoopTest0.test50, randoop.jodatime.RandoopTest0.test51, randoop.jodatime.RandoopTest0.test53, randoop.jodatime.RandoopTest0.test54, randoop.jodatime.RandoopTest0.test55, randoop.jodatime.RandoopTest0.test56, randoop.jodatime.RandoopTest0.test57, randoop.jodatime.RandoopTest0.test58, randoop.jodatime.RandoopTest0.test59, randoop.jodatime.RandoopTest0.test60, randoop.jodatime.RandoopTest0.test61, randoop.jodatime.RandoopTest0.test63, randoop.jodatime.RandoopTest0.test64, randoop.jodatime.RandoopTest0.test65, randoop.jodatime.RandoopTest0.test66, randoop.jodatime.RandoopTest0.test67, randoop.jodatime.RandoopTest0.test68, randoop.jodatime.RandoopTest0.test69, randoop.jodatime.RandoopTest0.test71, randoop.jodatime.RandoopTest0.test73, randoop.jodatime.RandoopTest0.test74, randoop.jodatime.RandoopTest0.test75, randoop.jodatime.RandoopTest0.test76, randoop.jodatime.RandoopTest0.test77, randoop.jodatime.RandoopTest0.test78, randoop.jodatime.RandoopTest0.test79, randoop.jodatime.RandoopTest0.test81, randoop.jodatime.RandoopTest0.test82, randoop.jodatime.RandoopTest0.test83, randoop.jodatime.RandoopTest0.test84, randoop.jodatime.RandoopTest0.test86, randoop.jodatime.RandoopTest0.test87, randoop.jodatime.RandoopTest0.test88, randoop.jodatime.RandoopTest0.test91, randoop.jodatime.RandoopTest0.test92, randoop.jodatime.RandoopTest0.test93, randoop.jodatime.RandoopTest0.test94, randoop.jodatime.RandoopTest0.test95, randoop.jodatime.RandoopTest0.test96, randoop.jodatime.RandoopTest0.test98, randoop.jodatime.RandoopTest0.test101, randoop.jodatime.RandoopTest0.test102, randoop.jodatime.RandoopTest0.test103, randoop.jodatime.RandoopTest0.test104, randoop.jodatime.RandoopTest0.test105, randoop.jodatime.RandoopTest0.test106, randoop.jodatime.RandoopTest0.test107, randoop.jodatime.RandoopTest0.test108, randoop.jodatime.RandoopTest0.test109, randoop.jodatime.RandoopTest0.test110, randoop.jodatime.RandoopTest0.test111, randoop.jodatime.RandoopTest0.test112, randoop.jodatime.RandoopTest0.test113, randoop.jodatime.RandoopTest0.test114, randoop.jodatime.RandoopTest0.test115, randoop.jodatime.RandoopTest0.test116, randoop.jodatime.RandoopTest0.test117, randoop.jodatime.RandoopTest0.test118, randoop.jodatime.RandoopTest0.test119, randoop.jodatime.RandoopTest0.test120, randoop.jodatime.RandoopTest0.test121, randoop.jodatime.RandoopTest0.test122, randoop.jodatime.RandoopTest0.test123, randoop.jodatime.RandoopTest0.test125, randoop.jodatime.RandoopTest0.test127, randoop.jodatime.RandoopTest0.test128, randoop.jodatime.RandoopTest0.test129, randoop.jodatime.RandoopTest0.test130, randoop.jodatime.RandoopTest0.test131, randoop.jodatime.RandoopTest0.test132, randoop.jodatime.RandoopTest0.test133, randoop.jodatime.RandoopTest0.test134, randoop.jodatime.RandoopTest0.test135, randoop.jodatime.RandoopTest0.test136, randoop.jodatime.RandoopTest0.test138, randoop.jodatime.RandoopTest0.test139, randoop.jodatime.RandoopTest0.test140, randoop.jodatime.RandoopTest0.test141, randoop.jodatime.RandoopTest0.test142, randoop.jodatime.RandoopTest0.test143, randoop.jodatime.RandoopTest0.test144, randoop.jodatime.RandoopTest0.test146, randoop.jodatime.RandoopTest0.test148, randoop.jodatime.RandoopTest0.test149, randoop.jodatime.RandoopTest0.test150, randoop.jodatime.RandoopTest0.test152, randoop.jodatime.RandoopTest0.test153, randoop.jodatime.RandoopTest0.test154, randoop.jodatime.RandoopTest0.test155, randoop.jodatime.RandoopTest0.test157, randoop.jodatime.RandoopTest0.test158, randoop.jodatime.RandoopTest0.test159]

Time each test takes to run in the new order:
[73145927, 13908849, 5547889, 5200640, 6410718, 10737071, 4357835, 5734740, 5010995, 9523215, 5250638, 5076699, 5320386, 5024945, 3661713, 18553881, 5249382, 14923720, 6042741, 5914019, 6917631, 5416368, 5637713, 6410833, 5191686, 4798617, 5341124, 5798576, 5838646, 4892322, 5782942, 4865621, 4787148, 4806324, 5502505, 4133161, 3439158, 4630684, 4196992, 14930143, 3878514, 4102126, 3615183, 3508842, 3440372, 3580528, 3604487, 3554528, 3368645, 3467955, 3545635, 3451658, 3652656, 5885016, 4162994, 3400119, 3354929, 4588627, 3198365, 3148077, 3122818, 2955877, 2919908, 4272657, 3694480, 5411600, 4238980, 3550246, 4420183, 4960794, 4255387, 4589964, 5048318, 4905499, 3702100, 4369321, 4400583, 5080416, 4371250, 4155849, 4302403, 3378332, 4562220, 4199582, 6137176, 3376509, 3351503, 3041924, 2973673, 2867321, 2811033, 2873326, 3179332, 2884019, 2996736, 3101323, 3228604, 3838628, 2807002, 3724422, 3116185, 1691116, 1480936, 1513453, 2224362, 1694298, 1754266, 1470600, 1490164, 1507919, 2013913, 1452479, 1487523, 1534016, 1499755, 1466852, 1472823, 1905743, 1581822, 1743792, 1478203, 1514008, 1469052, 1501512, 1556785, 1526951, 1554723, 1619548, 1535969, 1626658, 7863293, 1666906, 1908554, 1629998, 1458721, 1475376, 1488850, 1493347, 1481783]

Dependent test list:
[Test: randoop.jodatime.RandoopTest0.test196, Intended behavior: FAILURE, when executed after: [randoop.jodatime.RandoopTest0.test192], The revealed different behavior: PASS, when executed after: [], Test: randoop.jodatime.RandoopTest0.test192, Intended behavior: FAILURE, when executed after: [randoop.jodatime.RandoopTest0.test165], The revealed different behavior: PASS, when executed after: [], Test: randoop.jodatime.RandoopTest0.test165, Intended behavior: FAILURE, when executed after: [randoop.jodatime.RandoopTest0.test135], The revealed different behavior: PASS, when executed after: [], Test: randoop.jodatime.RandoopTest0.test360, Intended behavior: FAILURE, when executed after: [randoop.jodatime.RandoopTest0.test338], The revealed different behavior: PASS, when executed after: [], Test: randoop.jodatime.RandoopTest0.test338, Intended behavior: FAILURE, when executed after: [randoop.jodatime.RandoopTest0.test325], The revealed different behavior: PASS, when executed after: [], Test: randoop.jodatime.RandoopTest0.test325, Intended behavior: FAILURE, when executed after: [randoop.jodatime.RandoopTest0.test196], The revealed different behavior: PASS, when executed after: [], Test: randoop.jodatime.RandoopTest1.test235, Intended behavior: FAILURE, when executed after: [randoop.jodatime.RandoopTest1.test181], The revealed different behavior: PASS, when executed after: [], Test: randoop.jodatime.RandoopTest1.test181, Intended behavior: FAILURE, when executed after: [randoop.jodatime.RandoopTest0.test498], The revealed different behavior: PASS, when executed after: [], Test: randoop.jodatime.RandoopTest2.test36, Intended behavior: FAILURE, when executed after: [randoop.jodatime.RandoopTest2.test21], The revealed different behavior: PASS, when executed after: [], Test: randoop.jodatime.RandoopTest2.test77, Intended behavior: FAILURE, when executed after: [randoop.jodatime.RandoopTest1.test467], The revealed different behavior: PASS, when executed after: [], Test: randoop.jodatime.RandoopTest2.test21, Intended behavior: FAILURE, when executed after: [randoop.jodatime.RandoopTest1.test235], The revealed different behavior: PASS, when executed after: [], Test: randoop.jodatime.RandoopTest2.test254, Intended behavior: FAILURE, when executed after: [randoop.jodatime.RandoopTest2.test212], The revealed different behavior: PASS, when executed after: [], Test: randoop.jodatime.RandoopTest2.test243, Intended behavior: FAILURE, when executed after: [randoop.jodatime.RandoopTest2.test36], The revealed different behavior: PASS, when executed after: [], Test: randoop.jodatime.RandoopTest2.test490, Intended behavior: FAILURE, when executed after: [randoop.jodatime.RandoopTest2.test487], The revealed different behavior: PASS, when executed after: [], Test: randoop.jodatime.RandoopTest2.test487, Intended behavior: FAILURE, when executed after: [randoop.jodatime.RandoopTest2.test356], The revealed different behavior: PASS, when executed after: [], Test: randoop.jodatime.RandoopTest2.test356, Intended behavior: FAILURE, when executed after: [randoop.jodatime.RandoopTest2.test243], The revealed different behavior: PASS, when executed after: [], Test: randoop.jodatime.RandoopTest2.test474, Intended behavior: FAILURE, when executed after: [randoop.jodatime.RandoopTest2.test376], The revealed different behavior: PASS, when executed after: [], Test: randoop.jodatime.RandoopTest2.test493, Intended behavior: FAILURE, when executed after: [randoop.jodatime.RandoopTest2.test490], The revealed different behavior: PASS, when executed after: [], Test: randoop.jodatime.RandoopTest3.test195, Intended behavior: FAILURE, when executed after: [randoop.jodatime.RandoopTest3.test193], The revealed different behavior: PASS, when executed after: [], Test: randoop.jodatime.RandoopTest3.test193, Intended behavior: FAILURE, when executed after: [randoop.jodatime.RandoopTest3.test189], The revealed different behavior: PASS, when executed after: [], Test: randoop.jodatime.RandoopTest3.test189, Intended behavior: FAILURE, when executed after: [randoop.jodatime.RandoopTest3.test185], The revealed different behavior: PASS, when executed after: [], Test: randoop.jodatime.RandoopTest3.test185, Intended behavior: FAILURE, when executed after: [randoop.jodatime.RandoopTest3.test161], The revealed different behavior: PASS, when executed after: [], Test: randoop.jodatime.RandoopTest3.test161, Intended behavior: FAILURE, when executed after: [randoop.jodatime.RandoopTest2.test493], The revealed different behavior: PASS, when executed after: [], Test: randoop.jodatime.RandoopTest3.test389, Intended behavior: FAILURE, when executed after: [randoop.jodatime.RandoopTest3.test383], The revealed different behavior: PASS, when executed after: [], Test: randoop.jodatime.RandoopTest3.test383, Intended behavior: FAILURE, when executed after: [randoop.jodatime.RandoopTest3.test347], The revealed different behavior: PASS, when executed after: [], Test: randoop.jodatime.RandoopTest3.test347, Intended behavior: FAILURE, when executed after: [randoop.jodatime.RandoopTest3.test345], The revealed different behavior: PASS, when executed after: [], Test: randoop.jodatime.RandoopTest3.test345, Intended behavior: FAILURE, when executed after: [randoop.jodatime.RandoopTest3.test316], The revealed different behavior: PASS, when executed after: [], Test: randoop.jodatime.RandoopTest3.test316, Intended behavior: FAILURE, when executed after: [randoop.jodatime.RandoopTest3.test315], The revealed different behavior: PASS, when executed after: [], Test: randoop.jodatime.RandoopTest3.test315, Intended behavior: FAILURE, when executed after: [randoop.jodatime.RandoopTest3.test195], The revealed different behavior: PASS, when executed after: [], Test: randoop.jodatime.RandoopTest3.test496, Intended behavior: FAILURE, when executed after: [randoop.jodatime.RandoopTest3.test467], The revealed different behavior: PASS, when executed after: [], Test: randoop.jodatime.RandoopTest3.test467, Intended behavior: FAILURE, when executed after: [randoop.jodatime.RandoopTest3.test389], The revealed different behavior: PASS, when executed after: [], Test: randoop.jodatime.RandoopTest4.test259, Intended behavior: FAILURE, when executed after: [randoop.jodatime.RandoopTest4.test221], The revealed different behavior: PASS, when executed after: [], Test: randoop.jodatime.RandoopTest4.test221, Intended behavior: FAILURE, when executed after: [randoop.jodatime.RandoopTest4.test13], The revealed different behavior: PASS, when executed after: [], Test: randoop.jodatime.RandoopTest4.test401, Intended behavior: FAILURE, when executed after: [randoop.jodatime.RandoopTest4.test259], The revealed different behavior: PASS, when executed after: [], Test: randoop.jodatime.RandoopTest4.test434, Intended behavior: FAILURE, when executed after: [randoop.jodatime.RandoopTest4.test401], The revealed different behavior: PASS, when executed after: [], Test: randoop.jodatime.RandoopTest4.test13, Intended behavior: FAILURE, when executed after: [randoop.jodatime.RandoopTest3.test496], The revealed different behavior: PASS, when executed after: [], Test: randoop.jodatime.RandoopTest2.test212, Intended behavior: FAILURE, when executed after: [randoop.jodatime.RandoopTest2.test77], The revealed different behavior: PASS, when executed after: [], Test: randoop.jodatime.RandoopTest2.test376, Intended behavior: FAILURE, when executed after: [randoop.jodatime.RandoopTest2.test254], The revealed different behavior: PASS, when executed after: []]
--------------------------
Execution time of TLG and its time to find/nullify any DTs for 1 machine (does not include the time to run the tests in the new order): 0.626
Number of tests selected out of total in original order: 140 / 2211
Number of DTs not fixed: 0
Number of DTs fixed: 0
Execution time for executing the following testing order: 0.570

Test order list:
[randoop.jodatime.RandoopTest0.test160, randoop.jodatime.RandoopTest0.test161, randoop.jodatime.RandoopTest0.test162, randoop.jodatime.RandoopTest0.test163, randoop.jodatime.RandoopTest0.test164, randoop.jodatime.RandoopTest0.test135, randoop.jodatime.RandoopTest0.test165, randoop.jodatime.RandoopTest0.test166, randoop.jodatime.RandoopTest0.test167, randoop.jodatime.RandoopTest0.test168, randoop.jodatime.RandoopTest0.test169, randoop.jodatime.RandoopTest0.test170, randoop.jodatime.RandoopTest0.test171, randoop.jodatime.RandoopTest0.test172, randoop.jodatime.RandoopTest0.test173, randoop.jodatime.RandoopTest0.test174, randoop.jodatime.RandoopTest0.test175, randoop.jodatime.RandoopTest0.test176, randoop.jodatime.RandoopTest0.test177, randoop.jodatime.RandoopTest0.test180, randoop.jodatime.RandoopTest0.test181, randoop.jodatime.RandoopTest0.test182, randoop.jodatime.RandoopTest0.test183, randoop.jodatime.RandoopTest0.test184, randoop.jodatime.RandoopTest0.test185, randoop.jodatime.RandoopTest0.test188, randoop.jodatime.RandoopTest0.test189, randoop.jodatime.RandoopTest0.test190, randoop.jodatime.RandoopTest0.test192, randoop.jodatime.RandoopTest0.test193, randoop.jodatime.RandoopTest0.test195, randoop.jodatime.RandoopTest0.test196, randoop.jodatime.RandoopTest0.test197, randoop.jodatime.RandoopTest0.test198, randoop.jodatime.RandoopTest0.test199, randoop.jodatime.RandoopTest0.test200, randoop.jodatime.RandoopTest0.test201, randoop.jodatime.RandoopTest0.test202, randoop.jodatime.RandoopTest0.test203, randoop.jodatime.RandoopTest0.test204, randoop.jodatime.RandoopTest0.test205, randoop.jodatime.RandoopTest0.test206, randoop.jodatime.RandoopTest0.test207, randoop.jodatime.RandoopTest0.test208, randoop.jodatime.RandoopTest0.test209, randoop.jodatime.RandoopTest0.test210, randoop.jodatime.RandoopTest0.test211, randoop.jodatime.RandoopTest0.test212, randoop.jodatime.RandoopTest0.test213, randoop.jodatime.RandoopTest0.test214, randoop.jodatime.RandoopTest0.test215, randoop.jodatime.RandoopTest0.test216, randoop.jodatime.RandoopTest0.test217, randoop.jodatime.RandoopTest0.test218, randoop.jodatime.RandoopTest0.test219, randoop.jodatime.RandoopTest0.test220, randoop.jodatime.RandoopTest0.test221, randoop.jodatime.RandoopTest0.test222, randoop.jodatime.RandoopTest0.test223, randoop.jodatime.RandoopTest0.test224, randoop.jodatime.RandoopTest0.test225, randoop.jodatime.RandoopTest0.test226, randoop.jodatime.RandoopTest0.test228, randoop.jodatime.RandoopTest0.test229, randoop.jodatime.RandoopTest0.test230, randoop.jodatime.RandoopTest0.test232, randoop.jodatime.RandoopTest0.test233, randoop.jodatime.RandoopTest0.test234, randoop.jodatime.RandoopTest0.test235, randoop.jodatime.RandoopTest0.test237, randoop.jodatime.RandoopTest0.test238, randoop.jodatime.RandoopTest0.test239, randoop.jodatime.RandoopTest0.test240, randoop.jodatime.RandoopTest0.test241, randoop.jodatime.RandoopTest0.test242, randoop.jodatime.RandoopTest0.test243, randoop.jodatime.RandoopTest0.test244, randoop.jodatime.RandoopTest0.test246, randoop.jodatime.RandoopTest0.test247, randoop.jodatime.RandoopTest0.test248, randoop.jodatime.RandoopTest0.test249, randoop.jodatime.RandoopTest0.test250, randoop.jodatime.RandoopTest0.test251, randoop.jodatime.RandoopTest0.test252, randoop.jodatime.RandoopTest0.test254, randoop.jodatime.RandoopTest0.test255, randoop.jodatime.RandoopTest0.test256, randoop.jodatime.RandoopTest0.test257, randoop.jodatime.RandoopTest0.test258, randoop.jodatime.RandoopTest0.test259, randoop.jodatime.RandoopTest0.test260, randoop.jodatime.RandoopTest0.test261, randoop.jodatime.RandoopTest0.test262, randoop.jodatime.RandoopTest0.test263, randoop.jodatime.RandoopTest0.test264, randoop.jodatime.RandoopTest0.test266, randoop.jodatime.RandoopTest0.test267, randoop.jodatime.RandoopTest0.test269, randoop.jodatime.RandoopTest0.test270, randoop.jodatime.RandoopTest0.test271, randoop.jodatime.RandoopTest0.test272, randoop.jodatime.RandoopTest0.test273, randoop.jodatime.RandoopTest0.test274, randoop.jodatime.RandoopTest0.test275, randoop.jodatime.RandoopTest0.test276, randoop.jodatime.RandoopTest0.test278, randoop.jodatime.RandoopTest0.test279, randoop.jodatime.RandoopTest0.test280, randoop.jodatime.RandoopTest0.test281, randoop.jodatime.RandoopTest0.test282, randoop.jodatime.RandoopTest0.test283, randoop.jodatime.RandoopTest0.test284, randoop.jodatime.RandoopTest0.test286, randoop.jodatime.RandoopTest0.test287, randoop.jodatime.RandoopTest0.test291, randoop.jodatime.RandoopTest0.test293, randoop.jodatime.RandoopTest0.test294, randoop.jodatime.RandoopTest0.test295, randoop.jodatime.RandoopTest0.test297, randoop.jodatime.RandoopTest0.test298, randoop.jodatime.RandoopTest0.test299, randoop.jodatime.RandoopTest0.test300, randoop.jodatime.RandoopTest0.test301, randoop.jodatime.RandoopTest0.test302, randoop.jodatime.RandoopTest0.test303, randoop.jodatime.RandoopTest0.test304, randoop.jodatime.RandoopTest0.test305, randoop.jodatime.RandoopTest0.test306, randoop.jodatime.RandoopTest0.test308, randoop.jodatime.RandoopTest0.test309, randoop.jodatime.RandoopTest0.test310, randoop.jodatime.RandoopTest0.test311, randoop.jodatime.RandoopTest0.test312, randoop.jodatime.RandoopTest0.test314, randoop.jodatime.RandoopTest0.test315, randoop.jodatime.RandoopTest0.test317, randoop.jodatime.RandoopTest0.test318, randoop.jodatime.RandoopTest0.test319, randoop.jodatime.RandoopTest0.test320, randoop.jodatime.RandoopTest0.test321]

Time each test takes to run in the new order:
[40164394, 37901992, 6766460, 5655729, 8362318, 4709003, 15838869, 10015680, 9952460, 5526343, 4796310, 4800638, 4864341, 5847237, 4701537, 4226274, 4965471, 10157209, 4318961, 3906054, 3496259, 3291167, 3082449, 2794106, 2835197, 2858444, 8722829, 3673205, 3324896, 2970371, 2777401, 2898964, 2804696, 2757190, 2734773, 3020549, 9371405, 3055851, 3512070, 28391411, 2665727, 2610459, 2770568, 4070873, 4989505, 2757863, 2738292, 2752445, 2522182, 2529624, 3127714, 2788911, 3300914, 2629908, 2562584, 2550273, 2563219, 2610959, 3429028, 2850878, 2541701, 2604545, 2924496, 4297188, 3752100, 2972874, 3402634, 3424687, 3501907, 2984538, 3396417, 3425052, 2955035, 3383175, 3428684, 3343455, 3006241, 3460078, 3533579, 3295390, 3248681, 3132203, 2840704, 3236231, 38123928, 2251956, 1949269, 1807365, 1752349, 1736742, 2387030, 3934934, 1959775, 2114364, 1748898, 1655181, 1850996, 1718604, 1748724, 1636114, 2195789, 1724312, 2321034, 1886690, 1839398, 1736699, 1614083, 1561354, 1555204, 1705342, 1601842, 1622539, 1549424, 1556719, 2012510, 1608085, 1632652, 1563047, 1928044, 1558717, 1648589, 1556853, 1719176, 1593461, 1587525, 1667247, 1647597, 1726700, 1581829, 1597996, 4009028, 1671404, 1775773, 1586590, 1473646, 1457519, 1536489, 1475072, 1519479, 1582274]

Dependent test list:
[Test: randoop.jodatime.RandoopTest0.test196, Intended behavior: FAILURE, when executed after: [randoop.jodatime.RandoopTest0.test192], The revealed different behavior: PASS, when executed after: [], Test: randoop.jodatime.RandoopTest0.test192, Intended behavior: FAILURE, when executed after: [randoop.jodatime.RandoopTest0.test165], The revealed different behavior: PASS, when executed after: [], Test: randoop.jodatime.RandoopTest0.test165, Intended behavior: FAILURE, when executed after: [randoop.jodatime.RandoopTest0.test135], The revealed different behavior: PASS, when executed after: [], Test: randoop.jodatime.RandoopTest0.test360, Intended behavior: FAILURE, when executed after: [randoop.jodatime.RandoopTest0.test338], The revealed different behavior: PASS, when executed after: [], Test: randoop.jodatime.RandoopTest0.test338, Intended behavior: FAILURE, when executed after: [randoop.jodatime.RandoopTest0.test325], The revealed different behavior: PASS, when executed after: [], Test: randoop.jodatime.RandoopTest0.test325, Intended behavior: FAILURE, when executed after: [randoop.jodatime.RandoopTest0.test196], The revealed different behavior: PASS, when executed after: [], Test: randoop.jodatime.RandoopTest1.test235, Intended behavior: FAILURE, when executed after: [randoop.jodatime.RandoopTest1.test181], The revealed different behavior: PASS, when executed after: [], Test: randoop.jodatime.RandoopTest1.test181, Intended behavior: FAILURE, when executed after: [randoop.jodatime.RandoopTest0.test498], The revealed different behavior: PASS, when executed after: [], Test: randoop.jodatime.RandoopTest2.test36, Intended behavior: FAILURE, when executed after: [randoop.jodatime.RandoopTest2.test21], The revealed different behavior: PASS, when executed after: [], Test: randoop.jodatime.RandoopTest2.test77, Intended behavior: FAILURE, when executed after: [randoop.jodatime.RandoopTest1.test467], The revealed different behavior: PASS, when executed after: [], Test: randoop.jodatime.RandoopTest2.test21, Intended behavior: FAILURE, when executed after: [randoop.jodatime.RandoopTest1.test235], The revealed different behavior: PASS, when executed after: [], Test: randoop.jodatime.RandoopTest2.test254, Intended behavior: FAILURE, when executed after: [randoop.jodatime.RandoopTest2.test212], The revealed different behavior: PASS, when executed after: [], Test: randoop.jodatime.RandoopTest2.test243, Intended behavior: FAILURE, when executed after: [randoop.jodatime.RandoopTest2.test36], The revealed different behavior: PASS, when executed after: [], Test: randoop.jodatime.RandoopTest2.test490, Intended behavior: FAILURE, when executed after: [randoop.jodatime.RandoopTest2.test487], The revealed different behavior: PASS, when executed after: [], Test: randoop.jodatime.RandoopTest2.test487, Intended behavior: FAILURE, when executed after: [randoop.jodatime.RandoopTest2.test356], The revealed different behavior: PASS, when executed after: [], Test: randoop.jodatime.RandoopTest2.test356, Intended behavior: FAILURE, when executed after: [randoop.jodatime.RandoopTest2.test243], The revealed different behavior: PASS, when executed after: [], Test: randoop.jodatime.RandoopTest2.test474, Intended behavior: FAILURE, when executed after: [randoop.jodatime.RandoopTest2.test376], The revealed different behavior: PASS, when executed after: [], Test: randoop.jodatime.RandoopTest2.test493, Intended behavior: FAILURE, when executed after: [randoop.jodatime.RandoopTest2.test490], The revealed different behavior: PASS, when executed after: [], Test: randoop.jodatime.RandoopTest3.test195, Intended behavior: FAILURE, when executed after: [randoop.jodatime.RandoopTest3.test193], The revealed different behavior: PASS, when executed after: [], Test: randoop.jodatime.RandoopTest3.test193, Intended behavior: FAILURE, when executed after: [randoop.jodatime.RandoopTest3.test189], The revealed different behavior: PASS, when executed after: [], Test: randoop.jodatime.RandoopTest3.test189, Intended behavior: FAILURE, when executed after: [randoop.jodatime.RandoopTest3.test185], The revealed different behavior: PASS, when executed after: [], Test: randoop.jodatime.RandoopTest3.test185, Intended behavior: FAILURE, when executed after: [randoop.jodatime.RandoopTest3.test161], The revealed different behavior: PASS, when executed after: [], Test: randoop.jodatime.RandoopTest3.test161, Intended behavior: FAILURE, when executed after: [randoop.jodatime.RandoopTest2.test493], The revealed different behavior: PASS, when executed after: [], Test: randoop.jodatime.RandoopTest3.test389, Intended behavior: FAILURE, when executed after: [randoop.jodatime.RandoopTest3.test383], The revealed different behavior: PASS, when executed after: [], Test: randoop.jodatime.RandoopTest3.test383, Intended behavior: FAILURE, when executed after: [randoop.jodatime.RandoopTest3.test347], The revealed different behavior: PASS, when executed after: [], Test: randoop.jodatime.RandoopTest3.test347, Intended behavior: FAILURE, when executed after: [randoop.jodatime.RandoopTest3.test345], The revealed different behavior: PASS, when executed after: [], Test: randoop.jodatime.RandoopTest3.test345, Intended behavior: FAILURE, when executed after: [randoop.jodatime.RandoopTest3.test316], The revealed different behavior: PASS, when executed after: [], Test: randoop.jodatime.RandoopTest3.test316, Intended behavior: FAILURE, when executed after: [randoop.jodatime.RandoopTest3.test315], The revealed different behavior: PASS, when executed after: [], Test: randoop.jodatime.RandoopTest3.test315, Intended behavior: FAILURE, when executed after: [randoop.jodatime.RandoopTest3.test195], The revealed different behavior: PASS, when executed after: [], Test: randoop.jodatime.RandoopTest3.test496, Intended behavior: FAILURE, when executed after: [randoop.jodatime.RandoopTest3.test467], The revealed different behavior: PASS, when executed after: [], Test: randoop.jodatime.RandoopTest3.test467, Intended behavior: FAILURE, when executed after: [randoop.jodatime.RandoopTest3.test389], The revealed different behavior: PASS, when executed after: [], Test: randoop.jodatime.RandoopTest4.test259, Intended behavior: FAILURE, when executed after: [randoop.jodatime.RandoopTest4.test221], The revealed different behavior: PASS, when executed after: [], Test: randoop.jodatime.RandoopTest4.test221, Intended behavior: FAILURE, when executed after: [randoop.jodatime.RandoopTest4.test13], The revealed different behavior: PASS, when executed after: [], Test: randoop.jodatime.RandoopTest4.test401, Intended behavior: FAILURE, when executed after: [randoop.jodatime.RandoopTest4.test259], The revealed different behavior: PASS, when executed after: [], Test: randoop.jodatime.RandoopTest4.test434, Intended behavior: FAILURE, when executed after: [randoop.jodatime.RandoopTest4.test401], The revealed different behavior: PASS, when executed after: [], Test: randoop.jodatime.RandoopTest4.test13, Intended behavior: FAILURE, when executed after: [randoop.jodatime.RandoopTest3.test496], The revealed different behavior: PASS, when executed after: [], Test: randoop.jodatime.RandoopTest2.test212, Intended behavior: FAILURE, when executed after: [randoop.jodatime.RandoopTest2.test77], The revealed different behavior: PASS, when executed after: [], Test: randoop.jodatime.RandoopTest2.test376, Intended behavior: FAILURE, when executed after: [randoop.jodatime.RandoopTest2.test254], The revealed different behavior: PASS, when executed after: []]
--------------------------
Execution time of TLG and its time to find/nullify any DTs for 1 machine (does not include the time to run the tests in the new order): 0.579
Number of tests selected out of total in original order: 143 / 2211
Number of DTs not fixed: 0
Number of DTs fixed: 0
Execution time for executing the following testing order: 0.535

Test order list:
[randoop.jodatime.RandoopTest0.test322, randoop.jodatime.RandoopTest0.test323, randoop.jodatime.RandoopTest0.test324, randoop.jodatime.RandoopTest0.test135, randoop.jodatime.RandoopTest0.test165, randoop.jodatime.RandoopTest0.test192, randoop.jodatime.RandoopTest0.test196, randoop.jodatime.RandoopTest0.test325, randoop.jodatime.RandoopTest0.test326, randoop.jodatime.RandoopTest0.test327, randoop.jodatime.RandoopTest0.test328, randoop.jodatime.RandoopTest0.test329, randoop.jodatime.RandoopTest0.test330, randoop.jodatime.RandoopTest0.test331, randoop.jodatime.RandoopTest0.test332, randoop.jodatime.RandoopTest0.test333, randoop.jodatime.RandoopTest0.test334, randoop.jodatime.RandoopTest0.test335, randoop.jodatime.RandoopTest0.test337, randoop.jodatime.RandoopTest0.test338, randoop.jodatime.RandoopTest0.test339, randoop.jodatime.RandoopTest0.test342, randoop.jodatime.RandoopTest0.test343, randoop.jodatime.RandoopTest0.test344, randoop.jodatime.RandoopTest0.test346, randoop.jodatime.RandoopTest0.test347, randoop.jodatime.RandoopTest0.test348, randoop.jodatime.RandoopTest0.test349, randoop.jodatime.RandoopTest0.test350, randoop.jodatime.RandoopTest0.test351, randoop.jodatime.RandoopTest0.test352, randoop.jodatime.RandoopTest0.test353, randoop.jodatime.RandoopTest0.test354, randoop.jodatime.RandoopTest0.test356, randoop.jodatime.RandoopTest0.test357, randoop.jodatime.RandoopTest0.test358, randoop.jodatime.RandoopTest0.test359, randoop.jodatime.RandoopTest0.test360, randoop.jodatime.RandoopTest0.test361, randoop.jodatime.RandoopTest0.test363, randoop.jodatime.RandoopTest0.test364, randoop.jodatime.RandoopTest0.test365, randoop.jodatime.RandoopTest0.test367, randoop.jodatime.RandoopTest0.test368, randoop.jodatime.RandoopTest0.test369, randoop.jodatime.RandoopTest0.test370, randoop.jodatime.RandoopTest0.test371, randoop.jodatime.RandoopTest0.test372, randoop.jodatime.RandoopTest0.test376, randoop.jodatime.RandoopTest0.test378, randoop.jodatime.RandoopTest0.test381, randoop.jodatime.RandoopTest0.test382, randoop.jodatime.RandoopTest0.test383, randoop.jodatime.RandoopTest0.test384, randoop.jodatime.RandoopTest0.test385, randoop.jodatime.RandoopTest0.test386, randoop.jodatime.RandoopTest0.test387, randoop.jodatime.RandoopTest0.test388, randoop.jodatime.RandoopTest0.test389, randoop.jodatime.RandoopTest0.test390, randoop.jodatime.RandoopTest0.test391, randoop.jodatime.RandoopTest0.test394, randoop.jodatime.RandoopTest0.test395, randoop.jodatime.RandoopTest0.test396, randoop.jodatime.RandoopTest0.test397, randoop.jodatime.RandoopTest0.test399, randoop.jodatime.RandoopTest0.test400, randoop.jodatime.RandoopTest0.test401, randoop.jodatime.RandoopTest0.test402, randoop.jodatime.RandoopTest0.test403, randoop.jodatime.RandoopTest0.test404, randoop.jodatime.RandoopTest0.test406, randoop.jodatime.RandoopTest0.test407, randoop.jodatime.RandoopTest0.test408, randoop.jodatime.RandoopTest0.test409, randoop.jodatime.RandoopTest0.test410, randoop.jodatime.RandoopTest0.test411, randoop.jodatime.RandoopTest0.test412, randoop.jodatime.RandoopTest0.test413, randoop.jodatime.RandoopTest0.test414, randoop.jodatime.RandoopTest0.test415, randoop.jodatime.RandoopTest0.test416, randoop.jodatime.RandoopTest0.test417, randoop.jodatime.RandoopTest0.test418, randoop.jodatime.RandoopTest0.test419, randoop.jodatime.RandoopTest0.test420, randoop.jodatime.RandoopTest0.test421, randoop.jodatime.RandoopTest0.test423, randoop.jodatime.RandoopTest0.test424, randoop.jodatime.RandoopTest0.test427, randoop.jodatime.RandoopTest0.test429, randoop.jodatime.RandoopTest0.test430, randoop.jodatime.RandoopTest0.test431, randoop.jodatime.RandoopTest0.test432, randoop.jodatime.RandoopTest0.test433, randoop.jodatime.RandoopTest0.test434, randoop.jodatime.RandoopTest0.test435, randoop.jodatime.RandoopTest0.test436, randoop.jodatime.RandoopTest0.test437, randoop.jodatime.RandoopTest0.test439, randoop.jodatime.RandoopTest0.test441, randoop.jodatime.RandoopTest0.test442, randoop.jodatime.RandoopTest0.test443, randoop.jodatime.RandoopTest0.test444, randoop.jodatime.RandoopTest0.test445, randoop.jodatime.RandoopTest0.test446, randoop.jodatime.RandoopTest0.test447, randoop.jodatime.RandoopTest0.test448, randoop.jodatime.RandoopTest0.test450, randoop.jodatime.RandoopTest0.test451, randoop.jodatime.RandoopTest0.test452, randoop.jodatime.RandoopTest0.test453, randoop.jodatime.RandoopTest0.test454, randoop.jodatime.RandoopTest0.test456, randoop.jodatime.RandoopTest0.test459, randoop.jodatime.RandoopTest0.test462, randoop.jodatime.RandoopTest0.test463, randoop.jodatime.RandoopTest0.test465, randoop.jodatime.RandoopTest0.test467, randoop.jodatime.RandoopTest0.test468, randoop.jodatime.RandoopTest0.test469, randoop.jodatime.RandoopTest0.test470, randoop.jodatime.RandoopTest0.test471, randoop.jodatime.RandoopTest0.test472, randoop.jodatime.RandoopTest0.test473, randoop.jodatime.RandoopTest0.test474, randoop.jodatime.RandoopTest0.test475, randoop.jodatime.RandoopTest0.test476, randoop.jodatime.RandoopTest0.test478, randoop.jodatime.RandoopTest0.test479, randoop.jodatime.RandoopTest0.test480, randoop.jodatime.RandoopTest0.test482, randoop.jodatime.RandoopTest0.test483, randoop.jodatime.RandoopTest0.test484, randoop.jodatime.RandoopTest0.test485, randoop.jodatime.RandoopTest0.test486, randoop.jodatime.RandoopTest0.test487, randoop.jodatime.RandoopTest0.test488, randoop.jodatime.RandoopTest0.test489, randoop.jodatime.RandoopTest0.test490, randoop.jodatime.RandoopTest0.test491, randoop.jodatime.RandoopTest0.test492, randoop.jodatime.RandoopTest0.test495]

Time each test takes to run in the new order:
[80760421, 9593895, 5747809, 5314447, 8045337, 5546637, 4923039, 5197568, 4974927, 4896473, 4437403, 6519558, 4969484, 5266650, 11510784, 4759772, 4492641, 6446790, 3485186, 2847692, 7573496, 2901260, 3297514, 3089240, 2645041, 3043170, 2767054, 2672380, 4316396, 2330936, 2397327, 3075394, 3145837, 3137539, 7176099, 2032797, 1924878, 2075333, 2885997, 2008481, 11221962, 4965049, 8610349, 4655400, 4298452, 4611672, 4388861, 4786355, 5903526, 4123331, 4230605, 4629108, 4182921, 5828377, 6251425, 4996927, 3503106, 3384688, 1903990, 1879329, 2382631, 1827090, 3145429, 2237782, 6618977, 3930073, 4003248, 3140287, 2891995, 1725574, 2148841, 2445227, 1911026, 2115975, 1929183, 2005164, 1666891, 1653315, 1622118, 1716698, 1651865, 1927347, 1639146, 1862652, 4198830, 1926589, 3907994, 2356386, 1868956, 2096452, 1804820, 1692702, 1629512, 1925337, 1732437, 1804893, 1887558, 1714651, 1923124, 1624912, 1683083, 1656552, 1606652, 1614476, 1646407, 1585924, 1560839, 1541111, 2139075, 2461814, 1987279, 2061855, 2682923, 2387909, 2388459, 2009665, 2359327, 2468488, 2108748, 2609791, 2448349, 2427991, 2032639, 2374269, 2477820, 1982753, 2618141, 2756883, 2606407, 2337909, 4133176, 1893951, 1681091, 1895166, 1627614, 1591986, 1583158, 1749463, 1862985, 1743168, 1658195, 2070759, 1731667]

Dependent test list:
[Test: randoop.jodatime.RandoopTest0.test196, Intended behavior: FAILURE, when executed after: [randoop.jodatime.RandoopTest0.test192], The revealed different behavior: PASS, when executed after: [], Test: randoop.jodatime.RandoopTest0.test192, Intended behavior: FAILURE, when executed after: [randoop.jodatime.RandoopTest0.test165], The revealed different behavior: PASS, when executed after: [], Test: randoop.jodatime.RandoopTest0.test165, Intended behavior: FAILURE, when executed after: [randoop.jodatime.RandoopTest0.test135], The revealed different behavior: PASS, when executed after: [], Test: randoop.jodatime.RandoopTest0.test360, Intended behavior: FAILURE, when executed after: [randoop.jodatime.RandoopTest0.test338], The revealed different behavior: PASS, when executed after: [], Test: randoop.jodatime.RandoopTest0.test338, Intended behavior: FAILURE, when executed after: [randoop.jodatime.RandoopTest0.test325], The revealed different behavior: PASS, when executed after: [], Test: randoop.jodatime.RandoopTest0.test325, Intended behavior: FAILURE, when executed after: [randoop.jodatime.RandoopTest0.test196], The revealed different behavior: PASS, when executed after: [], Test: randoop.jodatime.RandoopTest1.test235, Intended behavior: FAILURE, when executed after: [randoop.jodatime.RandoopTest1.test181], The revealed different behavior: PASS, when executed after: [], Test: randoop.jodatime.RandoopTest1.test181, Intended behavior: FAILURE, when executed after: [randoop.jodatime.RandoopTest0.test498], The revealed different behavior: PASS, when executed after: [], Test: randoop.jodatime.RandoopTest2.test36, Intended behavior: FAILURE, when executed after: [randoop.jodatime.RandoopTest2.test21], The revealed different behavior: PASS, when executed after: [], Test: randoop.jodatime.RandoopTest2.test77, Intended behavior: FAILURE, when executed after: [randoop.jodatime.RandoopTest1.test467], The revealed different behavior: PASS, when executed after: [], Test: randoop.jodatime.RandoopTest2.test21, Intended behavior: FAILURE, when executed after: [randoop.jodatime.RandoopTest1.test235], The revealed different behavior: PASS, when executed after: [], Test: randoop.jodatime.RandoopTest2.test254, Intended behavior: FAILURE, when executed after: [randoop.jodatime.RandoopTest2.test212], The revealed different behavior: PASS, when executed after: [], Test: randoop.jodatime.RandoopTest2.test243, Intended behavior: FAILURE, when executed after: [randoop.jodatime.RandoopTest2.test36], The revealed different behavior: PASS, when executed after: [], Test: randoop.jodatime.RandoopTest2.test490, Intended behavior: FAILURE, when executed after: [randoop.jodatime.RandoopTest2.test487], The revealed different behavior: PASS, when executed after: [], Test: randoop.jodatime.RandoopTest2.test487, Intended behavior: FAILURE, when executed after: [randoop.jodatime.RandoopTest2.test356], The revealed different behavior: PASS, when executed after: [], Test: randoop.jodatime.RandoopTest2.test356, Intended behavior: FAILURE, when executed after: [randoop.jodatime.RandoopTest2.test243], The revealed different behavior: PASS, when executed after: [], Test: randoop.jodatime.RandoopTest2.test474, Intended behavior: FAILURE, when executed after: [randoop.jodatime.RandoopTest2.test376], The revealed different behavior: PASS, when executed after: [], Test: randoop.jodatime.RandoopTest2.test493, Intended behavior: FAILURE, when executed after: [randoop.jodatime.RandoopTest2.test490], The revealed different behavior: PASS, when executed after: [], Test: randoop.jodatime.RandoopTest3.test195, Intended behavior: FAILURE, when executed after: [randoop.jodatime.RandoopTest3.test193], The revealed different behavior: PASS, when executed after: [], Test: randoop.jodatime.RandoopTest3.test193, Intended behavior: FAILURE, when executed after: [randoop.jodatime.RandoopTest3.test189], The revealed different behavior: PASS, when executed after: [], Test: randoop.jodatime.RandoopTest3.test189, Intended behavior: FAILURE, when executed after: [randoop.jodatime.RandoopTest3.test185], The revealed different behavior: PASS, when executed after: [], Test: randoop.jodatime.RandoopTest3.test185, Intended behavior: FAILURE, when executed after: [randoop.jodatime.RandoopTest3.test161], The revealed different behavior: PASS, when executed after: [], Test: randoop.jodatime.RandoopTest3.test161, Intended behavior: FAILURE, when executed after: [randoop.jodatime.RandoopTest2.test493], The revealed different behavior: PASS, when executed after: [], Test: randoop.jodatime.RandoopTest3.test389, Intended behavior: FAILURE, when executed after: [randoop.jodatime.RandoopTest3.test383], The revealed different behavior: PASS, when executed after: [], Test: randoop.jodatime.RandoopTest3.test383, Intended behavior: FAILURE, when executed after: [randoop.jodatime.RandoopTest3.test347], The revealed different behavior: PASS, when executed after: [], Test: randoop.jodatime.RandoopTest3.test347, Intended behavior: FAILURE, when executed after: [randoop.jodatime.RandoopTest3.test345], The revealed different behavior: PASS, when executed after: [], Test: randoop.jodatime.RandoopTest3.test345, Intended behavior: FAILURE, when executed after: [randoop.jodatime.RandoopTest3.test316], The revealed different behavior: PASS, when executed after: [], Test: randoop.jodatime.RandoopTest3.test316, Intended behavior: FAILURE, when executed after: [randoop.jodatime.RandoopTest3.test315], The revealed different behavior: PASS, when executed after: [], Test: randoop.jodatime.RandoopTest3.test315, Intended behavior: FAILURE, when executed after: [randoop.jodatime.RandoopTest3.test195], The revealed different behavior: PASS, when executed after: [], Test: randoop.jodatime.RandoopTest3.test496, Intended behavior: FAILURE, when executed after: [randoop.jodatime.RandoopTest3.test467], The revealed different behavior: PASS, when executed after: [], Test: randoop.jodatime.RandoopTest3.test467, Intended behavior: FAILURE, when executed after: [randoop.jodatime.RandoopTest3.test389], The revealed different behavior: PASS, when executed after: [], Test: randoop.jodatime.RandoopTest4.test259, Intended behavior: FAILURE, when executed after: [randoop.jodatime.RandoopTest4.test221], The revealed different behavior: PASS, when executed after: [], Test: randoop.jodatime.RandoopTest4.test221, Intended behavior: FAILURE, when executed after: [randoop.jodatime.RandoopTest4.test13], The revealed different behavior: PASS, when executed after: [], Test: randoop.jodatime.RandoopTest4.test401, Intended behavior: FAILURE, when executed after: [randoop.jodatime.RandoopTest4.test259], The revealed different behavior: PASS, when executed after: [], Test: randoop.jodatime.RandoopTest4.test434, Intended behavior: FAILURE, when executed after: [randoop.jodatime.RandoopTest4.test401], The revealed different behavior: PASS, when executed after: [], Test: randoop.jodatime.RandoopTest4.test13, Intended behavior: FAILURE, when executed after: [randoop.jodatime.RandoopTest3.test496], The revealed different behavior: PASS, when executed after: [], Test: randoop.jodatime.RandoopTest2.test212, Intended behavior: FAILURE, when executed after: [randoop.jodatime.RandoopTest2.test77], The revealed different behavior: PASS, when executed after: [], Test: randoop.jodatime.RandoopTest2.test376, Intended behavior: FAILURE, when executed after: [randoop.jodatime.RandoopTest2.test254], The revealed different behavior: PASS, when executed after: []]
--------------------------
Execution time of TLG and its time to find/nullify any DTs for 1 machine (does not include the time to run the tests in the new order): 0.672
Number of tests selected out of total in original order: 138 / 2211
Number of DTs not fixed: 0
Number of DTs fixed: 0
Execution time for executing the following testing order: 0.514

Test order list:
[randoop.jodatime.RandoopTest0.test496, randoop.jodatime.RandoopTest0.test497, randoop.jodatime.RandoopTest0.test498, randoop.jodatime.RandoopTest0.test499, randoop.jodatime.RandoopTest0.test500, randoop.jodatime.RandoopTest1.test1, randoop.jodatime.RandoopTest1.test3, randoop.jodatime.RandoopTest1.test4, randoop.jodatime.RandoopTest1.test5, randoop.jodatime.RandoopTest1.test7, randoop.jodatime.RandoopTest1.test8, randoop.jodatime.RandoopTest1.test9, randoop.jodatime.RandoopTest1.test10, randoop.jodatime.RandoopTest1.test11, randoop.jodatime.RandoopTest1.test12, randoop.jodatime.RandoopTest1.test13, randoop.jodatime.RandoopTest1.test14, randoop.jodatime.RandoopTest1.test15, randoop.jodatime.RandoopTest1.test16, randoop.jodatime.RandoopTest1.test17, randoop.jodatime.RandoopTest1.test18, randoop.jodatime.RandoopTest1.test19, randoop.jodatime.RandoopTest1.test20, randoop.jodatime.RandoopTest1.test21, randoop.jodatime.RandoopTest1.test22, randoop.jodatime.RandoopTest1.test23, randoop.jodatime.RandoopTest1.test24, randoop.jodatime.RandoopTest1.test25, randoop.jodatime.RandoopTest1.test26, randoop.jodatime.RandoopTest1.test28, randoop.jodatime.RandoopTest1.test30, randoop.jodatime.RandoopTest1.test32, randoop.jodatime.RandoopTest1.test36, randoop.jodatime.RandoopTest1.test37, randoop.jodatime.RandoopTest1.test38, randoop.jodatime.RandoopTest1.test39, randoop.jodatime.RandoopTest1.test40, randoop.jodatime.RandoopTest1.test41, randoop.jodatime.RandoopTest1.test42, randoop.jodatime.RandoopTest1.test43, randoop.jodatime.RandoopTest1.test44, randoop.jodatime.RandoopTest1.test46, randoop.jodatime.RandoopTest1.test47, randoop.jodatime.RandoopTest1.test49, randoop.jodatime.RandoopTest1.test50, randoop.jodatime.RandoopTest1.test51, randoop.jodatime.RandoopTest1.test52, randoop.jodatime.RandoopTest1.test53, randoop.jodatime.RandoopTest1.test55, randoop.jodatime.RandoopTest1.test56, randoop.jodatime.RandoopTest1.test57, randoop.jodatime.RandoopTest1.test58, randoop.jodatime.RandoopTest1.test59, randoop.jodatime.RandoopTest1.test60, randoop.jodatime.RandoopTest1.test62, randoop.jodatime.RandoopTest1.test63, randoop.jodatime.RandoopTest1.test64, randoop.jodatime.RandoopTest1.test67, randoop.jodatime.RandoopTest1.test69, randoop.jodatime.RandoopTest1.test70, randoop.jodatime.RandoopTest1.test71, randoop.jodatime.RandoopTest1.test74, randoop.jodatime.RandoopTest1.test76, randoop.jodatime.RandoopTest1.test77, randoop.jodatime.RandoopTest1.test78, randoop.jodatime.RandoopTest1.test82, randoop.jodatime.RandoopTest1.test83, randoop.jodatime.RandoopTest1.test84, randoop.jodatime.RandoopTest1.test85, randoop.jodatime.RandoopTest1.test86, randoop.jodatime.RandoopTest1.test88, randoop.jodatime.RandoopTest1.test90, randoop.jodatime.RandoopTest1.test91, randoop.jodatime.RandoopTest1.test92, randoop.jodatime.RandoopTest1.test93, randoop.jodatime.RandoopTest1.test94, randoop.jodatime.RandoopTest1.test96, randoop.jodatime.RandoopTest1.test97, randoop.jodatime.RandoopTest1.test98, randoop.jodatime.RandoopTest1.test99, randoop.jodatime.RandoopTest1.test101, randoop.jodatime.RandoopTest1.test102, randoop.jodatime.RandoopTest1.test103, randoop.jodatime.RandoopTest1.test104, randoop.jodatime.RandoopTest1.test105, randoop.jodatime.RandoopTest1.test106, randoop.jodatime.RandoopTest1.test107, randoop.jodatime.RandoopTest1.test108, randoop.jodatime.RandoopTest1.test109, randoop.jodatime.RandoopTest1.test110, randoop.jodatime.RandoopTest1.test111, randoop.jodatime.RandoopTest1.test112, randoop.jodatime.RandoopTest1.test113, randoop.jodatime.RandoopTest1.test114, randoop.jodatime.RandoopTest1.test117, randoop.jodatime.RandoopTest1.test119, randoop.jodatime.RandoopTest1.test120, randoop.jodatime.RandoopTest1.test121, randoop.jodatime.RandoopTest1.test122, randoop.jodatime.RandoopTest1.test124, randoop.jodatime.RandoopTest1.test125, randoop.jodatime.RandoopTest1.test126, randoop.jodatime.RandoopTest1.test128, randoop.jodatime.RandoopTest1.test130, randoop.jodatime.RandoopTest1.test131, randoop.jodatime.RandoopTest1.test133, randoop.jodatime.RandoopTest1.test134, randoop.jodatime.RandoopTest1.test135, randoop.jodatime.RandoopTest1.test136, randoop.jodatime.RandoopTest1.test137, randoop.jodatime.RandoopTest1.test138, randoop.jodatime.RandoopTest1.test139, randoop.jodatime.RandoopTest1.test140, randoop.jodatime.RandoopTest1.test142, randoop.jodatime.RandoopTest1.test143, randoop.jodatime.RandoopTest1.test144, randoop.jodatime.RandoopTest1.test145, randoop.jodatime.RandoopTest1.test146, randoop.jodatime.RandoopTest1.test147, randoop.jodatime.RandoopTest1.test149, randoop.jodatime.RandoopTest1.test150, randoop.jodatime.RandoopTest1.test151, randoop.jodatime.RandoopTest1.test152, randoop.jodatime.RandoopTest1.test154, randoop.jodatime.RandoopTest1.test155, randoop.jodatime.RandoopTest1.test156, randoop.jodatime.RandoopTest1.test157, randoop.jodatime.RandoopTest1.test158, randoop.jodatime.RandoopTest1.test159, randoop.jodatime.RandoopTest1.test160, randoop.jodatime.RandoopTest1.test161, randoop.jodatime.RandoopTest1.test162, randoop.jodatime.RandoopTest1.test163, randoop.jodatime.RandoopTest1.test164, randoop.jodatime.RandoopTest1.test165, randoop.jodatime.RandoopTest1.test166, randoop.jodatime.RandoopTest1.test167, randoop.jodatime.RandoopTest1.test168]

Time each test takes to run in the new order:
[73729184, 15111440, 12119906, 9969238, 9305918, 6494461, 7130293, 6095923, 5724081, 4810316, 5549120, 4773281, 4967906, 4707091, 4869276, 5659443, 8024582, 4139230, 3626152, 4955069, 3127572, 2942028, 2943417, 2949047, 3556459, 3297815, 4215939, 3158870, 2906380, 2904399, 2797465, 2956874, 3018144, 2867055, 4584661, 4079156, 2882130, 2856274, 7443660, 3211156, 3561864, 3216513, 3068880, 4072599, 2970256, 2904746, 3097830, 3762920, 3063319, 3401760, 2373778, 2106750, 2508378, 2180895, 2406575, 2531337, 2189968, 2343413, 2126221, 3078005, 2259579, 3260063, 2876816, 4206557, 3235835, 3428625, 2805569, 3312919, 3220562, 2681426, 3159318, 3139211, 3401623, 3010368, 3216596, 3299870, 2959098, 3204668, 3395508, 3664987, 2628561, 2940405, 4901153, 2546404, 1866979, 1946337, 2114621, 6709776, 2284325, 2265985, 1774722, 1949359, 1759595, 2163286, 2253574, 2370941, 2108635, 1854418, 1760705, 1868417, 2170374, 2536992, 2600272, 1739246, 1679762, 2636260, 1549234, 1578860, 1852526, 1638532, 1674578, 1531058, 1541223, 1537285, 1540672, 1684480, 1550532, 1866408, 1793470, 2800300, 1782911, 1982481, 1727633, 1996160, 1871665, 1708299, 1835276, 5212805, 1646507, 1804020, 1971307, 1661845, 1589166, 1588443, 1541108, 2313961, 1549995, 1831738]

Dependent test list:
[Test: randoop.jodatime.RandoopTest0.test196, Intended behavior: FAILURE, when executed after: [randoop.jodatime.RandoopTest0.test192], The revealed different behavior: PASS, when executed after: [], Test: randoop.jodatime.RandoopTest0.test192, Intended behavior: FAILURE, when executed after: [randoop.jodatime.RandoopTest0.test165], The revealed different behavior: PASS, when executed after: [], Test: randoop.jodatime.RandoopTest0.test165, Intended behavior: FAILURE, when executed after: [randoop.jodatime.RandoopTest0.test135], The revealed different behavior: PASS, when executed after: [], Test: randoop.jodatime.RandoopTest0.test360, Intended behavior: FAILURE, when executed after: [randoop.jodatime.RandoopTest0.test338], The revealed different behavior: PASS, when executed after: [], Test: randoop.jodatime.RandoopTest0.test338, Intended behavior: FAILURE, when executed after: [randoop.jodatime.RandoopTest0.test325], The revealed different behavior: PASS, when executed after: [], Test: randoop.jodatime.RandoopTest0.test325, Intended behavior: FAILURE, when executed after: [randoop.jodatime.RandoopTest0.test196], The revealed different behavior: PASS, when executed after: [], Test: randoop.jodatime.RandoopTest1.test235, Intended behavior: FAILURE, when executed after: [randoop.jodatime.RandoopTest1.test181], The revealed different behavior: PASS, when executed after: [], Test: randoop.jodatime.RandoopTest1.test181, Intended behavior: FAILURE, when executed after: [randoop.jodatime.RandoopTest0.test498], The revealed different behavior: PASS, when executed after: [], Test: randoop.jodatime.RandoopTest2.test36, Intended behavior: FAILURE, when executed after: [randoop.jodatime.RandoopTest2.test21], The revealed different behavior: PASS, when executed after: [], Test: randoop.jodatime.RandoopTest2.test77, Intended behavior: FAILURE, when executed after: [randoop.jodatime.RandoopTest1.test467], The revealed different behavior: PASS, when executed after: [], Test: randoop.jodatime.RandoopTest2.test21, Intended behavior: FAILURE, when executed after: [randoop.jodatime.RandoopTest1.test235], The revealed different behavior: PASS, when executed after: [], Test: randoop.jodatime.RandoopTest2.test254, Intended behavior: FAILURE, when executed after: [randoop.jodatime.RandoopTest2.test212], The revealed different behavior: PASS, when executed after: [], Test: randoop.jodatime.RandoopTest2.test243, Intended behavior: FAILURE, when executed after: [randoop.jodatime.RandoopTest2.test36], The revealed different behavior: PASS, when executed after: [], Test: randoop.jodatime.RandoopTest2.test490, Intended behavior: FAILURE, when executed after: [randoop.jodatime.RandoopTest2.test487], The revealed different behavior: PASS, when executed after: [], Test: randoop.jodatime.RandoopTest2.test487, Intended behavior: FAILURE, when executed after: [randoop.jodatime.RandoopTest2.test356], The revealed different behavior: PASS, when executed after: [], Test: randoop.jodatime.RandoopTest2.test356, Intended behavior: FAILURE, when executed after: [randoop.jodatime.RandoopTest2.test243], The revealed different behavior: PASS, when executed after: [], Test: randoop.jodatime.RandoopTest2.test474, Intended behavior: FAILURE, when executed after: [randoop.jodatime.RandoopTest2.test376], The revealed different behavior: PASS, when executed after: [], Test: randoop.jodatime.RandoopTest2.test493, Intended behavior: FAILURE, when executed after: [randoop.jodatime.RandoopTest2.test490], The revealed different behavior: PASS, when executed after: [], Test: randoop.jodatime.RandoopTest3.test195, Intended behavior: FAILURE, when executed after: [randoop.jodatime.RandoopTest3.test193], The revealed different behavior: PASS, when executed after: [], Test: randoop.jodatime.RandoopTest3.test193, Intended behavior: FAILURE, when executed after: [randoop.jodatime.RandoopTest3.test189], The revealed different behavior: PASS, when executed after: [], Test: randoop.jodatime.RandoopTest3.test189, Intended behavior: FAILURE, when executed after: [randoop.jodatime.RandoopTest3.test185], The revealed different behavior: PASS, when executed after: [], Test: randoop.jodatime.RandoopTest3.test185, Intended behavior: FAILURE, when executed after: [randoop.jodatime.RandoopTest3.test161], The revealed different behavior: PASS, when executed after: [], Test: randoop.jodatime.RandoopTest3.test161, Intended behavior: FAILURE, when executed after: [randoop.jodatime.RandoopTest2.test493], The revealed different behavior: PASS, when executed after: [], Test: randoop.jodatime.RandoopTest3.test389, Intended behavior: FAILURE, when executed after: [randoop.jodatime.RandoopTest3.test383], The revealed different behavior: PASS, when executed after: [], Test: randoop.jodatime.RandoopTest3.test383, Intended behavior: FAILURE, when executed after: [randoop.jodatime.RandoopTest3.test347], The revealed different behavior: PASS, when executed after: [], Test: randoop.jodatime.RandoopTest3.test347, Intended behavior: FAILURE, when executed after: [randoop.jodatime.RandoopTest3.test345], The revealed different behavior: PASS, when executed after: [], Test: randoop.jodatime.RandoopTest3.test345, Intended behavior: FAILURE, when executed after: [randoop.jodatime.RandoopTest3.test316], The revealed different behavior: PASS, when executed after: [], Test: randoop.jodatime.RandoopTest3.test316, Intended behavior: FAILURE, when executed after: [randoop.jodatime.RandoopTest3.test315], The revealed different behavior: PASS, when executed after: [], Test: randoop.jodatime.RandoopTest3.test315, Intended behavior: FAILURE, when executed after: [randoop.jodatime.RandoopTest3.test195], The revealed different behavior: PASS, when executed after: [], Test: randoop.jodatime.RandoopTest3.test496, Intended behavior: FAILURE, when executed after: [randoop.jodatime.RandoopTest3.test467], The revealed different behavior: PASS, when executed after: [], Test: randoop.jodatime.RandoopTest3.test467, Intended behavior: FAILURE, when executed after: [randoop.jodatime.RandoopTest3.test389], The revealed different behavior: PASS, when executed after: [], Test: randoop.jodatime.RandoopTest4.test259, Intended behavior: FAILURE, when executed after: [randoop.jodatime.RandoopTest4.test221], The revealed different behavior: PASS, when executed after: [], Test: randoop.jodatime.RandoopTest4.test221, Intended behavior: FAILURE, when executed after: [randoop.jodatime.RandoopTest4.test13], The revealed different behavior: PASS, when executed after: [], Test: randoop.jodatime.RandoopTest4.test401, Intended behavior: FAILURE, when executed after: [randoop.jodatime.RandoopTest4.test259], The revealed different behavior: PASS, when executed after: [], Test: randoop.jodatime.RandoopTest4.test434, Intended behavior: FAILURE, when executed after: [randoop.jodatime.RandoopTest4.test401], The revealed different behavior: PASS, when executed after: [], Test: randoop.jodatime.RandoopTest4.test13, Intended behavior: FAILURE, when executed after: [randoop.jodatime.RandoopTest3.test496], The revealed different behavior: PASS, when executed after: [], Test: randoop.jodatime.RandoopTest2.test212, Intended behavior: FAILURE, when executed after: [randoop.jodatime.RandoopTest2.test77], The revealed different behavior: PASS, when executed after: [], Test: randoop.jodatime.RandoopTest2.test376, Intended behavior: FAILURE, when executed after: [randoop.jodatime.RandoopTest2.test254], The revealed different behavior: PASS, when executed after: []]
--------------------------
Execution time of TLG and its time to find/nullify any DTs for 1 machine (does not include the time to run the tests in the new order): 0.717
Number of tests selected out of total in original order: 139 / 2211
Number of DTs not fixed: 0
Number of DTs fixed: 0
Execution time for executing the following testing order: 0.605

Test order list:
[randoop.jodatime.RandoopTest1.test169, randoop.jodatime.RandoopTest1.test170, randoop.jodatime.RandoopTest1.test171, randoop.jodatime.RandoopTest1.test172, randoop.jodatime.RandoopTest1.test173, randoop.jodatime.RandoopTest1.test174, randoop.jodatime.RandoopTest1.test175, randoop.jodatime.RandoopTest1.test176, randoop.jodatime.RandoopTest1.test177, randoop.jodatime.RandoopTest1.test178, randoop.jodatime.RandoopTest1.test179, randoop.jodatime.RandoopTest1.test180, randoop.jodatime.RandoopTest0.test498, randoop.jodatime.RandoopTest1.test181, randoop.jodatime.RandoopTest1.test182, randoop.jodatime.RandoopTest1.test183, randoop.jodatime.RandoopTest1.test184, randoop.jodatime.RandoopTest1.test185, randoop.jodatime.RandoopTest1.test186, randoop.jodatime.RandoopTest1.test187, randoop.jodatime.RandoopTest1.test190, randoop.jodatime.RandoopTest1.test193, randoop.jodatime.RandoopTest1.test196, randoop.jodatime.RandoopTest1.test198, randoop.jodatime.RandoopTest1.test199, randoop.jodatime.RandoopTest1.test200, randoop.jodatime.RandoopTest1.test201, randoop.jodatime.RandoopTest1.test202, randoop.jodatime.RandoopTest1.test203, randoop.jodatime.RandoopTest1.test204, randoop.jodatime.RandoopTest1.test205, randoop.jodatime.RandoopTest1.test206, randoop.jodatime.RandoopTest1.test207, randoop.jodatime.RandoopTest1.test208, randoop.jodatime.RandoopTest1.test210, randoop.jodatime.RandoopTest1.test211, randoop.jodatime.RandoopTest1.test212, randoop.jodatime.RandoopTest1.test213, randoop.jodatime.RandoopTest1.test214, randoop.jodatime.RandoopTest1.test215, randoop.jodatime.RandoopTest1.test216, randoop.jodatime.RandoopTest1.test217, randoop.jodatime.RandoopTest1.test218, randoop.jodatime.RandoopTest1.test219, randoop.jodatime.RandoopTest1.test220, randoop.jodatime.RandoopTest1.test221, randoop.jodatime.RandoopTest1.test222, randoop.jodatime.RandoopTest1.test223, randoop.jodatime.RandoopTest1.test224, randoop.jodatime.RandoopTest1.test225, randoop.jodatime.RandoopTest1.test226, randoop.jodatime.RandoopTest1.test228, randoop.jodatime.RandoopTest1.test229, randoop.jodatime.RandoopTest1.test230, randoop.jodatime.RandoopTest1.test231, randoop.jodatime.RandoopTest1.test232, randoop.jodatime.RandoopTest1.test233, randoop.jodatime.RandoopTest1.test234, randoop.jodatime.RandoopTest1.test235, randoop.jodatime.RandoopTest1.test236, randoop.jodatime.RandoopTest1.test237, randoop.jodatime.RandoopTest1.test238, randoop.jodatime.RandoopTest1.test239, randoop.jodatime.RandoopTest1.test240, randoop.jodatime.RandoopTest1.test241, randoop.jodatime.RandoopTest1.test242, randoop.jodatime.RandoopTest1.test244, randoop.jodatime.RandoopTest1.test245, randoop.jodatime.RandoopTest1.test246, randoop.jodatime.RandoopTest1.test247, randoop.jodatime.RandoopTest1.test248, randoop.jodatime.RandoopTest1.test249, randoop.jodatime.RandoopTest1.test250, randoop.jodatime.RandoopTest1.test251, randoop.jodatime.RandoopTest1.test252, randoop.jodatime.RandoopTest1.test253, randoop.jodatime.RandoopTest1.test254, randoop.jodatime.RandoopTest1.test255, randoop.jodatime.RandoopTest1.test256, randoop.jodatime.RandoopTest1.test257, randoop.jodatime.RandoopTest1.test258, randoop.jodatime.RandoopTest1.test259, randoop.jodatime.RandoopTest1.test260, randoop.jodatime.RandoopTest1.test262, randoop.jodatime.RandoopTest1.test263, randoop.jodatime.RandoopTest1.test264, randoop.jodatime.RandoopTest1.test265, randoop.jodatime.RandoopTest1.test266, randoop.jodatime.RandoopTest1.test267, randoop.jodatime.RandoopTest1.test268, randoop.jodatime.RandoopTest1.test269, randoop.jodatime.RandoopTest1.test271, randoop.jodatime.RandoopTest1.test272, randoop.jodatime.RandoopTest1.test274, randoop.jodatime.RandoopTest1.test276, randoop.jodatime.RandoopTest1.test277, randoop.jodatime.RandoopTest1.test278, randoop.jodatime.RandoopTest1.test279, randoop.jodatime.RandoopTest1.test280, randoop.jodatime.RandoopTest1.test281, randoop.jodatime.RandoopTest1.test282, randoop.jodatime.RandoopTest1.test283, randoop.jodatime.RandoopTest1.test284, randoop.jodatime.RandoopTest1.test286, randoop.jodatime.RandoopTest1.test287, randoop.jodatime.RandoopTest1.test289, randoop.jodatime.RandoopTest1.test290, randoop.jodatime.RandoopTest1.test291, randoop.jodatime.RandoopTest1.test293, randoop.jodatime.RandoopTest1.test294, randoop.jodatime.RandoopTest1.test295, randoop.jodatime.RandoopTest1.test296, randoop.jodatime.RandoopTest1.test298, randoop.jodatime.RandoopTest1.test299, randoop.jodatime.RandoopTest1.test300, randoop.jodatime.RandoopTest1.test301, randoop.jodatime.RandoopTest1.test302, randoop.jodatime.RandoopTest1.test303, randoop.jodatime.RandoopTest1.test305, randoop.jodatime.RandoopTest1.test306, randoop.jodatime.RandoopTest1.test307, randoop.jodatime.RandoopTest1.test308, randoop.jodatime.RandoopTest1.test310, randoop.jodatime.RandoopTest1.test311, randoop.jodatime.RandoopTest1.test312, randoop.jodatime.RandoopTest1.test313, randoop.jodatime.RandoopTest1.test317, randoop.jodatime.RandoopTest1.test318, randoop.jodatime.RandoopTest1.test319, randoop.jodatime.RandoopTest1.test320, randoop.jodatime.RandoopTest1.test321, randoop.jodatime.RandoopTest1.test322, randoop.jodatime.RandoopTest1.test323, randoop.jodatime.RandoopTest1.test326, randoop.jodatime.RandoopTest1.test327, randoop.jodatime.RandoopTest1.test328, randoop.jodatime.RandoopTest1.test329, randoop.jodatime.RandoopTest1.test330, randoop.jodatime.RandoopTest1.test331]

Time each test takes to run in the new order:
[75920813, 8875971, 5682821, 20927798, 7103314, 7343087, 8587269, 7414624, 5428833, 5142823, 108983611, 5873477, 8370128, 4578477, 4246316, 4530281, 7391844, 3770219, 8850326, 3174491, 2796323, 3136880, 3126951, 2848944, 2843008, 2770566, 2809051, 3328216, 2850922, 3003821, 3003218, 2917078, 3517446, 2857210, 2790795, 2997535, 3026495, 2809634, 6309329, 2992878, 3023006, 2765365, 2988681, 3082759, 2912208, 2908875, 2672991, 2685172, 2616413, 3053514, 2467718, 2710934, 2440110, 2384385, 2395254, 2380953, 2363873, 2523409, 3064282, 2555813, 4517264, 2147346, 2048379, 2325643, 1940772, 2612616, 1903061, 1935018, 1900015, 1936675, 1801651, 2306241, 1954355, 2014612, 1662934, 1690259, 2332295, 1677365, 1875790, 1930807, 3516093, 3354094, 3247417, 5930026, 2587755, 1717594, 1732962, 3573278, 2030458, 1821144, 1794863, 1658138, 3962011, 2026095, 1668113, 1675541, 1720780, 1832203, 1856563, 1755330, 1655689, 2002502, 1662692, 1692149, 1770635, 1855368, 2601111, 2315294, 1679126, 2412889, 2524210, 2022254, 2767698, 2560616, 2571397, 2551470, 2568346, 2392544, 2453085, 2424917, 2439178, 2823995, 2060462, 2370156, 2774641, 1980510, 2421065, 4718541, 1855164, 1663650, 1659784, 1731232, 1635038, 1590156, 1583756, 1574433, 1583920, 1808076, 1637443]

Dependent test list:
[Test: randoop.jodatime.RandoopTest0.test196, Intended behavior: FAILURE, when executed after: [randoop.jodatime.RandoopTest0.test192], The revealed different behavior: PASS, when executed after: [], Test: randoop.jodatime.RandoopTest0.test192, Intended behavior: FAILURE, when executed after: [randoop.jodatime.RandoopTest0.test165], The revealed different behavior: PASS, when executed after: [], Test: randoop.jodatime.RandoopTest0.test165, Intended behavior: FAILURE, when executed after: [randoop.jodatime.RandoopTest0.test135], The revealed different behavior: PASS, when executed after: [], Test: randoop.jodatime.RandoopTest0.test360, Intended behavior: FAILURE, when executed after: [randoop.jodatime.RandoopTest0.test338], The revealed different behavior: PASS, when executed after: [], Test: randoop.jodatime.RandoopTest0.test338, Intended behavior: FAILURE, when executed after: [randoop.jodatime.RandoopTest0.test325], The revealed different behavior: PASS, when executed after: [], Test: randoop.jodatime.RandoopTest0.test325, Intended behavior: FAILURE, when executed after: [randoop.jodatime.RandoopTest0.test196], The revealed different behavior: PASS, when executed after: [], Test: randoop.jodatime.RandoopTest1.test235, Intended behavior: FAILURE, when executed after: [randoop.jodatime.RandoopTest1.test181], The revealed different behavior: PASS, when executed after: [], Test: randoop.jodatime.RandoopTest1.test181, Intended behavior: FAILURE, when executed after: [randoop.jodatime.RandoopTest0.test498], The revealed different behavior: PASS, when executed after: [], Test: randoop.jodatime.RandoopTest2.test36, Intended behavior: FAILURE, when executed after: [randoop.jodatime.RandoopTest2.test21], The revealed different behavior: PASS, when executed after: [], Test: randoop.jodatime.RandoopTest2.test77, Intended behavior: FAILURE, when executed after: [randoop.jodatime.RandoopTest1.test467], The revealed different behavior: PASS, when executed after: [], Test: randoop.jodatime.RandoopTest2.test21, Intended behavior: FAILURE, when executed after: [randoop.jodatime.RandoopTest1.test235], The revealed different behavior: PASS, when executed after: [], Test: randoop.jodatime.RandoopTest2.test254, Intended behavior: FAILURE, when executed after: [randoop.jodatime.RandoopTest2.test212], The revealed different behavior: PASS, when executed after: [], Test: randoop.jodatime.RandoopTest2.test243, Intended behavior: FAILURE, when executed after: [randoop.jodatime.RandoopTest2.test36], The revealed different behavior: PASS, when executed after: [], Test: randoop.jodatime.RandoopTest2.test490, Intended behavior: FAILURE, when executed after: [randoop.jodatime.RandoopTest2.test487], The revealed different behavior: PASS, when executed after: [], Test: randoop.jodatime.RandoopTest2.test487, Intended behavior: FAILURE, when executed after: [randoop.jodatime.RandoopTest2.test356], The revealed different behavior: PASS, when executed after: [], Test: randoop.jodatime.RandoopTest2.test356, Intended behavior: FAILURE, when executed after: [randoop.jodatime.RandoopTest2.test243], The revealed different behavior: PASS, when executed after: [], Test: randoop.jodatime.RandoopTest2.test474, Intended behavior: FAILURE, when executed after: [randoop.jodatime.RandoopTest2.test376], The revealed different behavior: PASS, when executed after: [], Test: randoop.jodatime.RandoopTest2.test493, Intended behavior: FAILURE, when executed after: [randoop.jodatime.RandoopTest2.test490], The revealed different behavior: PASS, when executed after: [], Test: randoop.jodatime.RandoopTest3.test195, Intended behavior: FAILURE, when executed after: [randoop.jodatime.RandoopTest3.test193], The revealed different behavior: PASS, when executed after: [], Test: randoop.jodatime.RandoopTest3.test193, Intended behavior: FAILURE, when executed after: [randoop.jodatime.RandoopTest3.test189], The revealed different behavior: PASS, when executed after: [], Test: randoop.jodatime.RandoopTest3.test189, Intended behavior: FAILURE, when executed after: [randoop.jodatime.RandoopTest3.test185], The revealed different behavior: PASS, when executed after: [], Test: randoop.jodatime.RandoopTest3.test185, Intended behavior: FAILURE, when executed after: [randoop.jodatime.RandoopTest3.test161], The revealed different behavior: PASS, when executed after: [], Test: randoop.jodatime.RandoopTest3.test161, Intended behavior: FAILURE, when executed after: [randoop.jodatime.RandoopTest2.test493], The revealed different behavior: PASS, when executed after: [], Test: randoop.jodatime.RandoopTest3.test389, Intended behavior: FAILURE, when executed after: [randoop.jodatime.RandoopTest3.test383], The revealed different behavior: PASS, when executed after: [], Test: randoop.jodatime.RandoopTest3.test383, Intended behavior: FAILURE, when executed after: [randoop.jodatime.RandoopTest3.test347], The revealed different behavior: PASS, when executed after: [], Test: randoop.jodatime.RandoopTest3.test347, Intended behavior: FAILURE, when executed after: [randoop.jodatime.RandoopTest3.test345], The revealed different behavior: PASS, when executed after: [], Test: randoop.jodatime.RandoopTest3.test345, Intended behavior: FAILURE, when executed after: [randoop.jodatime.RandoopTest3.test316], The revealed different behavior: PASS, when executed after: [], Test: randoop.jodatime.RandoopTest3.test316, Intended behavior: FAILURE, when executed after: [randoop.jodatime.RandoopTest3.test315], The revealed different behavior: PASS, when executed after: [], Test: randoop.jodatime.RandoopTest3.test315, Intended behavior: FAILURE, when executed after: [randoop.jodatime.RandoopTest3.test195], The revealed different behavior: PASS, when executed after: [], Test: randoop.jodatime.RandoopTest3.test496, Intended behavior: FAILURE, when executed after: [randoop.jodatime.RandoopTest3.test467], The revealed different behavior: PASS, when executed after: [], Test: randoop.jodatime.RandoopTest3.test467, Intended behavior: FAILURE, when executed after: [randoop.jodatime.RandoopTest3.test389], The revealed different behavior: PASS, when executed after: [], Test: randoop.jodatime.RandoopTest4.test259, Intended behavior: FAILURE, when executed after: [randoop.jodatime.RandoopTest4.test221], The revealed different behavior: PASS, when executed after: [], Test: randoop.jodatime.RandoopTest4.test221, Intended behavior: FAILURE, when executed after: [randoop.jodatime.RandoopTest4.test13], The revealed different behavior: PASS, when executed after: [], Test: randoop.jodatime.RandoopTest4.test401, Intended behavior: FAILURE, when executed after: [randoop.jodatime.RandoopTest4.test259], The revealed different behavior: PASS, when executed after: [], Test: randoop.jodatime.RandoopTest4.test434, Intended behavior: FAILURE, when executed after: [randoop.jodatime.RandoopTest4.test401], The revealed different behavior: PASS, when executed after: [], Test: randoop.jodatime.RandoopTest4.test13, Intended behavior: FAILURE, when executed after: [randoop.jodatime.RandoopTest3.test496], The revealed different behavior: PASS, when executed after: [], Test: randoop.jodatime.RandoopTest2.test212, Intended behavior: FAILURE, when executed after: [randoop.jodatime.RandoopTest2.test77], The revealed different behavior: PASS, when executed after: [], Test: randoop.jodatime.RandoopTest2.test376, Intended behavior: FAILURE, when executed after: [randoop.jodatime.RandoopTest2.test254], The revealed different behavior: PASS, when executed after: []]
--------------------------
Execution time of TLG and its time to find/nullify any DTs for 1 machine (does not include the time to run the tests in the new order): 0.726
Number of tests selected out of total in original order: 138 / 2211
Number of DTs not fixed: 0
Number of DTs fixed: 0
Execution time for executing the following testing order: 0.497

Test order list:
[randoop.jodatime.RandoopTest1.test332, randoop.jodatime.RandoopTest1.test333, randoop.jodatime.RandoopTest1.test335, randoop.jodatime.RandoopTest1.test336, randoop.jodatime.RandoopTest1.test337, randoop.jodatime.RandoopTest1.test338, randoop.jodatime.RandoopTest1.test339, randoop.jodatime.RandoopTest1.test342, randoop.jodatime.RandoopTest1.test344, randoop.jodatime.RandoopTest1.test346, randoop.jodatime.RandoopTest1.test347, randoop.jodatime.RandoopTest1.test348, randoop.jodatime.RandoopTest1.test349, randoop.jodatime.RandoopTest1.test350, randoop.jodatime.RandoopTest1.test351, randoop.jodatime.RandoopTest1.test352, randoop.jodatime.RandoopTest1.test353, randoop.jodatime.RandoopTest1.test354, randoop.jodatime.RandoopTest1.test355, randoop.jodatime.RandoopTest1.test356, randoop.jodatime.RandoopTest1.test357, randoop.jodatime.RandoopTest1.test361, randoop.jodatime.RandoopTest1.test362, randoop.jodatime.RandoopTest1.test363, randoop.jodatime.RandoopTest1.test366, randoop.jodatime.RandoopTest1.test369, randoop.jodatime.RandoopTest1.test370, randoop.jodatime.RandoopTest1.test371, randoop.jodatime.RandoopTest1.test372, randoop.jodatime.RandoopTest1.test373, randoop.jodatime.RandoopTest1.test374, randoop.jodatime.RandoopTest1.test375, randoop.jodatime.RandoopTest1.test376, randoop.jodatime.RandoopTest1.test377, randoop.jodatime.RandoopTest1.test378, randoop.jodatime.RandoopTest1.test379, randoop.jodatime.RandoopTest1.test380, randoop.jodatime.RandoopTest1.test381, randoop.jodatime.RandoopTest1.test382, randoop.jodatime.RandoopTest1.test383, randoop.jodatime.RandoopTest1.test384, randoop.jodatime.RandoopTest1.test385, randoop.jodatime.RandoopTest1.test387, randoop.jodatime.RandoopTest1.test388, randoop.jodatime.RandoopTest1.test389, randoop.jodatime.RandoopTest1.test390, randoop.jodatime.RandoopTest1.test391, randoop.jodatime.RandoopTest1.test393, randoop.jodatime.RandoopTest1.test395, randoop.jodatime.RandoopTest1.test396, randoop.jodatime.RandoopTest1.test397, randoop.jodatime.RandoopTest1.test400, randoop.jodatime.RandoopTest1.test401, randoop.jodatime.RandoopTest1.test402, randoop.jodatime.RandoopTest1.test405, randoop.jodatime.RandoopTest1.test406, randoop.jodatime.RandoopTest1.test407, randoop.jodatime.RandoopTest1.test408, randoop.jodatime.RandoopTest1.test409, randoop.jodatime.RandoopTest1.test410, randoop.jodatime.RandoopTest1.test411, randoop.jodatime.RandoopTest1.test412, randoop.jodatime.RandoopTest1.test415, randoop.jodatime.RandoopTest1.test416, randoop.jodatime.RandoopTest1.test417, randoop.jodatime.RandoopTest1.test418, randoop.jodatime.RandoopTest1.test419, randoop.jodatime.RandoopTest1.test420, randoop.jodatime.RandoopTest1.test421, randoop.jodatime.RandoopTest1.test424, randoop.jodatime.RandoopTest1.test425, randoop.jodatime.RandoopTest1.test426, randoop.jodatime.RandoopTest1.test428, randoop.jodatime.RandoopTest1.test429, randoop.jodatime.RandoopTest1.test431, randoop.jodatime.RandoopTest1.test432, randoop.jodatime.RandoopTest1.test433, randoop.jodatime.RandoopTest1.test434, randoop.jodatime.RandoopTest1.test435, randoop.jodatime.RandoopTest1.test436, randoop.jodatime.RandoopTest1.test437, randoop.jodatime.RandoopTest1.test438, randoop.jodatime.RandoopTest1.test439, randoop.jodatime.RandoopTest1.test440, randoop.jodatime.RandoopTest1.test441, randoop.jodatime.RandoopTest1.test442, randoop.jodatime.RandoopTest1.test443, randoop.jodatime.RandoopTest1.test444, randoop.jodatime.RandoopTest1.test445, randoop.jodatime.RandoopTest1.test448, randoop.jodatime.RandoopTest1.test450, randoop.jodatime.RandoopTest1.test451, randoop.jodatime.RandoopTest1.test452, randoop.jodatime.RandoopTest1.test453, randoop.jodatime.RandoopTest1.test454, randoop.jodatime.RandoopTest1.test455, randoop.jodatime.RandoopTest1.test456, randoop.jodatime.RandoopTest1.test458, randoop.jodatime.RandoopTest1.test459, randoop.jodatime.RandoopTest1.test460, randoop.jodatime.RandoopTest1.test461, randoop.jodatime.RandoopTest1.test462, randoop.jodatime.RandoopTest1.test463, randoop.jodatime.RandoopTest1.test464, randoop.jodatime.RandoopTest1.test465, randoop.jodatime.RandoopTest1.test467, randoop.jodatime.RandoopTest1.test470, randoop.jodatime.RandoopTest1.test471, randoop.jodatime.RandoopTest1.test473, randoop.jodatime.RandoopTest1.test475, randoop.jodatime.RandoopTest1.test476, randoop.jodatime.RandoopTest1.test477, randoop.jodatime.RandoopTest1.test478, randoop.jodatime.RandoopTest1.test479, randoop.jodatime.RandoopTest1.test480, randoop.jodatime.RandoopTest1.test481, randoop.jodatime.RandoopTest1.test483, randoop.jodatime.RandoopTest1.test485, randoop.jodatime.RandoopTest1.test486, randoop.jodatime.RandoopTest1.test487, randoop.jodatime.RandoopTest1.test488, randoop.jodatime.RandoopTest1.test489, randoop.jodatime.RandoopTest1.test490, randoop.jodatime.RandoopTest1.test491, randoop.jodatime.RandoopTest1.test492, randoop.jodatime.RandoopTest1.test493, randoop.jodatime.RandoopTest1.test494, randoop.jodatime.RandoopTest1.test496, randoop.jodatime.RandoopTest1.test497, randoop.jodatime.RandoopTest1.test498, randoop.jodatime.RandoopTest1.test499, randoop.jodatime.RandoopTest1.test500, randoop.jodatime.RandoopTest2.test1, randoop.jodatime.RandoopTest2.test2, randoop.jodatime.RandoopTest2.test3, randoop.jodatime.RandoopTest2.test4, randoop.jodatime.RandoopTest2.test5, randoop.jodatime.RandoopTest2.test6]

Time each test takes to run in the new order:
[82628670, 11371576, 8489549, 4795955, 7600690, 6174964, 4839010, 5111989, 4821238, 4979107, 6499204, 13914283, 16983073, 5106825, 4874729, 9296620, 6310309, 4448163, 3909285, 3548995, 4194408, 3051120, 3584965, 2727112, 2238599, 2720094, 2366650, 2381756, 2309174, 2542833, 2251163, 2995211, 2124942, 2131495, 2497977, 2081768, 3158892, 2321251, 5141843, 2073258, 2388198, 2883536, 2466816, 2049529, 2326753, 1980254, 1936586, 1868609, 2158653, 1948139, 2280589, 2721226, 1962437, 2270476, 1992502, 1969611, 1842630, 1985623, 2684342, 2654688, 1831973, 8183787, 2365111, 2892392, 2503774, 2517473, 2378535, 2778422, 2374280, 2551826, 2229057, 2276037, 2522575, 2369901, 2180055, 2100352, 2102008, 2486214, 2084464, 2134914, 2299247, 3142911, 2109172, 4336227, 1805860, 1985661, 1713534, 2051524, 1897549, 1693154, 1825428, 1767136, 1822064, 1759755, 1618975, 1805850, 1833037, 1747658, 1829452, 1720228, 1780280, 1822445, 1874679, 1844956, 1849046, 1810798, 1664257, 2390044, 2072501, 2174317, 2612660, 2322901, 2528037, 2378643, 2155002, 2569649, 2359677, 2635515, 2265923, 2799001, 2438371, 2005151, 2608018, 2415745, 2801990, 2045252, 2468773, 2932545, 4451783, 1702589, 1652361, 1660195, 4293470, 2674627, 2295154, 2192643, 1953172, 2163322]

Dependent test list:
[Test: randoop.jodatime.RandoopTest0.test196, Intended behavior: FAILURE, when executed after: [randoop.jodatime.RandoopTest0.test192], The revealed different behavior: PASS, when executed after: [], Test: randoop.jodatime.RandoopTest0.test192, Intended behavior: FAILURE, when executed after: [randoop.jodatime.RandoopTest0.test165], The revealed different behavior: PASS, when executed after: [], Test: randoop.jodatime.RandoopTest0.test165, Intended behavior: FAILURE, when executed after: [randoop.jodatime.RandoopTest0.test135], The revealed different behavior: PASS, when executed after: [], Test: randoop.jodatime.RandoopTest0.test360, Intended behavior: FAILURE, when executed after: [randoop.jodatime.RandoopTest0.test338], The revealed different behavior: PASS, when executed after: [], Test: randoop.jodatime.RandoopTest0.test338, Intended behavior: FAILURE, when executed after: [randoop.jodatime.RandoopTest0.test325], The revealed different behavior: PASS, when executed after: [], Test: randoop.jodatime.RandoopTest0.test325, Intended behavior: FAILURE, when executed after: [randoop.jodatime.RandoopTest0.test196], The revealed different behavior: PASS, when executed after: [], Test: randoop.jodatime.RandoopTest1.test235, Intended behavior: FAILURE, when executed after: [randoop.jodatime.RandoopTest1.test181], The revealed different behavior: PASS, when executed after: [], Test: randoop.jodatime.RandoopTest1.test181, Intended behavior: FAILURE, when executed after: [randoop.jodatime.RandoopTest0.test498], The revealed different behavior: PASS, when executed after: [], Test: randoop.jodatime.RandoopTest2.test36, Intended behavior: FAILURE, when executed after: [randoop.jodatime.RandoopTest2.test21], The revealed different behavior: PASS, when executed after: [], Test: randoop.jodatime.RandoopTest2.test77, Intended behavior: FAILURE, when executed after: [randoop.jodatime.RandoopTest1.test467], The revealed different behavior: PASS, when executed after: [], Test: randoop.jodatime.RandoopTest2.test21, Intended behavior: FAILURE, when executed after: [randoop.jodatime.RandoopTest1.test235], The revealed different behavior: PASS, when executed after: [], Test: randoop.jodatime.RandoopTest2.test254, Intended behavior: FAILURE, when executed after: [randoop.jodatime.RandoopTest2.test212], The revealed different behavior: PASS, when executed after: [], Test: randoop.jodatime.RandoopTest2.test243, Intended behavior: FAILURE, when executed after: [randoop.jodatime.RandoopTest2.test36], The revealed different behavior: PASS, when executed after: [], Test: randoop.jodatime.RandoopTest2.test490, Intended behavior: FAILURE, when executed after: [randoop.jodatime.RandoopTest2.test487], The revealed different behavior: PASS, when executed after: [], Test: randoop.jodatime.RandoopTest2.test487, Intended behavior: FAILURE, when executed after: [randoop.jodatime.RandoopTest2.test356], The revealed different behavior: PASS, when executed after: [], Test: randoop.jodatime.RandoopTest2.test356, Intended behavior: FAILURE, when executed after: [randoop.jodatime.RandoopTest2.test243], The revealed different behavior: PASS, when executed after: [], Test: randoop.jodatime.RandoopTest2.test474, Intended behavior: FAILURE, when executed after: [randoop.jodatime.RandoopTest2.test376], The revealed different behavior: PASS, when executed after: [], Test: randoop.jodatime.RandoopTest2.test493, Intended behavior: FAILURE, when executed after: [randoop.jodatime.RandoopTest2.test490], The revealed different behavior: PASS, when executed after: [], Test: randoop.jodatime.RandoopTest3.test195, Intended behavior: FAILURE, when executed after: [randoop.jodatime.RandoopTest3.test193], The revealed different behavior: PASS, when executed after: [], Test: randoop.jodatime.RandoopTest3.test193, Intended behavior: FAILURE, when executed after: [randoop.jodatime.RandoopTest3.test189], The revealed different behavior: PASS, when executed after: [], Test: randoop.jodatime.RandoopTest3.test189, Intended behavior: FAILURE, when executed after: [randoop.jodatime.RandoopTest3.test185], The revealed different behavior: PASS, when executed after: [], Test: randoop.jodatime.RandoopTest3.test185, Intended behavior: FAILURE, when executed after: [randoop.jodatime.RandoopTest3.test161], The revealed different behavior: PASS, when executed after: [], Test: randoop.jodatime.RandoopTest3.test161, Intended behavior: FAILURE, when executed after: [randoop.jodatime.RandoopTest2.test493], The revealed different behavior: PASS, when executed after: [], Test: randoop.jodatime.RandoopTest3.test389, Intended behavior: FAILURE, when executed after: [randoop.jodatime.RandoopTest3.test383], The revealed different behavior: PASS, when executed after: [], Test: randoop.jodatime.RandoopTest3.test383, Intended behavior: FAILURE, when executed after: [randoop.jodatime.RandoopTest3.test347], The revealed different behavior: PASS, when executed after: [], Test: randoop.jodatime.RandoopTest3.test347, Intended behavior: FAILURE, when executed after: [randoop.jodatime.RandoopTest3.test345], The revealed different behavior: PASS, when executed after: [], Test: randoop.jodatime.RandoopTest3.test345, Intended behavior: FAILURE, when executed after: [randoop.jodatime.RandoopTest3.test316], The revealed different behavior: PASS, when executed after: [], Test: randoop.jodatime.RandoopTest3.test316, Intended behavior: FAILURE, when executed after: [randoop.jodatime.RandoopTest3.test315], The revealed different behavior: PASS, when executed after: [], Test: randoop.jodatime.RandoopTest3.test315, Intended behavior: FAILURE, when executed after: [randoop.jodatime.RandoopTest3.test195], The revealed different behavior: PASS, when executed after: [], Test: randoop.jodatime.RandoopTest3.test496, Intended behavior: FAILURE, when executed after: [randoop.jodatime.RandoopTest3.test467], The revealed different behavior: PASS, when executed after: [], Test: randoop.jodatime.RandoopTest3.test467, Intended behavior: FAILURE, when executed after: [randoop.jodatime.RandoopTest3.test389], The revealed different behavior: PASS, when executed after: [], Test: randoop.jodatime.RandoopTest4.test259, Intended behavior: FAILURE, when executed after: [randoop.jodatime.RandoopTest4.test221], The revealed different behavior: PASS, when executed after: [], Test: randoop.jodatime.RandoopTest4.test221, Intended behavior: FAILURE, when executed after: [randoop.jodatime.RandoopTest4.test13], The revealed different behavior: PASS, when executed after: [], Test: randoop.jodatime.RandoopTest4.test401, Intended behavior: FAILURE, when executed after: [randoop.jodatime.RandoopTest4.test259], The revealed different behavior: PASS, when executed after: [], Test: randoop.jodatime.RandoopTest4.test434, Intended behavior: FAILURE, when executed after: [randoop.jodatime.RandoopTest4.test401], The revealed different behavior: PASS, when executed after: [], Test: randoop.jodatime.RandoopTest4.test13, Intended behavior: FAILURE, when executed after: [randoop.jodatime.RandoopTest3.test496], The revealed different behavior: PASS, when executed after: [], Test: randoop.jodatime.RandoopTest2.test212, Intended behavior: FAILURE, when executed after: [randoop.jodatime.RandoopTest2.test77], The revealed different behavior: PASS, when executed after: [], Test: randoop.jodatime.RandoopTest2.test376, Intended behavior: FAILURE, when executed after: [randoop.jodatime.RandoopTest2.test254], The revealed different behavior: PASS, when executed after: []]
--------------------------
Execution time of TLG and its time to find/nullify any DTs for 1 machine (does not include the time to run the tests in the new order): 0.646
Number of tests selected out of total in original order: 142 / 2211
Number of DTs not fixed: 0
Number of DTs fixed: 0
Execution time for executing the following testing order: 0.523

Test order list:
[randoop.jodatime.RandoopTest2.test7, randoop.jodatime.RandoopTest2.test8, randoop.jodatime.RandoopTest2.test9, randoop.jodatime.RandoopTest2.test10, randoop.jodatime.RandoopTest2.test11, randoop.jodatime.RandoopTest2.test12, randoop.jodatime.RandoopTest2.test13, randoop.jodatime.RandoopTest2.test14, randoop.jodatime.RandoopTest2.test15, randoop.jodatime.RandoopTest2.test16, randoop.jodatime.RandoopTest2.test17, randoop.jodatime.RandoopTest2.test18, randoop.jodatime.RandoopTest2.test19, randoop.jodatime.RandoopTest2.test20, randoop.jodatime.RandoopTest0.test498, randoop.jodatime.RandoopTest1.test181, randoop.jodatime.RandoopTest1.test235, randoop.jodatime.RandoopTest2.test21, randoop.jodatime.RandoopTest2.test22, randoop.jodatime.RandoopTest2.test23, randoop.jodatime.RandoopTest2.test24, randoop.jodatime.RandoopTest2.test25, randoop.jodatime.RandoopTest2.test26, randoop.jodatime.RandoopTest2.test28, randoop.jodatime.RandoopTest2.test29, randoop.jodatime.RandoopTest2.test30, randoop.jodatime.RandoopTest2.test31, randoop.jodatime.RandoopTest2.test32, randoop.jodatime.RandoopTest2.test33, randoop.jodatime.RandoopTest2.test34, randoop.jodatime.RandoopTest2.test35, randoop.jodatime.RandoopTest2.test36, randoop.jodatime.RandoopTest2.test37, randoop.jodatime.RandoopTest2.test38, randoop.jodatime.RandoopTest2.test39, randoop.jodatime.RandoopTest2.test40, randoop.jodatime.RandoopTest2.test42, randoop.jodatime.RandoopTest2.test43, randoop.jodatime.RandoopTest2.test45, randoop.jodatime.RandoopTest2.test46, randoop.jodatime.RandoopTest2.test49, randoop.jodatime.RandoopTest2.test50, randoop.jodatime.RandoopTest2.test51, randoop.jodatime.RandoopTest2.test52, randoop.jodatime.RandoopTest2.test53, randoop.jodatime.RandoopTest2.test54, randoop.jodatime.RandoopTest2.test55, randoop.jodatime.RandoopTest2.test57, randoop.jodatime.RandoopTest2.test58, randoop.jodatime.RandoopTest2.test59, randoop.jodatime.RandoopTest2.test60, randoop.jodatime.RandoopTest2.test61, randoop.jodatime.RandoopTest2.test62, randoop.jodatime.RandoopTest2.test63, randoop.jodatime.RandoopTest2.test64, randoop.jodatime.RandoopTest2.test66, randoop.jodatime.RandoopTest2.test67, randoop.jodatime.RandoopTest2.test68, randoop.jodatime.RandoopTest2.test69, randoop.jodatime.RandoopTest2.test70, randoop.jodatime.RandoopTest2.test71, randoop.jodatime.RandoopTest2.test72, randoop.jodatime.RandoopTest2.test74, randoop.jodatime.RandoopTest2.test75, randoop.jodatime.RandoopTest2.test76, randoop.jodatime.RandoopTest1.test467, randoop.jodatime.RandoopTest2.test77, randoop.jodatime.RandoopTest2.test78, randoop.jodatime.RandoopTest2.test79, randoop.jodatime.RandoopTest2.test80, randoop.jodatime.RandoopTest2.test81, randoop.jodatime.RandoopTest2.test83, randoop.jodatime.RandoopTest2.test84, randoop.jodatime.RandoopTest2.test85, randoop.jodatime.RandoopTest2.test86, randoop.jodatime.RandoopTest2.test87, randoop.jodatime.RandoopTest2.test88, randoop.jodatime.RandoopTest2.test90, randoop.jodatime.RandoopTest2.test91, randoop.jodatime.RandoopTest2.test93, randoop.jodatime.RandoopTest2.test94, randoop.jodatime.RandoopTest2.test95, randoop.jodatime.RandoopTest2.test96, randoop.jodatime.RandoopTest2.test97, randoop.jodatime.RandoopTest2.test98, randoop.jodatime.RandoopTest2.test99, randoop.jodatime.RandoopTest2.test100, randoop.jodatime.RandoopTest2.test101, randoop.jodatime.RandoopTest2.test102, randoop.jodatime.RandoopTest2.test103, randoop.jodatime.RandoopTest2.test104, randoop.jodatime.RandoopTest2.test106, randoop.jodatime.RandoopTest2.test107, randoop.jodatime.RandoopTest2.test108, randoop.jodatime.RandoopTest2.test109, randoop.jodatime.RandoopTest2.test110, randoop.jodatime.RandoopTest2.test111, randoop.jodatime.RandoopTest2.test112, randoop.jodatime.RandoopTest2.test113, randoop.jodatime.RandoopTest2.test114, randoop.jodatime.RandoopTest2.test115, randoop.jodatime.RandoopTest2.test116, randoop.jodatime.RandoopTest2.test117, randoop.jodatime.RandoopTest2.test118, randoop.jodatime.RandoopTest2.test119, randoop.jodatime.RandoopTest2.test120, randoop.jodatime.RandoopTest2.test121, randoop.jodatime.RandoopTest2.test122, randoop.jodatime.RandoopTest2.test123, randoop.jodatime.RandoopTest2.test124, randoop.jodatime.RandoopTest2.test125, randoop.jodatime.RandoopTest2.test127, randoop.jodatime.RandoopTest2.test129, randoop.jodatime.RandoopTest2.test130, randoop.jodatime.RandoopTest2.test131, randoop.jodatime.RandoopTest2.test132, randoop.jodatime.RandoopTest2.test133, randoop.jodatime.RandoopTest2.test134, randoop.jodatime.RandoopTest2.test135, randoop.jodatime.RandoopTest2.test136, randoop.jodatime.RandoopTest2.test137, randoop.jodatime.RandoopTest2.test139, randoop.jodatime.RandoopTest2.test140, randoop.jodatime.RandoopTest2.test142, randoop.jodatime.RandoopTest2.test143, randoop.jodatime.RandoopTest2.test144, randoop.jodatime.RandoopTest2.test145, randoop.jodatime.RandoopTest2.test147, randoop.jodatime.RandoopTest2.test148, randoop.jodatime.RandoopTest2.test149, randoop.jodatime.RandoopTest2.test150, randoop.jodatime.RandoopTest2.test151, randoop.jodatime.RandoopTest2.test152, randoop.jodatime.RandoopTest2.test153, randoop.jodatime.RandoopTest2.test154, randoop.jodatime.RandoopTest2.test155, randoop.jodatime.RandoopTest2.test156, randoop.jodatime.RandoopTest2.test158, randoop.jodatime.RandoopTest2.test159, randoop.jodatime.RandoopTest2.test160, randoop.jodatime.RandoopTest2.test161, randoop.jodatime.RandoopTest2.test164]

Time each test takes to run in the new order:
[73351977, 17831956, 10294535, 7025016, 5888245, 5023268, 4831288, 5248264, 5176398, 4439296, 4431658, 6916087, 4695924, 4775110, 5925631, 7689150, 3797445, 3214439, 3326021, 3352276, 3209864, 3898277, 2708296, 3159696, 4991869, 3025369, 2678932, 3895502, 2640507, 2867731, 3317822, 2564385, 2540043, 2555851, 6638250, 2951221, 2855274, 5262508, 2630143, 2842324, 2696314, 2819741, 2755075, 2621320, 6555276, 2665414, 2513368, 3361102, 2725819, 3504939, 7935463, 3610707, 3429418, 2820934, 2641148, 2506170, 3031745, 2702431, 2512952, 5093095, 2920578, 3004603, 2682354, 2775479, 2563169, 2873199, 2685562, 2624714, 2567944, 2879442, 3017186, 2730145, 2522203, 3770428, 2638512, 2445865, 2456008, 2477035, 2419829, 2392594, 2284867, 2492438, 5920826, 2674659, 2598530, 2359767, 3027883, 2709545, 2464628, 2647079, 4097489, 2464257, 2701073, 2817160, 2619528, 2011889, 1998958, 1768039, 1697350, 1778327, 1931718, 1947811, 7732512, 1784606, 1777732, 1808625, 2493368, 1988363, 1663395, 2367871, 2507604, 2138470, 2455437, 2502194, 1926472, 2294712, 2665429, 2051579, 2540538, 2649243, 1914461, 2717394, 2535719, 2352505, 2063167, 2424669, 2525293, 4553621, 1729387, 1784191, 1540340, 1476113, 1647120, 1466359, 1614383, 1482764, 1480689, 1462869, 1575267, 1469856, 1772520, 1490080]

Dependent test list:
[Test: randoop.jodatime.RandoopTest0.test196, Intended behavior: FAILURE, when executed after: [randoop.jodatime.RandoopTest0.test192], The revealed different behavior: PASS, when executed after: [], Test: randoop.jodatime.RandoopTest0.test192, Intended behavior: FAILURE, when executed after: [randoop.jodatime.RandoopTest0.test165], The revealed different behavior: PASS, when executed after: [], Test: randoop.jodatime.RandoopTest0.test165, Intended behavior: FAILURE, when executed after: [randoop.jodatime.RandoopTest0.test135], The revealed different behavior: PASS, when executed after: [], Test: randoop.jodatime.RandoopTest0.test360, Intended behavior: FAILURE, when executed after: [randoop.jodatime.RandoopTest0.test338], The revealed different behavior: PASS, when executed after: [], Test: randoop.jodatime.RandoopTest0.test338, Intended behavior: FAILURE, when executed after: [randoop.jodatime.RandoopTest0.test325], The revealed different behavior: PASS, when executed after: [], Test: randoop.jodatime.RandoopTest0.test325, Intended behavior: FAILURE, when executed after: [randoop.jodatime.RandoopTest0.test196], The revealed different behavior: PASS, when executed after: [], Test: randoop.jodatime.RandoopTest1.test235, Intended behavior: FAILURE, when executed after: [randoop.jodatime.RandoopTest1.test181], The revealed different behavior: PASS, when executed after: [], Test: randoop.jodatime.RandoopTest1.test181, Intended behavior: FAILURE, when executed after: [randoop.jodatime.RandoopTest0.test498], The revealed different behavior: PASS, when executed after: [], Test: randoop.jodatime.RandoopTest2.test36, Intended behavior: FAILURE, when executed after: [randoop.jodatime.RandoopTest2.test21], The revealed different behavior: PASS, when executed after: [], Test: randoop.jodatime.RandoopTest2.test77, Intended behavior: FAILURE, when executed after: [randoop.jodatime.RandoopTest1.test467], The revealed different behavior: PASS, when executed after: [], Test: randoop.jodatime.RandoopTest2.test21, Intended behavior: FAILURE, when executed after: [randoop.jodatime.RandoopTest1.test235], The revealed different behavior: PASS, when executed after: [], Test: randoop.jodatime.RandoopTest2.test254, Intended behavior: FAILURE, when executed after: [randoop.jodatime.RandoopTest2.test212], The revealed different behavior: PASS, when executed after: [], Test: randoop.jodatime.RandoopTest2.test243, Intended behavior: FAILURE, when executed after: [randoop.jodatime.RandoopTest2.test36], The revealed different behavior: PASS, when executed after: [], Test: randoop.jodatime.RandoopTest2.test490, Intended behavior: FAILURE, when executed after: [randoop.jodatime.RandoopTest2.test487], The revealed different behavior: PASS, when executed after: [], Test: randoop.jodatime.RandoopTest2.test487, Intended behavior: FAILURE, when executed after: [randoop.jodatime.RandoopTest2.test356], The revealed different behavior: PASS, when executed after: [], Test: randoop.jodatime.RandoopTest2.test356, Intended behavior: FAILURE, when executed after: [randoop.jodatime.RandoopTest2.test243], The revealed different behavior: PASS, when executed after: [], Test: randoop.jodatime.RandoopTest2.test474, Intended behavior: FAILURE, when executed after: [randoop.jodatime.RandoopTest2.test376], The revealed different behavior: PASS, when executed after: [], Test: randoop.jodatime.RandoopTest2.test493, Intended behavior: FAILURE, when executed after: [randoop.jodatime.RandoopTest2.test490], The revealed different behavior: PASS, when executed after: [], Test: randoop.jodatime.RandoopTest3.test195, Intended behavior: FAILURE, when executed after: [randoop.jodatime.RandoopTest3.test193], The revealed different behavior: PASS, when executed after: [], Test: randoop.jodatime.RandoopTest3.test193, Intended behavior: FAILURE, when executed after: [randoop.jodatime.RandoopTest3.test189], The revealed different behavior: PASS, when executed after: [], Test: randoop.jodatime.RandoopTest3.test189, Intended behavior: FAILURE, when executed after: [randoop.jodatime.RandoopTest3.test185], The revealed different behavior: PASS, when executed after: [], Test: randoop.jodatime.RandoopTest3.test185, Intended behavior: FAILURE, when executed after: [randoop.jodatime.RandoopTest3.test161], The revealed different behavior: PASS, when executed after: [], Test: randoop.jodatime.RandoopTest3.test161, Intended behavior: FAILURE, when executed after: [randoop.jodatime.RandoopTest2.test493], The revealed different behavior: PASS, when executed after: [], Test: randoop.jodatime.RandoopTest3.test389, Intended behavior: FAILURE, when executed after: [randoop.jodatime.RandoopTest3.test383], The revealed different behavior: PASS, when executed after: [], Test: randoop.jodatime.RandoopTest3.test383, Intended behavior: FAILURE, when executed after: [randoop.jodatime.RandoopTest3.test347], The revealed different behavior: PASS, when executed after: [], Test: randoop.jodatime.RandoopTest3.test347, Intended behavior: FAILURE, when executed after: [randoop.jodatime.RandoopTest3.test345], The revealed different behavior: PASS, when executed after: [], Test: randoop.jodatime.RandoopTest3.test345, Intended behavior: FAILURE, when executed after: [randoop.jodatime.RandoopTest3.test316], The revealed different behavior: PASS, when executed after: [], Test: randoop.jodatime.RandoopTest3.test316, Intended behavior: FAILURE, when executed after: [randoop.jodatime.RandoopTest3.test315], The revealed different behavior: PASS, when executed after: [], Test: randoop.jodatime.RandoopTest3.test315, Intended behavior: FAILURE, when executed after: [randoop.jodatime.RandoopTest3.test195], The revealed different behavior: PASS, when executed after: [], Test: randoop.jodatime.RandoopTest3.test496, Intended behavior: FAILURE, when executed after: [randoop.jodatime.RandoopTest3.test467], The revealed different behavior: PASS, when executed after: [], Test: randoop.jodatime.RandoopTest3.test467, Intended behavior: FAILURE, when executed after: [randoop.jodatime.RandoopTest3.test389], The revealed different behavior: PASS, when executed after: [], Test: randoop.jodatime.RandoopTest4.test259, Intended behavior: FAILURE, when executed after: [randoop.jodatime.RandoopTest4.test221], The revealed different behavior: PASS, when executed after: [], Test: randoop.jodatime.RandoopTest4.test221, Intended behavior: FAILURE, when executed after: [randoop.jodatime.RandoopTest4.test13], The revealed different behavior: PASS, when executed after: [], Test: randoop.jodatime.RandoopTest4.test401, Intended behavior: FAILURE, when executed after: [randoop.jodatime.RandoopTest4.test259], The revealed different behavior: PASS, when executed after: [], Test: randoop.jodatime.RandoopTest4.test434, Intended behavior: FAILURE, when executed after: [randoop.jodatime.RandoopTest4.test401], The revealed different behavior: PASS, when executed after: [], Test: randoop.jodatime.RandoopTest4.test13, Intended behavior: FAILURE, when executed after: [randoop.jodatime.RandoopTest3.test496], The revealed different behavior: PASS, when executed after: [], Test: randoop.jodatime.RandoopTest2.test212, Intended behavior: FAILURE, when executed after: [randoop.jodatime.RandoopTest2.test77], The revealed different behavior: PASS, when executed after: [], Test: randoop.jodatime.RandoopTest2.test376, Intended behavior: FAILURE, when executed after: [randoop.jodatime.RandoopTest2.test254], The revealed different behavior: PASS, when executed after: []]
--------------------------
Execution time of TLG and its time to find/nullify any DTs for 1 machine (does not include the time to run the tests in the new order): 0.775
Number of tests selected out of total in original order: 145 / 2211
Number of DTs not fixed: 0
Number of DTs fixed: 0
Execution time for executing the following testing order: 0.636

Test order list:
[randoop.jodatime.RandoopTest2.test165, randoop.jodatime.RandoopTest2.test166, randoop.jodatime.RandoopTest2.test167, randoop.jodatime.RandoopTest2.test168, randoop.jodatime.RandoopTest2.test169, randoop.jodatime.RandoopTest2.test170, randoop.jodatime.RandoopTest2.test172, randoop.jodatime.RandoopTest2.test173, randoop.jodatime.RandoopTest2.test174, randoop.jodatime.RandoopTest2.test175, randoop.jodatime.RandoopTest2.test177, randoop.jodatime.RandoopTest2.test178, randoop.jodatime.RandoopTest2.test179, randoop.jodatime.RandoopTest2.test180, randoop.jodatime.RandoopTest2.test181, randoop.jodatime.RandoopTest2.test182, randoop.jodatime.RandoopTest2.test183, randoop.jodatime.RandoopTest2.test184, randoop.jodatime.RandoopTest2.test185, randoop.jodatime.RandoopTest2.test186, randoop.jodatime.RandoopTest2.test187, randoop.jodatime.RandoopTest2.test188, randoop.jodatime.RandoopTest2.test189, randoop.jodatime.RandoopTest2.test190, randoop.jodatime.RandoopTest2.test191, randoop.jodatime.RandoopTest2.test192, randoop.jodatime.RandoopTest2.test193, randoop.jodatime.RandoopTest2.test194, randoop.jodatime.RandoopTest2.test195, randoop.jodatime.RandoopTest2.test196, randoop.jodatime.RandoopTest2.test197, randoop.jodatime.RandoopTest2.test198, randoop.jodatime.RandoopTest2.test199, randoop.jodatime.RandoopTest2.test200, randoop.jodatime.RandoopTest2.test201, randoop.jodatime.RandoopTest2.test202, randoop.jodatime.RandoopTest2.test203, randoop.jodatime.RandoopTest2.test204, randoop.jodatime.RandoopTest2.test205, randoop.jodatime.RandoopTest2.test206, randoop.jodatime.RandoopTest2.test207, randoop.jodatime.RandoopTest2.test209, randoop.jodatime.RandoopTest2.test210, randoop.jodatime.RandoopTest2.test211, randoop.jodatime.RandoopTest1.test467, randoop.jodatime.RandoopTest2.test77, randoop.jodatime.RandoopTest2.test212, randoop.jodatime.RandoopTest2.test213, randoop.jodatime.RandoopTest2.test214, randoop.jodatime.RandoopTest2.test215, randoop.jodatime.RandoopTest2.test216, randoop.jodatime.RandoopTest2.test217, randoop.jodatime.RandoopTest2.test218, randoop.jodatime.RandoopTest2.test219, randoop.jodatime.RandoopTest2.test220, randoop.jodatime.RandoopTest2.test221, randoop.jodatime.RandoopTest2.test222, randoop.jodatime.RandoopTest2.test223, randoop.jodatime.RandoopTest2.test224, randoop.jodatime.RandoopTest2.test226, randoop.jodatime.RandoopTest2.test227, randoop.jodatime.RandoopTest2.test229, randoop.jodatime.RandoopTest2.test230, randoop.jodatime.RandoopTest2.test231, randoop.jodatime.RandoopTest2.test233, randoop.jodatime.RandoopTest2.test234, randoop.jodatime.RandoopTest2.test235, randoop.jodatime.RandoopTest2.test236, randoop.jodatime.RandoopTest2.test237, randoop.jodatime.RandoopTest2.test238, randoop.jodatime.RandoopTest2.test239, randoop.jodatime.RandoopTest2.test241, randoop.jodatime.RandoopTest2.test242, randoop.jodatime.RandoopTest0.test498, randoop.jodatime.RandoopTest1.test181, randoop.jodatime.RandoopTest1.test235, randoop.jodatime.RandoopTest2.test21, randoop.jodatime.RandoopTest2.test36, randoop.jodatime.RandoopTest2.test243, randoop.jodatime.RandoopTest2.test244, randoop.jodatime.RandoopTest2.test245, randoop.jodatime.RandoopTest2.test247, randoop.jodatime.RandoopTest2.test248, randoop.jodatime.RandoopTest2.test250, randoop.jodatime.RandoopTest2.test251, randoop.jodatime.RandoopTest2.test252, randoop.jodatime.RandoopTest2.test253, randoop.jodatime.RandoopTest2.test254, randoop.jodatime.RandoopTest2.test255, randoop.jodatime.RandoopTest2.test256, randoop.jodatime.RandoopTest2.test258, randoop.jodatime.RandoopTest2.test259, randoop.jodatime.RandoopTest2.test260, randoop.jodatime.RandoopTest2.test261, randoop.jodatime.RandoopTest2.test263, randoop.jodatime.RandoopTest2.test265, randoop.jodatime.RandoopTest2.test266, randoop.jodatime.RandoopTest2.test267, randoop.jodatime.RandoopTest2.test268, randoop.jodatime.RandoopTest2.test269, randoop.jodatime.RandoopTest2.test270, randoop.jodatime.RandoopTest2.test272, randoop.jodatime.RandoopTest2.test273, randoop.jodatime.RandoopTest2.test275, randoop.jodatime.RandoopTest2.test276, randoop.jodatime.RandoopTest2.test277, randoop.jodatime.RandoopTest2.test278, randoop.jodatime.RandoopTest2.test279, randoop.jodatime.RandoopTest2.test280, randoop.jodatime.RandoopTest2.test282, randoop.jodatime.RandoopTest2.test283, randoop.jodatime.RandoopTest2.test284, randoop.jodatime.RandoopTest2.test285, randoop.jodatime.RandoopTest2.test287, randoop.jodatime.RandoopTest2.test288, randoop.jodatime.RandoopTest2.test289, randoop.jodatime.RandoopTest2.test291, randoop.jodatime.RandoopTest2.test292, randoop.jodatime.RandoopTest2.test294, randoop.jodatime.RandoopTest2.test295, randoop.jodatime.RandoopTest2.test296, randoop.jodatime.RandoopTest2.test297, randoop.jodatime.RandoopTest2.test298, randoop.jodatime.RandoopTest2.test299, randoop.jodatime.RandoopTest2.test300, randoop.jodatime.RandoopTest2.test301, randoop.jodatime.RandoopTest2.test302, randoop.jodatime.RandoopTest2.test303, randoop.jodatime.RandoopTest2.test304, randoop.jodatime.RandoopTest2.test307, randoop.jodatime.RandoopTest2.test308, randoop.jodatime.RandoopTest2.test309, randoop.jodatime.RandoopTest2.test310, randoop.jodatime.RandoopTest2.test311, randoop.jodatime.RandoopTest2.test312, randoop.jodatime.RandoopTest2.test313, randoop.jodatime.RandoopTest2.test314, randoop.jodatime.RandoopTest2.test315, randoop.jodatime.RandoopTest2.test316, randoop.jodatime.RandoopTest2.test317, randoop.jodatime.RandoopTest2.test318, randoop.jodatime.RandoopTest2.test319, randoop.jodatime.RandoopTest2.test320, randoop.jodatime.RandoopTest2.test321, randoop.jodatime.RandoopTest2.test322]

Time each test takes to run in the new order:
[87049792, 14420735, 6955095, 5217541, 5922077, 5834579, 6342054, 5206993, 7441708, 6433684, 5400763, 5375059, 4747189, 6731217, 4541165, 3957936, 26504610, 4414922, 2999505, 93137214, 2078105, 3061478, 2095058, 2394925, 2036984, 2035765, 2391859, 3743615, 2054782, 2482099, 2334224, 2289989, 2806255, 2878782, 2085245, 2329019, 2311857, 2852607, 10979734, 3424601, 2774838, 2106611, 2331614, 1982702, 5410339, 3539098, 4360684, 3305558, 3261914, 3751703, 3115790, 2830858, 3059035, 3183966, 2756534, 2750371, 3005933, 2785885, 2757800, 2818073, 3117748, 3752690, 3763799, 3392351, 3729510, 3766135, 3464001, 3535614, 3555603, 7743647, 2885358, 3269167, 3850848, 4634249, 3026117, 2573146, 2726743, 2524092, 2241005, 3008979, 2909389, 7368056, 2056129, 1799936, 1797640, 1853638, 1822690, 2276442, 1776274, 1827079, 2132881, 1757887, 2134264, 2110526, 2113397, 2695638, 2176911, 1770431, 2228747, 1919642, 2116349, 3137085, 2171770, 2060409, 1719040, 2058092, 1789138, 1848000, 2192894, 1911550, 1997029, 1893357, 1835436, 1762534, 1932060, 1759829, 2157881, 1986872, 1725155, 2046966, 2000341, 1712489, 2009764, 1847192, 1765118, 2038483, 5544653, 2443066, 2161321, 2057686, 1797819, 1563888, 1665628, 1753493, 1843925, 1680050, 1562596, 1573626, 1626864, 2143500, 1556580, 1756181, 1519414, 2050744, 1786389]

Dependent test list:
[Test: randoop.jodatime.RandoopTest0.test196, Intended behavior: FAILURE, when executed after: [randoop.jodatime.RandoopTest0.test192], The revealed different behavior: PASS, when executed after: [], Test: randoop.jodatime.RandoopTest0.test192, Intended behavior: FAILURE, when executed after: [randoop.jodatime.RandoopTest0.test165], The revealed different behavior: PASS, when executed after: [], Test: randoop.jodatime.RandoopTest0.test165, Intended behavior: FAILURE, when executed after: [randoop.jodatime.RandoopTest0.test135], The revealed different behavior: PASS, when executed after: [], Test: randoop.jodatime.RandoopTest0.test360, Intended behavior: FAILURE, when executed after: [randoop.jodatime.RandoopTest0.test338], The revealed different behavior: PASS, when executed after: [], Test: randoop.jodatime.RandoopTest0.test338, Intended behavior: FAILURE, when executed after: [randoop.jodatime.RandoopTest0.test325], The revealed different behavior: PASS, when executed after: [], Test: randoop.jodatime.RandoopTest0.test325, Intended behavior: FAILURE, when executed after: [randoop.jodatime.RandoopTest0.test196], The revealed different behavior: PASS, when executed after: [], Test: randoop.jodatime.RandoopTest1.test235, Intended behavior: FAILURE, when executed after: [randoop.jodatime.RandoopTest1.test181], The revealed different behavior: PASS, when executed after: [], Test: randoop.jodatime.RandoopTest1.test181, Intended behavior: FAILURE, when executed after: [randoop.jodatime.RandoopTest0.test498], The revealed different behavior: PASS, when executed after: [], Test: randoop.jodatime.RandoopTest2.test36, Intended behavior: FAILURE, when executed after: [randoop.jodatime.RandoopTest2.test21], The revealed different behavior: PASS, when executed after: [], Test: randoop.jodatime.RandoopTest2.test77, Intended behavior: FAILURE, when executed after: [randoop.jodatime.RandoopTest1.test467], The revealed different behavior: PASS, when executed after: [], Test: randoop.jodatime.RandoopTest2.test21, Intended behavior: FAILURE, when executed after: [randoop.jodatime.RandoopTest1.test235], The revealed different behavior: PASS, when executed after: [], Test: randoop.jodatime.RandoopTest2.test254, Intended behavior: FAILURE, when executed after: [randoop.jodatime.RandoopTest2.test212], The revealed different behavior: PASS, when executed after: [], Test: randoop.jodatime.RandoopTest2.test243, Intended behavior: FAILURE, when executed after: [randoop.jodatime.RandoopTest2.test36], The revealed different behavior: PASS, when executed after: [], Test: randoop.jodatime.RandoopTest2.test490, Intended behavior: FAILURE, when executed after: [randoop.jodatime.RandoopTest2.test487], The revealed different behavior: PASS, when executed after: [], Test: randoop.jodatime.RandoopTest2.test487, Intended behavior: FAILURE, when executed after: [randoop.jodatime.RandoopTest2.test356], The revealed different behavior: PASS, when executed after: [], Test: randoop.jodatime.RandoopTest2.test356, Intended behavior: FAILURE, when executed after: [randoop.jodatime.RandoopTest2.test243], The revealed different behavior: PASS, when executed after: [], Test: randoop.jodatime.RandoopTest2.test474, Intended behavior: FAILURE, when executed after: [randoop.jodatime.RandoopTest2.test376], The revealed different behavior: PASS, when executed after: [], Test: randoop.jodatime.RandoopTest2.test493, Intended behavior: FAILURE, when executed after: [randoop.jodatime.RandoopTest2.test490], The revealed different behavior: PASS, when executed after: [], Test: randoop.jodatime.RandoopTest3.test195, Intended behavior: FAILURE, when executed after: [randoop.jodatime.RandoopTest3.test193], The revealed different behavior: PASS, when executed after: [], Test: randoop.jodatime.RandoopTest3.test193, Intended behavior: FAILURE, when executed after: [randoop.jodatime.RandoopTest3.test189], The revealed different behavior: PASS, when executed after: [], Test: randoop.jodatime.RandoopTest3.test189, Intended behavior: FAILURE, when executed after: [randoop.jodatime.RandoopTest3.test185], The revealed different behavior: PASS, when executed after: [], Test: randoop.jodatime.RandoopTest3.test185, Intended behavior: FAILURE, when executed after: [randoop.jodatime.RandoopTest3.test161], The revealed different behavior: PASS, when executed after: [], Test: randoop.jodatime.RandoopTest3.test161, Intended behavior: FAILURE, when executed after: [randoop.jodatime.RandoopTest2.test493], The revealed different behavior: PASS, when executed after: [], Test: randoop.jodatime.RandoopTest3.test389, Intended behavior: FAILURE, when executed after: [randoop.jodatime.RandoopTest3.test383], The revealed different behavior: PASS, when executed after: [], Test: randoop.jodatime.RandoopTest3.test383, Intended behavior: FAILURE, when executed after: [randoop.jodatime.RandoopTest3.test347], The revealed different behavior: PASS, when executed after: [], Test: randoop.jodatime.RandoopTest3.test347, Intended behavior: FAILURE, when executed after: [randoop.jodatime.RandoopTest3.test345], The revealed different behavior: PASS, when executed after: [], Test: randoop.jodatime.RandoopTest3.test345, Intended behavior: FAILURE, when executed after: [randoop.jodatime.RandoopTest3.test316], The revealed different behavior: PASS, when executed after: [], Test: randoop.jodatime.RandoopTest3.test316, Intended behavior: FAILURE, when executed after: [randoop.jodatime.RandoopTest3.test315], The revealed different behavior: PASS, when executed after: [], Test: randoop.jodatime.RandoopTest3.test315, Intended behavior: FAILURE, when executed after: [randoop.jodatime.RandoopTest3.test195], The revealed different behavior: PASS, when executed after: [], Test: randoop.jodatime.RandoopTest3.test496, Intended behavior: FAILURE, when executed after: [randoop.jodatime.RandoopTest3.test467], The revealed different behavior: PASS, when executed after: [], Test: randoop.jodatime.RandoopTest3.test467, Intended behavior: FAILURE, when executed after: [randoop.jodatime.RandoopTest3.test389], The revealed different behavior: PASS, when executed after: [], Test: randoop.jodatime.RandoopTest4.test259, Intended behavior: FAILURE, when executed after: [randoop.jodatime.RandoopTest4.test221], The revealed different behavior: PASS, when executed after: [], Test: randoop.jodatime.RandoopTest4.test221, Intended behavior: FAILURE, when executed after: [randoop.jodatime.RandoopTest4.test13], The revealed different behavior: PASS, when executed after: [], Test: randoop.jodatime.RandoopTest4.test401, Intended behavior: FAILURE, when executed after: [randoop.jodatime.RandoopTest4.test259], The revealed different behavior: PASS, when executed after: [], Test: randoop.jodatime.RandoopTest4.test434, Intended behavior: FAILURE, when executed after: [randoop.jodatime.RandoopTest4.test401], The revealed different behavior: PASS, when executed after: [], Test: randoop.jodatime.RandoopTest4.test13, Intended behavior: FAILURE, when executed after: [randoop.jodatime.RandoopTest3.test496], The revealed different behavior: PASS, when executed after: [], Test: randoop.jodatime.RandoopTest2.test212, Intended behavior: FAILURE, when executed after: [randoop.jodatime.RandoopTest2.test77], The revealed different behavior: PASS, when executed after: [], Test: randoop.jodatime.RandoopTest2.test376, Intended behavior: FAILURE, when executed after: [randoop.jodatime.RandoopTest2.test254], The revealed different behavior: PASS, when executed after: []]
--------------------------
Execution time of TLG and its time to find/nullify any DTs for 1 machine (does not include the time to run the tests in the new order): 0.983
Number of tests selected out of total in original order: 148 / 2211
Number of DTs not fixed: 0
Number of DTs fixed: 0
Execution time for executing the following testing order: 0.635

Test order list:
[randoop.jodatime.RandoopTest2.test323, randoop.jodatime.RandoopTest2.test324, randoop.jodatime.RandoopTest2.test325, randoop.jodatime.RandoopTest2.test326, randoop.jodatime.RandoopTest2.test328, randoop.jodatime.RandoopTest2.test329, randoop.jodatime.RandoopTest2.test330, randoop.jodatime.RandoopTest2.test331, randoop.jodatime.RandoopTest2.test332, randoop.jodatime.RandoopTest2.test333, randoop.jodatime.RandoopTest2.test335, randoop.jodatime.RandoopTest2.test336, randoop.jodatime.RandoopTest2.test338, randoop.jodatime.RandoopTest2.test339, randoop.jodatime.RandoopTest2.test340, randoop.jodatime.RandoopTest2.test342, randoop.jodatime.RandoopTest2.test345, randoop.jodatime.RandoopTest2.test347, randoop.jodatime.RandoopTest2.test349, randoop.jodatime.RandoopTest2.test351, randoop.jodatime.RandoopTest2.test352, randoop.jodatime.RandoopTest2.test353, randoop.jodatime.RandoopTest2.test354, randoop.jodatime.RandoopTest2.test355, randoop.jodatime.RandoopTest0.test498, randoop.jodatime.RandoopTest1.test181, randoop.jodatime.RandoopTest1.test235, randoop.jodatime.RandoopTest2.test21, randoop.jodatime.RandoopTest2.test36, randoop.jodatime.RandoopTest2.test243, randoop.jodatime.RandoopTest2.test356, randoop.jodatime.RandoopTest2.test357, randoop.jodatime.RandoopTest2.test358, randoop.jodatime.RandoopTest2.test359, randoop.jodatime.RandoopTest2.test360, randoop.jodatime.RandoopTest2.test362, randoop.jodatime.RandoopTest2.test365, randoop.jodatime.RandoopTest2.test366, randoop.jodatime.RandoopTest2.test367, randoop.jodatime.RandoopTest2.test368, randoop.jodatime.RandoopTest2.test369, randoop.jodatime.RandoopTest2.test370, randoop.jodatime.RandoopTest2.test371, randoop.jodatime.RandoopTest2.test372, randoop.jodatime.RandoopTest2.test373, randoop.jodatime.RandoopTest2.test374, randoop.jodatime.RandoopTest2.test375, randoop.jodatime.RandoopTest1.test467, randoop.jodatime.RandoopTest2.test77, randoop.jodatime.RandoopTest2.test212, randoop.jodatime.RandoopTest2.test254, randoop.jodatime.RandoopTest2.test376, randoop.jodatime.RandoopTest2.test377, randoop.jodatime.RandoopTest2.test378, randoop.jodatime.RandoopTest2.test380, randoop.jodatime.RandoopTest2.test381, randoop.jodatime.RandoopTest2.test382, randoop.jodatime.RandoopTest2.test383, randoop.jodatime.RandoopTest2.test384, randoop.jodatime.RandoopTest2.test386, randoop.jodatime.RandoopTest2.test387, randoop.jodatime.RandoopTest2.test388, randoop.jodatime.RandoopTest2.test390, randoop.jodatime.RandoopTest2.test391, randoop.jodatime.RandoopTest2.test392, randoop.jodatime.RandoopTest2.test393, randoop.jodatime.RandoopTest2.test394, randoop.jodatime.RandoopTest2.test395, randoop.jodatime.RandoopTest2.test397, randoop.jodatime.RandoopTest2.test398, randoop.jodatime.RandoopTest2.test399, randoop.jodatime.RandoopTest2.test400, randoop.jodatime.RandoopTest2.test401, randoop.jodatime.RandoopTest2.test402, randoop.jodatime.RandoopTest2.test404, randoop.jodatime.RandoopTest2.test405, randoop.jodatime.RandoopTest2.test406, randoop.jodatime.RandoopTest2.test408, randoop.jodatime.RandoopTest2.test409, randoop.jodatime.RandoopTest2.test410, randoop.jodatime.RandoopTest2.test411, randoop.jodatime.RandoopTest2.test413, randoop.jodatime.RandoopTest2.test414, randoop.jodatime.RandoopTest2.test415, randoop.jodatime.RandoopTest2.test416, randoop.jodatime.RandoopTest2.test417, randoop.jodatime.RandoopTest2.test418, randoop.jodatime.RandoopTest2.test419, randoop.jodatime.RandoopTest2.test420, randoop.jodatime.RandoopTest2.test421, randoop.jodatime.RandoopTest2.test422, randoop.jodatime.RandoopTest2.test424, randoop.jodatime.RandoopTest2.test426, randoop.jodatime.RandoopTest2.test427, randoop.jodatime.RandoopTest2.test428, randoop.jodatime.RandoopTest2.test429, randoop.jodatime.RandoopTest2.test430, randoop.jodatime.RandoopTest2.test431, randoop.jodatime.RandoopTest2.test432, randoop.jodatime.RandoopTest2.test433, randoop.jodatime.RandoopTest2.test434, randoop.jodatime.RandoopTest2.test435, randoop.jodatime.RandoopTest2.test436, randoop.jodatime.RandoopTest2.test437, randoop.jodatime.RandoopTest2.test438, randoop.jodatime.RandoopTest2.test439, randoop.jodatime.RandoopTest2.test440, randoop.jodatime.RandoopTest2.test441, randoop.jodatime.RandoopTest2.test442, randoop.jodatime.RandoopTest2.test443, randoop.jodatime.RandoopTest2.test444, randoop.jodatime.RandoopTest2.test445, randoop.jodatime.RandoopTest2.test446, randoop.jodatime.RandoopTest2.test449, randoop.jodatime.RandoopTest2.test450, randoop.jodatime.RandoopTest2.test453, randoop.jodatime.RandoopTest2.test454, randoop.jodatime.RandoopTest2.test455, randoop.jodatime.RandoopTest2.test456, randoop.jodatime.RandoopTest2.test457, randoop.jodatime.RandoopTest2.test458, randoop.jodatime.RandoopTest2.test459, randoop.jodatime.RandoopTest2.test460, randoop.jodatime.RandoopTest2.test461, randoop.jodatime.RandoopTest2.test464, randoop.jodatime.RandoopTest2.test465, randoop.jodatime.RandoopTest2.test466, randoop.jodatime.RandoopTest2.test467, randoop.jodatime.RandoopTest2.test468, randoop.jodatime.RandoopTest2.test469, randoop.jodatime.RandoopTest2.test470, randoop.jodatime.RandoopTest2.test471, randoop.jodatime.RandoopTest2.test472, randoop.jodatime.RandoopTest2.test473, randoop.jodatime.RandoopTest2.test474, randoop.jodatime.RandoopTest2.test475, randoop.jodatime.RandoopTest2.test476, randoop.jodatime.RandoopTest2.test478, randoop.jodatime.RandoopTest2.test480, randoop.jodatime.RandoopTest2.test481, randoop.jodatime.RandoopTest2.test482, randoop.jodatime.RandoopTest2.test483, randoop.jodatime.RandoopTest2.test484, randoop.jodatime.RandoopTest2.test486, randoop.jodatime.RandoopTest2.test487, randoop.jodatime.RandoopTest2.test489, randoop.jodatime.RandoopTest2.test490, randoop.jodatime.RandoopTest2.test491]

Time each test takes to run in the new order:
[78686662, 9703441, 14091003, 9395732, 6768389, 5019369, 5077767, 5358325, 5611664, 4525057, 115457373, 4165517, 3874172, 3890905, 5395754, 4532523, 4411673, 8266157, 2562235, 2554415, 2743741, 3423913, 2564717, 2832267, 5172263, 4354949, 3415342, 2938476, 2754982, 2784857, 2853351, 3535356, 2829507, 3606209, 2869114, 2771886, 2698328, 7107788, 5923583, 5452632, 4635008, 4858622, 4329335, 4940751, 5807005, 2898570, 1887476, 2051301, 1811935, 2549178, 2238788, 2021613, 1765534, 2045845, 2215386, 3728532, 3189639, 2506705, 2132628, 3731193, 2012363, 2129954, 1739385, 1929913, 1989245, 3022689, 3955109, 3250624, 3221936, 3378847, 3243428, 3495617, 3471272, 2138954, 1899321, 1851827, 2072756, 1631578, 1741827, 1632555, 1929489, 1909066, 5509409, 2792118, 1972198, 1718763, 6452894, 1900303, 1716745, 1948911, 1679082, 2148058, 1815831, 1694940, 1758509, 1934902, 1698620, 2004465, 1879528, 2284426, 2477288, 2383360, 1852390, 1711179, 1648412, 1746473, 2694841, 2079242, 1959682, 2276467, 2640026, 2641718, 2281698, 2436999, 2458089, 2295791, 2585952, 2506230, 2440178, 2748965, 2497474, 2579146, 2121156, 2464049, 2588615, 2479352, 2258682, 4723618, 1774977, 1693711, 1718766, 1827315, 3863821, 1848201, 1811970, 1845416, 1729077, 1680318, 2270190, 1777268, 1674900, 1665939, 2164696, 1694161, 1832042, 1704517, 1691622, 1741490]

Dependent test list:
[Test: randoop.jodatime.RandoopTest0.test196, Intended behavior: FAILURE, when executed after: [randoop.jodatime.RandoopTest0.test192], The revealed different behavior: PASS, when executed after: [], Test: randoop.jodatime.RandoopTest0.test192, Intended behavior: FAILURE, when executed after: [randoop.jodatime.RandoopTest0.test165], The revealed different behavior: PASS, when executed after: [], Test: randoop.jodatime.RandoopTest0.test165, Intended behavior: FAILURE, when executed after: [randoop.jodatime.RandoopTest0.test135], The revealed different behavior: PASS, when executed after: [], Test: randoop.jodatime.RandoopTest0.test360, Intended behavior: FAILURE, when executed after: [randoop.jodatime.RandoopTest0.test338], The revealed different behavior: PASS, when executed after: [], Test: randoop.jodatime.RandoopTest0.test338, Intended behavior: FAILURE, when executed after: [randoop.jodatime.RandoopTest0.test325], The revealed different behavior: PASS, when executed after: [], Test: randoop.jodatime.RandoopTest0.test325, Intended behavior: FAILURE, when executed after: [randoop.jodatime.RandoopTest0.test196], The revealed different behavior: PASS, when executed after: [], Test: randoop.jodatime.RandoopTest1.test235, Intended behavior: FAILURE, when executed after: [randoop.jodatime.RandoopTest1.test181], The revealed different behavior: PASS, when executed after: [], Test: randoop.jodatime.RandoopTest1.test181, Intended behavior: FAILURE, when executed after: [randoop.jodatime.RandoopTest0.test498], The revealed different behavior: PASS, when executed after: [], Test: randoop.jodatime.RandoopTest2.test36, Intended behavior: FAILURE, when executed after: [randoop.jodatime.RandoopTest2.test21], The revealed different behavior: PASS, when executed after: [], Test: randoop.jodatime.RandoopTest2.test77, Intended behavior: FAILURE, when executed after: [randoop.jodatime.RandoopTest1.test467], The revealed different behavior: PASS, when executed after: [], Test: randoop.jodatime.RandoopTest2.test21, Intended behavior: FAILURE, when executed after: [randoop.jodatime.RandoopTest1.test235], The revealed different behavior: PASS, when executed after: [], Test: randoop.jodatime.RandoopTest2.test254, Intended behavior: FAILURE, when executed after: [randoop.jodatime.RandoopTest2.test212], The revealed different behavior: PASS, when executed after: [], Test: randoop.jodatime.RandoopTest2.test243, Intended behavior: FAILURE, when executed after: [randoop.jodatime.RandoopTest2.test36], The revealed different behavior: PASS, when executed after: [], Test: randoop.jodatime.RandoopTest2.test490, Intended behavior: FAILURE, when executed after: [randoop.jodatime.RandoopTest2.test487], The revealed different behavior: PASS, when executed after: [], Test: randoop.jodatime.RandoopTest2.test487, Intended behavior: FAILURE, when executed after: [randoop.jodatime.RandoopTest2.test356], The revealed different behavior: PASS, when executed after: [], Test: randoop.jodatime.RandoopTest2.test356, Intended behavior: FAILURE, when executed after: [randoop.jodatime.RandoopTest2.test243], The revealed different behavior: PASS, when executed after: [], Test: randoop.jodatime.RandoopTest2.test474, Intended behavior: FAILURE, when executed after: [randoop.jodatime.RandoopTest2.test376], The revealed different behavior: PASS, when executed after: [], Test: randoop.jodatime.RandoopTest2.test493, Intended behavior: FAILURE, when executed after: [randoop.jodatime.RandoopTest2.test490], The revealed different behavior: PASS, when executed after: [], Test: randoop.jodatime.RandoopTest3.test195, Intended behavior: FAILURE, when executed after: [randoop.jodatime.RandoopTest3.test193], The revealed different behavior: PASS, when executed after: [], Test: randoop.jodatime.RandoopTest3.test193, Intended behavior: FAILURE, when executed after: [randoop.jodatime.RandoopTest3.test189], The revealed different behavior: PASS, when executed after: [], Test: randoop.jodatime.RandoopTest3.test189, Intended behavior: FAILURE, when executed after: [randoop.jodatime.RandoopTest3.test185], The revealed different behavior: PASS, when executed after: [], Test: randoop.jodatime.RandoopTest3.test185, Intended behavior: FAILURE, when executed after: [randoop.jodatime.RandoopTest3.test161], The revealed different behavior: PASS, when executed after: [], Test: randoop.jodatime.RandoopTest3.test161, Intended behavior: FAILURE, when executed after: [randoop.jodatime.RandoopTest2.test493], The revealed different behavior: PASS, when executed after: [], Test: randoop.jodatime.RandoopTest3.test389, Intended behavior: FAILURE, when executed after: [randoop.jodatime.RandoopTest3.test383], The revealed different behavior: PASS, when executed after: [], Test: randoop.jodatime.RandoopTest3.test383, Intended behavior: FAILURE, when executed after: [randoop.jodatime.RandoopTest3.test347], The revealed different behavior: PASS, when executed after: [], Test: randoop.jodatime.RandoopTest3.test347, Intended behavior: FAILURE, when executed after: [randoop.jodatime.RandoopTest3.test345], The revealed different behavior: PASS, when executed after: [], Test: randoop.jodatime.RandoopTest3.test345, Intended behavior: FAILURE, when executed after: [randoop.jodatime.RandoopTest3.test316], The revealed different behavior: PASS, when executed after: [], Test: randoop.jodatime.RandoopTest3.test316, Intended behavior: FAILURE, when executed after: [randoop.jodatime.RandoopTest3.test315], The revealed different behavior: PASS, when executed after: [], Test: randoop.jodatime.RandoopTest3.test315, Intended behavior: FAILURE, when executed after: [randoop.jodatime.RandoopTest3.test195], The revealed different behavior: PASS, when executed after: [], Test: randoop.jodatime.RandoopTest3.test496, Intended behavior: FAILURE, when executed after: [randoop.jodatime.RandoopTest3.test467], The revealed different behavior: PASS, when executed after: [], Test: randoop.jodatime.RandoopTest3.test467, Intended behavior: FAILURE, when executed after: [randoop.jodatime.RandoopTest3.test389], The revealed different behavior: PASS, when executed after: [], Test: randoop.jodatime.RandoopTest4.test259, Intended behavior: FAILURE, when executed after: [randoop.jodatime.RandoopTest4.test221], The revealed different behavior: PASS, when executed after: [], Test: randoop.jodatime.RandoopTest4.test221, Intended behavior: FAILURE, when executed after: [randoop.jodatime.RandoopTest4.test13], The revealed different behavior: PASS, when executed after: [], Test: randoop.jodatime.RandoopTest4.test401, Intended behavior: FAILURE, when executed after: [randoop.jodatime.RandoopTest4.test259], The revealed different behavior: PASS, when executed after: [], Test: randoop.jodatime.RandoopTest4.test434, Intended behavior: FAILURE, when executed after: [randoop.jodatime.RandoopTest4.test401], The revealed different behavior: PASS, when executed after: [], Test: randoop.jodatime.RandoopTest4.test13, Intended behavior: FAILURE, when executed after: [randoop.jodatime.RandoopTest3.test496], The revealed different behavior: PASS, when executed after: [], Test: randoop.jodatime.RandoopTest2.test212, Intended behavior: FAILURE, when executed after: [randoop.jodatime.RandoopTest2.test77], The revealed different behavior: PASS, when executed after: [], Test: randoop.jodatime.RandoopTest2.test376, Intended behavior: FAILURE, when executed after: [randoop.jodatime.RandoopTest2.test254], The revealed different behavior: PASS, when executed after: []]
--------------------------
Execution time of TLG and its time to find/nullify any DTs for 1 machine (does not include the time to run the tests in the new order): 0.666
Number of tests selected out of total in original order: 147 / 2211
Number of DTs not fixed: 0
Number of DTs fixed: 0
Execution time for executing the following testing order: 0.582

Test order list:
[randoop.jodatime.RandoopTest0.test498, randoop.jodatime.RandoopTest1.test181, randoop.jodatime.RandoopTest1.test235, randoop.jodatime.RandoopTest2.test21, randoop.jodatime.RandoopTest2.test36, randoop.jodatime.RandoopTest2.test243, randoop.jodatime.RandoopTest2.test356, randoop.jodatime.RandoopTest2.test487, randoop.jodatime.RandoopTest2.test490, randoop.jodatime.RandoopTest2.test493, randoop.jodatime.RandoopTest2.test494, randoop.jodatime.RandoopTest2.test495, randoop.jodatime.RandoopTest2.test497, randoop.jodatime.RandoopTest2.test498, randoop.jodatime.RandoopTest2.test500, randoop.jodatime.RandoopTest3.test1, randoop.jodatime.RandoopTest3.test3, randoop.jodatime.RandoopTest3.test5, randoop.jodatime.RandoopTest3.test7, randoop.jodatime.RandoopTest3.test8, randoop.jodatime.RandoopTest3.test9, randoop.jodatime.RandoopTest3.test10, randoop.jodatime.RandoopTest3.test11, randoop.jodatime.RandoopTest3.test12, randoop.jodatime.RandoopTest3.test13, randoop.jodatime.RandoopTest3.test14, randoop.jodatime.RandoopTest3.test15, randoop.jodatime.RandoopTest3.test16, randoop.jodatime.RandoopTest3.test17, randoop.jodatime.RandoopTest3.test18, randoop.jodatime.RandoopTest3.test20, randoop.jodatime.RandoopTest3.test21, randoop.jodatime.RandoopTest3.test22, randoop.jodatime.RandoopTest3.test23, randoop.jodatime.RandoopTest3.test24, randoop.jodatime.RandoopTest3.test25, randoop.jodatime.RandoopTest3.test26, randoop.jodatime.RandoopTest3.test27, randoop.jodatime.RandoopTest3.test28, randoop.jodatime.RandoopTest3.test29, randoop.jodatime.RandoopTest3.test30, randoop.jodatime.RandoopTest3.test31, randoop.jodatime.RandoopTest3.test32, randoop.jodatime.RandoopTest3.test33, randoop.jodatime.RandoopTest3.test34, randoop.jodatime.RandoopTest3.test35, randoop.jodatime.RandoopTest3.test36, randoop.jodatime.RandoopTest3.test37, randoop.jodatime.RandoopTest3.test38, randoop.jodatime.RandoopTest3.test39, randoop.jodatime.RandoopTest3.test40, randoop.jodatime.RandoopTest3.test41, randoop.jodatime.RandoopTest3.test42, randoop.jodatime.RandoopTest3.test43, randoop.jodatime.RandoopTest3.test44, randoop.jodatime.RandoopTest3.test45, randoop.jodatime.RandoopTest3.test46, randoop.jodatime.RandoopTest3.test48, randoop.jodatime.RandoopTest3.test49, randoop.jodatime.RandoopTest3.test50, randoop.jodatime.RandoopTest3.test52, randoop.jodatime.RandoopTest3.test53, randoop.jodatime.RandoopTest3.test54, randoop.jodatime.RandoopTest3.test55, randoop.jodatime.RandoopTest3.test56, randoop.jodatime.RandoopTest3.test57, randoop.jodatime.RandoopTest3.test58, randoop.jodatime.RandoopTest3.test59, randoop.jodatime.RandoopTest3.test60, randoop.jodatime.RandoopTest3.test61, randoop.jodatime.RandoopTest3.test62, randoop.jodatime.RandoopTest3.test64, randoop.jodatime.RandoopTest3.test65, randoop.jodatime.RandoopTest3.test66, randoop.jodatime.RandoopTest3.test68, randoop.jodatime.RandoopTest3.test71, randoop.jodatime.RandoopTest3.test73, randoop.jodatime.RandoopTest3.test75, randoop.jodatime.RandoopTest3.test78, randoop.jodatime.RandoopTest3.test79, randoop.jodatime.RandoopTest3.test80, randoop.jodatime.RandoopTest3.test81, randoop.jodatime.RandoopTest3.test82, randoop.jodatime.RandoopTest3.test83, randoop.jodatime.RandoopTest3.test84, randoop.jodatime.RandoopTest3.test85, randoop.jodatime.RandoopTest3.test86, randoop.jodatime.RandoopTest3.test87, randoop.jodatime.RandoopTest3.test88, randoop.jodatime.RandoopTest3.test89, randoop.jodatime.RandoopTest3.test90, randoop.jodatime.RandoopTest3.test91, randoop.jodatime.RandoopTest3.test92, randoop.jodatime.RandoopTest3.test94, randoop.jodatime.RandoopTest3.test95, randoop.jodatime.RandoopTest3.test96, randoop.jodatime.RandoopTest3.test98, randoop.jodatime.RandoopTest3.test99, randoop.jodatime.RandoopTest3.test100, randoop.jodatime.RandoopTest3.test102, randoop.jodatime.RandoopTest3.test103, randoop.jodatime.RandoopTest3.test104, randoop.jodatime.RandoopTest3.test105, randoop.jodatime.RandoopTest3.test106, randoop.jodatime.RandoopTest3.test107, randoop.jodatime.RandoopTest3.test108, randoop.jodatime.RandoopTest3.test109, randoop.jodatime.RandoopTest3.test112, randoop.jodatime.RandoopTest3.test113, randoop.jodatime.RandoopTest3.test114, randoop.jodatime.RandoopTest3.test115, randoop.jodatime.RandoopTest3.test116, randoop.jodatime.RandoopTest3.test118, randoop.jodatime.RandoopTest3.test119, randoop.jodatime.RandoopTest3.test120, randoop.jodatime.RandoopTest3.test121, randoop.jodatime.RandoopTest3.test122, randoop.jodatime.RandoopTest3.test124, randoop.jodatime.RandoopTest3.test125, randoop.jodatime.RandoopTest3.test128, randoop.jodatime.RandoopTest3.test129, randoop.jodatime.RandoopTest3.test130, randoop.jodatime.RandoopTest3.test132, randoop.jodatime.RandoopTest3.test133, randoop.jodatime.RandoopTest3.test134, randoop.jodatime.RandoopTest3.test135, randoop.jodatime.RandoopTest3.test136, randoop.jodatime.RandoopTest3.test137, randoop.jodatime.RandoopTest3.test138, randoop.jodatime.RandoopTest3.test139, randoop.jodatime.RandoopTest3.test140, randoop.jodatime.RandoopTest3.test141, randoop.jodatime.RandoopTest3.test142, randoop.jodatime.RandoopTest3.test143, randoop.jodatime.RandoopTest3.test144, randoop.jodatime.RandoopTest3.test145, randoop.jodatime.RandoopTest3.test146, randoop.jodatime.RandoopTest3.test148, randoop.jodatime.RandoopTest3.test149, randoop.jodatime.RandoopTest3.test150, randoop.jodatime.RandoopTest3.test151, randoop.jodatime.RandoopTest3.test152, randoop.jodatime.RandoopTest3.test153, randoop.jodatime.RandoopTest3.test154, randoop.jodatime.RandoopTest3.test157, randoop.jodatime.RandoopTest3.test158, randoop.jodatime.RandoopTest3.test159]

Time each test takes to run in the new order:
[78636073, 13951555, 6717192, 5948643, 4970815, 5159799, 5200060, 4618637, 7464311, 8542611, 5774648, 4464703, 4983724, 6736862, 5339487, 15576231, 5955895, 6175242, 6162796, 6254521, 6400871, 3952890, 4766456, 4001615, 4194847, 4323944, 3964767, 4842031, 3766852, 3782490, 3571925, 4594146, 3986225, 6675323, 5701976, 4350637, 13063083, 4404491, 5007152, 4401779, 4106664, 4491639, 4822933, 5059235, 4091656, 4148034, 3532965, 3618553, 4514543, 3257043, 3666665, 3371072, 3729666, 3456958, 2707928, 3402152, 3424813, 7550858, 2428570, 5387871, 4694967, 3888569, 4939347, 4060053, 3094210, 2097675, 2148640, 2356572, 2025591, 1994582, 1892295, 2050619, 2110814, 1980162, 2171302, 1940861, 1977708, 1962707, 2313059, 1721827, 1640888, 4797714, 1798302, 1729555, 1894971, 1863699, 1635967, 1838863, 1654529, 1694857, 5184431, 1722714, 1810502, 1709101, 1733571, 1820773, 1920182, 1756454, 1719195, 1686445, 1810634, 1962849, 1657589, 1762243, 1610950, 1853282, 2406661, 2065391, 1799477, 1903023, 2529412, 2238287, 2494530, 2440378, 2229811, 2674474, 2449616, 2077787, 2569006, 2866861, 2860899, 2202245, 2947892, 2600570, 2293144, 2566963, 2555183, 5108485, 1832764, 1714737, 2190506, 1808149, 1814742, 1607298, 1720265, 1670819, 1621958, 1763602, 1600650, 1705704, 1870409, 1680956, 1599258, 1629659, 1751368, 1686540, 1689765]

Dependent test list:
[Test: randoop.jodatime.RandoopTest0.test196, Intended behavior: FAILURE, when executed after: [randoop.jodatime.RandoopTest0.test192], The revealed different behavior: PASS, when executed after: [], Test: randoop.jodatime.RandoopTest0.test192, Intended behavior: FAILURE, when executed after: [randoop.jodatime.RandoopTest0.test165], The revealed different behavior: PASS, when executed after: [], Test: randoop.jodatime.RandoopTest0.test165, Intended behavior: FAILURE, when executed after: [randoop.jodatime.RandoopTest0.test135], The revealed different behavior: PASS, when executed after: [], Test: randoop.jodatime.RandoopTest0.test360, Intended behavior: FAILURE, when executed after: [randoop.jodatime.RandoopTest0.test338], The revealed different behavior: PASS, when executed after: [], Test: randoop.jodatime.RandoopTest0.test338, Intended behavior: FAILURE, when executed after: [randoop.jodatime.RandoopTest0.test325], The revealed different behavior: PASS, when executed after: [], Test: randoop.jodatime.RandoopTest0.test325, Intended behavior: FAILURE, when executed after: [randoop.jodatime.RandoopTest0.test196], The revealed different behavior: PASS, when executed after: [], Test: randoop.jodatime.RandoopTest1.test235, Intended behavior: FAILURE, when executed after: [randoop.jodatime.RandoopTest1.test181], The revealed different behavior: PASS, when executed after: [], Test: randoop.jodatime.RandoopTest1.test181, Intended behavior: FAILURE, when executed after: [randoop.jodatime.RandoopTest0.test498], The revealed different behavior: PASS, when executed after: [], Test: randoop.jodatime.RandoopTest2.test36, Intended behavior: FAILURE, when executed after: [randoop.jodatime.RandoopTest2.test21], The revealed different behavior: PASS, when executed after: [], Test: randoop.jodatime.RandoopTest2.test77, Intended behavior: FAILURE, when executed after: [randoop.jodatime.RandoopTest1.test467], The revealed different behavior: PASS, when executed after: [], Test: randoop.jodatime.RandoopTest2.test21, Intended behavior: FAILURE, when executed after: [randoop.jodatime.RandoopTest1.test235], The revealed different behavior: PASS, when executed after: [], Test: randoop.jodatime.RandoopTest2.test254, Intended behavior: FAILURE, when executed after: [randoop.jodatime.RandoopTest2.test212], The revealed different behavior: PASS, when executed after: [], Test: randoop.jodatime.RandoopTest2.test243, Intended behavior: FAILURE, when executed after: [randoop.jodatime.RandoopTest2.test36], The revealed different behavior: PASS, when executed after: [], Test: randoop.jodatime.RandoopTest2.test490, Intended behavior: FAILURE, when executed after: [randoop.jodatime.RandoopTest2.test487], The revealed different behavior: PASS, when executed after: [], Test: randoop.jodatime.RandoopTest2.test487, Intended behavior: FAILURE, when executed after: [randoop.jodatime.RandoopTest2.test356], The revealed different behavior: PASS, when executed after: [], Test: randoop.jodatime.RandoopTest2.test356, Intended behavior: FAILURE, when executed after: [randoop.jodatime.RandoopTest2.test243], The revealed different behavior: PASS, when executed after: [], Test: randoop.jodatime.RandoopTest2.test474, Intended behavior: FAILURE, when executed after: [randoop.jodatime.RandoopTest2.test376], The revealed different behavior: PASS, when executed after: [], Test: randoop.jodatime.RandoopTest2.test493, Intended behavior: FAILURE, when executed after: [randoop.jodatime.RandoopTest2.test490], The revealed different behavior: PASS, when executed after: [], Test: randoop.jodatime.RandoopTest3.test195, Intended behavior: FAILURE, when executed after: [randoop.jodatime.RandoopTest3.test193], The revealed different behavior: PASS, when executed after: [], Test: randoop.jodatime.RandoopTest3.test193, Intended behavior: FAILURE, when executed after: [randoop.jodatime.RandoopTest3.test189], The revealed different behavior: PASS, when executed after: [], Test: randoop.jodatime.RandoopTest3.test189, Intended behavior: FAILURE, when executed after: [randoop.jodatime.RandoopTest3.test185], The revealed different behavior: PASS, when executed after: [], Test: randoop.jodatime.RandoopTest3.test185, Intended behavior: FAILURE, when executed after: [randoop.jodatime.RandoopTest3.test161], The revealed different behavior: PASS, when executed after: [], Test: randoop.jodatime.RandoopTest3.test161, Intended behavior: FAILURE, when executed after: [randoop.jodatime.RandoopTest2.test493], The revealed different behavior: PASS, when executed after: [], Test: randoop.jodatime.RandoopTest3.test389, Intended behavior: FAILURE, when executed after: [randoop.jodatime.RandoopTest3.test383], The revealed different behavior: PASS, when executed after: [], Test: randoop.jodatime.RandoopTest3.test383, Intended behavior: FAILURE, when executed after: [randoop.jodatime.RandoopTest3.test347], The revealed different behavior: PASS, when executed after: [], Test: randoop.jodatime.RandoopTest3.test347, Intended behavior: FAILURE, when executed after: [randoop.jodatime.RandoopTest3.test345], The revealed different behavior: PASS, when executed after: [], Test: randoop.jodatime.RandoopTest3.test345, Intended behavior: FAILURE, when executed after: [randoop.jodatime.RandoopTest3.test316], The revealed different behavior: PASS, when executed after: [], Test: randoop.jodatime.RandoopTest3.test316, Intended behavior: FAILURE, when executed after: [randoop.jodatime.RandoopTest3.test315], The revealed different behavior: PASS, when executed after: [], Test: randoop.jodatime.RandoopTest3.test315, Intended behavior: FAILURE, when executed after: [randoop.jodatime.RandoopTest3.test195], The revealed different behavior: PASS, when executed after: [], Test: randoop.jodatime.RandoopTest3.test496, Intended behavior: FAILURE, when executed after: [randoop.jodatime.RandoopTest3.test467], The revealed different behavior: PASS, when executed after: [], Test: randoop.jodatime.RandoopTest3.test467, Intended behavior: FAILURE, when executed after: [randoop.jodatime.RandoopTest3.test389], The revealed different behavior: PASS, when executed after: [], Test: randoop.jodatime.RandoopTest4.test259, Intended behavior: FAILURE, when executed after: [randoop.jodatime.RandoopTest4.test221], The revealed different behavior: PASS, when executed after: [], Test: randoop.jodatime.RandoopTest4.test221, Intended behavior: FAILURE, when executed after: [randoop.jodatime.RandoopTest4.test13], The revealed different behavior: PASS, when executed after: [], Test: randoop.jodatime.RandoopTest4.test401, Intended behavior: FAILURE, when executed after: [randoop.jodatime.RandoopTest4.test259], The revealed different behavior: PASS, when executed after: [], Test: randoop.jodatime.RandoopTest4.test434, Intended behavior: FAILURE, when executed after: [randoop.jodatime.RandoopTest4.test401], The revealed different behavior: PASS, when executed after: [], Test: randoop.jodatime.RandoopTest4.test13, Intended behavior: FAILURE, when executed after: [randoop.jodatime.RandoopTest3.test496], The revealed different behavior: PASS, when executed after: [], Test: randoop.jodatime.RandoopTest2.test212, Intended behavior: FAILURE, when executed after: [randoop.jodatime.RandoopTest2.test77], The revealed different behavior: PASS, when executed after: [], Test: randoop.jodatime.RandoopTest2.test376, Intended behavior: FAILURE, when executed after: [randoop.jodatime.RandoopTest2.test254], The revealed different behavior: PASS, when executed after: []]
--------------------------
Execution time of TLG and its time to find/nullify any DTs for 1 machine (does not include the time to run the tests in the new order): 0.688
Number of tests selected out of total in original order: 148 / 2211
Number of DTs not fixed: 0
Number of DTs fixed: 0
Execution time for executing the following testing order: 0.482

Test order list:
[randoop.jodatime.RandoopTest0.test498, randoop.jodatime.RandoopTest1.test181, randoop.jodatime.RandoopTest1.test235, randoop.jodatime.RandoopTest2.test21, randoop.jodatime.RandoopTest2.test36, randoop.jodatime.RandoopTest2.test243, randoop.jodatime.RandoopTest2.test356, randoop.jodatime.RandoopTest2.test487, randoop.jodatime.RandoopTest2.test490, randoop.jodatime.RandoopTest2.test493, randoop.jodatime.RandoopTest3.test161, randoop.jodatime.RandoopTest3.test162, randoop.jodatime.RandoopTest3.test163, randoop.jodatime.RandoopTest3.test164, randoop.jodatime.RandoopTest3.test165, randoop.jodatime.RandoopTest3.test166, randoop.jodatime.RandoopTest3.test167, randoop.jodatime.RandoopTest3.test168, randoop.jodatime.RandoopTest3.test169, randoop.jodatime.RandoopTest3.test170, randoop.jodatime.RandoopTest3.test171, randoop.jodatime.RandoopTest3.test172, randoop.jodatime.RandoopTest3.test173, randoop.jodatime.RandoopTest3.test174, randoop.jodatime.RandoopTest3.test175, randoop.jodatime.RandoopTest3.test176, randoop.jodatime.RandoopTest3.test177, randoop.jodatime.RandoopTest3.test178, randoop.jodatime.RandoopTest3.test179, randoop.jodatime.RandoopTest3.test180, randoop.jodatime.RandoopTest3.test181, randoop.jodatime.RandoopTest3.test182, randoop.jodatime.RandoopTest3.test183, randoop.jodatime.RandoopTest3.test184, randoop.jodatime.RandoopTest3.test185, randoop.jodatime.RandoopTest3.test186, randoop.jodatime.RandoopTest3.test187, randoop.jodatime.RandoopTest3.test188, randoop.jodatime.RandoopTest3.test189, randoop.jodatime.RandoopTest3.test190, randoop.jodatime.RandoopTest3.test191, randoop.jodatime.RandoopTest3.test192, randoop.jodatime.RandoopTest3.test193, randoop.jodatime.RandoopTest3.test194, randoop.jodatime.RandoopTest3.test195, randoop.jodatime.RandoopTest3.test196, randoop.jodatime.RandoopTest3.test197, randoop.jodatime.RandoopTest3.test198, randoop.jodatime.RandoopTest3.test199, randoop.jodatime.RandoopTest3.test200, randoop.jodatime.RandoopTest3.test201, randoop.jodatime.RandoopTest3.test202, randoop.jodatime.RandoopTest3.test204, randoop.jodatime.RandoopTest3.test205, randoop.jodatime.RandoopTest3.test206, randoop.jodatime.RandoopTest3.test208, randoop.jodatime.RandoopTest3.test209, randoop.jodatime.RandoopTest3.test210, randoop.jodatime.RandoopTest3.test211, randoop.jodatime.RandoopTest3.test212, randoop.jodatime.RandoopTest3.test213, randoop.jodatime.RandoopTest3.test215, randoop.jodatime.RandoopTest3.test216, randoop.jodatime.RandoopTest3.test217, randoop.jodatime.RandoopTest3.test218, randoop.jodatime.RandoopTest3.test219, randoop.jodatime.RandoopTest3.test220, randoop.jodatime.RandoopTest3.test221, randoop.jodatime.RandoopTest3.test222, randoop.jodatime.RandoopTest3.test223, randoop.jodatime.RandoopTest3.test224, randoop.jodatime.RandoopTest3.test225, randoop.jodatime.RandoopTest3.test226, randoop.jodatime.RandoopTest3.test228, randoop.jodatime.RandoopTest3.test231, randoop.jodatime.RandoopTest3.test232, randoop.jodatime.RandoopTest3.test233, randoop.jodatime.RandoopTest3.test234, randoop.jodatime.RandoopTest3.test235, randoop.jodatime.RandoopTest3.test236, randoop.jodatime.RandoopTest3.test237, randoop.jodatime.RandoopTest3.test238, randoop.jodatime.RandoopTest3.test239, randoop.jodatime.RandoopTest3.test240, randoop.jodatime.RandoopTest3.test241, randoop.jodatime.RandoopTest3.test242, randoop.jodatime.RandoopTest3.test243, randoop.jodatime.RandoopTest3.test244, randoop.jodatime.RandoopTest3.test245, randoop.jodatime.RandoopTest3.test246, randoop.jodatime.RandoopTest3.test247, randoop.jodatime.RandoopTest3.test248, randoop.jodatime.RandoopTest3.test249, randoop.jodatime.RandoopTest3.test250, randoop.jodatime.RandoopTest3.test252, randoop.jodatime.RandoopTest3.test254, randoop.jodatime.RandoopTest3.test255, randoop.jodatime.RandoopTest3.test256, randoop.jodatime.RandoopTest3.test257, randoop.jodatime.RandoopTest3.test258, randoop.jodatime.RandoopTest3.test259, randoop.jodatime.RandoopTest3.test261, randoop.jodatime.RandoopTest3.test262, randoop.jodatime.RandoopTest3.test263, randoop.jodatime.RandoopTest3.test264, randoop.jodatime.RandoopTest3.test265, randoop.jodatime.RandoopTest3.test266, randoop.jodatime.RandoopTest3.test268, randoop.jodatime.RandoopTest3.test269, randoop.jodatime.RandoopTest3.test270, randoop.jodatime.RandoopTest3.test271, randoop.jodatime.RandoopTest3.test272, randoop.jodatime.RandoopTest3.test273, randoop.jodatime.RandoopTest3.test274, randoop.jodatime.RandoopTest3.test275, randoop.jodatime.RandoopTest3.test277, randoop.jodatime.RandoopTest3.test278, randoop.jodatime.RandoopTest3.test279, randoop.jodatime.RandoopTest3.test280, randoop.jodatime.RandoopTest3.test281, randoop.jodatime.RandoopTest3.test282, randoop.jodatime.RandoopTest3.test283, randoop.jodatime.RandoopTest3.test284, randoop.jodatime.RandoopTest3.test285, randoop.jodatime.RandoopTest3.test286, randoop.jodatime.RandoopTest3.test287, randoop.jodatime.RandoopTest3.test288, randoop.jodatime.RandoopTest3.test291, randoop.jodatime.RandoopTest3.test292, randoop.jodatime.RandoopTest3.test293, randoop.jodatime.RandoopTest3.test294, randoop.jodatime.RandoopTest3.test295, randoop.jodatime.RandoopTest3.test296, randoop.jodatime.RandoopTest3.test297, randoop.jodatime.RandoopTest3.test298, randoop.jodatime.RandoopTest3.test299, randoop.jodatime.RandoopTest3.test300, randoop.jodatime.RandoopTest3.test301, randoop.jodatime.RandoopTest3.test302, randoop.jodatime.RandoopTest3.test303, randoop.jodatime.RandoopTest3.test304, randoop.jodatime.RandoopTest3.test306, randoop.jodatime.RandoopTest3.test307, randoop.jodatime.RandoopTest3.test308, randoop.jodatime.RandoopTest3.test309, randoop.jodatime.RandoopTest3.test310, randoop.jodatime.RandoopTest3.test312, randoop.jodatime.RandoopTest3.test313]

Time each test takes to run in the new order:
[80237475, 14081865, 6693326, 5878437, 5038456, 5218180, 5289403, 4671155, 7682280, 9024703, 6226075, 4973576, 7936203, 5176243, 8797440, 8051363, 3148592, 3609223, 2315830, 2449294, 3489635, 3419516, 2849713, 2609281, 2351436, 2705281, 2584304, 2118796, 2072142, 2090524, 2135664, 3196753, 2140686, 2866123, 2323435, 2101452, 2141906, 6112258, 2495127, 2421050, 2224677, 3855209, 2301082, 2272010, 2189471, 2453831, 2196045, 2150111, 3415231, 2218505, 2244605, 2258396, 2611609, 2739900, 4051997, 2479227, 2671591, 2266295, 2193041, 4021467, 1975744, 1944440, 2038310, 2221389, 1968408, 2127386, 2018753, 2176048, 2044639, 1819310, 1864758, 1735450, 1800742, 2127012, 1844538, 1952487, 1991667, 1799105, 1979287, 1938671, 1748847, 1702658, 5081178, 1902392, 1999069, 1787424, 1710683, 2049254, 1710130, 1732521, 1823407, 1681366, 1735715, 2199452, 1676717, 1691786, 1746427, 1734592, 2709042, 1824160, 1847587, 1846561, 1789317, 1747077, 1659469, 1631070, 1988299, 2496363, 2097300, 2301270, 2116664, 2645020, 2418665, 2569431, 2478438, 2457205, 2032000, 2411998, 2580242, 2660037, 2085049, 2508003, 2389103, 2087687, 2439069, 2396665, 2038783, 2597416, 5092728, 1758712, 1702505, 1664705, 1590540, 1648926, 1997622, 1683281, 1635018, 1711183, 1612312, 1617896, 1596486, 1571569, 1710300, 1718592, 1603672, 1616789, 1634553, 1755892]

Dependent test list:
[Test: randoop.jodatime.RandoopTest0.test196, Intended behavior: FAILURE, when executed after: [randoop.jodatime.RandoopTest0.test192], The revealed different behavior: PASS, when executed after: [], Test: randoop.jodatime.RandoopTest0.test192, Intended behavior: FAILURE, when executed after: [randoop.jodatime.RandoopTest0.test165], The revealed different behavior: PASS, when executed after: [], Test: randoop.jodatime.RandoopTest0.test165, Intended behavior: FAILURE, when executed after: [randoop.jodatime.RandoopTest0.test135], The revealed different behavior: PASS, when executed after: [], Test: randoop.jodatime.RandoopTest0.test360, Intended behavior: FAILURE, when executed after: [randoop.jodatime.RandoopTest0.test338], The revealed different behavior: PASS, when executed after: [], Test: randoop.jodatime.RandoopTest0.test338, Intended behavior: FAILURE, when executed after: [randoop.jodatime.RandoopTest0.test325], The revealed different behavior: PASS, when executed after: [], Test: randoop.jodatime.RandoopTest0.test325, Intended behavior: FAILURE, when executed after: [randoop.jodatime.RandoopTest0.test196], The revealed different behavior: PASS, when executed after: [], Test: randoop.jodatime.RandoopTest1.test235, Intended behavior: FAILURE, when executed after: [randoop.jodatime.RandoopTest1.test181], The revealed different behavior: PASS, when executed after: [], Test: randoop.jodatime.RandoopTest1.test181, Intended behavior: FAILURE, when executed after: [randoop.jodatime.RandoopTest0.test498], The revealed different behavior: PASS, when executed after: [], Test: randoop.jodatime.RandoopTest2.test36, Intended behavior: FAILURE, when executed after: [randoop.jodatime.RandoopTest2.test21], The revealed different behavior: PASS, when executed after: [], Test: randoop.jodatime.RandoopTest2.test77, Intended behavior: FAILURE, when executed after: [randoop.jodatime.RandoopTest1.test467], The revealed different behavior: PASS, when executed after: [], Test: randoop.jodatime.RandoopTest2.test21, Intended behavior: FAILURE, when executed after: [randoop.jodatime.RandoopTest1.test235], The revealed different behavior: PASS, when executed after: [], Test: randoop.jodatime.RandoopTest2.test254, Intended behavior: FAILURE, when executed after: [randoop.jodatime.RandoopTest2.test212], The revealed different behavior: PASS, when executed after: [], Test: randoop.jodatime.RandoopTest2.test243, Intended behavior: FAILURE, when executed after: [randoop.jodatime.RandoopTest2.test36], The revealed different behavior: PASS, when executed after: [], Test: randoop.jodatime.RandoopTest2.test490, Intended behavior: FAILURE, when executed after: [randoop.jodatime.RandoopTest2.test487], The revealed different behavior: PASS, when executed after: [], Test: randoop.jodatime.RandoopTest2.test487, Intended behavior: FAILURE, when executed after: [randoop.jodatime.RandoopTest2.test356], The revealed different behavior: PASS, when executed after: [], Test: randoop.jodatime.RandoopTest2.test356, Intended behavior: FAILURE, when executed after: [randoop.jodatime.RandoopTest2.test243], The revealed different behavior: PASS, when executed after: [], Test: randoop.jodatime.RandoopTest2.test474, Intended behavior: FAILURE, when executed after: [randoop.jodatime.RandoopTest2.test376], The revealed different behavior: PASS, when executed after: [], Test: randoop.jodatime.RandoopTest2.test493, Intended behavior: FAILURE, when executed after: [randoop.jodatime.RandoopTest2.test490], The revealed different behavior: PASS, when executed after: [], Test: randoop.jodatime.RandoopTest3.test195, Intended behavior: FAILURE, when executed after: [randoop.jodatime.RandoopTest3.test193], The revealed different behavior: PASS, when executed after: [], Test: randoop.jodatime.RandoopTest3.test193, Intended behavior: FAILURE, when executed after: [randoop.jodatime.RandoopTest3.test189], The revealed different behavior: PASS, when executed after: [], Test: randoop.jodatime.RandoopTest3.test189, Intended behavior: FAILURE, when executed after: [randoop.jodatime.RandoopTest3.test185], The revealed different behavior: PASS, when executed after: [], Test: randoop.jodatime.RandoopTest3.test185, Intended behavior: FAILURE, when executed after: [randoop.jodatime.RandoopTest3.test161], The revealed different behavior: PASS, when executed after: [], Test: randoop.jodatime.RandoopTest3.test161, Intended behavior: FAILURE, when executed after: [randoop.jodatime.RandoopTest2.test493], The revealed different behavior: PASS, when executed after: [], Test: randoop.jodatime.RandoopTest3.test389, Intended behavior: FAILURE, when executed after: [randoop.jodatime.RandoopTest3.test383], The revealed different behavior: PASS, when executed after: [], Test: randoop.jodatime.RandoopTest3.test383, Intended behavior: FAILURE, when executed after: [randoop.jodatime.RandoopTest3.test347], The revealed different behavior: PASS, when executed after: [], Test: randoop.jodatime.RandoopTest3.test347, Intended behavior: FAILURE, when executed after: [randoop.jodatime.RandoopTest3.test345], The revealed different behavior: PASS, when executed after: [], Test: randoop.jodatime.RandoopTest3.test345, Intended behavior: FAILURE, when executed after: [randoop.jodatime.RandoopTest3.test316], The revealed different behavior: PASS, when executed after: [], Test: randoop.jodatime.RandoopTest3.test316, Intended behavior: FAILURE, when executed after: [randoop.jodatime.RandoopTest3.test315], The revealed different behavior: PASS, when executed after: [], Test: randoop.jodatime.RandoopTest3.test315, Intended behavior: FAILURE, when executed after: [randoop.jodatime.RandoopTest3.test195], The revealed different behavior: PASS, when executed after: [], Test: randoop.jodatime.RandoopTest3.test496, Intended behavior: FAILURE, when executed after: [randoop.jodatime.RandoopTest3.test467], The revealed different behavior: PASS, when executed after: [], Test: randoop.jodatime.RandoopTest3.test467, Intended behavior: FAILURE, when executed after: [randoop.jodatime.RandoopTest3.test389], The revealed different behavior: PASS, when executed after: [], Test: randoop.jodatime.RandoopTest4.test259, Intended behavior: FAILURE, when executed after: [randoop.jodatime.RandoopTest4.test221], The revealed different behavior: PASS, when executed after: [], Test: randoop.jodatime.RandoopTest4.test221, Intended behavior: FAILURE, when executed after: [randoop.jodatime.RandoopTest4.test13], The revealed different behavior: PASS, when executed after: [], Test: randoop.jodatime.RandoopTest4.test401, Intended behavior: FAILURE, when executed after: [randoop.jodatime.RandoopTest4.test259], The revealed different behavior: PASS, when executed after: [], Test: randoop.jodatime.RandoopTest4.test434, Intended behavior: FAILURE, when executed after: [randoop.jodatime.RandoopTest4.test401], The revealed different behavior: PASS, when executed after: [], Test: randoop.jodatime.RandoopTest4.test13, Intended behavior: FAILURE, when executed after: [randoop.jodatime.RandoopTest3.test496], The revealed different behavior: PASS, when executed after: [], Test: randoop.jodatime.RandoopTest2.test212, Intended behavior: FAILURE, when executed after: [randoop.jodatime.RandoopTest2.test77], The revealed different behavior: PASS, when executed after: [], Test: randoop.jodatime.RandoopTest2.test376, Intended behavior: FAILURE, when executed after: [randoop.jodatime.RandoopTest2.test254], The revealed different behavior: PASS, when executed after: []]
--------------------------
Execution time of TLG and its time to find/nullify any DTs for 1 machine (does not include the time to run the tests in the new order): 0.694
Number of tests selected out of total in original order: 153 / 2211
Number of DTs not fixed: 0
Number of DTs fixed: 0
Execution time for executing the following testing order: 0.523

Test order list:
[randoop.jodatime.RandoopTest3.test314, randoop.jodatime.RandoopTest0.test498, randoop.jodatime.RandoopTest1.test181, randoop.jodatime.RandoopTest1.test235, randoop.jodatime.RandoopTest2.test21, randoop.jodatime.RandoopTest2.test36, randoop.jodatime.RandoopTest2.test243, randoop.jodatime.RandoopTest2.test356, randoop.jodatime.RandoopTest2.test487, randoop.jodatime.RandoopTest2.test490, randoop.jodatime.RandoopTest2.test493, randoop.jodatime.RandoopTest3.test161, randoop.jodatime.RandoopTest3.test185, randoop.jodatime.RandoopTest3.test189, randoop.jodatime.RandoopTest3.test193, randoop.jodatime.RandoopTest3.test195, randoop.jodatime.RandoopTest3.test315, randoop.jodatime.RandoopTest3.test316, randoop.jodatime.RandoopTest3.test317, randoop.jodatime.RandoopTest3.test318, randoop.jodatime.RandoopTest3.test319, randoop.jodatime.RandoopTest3.test320, randoop.jodatime.RandoopTest3.test321, randoop.jodatime.RandoopTest3.test322, randoop.jodatime.RandoopTest3.test323, randoop.jodatime.RandoopTest3.test324, randoop.jodatime.RandoopTest3.test325, randoop.jodatime.RandoopTest3.test326, randoop.jodatime.RandoopTest3.test327, randoop.jodatime.RandoopTest3.test328, randoop.jodatime.RandoopTest3.test330, randoop.jodatime.RandoopTest3.test331, randoop.jodatime.RandoopTest3.test332, randoop.jodatime.RandoopTest3.test333, randoop.jodatime.RandoopTest3.test334, randoop.jodatime.RandoopTest3.test335, randoop.jodatime.RandoopTest3.test336, randoop.jodatime.RandoopTest3.test337, randoop.jodatime.RandoopTest3.test338, randoop.jodatime.RandoopTest3.test340, randoop.jodatime.RandoopTest3.test341, randoop.jodatime.RandoopTest3.test342, randoop.jodatime.RandoopTest3.test343, randoop.jodatime.RandoopTest3.test344, randoop.jodatime.RandoopTest3.test345, randoop.jodatime.RandoopTest3.test346, randoop.jodatime.RandoopTest3.test347, randoop.jodatime.RandoopTest3.test348, randoop.jodatime.RandoopTest3.test349, randoop.jodatime.RandoopTest3.test350, randoop.jodatime.RandoopTest3.test351, randoop.jodatime.RandoopTest3.test352, randoop.jodatime.RandoopTest3.test353, randoop.jodatime.RandoopTest3.test355, randoop.jodatime.RandoopTest3.test356, randoop.jodatime.RandoopTest3.test357, randoop.jodatime.RandoopTest3.test358, randoop.jodatime.RandoopTest3.test360, randoop.jodatime.RandoopTest3.test362, randoop.jodatime.RandoopTest3.test363, randoop.jodatime.RandoopTest3.test364, randoop.jodatime.RandoopTest3.test365, randoop.jodatime.RandoopTest3.test367, randoop.jodatime.RandoopTest3.test368, randoop.jodatime.RandoopTest3.test370, randoop.jodatime.RandoopTest3.test372, randoop.jodatime.RandoopTest3.test374, randoop.jodatime.RandoopTest3.test375, randoop.jodatime.RandoopTest3.test376, randoop.jodatime.RandoopTest3.test377, randoop.jodatime.RandoopTest3.test378, randoop.jodatime.RandoopTest3.test379, randoop.jodatime.RandoopTest3.test380, randoop.jodatime.RandoopTest3.test381, randoop.jodatime.RandoopTest3.test382, randoop.jodatime.RandoopTest3.test383, randoop.jodatime.RandoopTest3.test386, randoop.jodatime.RandoopTest3.test387, randoop.jodatime.RandoopTest3.test388, randoop.jodatime.RandoopTest3.test389, randoop.jodatime.RandoopTest3.test390, randoop.jodatime.RandoopTest3.test391, randoop.jodatime.RandoopTest3.test393, randoop.jodatime.RandoopTest3.test394, randoop.jodatime.RandoopTest3.test395, randoop.jodatime.RandoopTest3.test396, randoop.jodatime.RandoopTest3.test397, randoop.jodatime.RandoopTest3.test398, randoop.jodatime.RandoopTest3.test399, randoop.jodatime.RandoopTest3.test400, randoop.jodatime.RandoopTest3.test401, randoop.jodatime.RandoopTest3.test402, randoop.jodatime.RandoopTest3.test403, randoop.jodatime.RandoopTest3.test404, randoop.jodatime.RandoopTest3.test405, randoop.jodatime.RandoopTest3.test406, randoop.jodatime.RandoopTest3.test407, randoop.jodatime.RandoopTest3.test408, randoop.jodatime.RandoopTest3.test409, randoop.jodatime.RandoopTest3.test411, randoop.jodatime.RandoopTest3.test412, randoop.jodatime.RandoopTest3.test413, randoop.jodatime.RandoopTest3.test414, randoop.jodatime.RandoopTest3.test415, randoop.jodatime.RandoopTest3.test416, randoop.jodatime.RandoopTest3.test417, randoop.jodatime.RandoopTest3.test418, randoop.jodatime.RandoopTest3.test419, randoop.jodatime.RandoopTest3.test420, randoop.jodatime.RandoopTest3.test421, randoop.jodatime.RandoopTest3.test422, randoop.jodatime.RandoopTest3.test423, randoop.jodatime.RandoopTest3.test424, randoop.jodatime.RandoopTest3.test425, randoop.jodatime.RandoopTest3.test426, randoop.jodatime.RandoopTest3.test427, randoop.jodatime.RandoopTest3.test428, randoop.jodatime.RandoopTest3.test429, randoop.jodatime.RandoopTest3.test430, randoop.jodatime.RandoopTest3.test431, randoop.jodatime.RandoopTest3.test432, randoop.jodatime.RandoopTest3.test434, randoop.jodatime.RandoopTest3.test435, randoop.jodatime.RandoopTest3.test436, randoop.jodatime.RandoopTest3.test437, randoop.jodatime.RandoopTest3.test438, randoop.jodatime.RandoopTest3.test439, randoop.jodatime.RandoopTest3.test440, randoop.jodatime.RandoopTest3.test441, randoop.jodatime.RandoopTest3.test442, randoop.jodatime.RandoopTest3.test443, randoop.jodatime.RandoopTest3.test444, randoop.jodatime.RandoopTest3.test445, randoop.jodatime.RandoopTest3.test446, randoop.jodatime.RandoopTest3.test447, randoop.jodatime.RandoopTest3.test448, randoop.jodatime.RandoopTest3.test449, randoop.jodatime.RandoopTest3.test451, randoop.jodatime.RandoopTest3.test452, randoop.jodatime.RandoopTest3.test453, randoop.jodatime.RandoopTest3.test454, randoop.jodatime.RandoopTest3.test455, randoop.jodatime.RandoopTest3.test456, randoop.jodatime.RandoopTest3.test457, randoop.jodatime.RandoopTest3.test458, randoop.jodatime.RandoopTest3.test459, randoop.jodatime.RandoopTest3.test460, randoop.jodatime.RandoopTest3.test461, randoop.jodatime.RandoopTest3.test462, randoop.jodatime.RandoopTest3.test463, randoop.jodatime.RandoopTest3.test464, randoop.jodatime.RandoopTest3.test465, randoop.jodatime.RandoopTest3.test466]

Time each test takes to run in the new order:
[44185489, 44875500, 9783167, 6907358, 6372958, 5165066, 4822386, 5656862, 5738706, 7882696, 8414553, 5818943, 5033448, 4901012, 9136478, 3423182, 3611373, 3221102, 5648289, 6179054, 4065531, 3814214, 3334447, 5390433, 3111106, 4769038, 3198440, 5027454, 2222658, 4000550, 2370820, 2554391, 2906091, 2231118, 2105561, 2990787, 4998026, 2114461, 2137746, 2095668, 2388582, 2101832, 2190921, 2094119, 2189888, 2461698, 2282556, 2157099, 2622780, 5799252, 2254005, 2314385, 2687274, 2105422, 2136248, 2037055, 2180766, 2188764, 2199826, 8027932, 2395907, 2359981, 3466858, 2310272, 3336151, 3486228, 2229943, 2093536, 2237934, 2141902, 2089131, 2305368, 2146704, 2132991, 2157294, 2248865, 2086940, 2064075, 2021348, 2140188, 2001524, 1956140, 5558166, 2126662, 2072773, 2097276, 2027622, 2587731, 1855053, 1745103, 2655149, 1817655, 1927971, 1756222, 1898692, 1772265, 1924417, 1815414, 1760452, 1747832, 1696325, 1938603, 1765331, 1755468, 1700978, 2017025, 2952205, 2222469, 2087973, 1854383, 2563677, 2221762, 2737130, 2581498, 2173966, 2550346, 2462902, 2515163, 2369264, 2488514, 2754179, 2244488, 2589512, 2607862, 2147284, 2528187, 2468574, 5791432, 1788436, 1887591, 1654696, 2148789, 1668363, 1952226, 1652997, 1610912, 1574718, 1747137, 1653949, 1864697, 1628375, 1615302, 1616622, 1612780, 1658895, 4577308, 3904182, 1621486, 1761442, 1595394, 1594941, 1560083, 1583889]

Dependent test list:
[Test: randoop.jodatime.RandoopTest0.test196, Intended behavior: FAILURE, when executed after: [randoop.jodatime.RandoopTest0.test192], The revealed different behavior: PASS, when executed after: [], Test: randoop.jodatime.RandoopTest0.test192, Intended behavior: FAILURE, when executed after: [randoop.jodatime.RandoopTest0.test165], The revealed different behavior: PASS, when executed after: [], Test: randoop.jodatime.RandoopTest0.test165, Intended behavior: FAILURE, when executed after: [randoop.jodatime.RandoopTest0.test135], The revealed different behavior: PASS, when executed after: [], Test: randoop.jodatime.RandoopTest0.test360, Intended behavior: FAILURE, when executed after: [randoop.jodatime.RandoopTest0.test338], The revealed different behavior: PASS, when executed after: [], Test: randoop.jodatime.RandoopTest0.test338, Intended behavior: FAILURE, when executed after: [randoop.jodatime.RandoopTest0.test325], The revealed different behavior: PASS, when executed after: [], Test: randoop.jodatime.RandoopTest0.test325, Intended behavior: FAILURE, when executed after: [randoop.jodatime.RandoopTest0.test196], The revealed different behavior: PASS, when executed after: [], Test: randoop.jodatime.RandoopTest1.test235, Intended behavior: FAILURE, when executed after: [randoop.jodatime.RandoopTest1.test181], The revealed different behavior: PASS, when executed after: [], Test: randoop.jodatime.RandoopTest1.test181, Intended behavior: FAILURE, when executed after: [randoop.jodatime.RandoopTest0.test498], The revealed different behavior: PASS, when executed after: [], Test: randoop.jodatime.RandoopTest2.test36, Intended behavior: FAILURE, when executed after: [randoop.jodatime.RandoopTest2.test21], The revealed different behavior: PASS, when executed after: [], Test: randoop.jodatime.RandoopTest2.test77, Intended behavior: FAILURE, when executed after: [randoop.jodatime.RandoopTest1.test467], The revealed different behavior: PASS, when executed after: [], Test: randoop.jodatime.RandoopTest2.test21, Intended behavior: FAILURE, when executed after: [randoop.jodatime.RandoopTest1.test235], The revealed different behavior: PASS, when executed after: [], Test: randoop.jodatime.RandoopTest2.test254, Intended behavior: FAILURE, when executed after: [randoop.jodatime.RandoopTest2.test212], The revealed different behavior: PASS, when executed after: [], Test: randoop.jodatime.RandoopTest2.test243, Intended behavior: FAILURE, when executed after: [randoop.jodatime.RandoopTest2.test36], The revealed different behavior: PASS, when executed after: [], Test: randoop.jodatime.RandoopTest2.test490, Intended behavior: FAILURE, when executed after: [randoop.jodatime.RandoopTest2.test487], The revealed different behavior: PASS, when executed after: [], Test: randoop.jodatime.RandoopTest2.test487, Intended behavior: FAILURE, when executed after: [randoop.jodatime.RandoopTest2.test356], The revealed different behavior: PASS, when executed after: [], Test: randoop.jodatime.RandoopTest2.test356, Intended behavior: FAILURE, when executed after: [randoop.jodatime.RandoopTest2.test243], The revealed different behavior: PASS, when executed after: [], Test: randoop.jodatime.RandoopTest2.test474, Intended behavior: FAILURE, when executed after: [randoop.jodatime.RandoopTest2.test376], The revealed different behavior: PASS, when executed after: [], Test: randoop.jodatime.RandoopTest2.test493, Intended behavior: FAILURE, when executed after: [randoop.jodatime.RandoopTest2.test490], The revealed different behavior: PASS, when executed after: [], Test: randoop.jodatime.RandoopTest3.test195, Intended behavior: FAILURE, when executed after: [randoop.jodatime.RandoopTest3.test193], The revealed different behavior: PASS, when executed after: [], Test: randoop.jodatime.RandoopTest3.test193, Intended behavior: FAILURE, when executed after: [randoop.jodatime.RandoopTest3.test189], The revealed different behavior: PASS, when executed after: [], Test: randoop.jodatime.RandoopTest3.test189, Intended behavior: FAILURE, when executed after: [randoop.jodatime.RandoopTest3.test185], The revealed different behavior: PASS, when executed after: [], Test: randoop.jodatime.RandoopTest3.test185, Intended behavior: FAILURE, when executed after: [randoop.jodatime.RandoopTest3.test161], The revealed different behavior: PASS, when executed after: [], Test: randoop.jodatime.RandoopTest3.test161, Intended behavior: FAILURE, when executed after: [randoop.jodatime.RandoopTest2.test493], The revealed different behavior: PASS, when executed after: [], Test: randoop.jodatime.RandoopTest3.test389, Intended behavior: FAILURE, when executed after: [randoop.jodatime.RandoopTest3.test383], The revealed different behavior: PASS, when executed after: [], Test: randoop.jodatime.RandoopTest3.test383, Intended behavior: FAILURE, when executed after: [randoop.jodatime.RandoopTest3.test347], The revealed different behavior: PASS, when executed after: [], Test: randoop.jodatime.RandoopTest3.test347, Intended behavior: FAILURE, when executed after: [randoop.jodatime.RandoopTest3.test345], The revealed different behavior: PASS, when executed after: [], Test: randoop.jodatime.RandoopTest3.test345, Intended behavior: FAILURE, when executed after: [randoop.jodatime.RandoopTest3.test316], The revealed different behavior: PASS, when executed after: [], Test: randoop.jodatime.RandoopTest3.test316, Intended behavior: FAILURE, when executed after: [randoop.jodatime.RandoopTest3.test315], The revealed different behavior: PASS, when executed after: [], Test: randoop.jodatime.RandoopTest3.test315, Intended behavior: FAILURE, when executed after: [randoop.jodatime.RandoopTest3.test195], The revealed different behavior: PASS, when executed after: [], Test: randoop.jodatime.RandoopTest3.test496, Intended behavior: FAILURE, when executed after: [randoop.jodatime.RandoopTest3.test467], The revealed different behavior: PASS, when executed after: [], Test: randoop.jodatime.RandoopTest3.test467, Intended behavior: FAILURE, when executed after: [randoop.jodatime.RandoopTest3.test389], The revealed different behavior: PASS, when executed after: [], Test: randoop.jodatime.RandoopTest4.test259, Intended behavior: FAILURE, when executed after: [randoop.jodatime.RandoopTest4.test221], The revealed different behavior: PASS, when executed after: [], Test: randoop.jodatime.RandoopTest4.test221, Intended behavior: FAILURE, when executed after: [randoop.jodatime.RandoopTest4.test13], The revealed different behavior: PASS, when executed after: [], Test: randoop.jodatime.RandoopTest4.test401, Intended behavior: FAILURE, when executed after: [randoop.jodatime.RandoopTest4.test259], The revealed different behavior: PASS, when executed after: [], Test: randoop.jodatime.RandoopTest4.test434, Intended behavior: FAILURE, when executed after: [randoop.jodatime.RandoopTest4.test401], The revealed different behavior: PASS, when executed after: [], Test: randoop.jodatime.RandoopTest4.test13, Intended behavior: FAILURE, when executed after: [randoop.jodatime.RandoopTest3.test496], The revealed different behavior: PASS, when executed after: [], Test: randoop.jodatime.RandoopTest2.test212, Intended behavior: FAILURE, when executed after: [randoop.jodatime.RandoopTest2.test77], The revealed different behavior: PASS, when executed after: [], Test: randoop.jodatime.RandoopTest2.test376, Intended behavior: FAILURE, when executed after: [randoop.jodatime.RandoopTest2.test254], The revealed different behavior: PASS, when executed after: []]
--------------------------
Execution time of TLG and its time to find/nullify any DTs for 1 machine (does not include the time to run the tests in the new order): 0.770
Number of tests selected out of total in original order: 159 / 2211
Number of DTs not fixed: 0
Number of DTs fixed: 0
Execution time for executing the following testing order: 0.549

Test order list:
[randoop.jodatime.RandoopTest0.test498, randoop.jodatime.RandoopTest1.test181, randoop.jodatime.RandoopTest1.test235, randoop.jodatime.RandoopTest2.test21, randoop.jodatime.RandoopTest2.test36, randoop.jodatime.RandoopTest2.test243, randoop.jodatime.RandoopTest2.test356, randoop.jodatime.RandoopTest2.test487, randoop.jodatime.RandoopTest2.test490, randoop.jodatime.RandoopTest2.test493, randoop.jodatime.RandoopTest3.test161, randoop.jodatime.RandoopTest3.test185, randoop.jodatime.RandoopTest3.test189, randoop.jodatime.RandoopTest3.test193, randoop.jodatime.RandoopTest3.test195, randoop.jodatime.RandoopTest3.test315, randoop.jodatime.RandoopTest3.test316, randoop.jodatime.RandoopTest3.test345, randoop.jodatime.RandoopTest3.test347, randoop.jodatime.RandoopTest3.test383, randoop.jodatime.RandoopTest3.test389, randoop.jodatime.RandoopTest3.test467, randoop.jodatime.RandoopTest3.test468, randoop.jodatime.RandoopTest3.test470, randoop.jodatime.RandoopTest3.test471, randoop.jodatime.RandoopTest3.test473, randoop.jodatime.RandoopTest3.test474, randoop.jodatime.RandoopTest3.test476, randoop.jodatime.RandoopTest3.test477, randoop.jodatime.RandoopTest3.test478, randoop.jodatime.RandoopTest3.test479, randoop.jodatime.RandoopTest3.test480, randoop.jodatime.RandoopTest3.test481, randoop.jodatime.RandoopTest3.test483, randoop.jodatime.RandoopTest3.test484, randoop.jodatime.RandoopTest3.test486, randoop.jodatime.RandoopTest3.test487, randoop.jodatime.RandoopTest3.test488, randoop.jodatime.RandoopTest3.test489, randoop.jodatime.RandoopTest3.test490, randoop.jodatime.RandoopTest3.test491, randoop.jodatime.RandoopTest3.test492, randoop.jodatime.RandoopTest3.test493, randoop.jodatime.RandoopTest3.test494, randoop.jodatime.RandoopTest3.test495, randoop.jodatime.RandoopTest3.test496, randoop.jodatime.RandoopTest3.test497, randoop.jodatime.RandoopTest3.test498, randoop.jodatime.RandoopTest3.test499, randoop.jodatime.RandoopTest3.test500, randoop.jodatime.RandoopTest4.test1, randoop.jodatime.RandoopTest4.test2, randoop.jodatime.RandoopTest4.test3, randoop.jodatime.RandoopTest4.test4, randoop.jodatime.RandoopTest4.test5, randoop.jodatime.RandoopTest4.test6, randoop.jodatime.RandoopTest4.test7, randoop.jodatime.RandoopTest4.test8, randoop.jodatime.RandoopTest4.test9, randoop.jodatime.RandoopTest4.test10, randoop.jodatime.RandoopTest4.test11, randoop.jodatime.RandoopTest4.test12, randoop.jodatime.RandoopTest4.test13, randoop.jodatime.RandoopTest4.test14, randoop.jodatime.RandoopTest4.test17, randoop.jodatime.RandoopTest4.test18, randoop.jodatime.RandoopTest4.test19, randoop.jodatime.RandoopTest4.test20, randoop.jodatime.RandoopTest4.test21, randoop.jodatime.RandoopTest4.test22, randoop.jodatime.RandoopTest4.test24, randoop.jodatime.RandoopTest4.test25, randoop.jodatime.RandoopTest4.test26, randoop.jodatime.RandoopTest4.test30, randoop.jodatime.RandoopTest4.test31, randoop.jodatime.RandoopTest4.test33, randoop.jodatime.RandoopTest4.test35, randoop.jodatime.RandoopTest4.test36, randoop.jodatime.RandoopTest4.test38, randoop.jodatime.RandoopTest4.test39, randoop.jodatime.RandoopTest4.test40, randoop.jodatime.RandoopTest4.test41, randoop.jodatime.RandoopTest4.test42, randoop.jodatime.RandoopTest4.test43, randoop.jodatime.RandoopTest4.test44, randoop.jodatime.RandoopTest4.test45, randoop.jodatime.RandoopTest4.test46, randoop.jodatime.RandoopTest4.test47, randoop.jodatime.RandoopTest4.test48, randoop.jodatime.RandoopTest4.test50, randoop.jodatime.RandoopTest4.test52, randoop.jodatime.RandoopTest4.test53, randoop.jodatime.RandoopTest4.test54, randoop.jodatime.RandoopTest4.test56, randoop.jodatime.RandoopTest4.test57, randoop.jodatime.RandoopTest4.test58, randoop.jodatime.RandoopTest4.test59, randoop.jodatime.RandoopTest4.test60, randoop.jodatime.RandoopTest4.test61, randoop.jodatime.RandoopTest4.test62, randoop.jodatime.RandoopTest4.test63, randoop.jodatime.RandoopTest4.test64, randoop.jodatime.RandoopTest4.test65, randoop.jodatime.RandoopTest4.test66, randoop.jodatime.RandoopTest4.test67, randoop.jodatime.RandoopTest4.test68, randoop.jodatime.RandoopTest4.test69, randoop.jodatime.RandoopTest4.test70, randoop.jodatime.RandoopTest4.test71, randoop.jodatime.RandoopTest4.test72, randoop.jodatime.RandoopTest4.test73, randoop.jodatime.RandoopTest4.test74, randoop.jodatime.RandoopTest4.test75, randoop.jodatime.RandoopTest4.test76, randoop.jodatime.RandoopTest4.test77, randoop.jodatime.RandoopTest4.test78, randoop.jodatime.RandoopTest4.test79, randoop.jodatime.RandoopTest4.test80, randoop.jodatime.RandoopTest4.test81, randoop.jodatime.RandoopTest4.test82, randoop.jodatime.RandoopTest4.test84, randoop.jodatime.RandoopTest4.test85, randoop.jodatime.RandoopTest4.test86, randoop.jodatime.RandoopTest4.test87, randoop.jodatime.RandoopTest4.test88, randoop.jodatime.RandoopTest4.test89, randoop.jodatime.RandoopTest4.test90, randoop.jodatime.RandoopTest4.test91, randoop.jodatime.RandoopTest4.test92, randoop.jodatime.RandoopTest4.test94, randoop.jodatime.RandoopTest4.test95, randoop.jodatime.RandoopTest4.test96, randoop.jodatime.RandoopTest4.test97, randoop.jodatime.RandoopTest4.test98, randoop.jodatime.RandoopTest4.test99, randoop.jodatime.RandoopTest4.test100, randoop.jodatime.RandoopTest4.test101, randoop.jodatime.RandoopTest4.test102, randoop.jodatime.RandoopTest4.test103, randoop.jodatime.RandoopTest4.test104, randoop.jodatime.RandoopTest4.test105, randoop.jodatime.RandoopTest4.test106, randoop.jodatime.RandoopTest4.test107, randoop.jodatime.RandoopTest4.test110, randoop.jodatime.RandoopTest4.test111, randoop.jodatime.RandoopTest4.test112, randoop.jodatime.RandoopTest4.test114, randoop.jodatime.RandoopTest4.test115, randoop.jodatime.RandoopTest4.test116, randoop.jodatime.RandoopTest4.test117, randoop.jodatime.RandoopTest4.test119, randoop.jodatime.RandoopTest4.test120, randoop.jodatime.RandoopTest4.test121, randoop.jodatime.RandoopTest4.test122, randoop.jodatime.RandoopTest4.test123, randoop.jodatime.RandoopTest4.test124, randoop.jodatime.RandoopTest4.test125, randoop.jodatime.RandoopTest4.test126, randoop.jodatime.RandoopTest4.test127]

Time each test takes to run in the new order:
[76823277, 13466870, 6686673, 6119646, 5014462, 5137521, 5037101, 4621651, 7556935, 8630057, 6364683, 4923254, 4678541, 6207306, 7429951, 4141244, 2914721, 3039644, 3791049, 3649703, 3391372, 7594296, 3979773, 4674649, 2702243, 2921223, 3217457, 2681699, 2588735, 2743152, 2560687, 3661904, 3227283, 2151014, 7247927, 2005451, 2541802, 5696472, 2842836, 2526547, 2352203, 3062744, 4540050, 3006786, 2531144, 2767520, 2777755, 2684390, 3376381, 2511874, 11358908, 2496623, 2422627, 2554523, 3195316, 4381422, 2633119, 4396498, 3281457, 2588947, 2435177, 3060611, 2856258, 2882433, 2445259, 3145150, 2384576, 2486116, 2424961, 2532303, 2019881, 2202816, 2318337, 2357358, 2186294, 2097340, 3468461, 2239676, 1991856, 5310575, 2006118, 1828991, 1684913, 2011931, 1682841, 1709405, 1981860, 1728238, 1846039, 1810624, 2072607, 1738607, 1718131, 1646001, 1895638, 1853821, 1699898, 1795057, 1614471, 2057167, 1876451, 2082755, 2878445, 2793949, 3175031, 2892072, 2393047, 2524732, 2958406, 2859464, 2769579, 3145674, 3135546, 2601039, 3149327, 3128719, 3360079, 2760545, 3334139, 2849156, 2005961, 2594001, 2639064, 2541340, 2100913, 4308983, 1682170, 2107953, 1864870, 1927990, 1642271, 1640936, 1641487, 1633553, 2826727, 1860632, 3629431, 1731523, 1834380, 1703906, 1888173, 1867765, 1907452, 1804691, 1723225, 1828533, 1676419, 1599942, 1632789, 1772935, 1667126, 1727258, 1694778, 1733332, 1895909, 1862499, 1820397, 1646487, 1767509]

Dependent test list:
[Test: randoop.jodatime.RandoopTest0.test196, Intended behavior: FAILURE, when executed after: [randoop.jodatime.RandoopTest0.test192], The revealed different behavior: PASS, when executed after: [], Test: randoop.jodatime.RandoopTest0.test192, Intended behavior: FAILURE, when executed after: [randoop.jodatime.RandoopTest0.test165], The revealed different behavior: PASS, when executed after: [], Test: randoop.jodatime.RandoopTest0.test165, Intended behavior: FAILURE, when executed after: [randoop.jodatime.RandoopTest0.test135], The revealed different behavior: PASS, when executed after: [], Test: randoop.jodatime.RandoopTest0.test360, Intended behavior: FAILURE, when executed after: [randoop.jodatime.RandoopTest0.test338], The revealed different behavior: PASS, when executed after: [], Test: randoop.jodatime.RandoopTest0.test338, Intended behavior: FAILURE, when executed after: [randoop.jodatime.RandoopTest0.test325], The revealed different behavior: PASS, when executed after: [], Test: randoop.jodatime.RandoopTest0.test325, Intended behavior: FAILURE, when executed after: [randoop.jodatime.RandoopTest0.test196], The revealed different behavior: PASS, when executed after: [], Test: randoop.jodatime.RandoopTest1.test235, Intended behavior: FAILURE, when executed after: [randoop.jodatime.RandoopTest1.test181], The revealed different behavior: PASS, when executed after: [], Test: randoop.jodatime.RandoopTest1.test181, Intended behavior: FAILURE, when executed after: [randoop.jodatime.RandoopTest0.test498], The revealed different behavior: PASS, when executed after: [], Test: randoop.jodatime.RandoopTest2.test36, Intended behavior: FAILURE, when executed after: [randoop.jodatime.RandoopTest2.test21], The revealed different behavior: PASS, when executed after: [], Test: randoop.jodatime.RandoopTest2.test77, Intended behavior: FAILURE, when executed after: [randoop.jodatime.RandoopTest1.test467], The revealed different behavior: PASS, when executed after: [], Test: randoop.jodatime.RandoopTest2.test21, Intended behavior: FAILURE, when executed after: [randoop.jodatime.RandoopTest1.test235], The revealed different behavior: PASS, when executed after: [], Test: randoop.jodatime.RandoopTest2.test254, Intended behavior: FAILURE, when executed after: [randoop.jodatime.RandoopTest2.test212], The revealed different behavior: PASS, when executed after: [], Test: randoop.jodatime.RandoopTest2.test243, Intended behavior: FAILURE, when executed after: [randoop.jodatime.RandoopTest2.test36], The revealed different behavior: PASS, when executed after: [], Test: randoop.jodatime.RandoopTest2.test490, Intended behavior: FAILURE, when executed after: [randoop.jodatime.RandoopTest2.test487], The revealed different behavior: PASS, when executed after: [], Test: randoop.jodatime.RandoopTest2.test487, Intended behavior: FAILURE, when executed after: [randoop.jodatime.RandoopTest2.test356], The revealed different behavior: PASS, when executed after: [], Test: randoop.jodatime.RandoopTest2.test356, Intended behavior: FAILURE, when executed after: [randoop.jodatime.RandoopTest2.test243], The revealed different behavior: PASS, when executed after: [], Test: randoop.jodatime.RandoopTest2.test474, Intended behavior: FAILURE, when executed after: [randoop.jodatime.RandoopTest2.test376], The revealed different behavior: PASS, when executed after: [], Test: randoop.jodatime.RandoopTest2.test493, Intended behavior: FAILURE, when executed after: [randoop.jodatime.RandoopTest2.test490], The revealed different behavior: PASS, when executed after: [], Test: randoop.jodatime.RandoopTest3.test195, Intended behavior: FAILURE, when executed after: [randoop.jodatime.RandoopTest3.test193], The revealed different behavior: PASS, when executed after: [], Test: randoop.jodatime.RandoopTest3.test193, Intended behavior: FAILURE, when executed after: [randoop.jodatime.RandoopTest3.test189], The revealed different behavior: PASS, when executed after: [], Test: randoop.jodatime.RandoopTest3.test189, Intended behavior: FAILURE, when executed after: [randoop.jodatime.RandoopTest3.test185], The revealed different behavior: PASS, when executed after: [], Test: randoop.jodatime.RandoopTest3.test185, Intended behavior: FAILURE, when executed after: [randoop.jodatime.RandoopTest3.test161], The revealed different behavior: PASS, when executed after: [], Test: randoop.jodatime.RandoopTest3.test161, Intended behavior: FAILURE, when executed after: [randoop.jodatime.RandoopTest2.test493], The revealed different behavior: PASS, when executed after: [], Test: randoop.jodatime.RandoopTest3.test389, Intended behavior: FAILURE, when executed after: [randoop.jodatime.RandoopTest3.test383], The revealed different behavior: PASS, when executed after: [], Test: randoop.jodatime.RandoopTest3.test383, Intended behavior: FAILURE, when executed after: [randoop.jodatime.RandoopTest3.test347], The revealed different behavior: PASS, when executed after: [], Test: randoop.jodatime.RandoopTest3.test347, Intended behavior: FAILURE, when executed after: [randoop.jodatime.RandoopTest3.test345], The revealed different behavior: PASS, when executed after: [], Test: randoop.jodatime.RandoopTest3.test345, Intended behavior: FAILURE, when executed after: [randoop.jodatime.RandoopTest3.test316], The revealed different behavior: PASS, when executed after: [], Test: randoop.jodatime.RandoopTest3.test316, Intended behavior: FAILURE, when executed after: [randoop.jodatime.RandoopTest3.test315], The revealed different behavior: PASS, when executed after: [], Test: randoop.jodatime.RandoopTest3.test315, Intended behavior: FAILURE, when executed after: [randoop.jodatime.RandoopTest3.test195], The revealed different behavior: PASS, when executed after: [], Test: randoop.jodatime.RandoopTest3.test496, Intended behavior: FAILURE, when executed after: [randoop.jodatime.RandoopTest3.test467], The revealed different behavior: PASS, when executed after: [], Test: randoop.jodatime.RandoopTest3.test467, Intended behavior: FAILURE, when executed after: [randoop.jodatime.RandoopTest3.test389], The revealed different behavior: PASS, when executed after: [], Test: randoop.jodatime.RandoopTest4.test259, Intended behavior: FAILURE, when executed after: [randoop.jodatime.RandoopTest4.test221], The revealed different behavior: PASS, when executed after: [], Test: randoop.jodatime.RandoopTest4.test221, Intended behavior: FAILURE, when executed after: [randoop.jodatime.RandoopTest4.test13], The revealed different behavior: PASS, when executed after: [], Test: randoop.jodatime.RandoopTest4.test401, Intended behavior: FAILURE, when executed after: [randoop.jodatime.RandoopTest4.test259], The revealed different behavior: PASS, when executed after: [], Test: randoop.jodatime.RandoopTest4.test434, Intended behavior: FAILURE, when executed after: [randoop.jodatime.RandoopTest4.test401], The revealed different behavior: PASS, when executed after: [], Test: randoop.jodatime.RandoopTest4.test13, Intended behavior: FAILURE, when executed after: [randoop.jodatime.RandoopTest3.test496], The revealed different behavior: PASS, when executed after: [], Test: randoop.jodatime.RandoopTest2.test212, Intended behavior: FAILURE, when executed after: [randoop.jodatime.RandoopTest2.test77], The revealed different behavior: PASS, when executed after: [], Test: randoop.jodatime.RandoopTest2.test376, Intended behavior: FAILURE, when executed after: [randoop.jodatime.RandoopTest2.test254], The revealed different behavior: PASS, when executed after: []]
--------------------------
Execution time of TLG and its time to find/nullify any DTs for 1 machine (does not include the time to run the tests in the new order): 0.908
Number of tests selected out of total in original order: 162 / 2211
Number of DTs not fixed: 0
Number of DTs fixed: 0
Execution time for executing the following testing order: 0.717

Test order list:
[randoop.jodatime.RandoopTest4.test128, randoop.jodatime.RandoopTest4.test129, randoop.jodatime.RandoopTest4.test130, randoop.jodatime.RandoopTest4.test131, randoop.jodatime.RandoopTest4.test132, randoop.jodatime.RandoopTest4.test134, randoop.jodatime.RandoopTest4.test135, randoop.jodatime.RandoopTest4.test136, randoop.jodatime.RandoopTest4.test137, randoop.jodatime.RandoopTest4.test138, randoop.jodatime.RandoopTest4.test139, randoop.jodatime.RandoopTest4.test140, randoop.jodatime.RandoopTest4.test141, randoop.jodatime.RandoopTest4.test142, randoop.jodatime.RandoopTest4.test143, randoop.jodatime.RandoopTest4.test145, randoop.jodatime.RandoopTest4.test147, randoop.jodatime.RandoopTest4.test149, randoop.jodatime.RandoopTest4.test150, randoop.jodatime.RandoopTest4.test153, randoop.jodatime.RandoopTest4.test154, randoop.jodatime.RandoopTest4.test158, randoop.jodatime.RandoopTest4.test159, randoop.jodatime.RandoopTest4.test160, randoop.jodatime.RandoopTest4.test161, randoop.jodatime.RandoopTest4.test162, randoop.jodatime.RandoopTest4.test163, randoop.jodatime.RandoopTest4.test164, randoop.jodatime.RandoopTest4.test165, randoop.jodatime.RandoopTest4.test166, randoop.jodatime.RandoopTest4.test167, randoop.jodatime.RandoopTest4.test168, randoop.jodatime.RandoopTest4.test169, randoop.jodatime.RandoopTest4.test170, randoop.jodatime.RandoopTest4.test171, randoop.jodatime.RandoopTest4.test172, randoop.jodatime.RandoopTest4.test173, randoop.jodatime.RandoopTest4.test174, randoop.jodatime.RandoopTest4.test176, randoop.jodatime.RandoopTest4.test179, randoop.jodatime.RandoopTest4.test180, randoop.jodatime.RandoopTest4.test181, randoop.jodatime.RandoopTest4.test182, randoop.jodatime.RandoopTest4.test183, randoop.jodatime.RandoopTest4.test184, randoop.jodatime.RandoopTest4.test185, randoop.jodatime.RandoopTest4.test186, randoop.jodatime.RandoopTest4.test188, randoop.jodatime.RandoopTest4.test189, randoop.jodatime.RandoopTest4.test190, randoop.jodatime.RandoopTest4.test191, randoop.jodatime.RandoopTest4.test192, randoop.jodatime.RandoopTest4.test193, randoop.jodatime.RandoopTest4.test197, randoop.jodatime.RandoopTest4.test198, randoop.jodatime.RandoopTest4.test199, randoop.jodatime.RandoopTest4.test200, randoop.jodatime.RandoopTest4.test201, randoop.jodatime.RandoopTest4.test203, randoop.jodatime.RandoopTest4.test205, randoop.jodatime.RandoopTest4.test206, randoop.jodatime.RandoopTest4.test209, randoop.jodatime.RandoopTest4.test210, randoop.jodatime.RandoopTest4.test211, randoop.jodatime.RandoopTest4.test212, randoop.jodatime.RandoopTest4.test213, randoop.jodatime.RandoopTest4.test216, randoop.jodatime.RandoopTest4.test218, randoop.jodatime.RandoopTest4.test219, randoop.jodatime.RandoopTest4.test220, randoop.jodatime.RandoopTest0.test498, randoop.jodatime.RandoopTest1.test181, randoop.jodatime.RandoopTest1.test235, randoop.jodatime.RandoopTest2.test21, randoop.jodatime.RandoopTest2.test36, randoop.jodatime.RandoopTest2.test243, randoop.jodatime.RandoopTest2.test356, randoop.jodatime.RandoopTest2.test487, randoop.jodatime.RandoopTest2.test490, randoop.jodatime.RandoopTest2.test493, randoop.jodatime.RandoopTest3.test161, randoop.jodatime.RandoopTest3.test185, randoop.jodatime.RandoopTest3.test189, randoop.jodatime.RandoopTest3.test193, randoop.jodatime.RandoopTest3.test195, randoop.jodatime.RandoopTest3.test315, randoop.jodatime.RandoopTest3.test316, randoop.jodatime.RandoopTest3.test345, randoop.jodatime.RandoopTest3.test347, randoop.jodatime.RandoopTest3.test383, randoop.jodatime.RandoopTest3.test389, randoop.jodatime.RandoopTest3.test467, randoop.jodatime.RandoopTest3.test496, randoop.jodatime.RandoopTest4.test13, randoop.jodatime.RandoopTest4.test221, randoop.jodatime.RandoopTest4.test222, randoop.jodatime.RandoopTest4.test223, randoop.jodatime.RandoopTest4.test226, randoop.jodatime.RandoopTest4.test227, randoop.jodatime.RandoopTest4.test229, randoop.jodatime.RandoopTest4.test230, randoop.jodatime.RandoopTest4.test233, randoop.jodatime.RandoopTest4.test234, randoop.jodatime.RandoopTest4.test235, randoop.jodatime.RandoopTest4.test236, randoop.jodatime.RandoopTest4.test237, randoop.jodatime.RandoopTest4.test238, randoop.jodatime.RandoopTest4.test239, randoop.jodatime.RandoopTest4.test240, randoop.jodatime.RandoopTest4.test241, randoop.jodatime.RandoopTest4.test242, randoop.jodatime.RandoopTest4.test243, randoop.jodatime.RandoopTest4.test244, randoop.jodatime.RandoopTest4.test245, randoop.jodatime.RandoopTest4.test247, randoop.jodatime.RandoopTest4.test248, randoop.jodatime.RandoopTest4.test249, randoop.jodatime.RandoopTest4.test250, randoop.jodatime.RandoopTest4.test251, randoop.jodatime.RandoopTest4.test252, randoop.jodatime.RandoopTest4.test253, randoop.jodatime.RandoopTest4.test254, randoop.jodatime.RandoopTest4.test255, randoop.jodatime.RandoopTest4.test256, randoop.jodatime.RandoopTest4.test257, randoop.jodatime.RandoopTest4.test258, randoop.jodatime.RandoopTest4.test259, randoop.jodatime.RandoopTest4.test261, randoop.jodatime.RandoopTest4.test262, randoop.jodatime.RandoopTest4.test263, randoop.jodatime.RandoopTest4.test266, randoop.jodatime.RandoopTest4.test268, randoop.jodatime.RandoopTest4.test269, randoop.jodatime.RandoopTest4.test271, randoop.jodatime.RandoopTest4.test272, randoop.jodatime.RandoopTest4.test273, randoop.jodatime.RandoopTest4.test274, randoop.jodatime.RandoopTest4.test277, randoop.jodatime.RandoopTest4.test278, randoop.jodatime.RandoopTest4.test279, randoop.jodatime.RandoopTest4.test280, randoop.jodatime.RandoopTest4.test281, randoop.jodatime.RandoopTest4.test284, randoop.jodatime.RandoopTest4.test285, randoop.jodatime.RandoopTest4.test286, randoop.jodatime.RandoopTest4.test287, randoop.jodatime.RandoopTest4.test288, randoop.jodatime.RandoopTest4.test289, randoop.jodatime.RandoopTest4.test291, randoop.jodatime.RandoopTest4.test292, randoop.jodatime.RandoopTest4.test294, randoop.jodatime.RandoopTest4.test295, randoop.jodatime.RandoopTest4.test296, randoop.jodatime.RandoopTest4.test299, randoop.jodatime.RandoopTest4.test301, randoop.jodatime.RandoopTest4.test302, randoop.jodatime.RandoopTest4.test303, randoop.jodatime.RandoopTest4.test304, randoop.jodatime.RandoopTest4.test305, randoop.jodatime.RandoopTest4.test306, randoop.jodatime.RandoopTest4.test307, randoop.jodatime.RandoopTest4.test309]

Time each test takes to run in the new order:
[82456150, 13493917, 5612507, 7346337, 5140671, 4802191, 5828790, 5713108, 6889602, 6042688, 10383446, 4775972, 6273326, 4304770, 5998095, 4650271, 34548633, 3386202, 2823922, 2872905, 3413320, 2881168, 2849546, 3922511, 2871607, 107664308, 3541591, 4794734, 3417410, 2785781, 4119789, 2778597, 3334218, 2856055, 2846770, 3050547, 2991588, 2751901, 6942677, 3081181, 3006925, 4758340, 3247820, 2955066, 2945258, 3403679, 3079997, 2933353, 3399981, 2977214, 3111972, 2354787, 2643023, 2382714, 2820681, 2634948, 2322352, 2829517, 2510147, 3040070, 2368947, 2922153, 4092071, 3239604, 3577560, 3220993, 3681491, 3454402, 3921963, 3017530, 6028450, 5355975, 4010523, 5224820, 3438627, 3818626, 3922364, 4164875, 3538540, 3940976, 4072812, 2712428, 2515158, 2719859, 2483216, 2516531, 2444848, 2513426, 2673131, 2716765, 2470143, 2815991, 2579308, 2642459, 2536457, 2672076, 2930369, 2907596, 6608366, 2519168, 2570864, 2253258, 2152768, 2429282, 1899340, 2458899, 2086253, 1875090, 2022114, 1862413, 1787333, 2218375, 1985551, 1897916, 1965373, 1920884, 2284947, 1933476, 2090070, 1884924, 2029936, 1898169, 12785563, 1836725, 2056110, 1594508, 1766384, 1970453, 1669060, 1651074, 1751300, 1574808, 1660386, 1584999, 1958230, 1897632, 1887422, 1602583, 1598211, 1829956, 1801278, 2595275, 1677226, 1649917, 1571345, 1550596, 1649941, 1634396, 1943980, 1678585, 1734627, 1754259, 1845690, 1563482, 1708230, 1810847, 1709550, 1589761, 1746084, 1866148, 1741921, 1582057]

Dependent test list:
[Test: randoop.jodatime.RandoopTest0.test196, Intended behavior: FAILURE, when executed after: [randoop.jodatime.RandoopTest0.test192], The revealed different behavior: PASS, when executed after: [], Test: randoop.jodatime.RandoopTest0.test192, Intended behavior: FAILURE, when executed after: [randoop.jodatime.RandoopTest0.test165], The revealed different behavior: PASS, when executed after: [], Test: randoop.jodatime.RandoopTest0.test165, Intended behavior: FAILURE, when executed after: [randoop.jodatime.RandoopTest0.test135], The revealed different behavior: PASS, when executed after: [], Test: randoop.jodatime.RandoopTest0.test360, Intended behavior: FAILURE, when executed after: [randoop.jodatime.RandoopTest0.test338], The revealed different behavior: PASS, when executed after: [], Test: randoop.jodatime.RandoopTest0.test338, Intended behavior: FAILURE, when executed after: [randoop.jodatime.RandoopTest0.test325], The revealed different behavior: PASS, when executed after: [], Test: randoop.jodatime.RandoopTest0.test325, Intended behavior: FAILURE, when executed after: [randoop.jodatime.RandoopTest0.test196], The revealed different behavior: PASS, when executed after: [], Test: randoop.jodatime.RandoopTest1.test235, Intended behavior: FAILURE, when executed after: [randoop.jodatime.RandoopTest1.test181], The revealed different behavior: PASS, when executed after: [], Test: randoop.jodatime.RandoopTest1.test181, Intended behavior: FAILURE, when executed after: [randoop.jodatime.RandoopTest0.test498], The revealed different behavior: PASS, when executed after: [], Test: randoop.jodatime.RandoopTest2.test36, Intended behavior: FAILURE, when executed after: [randoop.jodatime.RandoopTest2.test21], The revealed different behavior: PASS, when executed after: [], Test: randoop.jodatime.RandoopTest2.test77, Intended behavior: FAILURE, when executed after: [randoop.jodatime.RandoopTest1.test467], The revealed different behavior: PASS, when executed after: [], Test: randoop.jodatime.RandoopTest2.test21, Intended behavior: FAILURE, when executed after: [randoop.jodatime.RandoopTest1.test235], The revealed different behavior: PASS, when executed after: [], Test: randoop.jodatime.RandoopTest2.test254, Intended behavior: FAILURE, when executed after: [randoop.jodatime.RandoopTest2.test212], The revealed different behavior: PASS, when executed after: [], Test: randoop.jodatime.RandoopTest2.test243, Intended behavior: FAILURE, when executed after: [randoop.jodatime.RandoopTest2.test36], The revealed different behavior: PASS, when executed after: [], Test: randoop.jodatime.RandoopTest2.test490, Intended behavior: FAILURE, when executed after: [randoop.jodatime.RandoopTest2.test487], The revealed different behavior: PASS, when executed after: [], Test: randoop.jodatime.RandoopTest2.test487, Intended behavior: FAILURE, when executed after: [randoop.jodatime.RandoopTest2.test356], The revealed different behavior: PASS, when executed after: [], Test: randoop.jodatime.RandoopTest2.test356, Intended behavior: FAILURE, when executed after: [randoop.jodatime.RandoopTest2.test243], The revealed different behavior: PASS, when executed after: [], Test: randoop.jodatime.RandoopTest2.test474, Intended behavior: FAILURE, when executed after: [randoop.jodatime.RandoopTest2.test376], The revealed different behavior: PASS, when executed after: [], Test: randoop.jodatime.RandoopTest2.test493, Intended behavior: FAILURE, when executed after: [randoop.jodatime.RandoopTest2.test490], The revealed different behavior: PASS, when executed after: [], Test: randoop.jodatime.RandoopTest3.test195, Intended behavior: FAILURE, when executed after: [randoop.jodatime.RandoopTest3.test193], The revealed different behavior: PASS, when executed after: [], Test: randoop.jodatime.RandoopTest3.test193, Intended behavior: FAILURE, when executed after: [randoop.jodatime.RandoopTest3.test189], The revealed different behavior: PASS, when executed after: [], Test: randoop.jodatime.RandoopTest3.test189, Intended behavior: FAILURE, when executed after: [randoop.jodatime.RandoopTest3.test185], The revealed different behavior: PASS, when executed after: [], Test: randoop.jodatime.RandoopTest3.test185, Intended behavior: FAILURE, when executed after: [randoop.jodatime.RandoopTest3.test161], The revealed different behavior: PASS, when executed after: [], Test: randoop.jodatime.RandoopTest3.test161, Intended behavior: FAILURE, when executed after: [randoop.jodatime.RandoopTest2.test493], The revealed different behavior: PASS, when executed after: [], Test: randoop.jodatime.RandoopTest3.test389, Intended behavior: FAILURE, when executed after: [randoop.jodatime.RandoopTest3.test383], The revealed different behavior: PASS, when executed after: [], Test: randoop.jodatime.RandoopTest3.test383, Intended behavior: FAILURE, when executed after: [randoop.jodatime.RandoopTest3.test347], The revealed different behavior: PASS, when executed after: [], Test: randoop.jodatime.RandoopTest3.test347, Intended behavior: FAILURE, when executed after: [randoop.jodatime.RandoopTest3.test345], The revealed different behavior: PASS, when executed after: [], Test: randoop.jodatime.RandoopTest3.test345, Intended behavior: FAILURE, when executed after: [randoop.jodatime.RandoopTest3.test316], The revealed different behavior: PASS, when executed after: [], Test: randoop.jodatime.RandoopTest3.test316, Intended behavior: FAILURE, when executed after: [randoop.jodatime.RandoopTest3.test315], The revealed different behavior: PASS, when executed after: [], Test: randoop.jodatime.RandoopTest3.test315, Intended behavior: FAILURE, when executed after: [randoop.jodatime.RandoopTest3.test195], The revealed different behavior: PASS, when executed after: [], Test: randoop.jodatime.RandoopTest3.test496, Intended behavior: FAILURE, when executed after: [randoop.jodatime.RandoopTest3.test467], The revealed different behavior: PASS, when executed after: [], Test: randoop.jodatime.RandoopTest3.test467, Intended behavior: FAILURE, when executed after: [randoop.jodatime.RandoopTest3.test389], The revealed different behavior: PASS, when executed after: [], Test: randoop.jodatime.RandoopTest4.test259, Intended behavior: FAILURE, when executed after: [randoop.jodatime.RandoopTest4.test221], The revealed different behavior: PASS, when executed after: [], Test: randoop.jodatime.RandoopTest4.test221, Intended behavior: FAILURE, when executed after: [randoop.jodatime.RandoopTest4.test13], The revealed different behavior: PASS, when executed after: [], Test: randoop.jodatime.RandoopTest4.test401, Intended behavior: FAILURE, when executed after: [randoop.jodatime.RandoopTest4.test259], The revealed different behavior: PASS, when executed after: [], Test: randoop.jodatime.RandoopTest4.test434, Intended behavior: FAILURE, when executed after: [randoop.jodatime.RandoopTest4.test401], The revealed different behavior: PASS, when executed after: [], Test: randoop.jodatime.RandoopTest4.test13, Intended behavior: FAILURE, when executed after: [randoop.jodatime.RandoopTest3.test496], The revealed different behavior: PASS, when executed after: [], Test: randoop.jodatime.RandoopTest2.test212, Intended behavior: FAILURE, when executed after: [randoop.jodatime.RandoopTest2.test77], The revealed different behavior: PASS, when executed after: [], Test: randoop.jodatime.RandoopTest2.test376, Intended behavior: FAILURE, when executed after: [randoop.jodatime.RandoopTest2.test254], The revealed different behavior: PASS, when executed after: []]
--------------------------
Execution time of TLG and its time to find/nullify any DTs for 1 machine (does not include the time to run the tests in the new order): 1.328
Number of tests selected out of total in original order: 164 / 2211
Number of DTs not fixed: 0
Number of DTs fixed: 0
Execution time for executing the following testing order: 1.249

Test order list:
[randoop.jodatime.RandoopTest4.test310, randoop.jodatime.RandoopTest4.test311, randoop.jodatime.RandoopTest4.test312, randoop.jodatime.RandoopTest4.test313, randoop.jodatime.RandoopTest4.test314, randoop.jodatime.RandoopTest4.test315, randoop.jodatime.RandoopTest4.test317, randoop.jodatime.RandoopTest4.test318, randoop.jodatime.RandoopTest4.test320, randoop.jodatime.RandoopTest4.test321, randoop.jodatime.RandoopTest4.test322, randoop.jodatime.RandoopTest4.test323, randoop.jodatime.RandoopTest4.test324, randoop.jodatime.RandoopTest4.test325, randoop.jodatime.RandoopTest4.test326, randoop.jodatime.RandoopTest4.test328, randoop.jodatime.RandoopTest4.test330, randoop.jodatime.RandoopTest4.test331, randoop.jodatime.RandoopTest4.test332, randoop.jodatime.RandoopTest4.test334, randoop.jodatime.RandoopTest4.test335, randoop.jodatime.RandoopTest4.test337, randoop.jodatime.RandoopTest4.test338, randoop.jodatime.RandoopTest4.test339, randoop.jodatime.RandoopTest4.test340, randoop.jodatime.RandoopTest4.test341, randoop.jodatime.RandoopTest4.test342, randoop.jodatime.RandoopTest4.test343, randoop.jodatime.RandoopTest4.test345, randoop.jodatime.RandoopTest4.test346, randoop.jodatime.RandoopTest4.test347, randoop.jodatime.RandoopTest4.test348, randoop.jodatime.RandoopTest4.test349, randoop.jodatime.RandoopTest4.test351, randoop.jodatime.RandoopTest4.test352, randoop.jodatime.RandoopTest4.test353, randoop.jodatime.RandoopTest4.test354, randoop.jodatime.RandoopTest4.test355, randoop.jodatime.RandoopTest4.test356, randoop.jodatime.RandoopTest4.test357, randoop.jodatime.RandoopTest4.test358, randoop.jodatime.RandoopTest4.test359, randoop.jodatime.RandoopTest4.test361, randoop.jodatime.RandoopTest4.test362, randoop.jodatime.RandoopTest4.test363, randoop.jodatime.RandoopTest4.test364, randoop.jodatime.RandoopTest4.test365, randoop.jodatime.RandoopTest4.test366, randoop.jodatime.RandoopTest4.test367, randoop.jodatime.RandoopTest4.test370, randoop.jodatime.RandoopTest4.test371, randoop.jodatime.RandoopTest4.test372, randoop.jodatime.RandoopTest4.test373, randoop.jodatime.RandoopTest4.test374, randoop.jodatime.RandoopTest4.test375, randoop.jodatime.RandoopTest4.test376, randoop.jodatime.RandoopTest4.test378, randoop.jodatime.RandoopTest4.test379, randoop.jodatime.RandoopTest4.test380, randoop.jodatime.RandoopTest4.test382, randoop.jodatime.RandoopTest4.test384, randoop.jodatime.RandoopTest4.test385, randoop.jodatime.RandoopTest4.test386, randoop.jodatime.RandoopTest4.test388, randoop.jodatime.RandoopTest4.test389, randoop.jodatime.RandoopTest4.test390, randoop.jodatime.RandoopTest4.test391, randoop.jodatime.RandoopTest4.test392, randoop.jodatime.RandoopTest4.test394, randoop.jodatime.RandoopTest4.test395, randoop.jodatime.RandoopTest4.test396, randoop.jodatime.RandoopTest4.test397, randoop.jodatime.RandoopTest4.test398, randoop.jodatime.RandoopTest4.test399, randoop.jodatime.RandoopTest0.test498, randoop.jodatime.RandoopTest1.test181, randoop.jodatime.RandoopTest1.test235, randoop.jodatime.RandoopTest2.test21, randoop.jodatime.RandoopTest2.test36, randoop.jodatime.RandoopTest2.test243, randoop.jodatime.RandoopTest2.test356, randoop.jodatime.RandoopTest2.test487, randoop.jodatime.RandoopTest2.test490, randoop.jodatime.RandoopTest2.test493, randoop.jodatime.RandoopTest3.test161, randoop.jodatime.RandoopTest3.test185, randoop.jodatime.RandoopTest3.test189, randoop.jodatime.RandoopTest3.test193, randoop.jodatime.RandoopTest3.test195, randoop.jodatime.RandoopTest3.test315, randoop.jodatime.RandoopTest3.test316, randoop.jodatime.RandoopTest3.test345, randoop.jodatime.RandoopTest3.test347, randoop.jodatime.RandoopTest3.test383, randoop.jodatime.RandoopTest3.test389, randoop.jodatime.RandoopTest3.test467, randoop.jodatime.RandoopTest3.test496, randoop.jodatime.RandoopTest4.test13, randoop.jodatime.RandoopTest4.test221, randoop.jodatime.RandoopTest4.test259, randoop.jodatime.RandoopTest4.test401, randoop.jodatime.RandoopTest4.test403, randoop.jodatime.RandoopTest4.test404, randoop.jodatime.RandoopTest4.test405, randoop.jodatime.RandoopTest4.test406, randoop.jodatime.RandoopTest4.test407, randoop.jodatime.RandoopTest4.test408, randoop.jodatime.RandoopTest4.test409, randoop.jodatime.RandoopTest4.test413, randoop.jodatime.RandoopTest4.test414, randoop.jodatime.RandoopTest4.test415, randoop.jodatime.RandoopTest4.test416, randoop.jodatime.RandoopTest4.test418, randoop.jodatime.RandoopTest4.test419, randoop.jodatime.RandoopTest4.test420, randoop.jodatime.RandoopTest4.test421, randoop.jodatime.RandoopTest4.test422, randoop.jodatime.RandoopTest4.test423, randoop.jodatime.RandoopTest4.test424, randoop.jodatime.RandoopTest4.test426, randoop.jodatime.RandoopTest4.test428, randoop.jodatime.RandoopTest4.test429, randoop.jodatime.RandoopTest4.test430, randoop.jodatime.RandoopTest4.test431, randoop.jodatime.RandoopTest4.test432, randoop.jodatime.RandoopTest4.test433, randoop.jodatime.RandoopTest4.test434, randoop.jodatime.RandoopTest4.test435, randoop.jodatime.RandoopTest4.test436, randoop.jodatime.RandoopTest4.test437, randoop.jodatime.RandoopTest4.test439, randoop.jodatime.RandoopTest4.test440, randoop.jodatime.RandoopTest4.test441, randoop.jodatime.RandoopTest4.test442, randoop.jodatime.RandoopTest4.test443, randoop.jodatime.RandoopTest4.test444, randoop.jodatime.RandoopTest4.test445, randoop.jodatime.RandoopTest4.test446, randoop.jodatime.RandoopTest4.test447, randoop.jodatime.RandoopTest4.test448, randoop.jodatime.RandoopTest4.test449, randoop.jodatime.RandoopTest4.test450, randoop.jodatime.RandoopTest4.test451, randoop.jodatime.RandoopTest4.test452, randoop.jodatime.RandoopTest4.test453, randoop.jodatime.RandoopTest4.test454, randoop.jodatime.RandoopTest4.test455, randoop.jodatime.RandoopTest4.test456, randoop.jodatime.RandoopTest4.test457, randoop.jodatime.RandoopTest4.test458, randoop.jodatime.RandoopTest4.test459, randoop.jodatime.RandoopTest4.test460, randoop.jodatime.RandoopTest4.test463, randoop.jodatime.RandoopTest4.test464, randoop.jodatime.RandoopTest4.test465, randoop.jodatime.RandoopTest4.test466, randoop.jodatime.RandoopTest4.test467, randoop.jodatime.RandoopTest4.test468, randoop.jodatime.RandoopTest4.test470, randoop.jodatime.RandoopTest4.test471, randoop.jodatime.RandoopTest4.test472, randoop.jodatime.RandoopTest4.test473, randoop.jodatime.RandoopTest4.test474, randoop.jodatime.RandoopTest4.test475]

Time each test takes to run in the new order:
[73553815, 11224741, 12266384, 10672143, 6857118, 11579155, 7356706, 6423264, 11493087, 5187468, 6487202, 5059905, 5448121, 5800699, 4141958, 5416061, 8295524, 4193062, 3363686, 3361954, 4349482, 3610180, 3391560, 3961062, 3849000, 14845191, 3969689, 3866098, 3273916, 4007165, 3311792, 4138798, 3511987, 3364087, 4065498, 4619079, 4025124, 9158306, 6204050, 5538323, 7024622, 5936957, 6104297, 5617198, 6724267, 6280776, 5728293, 5709742, 6752649, 5898826, 6264812, 6338092, 6012337, 6864866, 6350423, 5808567, 5980806, 5702005, 5486651, 7387010, 5623043, 5358015, 5059011, 4517691, 4656685, 5201365, 4830480, 4709491, 4912883, 4890509, 4593324, 4908595, 4334707, 4555840, 7340516, 3478753, 1872137, 3313625, 2045160, 4956964, 1969061, 2129170, 1965334, 1972285, 3178633, 1863716, 1847220, 2060180, 1870660, 2014591, 1794337, 1859793, 2013619, 2087780, 2007354, 2060696, 2003499, 1986309, 1888100, 1890114, 2818931, 2219982, 2419486, 3961775, 2095183, 2221176, 2446619, 3104124, 2797968, 2139788, 2728375, 4538176, 2730681, 2391797, 3543965, 2664049, 2153387, 50433119, 2747107, 500955134, 2616870, 2413956, 2726542, 6168575, 2018003, 1943996, 1881173, 1752338, 1793848, 1796743, 3564283, 1666660, 1673152, 1782930, 1772288, 1678290, 1799038, 1664107, 1775397, 1851412, 1782974, 1649489, 1963559, 1764238, 1593741, 1636194, 2072973, 2609791, 1734027, 1692791, 1856098, 1842735, 1637198, 1897429, 1788320, 1821072, 1743818, 1751777, 1854827, 1824666, 1582870, 1581337, 1847801, 1636731]

Dependent test list:
[Test: randoop.jodatime.RandoopTest0.test196, Intended behavior: FAILURE, when executed after: [randoop.jodatime.RandoopTest0.test192], The revealed different behavior: PASS, when executed after: [], Test: randoop.jodatime.RandoopTest0.test192, Intended behavior: FAILURE, when executed after: [randoop.jodatime.RandoopTest0.test165], The revealed different behavior: PASS, when executed after: [], Test: randoop.jodatime.RandoopTest0.test165, Intended behavior: FAILURE, when executed after: [randoop.jodatime.RandoopTest0.test135], The revealed different behavior: PASS, when executed after: [], Test: randoop.jodatime.RandoopTest0.test360, Intended behavior: FAILURE, when executed after: [randoop.jodatime.RandoopTest0.test338], The revealed different behavior: PASS, when executed after: [], Test: randoop.jodatime.RandoopTest0.test338, Intended behavior: FAILURE, when executed after: [randoop.jodatime.RandoopTest0.test325], The revealed different behavior: PASS, when executed after: [], Test: randoop.jodatime.RandoopTest0.test325, Intended behavior: FAILURE, when executed after: [randoop.jodatime.RandoopTest0.test196], The revealed different behavior: PASS, when executed after: [], Test: randoop.jodatime.RandoopTest1.test235, Intended behavior: FAILURE, when executed after: [randoop.jodatime.RandoopTest1.test181], The revealed different behavior: PASS, when executed after: [], Test: randoop.jodatime.RandoopTest1.test181, Intended behavior: FAILURE, when executed after: [randoop.jodatime.RandoopTest0.test498], The revealed different behavior: PASS, when executed after: [], Test: randoop.jodatime.RandoopTest2.test36, Intended behavior: FAILURE, when executed after: [randoop.jodatime.RandoopTest2.test21], The revealed different behavior: PASS, when executed after: [], Test: randoop.jodatime.RandoopTest2.test77, Intended behavior: FAILURE, when executed after: [randoop.jodatime.RandoopTest1.test467], The revealed different behavior: PASS, when executed after: [], Test: randoop.jodatime.RandoopTest2.test21, Intended behavior: FAILURE, when executed after: [randoop.jodatime.RandoopTest1.test235], The revealed different behavior: PASS, when executed after: [], Test: randoop.jodatime.RandoopTest2.test254, Intended behavior: FAILURE, when executed after: [randoop.jodatime.RandoopTest2.test212], The revealed different behavior: PASS, when executed after: [], Test: randoop.jodatime.RandoopTest2.test243, Intended behavior: FAILURE, when executed after: [randoop.jodatime.RandoopTest2.test36], The revealed different behavior: PASS, when executed after: [], Test: randoop.jodatime.RandoopTest2.test490, Intended behavior: FAILURE, when executed after: [randoop.jodatime.RandoopTest2.test487], The revealed different behavior: PASS, when executed after: [], Test: randoop.jodatime.RandoopTest2.test487, Intended behavior: FAILURE, when executed after: [randoop.jodatime.RandoopTest2.test356], The revealed different behavior: PASS, when executed after: [], Test: randoop.jodatime.RandoopTest2.test356, Intended behavior: FAILURE, when executed after: [randoop.jodatime.RandoopTest2.test243], The revealed different behavior: PASS, when executed after: [], Test: randoop.jodatime.RandoopTest2.test474, Intended behavior: FAILURE, when executed after: [randoop.jodatime.RandoopTest2.test376], The revealed different behavior: PASS, when executed after: [], Test: randoop.jodatime.RandoopTest2.test493, Intended behavior: FAILURE, when executed after: [randoop.jodatime.RandoopTest2.test490], The revealed different behavior: PASS, when executed after: [], Test: randoop.jodatime.RandoopTest3.test195, Intended behavior: FAILURE, when executed after: [randoop.jodatime.RandoopTest3.test193], The revealed different behavior: PASS, when executed after: [], Test: randoop.jodatime.RandoopTest3.test193, Intended behavior: FAILURE, when executed after: [randoop.jodatime.RandoopTest3.test189], The revealed different behavior: PASS, when executed after: [], Test: randoop.jodatime.RandoopTest3.test189, Intended behavior: FAILURE, when executed after: [randoop.jodatime.RandoopTest3.test185], The revealed different behavior: PASS, when executed after: [], Test: randoop.jodatime.RandoopTest3.test185, Intended behavior: FAILURE, when executed after: [randoop.jodatime.RandoopTest3.test161], The revealed different behavior: PASS, when executed after: [], Test: randoop.jodatime.RandoopTest3.test161, Intended behavior: FAILURE, when executed after: [randoop.jodatime.RandoopTest2.test493], The revealed different behavior: PASS, when executed after: [], Test: randoop.jodatime.RandoopTest3.test389, Intended behavior: FAILURE, when executed after: [randoop.jodatime.RandoopTest3.test383], The revealed different behavior: PASS, when executed after: [], Test: randoop.jodatime.RandoopTest3.test383, Intended behavior: FAILURE, when executed after: [randoop.jodatime.RandoopTest3.test347], The revealed different behavior: PASS, when executed after: [], Test: randoop.jodatime.RandoopTest3.test347, Intended behavior: FAILURE, when executed after: [randoop.jodatime.RandoopTest3.test345], The revealed different behavior: PASS, when executed after: [], Test: randoop.jodatime.RandoopTest3.test345, Intended behavior: FAILURE, when executed after: [randoop.jodatime.RandoopTest3.test316], The revealed different behavior: PASS, when executed after: [], Test: randoop.jodatime.RandoopTest3.test316, Intended behavior: FAILURE, when executed after: [randoop.jodatime.RandoopTest3.test315], The revealed different behavior: PASS, when executed after: [], Test: randoop.jodatime.RandoopTest3.test315, Intended behavior: FAILURE, when executed after: [randoop.jodatime.RandoopTest3.test195], The revealed different behavior: PASS, when executed after: [], Test: randoop.jodatime.RandoopTest3.test496, Intended behavior: FAILURE, when executed after: [randoop.jodatime.RandoopTest3.test467], The revealed different behavior: PASS, when executed after: [], Test: randoop.jodatime.RandoopTest3.test467, Intended behavior: FAILURE, when executed after: [randoop.jodatime.RandoopTest3.test389], The revealed different behavior: PASS, when executed after: [], Test: randoop.jodatime.RandoopTest4.test259, Intended behavior: FAILURE, when executed after: [randoop.jodatime.RandoopTest4.test221], The revealed different behavior: PASS, when executed after: [], Test: randoop.jodatime.RandoopTest4.test221, Intended behavior: FAILURE, when executed after: [randoop.jodatime.RandoopTest4.test13], The revealed different behavior: PASS, when executed after: [], Test: randoop.jodatime.RandoopTest4.test401, Intended behavior: FAILURE, when executed after: [randoop.jodatime.RandoopTest4.test259], The revealed different behavior: PASS, when executed after: [], Test: randoop.jodatime.RandoopTest4.test434, Intended behavior: FAILURE, when executed after: [randoop.jodatime.RandoopTest4.test401], The revealed different behavior: PASS, when executed after: [], Test: randoop.jodatime.RandoopTest4.test13, Intended behavior: FAILURE, when executed after: [randoop.jodatime.RandoopTest3.test496], The revealed different behavior: PASS, when executed after: [], Test: randoop.jodatime.RandoopTest2.test212, Intended behavior: FAILURE, when executed after: [randoop.jodatime.RandoopTest2.test77], The revealed different behavior: PASS, when executed after: [], Test: randoop.jodatime.RandoopTest2.test376, Intended behavior: FAILURE, when executed after: [randoop.jodatime.RandoopTest2.test254], The revealed different behavior: PASS, when executed after: []]
--------------------------
Execution time of TLG and its time to find/nullify any DTs for 1 machine (does not include the time to run the tests in the new order): 0.440
Number of tests selected out of total in original order: 138 / 2211
Number of DTs not fixed: 0
Number of DTs fixed: 0
Execution time for executing the following testing order: 0.423

Test order list:
[randoop.jodatime.RandoopTest4.test476, randoop.jodatime.RandoopTest4.test477, randoop.jodatime.RandoopTest4.test478, randoop.jodatime.RandoopTest4.test479, randoop.jodatime.RandoopTest4.test480, randoop.jodatime.RandoopTest4.test481, randoop.jodatime.RandoopTest4.test482, randoop.jodatime.RandoopTest4.test483, randoop.jodatime.RandoopTest4.test484, randoop.jodatime.RandoopTest4.test487, randoop.jodatime.RandoopTest4.test489, randoop.jodatime.RandoopTest4.test490, randoop.jodatime.RandoopTest4.test491, randoop.jodatime.RandoopTest4.test493, randoop.jodatime.RandoopTest4.test494, randoop.jodatime.RandoopTest4.test495, randoop.jodatime.RandoopTest4.test496, randoop.jodatime.RandoopTest4.test497, randoop.jodatime.RandoopTest4.test498, randoop.jodatime.RandoopTest4.test499, randoop.jodatime.RandoopTest4.test500, randoop.jodatime.RandoopTest5.test1, randoop.jodatime.RandoopTest5.test2, randoop.jodatime.RandoopTest5.test3, randoop.jodatime.RandoopTest5.test4, randoop.jodatime.RandoopTest5.test5, randoop.jodatime.RandoopTest5.test6, randoop.jodatime.RandoopTest5.test8, randoop.jodatime.RandoopTest5.test9, randoop.jodatime.RandoopTest5.test10, randoop.jodatime.RandoopTest5.test11, randoop.jodatime.RandoopTest5.test12, randoop.jodatime.RandoopTest5.test13, randoop.jodatime.RandoopTest5.test14, randoop.jodatime.RandoopTest5.test16, randoop.jodatime.RandoopTest5.test17, randoop.jodatime.RandoopTest5.test18, randoop.jodatime.RandoopTest5.test19, randoop.jodatime.RandoopTest5.test21, randoop.jodatime.RandoopTest5.test23, randoop.jodatime.RandoopTest5.test24, randoop.jodatime.RandoopTest5.test25, randoop.jodatime.RandoopTest5.test26, randoop.jodatime.RandoopTest5.test27, randoop.jodatime.RandoopTest5.test28, randoop.jodatime.RandoopTest5.test30, randoop.jodatime.RandoopTest5.test32, randoop.jodatime.RandoopTest5.test33, randoop.jodatime.RandoopTest5.test34, randoop.jodatime.RandoopTest5.test35, randoop.jodatime.RandoopTest5.test36, randoop.jodatime.RandoopTest5.test37, randoop.jodatime.RandoopTest5.test38, randoop.jodatime.RandoopTest5.test39, randoop.jodatime.RandoopTest5.test40, randoop.jodatime.RandoopTest5.test41, randoop.jodatime.RandoopTest5.test42, randoop.jodatime.RandoopTest5.test43, randoop.jodatime.RandoopTest5.test44, randoop.jodatime.RandoopTest5.test46, randoop.jodatime.RandoopTest5.test48, randoop.jodatime.RandoopTest5.test49, randoop.jodatime.RandoopTest5.test50, randoop.jodatime.RandoopTest5.test51, randoop.jodatime.RandoopTest5.test52, randoop.jodatime.RandoopTest5.test53, randoop.jodatime.RandoopTest5.test54, randoop.jodatime.RandoopTest5.test55, randoop.jodatime.RandoopTest5.test56, randoop.jodatime.RandoopTest5.test58, randoop.jodatime.RandoopTest5.test59, randoop.jodatime.RandoopTest5.test60, randoop.jodatime.RandoopTest5.test61, randoop.jodatime.RandoopTest5.test62, randoop.jodatime.RandoopTest5.test63, randoop.jodatime.RandoopTest5.test64, randoop.jodatime.RandoopTest5.test65, randoop.jodatime.RandoopTest5.test66, randoop.jodatime.RandoopTest5.test67, randoop.jodatime.RandoopTest5.test68, randoop.jodatime.RandoopTest5.test69, randoop.jodatime.RandoopTest5.test70, randoop.jodatime.RandoopTest5.test71, randoop.jodatime.RandoopTest5.test74, randoop.jodatime.RandoopTest5.test77, randoop.jodatime.RandoopTest5.test79, randoop.jodatime.RandoopTest5.test81, randoop.jodatime.RandoopTest5.test82, randoop.jodatime.RandoopTest5.test83, randoop.jodatime.RandoopTest5.test84, randoop.jodatime.RandoopTest5.test85, randoop.jodatime.RandoopTest5.test87, randoop.jodatime.RandoopTest5.test88, randoop.jodatime.RandoopTest5.test89, randoop.jodatime.RandoopTest5.test90, randoop.jodatime.RandoopTest5.test91, randoop.jodatime.RandoopTest5.test92, randoop.jodatime.RandoopTest5.test93, randoop.jodatime.RandoopTest5.test94, randoop.jodatime.RandoopTest5.test95, randoop.jodatime.RandoopTest5.test99, randoop.jodatime.RandoopTest5.test100, randoop.jodatime.RandoopTest5.test101, randoop.jodatime.RandoopTest5.test103, randoop.jodatime.RandoopTest5.test104, randoop.jodatime.RandoopTest5.test105, randoop.jodatime.RandoopTest5.test106, randoop.jodatime.RandoopTest5.test107, randoop.jodatime.RandoopTest5.test108, randoop.jodatime.RandoopTest5.test109, randoop.jodatime.RandoopTest5.test110, randoop.jodatime.RandoopTest5.test112, randoop.jodatime.RandoopTest5.test114, randoop.jodatime.RandoopTest5.test115, randoop.jodatime.RandoopTest5.test116, randoop.jodatime.RandoopTest5.test117, randoop.jodatime.RandoopTest5.test118, randoop.jodatime.RandoopTest5.test119, randoop.jodatime.RandoopTest5.test120, randoop.jodatime.RandoopTest5.test121, randoop.jodatime.RandoopTest5.test122, randoop.jodatime.RandoopTest5.test123, randoop.jodatime.RandoopTest5.test124, randoop.jodatime.RandoopTest5.test125, randoop.jodatime.RandoopTest5.test126, randoop.jodatime.RandoopTest5.test127, randoop.jodatime.RandoopTest5.test128, randoop.jodatime.RandoopTest5.test129, randoop.jodatime.RandoopTest5.test130, randoop.jodatime.RandoopTest5.test131, randoop.jodatime.RandoopTest5.test132, randoop.jodatime.RandoopTest5.test133, randoop.jodatime.RandoopTest5.test134, randoop.jodatime.RandoopTest5.test135, randoop.jodatime.RandoopTest5.test136, randoop.jodatime.RandoopTest5.test137, randoop.jodatime.RandoopTest5.test138, randoop.jodatime.RandoopTest5.test139]

Time each test takes to run in the new order:
[74920531, 25762029, 8480692, 6644519, 5820730, 5296391, 5550544, 5980257, 5017859, 10545768, 6338697, 5114807, 6485528, 5477710, 5042295, 4456358, 16785904, 6490157, 5137595, 4913720, 4935227, 3266444, 2001746, 2591137, 2514853, 1706090, 2824080, 2756752, 2529972, 3379582, 1254186, 1124538, 7298691, 1474939, 1133238, 1563836, 1878899, 1738714, 1508992, 2703383, 1113716, 1320266, 1218958, 1184808, 1287438, 1173626, 1795924, 1252289, 4943355, 1643704, 1240437, 3082701, 1594930, 1087185, 1157129, 1087666, 995629, 1986077, 1095353, 1255200, 1019621, 1350060, 1035488, 1202110, 1092837, 1135762, 1003927, 1300275, 975555, 1075912, 989587, 1416228, 1270999, 1683937, 1273689, 1499525, 1327910, 2490914, 29446163, 1442562, 1634453, 1375643, 1689273, 4047584, 1520532, 1509949, 1499461, 1087407, 1142412, 1130165, 1132269, 1668196, 1246927, 1132095, 1483621, 1135716, 1919213, 1179503, 1088798, 1733166, 1107582, 1491426, 1079950, 1084646, 1605320, 1356528, 1376783, 1579662, 1005804, 957007, 908961, 1132429, 1290323, 1389786, 721217, 531114, 674153, 594241, 640677, 572517, 826180, 796260, 656970, 505146, 676235, 591359, 651963, 717635, 521288, 1356971, 1273545, 1084452, 1450528, 935823, 1223179, 909470, 1002852, 647579]

Dependent test list:
[Test: randoop.jodatime.RandoopTest0.test196, Intended behavior: FAILURE, when executed after: [randoop.jodatime.RandoopTest0.test192], The revealed different behavior: PASS, when executed after: [], Test: randoop.jodatime.RandoopTest0.test192, Intended behavior: FAILURE, when executed after: [randoop.jodatime.RandoopTest0.test165], The revealed different behavior: PASS, when executed after: [], Test: randoop.jodatime.RandoopTest0.test165, Intended behavior: FAILURE, when executed after: [randoop.jodatime.RandoopTest0.test135], The revealed different behavior: PASS, when executed after: [], Test: randoop.jodatime.RandoopTest0.test360, Intended behavior: FAILURE, when executed after: [randoop.jodatime.RandoopTest0.test338], The revealed different behavior: PASS, when executed after: [], Test: randoop.jodatime.RandoopTest0.test338, Intended behavior: FAILURE, when executed after: [randoop.jodatime.RandoopTest0.test325], The revealed different behavior: PASS, when executed after: [], Test: randoop.jodatime.RandoopTest0.test325, Intended behavior: FAILURE, when executed after: [randoop.jodatime.RandoopTest0.test196], The revealed different behavior: PASS, when executed after: [], Test: randoop.jodatime.RandoopTest1.test235, Intended behavior: FAILURE, when executed after: [randoop.jodatime.RandoopTest1.test181], The revealed different behavior: PASS, when executed after: [], Test: randoop.jodatime.RandoopTest1.test181, Intended behavior: FAILURE, when executed after: [randoop.jodatime.RandoopTest0.test498], The revealed different behavior: PASS, when executed after: [], Test: randoop.jodatime.RandoopTest2.test36, Intended behavior: FAILURE, when executed after: [randoop.jodatime.RandoopTest2.test21], The revealed different behavior: PASS, when executed after: [], Test: randoop.jodatime.RandoopTest2.test77, Intended behavior: FAILURE, when executed after: [randoop.jodatime.RandoopTest1.test467], The revealed different behavior: PASS, when executed after: [], Test: randoop.jodatime.RandoopTest2.test21, Intended behavior: FAILURE, when executed after: [randoop.jodatime.RandoopTest1.test235], The revealed different behavior: PASS, when executed after: [], Test: randoop.jodatime.RandoopTest2.test254, Intended behavior: FAILURE, when executed after: [randoop.jodatime.RandoopTest2.test212], The revealed different behavior: PASS, when executed after: [], Test: randoop.jodatime.RandoopTest2.test243, Intended behavior: FAILURE, when executed after: [randoop.jodatime.RandoopTest2.test36], The revealed different behavior: PASS, when executed after: [], Test: randoop.jodatime.RandoopTest2.test490, Intended behavior: FAILURE, when executed after: [randoop.jodatime.RandoopTest2.test487], The revealed different behavior: PASS, when executed after: [], Test: randoop.jodatime.RandoopTest2.test487, Intended behavior: FAILURE, when executed after: [randoop.jodatime.RandoopTest2.test356], The revealed different behavior: PASS, when executed after: [], Test: randoop.jodatime.RandoopTest2.test356, Intended behavior: FAILURE, when executed after: [randoop.jodatime.RandoopTest2.test243], The revealed different behavior: PASS, when executed after: [], Test: randoop.jodatime.RandoopTest2.test474, Intended behavior: FAILURE, when executed after: [randoop.jodatime.RandoopTest2.test376], The revealed different behavior: PASS, when executed after: [], Test: randoop.jodatime.RandoopTest2.test493, Intended behavior: FAILURE, when executed after: [randoop.jodatime.RandoopTest2.test490], The revealed different behavior: PASS, when executed after: [], Test: randoop.jodatime.RandoopTest3.test195, Intended behavior: FAILURE, when executed after: [randoop.jodatime.RandoopTest3.test193], The revealed different behavior: PASS, when executed after: [], Test: randoop.jodatime.RandoopTest3.test193, Intended behavior: FAILURE, when executed after: [randoop.jodatime.RandoopTest3.test189], The revealed different behavior: PASS, when executed after: [], Test: randoop.jodatime.RandoopTest3.test189, Intended behavior: FAILURE, when executed after: [randoop.jodatime.RandoopTest3.test185], The revealed different behavior: PASS, when executed after: [], Test: randoop.jodatime.RandoopTest3.test185, Intended behavior: FAILURE, when executed after: [randoop.jodatime.RandoopTest3.test161], The revealed different behavior: PASS, when executed after: [], Test: randoop.jodatime.RandoopTest3.test161, Intended behavior: FAILURE, when executed after: [randoop.jodatime.RandoopTest2.test493], The revealed different behavior: PASS, when executed after: [], Test: randoop.jodatime.RandoopTest3.test389, Intended behavior: FAILURE, when executed after: [randoop.jodatime.RandoopTest3.test383], The revealed different behavior: PASS, when executed after: [], Test: randoop.jodatime.RandoopTest3.test383, Intended behavior: FAILURE, when executed after: [randoop.jodatime.RandoopTest3.test347], The revealed different behavior: PASS, when executed after: [], Test: randoop.jodatime.RandoopTest3.test347, Intended behavior: FAILURE, when executed after: [randoop.jodatime.RandoopTest3.test345], The revealed different behavior: PASS, when executed after: [], Test: randoop.jodatime.RandoopTest3.test345, Intended behavior: FAILURE, when executed after: [randoop.jodatime.RandoopTest3.test316], The revealed different behavior: PASS, when executed after: [], Test: randoop.jodatime.RandoopTest3.test316, Intended behavior: FAILURE, when executed after: [randoop.jodatime.RandoopTest3.test315], The revealed different behavior: PASS, when executed after: [], Test: randoop.jodatime.RandoopTest3.test315, Intended behavior: FAILURE, when executed after: [randoop.jodatime.RandoopTest3.test195], The revealed different behavior: PASS, when executed after: [], Test: randoop.jodatime.RandoopTest3.test496, Intended behavior: FAILURE, when executed after: [randoop.jodatime.RandoopTest3.test467], The revealed different behavior: PASS, when executed after: [], Test: randoop.jodatime.RandoopTest3.test467, Intended behavior: FAILURE, when executed after: [randoop.jodatime.RandoopTest3.test389], The revealed different behavior: PASS, when executed after: [], Test: randoop.jodatime.RandoopTest4.test259, Intended behavior: FAILURE, when executed after: [randoop.jodatime.RandoopTest4.test221], The revealed different behavior: PASS, when executed after: [], Test: randoop.jodatime.RandoopTest4.test221, Intended behavior: FAILURE, when executed after: [randoop.jodatime.RandoopTest4.test13], The revealed different behavior: PASS, when executed after: [], Test: randoop.jodatime.RandoopTest4.test401, Intended behavior: FAILURE, when executed after: [randoop.jodatime.RandoopTest4.test259], The revealed different behavior: PASS, when executed after: [], Test: randoop.jodatime.RandoopTest4.test434, Intended behavior: FAILURE, when executed after: [randoop.jodatime.RandoopTest4.test401], The revealed different behavior: PASS, when executed after: [], Test: randoop.jodatime.RandoopTest4.test13, Intended behavior: FAILURE, when executed after: [randoop.jodatime.RandoopTest3.test496], The revealed different behavior: PASS, when executed after: [], Test: randoop.jodatime.RandoopTest2.test212, Intended behavior: FAILURE, when executed after: [randoop.jodatime.RandoopTest2.test77], The revealed different behavior: PASS, when executed after: [], Test: randoop.jodatime.RandoopTest2.test376, Intended behavior: FAILURE, when executed after: [randoop.jodatime.RandoopTest2.test254], The revealed different behavior: PASS, when executed after: []]
--------------------------
Total time (of all machines and iterations plus initial TestListGenerator): 10.218
New order time: 1.249
Total number of tests executed in all machines out of total in original order: 2343 / 2211