Test: RegressionTest1.test407
Intended behavior: FAILURE
when executed after: [RegressionTest1.test178]
The revealed different behavior: PASS
when executed after: []

Test: RegressionTest2.test032
Intended behavior: FAILURE
when executed after: [RegressionTest2.test027]
The revealed different behavior: PASS
when executed after: []

Test: RegressionTest2.test027
Intended behavior: FAILURE
when executed after: [RegressionTest2.test024]
The revealed different behavior: PASS
when executed after: []

Test: RegressionTest2.test008
Intended behavior: FAILURE
when executed after: [RegressionTest2.test015]
The revealed different behavior: PASS
when executed after: []

Test: RegressionTest2.test015
Intended behavior: FAILURE
when executed after: [RegressionTest2.test014]
The revealed different behavior: PASS
when executed after: []

Test: RegressionTest2.test014
Intended behavior: FAILURE
when executed after: [RegressionTest2.test013]
The revealed different behavior: PASS
when executed after: []

Test: RegressionTest2.test013
Intended behavior: FAILURE
when executed after: [RegressionTest2.test012]
The revealed different behavior: PASS
when executed after: []

Test: RegressionTest2.test012
Intended behavior: FAILURE
when executed after: [RegressionTest2.test003]
The revealed different behavior: PASS
when executed after: []

Test: RegressionTest2.test003
Intended behavior: FAILURE
when executed after: [RegressionTest2.test004]
The revealed different behavior: PASS
when executed after: []

Test: RegressionTest1.test122
Intended behavior: FAILURE
when executed after: [RegressionTest1.test407]
The revealed different behavior: PASS
when executed after: []

Test: ErrorTest0.test8
Intended behavior: FAILURE
when executed after: [RegressionTest0.test313]
The revealed different behavior: PASS
when executed after: []

Test: RegressionTest1.test038
Intended behavior: FAILURE
when executed after: [RegressionTest1.test012]
The revealed different behavior: PASS
when executed after: []

Test: RegressionTest0.test306
Intended behavior: FAILURE
when executed after: [RegressionTest0.test266]
The revealed different behavior: PASS
when executed after: []

Test: RegressionTest0.test022
Intended behavior: FAILURE
when executed after: [RegressionTest0.test008]
The revealed different behavior: PASS
when executed after: []

Test: RegressionTest0.test364
Intended behavior: FAILURE
when executed after: [RegressionTest0.test349]
The revealed different behavior: PASS
when executed after: []

Test: RegressionTest2.test019
Intended behavior: FAILURE
when executed after: [RegressionTest2.test017]
The revealed different behavior: PASS
when executed after: []

Test: RegressionTest2.test108
Intended behavior: FAILURE
when executed after: [RegressionTest2.test107]
The revealed different behavior: PASS
when executed after: []

Test: RegressionTest2.test102
Intended behavior: FAILURE
when executed after: [RegressionTest2.test090]
The revealed different behavior: PASS
when executed after: []

Test: RegressionTest2.test090
Intended behavior: FAILURE
when executed after: [RegressionTest2.test089]
The revealed different behavior: PASS
when executed after: []

Test: RegressionTest2.test087
Intended behavior: FAILURE
when executed after: [RegressionTest2.test079]
The revealed different behavior: PASS
when executed after: []

Test: RegressionTest2.test071
Intended behavior: FAILURE
when executed after: [RegressionTest2.test070]
The revealed different behavior: PASS
when executed after: []

Test: RegressionTest2.test070
Intended behavior: FAILURE
when executed after: [RegressionTest2.test069]
The revealed different behavior: PASS
when executed after: []

Test: RegressionTest2.test069
Intended behavior: FAILURE
when executed after: [RegressionTest2.test063]
The revealed different behavior: PASS
when executed after: []

Test: RegressionTest2.test061
Intended behavior: FAILURE
when executed after: [RegressionTest2.test058]
The revealed different behavior: PASS
when executed after: []

Test: RegressionTest2.test057
Intended behavior: FAILURE
when executed after: [RegressionTest2.test056]
The revealed different behavior: PASS
when executed after: []

Test: RegressionTest2.test052
Intended behavior: FAILURE
when executed after: [RegressionTest2.test047]
The revealed different behavior: PASS
when executed after: []

Test: RegressionTest2.test047
Intended behavior: FAILURE
when executed after: [RegressionTest2.test046]
The revealed different behavior: PASS
when executed after: []

Test: RegressionTest2.test046
Intended behavior: FAILURE
when executed after: [RegressionTest2.test045]
The revealed different behavior: PASS
when executed after: []

Test: RegressionTest2.test045
Intended behavior: FAILURE
when executed after: [RegressionTest2.test044]
The revealed different behavior: PASS
when executed after: []

Test: RegressionTest2.test044
Intended behavior: FAILURE
when executed after: [RegressionTest2.test001]
The revealed different behavior: PASS
when executed after: []

Test: RegressionTest2.test001
Intended behavior: FAILURE
when executed after: [RegressionTest2.test007]
The revealed different behavior: PASS
when executed after: []

Test: RegressionTest2.test007
Intended behavior: FAILURE
when executed after: [RegressionTest2.test006]
The revealed different behavior: PASS
when executed after: []

Test: RegressionTest1.test267
Intended behavior: FAILURE
when executed after: [RegressionTest1.test122]
The revealed different behavior: PASS
when executed after: []

Test: RegressionTest1.test178
Intended behavior: FAILURE
when executed after: [RegressionTest1.test169]
The revealed different behavior: PASS
when executed after: []

Test: RegressionTest1.test169
Intended behavior: FAILURE
when executed after: [RegressionTest1.test164]
The revealed different behavior: PASS
when executed after: []

Test: RegressionTest1.test164
Intended behavior: FAILURE
when executed after: [RegressionTest1.test038]
The revealed different behavior: PASS
when executed after: []

Test: RegressionTest1.test012
Intended behavior: FAILURE
when executed after: [RegressionTest1.test119]
The revealed different behavior: PASS
when executed after: []

Test: RegressionTest1.test119
Intended behavior: FAILURE
when executed after: [RegressionTest1.test118]
The revealed different behavior: PASS
when executed after: []

Test: RegressionTest1.test118
Intended behavior: FAILURE
when executed after: [RegressionTest1.test094]
The revealed different behavior: PASS
when executed after: []

Test: RegressionTest1.test094
Intended behavior: FAILURE
when executed after: [RegressionTest1.test093]
The revealed different behavior: PASS
when executed after: []

Test: RegressionTest1.test093
Intended behavior: FAILURE
when executed after: [RegressionTest1.test092]
The revealed different behavior: PASS
when executed after: []

Test: RegressionTest1.test092
Intended behavior: FAILURE
when executed after: [RegressionTest1.test091]
The revealed different behavior: PASS
when executed after: []

Test: RegressionTest1.test091
Intended behavior: FAILURE
when executed after: [RegressionTest1.test090]
The revealed different behavior: PASS
when executed after: []

Test: RegressionTest1.test090
Intended behavior: FAILURE
when executed after: [RegressionTest1.test089]
The revealed different behavior: PASS
when executed after: []

Test: RegressionTest1.test089
Intended behavior: FAILURE
when executed after: [RegressionTest1.test086]
The revealed different behavior: PASS
when executed after: []

Test: RegressionTest1.test086
Intended behavior: FAILURE
when executed after: [RegressionTest1.test071]
The revealed different behavior: PASS
when executed after: []

Test: RegressionTest1.test071
Intended behavior: FAILURE
when executed after: [RegressionTest1.test070]
The revealed different behavior: PASS
when executed after: []

Test: RegressionTest1.test070
Intended behavior: FAILURE
when executed after: [RegressionTest1.test067]
The revealed different behavior: PASS
when executed after: []

Test: RegressionTest1.test067
Intended behavior: FAILURE
when executed after: [RegressionTest1.test065]
The revealed different behavior: PASS
when executed after: []

Test: RegressionTest1.test065
Intended behavior: FAILURE
when executed after: [RegressionTest1.test063]
The revealed different behavior: PASS
when executed after: []

Test: RegressionTest1.test063
Intended behavior: FAILURE
when executed after: [RegressionTest1.test006]
The revealed different behavior: PASS
when executed after: []

Test: RegressionTest1.test006
Intended behavior: FAILURE
when executed after: [RegressionTest1.test005]
The revealed different behavior: PASS
when executed after: []

Test: RegressionTest1.test005
Intended behavior: FAILURE
when executed after: [RegressionTest1.test002]
The revealed different behavior: PASS
when executed after: []

Test: RegressionTest1.test002
Intended behavior: FAILURE
when executed after: [ErrorTest0.test8]
The revealed different behavior: PASS
when executed after: []

Test: RegressionTest0.test313
Intended behavior: FAILURE
when executed after: [RegressionTest0.test310]
The revealed different behavior: PASS
when executed after: []

Test: RegressionTest0.test310
Intended behavior: FAILURE
when executed after: [RegressionTest0.test306]
The revealed different behavior: PASS
when executed after: []

Test: RegressionTest0.test266
Intended behavior: FAILURE
when executed after: [RegressionTest0.test264]
The revealed different behavior: PASS
when executed after: []

Test: RegressionTest0.test264
Intended behavior: FAILURE
when executed after: [RegressionTest0.test263]
The revealed different behavior: PASS
when executed after: []

Test: RegressionTest0.test263
Intended behavior: FAILURE
when executed after: [RegressionTest0.test262]
The revealed different behavior: PASS
when executed after: []

Test: RegressionTest0.test262
Intended behavior: FAILURE
when executed after: [RegressionTest0.test240]
The revealed different behavior: PASS
when executed after: []

Test: RegressionTest0.test240
Intended behavior: FAILURE
when executed after: [RegressionTest0.test236]
The revealed different behavior: PASS
when executed after: []

Test: RegressionTest0.test236
Intended behavior: FAILURE
when executed after: [RegressionTest0.test198]
The revealed different behavior: PASS
when executed after: []

Test: RegressionTest0.test198
Intended behavior: FAILURE
when executed after: [RegressionTest0.test196]
The revealed different behavior: PASS
when executed after: []

Test: RegressionTest0.test196
Intended behavior: FAILURE
when executed after: [RegressionTest0.test192]
The revealed different behavior: PASS
when executed after: []

Test: RegressionTest0.test192
Intended behavior: FAILURE
when executed after: [RegressionTest0.test189]
The revealed different behavior: PASS
when executed after: []

Test: RegressionTest0.test189
Intended behavior: FAILURE
when executed after: [RegressionTest0.test188]
The revealed different behavior: PASS
when executed after: []

Test: RegressionTest0.test188
Intended behavior: FAILURE
when executed after: [RegressionTest0.test187]
The revealed different behavior: PASS
when executed after: []

Test: RegressionTest0.test187
Intended behavior: FAILURE
when executed after: [RegressionTest0.test185]
The revealed different behavior: PASS
when executed after: []

Test: RegressionTest0.test185
Intended behavior: FAILURE
when executed after: [RegressionTest0.test139]
The revealed different behavior: PASS
when executed after: []

Test: RegressionTest0.test139
Intended behavior: FAILURE
when executed after: [RegressionTest0.test138]
The revealed different behavior: PASS
when executed after: []

Test: RegressionTest0.test138
Intended behavior: FAILURE
when executed after: [RegressionTest0.test499]
The revealed different behavior: PASS
when executed after: []

Test: RegressionTest0.test499
Intended behavior: FAILURE
when executed after: [RegressionTest0.test495]
The revealed different behavior: PASS
when executed after: []

Test: RegressionTest0.test495
Intended behavior: FAILURE
when executed after: [RegressionTest0.test490]
The revealed different behavior: PASS
when executed after: []

Test: RegressionTest0.test490
Intended behavior: FAILURE
when executed after: [RegressionTest0.test481]
The revealed different behavior: PASS
when executed after: []

Test: RegressionTest0.test481
Intended behavior: FAILURE
when executed after: [RegressionTest0.test480]
The revealed different behavior: PASS
when executed after: []

Test: RegressionTest0.test480
Intended behavior: FAILURE
when executed after: [RegressionTest0.test479]
The revealed different behavior: PASS
when executed after: []

Test: RegressionTest0.test479
Intended behavior: FAILURE
when executed after: [RegressionTest0.test471]
The revealed different behavior: PASS
when executed after: []

Test: RegressionTest0.test471
Intended behavior: FAILURE
when executed after: [RegressionTest0.test461]
The revealed different behavior: PASS
when executed after: []

Test: RegressionTest0.test461
Intended behavior: FAILURE
when executed after: [RegressionTest0.test458]
The revealed different behavior: PASS
when executed after: []

Test: RegressionTest0.test458
Intended behavior: FAILURE
when executed after: [RegressionTest0.test457]
The revealed different behavior: PASS
when executed after: []

Test: RegressionTest0.test457
Intended behavior: FAILURE
when executed after: [RegressionTest0.test453]
The revealed different behavior: PASS
when executed after: []

Test: RegressionTest0.test453
Intended behavior: FAILURE
when executed after: [RegressionTest0.test452]
The revealed different behavior: PASS
when executed after: []

Test: RegressionTest0.test452
Intended behavior: FAILURE
when executed after: [RegressionTest0.test447]
The revealed different behavior: PASS
when executed after: []

Test: RegressionTest0.test447
Intended behavior: FAILURE
when executed after: [RegressionTest0.test422]
The revealed different behavior: PASS
when executed after: []

Test: RegressionTest0.test422
Intended behavior: FAILURE
when executed after: [RegressionTest0.test417]
The revealed different behavior: PASS
when executed after: []

Test: RegressionTest0.test417
Intended behavior: FAILURE
when executed after: [RegressionTest0.test416]
The revealed different behavior: PASS
when executed after: []

Test: RegressionTest0.test416
Intended behavior: FAILURE
when executed after: [RegressionTest0.test415]
The revealed different behavior: PASS
when executed after: []

Test: RegressionTest0.test415
Intended behavior: FAILURE
when executed after: [RegressionTest0.test411]
The revealed different behavior: PASS
when executed after: []

Test: RegressionTest0.test411
Intended behavior: FAILURE
when executed after: [RegressionTest0.test408]
The revealed different behavior: PASS
when executed after: []

Test: RegressionTest0.test408
Intended behavior: FAILURE
when executed after: [RegressionTest0.test407]
The revealed different behavior: PASS
when executed after: []

Test: RegressionTest0.test407
Intended behavior: FAILURE
when executed after: [RegressionTest0.test406]
The revealed different behavior: PASS
when executed after: []

Test: RegressionTest0.test406
Intended behavior: FAILURE
when executed after: [RegressionTest0.test397]
The revealed different behavior: PASS
when executed after: []

Test: RegressionTest0.test397
Intended behavior: FAILURE
when executed after: [RegressionTest0.test396]
The revealed different behavior: PASS
when executed after: []

Test: RegressionTest0.test394
Intended behavior: FAILURE
when executed after: [RegressionTest0.test384]
The revealed different behavior: PASS
when executed after: []

Test: RegressionTest0.test384
Intended behavior: FAILURE
when executed after: [RegressionTest0.test378]
The revealed different behavior: PASS
when executed after: []

Test: RegressionTest0.test378
Intended behavior: FAILURE
when executed after: [RegressionTest0.test377]
The revealed different behavior: PASS
when executed after: []

Test: RegressionTest0.test377
Intended behavior: FAILURE
when executed after: [RegressionTest0.test367]
The revealed different behavior: PASS
when executed after: []

Test: RegressionTest0.test367
Intended behavior: FAILURE
when executed after: [RegressionTest0.test366]
The revealed different behavior: PASS
when executed after: []

Test: RegressionTest0.test366
Intended behavior: FAILURE
when executed after: [RegressionTest0.test364]
The revealed different behavior: PASS
when executed after: []

Test: RegressionTest0.test349
Intended behavior: FAILURE
when executed after: [RegressionTest0.test337]
The revealed different behavior: PASS
when executed after: []

Test: RegressionTest0.test337
Intended behavior: FAILURE
when executed after: [RegressionTest0.test336]
The revealed different behavior: PASS
when executed after: []

Test: RegressionTest0.test336
Intended behavior: FAILURE
when executed after: [RegressionTest0.test326]
The revealed different behavior: PASS
when executed after: []

Test: RegressionTest0.test326
Intended behavior: FAILURE
when executed after: [RegressionTest0.test178]
The revealed different behavior: PASS
when executed after: []

Test: RegressionTest0.test178
Intended behavior: FAILURE
when executed after: [RegressionTest0.test176]
The revealed different behavior: PASS
when executed after: []

Test: RegressionTest0.test176
Intended behavior: FAILURE
when executed after: [RegressionTest0.test175]
The revealed different behavior: PASS
when executed after: []

Test: RegressionTest0.test175
Intended behavior: FAILURE
when executed after: [RegressionTest0.test173]
The revealed different behavior: PASS
when executed after: []

Test: RegressionTest0.test173
Intended behavior: FAILURE
when executed after: [RegressionTest0.test170]
The revealed different behavior: PASS
when executed after: []

Test: RegressionTest0.test170
Intended behavior: FAILURE
when executed after: [RegressionTest0.test037]
The revealed different behavior: PASS
when executed after: []

Test: RegressionTest0.test037
Intended behavior: FAILURE
when executed after: [RegressionTest0.test035]
The revealed different behavior: PASS
when executed after: []

Test: RegressionTest0.test035
Intended behavior: FAILURE
when executed after: [RegressionTest0.test025]
The revealed different behavior: PASS
when executed after: []

Test: RegressionTest0.test025
Intended behavior: FAILURE
when executed after: [RegressionTest0.test022]
The revealed different behavior: PASS
when executed after: []

Test: RegressionTest0.test008
Intended behavior: FAILURE
when executed after: [RegressionTest0.test014]
The revealed different behavior: PASS
when executed after: []

Test: RegressionTest0.test014
Intended behavior: FAILURE
when executed after: [RegressionTest0.test112]
The revealed different behavior: PASS
when executed after: []

Test: RegressionTest0.test112
Intended behavior: FAILURE
when executed after: [RegressionTest0.test110]
The revealed different behavior: PASS
when executed after: []

Test: RegressionTest0.test110
Intended behavior: FAILURE
when executed after: [RegressionTest0.test109]
The revealed different behavior: PASS
when executed after: []

Test: RegressionTest0.test109
Intended behavior: FAILURE
when executed after: [RegressionTest0.test107]
The revealed different behavior: PASS
when executed after: []

Test: RegressionTest0.test107
Intended behavior: FAILURE
when executed after: [RegressionTest0.test106]
The revealed different behavior: PASS
when executed after: []

Test: RegressionTest0.test106
Intended behavior: FAILURE
when executed after: [RegressionTest0.test103]
The revealed different behavior: PASS
when executed after: []

Test: RegressionTest0.test103
Intended behavior: FAILURE
when executed after: [RegressionTest0.test092]
The revealed different behavior: PASS
when executed after: []

Test: RegressionTest0.test092
Intended behavior: FAILURE
when executed after: [RegressionTest0.test091]
The revealed different behavior: PASS
when executed after: []

Test: RegressionTest0.test091
Intended behavior: FAILURE
when executed after: [RegressionTest0.test087]
The revealed different behavior: PASS
when executed after: []

Test: RegressionTest0.test087
Intended behavior: FAILURE
when executed after: [RegressionTest0.test086]
The revealed different behavior: PASS
when executed after: []

Test: RegressionTest0.test086
Intended behavior: FAILURE
when executed after: [RegressionTest0.test079]
The revealed different behavior: PASS
when executed after: []

Test: RegressionTest0.test079
Intended behavior: FAILURE
when executed after: [RegressionTest0.test077]
The revealed different behavior: PASS
when executed after: []

Test: RegressionTest0.test077
Intended behavior: FAILURE
when executed after: [RegressionTest0.test072]
The revealed different behavior: PASS
when executed after: []

Test: RegressionTest0.test072
Intended behavior: FAILURE
when executed after: [RegressionTest0.test069]
The revealed different behavior: PASS
when executed after: []

Test: RegressionTest0.test069
Intended behavior: FAILURE
when executed after: [RegressionTest0.test056]
The revealed different behavior: PASS
when executed after: []

Test: RegressionTest0.test056
Intended behavior: FAILURE
when executed after: [RegressionTest0.test053]
The revealed different behavior: PASS
when executed after: []

Test: RegressionTest0.test053
Intended behavior: FAILURE
when executed after: [RegressionTest2.test040]
The revealed different behavior: PASS
when executed after: []

Test: RegressionTest2.test040
Intended behavior: FAILURE
when executed after: [RegressionTest2.test039]
The revealed different behavior: PASS
when executed after: []

Test: RegressionTest2.test039
Intended behavior: FAILURE
when executed after: [RegressionTest2.test036]
The revealed different behavior: PASS
when executed after: []

Test: RegressionTest2.test036
Intended behavior: FAILURE
when executed after: [RegressionTest2.test032]
The revealed different behavior: PASS
when executed after: []

Test: RegressionTest2.test024
Intended behavior: FAILURE
when executed after: [RegressionTest2.test019]
The revealed different behavior: PASS
when executed after: []

Test: RegressionTest2.test004
Intended behavior: FAILURE
when executed after: [RegressionTest2.test120]
The revealed different behavior: PASS
when executed after: []

Test: RegressionTest2.test011
Intended behavior: FAILURE
when executed after: [RegressionTest2.test008]
The revealed different behavior: PASS
when executed after: []

Test: RegressionTest2.test120
Intended behavior: FAILURE
when executed after: [RegressionTest2.test118]
The revealed different behavior: PASS
when executed after: []

Test: RegressionTest2.test118
Intended behavior: FAILURE
when executed after: [RegressionTest2.test115]
The revealed different behavior: PASS
when executed after: []

Test: RegressionTest2.test115
Intended behavior: FAILURE
when executed after: [RegressionTest2.test114]
The revealed different behavior: PASS
when executed after: []

Test: RegressionTest2.test114
Intended behavior: FAILURE
when executed after: [RegressionTest2.test111]
The revealed different behavior: PASS
when executed after: []

Test: RegressionTest2.test111
Intended behavior: FAILURE
when executed after: [RegressionTest2.test110]
The revealed different behavior: PASS
when executed after: []

Test: RegressionTest2.test110
Intended behavior: FAILURE
when executed after: [RegressionTest2.test108]
The revealed different behavior: PASS
when executed after: []

Test: RegressionTest2.test107
Intended behavior: FAILURE
when executed after: [RegressionTest2.test106]
The revealed different behavior: PASS
when executed after: []

Test: RegressionTest2.test106
Intended behavior: FAILURE
when executed after: [RegressionTest2.test102]
The revealed different behavior: PASS
when executed after: []

Test: RegressionTest2.test089
Intended behavior: FAILURE
when executed after: [RegressionTest2.test087]
The revealed different behavior: PASS
when executed after: []

Test: RegressionTest2.test079
Intended behavior: FAILURE
when executed after: [RegressionTest2.test078]
The revealed different behavior: PASS
when executed after: []

Test: RegressionTest2.test078
Intended behavior: FAILURE
when executed after: [RegressionTest2.test076]
The revealed different behavior: PASS
when executed after: []

Test: RegressionTest2.test076
Intended behavior: FAILURE
when executed after: [RegressionTest2.test074]
The revealed different behavior: PASS
when executed after: []

Test: RegressionTest2.test074
Intended behavior: FAILURE
when executed after: [RegressionTest2.test072]
The revealed different behavior: PASS
when executed after: []

Test: RegressionTest2.test072
Intended behavior: FAILURE
when executed after: [RegressionTest2.test071]
The revealed different behavior: PASS
when executed after: []

Test: RegressionTest2.test063
Intended behavior: FAILURE
when executed after: [RegressionTest2.test061]
The revealed different behavior: PASS
when executed after: []

Test: RegressionTest2.test058
Intended behavior: FAILURE
when executed after: [RegressionTest2.test057]
The revealed different behavior: PASS
when executed after: []

Test: RegressionTest2.test056
Intended behavior: FAILURE
when executed after: [RegressionTest2.test055]
The revealed different behavior: PASS
when executed after: []

Test: RegressionTest2.test055
Intended behavior: FAILURE
when executed after: [RegressionTest2.test052]
The revealed different behavior: PASS
when executed after: []

Test: RegressionTest2.test006
Intended behavior: FAILURE
when executed after: [RegressionTest2.test002]
The revealed different behavior: PASS
when executed after: []

Test: RegressionTest0.test396
Intended behavior: FAILURE
when executed after: [RegressionTest0.test394]
The revealed different behavior: PASS
when executed after: []

Test: RegressionTest2.test017
Intended behavior: FAILURE
when executed after: [RegressionTest2.test016]
The revealed different behavior: PASS
when executed after: []

Test: RegressionTest2.test016
Intended behavior: FAILURE
when executed after: [RegressionTest2.test011]
The revealed different behavior: PASS
when executed after: []

