Test: org.joda.time.chrono.TestISOChronology.testMaximumValue
Intended behavior: FAILURE
when executed after: [org.joda.time.TestDateTime_Basics.testWithZoneRetainFields_DateTimeZone]
The revealed different behavior: PASS
when executed after: []

Test: org.joda.time.TestDateTime_Basics.testWithZoneRetainFields_DateTimeZone
Intended behavior: FAILURE
when executed after: [org.joda.time.TestDateTimeZone.testProvider]
The revealed different behavior: PASS
when executed after: []

