.
Time: 0.914

OK (1 test)

.
Time: 0.014

OK (1 test)

.
Time: 0.011

OK (1 test)

.
Time: 0.012

OK (1 test)

.
Time: 0.029

OK (1 test)

.
Time: 0.025

OK (1 test)

.
Time: 1.795

OK (1 test)

.
Time: 0.084

OK (1 test)

.
Time: 0.039

OK (1 test)

.
Time: 0.124

OK (1 test)

.
Time: 0.113

OK (1 test)

.
Time: 0.095

OK (1 test)

.
Time: 0.073

OK (1 test)

.
Time: 0.088

OK (1 test)

Execution time: 3788474556
0-th run
Pass: 14, Fail: 0, Error: 0
{org.apache.xml.security.test.algorithms.implementations.AESWrapperTest.test41=PASS, org.apache.xml.security.test.algorithms.implementations.AESWrapperTest.test42=PASS, org.apache.xml.security.test.algorithms.implementations.AESWrapperTest.test43=PASS, org.apache.xml.security.test.algorithms.implementations.AESWrapperTest.test44=PASS, org.apache.xml.security.test.algorithms.implementations.AESWrapperTest.test45=PASS, org.apache.xml.security.test.algorithms.implementations.AESWrapperTest.test46=PASS, org.apache.xml.security.test.algorithms.implementations.BlockEncryptionTest.test_AES128=PASS, org.apache.xml.security.test.algorithms.implementations.BlockEncryptionTest.test_AES192=PASS, org.apache.xml.security.test.algorithms.implementations.BlockEncryptionTest.test_AES256=PASS, org.apache.xml.security.test.algorithms.implementations.KeyWrapTest.test_3DES=PASS, org.apache.xml.security.test.algorithms.implementations.KeyWrapTest.test_AES_41=PASS, org.apache.xml.security.test.algorithms.implementations.KeyWrapTest.test_AES_42=PASS, org.apache.xml.security.test.algorithms.implementations.KeyWrapTest.test_AES_43=PASS, org.apache.xml.security.test.algorithms.implementations.KeyWrapTest.test_AES_44=PASS}


.
Time: 3.043

OK (1 test)

.
Time: 0.061

OK (1 test)

.
Time: 0.053

OK (1 test)

.
Time: 0.001

OK (1 test)

.
Time: 0

OK (1 test)

.
Time: 0

OK (1 test)

.
Time: 0

OK (1 test)

.
Time: 0.003

OK (1 test)

.E
Time: 0.031
There was 1 error:
1) test_Y4_stripped(org.apache.xml.security.test.c14n.implementations.C14NInterop)java.io.FileNotFoundException: /home/winglam/workspace/dependent-tests-impact/experiments/xml-security-orig-v1/data/interop/c14n/Y4/signatureStripped.xml (No such file or directory)
	at java.io.FileInputStream.open(Native Method)
	at java.io.FileInputStream.<init>(FileInputStream.java:146)
	at java.io.FileInputStream.<init>(FileInputStream.java:101)
	at sun.net.www.protocol.file.FileURLConnection.connect(FileURLConnection.java:90)
	at sun.net.www.protocol.file.FileURLConnection.getInputStream(FileURLConnection.java:188)
	at java.net.URL.openStream(URL.java:1037)
	at org.apache.xerces.impl.XMLEntityManager.startEntity(XMLEntityManager.java:731)
	at org.apache.xerces.impl.XMLEntityManager.startDocumentEntity(XMLEntityManager.java:676)
	at org.apache.xerces.impl.XMLDocumentScannerImpl.setInputSource(XMLDocumentScannerImpl.java:252)
	at org.apache.xerces.parsers.StandardParserConfiguration.parse(StandardParserConfiguration.java:499)
	at org.apache.xerces.parsers.StandardParserConfiguration.parse(StandardParserConfiguration.java:581)
	at org.apache.xerces.parsers.XMLParser.parse(XMLParser.java:147)
	at org.apache.xerces.parsers.DOMParser.parse(DOMParser.java:221)
	at org.apache.xerces.jaxp.DocumentBuilderImpl.parse(DocumentBuilderImpl.java:209)
	at javax.xml.parsers.DocumentBuilder.parse(DocumentBuilder.java:205)
	at org.apache.xml.security.test.c14n.implementations.C14NInterop.t(C14NInterop.java:210)
	at org.apache.xml.security.test.c14n.implementations.C14NInterop.test_Y4_stripped(C14NInterop.java:188)
	at sun.reflect.NativeMethodAccessorImpl.invoke0(Native Method)
	at sun.reflect.NativeMethodAccessorImpl.invoke(NativeMethodAccessorImpl.java:57)
	at sun.reflect.DelegatingMethodAccessorImpl.invoke(DelegatingMethodAccessorImpl.java:43)
	at edu.washington.cs.dt.util.TestRunnerWrapper.main(TestRunnerWrapper.java:56)

FAILURES!!!
Tests run: 1,  Failures: 0,  Errors: 1

.
Time: 1.915

OK (1 test)

.
Time: 0.018

OK (1 test)

.
Time: 0.022

OK (1 test)

.
Time: 0.015

OK (1 test)

.
Time: 0.01

OK (1 test)

Execution time: 5789108199
0-th run
Pass: 13, Fail: 0, Error: 1
{org.apache.xml.security.test.algorithms.implementations.KeyWrapTest.test_AES_45=PASS, org.apache.xml.security.test.algorithms.implementations.KeyWrapTest.test_AES_46=PASS, org.apache.xml.security.test.algorithms.implementations.TripleDESWrapperTest.test34=PASS, org.apache.xml.security.test.c14n.helper.C14nHelperTest.testNamespaceIsAbsolute01=PASS, org.apache.xml.security.test.c14n.helper.C14nHelperTest.testNamespaceIsAbsolute02=PASS, org.apache.xml.security.test.c14n.helper.C14nHelperTest.testNamespaceIsAbsolute03=PASS, org.apache.xml.security.test.c14n.helper.C14nHelperTest.testNamespaceIsRelative01=PASS, org.apache.xml.security.test.c14n.helper.C14nHelperTest.testNamespaceIsRelative02=PASS, org.apache.xml.security.test.c14n.implementations.C14NInterop.test_Y4_stripped=ERROR, org.apache.xml.security.test.c14n.implementations.Canonicalizer20010315ExclusiveTest.testA=PASS, org.apache.xml.security.test.c14n.implementations.Canonicalizer20010315ExclusiveTest.test221=PASS, org.apache.xml.security.test.c14n.implementations.Canonicalizer20010315ExclusiveTest.test222=PASS, org.apache.xml.security.test.c14n.implementations.Canonicalizer20010315ExclusiveTest.test221excl=PASS, org.apache.xml.security.test.c14n.implementations.Canonicalizer20010315ExclusiveTest.test222excl=PASS}


.
Time: 0.113

OK (1 test)

.
Time: 0.008

OK (1 test)

.
Time: 0.007

OK (1 test)

.
Time: 0.029

OK (1 test)

.
Time: 0.012

OK (1 test)

.
Time: 0.012

OK (1 test)

.
Time: 0.029

OK (1 test)

.
Time: 0.151

OK (1 test)

.
Time: 0.06

OK (1 test)

.
Time: 0.014

OK (1 test)

.
Time: 0.153

OK (1 test)

.
Time: 0.023

OK (1 test)

.
Time: 0.018

OK (1 test)

.
Time: 0.011

OK (1 test)

Execution time: 3692638753
0-th run
Pass: 14, Fail: 0, Error: 0
{org.apache.xml.security.test.c14n.implementations.Canonicalizer20010315Test.test31withComments=PASS, org.apache.xml.security.test.c14n.implementations.Canonicalizer20010315Test.test31=PASS, org.apache.xml.security.test.c14n.implementations.Canonicalizer20010315Test.test32=PASS, org.apache.xml.security.test.c14n.implementations.Canonicalizer20010315Test.test33=PASS, org.apache.xml.security.test.c14n.implementations.Canonicalizer20010315Test.test34validatingParser=PASS, org.apache.xml.security.test.c14n.implementations.Canonicalizer20010315Test.test35=PASS, org.apache.xml.security.test.c14n.implementations.Canonicalizer20010315Test.test36=PASS, org.apache.xml.security.test.c14n.implementations.Canonicalizer20010315Test.test37=PASS, org.apache.xml.security.test.c14n.implementations.Canonicalizer20010315Test.test37byNodeList=PASS, org.apache.xml.security.test.c14n.implementations.Canonicalizer20010315Test.testRelativeNSbehaviour=PASS, org.apache.xml.security.test.c14n.implementations.Canonicalizer20010315Test.testTranslationFromUTF16toUTF8=PASS, org.apache.xml.security.test.c14n.implementations.Canonicalizer20010315Test.testXMLAttributes1=PASS, org.apache.xml.security.test.c14n.implementations.Canonicalizer20010315Test.testXMLAttributes2=PASS, org.apache.xml.security.test.c14n.implementations.Canonicalizer20010315Test.testXMLAttributes3=PASS}


.
Time: 0.022

OK (1 test)

.
Time: 0.007

OK (1 test)

.
Time: 0.001

OK (1 test)

.
Time: 0.075

OK (1 test)

.
Time: 0.006

OK (1 test)

.
Time: 0.412

OK (1 test)

.
Time: 0.203

OK (1 test)

.
Time: 0.01

OK (1 test)

.
Time: 0.01

OK (1 test)

.
Time: 0.067

OK (1 test)

.
Time: 0.011

OK (1 test)

.
Time: 0.01

OK (1 test)

.
Time: 0.075

OK (1 test)

.
Time: 0.02

OK (1 test)

.
Time: 0.208

OK (1 test)

.
Time: 0.017

OK (1 test)

.
Time: 0.301

OK (1 test)

.
Time: 0.114

OK (1 test)

.
Time: 0.016

OK (1 test)

.
Time: 0.062

OK (1 test)

.
Time: 0.004

OK (1 test)

.
Time: 0.019

OK (1 test)

.
Time: 0

OK (1 test)

.
Time: 0

OK (1 test)

.
Time: 0.012

OK (1 test)

.
Time: 0.066

OK (1 test)

.
Time: 0.001

OK (1 test)

.
Time: 0.03

OK (1 test)

.
Time: 0.007

OK (1 test)

.
Time: 0.063

OK (1 test)

.
Time: 0.009

OK (1 test)

.
Time: 0.134

OK (1 test)

.
Time: 1.589

OK (1 test)

.
Time: 0.065

OK (1 test)

.
Time: 0.001

OK (1 test)

.
Time: 0.314

OK (1 test)

.
Time: 0.977

OK (1 test)

.
Time: 0.682

OK (1 test)

.F
Time: 15.919
There was 1 failure:
1) test_Y5(org.apache.xml.security.test.c14n.implementations.ExclusiveC14NInterop)junit.framework.AssertionFailedError: 8 10 19 24 26
	at org.apache.xml.security.test.c14n.implementations.ExclusiveC14NInterop.test_Y5(ExclusiveC14NInterop.java:201)
	at sun.reflect.NativeMethodAccessorImpl.invoke0(Native Method)
	at sun.reflect.NativeMethodAccessorImpl.invoke(NativeMethodAccessorImpl.java:57)
	at sun.reflect.DelegatingMethodAccessorImpl.invoke(DelegatingMethodAccessorImpl.java:43)
	at edu.washington.cs.dt.util.TestRunnerWrapper.main(TestRunnerWrapper.java:56)

FAILURES!!!
Tests run: 1,  Failures: 1,  Errors: 0

.
Time: 0.003

OK (1 test)

.

Time: 0.003

OK (1 test)

.
Time: 0.009

OK (1 test)

.
Time: 0.015

OK (1 test)

.
Time: 0.004

OK (1 test)

.
Time: 0.02

OK (1 test)

.
Time: 0.011

OK (1 test)

.
Time: 0.01

OK (1 test)

.
Time: 0.003

OK (1 test)

.
Time: 0.016

OK (1 test)

Execution time: 24819954850
0-th run
Pass: 48, Fail: 1, Error: 0
{org.apache.xml.security.test.c14n.implementations.Canonicalizer20010315ExclusiveTest.test222excl=PASS, org.apache.xml.security.test.c14n.implementations.Canonicalizer20010315Test.testRelativeNSbehaviour=PASS, org.apache.xml.security.test.c14n.helper.C14nHelperTest.testNamespaceIsAbsolute02=PASS, org.apache.xml.security.test.c14n.implementations.Canonicalizer20010315Test.test31withComments=PASS, org.apache.xml.security.test.algorithms.implementations.BlockEncryptionTest.test_3DES=PASS, org.apache.xml.security.test.algorithms.implementations.KeyWrapTest.test_AES_44=PASS, org.apache.xml.security.test.algorithms.implementations.KeyWrapTest.test_AES_42=PASS, org.apache.xml.security.test.c14n.implementations.Canonicalizer20010315ExclusiveTest.test222=PASS, org.apache.xml.security.test.c14n.implementations.Canonicalizer20010315Test.test32=PASS, org.apache.xml.security.test.algorithms.implementations.KeyWrapTest.test_AES_46=PASS, org.apache.xml.security.test.c14n.implementations.Canonicalizer20010315Test.test31=PASS, org.apache.xml.security.test.c14n.implementations.Canonicalizer20010315Test.test35=PASS, org.apache.xml.security.test.algorithms.implementations.BlockEncryptionTest.test_AES128=PASS, org.apache.xml.security.test.c14n.implementations.Canonicalizer20010315Test.testXMLAttributes3=PASS, org.apache.xml.security.test.algorithms.implementations.KeyWrapTest.test_3DES=PASS, org.apache.xml.security.test.c14n.implementations.Canonicalizer20010315ExclusiveTest.test221excl=PASS, org.apache.xml.security.test.c14n.implementations.Canonicalizer20010315Test.testTranslationFromUTF16toUTF8=PASS, org.apache.xml.security.test.algorithms.implementations.KeyWrapTest.test_AES_45=PASS, org.apache.xml.security.test.c14n.implementations.Canonicalizer20010315Test.testXMLAttributes2=PASS, org.apache.xml.security.test.algorithms.implementations.BlockEncryptionTest.test_AES192=PASS, org.apache.xml.security.test.c14n.implementations.Canonicalizer20010315Test.test36=PASS, org.apache.xml.security.test.c14n.implementations.Canonicalizer20010315Test.test33=PASS, org.apache.xml.security.test.c14n.helper.C14nHelperTest.testNamespaceIsRelative01=PASS, org.apache.xml.security.test.c14n.helper.C14nHelperTest.testNamespaceIsAbsolute03=PASS, org.apache.xml.security.test.c14n.implementations.Canonicalizer20010315Test.testXMLAttributes1=PASS, org.apache.xml.security.test.c14n.implementations.Canonicalizer20010315Test.test37=PASS, org.apache.xml.security.test.c14n.helper.C14nHelperTest.testNamespaceIsRelative02=PASS, org.apache.xml.security.test.c14n.implementations.Canonicalizer20010315Test.test37byNodeList=PASS, org.apache.xml.security.test.c14n.implementations.Canonicalizer20010315ExclusiveTest.test221=PASS, org.apache.xml.security.test.algorithms.implementations.KeyWrapTest.test_AES_43=PASS, org.apache.xml.security.test.c14n.implementations.Canonicalizer20010315Test.test34validatingParser=PASS, org.apache.xml.security.test.algorithms.implementations.KeyWrapTest.test_AES_41=PASS, org.apache.xml.security.test.c14n.implementations.Canonicalizer20010315ExclusiveTest.testA=PASS, org.apache.xml.security.test.algorithms.implementations.BlockEncryptionTest.test_AES256=PASS, org.apache.xml.security.test.c14n.helper.C14nHelperTest.testNamespaceIsAbsolute01=PASS, org.apache.xml.security.test.c14n.implementations.ExclusiveC14NInterop.test_Y1=PASS, org.apache.xml.security.test.c14n.implementations.ExclusiveC14NInterop.test_Y2=PASS, org.apache.xml.security.test.c14n.implementations.ExclusiveC14NInterop.test_Y3=PASS, org.apache.xml.security.test.c14n.implementations.ExclusiveC14NInterop.test_Y5=FAILURE, org.apache.xml.security.test.external.org.apache.xalan.XPathAPI.AttributeAncestorOrSelf.test01=PASS, org.apache.xml.security.test.external.org.apache.xalan.XPathAPI.AttributeAncestorOrSelf.test02=PASS, org.apache.xml.security.test.external.org.apache.xalan.XPathAPI.AttributeAncestorOrSelf.test03=PASS, org.apache.xml.security.test.external.org.apache.xalan.XPathAPI.XalanBug1425Test.testBad01=PASS, org.apache.xml.security.test.external.org.apache.xalan.XPathAPI.XalanBug1425Test.testBad02=PASS, org.apache.xml.security.test.external.org.apache.xalan.XPathAPI.XalanBug1425Test.testBad03=PASS, org.apache.xml.security.test.external.org.apache.xalan.XPathAPI.XalanBug1425Test.testGood01=PASS, org.apache.xml.security.test.external.org.apache.xalan.XPathAPI.XalanBug1425Test.testGood02=PASS, org.apache.xml.security.test.external.org.apache.xalan.XPathAPI.XalanBug1425Test.testGood03=PASS, org.apache.xml.security.test.external.org.apache.xalan.XPathAPI.XalanBug1425Test.testGood04=PASS}


.
Time: 0.058

OK (1 test)

.
Time: 0.472

OK (1 test)

.
Time: 0.234

OK (1 test)

.
Time: 0.322

OK (1 test)

.
Time: 0.12

OK (1 test)

.
Time: 0.18

OK (1 test)

.
Time: 0.158

OK (1 test)

.
Time: 0.182

OK (1 test)

.
Time: 0.177

OK (1 test)

.
Time: 6.576

OK (1 test)

.
Time: 0.159

OK (1 test)

.
Time: 0.143

OK (1 test)

.
Time: 0.182

OK (1 test)

.
Time: 0.268

OK (1 test)

Execution time: 12628717234
0-th run
Pass: 14, Fail: 0, Error: 0
{org.apache.xml.security.test.external.org.apache.xalan.XPathAPI.XalanBug1425Test.testGood05=PASS, org.apache.xml.security.test.interop.BaltimoreTest.test_fifteen_enveloping_hmac_sha1=PASS, org.apache.xml.security.test.interop.BaltimoreTest.test_fifteen_enveloping_hmac_sha1_40=PASS, org.apache.xml.security.test.interop.BaltimoreTest.test_fifteen_enveloped_dsa=PASS, org.apache.xml.security.test.interop.BaltimoreTest.test_fifteen_enveloping_b64_dsa=PASS, org.apache.xml.security.test.interop.BaltimoreTest.test_fifteen_enveloping_dsa=PASS, org.apache.xml.security.test.interop.BaltimoreTest.test_fifteen_enveloping_rsa=PASS, org.apache.xml.security.test.interop.BaltimoreTest.test_fifteen_external_b64_dsa=PASS, org.apache.xml.security.test.interop.BaltimoreTest.test_fifteen_external_dsa=PASS, org.apache.xml.security.test.interop.BaltimoreTest.test_sixteen_external_dsa=PASS, org.apache.xml.security.test.interop.IAIKTest.test_signatureAlgorithms_signatures_hMACShortSignature=PASS, org.apache.xml.security.test.interop.IAIKTest.test_signatureAlgorithms_signatures_hMACSignature=PASS, org.apache.xml.security.test.interop.IAIKTest.test_coreFeatures_signatures_manifestSignature_core=PASS, org.apache.xml.security.test.interop.IAIKTest.test_coreFeatures_signatures_manifestSignature_manifest=PASS}


.
Time: 3.313

OK (1 test)

.
Time: 0.301

OK (1 test)

.
Time: 0.482

OK (1 test)

.
Time: 0.254

OK (1 test)

.
Time: 0.303

OK (1 test)

.
Time: 0.463

OK (1 test)

.
Time: 0.271

OK (1 test)

.
Time: 0.383

OK (1 test)

.E
Time: 0.018
There was 1 error:
1) test_enveloping_hmac(org.apache.xml.security.test.interop.IBMTest)java.io.FileNotFoundException: data/com/ibm/xss4j-20011029/enveloping-hmac.key (No such file or directory)
	at java.io.FileInputStream.open(Native Method)
	at java.io.FileInputStream.<init>(FileInputStream.java:146)
	at java.io.FileInputStream.<init>(FileInputStream.java:101)
	at org.apache.xml.security.utils.JavaUtils.getBytesFromFile(JavaUtils.java:232)
	at org.apache.xml.security.test.interop.IBMTest.test_enveloping_hmac(IBMTest.java:157)
	at sun.reflect.NativeMethodAccessorImpl.invoke0(Native Method)
	at sun.reflect.NativeMethodAccessorImpl.invoke(NativeMethodAccessorImpl.java:57)
	at sun.reflect.DelegatingMethodAccessorImpl.invoke(DelegatingMethodAccessorImpl.java:43)
	at edu.washington.cs.dt.util.TestRunnerWrapper.main(TestRunnerWrapper.java:56)

FAILURES!!!
Tests run: 1,  Failures: 0,  Errors: 1

.E
Time: 0.02
There was 1 error:
1) test_detached_dsa(org.apache.xml.security.test.interop.IBMTest)java.io.FileNotFoundException: data/com/ibm/xss4j-20011029/detached-dsa.sig (No such file or directory)
	at java.io.FileInputStream.open(Native Method)
	at java.io.FileInputStream.<init>(FileInputStream.java:146)
	at org.apache.xml.security.test.interop.InteropTest.verify(InteropTest.java:117)
	at org.apache.xml.security.test.interop.IBMTest.test_detached_dsa(IBMTest.java:186)
	at sun.reflect.NativeMethodAccessorImpl.invoke0(Native Method)
	at sun.reflect.NativeMethodAccessorImpl.invoke(NativeMethodAccessorImpl.java:57)
	at sun.reflect.DelegatingMethodAccessorImpl.invoke(DelegatingMethodAccessorImpl.java:43)
	at edu.washington.cs.dt.util.TestRunnerWrapper.main(TestRunnerWrapper.java:56)

FAILURES!!!
Tests run: 1,  Failures: 0,  Errors: 1

.E
Time: 0.025
There was 1 error:
1) test_detached_rsa(org.apache.xml.security.test.interop.IBMTest)java.io.FileNotFoundException: data/com/ibm/xss4j-20011029/detached-rsa.sig (No such file or directory)
	at java.io.FileInputStream.open(Native Method)
	at java.io.FileInputStream.<init>(FileInputStream.java:146)
	at org.apache.xml.security.test.interop.InteropTest.verify(InteropTest.java:117)
	at org.apache.xml.security.test.interop.IBMTest.test_detached_rsa(IBMTest.java:211)
	at sun.reflect.NativeMethodAccessorImpl.invoke0(Native Method)
	at sun.reflect.NativeMethodAccessorImpl.invoke(NativeMethodAccessorImpl.java:57)
	at sun.reflect.DelegatingMethodAccessorImpl.invoke(DelegatingMethodAccessorImpl.java:43)
	at edu.washington.cs.dt.util.TestRunnerWrapper.main(TestRunnerWrapper.java:56)

FAILURES!!!
Tests run: 1,  Failures: 0,  Errors: 1

.E
Time: 0.012
There was 1 error:
1) test_enveloped_dsa(org.apache.xml.security.test.interop.IBMTest)java.io.FileNotFoundException: data/com/ibm/xss4j-20011029/enveloped-dsa.sig (No such file or directory)
	at java.io.FileInputStream.open(Native Method)
	at java.io.FileInputStream.<init>(FileInputStream.java:146)
	at org.apache.xml.security.test.interop.InteropTest.verify(InteropTest.java:117)
	at org.apache.xml.security.test.interop.IBMTest.test_enveloped_dsa(IBMTest.java:236)
	at sun.reflect.NativeMethodAccessorImpl.invoke0(Native Method)
	at sun.reflect.NativeMethodAccessorImpl.invoke(NativeMethodAccessorImpl.java:57)
	at sun.reflect.DelegatingMethodAccessorImpl.invoke(DelegatingMethodAccessorImpl.java:43)
	at edu.washington.cs.dt.util.TestRunnerWrapper.main(TestRunnerWrapper.java:56)

FAILURES!!!
Tests run: 1,  Failures: 0,  Errors: 1

.E
Time: 0.019
There was 1 error:
1) test_enveloped_rsa(org.apache.xml.security.test.interop.IBMTest)java.io.FileNotFoundException: data/com/ibm/xss4j-20011029/enveloped-rsa.sig (No such file or directory)
	at java.io.FileInputStream.open(Native Method)
	at java.io.FileInputStream.<init>(FileInputStream.java:146)
	at org.apache.xml.security.test.interop.InteropTest.verify(InteropTest.java:117)
	at org.apache.xml.security.test.interop.IBMTest.test_enveloped_rsa(IBMTest.java:261)
	at sun.reflect.NativeMethodAccessorImpl.invoke0(Native Method)
	at sun.reflect.NativeMethodAccessorImpl.invoke(NativeMethodAccessorImpl.java:57)
	at sun.reflect.DelegatingMethodAccessorImpl.invoke(DelegatingMethodAccessorImpl.java:43)
	at edu.washington.cs.dt.util.TestRunnerWrapper.main(TestRunnerWrapper.java:56)

FAILURES!!!
Tests run: 1,  Failures: 0,  Errors: 1

.E
Time: 0.013
There was 1 error:
1) test_enveloping_dsa(org.apache.xml.security.test.interop.IBMTest)java.io.FileNotFoundException: data/com/ibm/xss4j-20011029/enveloping-dsa.sig (No such file or directory)
	at java.io.FileInputStream.open(Native Method)
	at java.io.FileInputStream.<init>(FileInputStream.java:146)
	at org.apache.xml.security.test.interop.InteropTest.verify(InteropTest.java:117)
	at org.apache.xml.security.test.interop.IBMTest.test_enveloping_dsa(IBMTest.java:286)
	at sun.reflect.NativeMethodAccessorImpl.invoke0(Native Method)
	at sun.reflect.NativeMethodAccessorImpl.invoke(NativeMethodAccessorImpl.java:57)
	at sun.reflect.DelegatingMethodAccessorImpl.invoke(DelegatingMethodAccessorImpl.java:43)
	at edu.washington.cs.dt.util.TestRunnerWrapper.main(TestRunnerWrapper.java:56)

FAILURES!!!
Tests run: 1,  Failures: 0,  Errors: 1

Execution time: 11067722570
0-th run
Pass: 8, Fail: 0, Error: 6
{org.apache.xml.security.test.interop.IAIKTest.test_coreFeatures_signatures_signatureTypesSignature=PASS, org.apache.xml.security.test.interop.IAIKTest.test_coreFeatures_signatures_anonymousReferenceSignature=PASS, org.apache.xml.security.test.interop.IAIKTest.test_signatureAlgorithms_signatures_dSASignature=PASS, org.apache.xml.security.test.interop.IAIKTest.test_signatureAlgorithms_signatures_rSASignature=PASS, org.apache.xml.security.test.interop.IAIKTest.test_transforms_signatures_base64DecodeSignature=PASS, org.apache.xml.security.test.interop.IAIKTest.test_transforms_signatures_c14nSignature=PASS, org.apache.xml.security.test.interop.IAIKTest.test_transforms_signatures_envelopedSignatureSignature=PASS, org.apache.xml.security.test.interop.IAIKTest.test_transforms_signatures_xPathSignature=PASS, org.apache.xml.security.test.interop.IBMTest.test_enveloping_hmac=ERROR, org.apache.xml.security.test.interop.IBMTest.test_detached_dsa=ERROR, org.apache.xml.security.test.interop.IBMTest.test_detached_rsa=ERROR, org.apache.xml.security.test.interop.IBMTest.test_enveloped_dsa=ERROR, org.apache.xml.security.test.interop.IBMTest.test_enveloped_rsa=ERROR, org.apache.xml.security.test.interop.IBMTest.test_enveloping_dsa=ERROR}


.E
Time: 0.014
There was 1 error:
1) test_enveloping_rsa(org.apache.xml.security.test.interop.IBMTest)java.io.FileNotFoundException: data/com/ibm/xss4j-20011029/enveloping-rsa.sig (No such file or directory)
	at java.io.FileInputStream.open(Native Method)
	at java.io.FileInputStream.<init>(FileInputStream.java:146)
	at org.apache.xml.security.test.interop.InteropTest.verify(InteropTest.java:117)
	at org.apache.xml.security.test.interop.IBMTest.test_enveloping_rsa(IBMTest.java:311)
	at sun.reflect.NativeMethodAccessorImpl.invoke0(Native Method)
	at sun.reflect.NativeMethodAccessorImpl.invoke(NativeMethodAccessorImpl.java:57)
	at sun.reflect.DelegatingMethodAccessorImpl.invoke(DelegatingMethodAccessorImpl.java:43)
	at edu.washington.cs.dt.util.TestRunnerWrapper.main(TestRunnerWrapper.java:56)

FAILURES!!!
Tests run: 1,  Failures: 0,  Errors: 1

.E
Time: 0.006
There was 1 error:
1) test_enveloping_dsa_soaped_broken(org.apache.xml.security.test.interop.IBMTest)java.io.FileNotFoundException: data/com/ibm/xss4j-20011029/enveloping-dsa-soaped-broken.sig (No such file or directory)
	at java.io.FileInputStream.open(Native Method)
	at java.io.FileInputStream.<init>(FileInputStream.java:146)
	at org.apache.xml.security.test.interop.InteropTest.verify(InteropTest.java:117)
	at org.apache.xml.security.test.interop.IBMTest.test_enveloping_dsa_soaped_broken(IBMTest.java:336)
	at sun.reflect.NativeMethodAccessorImpl.invoke0(Native Method)
	at sun.reflect.NativeMethodAccessorImpl.invoke(NativeMethodAccessorImpl.java:57)
	at sun.reflect.DelegatingMethodAccessorImpl.invoke(DelegatingMethodAccessorImpl.java:43)
	at edu.washington.cs.dt.util.TestRunnerWrapper.main(TestRunnerWrapper.java:56)

FAILURES!!!
Tests run: 1,  Failures: 0,  Errors: 1

.
Time: 1.444

OK (1 test)

.
Time: 0.295

OK (1 test)

.
Time: 0.01

OK (1 test)

.
Time: 0.089

OK (1 test)

.
Time: 0.01

OK (1 test)

.
Time: 0.025

OK (1 test)

.
Time: 0.109

OK (1 test)

.
Time: 0.031

OK (1 test)

.
Time: 0.025

OK (1 test)

.
Time: 0

OK (1 test)

.
Time: 0.008

OK (1 test)

.
Time: 0.005

OK (1 test)

Execution time: 6721788158
0-th run
Pass: 12, Fail: 0, Error: 2
{org.apache.xml.security.test.interop.IBMTest.test_enveloping_rsa=ERROR, org.apache.xml.security.test.interop.IBMTest.test_enveloping_dsa_soaped_broken=ERROR, org.apache.xml.security.test.interop.RSASecurityTest.test_enveloping=PASS, org.apache.xml.security.test.interop.RSASecurityTest.test_enveloped=PASS, org.apache.xml.security.test.signature.XMLSignatureInputTest.testSetOctetStreamGetOctetStream=PASS, org.apache.xml.security.test.signature.XMLSignatureInputTest.testSetOctetStreamGetNodeSet1=PASS, org.apache.xml.security.test.signature.XMLSignatureInputTest.testSetOctetStreamGetNodeSet2=PASS, org.apache.xml.security.test.signature.XMLSignatureInputTest.testSetOctetStreamGetNodeSet3=PASS, org.apache.xml.security.test.signature.XMLSignatureInputTest.testSetOctetStreamGetNodeSet4=PASS, org.apache.xml.security.test.signature.XMLSignatureInputTest.testSetNodeSetGetNodeSet1=PASS, org.apache.xml.security.test.signature.XMLSignatureInputTest.testSetNodeSetGetOctetStream1=PASS, org.apache.xml.security.test.signature.XMLSignatureInputTest.testIsInitializedWithOctetStream=PASS, org.apache.xml.security.test.signature.XMLSignatureInputTest.testOctetStreamIsOctetStream=PASS, org.apache.xml.security.test.signature.XMLSignatureInputTest.testOctetStreamIsNotNodeSet=PASS}


.
Time: 0.019

OK (1 test)

.
Time: 0.02

OK (1 test)

.
Time: 0.024

OK (1 test)

.
Time: 0.033

OK (1 test)

.
Time: 0.026

OK (1 test)

.
Time: 0.101

OK (1 test)

.
Time: 0.006

OK (1 test)

.
Time: 0.038

OK (1 test)

.
Time: 0.037

OK (1 test)

Execution time: 4972704679
0-th run
Pass: 9, Fail: 0, Error: 0
{org.apache.xml.security.test.signature.XMLSignatureInputTest.testIsInitializedWithNodeSet=PASS, org.apache.xml.security.test.signature.XMLSignatureInputTest.testNodeSetIsNotOctetStream=PASS, org.apache.xml.security.test.signature.XMLSignatureInputTest.testNodeSetIsNodeSet=PASS, org.apache.xml.security.test.transforms.implementations.TransformBase64DecodeTest.test1=PASS, org.apache.xml.security.test.transforms.implementations.TransformBase64DecodeTest.test2=PASS, org.apache.xml.security.test.transforms.implementations.TransformBase64DecodeTest.test3=PASS, org.apache.xml.security.test.utils.Base64Test.testA1=PASS, org.apache.xml.security.test.utils.resolver.ResourceResolverSpiTest.testExpandSystemId_1=PASS, org.apache.xml.security.test.utils.resolver.ResourceResolverSpiTest.testExpandSystemId_2=PASS}


