.
Time: 10.22

OK (1 test)

.
Time: 0.422

OK (1 test)

.
Time: 0.95

OK (1 test)

.
Time: 0.099

OK (1 test)

.
Time: 0.236

OK (1 test)

.
Time: 0.419

OK (1 test)

.E
Time: 0.076
There was 1 error:
1) test_detached_dsa(org.apache.xml.security.test.interop.IBMTest)java.io.FileNotFoundException: data/com/ibm/xss4j-20011029/detached-dsa.sig (No such file or directory)
	at java.io.FileInputStream.open(Native Method)
	at java.io.FileInputStream.<init>(FileInputStream.java:146)
	at org.apache.xml.security.test.interop.InteropTest.verify(InteropTest.java:117)
	at org.apache.xml.security.test.interop.IBMTest.test_detached_dsa(IBMTest.java:186)
	at sun.reflect.NativeMethodAccessorImpl.invoke0(Native Method)
	at sun.reflect.NativeMethodAccessorImpl.invoke(NativeMethodAccessorImpl.java:57)
	at sun.reflect.DelegatingMethodAccessorImpl.invoke(DelegatingMethodAccessorImpl.java:43)
	at edu.washington.cs.dt.util.TestRunnerWrapper.main(TestRunnerWrapper.java:56)

FAILURES!!!
Tests run: 1,  Failures: 0,  Errors: 1

Execution time: 14687522581
0-th run
Pass: 6, Fail: 0, Error: 1
{org.apache.xml.security.test.algorithms.implementations.KeyWrapTest.test_AES_42=PASS, org.apache.xml.security.test.c14n.implementations.Canonicalizer20010315Test.testXMLAttributes1=PASS, org.apache.xml.security.test.algorithms.implementations.KeyWrapTest.test_3DES=PASS, org.apache.xml.security.test.signature.XMLSignatureInputTest.testSetOctetStreamGetNodeSet3=PASS, org.apache.xml.security.test.signature.XMLSignatureInputTest.testSetOctetStreamGetNodeSet4=PASS, org.apache.xml.security.test.external.org.apache.xalan.XPathAPI.XalanBug1425Test.testBad01=PASS, org.apache.xml.security.test.interop.IBMTest.test_detached_dsa=ERROR}


.
Time: 0.419

OK (1 test)

.E
Time: 0.059
There was 1 error:
1) test_enveloping_rsa(org.apache.xml.security.test.interop.IBMTest)java.io.FileNotFoundException: data/com/ibm/xss4j-20011029/enveloping-rsa.sig (No such file or directory)
	at java.io.FileInputStream.open(Native Method)
	at java.io.FileInputStream.<init>(FileInputStream.java:146)
	at org.apache.xml.security.test.interop.InteropTest.verify(InteropTest.java:117)
	at org.apache.xml.security.test.interop.IBMTest.test_enveloping_rsa(IBMTest.java:311)
	at sun.reflect.NativeMethodAccessorImpl.invoke0(Native Method)
	at sun.reflect.NativeMethodAccessorImpl.invoke(NativeMethodAccessorImpl.java:57)
	at sun.reflect.DelegatingMethodAccessorImpl.invoke(DelegatingMethodAccessorImpl.java:43)
	at edu.washington.cs.dt.util.TestRunnerWrapper.main(TestRunnerWrapper.java:56)

FAILURES!!!
Tests run: 1,  Failures: 0,  Errors: 1

.
Time: 1.058

OK (1 test)

.
Time: 0.215

OK (1 test)

.
Time: 0.049

OK (1 test)

.
Time: 0.019

OK (1 test)

.
Time: 0.115

OK (1 test)

.
Time: 0.041

OK (1 test)

.
Time: 0.947

OK (1 test)

.
Time: 0.382

OK (1 test)

.
Time: 0.014

OK (1 test)

.
Time: 0.049

OK (1 test)

.
Time: 0.337

OK (1 test)

.
Time: 0.03

OK (1 test)

.
Time: 0.034

OK (1 test)

.
Time: 0.199

OK (1 test)

.
Time: 0.126

OK (1 test)

.
Time: 0.871

OK (1 test)

.
Time: 0.054

OK (1 test)

.
Time: 1.286

OK (1 test)

.
Time: 0.43

OK (1 test)

.
Time: 0.101

OK (1 test)

.
Time: 0.198

OK (1 test)

.
Time: 0.139

OK (1 test)

.
Time: 0.225

OK (1 test)

.
Time: 0.005

OK (1 test)

.
Time: 0.007

OK (1 test)

.
Time: 0.08

OK (1 test)

.
Time: 0.396

OK (1 test)

.
Time: 0

OK (1 test)

.
Time: 0.12

OK (1 test)

.
Time: 0.05

OK (1 test)

.
Time: 0.249

OK (1 test)

.
Time: 0.435

OK (1 test)

.
Time: 5.119

OK (1 test)

.
Time: 0.338

OK (1 test)

.
Time: 0.002

OK (1 test)

.
Time: 2.842

OK (1 test)

.F
Time: 45.505
There was 1 failure:
1) test_Y5(org.apache.xml.security.test.c14n.implementations.ExclusiveC14NInterop)junit.framework.AssertionFailedError: 8 10 19 24 26
	at org.apache.xml.security.test.c14n.implementations.ExclusiveC14NInterop.test_Y5(ExclusiveC14NInterop.java:201)
	at sun.reflect.NativeMethodAccessorImpl.invoke0(Native Method)
	at sun.reflect.NativeMethodAccessorImpl.invoke(NativeMethodAccessorImpl.java:57)
	at sun.reflect.DelegatingMethodAccessorImpl.invoke(DelegatingMethodAccessorImpl.java:43)
	at edu.washington.cs.dt.util.TestRunnerWrapper.main(TestRunnerWrapper.java:56)

FAILURES!!!
Tests run: 1,  Failures: 1,  Errors: 0

.
Time: 0.139

OK (1 test)

Execution time: 74493498756
0-th run
Pass: 38, Fail: 1, Error: 1
{org.apache.xml.security.test.c14n.implementations.Canonicalizer20010315Test.test34validatingParser=PASS, org.apache.xml.security.test.interop.IBMTest.test_enveloping_rsa=ERROR, org.apache.xml.security.test.algorithms.implementations.TripleDESWrapperTest.test34=PASS, org.apache.xml.security.test.c14n.implementations.Canonicalizer20010315ExclusiveTest.test222excl=PASS, org.apache.xml.security.test.c14n.implementations.Canonicalizer20010315Test.testRelativeNSbehaviour=PASS, org.apache.xml.security.test.c14n.helper.C14nHelperTest.testNamespaceIsAbsolute02=PASS, org.apache.xml.security.test.c14n.implementations.Canonicalizer20010315Test.test31withComments=PASS, org.apache.xml.security.test.algorithms.implementations.BlockEncryptionTest.test_3DES=PASS, org.apache.xml.security.test.algorithms.implementations.KeyWrapTest.test_AES_44=PASS, org.apache.xml.security.test.algorithms.implementations.KeyWrapTest.test_AES_42=PASS, org.apache.xml.security.test.c14n.implementations.Canonicalizer20010315ExclusiveTest.test222=PASS, org.apache.xml.security.test.c14n.implementations.Canonicalizer20010315Test.test32=PASS, org.apache.xml.security.test.algorithms.implementations.KeyWrapTest.test_AES_46=PASS, org.apache.xml.security.test.c14n.implementations.Canonicalizer20010315Test.test31=PASS, org.apache.xml.security.test.c14n.implementations.Canonicalizer20010315Test.test35=PASS, org.apache.xml.security.test.algorithms.implementations.BlockEncryptionTest.test_AES128=PASS, org.apache.xml.security.test.c14n.implementations.Canonicalizer20010315Test.testXMLAttributes3=PASS, org.apache.xml.security.test.algorithms.implementations.KeyWrapTest.test_3DES=PASS, org.apache.xml.security.test.c14n.implementations.Canonicalizer20010315ExclusiveTest.test221excl=PASS, org.apache.xml.security.test.c14n.implementations.Canonicalizer20010315Test.testTranslationFromUTF16toUTF8=PASS, org.apache.xml.security.test.algorithms.implementations.KeyWrapTest.test_AES_45=PASS, org.apache.xml.security.test.c14n.implementations.Canonicalizer20010315Test.testXMLAttributes2=PASS, org.apache.xml.security.test.algorithms.implementations.BlockEncryptionTest.test_AES192=PASS, org.apache.xml.security.test.c14n.implementations.Canonicalizer20010315Test.test36=PASS, org.apache.xml.security.test.c14n.implementations.Canonicalizer20010315Test.test33=PASS, org.apache.xml.security.test.c14n.helper.C14nHelperTest.testNamespaceIsRelative01=PASS, org.apache.xml.security.test.c14n.helper.C14nHelperTest.testNamespaceIsAbsolute03=PASS, org.apache.xml.security.test.c14n.implementations.Canonicalizer20010315Test.testXMLAttributes1=PASS, org.apache.xml.security.test.c14n.implementations.Canonicalizer20010315Test.test37=PASS, org.apache.xml.security.test.c14n.helper.C14nHelperTest.testNamespaceIsRelative02=PASS, org.apache.xml.security.test.c14n.implementations.Canonicalizer20010315Test.test37byNodeList=PASS, org.apache.xml.security.test.c14n.implementations.Canonicalizer20010315ExclusiveTest.test221=PASS, org.apache.xml.security.test.algorithms.implementations.KeyWrapTest.test_AES_43=PASS, org.apache.xml.security.test.algorithms.implementations.KeyWrapTest.test_AES_41=PASS, org.apache.xml.security.test.c14n.implementations.Canonicalizer20010315ExclusiveTest.testA=PASS, org.apache.xml.security.test.algorithms.implementations.BlockEncryptionTest.test_AES256=PASS, org.apache.xml.security.test.c14n.helper.C14nHelperTest.testNamespaceIsAbsolute01=PASS, org.apache.xml.security.test.c14n.implementations.ExclusiveC14NInterop.test_Y3=PASS, org.apache.xml.security.test.c14n.implementations.ExclusiveC14NInterop.test_Y5=FAILURE, org.apache.xml.security.test.interop.BaltimoreTest.test_fifteen_enveloping_dsa=PASS}


.
Time: 2.949

OK (1 test)

.
Time: 1.906

OK (1 test)

.
Time: 0.671

OK (1 test)

.
Time: 0.208

OK (1 test)

.
Time: 0.013

OK (1 test)

.
Time: 0.528

OK (1 test)

.
Time: 0.543

OK (1 test)

Execution time: 13022197242
0-th run
Pass: 7, Fail: 0, Error: 0
{org.apache.xml.security.test.algorithms.implementations.AESWrapperTest.test45=PASS, org.apache.xml.security.test.interop.BaltimoreTest.test_fifteen_enveloping_rsa=PASS, org.apache.xml.security.test.interop.BaltimoreTest.test_fifteen_enveloping_b64_dsa=PASS, org.apache.xml.security.test.c14n.implementations.Canonicalizer20010315Test.test33=PASS, org.apache.xml.security.test.c14n.implementations.Canonicalizer20010315Test.testRelativeNSbehaviour=PASS, org.apache.xml.security.test.interop.IAIKTest.test_coreFeatures_signatures_manifestSignature_manifest=PASS, org.apache.xml.security.test.interop.IAIKTest.test_transforms_signatures_envelopedSignatureSignature=PASS}


.
Time: 0.16

OK (1 test)

.
Time: 0.049

OK (1 test)

.
Time: 0.541

OK (1 test)

.
Time: 2.465

OK (1 test)

.
Time: 0.498

OK (1 test)

.
Time: 0.051

OK (1 test)

.
Time: 0.048

OK (1 test)

Execution time: 14160901892
0-th run
Pass: 7, Fail: 0, Error: 0
{org.apache.xml.security.test.c14n.implementations.Canonicalizer20010315Test.test32=PASS, org.apache.xml.security.test.external.org.apache.xalan.XPathAPI.AttributeAncestorOrSelf.test03=PASS, org.apache.xml.security.test.algorithms.implementations.AESWrapperTest.test42=PASS, org.apache.xml.security.test.interop.RSASecurityTest.test_enveloped=PASS, org.apache.xml.security.test.interop.BaltimoreTest.test_fifteen_enveloping_hmac_sha1_40=PASS, org.apache.xml.security.test.utils.resolver.ResourceResolverSpiTest.testExpandSystemId_2=PASS, org.apache.xml.security.test.signature.XMLSignatureInputTest.testNodeSetIsNotOctetStream=PASS}


.
Time: 0.037

OK (1 test)

.
Time: 0.99

OK (1 test)

.
Time: 16.036

OK (1 test)

.
Time: 0.068

OK (1 test)

.
Time: 0.17

OK (1 test)

.
Time: 0.005

OK (1 test)

.
Time: 0.592

OK (1 test)

Execution time: 26264726742
0-th run
Pass: 7, Fail: 0, Error: 0
{org.apache.xml.security.test.c14n.implementations.Canonicalizer20010315ExclusiveTest.test221excl=PASS, org.apache.xml.security.test.algorithms.implementations.AESWrapperTest.test41=PASS, org.apache.xml.security.test.interop.BaltimoreTest.test_sixteen_external_dsa=PASS, org.apache.xml.security.test.c14n.implementations.Canonicalizer20010315ExclusiveTest.test222=PASS, org.apache.xml.security.test.transforms.implementations.TransformBase64DecodeTest.test3=PASS, org.apache.xml.security.test.c14n.helper.C14nHelperTest.testNamespaceIsRelative02=PASS, org.apache.xml.security.test.interop.IAIKTest.test_signatureAlgorithms_signatures_rSASignature=PASS}


.
Time: 0.057

OK (1 test)

.E
Time: 0.071
There was 1 error:
1) test_enveloped_dsa(org.apache.xml.security.test.interop.IBMTest)java.io.FileNotFoundException: data/com/ibm/xss4j-20011029/enveloped-dsa.sig (No such file or directory)
	at java.io.FileInputStream.open(Native Method)
	at java.io.FileInputStream.<init>(FileInputStream.java:146)
	at org.apache.xml.security.test.interop.InteropTest.verify(InteropTest.java:117)
	at org.apache.xml.security.test.interop.IBMTest.test_enveloped_dsa(IBMTest.java:236)
	at sun.reflect.NativeMethodAccessorImpl.invoke0(Native Method)
	at sun.reflect.NativeMethodAccessorImpl.invoke(NativeMethodAccessorImpl.java:57)
	at sun.reflect.DelegatingMethodAccessorImpl.invoke(DelegatingMethodAccessorImpl.java:43)
	at edu.washington.cs.dt.util.TestRunnerWrapper.main(TestRunnerWrapper.java:56)

FAILURES!!!
Tests run: 1,  Failures: 0,  Errors: 1

.
Time: 0.605

OK (1 test)

.
Time: 0.065

OK (1 test)

.E
Time: 0.031
There was 1 error:
1) test_enveloping_dsa(org.apache.xml.security.test.interop.IBMTest)java.io.FileNotFoundException: data/com/ibm/xss4j-20011029/enveloping-dsa.sig (No such file or directory)
	at java.io.FileInputStream.open(Native Method)
	at java.io.FileInputStream.<init>(FileInputStream.java:146)
	at org.apache.xml.security.test.interop.InteropTest.verify(InteropTest.java:117)
	at org.apache.xml.security.test.interop.IBMTest.test_enveloping_dsa(IBMTest.java:286)
	at sun.reflect.NativeMethodAccessorImpl.invoke0(Native Method)
	at sun.reflect.NativeMethodAccessorImpl.invoke(NativeMethodAccessorImpl.java:57)
	at sun.reflect.DelegatingMethodAccessorImpl.invoke(DelegatingMethodAccessorImpl.java:43)
	at edu.washington.cs.dt.util.TestRunnerWrapper.main(TestRunnerWrapper.java:56)

FAILURES!!!
Tests run: 1,  Failures: 0,  Errors: 1

.
Time: 0.036

OK (1 test)

.E
Time: 0.009
There was 1 error:
1) test_enveloping_hmac(org.apache.xml.security.test.interop.IBMTest)java.io.FileNotFoundException: data/com/ibm/xss4j-20011029/enveloping-hmac.key (No such file or directory)
	at java.io.FileInputStream.open(Native Method)
	at java.io.FileInputStream.<init>(FileInputStream.java:146)
	at java.io.FileInputStream.<init>(FileInputStream.java:101)
	at org.apache.xml.security.utils.JavaUtils.getBytesFromFile(JavaUtils.java:232)
	at org.apache.xml.security.test.interop.IBMTest.test_enveloping_hmac(IBMTest.java:157)
	at sun.reflect.NativeMethodAccessorImpl.invoke0(Native Method)
	at sun.reflect.NativeMethodAccessorImpl.invoke(NativeMethodAccessorImpl.java:57)
	at sun.reflect.DelegatingMethodAccessorImpl.invoke(DelegatingMethodAccessorImpl.java:43)
	at edu.washington.cs.dt.util.TestRunnerWrapper.main(TestRunnerWrapper.java:56)

FAILURES!!!
Tests run: 1,  Failures: 0,  Errors: 1

Execution time: 9637084105
0-th run
Pass: 4, Fail: 0, Error: 3
{org.apache.xml.security.test.external.org.apache.xalan.XPathAPI.AttributeAncestorOrSelf.test02=PASS, org.apache.xml.security.test.interop.IBMTest.test_enveloped_dsa=ERROR, org.apache.xml.security.test.algorithms.implementations.AESWrapperTest.test44=PASS, org.apache.xml.security.test.transforms.implementations.TransformBase64DecodeTest.test2=PASS, org.apache.xml.security.test.interop.IBMTest.test_enveloping_dsa=ERROR, org.apache.xml.security.test.utils.resolver.ResourceResolverSpiTest.testExpandSystemId_1=PASS, org.apache.xml.security.test.interop.IBMTest.test_enveloping_hmac=ERROR}


.
Time: 8.099

OK (1 test)

.
Time: 0.219

OK (1 test)

.
Time: 0.29

OK (1 test)

.
Time: 0.049

OK (1 test)

.
Time: 0.079

OK (1 test)

.
Time: 0.005

OK (1 test)

.
Time: 2.422

OK (1 test)

Execution time: 13084782028
0-th run
Pass: 7, Fail: 0, Error: 0
{org.apache.xml.security.test.algorithms.implementations.KeyWrapTest.test_AES_45=PASS, org.apache.xml.security.test.external.org.apache.xalan.XPathAPI.XalanBug1425Test.testGood04=PASS, org.apache.xml.security.test.c14n.implementations.Canonicalizer20010315Test.test36=PASS, org.apache.xml.security.test.external.org.apache.xalan.XPathAPI.XalanBug1425Test.testBad02=PASS, org.apache.xml.security.test.c14n.implementations.Canonicalizer20010315Test.testXMLAttributes3=PASS, org.apache.xml.security.test.utils.Base64Test.testA1=PASS, org.apache.xml.security.test.interop.IAIKTest.test_coreFeatures_signatures_manifestSignature_core=PASS}


.
Time: 0.027

OK (1 test)

.
Time: 0.06

OK (1 test)

.
Time: 0.639

OK (1 test)

.
Time: 0.397

OK (1 test)

.E
Time: 0.066
There was 1 error:
1) test_Y4_stripped(org.apache.xml.security.test.c14n.implementations.C14NInterop)java.io.FileNotFoundException: /home/winglam/workspace/dependent-tests-impact/experiments/xml-security-orig-v1/data/interop/c14n/Y4/signatureStripped.xml (No such file or directory)
	at java.io.FileInputStream.open(Native Method)
	at java.io.FileInputStream.<init>(FileInputStream.java:146)
	at java.io.FileInputStream.<init>(FileInputStream.java:101)
	at sun.net.www.protocol.file.FileURLConnection.connect(FileURLConnection.java:90)
	at sun.net.www.protocol.file.FileURLConnection.getInputStream(FileURLConnection.java:188)
	at java.net.URL.openStream(URL.java:1037)
	at org.apache.xerces.impl.XMLEntityManager.startEntity(XMLEntityManager.java:731)
	at org.apache.xerces.impl.XMLEntityManager.startDocumentEntity(XMLEntityManager.java:676)
	at org.apache.xerces.impl.XMLDocumentScannerImpl.setInputSource(XMLDocumentScannerImpl.java:252)
	at org.apache.xerces.parsers.StandardParserConfiguration.parse(StandardParserConfiguration.java:499)
	at org.apache.xerces.parsers.StandardParserConfiguration.parse(StandardParserConfiguration.java:581)
	at org.apache.xerces.parsers.XMLParser.parse(XMLParser.java:147)
	at org.apache.xerces.parsers.DOMParser.parse(DOMParser.java:221)
	at org.apache.xerces.jaxp.DocumentBuilderImpl.parse(DocumentBuilderImpl.java:209)
	at javax.xml.parsers.DocumentBuilder.parse(DocumentBuilder.java:205)
	at org.apache.xml.security.test.c14n.implementations.C14NInterop.t(C14NInterop.java:210)
	at org.apache.xml.security.test.c14n.implementations.C14NInterop.test_Y4_stripped(C14NInterop.java:188)
	at sun.reflect.NativeMethodAccessorImpl.invoke0(Native Method)
	at sun.reflect.NativeMethodAccessorImpl.invoke(NativeMethodAccessorImpl.java:57)
	at sun.reflect.DelegatingMethodAccessorImpl.invoke(DelegatingMethodAccessorImpl.java:43)
	at edu.washington.cs.dt.util.TestRunnerWrapper.main(TestRunnerWrapper.java:56)

FAILURES!!!
Tests run: 1,  Failures: 0,  Errors: 1

.
Time: 2.199

OK (1 test)

.
Time: 0.027

OK (1 test)

Execution time: 12726257017
0-th run
Pass: 6, Fail: 0, Error: 1
{org.apache.xml.security.test.signature.XMLSignatureInputTest.testIsInitializedWithOctetStream=PASS, org.apache.xml.security.test.signature.XMLSignatureInputTest.testNodeSetIsNodeSet=PASS, org.apache.xml.security.test.algorithms.implementations.AESWrapperTest.test43=PASS, org.apache.xml.security.test.c14n.implementations.Canonicalizer20010315Test.test31withComments=PASS, org.apache.xml.security.test.c14n.implementations.C14NInterop.test_Y4_stripped=ERROR, org.apache.xml.security.test.interop.BaltimoreTest.test_fifteen_enveloped_dsa=PASS, org.apache.xml.security.test.signature.XMLSignatureInputTest.testIsInitializedWithNodeSet=PASS}


.
Time: 1.662

OK (1 test)

.
Time: 2.022

OK (1 test)

.
Time: 0.036

OK (1 test)

.
Time: 1.35

OK (1 test)

.
Time: 0

OK (1 test)

.
Time: 1.63

OK (1 test)

.
Time: 0.089

OK (1 test)

.
Time: 0.04

OK (1 test)

.
Time: 0

OK (1 test)

.
Time: 0.107

OK (1 test)

.
Time: 0.009

OK (1 test)

.
Time: 0.272

OK (1 test)

.
Time: 0.2

OK (1 test)

.
Time: 0.02

OK (1 test)

.
Time: 0.065

OK (1 test)

.
Time: 0.014

OK (1 test)

.
Time: 0.037

OK (1 test)

.
Time: 0.151

OK (1 test)

.
Time: 0.016

OK (1 test)

.
Time: 0.228

OK (1 test)

.
Time: 0.04

OK (1 test)

.
Time: 0.293

OK (1 test)

.
Time: 0.032

OK (1 test)

.
Time: 0.247

OK (1 test)

.
Time: 0.099

OK (1 test)

.
Time: 0.138

OK (1 test)

.
Time: 0

OK (1 test)

.
Time: 0.002

OK (1 test)

.
Time: 0.062

OK (1 test)

.
Time: 0.324

OK (1 test)

.
Time: 0.004

OK (1 test)

.
Time: 0.136

OK (1 test)

.
Time: 0.026

OK (1 test)

.
Time: 0.233

OK (1 test)

.
Time: 0.057

OK (1 test)

.
Time: 0.302

OK (1 test)

.
Time: 4.719

OK (1 test)

.
Time: 0.226

OK (1 test)

.
Time: 0.002

OK (1 test)

.
Time: 2.942

OK (1 test)

Execution time: 30636333672
0-th run
Pass: 40, Fail: 0, Error: 0
{org.apache.xml.security.test.c14n.implementations.Canonicalizer20010315Test.testTranslationFromUTF16toUTF8=PASS, org.apache.xml.security.test.algorithms.implementations.KeyWrapTest.test_AES_46=PASS, org.apache.xml.security.test.signature.XMLSignatureInputTest.testOctetStreamIsOctetStream=PASS, org.apache.xml.security.test.interop.BaltimoreTest.test_fifteen_enveloping_hmac_sha1=PASS, org.apache.xml.security.test.signature.XMLSignatureInputTest.testSetOctetStreamGetOctetStream=PASS, org.apache.xml.security.test.interop.IAIKTest.test_transforms_signatures_c14nSignature=PASS, org.apache.xml.security.test.c14n.implementations.Canonicalizer20010315ExclusiveTest.test222excl=PASS, org.apache.xml.security.test.c14n.implementations.Canonicalizer20010315Test.testRelativeNSbehaviour=PASS, org.apache.xml.security.test.c14n.helper.C14nHelperTest.testNamespaceIsAbsolute02=PASS, org.apache.xml.security.test.c14n.implementations.Canonicalizer20010315Test.test31withComments=PASS, org.apache.xml.security.test.algorithms.implementations.BlockEncryptionTest.test_3DES=PASS, org.apache.xml.security.test.algorithms.implementations.KeyWrapTest.test_AES_44=PASS, org.apache.xml.security.test.algorithms.implementations.KeyWrapTest.test_AES_42=PASS, org.apache.xml.security.test.c14n.implementations.Canonicalizer20010315ExclusiveTest.test222=PASS, org.apache.xml.security.test.c14n.implementations.Canonicalizer20010315Test.test32=PASS, org.apache.xml.security.test.c14n.implementations.Canonicalizer20010315Test.test31=PASS, org.apache.xml.security.test.c14n.implementations.Canonicalizer20010315Test.test35=PASS, org.apache.xml.security.test.algorithms.implementations.BlockEncryptionTest.test_AES128=PASS, org.apache.xml.security.test.c14n.implementations.Canonicalizer20010315Test.testXMLAttributes3=PASS, org.apache.xml.security.test.algorithms.implementations.KeyWrapTest.test_3DES=PASS, org.apache.xml.security.test.c14n.implementations.Canonicalizer20010315ExclusiveTest.test221excl=PASS, org.apache.xml.security.test.algorithms.implementations.KeyWrapTest.test_AES_45=PASS, org.apache.xml.security.test.c14n.implementations.Canonicalizer20010315Test.testXMLAttributes2=PASS, org.apache.xml.security.test.algorithms.implementations.BlockEncryptionTest.test_AES192=PASS, org.apache.xml.security.test.c14n.implementations.Canonicalizer20010315Test.test36=PASS, org.apache.xml.security.test.c14n.implementations.Canonicalizer20010315Test.test33=PASS, org.apache.xml.security.test.c14n.helper.C14nHelperTest.testNamespaceIsRelative01=PASS, org.apache.xml.security.test.c14n.helper.C14nHelperTest.testNamespaceIsAbsolute03=PASS, org.apache.xml.security.test.c14n.implementations.Canonicalizer20010315Test.testXMLAttributes1=PASS, org.apache.xml.security.test.c14n.implementations.Canonicalizer20010315Test.test37=PASS, org.apache.xml.security.test.c14n.helper.C14nHelperTest.testNamespaceIsRelative02=PASS, org.apache.xml.security.test.c14n.implementations.Canonicalizer20010315Test.test37byNodeList=PASS, org.apache.xml.security.test.c14n.implementations.Canonicalizer20010315ExclusiveTest.test221=PASS, org.apache.xml.security.test.algorithms.implementations.KeyWrapTest.test_AES_43=PASS, org.apache.xml.security.test.c14n.implementations.Canonicalizer20010315Test.test34validatingParser=PASS, org.apache.xml.security.test.algorithms.implementations.KeyWrapTest.test_AES_41=PASS, org.apache.xml.security.test.c14n.implementations.Canonicalizer20010315ExclusiveTest.testA=PASS, org.apache.xml.security.test.algorithms.implementations.BlockEncryptionTest.test_AES256=PASS, org.apache.xml.security.test.c14n.helper.C14nHelperTest.testNamespaceIsAbsolute01=PASS, org.apache.xml.security.test.c14n.implementations.ExclusiveC14NInterop.test_Y2=PASS}


.
Time: 0.362

OK (1 test)

.
Time: 0.233

OK (1 test)

.E
Time: 0.058
There was 1 error:
1) test_enveloping_dsa_soaped_broken(org.apache.xml.security.test.interop.IBMTest)java.io.FileNotFoundException: data/com/ibm/xss4j-20011029/enveloping-dsa-soaped-broken.sig (No such file or directory)
	at java.io.FileInputStream.open(Native Method)
	at java.io.FileInputStream.<init>(FileInputStream.java:146)
	at org.apache.xml.security.test.interop.InteropTest.verify(InteropTest.java:117)
	at org.apache.xml.security.test.interop.IBMTest.test_enveloping_dsa_soaped_broken(IBMTest.java:336)
	at sun.reflect.NativeMethodAccessorImpl.invoke0(Native Method)
	at sun.reflect.NativeMethodAccessorImpl.invoke(NativeMethodAccessorImpl.java:57)
	at sun.reflect.DelegatingMethodAccessorImpl.invoke(DelegatingMethodAccessorImpl.java:43)
	at edu.washington.cs.dt.util.TestRunnerWrapper.main(TestRunnerWrapper.java:56)

FAILURES!!!
Tests run: 1,  Failures: 0,  Errors: 1

.
Time: 1.235

OK (1 test)

.
Time: 2.519

OK (1 test)

.
Time: 0.084

OK (1 test)

.
Time: 0.318

OK (1 test)

Execution time: 15915384239
0-th run
Pass: 6, Fail: 0, Error: 1
{org.apache.xml.security.test.c14n.implementations.Canonicalizer20010315Test.test37byNodeList=PASS, org.apache.xml.security.test.external.org.apache.xalan.XPathAPI.XalanBug1425Test.testBad03=PASS, org.apache.xml.security.test.interop.IBMTest.test_enveloping_dsa_soaped_broken=ERROR, org.apache.xml.security.test.algorithms.implementations.KeyWrapTest.test_AES_43=PASS, org.apache.xml.security.test.interop.IAIKTest.test_transforms_signatures_base64DecodeSignature=PASS, org.apache.xml.security.test.transforms.implementations.TransformBase64DecodeTest.test1=PASS, org.apache.xml.security.test.c14n.implementations.Canonicalizer20010315Test.test35=PASS}


.
Time: 7.899

OK (1 test)

.
Time: 1.145

OK (1 test)

.
Time: 0.327

OK (1 test)

.
Time: 4.581

OK (1 test)

.
Time: 0.01

OK (1 test)

.
Time: 0.281

OK (1 test)

.
Time: 0.208

OK (1 test)

Execution time: 25995261086
0-th run
Pass: 7, Fail: 0, Error: 0
{org.apache.xml.security.test.interop.IAIKTest.test_coreFeatures_signatures_signatureTypesSignature=PASS, org.apache.xml.security.test.algorithms.implementations.BlockEncryptionTest.test_AES256=PASS, org.apache.xml.security.test.c14n.implementations.Canonicalizer20010315Test.test31=PASS, org.apache.xml.security.test.c14n.implementations.Canonicalizer20010315ExclusiveTest.testA=PASS, org.apache.xml.security.test.c14n.implementations.Canonicalizer20010315ExclusiveTest.test221=PASS, org.apache.xml.security.test.external.org.apache.xalan.XPathAPI.XalanBug1425Test.testGood02=PASS, org.apache.xml.security.test.algorithms.implementations.KeyWrapTest.test_AES_44=PASS}


.
Time: 0.012

OK (1 test)

.
Time: 0.009

OK (1 test)

.E
Time: 0.031
There was 1 error:
1) test_enveloped_rsa(org.apache.xml.security.test.interop.IBMTest)java.io.FileNotFoundException: data/com/ibm/xss4j-20011029/enveloped-rsa.sig (No such file or directory)
	at java.io.FileInputStream.open(Native Method)
	at java.io.FileInputStream.<init>(FileInputStream.java:146)
	at org.apache.xml.security.test.interop.InteropTest.verify(InteropTest.java:117)
	at org.apache.xml.security.test.interop.IBMTest.test_enveloped_rsa(IBMTest.java:261)
	at sun.reflect.NativeMethodAccessorImpl.invoke0(Native Method)
	at sun.reflect.NativeMethodAccessorImpl.invoke(NativeMethodAccessorImpl.java:57)
	at sun.reflect.DelegatingMethodAccessorImpl.invoke(DelegatingMethodAccessorImpl.java:43)
	at edu.washington.cs.dt.util.TestRunnerWrapper.main(TestRunnerWrapper.java:56)

FAILURES!!!
Tests run: 1,  Failures: 0,  Errors: 1

.
Time: 0.187

OK (1 test)

.
Time: 0.268

OK (1 test)

.
Time: 0

OK (1 test)

.
Time: 3.203

OK (1 test)

Execution time: 14646017270
0-th run
Pass: 6, Fail: 0, Error: 1
{org.apache.xml.security.test.c14n.helper.C14nHelperTest.testNamespaceIsAbsolute03=PASS, org.apache.xml.security.test.signature.XMLSignatureInputTest.testOctetStreamIsNotNodeSet=PASS, org.apache.xml.security.test.interop.IBMTest.test_enveloped_rsa=ERROR, org.apache.xml.security.test.signature.XMLSignatureInputTest.testSetOctetStreamGetNodeSet2=PASS, org.apache.xml.security.test.external.org.apache.xalan.XPathAPI.XalanBug1425Test.testGood01=PASS, org.apache.xml.security.test.c14n.helper.C14nHelperTest.testNamespaceIsAbsolute02=PASS, org.apache.xml.security.test.interop.BaltimoreTest.test_fifteen_external_b64_dsa=PASS}


.
Time: 0.567

OK (1 test)

.
Time: 1.937

OK (1 test)

.
Time: 0.812

OK (1 test)

.
Time: 0.585

OK (1 test)

.
Time: 0.007

OK (1 test)

.E
Time: 0.036
There was 1 error:
1) test_detached_rsa(org.apache.xml.security.test.interop.IBMTest)java.io.FileNotFoundException: data/com/ibm/xss4j-20011029/detached-rsa.sig (No such file or directory)
	at java.io.FileInputStream.open(Native Method)
	at java.io.FileInputStream.<init>(FileInputStream.java:146)
	at org.apache.xml.security.test.interop.InteropTest.verify(InteropTest.java:117)
	at org.apache.xml.security.test.interop.IBMTest.test_detached_rsa(IBMTest.java:211)
	at sun.reflect.NativeMethodAccessorImpl.invoke0(Native Method)
	at sun.reflect.NativeMethodAccessorImpl.invoke(NativeMethodAccessorImpl.java:57)
	at sun.reflect.DelegatingMethodAccessorImpl.invoke(DelegatingMethodAccessorImpl.java:43)
	at edu.washington.cs.dt.util.TestRunnerWrapper.main(TestRunnerWrapper.java:56)

FAILURES!!!
Tests run: 1,  Failures: 0,  Errors: 1

.
Time: 0.474

OK (1 test)

Execution time: 15755986546
0-th run
Pass: 6, Fail: 0, Error: 1
{org.apache.xml.security.test.c14n.implementations.Canonicalizer20010315Test.test37=PASS, org.apache.xml.security.test.interop.IAIKTest.test_signatureAlgorithms_signatures_hMACShortSignature=PASS, org.apache.xml.security.test.algorithms.implementations.AESWrapperTest.test46=PASS, org.apache.xml.security.test.interop.IAIKTest.test_signatureAlgorithms_signatures_hMACSignature=PASS, org.apache.xml.security.test.c14n.helper.C14nHelperTest.testNamespaceIsAbsolute01=PASS, org.apache.xml.security.test.interop.IBMTest.test_detached_rsa=ERROR, org.apache.xml.security.test.algorithms.implementations.BlockEncryptionTest.test_AES128=PASS}


.
Time: 0.123

OK (1 test)

.
Time: 0.011

OK (1 test)

.
Time: 1.212

OK (1 test)

.
Time: 0.347

OK (1 test)

.
Time: 1.646

OK (1 test)

.
Time: 0.759

OK (1 test)

.
Time: 0.167

OK (1 test)

Execution time: 12964583246
0-th run
Pass: 7, Fail: 0, Error: 0
{org.apache.xml.security.test.external.org.apache.xalan.XPathAPI.AttributeAncestorOrSelf.test01=PASS, org.apache.xml.security.test.c14n.helper.C14nHelperTest.testNamespaceIsRelative01=PASS, org.apache.xml.security.test.algorithms.implementations.BlockEncryptionTest.test_AES192=PASS, org.apache.xml.security.test.external.org.apache.xalan.XPathAPI.XalanBug1425Test.testGood05=PASS, org.apache.xml.security.test.interop.IAIKTest.test_signatureAlgorithms_signatures_dSASignature=PASS, org.apache.xml.security.test.interop.BaltimoreTest.test_fifteen_external_dsa=PASS, org.apache.xml.security.test.signature.XMLSignatureInputTest.testSetOctetStreamGetNodeSet1=PASS}


.
Time: 0.26

OK (1 test)

.
Time: 2.64

OK (1 test)

.
Time: 0.414

OK (1 test)

.
Time: 0.041

OK (1 test)

.
Time: 0.047

OK (1 test)

.
Time: 0.045

OK (1 test)

.
Time: 0.008

OK (1 test)

.
Time: 0.195

OK (1 test)

.
Time: 0.022

OK (1 test)

.
Time: 0.834

OK (1 test)

.
Time: 0.439

OK (1 test)

.
Time: 0.089

OK (1 test)

.
Time: 0.017

OK (1 test)

.
Time: 0.289

OK (1 test)

.
Time: 0.097

OK (1 test)

.
Time: 0.061

OK (1 test)

.
Time: 0.25

OK (1 test)

.
Time: 0.045

OK (1 test)

.
Time: 0.152

OK (1 test)

.
Time: 0.017

OK (1 test)

.
Time: 0.295

OK (1 test)

.
Time: 0.165

OK (1 test)

.
Time: 0.116

OK (1 test)

.
Time: 0.02

OK (1 test)

.
Time: 0.014

OK (1 test)

.
Time: 0.001

OK (1 test)

.
Time: 0.005

OK (1 test)

.
Time: 0.025

OK (1 test)

.
Time: 0.082

OK (1 test)

.
Time: 0

OK (1 test)

.
Time: 0.037

OK (1 test)

.
Time: 0.029

OK (1 test)

.
Time: 0.191

OK (1 test)

.
Time: 0.077

OK (1 test)

.
Time: 0.261

OK (1 test)

.
Time: 3.481

OK (1 test)

.
Time: 0.147

OK (1 test)

.
Time: 0

OK (1 test)

.
Time: 0.971

OK (1 test)

.
Time: 0.022

OK (1 test)

.

Time: 0.698

OK (1 test)

Execution time: 21806312768
0-th run
Pass: 41, Fail: 0, Error: 0
{org.apache.xml.security.test.c14n.implementations.Canonicalizer20010315Test.testXMLAttributes2=PASS, org.apache.xml.security.test.interop.RSASecurityTest.test_enveloping=PASS, org.apache.xml.security.test.external.org.apache.xalan.XPathAPI.XalanBug1425Test.testGood03=PASS, org.apache.xml.security.test.signature.XMLSignatureInputTest.testSetNodeSetGetOctetStream1=PASS, org.apache.xml.security.test.c14n.implementations.Canonicalizer20010315ExclusiveTest.test222excl=PASS, org.apache.xml.security.test.c14n.implementations.Canonicalizer20010315Test.testRelativeNSbehaviour=PASS, org.apache.xml.security.test.c14n.helper.C14nHelperTest.testNamespaceIsAbsolute02=PASS, org.apache.xml.security.test.c14n.implementations.Canonicalizer20010315Test.test31withComments=PASS, org.apache.xml.security.test.algorithms.implementations.BlockEncryptionTest.test_3DES=PASS, org.apache.xml.security.test.algorithms.implementations.KeyWrapTest.test_AES_44=PASS, org.apache.xml.security.test.algorithms.implementations.KeyWrapTest.test_AES_42=PASS, org.apache.xml.security.test.c14n.implementations.Canonicalizer20010315ExclusiveTest.test222=PASS, org.apache.xml.security.test.c14n.implementations.Canonicalizer20010315Test.test32=PASS, org.apache.xml.security.test.algorithms.implementations.KeyWrapTest.test_AES_46=PASS, org.apache.xml.security.test.c14n.implementations.Canonicalizer20010315Test.test31=PASS, org.apache.xml.security.test.c14n.implementations.Canonicalizer20010315Test.test35=PASS, org.apache.xml.security.test.algorithms.implementations.BlockEncryptionTest.test_AES128=PASS, org.apache.xml.security.test.c14n.implementations.Canonicalizer20010315Test.testXMLAttributes3=PASS, org.apache.xml.security.test.algorithms.implementations.KeyWrapTest.test_3DES=PASS, org.apache.xml.security.test.c14n.implementations.Canonicalizer20010315ExclusiveTest.test221excl=PASS, org.apache.xml.security.test.c14n.implementations.Canonicalizer20010315Test.testTranslationFromUTF16toUTF8=PASS, org.apache.xml.security.test.algorithms.implementations.KeyWrapTest.test_AES_45=PASS, org.apache.xml.security.test.algorithms.implementations.BlockEncryptionTest.test_AES192=PASS, org.apache.xml.security.test.c14n.implementations.Canonicalizer20010315Test.test36=PASS, org.apache.xml.security.test.c14n.implementations.Canonicalizer20010315Test.test33=PASS, org.apache.xml.security.test.c14n.helper.C14nHelperTest.testNamespaceIsRelative01=PASS, org.apache.xml.security.test.c14n.helper.C14nHelperTest.testNamespaceIsAbsolute03=PASS, org.apache.xml.security.test.c14n.implementations.Canonicalizer20010315Test.testXMLAttributes1=PASS, org.apache.xml.security.test.c14n.implementations.Canonicalizer20010315Test.test37=PASS, org.apache.xml.security.test.c14n.helper.C14nHelperTest.testNamespaceIsRelative02=PASS, org.apache.xml.security.test.c14n.implementations.Canonicalizer20010315Test.test37byNodeList=PASS, org.apache.xml.security.test.c14n.implementations.Canonicalizer20010315ExclusiveTest.test221=PASS, org.apache.xml.security.test.algorithms.implementations.KeyWrapTest.test_AES_43=PASS, org.apache.xml.security.test.c14n.implementations.Canonicalizer20010315Test.test34validatingParser=PASS, org.apache.xml.security.test.algorithms.implementations.KeyWrapTest.test_AES_41=PASS, org.apache.xml.security.test.c14n.implementations.Canonicalizer20010315ExclusiveTest.testA=PASS, org.apache.xml.security.test.algorithms.implementations.BlockEncryptionTest.test_AES256=PASS, org.apache.xml.security.test.c14n.helper.C14nHelperTest.testNamespaceIsAbsolute01=PASS, org.apache.xml.security.test.c14n.implementations.ExclusiveC14NInterop.test_Y1=PASS, org.apache.xml.security.test.signature.XMLSignatureInputTest.testSetNodeSetGetNodeSet1=PASS, org.apache.xml.security.test.interop.IAIKTest.test_transforms_signatures_xPathSignature=PASS}


.
Time: 0.091

OK (1 test)

.
Time: 1.941

OK (1 test)

Execution time: 10598943190
0-th run
Pass: 2, Fail: 0, Error: 0
{org.apache.xml.security.test.c14n.implementations.Canonicalizer20010315ExclusiveTest.test222excl=PASS, org.apache.xml.security.test.interop.IAIKTest.test_coreFeatures_signatures_anonymousReferenceSignature=PASS}


