The following arguments were used to generate this output.
[-technique, selection, -coverage, function, -order, absolute, -origOrder, xml-security-1_2_0/xml_security-orig-order, -testInputDir, xml-security-orig-v1/sootTestOutput-orig-selection, -filesToDelete, xml-security-1_2_0/xml_security-env-files, -project, XML Security, -testType, orig, -oldVersCFG, xml-security-orig-v1/selectionOutput, -newVersCFG, xml-security-1_2_0/selectionOutput, -getCoverage, -outputDir, /homes/gws/winglam/winglam/dependent-tests-impact/experiments/selection-results, -timesToRun, 1, -dependentTestFile, /homes/gws/winglam/winglam/dependent-tests-impact/experiments/selection-dt-list/selection-XML Security-orig-function-absolute.txt]

Execution time of TLG and its time to find/nullify any DTs for 1 machine (does not include the time to run the tests in the new order): 0.624
Number of tests selected out of total in original order: 72 / 97
Number of DTs not fixed: 0
Number of DTs fixed: 0
APFD value: 0.6936804502392744
Execution time for executing the following testing order: 0.249

Test order list:
[org.apache.xml.security.test.c14n.implementations.Canonicalizer20010315ExclusiveTest.test221excl, org.apache.xml.security.test.c14n.implementations.Canonicalizer20010315ExclusiveTest.test222excl, org.apache.xml.security.test.c14n.implementations.Canonicalizer20010315ExclusiveTest.test222, org.apache.xml.security.test.signature.XMLSignatureInputTest.testSetNodeSetGetOctetStream1, org.apache.xml.security.test.c14n.implementations.Canonicalizer20010315ExclusiveTest.test221, org.apache.xml.security.test.algorithms.implementations.BlockEncryptionTest.test_AES128, org.apache.xml.security.test.c14n.implementations.ExclusiveC14NInterop.test_Y1, org.apache.xml.security.test.c14n.implementations.ExclusiveC14NInterop.test_Y2, org.apache.xml.security.test.c14n.implementations.ExclusiveC14NInterop.test_Y3, org.apache.xml.security.test.c14n.implementations.ExclusiveC14NInterop.test_Y5, org.apache.xml.security.test.interop.BaltimoreTest.test_fifteen_enveloping_hmac_sha1, org.apache.xml.security.test.interop.IAIKTest.test_signatureAlgorithms_signatures_hMACShortSignature, org.apache.xml.security.test.interop.RSASecurityTest.test_enveloping, org.apache.xml.security.test.utils.Base64Test.testA1, org.apache.xml.security.test.c14n.implementations.Canonicalizer20010315ExclusiveTest.testA, org.apache.xml.security.test.interop.BaltimoreTest.test_fifteen_enveloped_dsa, org.apache.xml.security.test.interop.BaltimoreTest.test_fifteen_enveloping_b64_dsa, org.apache.xml.security.test.interop.BaltimoreTest.test_fifteen_enveloping_dsa, org.apache.xml.security.test.interop.BaltimoreTest.test_fifteen_enveloping_hmac_sha1_40, org.apache.xml.security.test.interop.BaltimoreTest.test_fifteen_enveloping_rsa, org.apache.xml.security.test.interop.BaltimoreTest.test_fifteen_external_b64_dsa, org.apache.xml.security.test.interop.BaltimoreTest.test_fifteen_external_dsa, org.apache.xml.security.test.interop.BaltimoreTest.test_sixteen_external_dsa, org.apache.xml.security.test.interop.IAIKTest.test_coreFeatures_signatures_anonymousReferenceSignature, org.apache.xml.security.test.interop.IAIKTest.test_coreFeatures_signatures_manifestSignature_core, org.apache.xml.security.test.interop.IAIKTest.test_coreFeatures_signatures_manifestSignature_manifest, org.apache.xml.security.test.interop.IAIKTest.test_coreFeatures_signatures_signatureTypesSignature, org.apache.xml.security.test.interop.IAIKTest.test_signatureAlgorithms_signatures_dSASignature, org.apache.xml.security.test.interop.IAIKTest.test_signatureAlgorithms_signatures_hMACSignature, org.apache.xml.security.test.interop.IAIKTest.test_signatureAlgorithms_signatures_rSASignature, org.apache.xml.security.test.interop.IAIKTest.test_transforms_signatures_base64DecodeSignature, org.apache.xml.security.test.interop.IAIKTest.test_transforms_signatures_c14nSignature, org.apache.xml.security.test.interop.IAIKTest.test_transforms_signatures_envelopedSignatureSignature, org.apache.xml.security.test.interop.IAIKTest.test_transforms_signatures_xPathSignature, org.apache.xml.security.test.interop.RSASecurityTest.test_enveloped, org.apache.xml.security.test.signature.XMLSignatureInputTest.testSetOctetStreamGetNodeSet4, org.apache.xml.security.test.signature.XMLSignatureInputTest.testSetOctetStreamGetNodeSet1, org.apache.xml.security.test.signature.XMLSignatureInputTest.testSetOctetStreamGetNodeSet2, org.apache.xml.security.test.signature.XMLSignatureInputTest.testSetOctetStreamGetNodeSet3, org.apache.xml.security.test.transforms.implementations.TransformBase64DecodeTest.test3, org.apache.xml.security.test.c14n.implementations.Canonicalizer20010315Test.test31withComments, org.apache.xml.security.test.c14n.implementations.Canonicalizer20010315Test.test31, org.apache.xml.security.test.c14n.implementations.Canonicalizer20010315Test.test32, org.apache.xml.security.test.c14n.implementations.Canonicalizer20010315Test.test33, org.apache.xml.security.test.c14n.implementations.Canonicalizer20010315Test.test34validatingParser, org.apache.xml.security.test.c14n.implementations.Canonicalizer20010315Test.test36, org.apache.xml.security.test.c14n.implementations.Canonicalizer20010315Test.test37, org.apache.xml.security.test.signature.XMLSignatureInputTest.testSetOctetStreamGetOctetStream, org.apache.xml.security.test.c14n.helper.C14nHelperTest.testNamespaceIsAbsolute01, org.apache.xml.security.test.c14n.implementations.Canonicalizer20010315Test.test35, org.apache.xml.security.test.external.org.apache.xalan.XPathAPI.AttributeAncestorOrSelf.test01, org.apache.xml.security.test.external.org.apache.xalan.XPathAPI.XalanBug1425Test.testBad01, org.apache.xml.security.test.transforms.implementations.TransformBase64DecodeTest.test1, org.apache.xml.security.test.algorithms.implementations.TripleDESWrapperTest.test34, org.apache.xml.security.test.c14n.helper.C14nHelperTest.testNamespaceIsAbsolute02, org.apache.xml.security.test.c14n.helper.C14nHelperTest.testNamespaceIsAbsolute03, org.apache.xml.security.test.c14n.helper.C14nHelperTest.testNamespaceIsRelative01, org.apache.xml.security.test.c14n.helper.C14nHelperTest.testNamespaceIsRelative02, org.apache.xml.security.test.c14n.implementations.C14NInterop.test_Y4_stripped, org.apache.xml.security.test.c14n.implementations.Canonicalizer20010315Test.test37byNodeList, org.apache.xml.security.test.c14n.implementations.Canonicalizer20010315Test.testXMLAttributes1, org.apache.xml.security.test.c14n.implementations.Canonicalizer20010315Test.testXMLAttributes2, org.apache.xml.security.test.c14n.implementations.Canonicalizer20010315Test.testXMLAttributes3, org.apache.xml.security.test.interop.IBMTest.test_enveloping_hmac, org.apache.xml.security.test.signature.XMLSignatureInputTest.testIsInitializedWithNodeSet, org.apache.xml.security.test.signature.XMLSignatureInputTest.testIsInitializedWithOctetStream, org.apache.xml.security.test.signature.XMLSignatureInputTest.testNodeSetIsNotOctetStream, org.apache.xml.security.test.signature.XMLSignatureInputTest.testOctetStreamIsOctetStream, org.apache.xml.security.test.signature.XMLSignatureInputTest.testSetNodeSetGetNodeSet1, org.apache.xml.security.test.transforms.implementations.TransformBase64DecodeTest.test2, org.apache.xml.security.test.utils.resolver.ResourceResolverSpiTest.testExpandSystemId_1, org.apache.xml.security.test.utils.resolver.ResourceResolverSpiTest.testExpandSystemId_2]

Time each test takes to run in the new order:
[12288628, 1374988, 1278556, 43758095, 1592987, 1066135, 1495887, 1325717, 1393235, 1740525, 2087196, 1071081, 839695, 1089187, 1160204, 884608, 777063, 1229043, 1360178, 1145453, 989223, 727308, 706978, 609219, 714129, 715058, 725312, 840720, 768811, 977711, 1096624, 1127388, 1031169, 1015957, 1167483, 6338245, 6012197, 1556392, 1165079, 4054236, 3452067, 963239, 922622, 885646, 779302, 1148251, 1993694, 139729, 355738, 808622, 2296779, 9168342, 688391, 89585778, 128099, 124338, 87166, 112178, 1340458, 3684544, 7425251, 2390185, 2149347, 636611, 1091258, 93559, 954429, 84914, 926674, 589504, 1207375, 1438857]

Dependent test list:
[Test: org.apache.xml.security.test.c14n.implementations.ExclusiveC14NInterop.test_Y2, Intended behavior: FAILURE, when executed after: [org.apache.xml.security.test.c14n.implementations.ExclusiveC14NInterop.test_Y1], The revealed different behavior: PASS, when executed after: [], Test: org.apache.xml.security.test.c14n.implementations.ExclusiveC14NInterop.test_Y1, Intended behavior: FAILURE, when executed after: [org.apache.xml.security.test.algorithms.implementations.BlockEncryptionTest.test_AES128], The revealed different behavior: PASS, when executed after: []]

Coverage test list:
[1627, 0, 930, 1162, 0, 0, 1860, 0, 0, 0, 348, 0, 0, 813, 0, 0, 0, 0, 0, 0, 0, 0, 0, 116, 0, 0, 0, 0, 0, 0, 0, 0, 0, 0, 0, 116, 0, 0, 0, 1046, 116, 0, 0, 0, 0, 0, 232, 0, 0, 0, 930, 0, 0, 116, 0, 0, 0, 0, 116, 116, 0, 0, 0, 0, 116, 0, 0, 0, 0, 0, 116, 116]
--------------------------
Total time (of all machines and iterations plus initial TestListGenerator): 0.374