The following arguments were used to generate this output.
[-technique, selection, -coverage, statement, -order, absolute, -origOrder, jodatime-d6791cb5f9/jodatime-auto-order, -testInputDir, jodatime-b609d7d66d/sootTestOutput-auto-selection, -filesToDelete, jodatime-d6791cb5f9/jodatime-env-files, -project, Joda-Time, -testType, auto, -oldVersCFG, jodatime-b609d7d66d/selectionOutput, -newVersCFG, jodatime-d6791cb5f9/selectionOutput, -getCoverage, -outputDir, /homes/gws/winglam/winglam/dependent-tests-impact/experiments/selection-results, -timesToRun, 1, -dependentTestFile, /homes/gws/winglam/winglam/dependent-tests-impact/experiments/selection-dt-list/selection-Joda-Time-auto-statement-absolute.txt]

Execution time of TLG and its time to find/nullify any DTs for 1 machine (does not include the time to run the tests in the new order): 1.576
Number of tests selected out of total in original order: 464 / 2207
Number of DTs not fixed: 0
Number of DTs fixed: 0
APFD value: 0.5961944971069734
Execution time for executing the following testing order: 1.285

Test order list:
[randoop.jodatime.RandoopTest2.test406, randoop.jodatime.RandoopTest0.test115, randoop.jodatime.RandoopTest0.test135, randoop.jodatime.RandoopTest0.test141, randoop.jodatime.RandoopTest0.test144, randoop.jodatime.RandoopTest0.test146, randoop.jodatime.RandoopTest0.test152, randoop.jodatime.RandoopTest0.test159, randoop.jodatime.RandoopTest0.test165, randoop.jodatime.RandoopTest0.test172, randoop.jodatime.RandoopTest0.test181, randoop.jodatime.RandoopTest0.test182, randoop.jodatime.RandoopTest0.test188, randoop.jodatime.RandoopTest0.test192, randoop.jodatime.RandoopTest0.test196, randoop.jodatime.RandoopTest0.test208, randoop.jodatime.RandoopTest0.test226, randoop.jodatime.RandoopTest0.test229, randoop.jodatime.RandoopTest0.test235, randoop.jodatime.RandoopTest0.test246, randoop.jodatime.RandoopTest0.test247, randoop.jodatime.RandoopTest0.test251, randoop.jodatime.RandoopTest0.test252, randoop.jodatime.RandoopTest0.test258, randoop.jodatime.RandoopTest0.test260, randoop.jodatime.RandoopTest0.test267, randoop.jodatime.RandoopTest0.test282, randoop.jodatime.RandoopTest0.test283, randoop.jodatime.RandoopTest0.test293, randoop.jodatime.RandoopTest0.test297, randoop.jodatime.RandoopTest0.test304, randoop.jodatime.RandoopTest0.test306, randoop.jodatime.RandoopTest0.test314, randoop.jodatime.RandoopTest0.test320, randoop.jodatime.RandoopTest0.test325, randoop.jodatime.RandoopTest0.test338, randoop.jodatime.RandoopTest0.test346, randoop.jodatime.RandoopTest0.test347, randoop.jodatime.RandoopTest0.test360, randoop.jodatime.RandoopTest0.test361, randoop.jodatime.RandoopTest0.test369, randoop.jodatime.RandoopTest0.test370, randoop.jodatime.RandoopTest0.test376, randoop.jodatime.RandoopTest0.test378, randoop.jodatime.RandoopTest0.test386, randoop.jodatime.RandoopTest0.test387, randoop.jodatime.RandoopTest0.test389, randoop.jodatime.RandoopTest0.test390, randoop.jodatime.RandoopTest0.test395, randoop.jodatime.RandoopTest0.test406, randoop.jodatime.RandoopTest0.test450, randoop.jodatime.RandoopTest0.test498, randoop.jodatime.RandoopTest1.test168, randoop.jodatime.RandoopTest1.test354, randoop.jodatime.RandoopTest1.test467, randoop.jodatime.RandoopTest1.test475, randoop.jodatime.RandoopTest2.test58, randoop.jodatime.RandoopTest2.test85, randoop.jodatime.RandoopTest2.test212, randoop.jodatime.RandoopTest2.test216, randoop.jodatime.RandoopTest2.test269, randoop.jodatime.RandoopTest2.test289, randoop.jodatime.RandoopTest2.test310, randoop.jodatime.RandoopTest2.test376, randoop.jodatime.RandoopTest2.test487, randoop.jodatime.RandoopTest2.test490, randoop.jodatime.RandoopTest2.test493, randoop.jodatime.RandoopTest2.test495, randoop.jodatime.RandoopTest2.test500, randoop.jodatime.RandoopTest3.test1, randoop.jodatime.RandoopTest3.test7, randoop.jodatime.RandoopTest3.test8, randoop.jodatime.RandoopTest3.test9, randoop.jodatime.RandoopTest3.test12, randoop.jodatime.RandoopTest3.test14, randoop.jodatime.RandoopTest3.test16, randoop.jodatime.RandoopTest3.test22, randoop.jodatime.RandoopTest3.test28, randoop.jodatime.RandoopTest3.test29, randoop.jodatime.RandoopTest3.test32, randoop.jodatime.RandoopTest3.test34, randoop.jodatime.RandoopTest3.test36, randoop.jodatime.RandoopTest3.test40, randoop.jodatime.RandoopTest3.test46, randoop.jodatime.RandoopTest3.test52, randoop.jodatime.RandoopTest3.test54, randoop.jodatime.RandoopTest3.test56, randoop.jodatime.RandoopTest3.test57, randoop.jodatime.RandoopTest3.test58, randoop.jodatime.RandoopTest3.test65, randoop.jodatime.RandoopTest3.test81, randoop.jodatime.RandoopTest3.test84, randoop.jodatime.RandoopTest3.test87, randoop.jodatime.RandoopTest3.test92, randoop.jodatime.RandoopTest3.test95, randoop.jodatime.RandoopTest3.test96, randoop.jodatime.RandoopTest3.test98, randoop.jodatime.RandoopTest3.test99, randoop.jodatime.RandoopTest3.test102, randoop.jodatime.RandoopTest3.test105, randoop.jodatime.RandoopTest3.test106, randoop.jodatime.RandoopTest3.test107, randoop.jodatime.RandoopTest3.test108, randoop.jodatime.RandoopTest3.test113, randoop.jodatime.RandoopTest3.test115, randoop.jodatime.RandoopTest3.test116, randoop.jodatime.RandoopTest3.test118, randoop.jodatime.RandoopTest3.test121, randoop.jodatime.RandoopTest3.test124, randoop.jodatime.RandoopTest3.test125, randoop.jodatime.RandoopTest3.test128, randoop.jodatime.RandoopTest3.test129, randoop.jodatime.RandoopTest3.test130, randoop.jodatime.RandoopTest3.test132, randoop.jodatime.RandoopTest3.test138, randoop.jodatime.RandoopTest3.test142, randoop.jodatime.RandoopTest3.test144, randoop.jodatime.RandoopTest3.test148, randoop.jodatime.RandoopTest3.test150, randoop.jodatime.RandoopTest3.test151, randoop.jodatime.RandoopTest3.test152, randoop.jodatime.RandoopTest3.test159, randoop.jodatime.RandoopTest3.test161, randoop.jodatime.RandoopTest3.test163, randoop.jodatime.RandoopTest3.test166, randoop.jodatime.RandoopTest3.test170, randoop.jodatime.RandoopTest3.test173, randoop.jodatime.RandoopTest3.test176, randoop.jodatime.RandoopTest3.test182, randoop.jodatime.RandoopTest3.test184, randoop.jodatime.RandoopTest3.test185, randoop.jodatime.RandoopTest3.test189, randoop.jodatime.RandoopTest3.test193, randoop.jodatime.RandoopTest3.test195, randoop.jodatime.RandoopTest3.test196, randoop.jodatime.RandoopTest3.test199, randoop.jodatime.RandoopTest3.test201, randoop.jodatime.RandoopTest3.test205, randoop.jodatime.RandoopTest3.test208, randoop.jodatime.RandoopTest3.test210, randoop.jodatime.RandoopTest3.test219, randoop.jodatime.RandoopTest3.test220, randoop.jodatime.RandoopTest3.test223, randoop.jodatime.RandoopTest3.test226, randoop.jodatime.RandoopTest3.test232, randoop.jodatime.RandoopTest3.test233, randoop.jodatime.RandoopTest3.test239, randoop.jodatime.RandoopTest3.test241, randoop.jodatime.RandoopTest3.test242, randoop.jodatime.RandoopTest3.test246, randoop.jodatime.RandoopTest3.test247, randoop.jodatime.RandoopTest3.test249, randoop.jodatime.RandoopTest3.test252, randoop.jodatime.RandoopTest3.test257, randoop.jodatime.RandoopTest3.test258, randoop.jodatime.RandoopTest3.test259, randoop.jodatime.RandoopTest3.test262, randoop.jodatime.RandoopTest3.test263, randoop.jodatime.RandoopTest3.test266, randoop.jodatime.RandoopTest3.test269, randoop.jodatime.RandoopTest3.test270, randoop.jodatime.RandoopTest3.test272, randoop.jodatime.RandoopTest3.test274, randoop.jodatime.RandoopTest3.test275, randoop.jodatime.RandoopTest3.test277, randoop.jodatime.RandoopTest3.test280, randoop.jodatime.RandoopTest3.test288, randoop.jodatime.RandoopTest3.test292, randoop.jodatime.RandoopTest3.test294, randoop.jodatime.RandoopTest3.test297, randoop.jodatime.RandoopTest3.test299, randoop.jodatime.RandoopTest3.test300, randoop.jodatime.RandoopTest3.test301, randoop.jodatime.RandoopTest3.test304, randoop.jodatime.RandoopTest3.test308, randoop.jodatime.RandoopTest3.test309, randoop.jodatime.RandoopTest3.test312, randoop.jodatime.RandoopTest3.test313, randoop.jodatime.RandoopTest3.test316, randoop.jodatime.RandoopTest3.test320, randoop.jodatime.RandoopTest3.test324, randoop.jodatime.RandoopTest3.test326, randoop.jodatime.RandoopTest3.test327, randoop.jodatime.RandoopTest3.test330, randoop.jodatime.RandoopTest3.test332, randoop.jodatime.RandoopTest3.test333, randoop.jodatime.RandoopTest3.test336, randoop.jodatime.RandoopTest3.test338, randoop.jodatime.RandoopTest3.test345, randoop.jodatime.RandoopTest3.test346, randoop.jodatime.RandoopTest3.test347, randoop.jodatime.RandoopTest3.test352, randoop.jodatime.RandoopTest3.test356, randoop.jodatime.RandoopTest3.test365, randoop.jodatime.RandoopTest3.test375, randoop.jodatime.RandoopTest3.test376, randoop.jodatime.RandoopTest3.test380, randoop.jodatime.RandoopTest3.test381, randoop.jodatime.RandoopTest3.test382, randoop.jodatime.RandoopTest3.test383, randoop.jodatime.RandoopTest3.test389, randoop.jodatime.RandoopTest3.test398, randoop.jodatime.RandoopTest3.test403, randoop.jodatime.RandoopTest3.test407, randoop.jodatime.RandoopTest3.test409, randoop.jodatime.RandoopTest3.test411, randoop.jodatime.RandoopTest3.test413, randoop.jodatime.RandoopTest3.test417, randoop.jodatime.RandoopTest3.test418, randoop.jodatime.RandoopTest3.test419, randoop.jodatime.RandoopTest3.test420, randoop.jodatime.RandoopTest3.test424, randoop.jodatime.RandoopTest3.test426, randoop.jodatime.RandoopTest3.test432, randoop.jodatime.RandoopTest3.test434, randoop.jodatime.RandoopTest3.test435, randoop.jodatime.RandoopTest3.test441, randoop.jodatime.RandoopTest3.test442, randoop.jodatime.RandoopTest3.test445, randoop.jodatime.RandoopTest3.test446, randoop.jodatime.RandoopTest3.test447, randoop.jodatime.RandoopTest3.test451, randoop.jodatime.RandoopTest3.test452, randoop.jodatime.RandoopTest3.test454, randoop.jodatime.RandoopTest3.test455, randoop.jodatime.RandoopTest3.test457, randoop.jodatime.RandoopTest3.test462, randoop.jodatime.RandoopTest3.test467, randoop.jodatime.RandoopTest3.test470, randoop.jodatime.RandoopTest3.test471, randoop.jodatime.RandoopTest3.test481, randoop.jodatime.RandoopTest3.test487, randoop.jodatime.RandoopTest3.test492, randoop.jodatime.RandoopTest3.test496, randoop.jodatime.RandoopTest3.test497, randoop.jodatime.RandoopTest3.test498, randoop.jodatime.RandoopTest4.test4, randoop.jodatime.RandoopTest4.test5, randoop.jodatime.RandoopTest4.test13, randoop.jodatime.RandoopTest4.test138, randoop.jodatime.RandoopTest4.test315, randoop.jodatime.RandoopTest4.test434, randoop.jodatime.RandoopTest4.test464, randoop.jodatime.RandoopTest5.test35, randoop.jodatime.RandoopTest0.test1, randoop.jodatime.RandoopTest0.test109, randoop.jodatime.RandoopTest0.test118, randoop.jodatime.RandoopTest0.test12, randoop.jodatime.RandoopTest0.test120, randoop.jodatime.RandoopTest0.test122, randoop.jodatime.RandoopTest0.test134, randoop.jodatime.RandoopTest0.test16, randoop.jodatime.RandoopTest0.test170, randoop.jodatime.RandoopTest0.test175, randoop.jodatime.RandoopTest0.test183, randoop.jodatime.RandoopTest0.test2, randoop.jodatime.RandoopTest0.test21, randoop.jodatime.RandoopTest0.test24, randoop.jodatime.RandoopTest0.test254, randoop.jodatime.RandoopTest0.test261, randoop.jodatime.RandoopTest0.test319, randoop.jodatime.RandoopTest0.test32, randoop.jodatime.RandoopTest0.test34, randoop.jodatime.RandoopTest0.test343, randoop.jodatime.RandoopTest0.test356, randoop.jodatime.RandoopTest0.test368, randoop.jodatime.RandoopTest0.test388, randoop.jodatime.RandoopTest0.test391, randoop.jodatime.RandoopTest0.test404, randoop.jodatime.RandoopTest0.test424, randoop.jodatime.RandoopTest0.test437, randoop.jodatime.RandoopTest0.test454, randoop.jodatime.RandoopTest0.test499, randoop.jodatime.RandoopTest0.test55, randoop.jodatime.RandoopTest0.test71, randoop.jodatime.RandoopTest1.test104, randoop.jodatime.RandoopTest1.test154, randoop.jodatime.RandoopTest1.test157, randoop.jodatime.RandoopTest1.test162, randoop.jodatime.RandoopTest1.test175, randoop.jodatime.RandoopTest1.test211, randoop.jodatime.RandoopTest1.test214, randoop.jodatime.RandoopTest1.test216, randoop.jodatime.RandoopTest1.test228, randoop.jodatime.RandoopTest1.test24, randoop.jodatime.RandoopTest1.test250, randoop.jodatime.RandoopTest1.test262, randoop.jodatime.RandoopTest1.test267, randoop.jodatime.RandoopTest1.test280, randoop.jodatime.RandoopTest1.test298, randoop.jodatime.RandoopTest1.test312, randoop.jodatime.RandoopTest1.test337, randoop.jodatime.RandoopTest1.test349, randoop.jodatime.RandoopTest1.test357, randoop.jodatime.RandoopTest1.test378, randoop.jodatime.RandoopTest1.test385, randoop.jodatime.RandoopTest1.test416, randoop.jodatime.RandoopTest1.test420, randoop.jodatime.RandoopTest1.test43, randoop.jodatime.RandoopTest1.test444, randoop.jodatime.RandoopTest1.test455, randoop.jodatime.RandoopTest1.test46, randoop.jodatime.RandoopTest1.test470, randoop.jodatime.RandoopTest1.test481, randoop.jodatime.RandoopTest1.test490, randoop.jodatime.RandoopTest1.test492, randoop.jodatime.RandoopTest1.test56, randoop.jodatime.RandoopTest1.test57, randoop.jodatime.RandoopTest1.test73, randoop.jodatime.RandoopTest1.test74, randoop.jodatime.RandoopTest1.test77, randoop.jodatime.RandoopTest1.test82, randoop.jodatime.RandoopTest1.test91, randoop.jodatime.RandoopTest1.test96, randoop.jodatime.RandoopTest1.test98, randoop.jodatime.RandoopTest2.test103, randoop.jodatime.RandoopTest2.test111, randoop.jodatime.RandoopTest2.test115, randoop.jodatime.RandoopTest2.test118, randoop.jodatime.RandoopTest2.test120, randoop.jodatime.RandoopTest2.test133, randoop.jodatime.RandoopTest2.test161, randoop.jodatime.RandoopTest2.test174, randoop.jodatime.RandoopTest2.test18, randoop.jodatime.RandoopTest2.test183, randoop.jodatime.RandoopTest2.test200, randoop.jodatime.RandoopTest2.test203, randoop.jodatime.RandoopTest2.test206, randoop.jodatime.RandoopTest2.test215, randoop.jodatime.RandoopTest2.test23, randoop.jodatime.RandoopTest2.test268, randoop.jodatime.RandoopTest2.test277, randoop.jodatime.RandoopTest2.test291, randoop.jodatime.RandoopTest2.test312, randoop.jodatime.RandoopTest2.test321, randoop.jodatime.RandoopTest2.test323, randoop.jodatime.RandoopTest2.test332, randoop.jodatime.RandoopTest2.test340, randoop.jodatime.RandoopTest2.test355, randoop.jodatime.RandoopTest2.test386, randoop.jodatime.RandoopTest2.test39, randoop.jodatime.RandoopTest2.test394, randoop.jodatime.RandoopTest2.test405, randoop.jodatime.RandoopTest2.test43, randoop.jodatime.RandoopTest2.test433, randoop.jodatime.RandoopTest2.test443, randoop.jodatime.RandoopTest2.test454, randoop.jodatime.RandoopTest2.test471, randoop.jodatime.RandoopTest2.test473, randoop.jodatime.RandoopTest2.test475, randoop.jodatime.RandoopTest2.test478, randoop.jodatime.RandoopTest2.test489, randoop.jodatime.RandoopTest2.test59, randoop.jodatime.RandoopTest2.test61, randoop.jodatime.RandoopTest2.test67, randoop.jodatime.RandoopTest2.test75, randoop.jodatime.RandoopTest2.test80, randoop.jodatime.RandoopTest2.test95, randoop.jodatime.RandoopTest2.test98, randoop.jodatime.RandoopTest3.test217, randoop.jodatime.RandoopTest3.test221, randoop.jodatime.RandoopTest3.test228, randoop.jodatime.RandoopTest3.test244, randoop.jodatime.RandoopTest3.test261, randoop.jodatime.RandoopTest3.test353, randoop.jodatime.RandoopTest3.test37, randoop.jodatime.RandoopTest3.test370, randoop.jodatime.RandoopTest3.test393, randoop.jodatime.RandoopTest3.test416, randoop.jodatime.RandoopTest3.test422, randoop.jodatime.RandoopTest3.test453, randoop.jodatime.RandoopTest3.test473, randoop.jodatime.RandoopTest3.test478, randoop.jodatime.RandoopTest3.test480, randoop.jodatime.RandoopTest3.test91, randoop.jodatime.RandoopTest4.test1, randoop.jodatime.RandoopTest4.test107, randoop.jodatime.RandoopTest4.test117, randoop.jodatime.RandoopTest4.test12, randoop.jodatime.RandoopTest4.test122, randoop.jodatime.RandoopTest4.test125, randoop.jodatime.RandoopTest4.test127, randoop.jodatime.RandoopTest4.test129, randoop.jodatime.RandoopTest4.test135, randoop.jodatime.RandoopTest4.test141, randoop.jodatime.RandoopTest4.test143, randoop.jodatime.RandoopTest4.test147, randoop.jodatime.RandoopTest4.test15, randoop.jodatime.RandoopTest4.test162, randoop.jodatime.RandoopTest4.test170, randoop.jodatime.RandoopTest4.test18, randoop.jodatime.RandoopTest4.test198, randoop.jodatime.RandoopTest4.test2, randoop.jodatime.RandoopTest4.test20, randoop.jodatime.RandoopTest4.test203, randoop.jodatime.RandoopTest4.test216, randoop.jodatime.RandoopTest4.test218, randoop.jodatime.RandoopTest4.test230, randoop.jodatime.RandoopTest4.test237, randoop.jodatime.RandoopTest4.test238, randoop.jodatime.RandoopTest4.test240, randoop.jodatime.RandoopTest4.test250, randoop.jodatime.RandoopTest4.test254, randoop.jodatime.RandoopTest4.test257, randoop.jodatime.RandoopTest4.test26, randoop.jodatime.RandoopTest4.test261, randoop.jodatime.RandoopTest4.test269, randoop.jodatime.RandoopTest4.test272, randoop.jodatime.RandoopTest4.test273, randoop.jodatime.RandoopTest4.test274, randoop.jodatime.RandoopTest4.test289, randoop.jodatime.RandoopTest4.test291, randoop.jodatime.RandoopTest4.test320, randoop.jodatime.RandoopTest4.test33, randoop.jodatime.RandoopTest4.test341, randoop.jodatime.RandoopTest4.test353, randoop.jodatime.RandoopTest4.test363, randoop.jodatime.RandoopTest4.test364, randoop.jodatime.RandoopTest4.test376, randoop.jodatime.RandoopTest4.test379, randoop.jodatime.RandoopTest4.test386, randoop.jodatime.RandoopTest4.test390, randoop.jodatime.RandoopTest4.test391, randoop.jodatime.RandoopTest4.test394, randoop.jodatime.RandoopTest4.test403, randoop.jodatime.RandoopTest4.test41, randoop.jodatime.RandoopTest4.test413, randoop.jodatime.RandoopTest4.test419, randoop.jodatime.RandoopTest4.test430, randoop.jodatime.RandoopTest4.test431, randoop.jodatime.RandoopTest4.test439, randoop.jodatime.RandoopTest4.test443, randoop.jodatime.RandoopTest4.test448, randoop.jodatime.RandoopTest4.test451, randoop.jodatime.RandoopTest4.test455, randoop.jodatime.RandoopTest4.test46, randoop.jodatime.RandoopTest4.test467, randoop.jodatime.RandoopTest4.test470, randoop.jodatime.RandoopTest4.test476, randoop.jodatime.RandoopTest4.test48, randoop.jodatime.RandoopTest4.test488, randoop.jodatime.RandoopTest4.test54, randoop.jodatime.RandoopTest4.test68, randoop.jodatime.RandoopTest4.test69, randoop.jodatime.RandoopTest4.test74, randoop.jodatime.RandoopTest4.test81, randoop.jodatime.RandoopTest5.test10, randoop.jodatime.RandoopTest5.test100, randoop.jodatime.RandoopTest5.test118, randoop.jodatime.RandoopTest5.test120, randoop.jodatime.RandoopTest5.test126, randoop.jodatime.RandoopTest5.test134, randoop.jodatime.RandoopTest5.test136, randoop.jodatime.RandoopTest5.test138, randoop.jodatime.RandoopTest5.test21, randoop.jodatime.RandoopTest5.test53, randoop.jodatime.RandoopTest5.test60, randoop.jodatime.RandoopTest5.test64, randoop.jodatime.RandoopTest5.test65, randoop.jodatime.RandoopTest5.test66, randoop.jodatime.RandoopTest5.test69, randoop.jodatime.RandoopTest5.test71, randoop.jodatime.RandoopTest5.test77, randoop.jodatime.RandoopTest5.test95]

Time each test takes to run in the new order:
[93489336, 13072888, 5486660, 5504606, 5227021, 4688073, 13367592, 4822122, 7119712, 6897853, 5165443, 5481118, 4783244, 4876118, 4944800, 5653500, 13331082, 4065352, 3320533, 2947458, 2938002, 2878590, 2883473, 2908841, 3390807, 2894004, 2790735, 2770011, 2752206, 2708380, 2294585, 2177809, 2773722, 2331705, 2431364, 2197459, 2204883, 2308589, 2236475, 5742079, 2531623, 2963497, 7532506, 2588893, 3131802, 2401818, 2306679, 2280536, 2158396, 2997150, 3200343, 2274229, 5686165, 3646891, 3449994, 3247833, 3222299, 4257709, 3326346, 3320368, 4220478, 3905102, 4545137, 4759369, 3645335, 4161335, 4281763, 4320755, 3660771, 5463648, 3631852, 6625094, 4265478, 3975234, 3554535, 4161403, 4062812, 4215917, 4150244, 4414090, 6919697, 3132707, 3194166, 3037909, 3260446, 4561231, 2769995, 2351528, 2774813, 2471664, 2062956, 1999560, 2078399, 2007949, 1926051, 2007817, 4291283, 1971549, 1816739, 1819595, 1866173, 1811628, 1827064, 1608730, 1728858, 1663422, 1560234, 1559207, 1543508, 1574016, 1542680, 1706528, 1556994, 1795455, 1607537, 1596234, 1590973, 1584612, 1558314, 1753719, 1542133, 1555238, 1659484, 1614322, 3246694, 1609556, 4638792, 2160045, 1788969, 2034291, 1580816, 1631256, 1609126, 1549749, 1717749, 1707603, 1582575, 1921324, 1717133, 1606512, 1629521, 1656806, 1653967, 1576471, 1609255, 1761735, 1616026, 1870374, 1629336, 1654380, 1649452, 1683372, 1562610, 1695976, 1653494, 1737919, 1603554, 1549658, 1575039, 1554910, 2235484, 1713411, 2024784, 1681106, 1594944, 1624468, 1534792, 1558741, 1621719, 1576990, 1590310, 1625282, 1653925, 2353675, 2053779, 1728765, 2146289, 2376112, 1966018, 2389987, 2384177, 2104736, 2436550, 2533759, 2076354, 2479705, 2382779, 2421110, 2014813, 2421009, 2563204, 2172056, 2445339, 2340925, 1926689, 2385703, 2506004, 2114245, 2443023, 2620329, 2553073, 2279540, 2514592, 2398060, 1954051, 2336577, 2369445, 2104778, 2409175, 2346120, 2451078, 1997700, 2329141, 2457622, 2022612, 2389929, 2325469, 4457497, 1638837, 1658737, 1560680, 1628927, 1582489, 1591536, 1529324, 1543859, 1558383, 1697157, 1555360, 1570718, 1518485, 1556419, 1555714, 1561850, 1649342, 1561233, 2832599, 2171907, 1514986, 2004201, 1782048, 1682949, 1792668, 1159298, 1582887, 1591002, 1534055, 1501776, 1689656, 8335841, 1729895, 1583279, 1518253, 1556788, 1562663, 1607668, 1596338, 1534777, 2295843, 1590265, 1550876, 1562387, 1503902, 1510272, 1624558, 1499364, 1642621, 2937898, 1742783, 1571584, 1691727, 1745074, 1676301, 1503437, 1688027, 1567051, 1824241, 1669841, 1665597, 1810372, 1576957, 1802942, 1929464, 1762746, 1686607, 1605301, 1614918, 1703869, 1736110, 1664152, 1658997, 1817981, 1567870, 1553522, 1677597, 1844729, 1672361, 1709266, 1522149, 1633862, 1559852, 1622848, 1527816, 1678344, 1629468, 1738227, 1631515, 7099538, 4071140, 3063399, 3169553, 3133808, 2998099, 2952103, 2986345, 2902817, 3719647, 2785693, 2632556, 2569144, 2728172, 2939534, 2839098, 2290346, 2307494, 2590910, 2502046, 2870159, 2374795, 2339901, 2414193, 2354170, 2470827, 2356512, 2323283, 2020111, 2313696, 2301312, 3295115, 3760977, 3570609, 4074997, 3700332, 3587802, 3205861, 2082694, 2033758, 1956278, 1904005, 2102414, 1837276, 1841954, 1962619, 2064236, 2067078, 1955208, 1965437, 1912917, 1896059, 1892843, 1736051, 1772643, 1803725, 1787826, 1738504, 1730435, 1710615, 1708262, 1701805, 1674100, 1802869, 1699683, 1685197, 1662463, 1673582, 1798229, 1766430, 1729002, 1681951, 1800484, 1777240, 1782563, 1791478, 1712779, 1720362, 1723551, 1827988, 1734445, 80717835, 1676397, 1812803, 1797749, 1571159, 1678657, 2404192, 2152744, 1727422, 1941766, 2848036, 2141280, 2579467, 2452140, 2442409, 2082409, 2536800, 2598911, 2062809, 2498501, 2488704, 2492198, 2006762, 2512201, 2528111, 2329178, 2656864, 2156344, 2561736, 2476883, 2219445, 2455609, 2471396, 2614736, 2012438, 2509480, 2508962, 1950686, 2509565, 2480384, 2443456, 2041773, 2662410, 2461202, 2140026, 2563100, 2704324, 2542682, 2001091, 2518809, 2488486, 2527007, 2299912, 2445844, 2547228, 2133016, 2463225, 2582099, 948744, 680962, 1058401, 690293, 640148, 822963, 696324, 1081223, 688157, 531259, 646207, 1112504, 633154, 696183, 705293, 727767, 962061, 731591]

Dependent test list:
[Test: randoop.jodatime.RandoopTest3.test195, Intended behavior: FAILURE, when executed after: [randoop.jodatime.RandoopTest3.test193], The revealed different behavior: PASS, when executed after: [], Test: randoop.jodatime.RandoopTest2.test487, Intended behavior: FAILURE, when executed after: [randoop.jodatime.RandoopTest2.test376], The revealed different behavior: PASS, when executed after: [], Test: randoop.jodatime.RandoopTest2.test490, Intended behavior: FAILURE, when executed after: [randoop.jodatime.RandoopTest2.test487], The revealed different behavior: PASS, when executed after: [], Test: randoop.jodatime.RandoopTest3.test389, Intended behavior: FAILURE, when executed after: [randoop.jodatime.RandoopTest3.test383], The revealed different behavior: PASS, when executed after: [], Test: randoop.jodatime.RandoopTest3.test383, Intended behavior: FAILURE, when executed after: [randoop.jodatime.RandoopTest3.test382], The revealed different behavior: PASS, when executed after: [], Test: randoop.jodatime.RandoopTest0.test152, Intended behavior: FAILURE, when executed after: [randoop.jodatime.RandoopTest0.test146], The revealed different behavior: PASS, when executed after: [], Test: randoop.jodatime.RandoopTest0.test450, Intended behavior: FAILURE, when executed after: [randoop.jodatime.RandoopTest0.test406], The revealed different behavior: PASS, when executed after: [], Test: randoop.jodatime.RandoopTest0.test395, Intended behavior: FAILURE, when executed after: [randoop.jodatime.RandoopTest0.test390], The revealed different behavior: PASS, when executed after: [], Test: randoop.jodatime.RandoopTest0.test144, Intended behavior: FAILURE, when executed after: [randoop.jodatime.RandoopTest0.test141], The revealed different behavior: PASS, when executed after: [], Test: randoop.jodatime.RandoopTest0.test146, Intended behavior: FAILURE, when executed after: [randoop.jodatime.RandoopTest0.test144], The revealed different behavior: PASS, when executed after: [], Test: randoop.jodatime.RandoopTest3.test398, Intended behavior: FAILURE, when executed after: [randoop.jodatime.RandoopTest3.test389], The revealed different behavior: PASS, when executed after: [], Test: randoop.jodatime.RandoopTest3.test193, Intended behavior: FAILURE, when executed after: [randoop.jodatime.RandoopTest3.test189], The revealed different behavior: PASS, when executed after: [], Test: randoop.jodatime.RandoopTest2.test493, Intended behavior: FAILURE, when executed after: [randoop.jodatime.RandoopTest2.test490], The revealed different behavior: PASS, when executed after: [], Test: randoop.jodatime.RandoopTest0.test498, Intended behavior: FAILURE, when executed after: [randoop.jodatime.RandoopTest0.test450], The revealed different behavior: PASS, when executed after: [], Test: randoop.jodatime.RandoopTest1.test168, Intended behavior: FAILURE, when executed after: [randoop.jodatime.RandoopTest0.test498], The revealed different behavior: PASS, when executed after: [], Test: randoop.jodatime.RandoopTest0.test165, Intended behavior: FAILURE, when executed after: [randoop.jodatime.RandoopTest0.test159], The revealed different behavior: PASS, when executed after: [], Test: randoop.jodatime.RandoopTest3.test98, Intended behavior: FAILURE, when executed after: [randoop.jodatime.RandoopTest3.test96], The revealed different behavior: PASS, when executed after: [], Test: randoop.jodatime.RandoopTest0.test159, Intended behavior: FAILURE, when executed after: [randoop.jodatime.RandoopTest0.test152], The revealed different behavior: PASS, when executed after: [], Test: randoop.jodatime.RandoopTest3.test199, Intended behavior: FAILURE, when executed after: [randoop.jodatime.RandoopTest3.test196], The revealed different behavior: PASS, when executed after: [], Test: randoop.jodatime.RandoopTest0.test172, Intended behavior: FAILURE, when executed after: [randoop.jodatime.RandoopTest0.test165], The revealed different behavior: PASS, when executed after: [], Test: randoop.jodatime.RandoopTest0.test182, Intended behavior: FAILURE, when executed after: [randoop.jodatime.RandoopTest0.test181], The revealed different behavior: PASS, when executed after: [], Test: randoop.jodatime.RandoopTest0.test181, Intended behavior: FAILURE, when executed after: [randoop.jodatime.RandoopTest0.test172], The revealed different behavior: PASS, when executed after: [], Test: randoop.jodatime.RandoopTest1.test475, Intended behavior: FAILURE, when executed after: [randoop.jodatime.RandoopTest1.test467], The revealed different behavior: PASS, when executed after: [], Test: randoop.jodatime.RandoopTest0.test196, Intended behavior: FAILURE, when executed after: [randoop.jodatime.RandoopTest0.test192], The revealed different behavior: PASS, when executed after: [], Test: randoop.jodatime.RandoopTest0.test386, Intended behavior: FAILURE, when executed after: [randoop.jodatime.RandoopTest0.test378], The revealed different behavior: PASS, when executed after: [], Test: randoop.jodatime.RandoopTest0.test387, Intended behavior: FAILURE, when executed after: [randoop.jodatime.RandoopTest0.test386], The revealed different behavior: PASS, when executed after: [], Test: randoop.jodatime.RandoopTest0.test192, Intended behavior: FAILURE, when executed after: [randoop.jodatime.RandoopTest0.test188], The revealed different behavior: PASS, when executed after: [], Test: randoop.jodatime.RandoopTest0.test389, Intended behavior: FAILURE, when executed after: [randoop.jodatime.RandoopTest0.test387], The revealed different behavior: PASS, when executed after: [], Test: randoop.jodatime.RandoopTest0.test293, Intended behavior: FAILURE, when executed after: [randoop.jodatime.RandoopTest0.test283], The revealed different behavior: PASS, when executed after: [], Test: randoop.jodatime.RandoopTest4.test315, Intended behavior: FAILURE, when executed after: [randoop.jodatime.RandoopTest4.test138], The revealed different behavior: PASS, when executed after: [], Test: randoop.jodatime.RandoopTest4.test13, Intended behavior: FAILURE, when executed after: [randoop.jodatime.RandoopTest4.test5], The revealed different behavior: PASS, when executed after: [], Test: randoop.jodatime.RandoopTest3.test189, Intended behavior: FAILURE, when executed after: [randoop.jodatime.RandoopTest3.test185], The revealed different behavior: PASS, when executed after: [], Test: randoop.jodatime.RandoopTest3.test95, Intended behavior: FAILURE, when executed after: [randoop.jodatime.RandoopTest3.test92], The revealed different behavior: PASS, when executed after: [], Test: randoop.jodatime.RandoopTest0.test297, Intended behavior: FAILURE, when executed after: [randoop.jodatime.RandoopTest0.test293], The revealed different behavior: PASS, when executed after: [], Test: randoop.jodatime.RandoopTest0.test390, Intended behavior: FAILURE, when executed after: [randoop.jodatime.RandoopTest0.test389], The revealed different behavior: PASS, when executed after: [], Test: randoop.jodatime.RandoopTest0.test188, Intended behavior: FAILURE, when executed after: [randoop.jodatime.RandoopTest0.test182], The revealed different behavior: PASS, when executed after: [], Test: randoop.jodatime.RandoopTest3.test288, Intended behavior: FAILURE, when executed after: [randoop.jodatime.RandoopTest3.test280], The revealed different behavior: PASS, when executed after: [], Test: randoop.jodatime.RandoopTest2.test58, Intended behavior: FAILURE, when executed after: [randoop.jodatime.RandoopTest1.test475], The revealed different behavior: PASS, when executed after: [], Test: randoop.jodatime.RandoopTest4.test138, Intended behavior: FAILURE, when executed after: [randoop.jodatime.RandoopTest4.test13], The revealed different behavior: PASS, when executed after: [], Test: randoop.jodatime.RandoopTest3.test411, Intended behavior: FAILURE, when executed after: [randoop.jodatime.RandoopTest3.test409], The revealed different behavior: PASS, when executed after: [], Test: randoop.jodatime.RandoopTest3.test419, Intended behavior: FAILURE, when executed after: [randoop.jodatime.RandoopTest3.test418], The revealed different behavior: PASS, when executed after: [], Test: randoop.jodatime.RandoopTest3.test407, Intended behavior: FAILURE, when executed after: [randoop.jodatime.RandoopTest3.test403], The revealed different behavior: PASS, when executed after: [], Test: randoop.jodatime.RandoopTest3.test299, Intended behavior: FAILURE, when executed after: [randoop.jodatime.RandoopTest3.test297], The revealed different behavior: PASS, when executed after: [], Test: randoop.jodatime.RandoopTest0.test267, Intended behavior: FAILURE, when executed after: [randoop.jodatime.RandoopTest0.test260], The revealed different behavior: PASS, when executed after: [], Test: randoop.jodatime.RandoopTest4.test434, Intended behavior: FAILURE, when executed after: [randoop.jodatime.RandoopTest4.test315], The revealed different behavior: PASS, when executed after: [], Test: randoop.jodatime.RandoopTest3.test185, Intended behavior: FAILURE, when executed after: [randoop.jodatime.RandoopTest3.test184], The revealed different behavior: PASS, when executed after: [], Test: randoop.jodatime.RandoopTest3.test99, Intended behavior: FAILURE, when executed after: [randoop.jodatime.RandoopTest3.test98], The revealed different behavior: PASS, when executed after: [], Test: randoop.jodatime.RandoopTest3.test84, Intended behavior: FAILURE, when executed after: [randoop.jodatime.RandoopTest3.test81], The revealed different behavior: PASS, when executed after: [], Test: randoop.jodatime.RandoopTest3.test294, Intended behavior: FAILURE, when executed after: [randoop.jodatime.RandoopTest3.test292], The revealed different behavior: PASS, when executed after: [], Test: randoop.jodatime.RandoopTest3.test292, Intended behavior: FAILURE, when executed after: [randoop.jodatime.RandoopTest3.test288], The revealed different behavior: PASS, when executed after: [], Test: randoop.jodatime.RandoopTest3.test144, Intended behavior: FAILURE, when executed after: [randoop.jodatime.RandoopTest3.test142], The revealed different behavior: PASS, when executed after: [], Test: randoop.jodatime.RandoopTest3.test409, Intended behavior: FAILURE, when executed after: [randoop.jodatime.RandoopTest3.test407], The revealed different behavior: PASS, when executed after: [], Test: randoop.jodatime.RandoopTest3.test161, Intended behavior: FAILURE, when executed after: [randoop.jodatime.RandoopTest3.test159], The revealed different behavior: PASS, when executed after: [], Test: randoop.jodatime.RandoopTest3.test159, Intended behavior: FAILURE, when executed after: [randoop.jodatime.RandoopTest3.test152], The revealed different behavior: PASS, when executed after: [], Test: randoop.jodatime.RandoopTest3.test170, Intended behavior: FAILURE, when executed after: [randoop.jodatime.RandoopTest3.test166], The revealed different behavior: PASS, when executed after: [], Test: randoop.jodatime.RandoopTest3.test163, Intended behavior: FAILURE, when executed after: [randoop.jodatime.RandoopTest3.test161], The revealed different behavior: PASS, when executed after: [], Test: randoop.jodatime.RandoopTest3.test269, Intended behavior: FAILURE, when executed after: [randoop.jodatime.RandoopTest3.test266], The revealed different behavior: PASS, when executed after: [], Test: randoop.jodatime.RandoopTest3.test266, Intended behavior: FAILURE, when executed after: [randoop.jodatime.RandoopTest3.test263], The revealed different behavior: PASS, when executed after: [], Test: randoop.jodatime.RandoopTest3.test263, Intended behavior: FAILURE, when executed after: [randoop.jodatime.RandoopTest3.test262], The revealed different behavior: PASS, when executed after: [], Test: randoop.jodatime.RandoopTest5.test35, Intended behavior: FAILURE, when executed after: [randoop.jodatime.RandoopTest4.test434], The revealed different behavior: PASS, when executed after: [], Test: randoop.jodatime.RandoopTest3.test196, Intended behavior: FAILURE, when executed after: [randoop.jodatime.RandoopTest3.test195], The revealed different behavior: PASS, when executed after: [], Test: randoop.jodatime.RandoopTest2.test495, Intended behavior: FAILURE, when executed after: [randoop.jodatime.RandoopTest2.test493], The revealed different behavior: PASS, when executed after: [], Test: randoop.jodatime.RandoopTest3.test87, Intended behavior: FAILURE, when executed after: [randoop.jodatime.RandoopTest3.test84], The revealed different behavior: PASS, when executed after: [], Test: randoop.jodatime.RandoopTest3.test150, Intended behavior: FAILURE, when executed after: [randoop.jodatime.RandoopTest3.test148], The revealed different behavior: PASS, when executed after: [], Test: randoop.jodatime.RandoopTest3.test413, Intended behavior: FAILURE, when executed after: [randoop.jodatime.RandoopTest3.test411], The revealed different behavior: PASS, when executed after: [], Test: randoop.jodatime.RandoopTest3.test148, Intended behavior: FAILURE, when executed after: [randoop.jodatime.RandoopTest3.test144], The revealed different behavior: PASS, when executed after: [], Test: randoop.jodatime.RandoopTest3.test142, Intended behavior: FAILURE, when executed after: [randoop.jodatime.RandoopTest3.test138], The revealed different behavior: PASS, when executed after: [], Test: randoop.jodatime.RandoopTest3.test403, Intended behavior: FAILURE, when executed after: [randoop.jodatime.RandoopTest3.test398], The revealed different behavior: PASS, when executed after: [], Test: randoop.jodatime.RandoopTest2.test500, Intended behavior: FAILURE, when executed after: [randoop.jodatime.RandoopTest2.test495], The revealed different behavior: PASS, when executed after: [], Test: randoop.jodatime.RandoopTest3.test152, Intended behavior: FAILURE, when executed after: [randoop.jodatime.RandoopTest3.test151], The revealed different behavior: PASS, when executed after: [], Test: randoop.jodatime.RandoopTest3.test297, Intended behavior: FAILURE, when executed after: [randoop.jodatime.RandoopTest3.test294], The revealed different behavior: PASS, when executed after: [], Test: randoop.jodatime.RandoopTest3.test166, Intended behavior: FAILURE, when executed after: [randoop.jodatime.RandoopTest3.test163], The revealed different behavior: PASS, when executed after: [], Test: randoop.jodatime.RandoopTest3.test262, Intended behavior: FAILURE, when executed after: [randoop.jodatime.RandoopTest3.test259], The revealed different behavior: PASS, when executed after: [], Test: randoop.jodatime.RandoopTest3.test184, Intended behavior: FAILURE, when executed after: [randoop.jodatime.RandoopTest3.test182], The revealed different behavior: PASS, when executed after: [], Test: randoop.jodatime.RandoopTest3.test176, Intended behavior: FAILURE, when executed after: [randoop.jodatime.RandoopTest3.test173], The revealed different behavior: PASS, when executed after: [], Test: randoop.jodatime.RandoopTest0.test283, Intended behavior: FAILURE, when executed after: [randoop.jodatime.RandoopTest0.test282], The revealed different behavior: PASS, when executed after: [], Test: randoop.jodatime.RandoopTest0.test282, Intended behavior: FAILURE, when executed after: [randoop.jodatime.RandoopTest0.test267], The revealed different behavior: PASS, when executed after: [], Test: randoop.jodatime.RandoopTest3.test277, Intended behavior: FAILURE, when executed after: [randoop.jodatime.RandoopTest3.test275], The revealed different behavior: PASS, when executed after: [], Test: randoop.jodatime.RandoopTest3.test274, Intended behavior: FAILURE, when executed after: [randoop.jodatime.RandoopTest3.test272], The revealed different behavior: PASS, when executed after: [], Test: randoop.jodatime.RandoopTest3.test275, Intended behavior: FAILURE, when executed after: [randoop.jodatime.RandoopTest3.test274], The revealed different behavior: PASS, when executed after: [], Test: randoop.jodatime.RandoopTest3.test242, Intended behavior: FAILURE, when executed after: [randoop.jodatime.RandoopTest3.test241], The revealed different behavior: PASS, when executed after: [], Test: randoop.jodatime.RandoopTest3.test105, Intended behavior: FAILURE, when executed after: [randoop.jodatime.RandoopTest3.test102], The revealed different behavior: PASS, when executed after: [], Test: randoop.jodatime.RandoopTest0.test360, Intended behavior: FAILURE, when executed after: [randoop.jodatime.RandoopTest0.test347], The revealed different behavior: PASS, when executed after: [], Test: randoop.jodatime.RandoopTest0.test361, Intended behavior: FAILURE, when executed after: [randoop.jodatime.RandoopTest0.test360], The revealed different behavior: PASS, when executed after: [], Test: randoop.jodatime.RandoopTest3.test106, Intended behavior: FAILURE, when executed after: [randoop.jodatime.RandoopTest3.test105], The revealed different behavior: PASS, when executed after: [], Test: randoop.jodatime.RandoopTest3.test107, Intended behavior: FAILURE, when executed after: [randoop.jodatime.RandoopTest3.test106], The revealed different behavior: PASS, when executed after: [], Test: randoop.jodatime.RandoopTest3.test246, Intended behavior: FAILURE, when executed after: [randoop.jodatime.RandoopTest3.test242], The revealed different behavior: PASS, when executed after: [], Test: randoop.jodatime.RandoopTest3.test108, Intended behavior: FAILURE, when executed after: [randoop.jodatime.RandoopTest3.test107], The revealed different behavior: PASS, when executed after: [], Test: randoop.jodatime.RandoopTest3.test247, Intended behavior: FAILURE, when executed after: [randoop.jodatime.RandoopTest3.test246], The revealed different behavior: PASS, when executed after: [], Test: randoop.jodatime.RandoopTest3.test34, Intended behavior: FAILURE, when executed after: [randoop.jodatime.RandoopTest3.test32], The revealed different behavior: PASS, when executed after: [], Test: randoop.jodatime.RandoopTest3.test102, Intended behavior: FAILURE, when executed after: [randoop.jodatime.RandoopTest3.test99], The revealed different behavior: PASS, when executed after: [], Test: randoop.jodatime.RandoopTest0.test260, Intended behavior: FAILURE, when executed after: [randoop.jodatime.RandoopTest0.test258], The revealed different behavior: PASS, when executed after: [], Test: randoop.jodatime.RandoopTest3.test447, Intended behavior: FAILURE, when executed after: [randoop.jodatime.RandoopTest3.test446], The revealed different behavior: PASS, when executed after: [], Test: randoop.jodatime.RandoopTest0.test258, Intended behavior: FAILURE, when executed after: [randoop.jodatime.RandoopTest0.test252], The revealed different behavior: PASS, when executed after: [], Test: randoop.jodatime.RandoopTest3.test301, Intended behavior: FAILURE, when executed after: [randoop.jodatime.RandoopTest3.test300], The revealed different behavior: PASS, when executed after: [], Test: randoop.jodatime.RandoopTest3.test308, Intended behavior: FAILURE, when executed after: [randoop.jodatime.RandoopTest3.test304], The revealed different behavior: PASS, when executed after: [], Test: randoop.jodatime.RandoopTest3.test441, Intended behavior: FAILURE, when executed after: [randoop.jodatime.RandoopTest3.test435], The revealed different behavior: PASS, when executed after: [], Test: randoop.jodatime.RandoopTest3.test309, Intended behavior: FAILURE, when executed after: [randoop.jodatime.RandoopTest3.test308], The revealed different behavior: PASS, when executed after: [], Test: randoop.jodatime.RandoopTest3.test304, Intended behavior: FAILURE, when executed after: [randoop.jodatime.RandoopTest3.test301], The revealed different behavior: PASS, when executed after: [], Test: randoop.jodatime.RandoopTest3.test445, Intended behavior: FAILURE, when executed after: [randoop.jodatime.RandoopTest3.test442], The revealed different behavior: PASS, when executed after: [], Test: randoop.jodatime.RandoopTest3.test252, Intended behavior: FAILURE, when executed after: [randoop.jodatime.RandoopTest3.test249], The revealed different behavior: PASS, when executed after: [], Test: randoop.jodatime.RandoopTest3.test118, Intended behavior: FAILURE, when executed after: [randoop.jodatime.RandoopTest3.test116], The revealed different behavior: PASS, when executed after: [], Test: randoop.jodatime.RandoopTest3.test258, Intended behavior: FAILURE, when executed after: [randoop.jodatime.RandoopTest3.test257], The revealed different behavior: PASS, when executed after: [], Test: randoop.jodatime.RandoopTest0.test252, Intended behavior: FAILURE, when executed after: [randoop.jodatime.RandoopTest0.test251], The revealed different behavior: PASS, when executed after: [], Test: randoop.jodatime.RandoopTest3.test115, Intended behavior: FAILURE, when executed after: [randoop.jodatime.RandoopTest3.test113], The revealed different behavior: PASS, when executed after: [], Test: randoop.jodatime.RandoopTest0.test251, Intended behavior: FAILURE, when executed after: [randoop.jodatime.RandoopTest0.test247], The revealed different behavior: PASS, when executed after: [], Test: randoop.jodatime.RandoopTest3.test313, Intended behavior: FAILURE, when executed after: [randoop.jodatime.RandoopTest3.test312], The revealed different behavior: PASS, when executed after: [], Test: randoop.jodatime.RandoopTest3.test312, Intended behavior: FAILURE, when executed after: [randoop.jodatime.RandoopTest3.test309], The revealed different behavior: PASS, when executed after: [], Test: randoop.jodatime.RandoopTest0.test247, Intended behavior: FAILURE, when executed after: [randoop.jodatime.RandoopTest0.test246], The revealed different behavior: PASS, when executed after: [], Test: randoop.jodatime.RandoopTest0.test246, Intended behavior: FAILURE, when executed after: [randoop.jodatime.RandoopTest0.test235], The revealed different behavior: PASS, when executed after: [], Test: randoop.jodatime.RandoopTest3.test46, Intended behavior: FAILURE, when executed after: [randoop.jodatime.RandoopTest3.test40], The revealed different behavior: PASS, when executed after: [], Test: randoop.jodatime.RandoopTest3.test452, Intended behavior: FAILURE, when executed after: [randoop.jodatime.RandoopTest3.test451], The revealed different behavior: PASS, when executed after: [], Test: randoop.jodatime.RandoopTest3.test451, Intended behavior: FAILURE, when executed after: [randoop.jodatime.RandoopTest3.test447], The revealed different behavior: PASS, when executed after: [], Test: randoop.jodatime.RandoopTest3.test316, Intended behavior: FAILURE, when executed after: [randoop.jodatime.RandoopTest3.test313], The revealed different behavior: PASS, when executed after: [], Test: randoop.jodatime.RandoopTest3.test455, Intended behavior: FAILURE, when executed after: [randoop.jodatime.RandoopTest3.test454], The revealed different behavior: PASS, when executed after: [], Test: randoop.jodatime.RandoopTest0.test347, Intended behavior: FAILURE, when executed after: [randoop.jodatime.RandoopTest0.test346], The revealed different behavior: PASS, when executed after: [], Test: randoop.jodatime.RandoopTest3.test454, Intended behavior: FAILURE, when executed after: [randoop.jodatime.RandoopTest3.test452], The revealed different behavior: PASS, when executed after: [], Test: randoop.jodatime.RandoopTest0.test346, Intended behavior: FAILURE, when executed after: [randoop.jodatime.RandoopTest0.test338], The revealed different behavior: PASS, when executed after: [], Test: randoop.jodatime.RandoopTest3.test223, Intended behavior: FAILURE, when executed after: [randoop.jodatime.RandoopTest3.test220], The revealed different behavior: PASS, when executed after: [], Test: randoop.jodatime.RandoopTest3.test128, Intended behavior: FAILURE, when executed after: [randoop.jodatime.RandoopTest3.test125], The revealed different behavior: PASS, when executed after: [], Test: randoop.jodatime.RandoopTest3.test129, Intended behavior: FAILURE, when executed after: [randoop.jodatime.RandoopTest3.test128], The revealed different behavior: PASS, when executed after: [], Test: randoop.jodatime.RandoopTest3.test220, Intended behavior: FAILURE, when executed after: [randoop.jodatime.RandoopTest3.test219], The revealed different behavior: PASS, when executed after: [], Test: randoop.jodatime.RandoopTest3.test121, Intended behavior: FAILURE, when executed after: [randoop.jodatime.RandoopTest3.test118], The revealed different behavior: PASS, when executed after: [], Test: randoop.jodatime.RandoopTest3.test226, Intended behavior: FAILURE, when executed after: [randoop.jodatime.RandoopTest3.test223], The revealed different behavior: PASS, when executed after: [], Test: randoop.jodatime.RandoopTest3.test124, Intended behavior: FAILURE, when executed after: [randoop.jodatime.RandoopTest3.test121], The revealed different behavior: PASS, when executed after: [], Test: randoop.jodatime.RandoopTest3.test125, Intended behavior: FAILURE, when executed after: [randoop.jodatime.RandoopTest3.test124], The revealed different behavior: PASS, when executed after: [], Test: randoop.jodatime.RandoopTest1.test354, Intended behavior: FAILURE, when executed after: [randoop.jodatime.RandoopTest1.test168], The revealed different behavior: PASS, when executed after: [], Test: randoop.jodatime.RandoopTest3.test320, Intended behavior: FAILURE, when executed after: [randoop.jodatime.RandoopTest3.test316], The revealed different behavior: PASS, when executed after: [], Test: randoop.jodatime.RandoopTest3.test57, Intended behavior: FAILURE, when executed after: [randoop.jodatime.RandoopTest3.test56], The revealed different behavior: PASS, when executed after: [], Test: randoop.jodatime.RandoopTest0.test235, Intended behavior: FAILURE, when executed after: [randoop.jodatime.RandoopTest0.test229], The revealed different behavior: PASS, when executed after: [], Test: randoop.jodatime.RandoopTest3.test424, Intended behavior: FAILURE, when executed after: [randoop.jodatime.RandoopTest3.test420], The revealed different behavior: PASS, when executed after: [], Test: randoop.jodatime.RandoopTest3.test324, Intended behavior: FAILURE, when executed after: [randoop.jodatime.RandoopTest3.test320], The revealed different behavior: PASS, when executed after: [], Test: randoop.jodatime.RandoopTest3.test426, Intended behavior: FAILURE, when executed after: [randoop.jodatime.RandoopTest3.test424], The revealed different behavior: PASS, when executed after: [], Test: randoop.jodatime.RandoopTest3.test327, Intended behavior: FAILURE, when executed after: [randoop.jodatime.RandoopTest3.test326], The revealed different behavior: PASS, when executed after: [], Test: randoop.jodatime.RandoopTest0.test376, Intended behavior: FAILURE, when executed after: [randoop.jodatime.RandoopTest0.test370], The revealed different behavior: PASS, when executed after: [], Test: randoop.jodatime.RandoopTest0.test378, Intended behavior: FAILURE, when executed after: [randoop.jodatime.RandoopTest0.test376], The revealed different behavior: PASS, when executed after: [], Test: randoop.jodatime.RandoopTest3.test138, Intended behavior: FAILURE, when executed after: [randoop.jodatime.RandoopTest3.test132], The revealed different behavior: PASS, when executed after: [], Test: randoop.jodatime.RandoopTest3.test233, Intended behavior: FAILURE, when executed after: [randoop.jodatime.RandoopTest3.test232], The revealed different behavior: PASS, when executed after: [], Test: randoop.jodatime.RandoopTest0.test370, Intended behavior: FAILURE, when executed after: [randoop.jodatime.RandoopTest0.test369], The revealed different behavior: PASS, when executed after: [], Test: randoop.jodatime.RandoopTest3.test232, Intended behavior: FAILURE, when executed after: [randoop.jodatime.RandoopTest3.test226], The revealed different behavior: PASS, when executed after: [], Test: randoop.jodatime.RandoopTest3.test132, Intended behavior: FAILURE, when executed after: [randoop.jodatime.RandoopTest3.test130], The revealed different behavior: PASS, when executed after: [], Test: randoop.jodatime.RandoopTest3.test130, Intended behavior: FAILURE, when executed after: [randoop.jodatime.RandoopTest3.test129], The revealed different behavior: PASS, when executed after: [], Test: randoop.jodatime.RandoopTest3.test239, Intended behavior: FAILURE, when executed after: [randoop.jodatime.RandoopTest3.test233], The revealed different behavior: PASS, when executed after: [], Test: randoop.jodatime.RandoopTest3.test330, Intended behavior: FAILURE, when executed after: [randoop.jodatime.RandoopTest3.test327], The revealed different behavior: PASS, when executed after: [], Test: randoop.jodatime.RandoopTest3.test333, Intended behavior: FAILURE, when executed after: [randoop.jodatime.RandoopTest3.test332], The revealed different behavior: PASS, when executed after: [], Test: randoop.jodatime.RandoopTest0.test226, Intended behavior: FAILURE, when executed after: [randoop.jodatime.RandoopTest0.test208], The revealed different behavior: PASS, when executed after: [], Test: randoop.jodatime.RandoopTest3.test332, Intended behavior: FAILURE, when executed after: [randoop.jodatime.RandoopTest3.test330], The revealed different behavior: PASS, when executed after: [], Test: randoop.jodatime.RandoopTest3.test435, Intended behavior: FAILURE, when executed after: [randoop.jodatime.RandoopTest3.test434], The revealed different behavior: PASS, when executed after: [], Test: randoop.jodatime.RandoopTest3.test434, Intended behavior: FAILURE, when executed after: [randoop.jodatime.RandoopTest3.test432], The revealed different behavior: PASS, when executed after: [], Test: randoop.jodatime.RandoopTest3.test338, Intended behavior: FAILURE, when executed after: [randoop.jodatime.RandoopTest3.test336], The revealed different behavior: PASS, when executed after: [], Test: randoop.jodatime.RandoopTest0.test369, Intended behavior: FAILURE, when executed after: [randoop.jodatime.RandoopTest0.test361], The revealed different behavior: PASS, when executed after: [], Test: randoop.jodatime.RandoopTest3.test336, Intended behavior: FAILURE, when executed after: [randoop.jodatime.RandoopTest3.test333], The revealed different behavior: PASS, when executed after: [], Test: randoop.jodatime.RandoopTest0.test229, Intended behavior: FAILURE, when executed after: [randoop.jodatime.RandoopTest0.test226], The revealed different behavior: PASS, when executed after: [], Test: randoop.jodatime.RandoopTest3.test205, Intended behavior: FAILURE, when executed after: [randoop.jodatime.RandoopTest3.test201], The revealed different behavior: PASS, when executed after: [], Test: randoop.jodatime.RandoopTest3.test201, Intended behavior: FAILURE, when executed after: [randoop.jodatime.RandoopTest3.test199], The revealed different behavior: PASS, when executed after: [], Test: randoop.jodatime.RandoopTest0.test135, Intended behavior: FAILURE, when executed after: [randoop.jodatime.RandoopTest0.test115], The revealed different behavior: PASS, when executed after: [], Test: randoop.jodatime.RandoopTest3.test492, Intended behavior: FAILURE, when executed after: [randoop.jodatime.RandoopTest3.test487], The revealed different behavior: PASS, when executed after: [], Test: randoop.jodatime.RandoopTest0.test314, Intended behavior: FAILURE, when executed after: [randoop.jodatime.RandoopTest0.test306], The revealed different behavior: PASS, when executed after: [], Test: randoop.jodatime.RandoopTest3.test487, Intended behavior: FAILURE, when executed after: [randoop.jodatime.RandoopTest3.test481], The revealed different behavior: PASS, when executed after: [], Test: randoop.jodatime.RandoopTest3.test345, Intended behavior: FAILURE, when executed after: [randoop.jodatime.RandoopTest3.test338], The revealed different behavior: PASS, when executed after: [], Test: randoop.jodatime.RandoopTest0.test406, Intended behavior: FAILURE, when executed after: [randoop.jodatime.RandoopTest0.test395], The revealed different behavior: PASS, when executed after: [], Test: randoop.jodatime.RandoopTest3.test219, Intended behavior: FAILURE, when executed after: [randoop.jodatime.RandoopTest3.test210], The revealed different behavior: PASS, when executed after: [], Test: randoop.jodatime.RandoopTest3.test210, Intended behavior: FAILURE, when executed after: [randoop.jodatime.RandoopTest3.test208], The revealed different behavior: PASS, when executed after: [], Test: randoop.jodatime.RandoopTest3.test496, Intended behavior: FAILURE, when executed after: [randoop.jodatime.RandoopTest3.test492], The revealed different behavior: PASS, when executed after: [], Test: randoop.jodatime.RandoopTest0.test304, Intended behavior: FAILURE, when executed after: [randoop.jodatime.RandoopTest0.test297], The revealed different behavior: PASS, when executed after: [], Test: randoop.jodatime.RandoopTest3.test497, Intended behavior: FAILURE, when executed after: [randoop.jodatime.RandoopTest3.test496], The revealed different behavior: PASS, when executed after: [], Test: randoop.jodatime.RandoopTest3.test498, Intended behavior: FAILURE, when executed after: [randoop.jodatime.RandoopTest3.test497], The revealed different behavior: PASS, when executed after: [], Test: randoop.jodatime.RandoopTest0.test208, Intended behavior: FAILURE, when executed after: [randoop.jodatime.RandoopTest0.test196], The revealed different behavior: PASS, when executed after: [], Test: randoop.jodatime.RandoopTest3.test356, Intended behavior: FAILURE, when executed after: [randoop.jodatime.RandoopTest3.test352], The revealed different behavior: PASS, when executed after: [], Test: randoop.jodatime.RandoopTest0.test306, Intended behavior: FAILURE, when executed after: [randoop.jodatime.RandoopTest0.test304], The revealed different behavior: PASS, when executed after: [], Test: randoop.jodatime.RandoopTest3.test352, Intended behavior: FAILURE, when executed after: [randoop.jodatime.RandoopTest3.test347], The revealed different behavior: PASS, when executed after: [], Test: randoop.jodatime.RandoopTest3.test8, Intended behavior: FAILURE, when executed after: [randoop.jodatime.RandoopTest3.test7], The revealed different behavior: PASS, when executed after: [], Test: randoop.jodatime.RandoopTest3.test7, Intended behavior: FAILURE, when executed after: [randoop.jodatime.RandoopTest3.test1], The revealed different behavior: PASS, when executed after: [], Test: randoop.jodatime.RandoopTest3.test12, Intended behavior: FAILURE, when executed after: [randoop.jodatime.RandoopTest3.test9], The revealed different behavior: PASS, when executed after: [], Test: randoop.jodatime.RandoopTest3.test470, Intended behavior: FAILURE, when executed after: [randoop.jodatime.RandoopTest3.test467], The revealed different behavior: PASS, when executed after: [], Test: randoop.jodatime.RandoopTest0.test141, Intended behavior: FAILURE, when executed after: [randoop.jodatime.RandoopTest0.test135], The revealed different behavior: PASS, when executed after: [], Test: randoop.jodatime.RandoopTest0.test338, Intended behavior: FAILURE, when executed after: [randoop.jodatime.RandoopTest0.test325], The revealed different behavior: PASS, when executed after: [], Test: randoop.jodatime.RandoopTest3.test462, Intended behavior: FAILURE, when executed after: [randoop.jodatime.RandoopTest3.test457], The revealed different behavior: PASS, when executed after: [], Test: randoop.jodatime.RandoopTest3.test14, Intended behavior: FAILURE, when executed after: [randoop.jodatime.RandoopTest3.test12], The revealed different behavior: PASS, when executed after: [], Test: randoop.jodatime.RandoopTest3.test365, Intended behavior: FAILURE, when executed after: [randoop.jodatime.RandoopTest3.test356], The revealed different behavior: PASS, when executed after: [], Test: randoop.jodatime.RandoopTest3.test382, Intended behavior: FAILURE, when executed after: [randoop.jodatime.RandoopTest3.test381], The revealed different behavior: PASS, when executed after: [], Test: randoop.jodatime.RandoopTest3.test381, Intended behavior: FAILURE, when executed after: [randoop.jodatime.RandoopTest3.test380], The revealed different behavior: PASS, when executed after: [], Test: randoop.jodatime.RandoopTest3.test22, Intended behavior: FAILURE, when executed after: [randoop.jodatime.RandoopTest3.test16], The revealed different behavior: PASS, when executed after: [], Test: randoop.jodatime.RandoopTest3.test380, Intended behavior: FAILURE, when executed after: [randoop.jodatime.RandoopTest3.test376], The revealed different behavior: PASS, when executed after: [], Test: randoop.jodatime.RandoopTest3.test481, Intended behavior: FAILURE, when executed after: [randoop.jodatime.RandoopTest3.test471], The revealed different behavior: PASS, when executed after: [], Test: randoop.jodatime.RandoopTest0.test325, Intended behavior: FAILURE, when executed after: [randoop.jodatime.RandoopTest0.test320], The revealed different behavior: PASS, when executed after: [], Test: randoop.jodatime.RandoopTest0.test320, Intended behavior: FAILURE, when executed after: [randoop.jodatime.RandoopTest0.test314], The revealed different behavior: PASS, when executed after: [], Test: randoop.jodatime.RandoopTest3.test471, Intended behavior: FAILURE, when executed after: [randoop.jodatime.RandoopTest3.test470], The revealed different behavior: PASS, when executed after: [], Test: randoop.jodatime.RandoopTest3.test375, Intended behavior: FAILURE, when executed after: [randoop.jodatime.RandoopTest3.test365], The revealed different behavior: PASS, when executed after: [], Test: randoop.jodatime.RandoopTest3.test29, Intended behavior: FAILURE, when executed after: [randoop.jodatime.RandoopTest3.test28], The revealed different behavior: PASS, when executed after: [], Test: randoop.jodatime.RandoopTest3.test28, Intended behavior: FAILURE, when executed after: [randoop.jodatime.RandoopTest3.test22], The revealed different behavior: PASS, when executed after: [], Test: randoop.jodatime.RandoopTest3.test376, Intended behavior: FAILURE, when executed after: [randoop.jodatime.RandoopTest3.test375], The revealed different behavior: PASS, when executed after: [], Test: randoop.jodatime.RandoopTest3.test241, Intended behavior: FAILURE, when executed after: [randoop.jodatime.RandoopTest3.test239], The revealed different behavior: PASS, when executed after: [], Test: randoop.jodatime.RandoopTest3.test272, Intended behavior: FAILURE, when executed after: [randoop.jodatime.RandoopTest3.test270], The revealed different behavior: PASS, when executed after: [], Test: randoop.jodatime.RandoopTest2.test85, Intended behavior: FAILURE, when executed after: [randoop.jodatime.RandoopTest2.test58], The revealed different behavior: PASS, when executed after: [], Test: randoop.jodatime.RandoopTest3.test270, Intended behavior: FAILURE, when executed after: [randoop.jodatime.RandoopTest3.test269], The revealed different behavior: PASS, when executed after: [], Test: randoop.jodatime.RandoopTest3.test208, Intended behavior: FAILURE, when executed after: [randoop.jodatime.RandoopTest3.test205], The revealed different behavior: PASS, when executed after: [], Test: randoop.jodatime.RandoopTest3.test81, Intended behavior: FAILURE, when executed after: [randoop.jodatime.RandoopTest3.test65], The revealed different behavior: PASS, when executed after: [], Test: randoop.jodatime.RandoopTest3.test52, Intended behavior: FAILURE, when executed after: [randoop.jodatime.RandoopTest3.test46], The revealed different behavior: PASS, when executed after: [], Test: randoop.jodatime.RandoopTest3.test417, Intended behavior: FAILURE, when executed after: [randoop.jodatime.RandoopTest3.test413], The revealed different behavior: PASS, when executed after: [], Test: randoop.jodatime.RandoopTest3.test249, Intended behavior: FAILURE, when executed after: [randoop.jodatime.RandoopTest3.test247], The revealed different behavior: PASS, when executed after: [], Test: randoop.jodatime.RandoopTest3.test151, Intended behavior: FAILURE, when executed after: [randoop.jodatime.RandoopTest3.test150], The revealed different behavior: PASS, when executed after: [], Test: randoop.jodatime.RandoopTest3.test418, Intended behavior: FAILURE, when executed after: [randoop.jodatime.RandoopTest3.test417], The revealed different behavior: PASS, when executed after: [], Test: randoop.jodatime.RandoopTest3.test32, Intended behavior: FAILURE, when executed after: [randoop.jodatime.RandoopTest3.test29], The revealed different behavior: PASS, when executed after: [], Test: randoop.jodatime.RandoopTest3.test56, Intended behavior: FAILURE, when executed after: [randoop.jodatime.RandoopTest3.test54], The revealed different behavior: PASS, when executed after: [], Test: randoop.jodatime.RandoopTest3.test173, Intended behavior: FAILURE, when executed after: [randoop.jodatime.RandoopTest3.test170], The revealed different behavior: PASS, when executed after: [], Test: randoop.jodatime.RandoopTest3.test54, Intended behavior: FAILURE, when executed after: [randoop.jodatime.RandoopTest3.test52], The revealed different behavior: PASS, when executed after: [], Test: randoop.jodatime.RandoopTest3.test300, Intended behavior: FAILURE, when executed after: [randoop.jodatime.RandoopTest3.test299], The revealed different behavior: PASS, when executed after: [], Test: randoop.jodatime.RandoopTest3.test446, Intended behavior: FAILURE, when executed after: [randoop.jodatime.RandoopTest3.test445], The revealed different behavior: PASS, when executed after: [], Test: randoop.jodatime.RandoopTest3.test58, Intended behavior: FAILURE, when executed after: [randoop.jodatime.RandoopTest3.test57], The revealed different behavior: PASS, when executed after: [], Test: randoop.jodatime.RandoopTest3.test467, Intended behavior: FAILURE, when executed after: [randoop.jodatime.RandoopTest3.test462], The revealed different behavior: PASS, when executed after: [], Test: randoop.jodatime.RandoopTest3.test347, Intended behavior: FAILURE, when executed after: [randoop.jodatime.RandoopTest3.test346], The revealed different behavior: PASS, when executed after: [], Test: randoop.jodatime.RandoopTest3.test36, Intended behavior: FAILURE, when executed after: [randoop.jodatime.RandoopTest3.test34], The revealed different behavior: PASS, when executed after: [], Test: randoop.jodatime.RandoopTest3.test326, Intended behavior: FAILURE, when executed after: [randoop.jodatime.RandoopTest3.test324], The revealed different behavior: PASS, when executed after: [], Test: randoop.jodatime.RandoopTest3.test16, Intended behavior: FAILURE, when executed after: [randoop.jodatime.RandoopTest3.test14], The revealed different behavior: PASS, when executed after: [], Test: randoop.jodatime.RandoopTest3.test420, Intended behavior: FAILURE, when executed after: [randoop.jodatime.RandoopTest3.test419], The revealed different behavior: PASS, when executed after: [], Test: randoop.jodatime.RandoopTest3.test346, Intended behavior: FAILURE, when executed after: [randoop.jodatime.RandoopTest3.test345], The revealed different behavior: PASS, when executed after: [], Test: randoop.jodatime.RandoopTest3.test442, Intended behavior: FAILURE, when executed after: [randoop.jodatime.RandoopTest3.test441], The revealed different behavior: PASS, when executed after: [], Test: randoop.jodatime.RandoopTest3.test280, Intended behavior: FAILURE, when executed after: [randoop.jodatime.RandoopTest3.test277], The revealed different behavior: PASS, when executed after: [], Test: randoop.jodatime.RandoopTest3.test92, Intended behavior: FAILURE, when executed after: [randoop.jodatime.RandoopTest3.test87], The revealed different behavior: PASS, when executed after: [], Test: randoop.jodatime.RandoopTest3.test257, Intended behavior: FAILURE, when executed after: [randoop.jodatime.RandoopTest3.test252], The revealed different behavior: PASS, when executed after: [], Test: randoop.jodatime.RandoopTest4.test4, Intended behavior: FAILURE, when executed after: [randoop.jodatime.RandoopTest3.test498], The revealed different behavior: PASS, when executed after: [], Test: randoop.jodatime.RandoopTest3.test116, Intended behavior: FAILURE, when executed after: [randoop.jodatime.RandoopTest3.test115], The revealed different behavior: PASS, when executed after: [], Test: randoop.jodatime.RandoopTest3.test259, Intended behavior: FAILURE, when executed after: [randoop.jodatime.RandoopTest3.test258], The revealed different behavior: PASS, when executed after: [], Test: randoop.jodatime.RandoopTest4.test5, Intended behavior: FAILURE, when executed after: [randoop.jodatime.RandoopTest4.test4], The revealed different behavior: PASS, when executed after: [], Test: randoop.jodatime.RandoopTest3.test113, Intended behavior: FAILURE, when executed after: [randoop.jodatime.RandoopTest3.test108], The revealed different behavior: PASS, when executed after: [], Test: randoop.jodatime.RandoopTest3.test65, Intended behavior: FAILURE, when executed after: [randoop.jodatime.RandoopTest3.test58], The revealed different behavior: PASS, when executed after: [], Test: randoop.jodatime.RandoopTest3.test182, Intended behavior: FAILURE, when executed after: [randoop.jodatime.RandoopTest3.test176], The revealed different behavior: PASS, when executed after: [], Test: randoop.jodatime.RandoopTest3.test40, Intended behavior: FAILURE, when executed after: [randoop.jodatime.RandoopTest3.test36], The revealed different behavior: PASS, when executed after: [], Test: randoop.jodatime.RandoopTest3.test96, Intended behavior: FAILURE, when executed after: [randoop.jodatime.RandoopTest3.test95], The revealed different behavior: PASS, when executed after: [], Test: randoop.jodatime.RandoopTest3.test457, Intended behavior: FAILURE, when executed after: [randoop.jodatime.RandoopTest3.test455], The revealed different behavior: PASS, when executed after: [], Test: randoop.jodatime.RandoopTest2.test376, Intended behavior: FAILURE, when executed after: [randoop.jodatime.RandoopTest2.test310], The revealed different behavior: PASS, when executed after: [], Test: randoop.jodatime.RandoopTest1.test467, Intended behavior: FAILURE, when executed after: [randoop.jodatime.RandoopTest1.test354], The revealed different behavior: PASS, when executed after: [], Test: randoop.jodatime.RandoopTest2.test212, Intended behavior: FAILURE, when executed after: [randoop.jodatime.RandoopTest2.test85], The revealed different behavior: PASS, when executed after: [], Test: randoop.jodatime.RandoopTest2.test269, Intended behavior: FAILURE, when executed after: [randoop.jodatime.RandoopTest2.test216], The revealed different behavior: PASS, when executed after: [], Test: randoop.jodatime.RandoopTest2.test216, Intended behavior: FAILURE, when executed after: [randoop.jodatime.RandoopTest2.test212], The revealed different behavior: PASS, when executed after: [], Test: randoop.jodatime.RandoopTest2.test289, Intended behavior: FAILURE, when executed after: [randoop.jodatime.RandoopTest2.test269], The revealed different behavior: PASS, when executed after: [], Test: randoop.jodatime.RandoopTest3.test1, Intended behavior: FAILURE, when executed after: [randoop.jodatime.RandoopTest2.test500], The revealed different behavior: PASS, when executed after: [], Test: randoop.jodatime.RandoopTest2.test310, Intended behavior: FAILURE, when executed after: [randoop.jodatime.RandoopTest2.test289], The revealed different behavior: PASS, when executed after: [], Test: randoop.jodatime.RandoopTest3.test432, Intended behavior: FAILURE, when executed after: [randoop.jodatime.RandoopTest3.test426], The revealed different behavior: PASS, when executed after: [], Test: randoop.jodatime.RandoopTest3.test9, Intended behavior: FAILURE, when executed after: [randoop.jodatime.RandoopTest3.test8], The revealed different behavior: PASS, when executed after: []]

Coverage test list:
[398, 23, 1, 77, 13, 14, 251, 9, 124, 172, 19, 4, 4, 19, 13, 32, 0, 11, 46, 0, 5, 20, 4, 9, 18, 1, 14, 13, 1, 261, 10, 2, 44, 3, 14, 8, 4, 10, 0, 15, 11, 90, 140, 10, 11, 6, 2, 21, 1, 59, 28, 15, 0, 35, 2, 41, 22, 32, 21, 7, 8, 2, 0, 66, 0, 14, 36, 26, 12, 18, 20, 66, 27, 7, 4, 56, 7, 49, 8, 67, 20, 23, 41, 14, 68, 12, 19, 6, 40, 48, 41, 6, 5, 19, 2, 12, 96, 4, 0, 1, 3, 2, 20, 0, 2, 13, 1, 9, 16, 1, 2, 13, 7, 18, 11, 8, 4, 3, 4, 6, 1, 1, 13, 9, 11, 1, 15, 3, 35, 6, 6, 4, 0, 0, 7, 14, 5, 8, 8, 1, 0, 7, 6, 2, 3, 10, 2, 4, 1, 10, 1, 15, 0, 26, 10, 17, 8, 2, 12, 0, 21, 16, 16, 12, 2, 10, 2, 4, 1, 22, 5, 0, 6, 3, 4, 14, 2, 3, 0, 5, 1, 35, 1, 2, 4, 3, 4, 2, 3, 3, 22, 0, 2, 4, 4, 2, 16, 30, 8, 13, 17, 50, 11, 7, 6, 2, 2, 22, 1, 6, 13, 4, 2, 35, 0, 7, 1, 37, 0, 0, 4, 30, 1, 0, 4, 5, 3, 0, 0, 5, 6, 14, 18, 1, 2, 0, 4, 19, 0, 29, 3, 6, 9, 1, 212, 11, 95, 34, 2, 31, 4, 103, 0, 13, 4, 22, 12, 9, 33, 184, 0, 11, 0, 1, 3, 3, 42, 47, 14, 2, 6, 2, 0, 0, 7, 1, 28, 0, 11, 12, 1, 1, 6, 5, 5, 4, 1, 1, 1, 0, 2, 30, 2, 9, 2, 4, 0, 1, 3, 0, 0, 1, 1, 1, 1, 11, 3, 0, 14, 1, 3, 0, 2, 0, 0, 0, 0, 5, 0, 2, 2, 7, 31, 13, 1, 1, 7, 14, 1, 2, 0, 1, 15, 13, 15, 1, 9, 2, 0, 0, 19, 68, 2, 1, 4, 3, 0, 0, 0, 69, 0, 3, 0, 8, 14, 0, 1, 0, 0, 4, 0, 4, 12, 5, 1, 2, 8, 1, 3, 3, 4, 6, 1, 8, 7, 4, 2, 0, 4, 9, 4, 0, 31, 2, 1, 1, 4, 4, 16, 2, 18, 7, 2, 0, 0, 6, 0, 0, 1, 12, 11, 0, 0, 1, 1, 1, 2, 0, 1, 2, 0, 5, 10, 1, 28, 3, 15, 1, 5, 1, 0, 4, 1, 3, 3, 31, 1, 2, 0, 0, 17, 0, 10, 10, 1, 0, 2, 1, 0, 0, 5, 3, 1, 2, 0, 1, 0, 0, 1, 0, 1, 8, 0, 19, 0, 0, 0, 3, 0, 1, 5, 0, 2, 6]
--------------------------
Total time (of all machines and iterations plus initial TestListGenerator): 5.716