.
Time: 0.067

OK (1 test)

.E
Time: 0.01
There was 1 error:
1) testGetLastErrorMessage(crystal.model.LocalStateResultTest)java.lang.NullPointerException
	at crystal.model.LocalStateResultTest.testGetLastErrorMessage(LocalStateResultTest.java:108)
	at sun.reflect.NativeMethodAccessorImpl.invoke0(Native Method)
	at sun.reflect.NativeMethodAccessorImpl.invoke(NativeMethodAccessorImpl.java:57)
	at sun.reflect.DelegatingMethodAccessorImpl.invoke(DelegatingMethodAccessorImpl.java:43)
	at edu.washington.cs.dt.util.TestRunnerWrapper.main(TestRunnerWrapper.java:56)

FAILURES!!!
Tests run: 1,  Failures: 0,  Errors: 1

.E
Time: 0.001
There was 1 error:
1) testGetAction(crystal.model.LocalStateResultTest)java.lang.NullPointerException
	at crystal.model.LocalStateResultTest.testGetAction(LocalStateResultTest.java:74)
	at sun.reflect.NativeMethodAccessorImpl.invoke0(Native Method)
	at sun.reflect.NativeMethodAccessorImpl.invoke(NativeMethodAccessorImpl.java:57)
	at sun.reflect.DelegatingMethodAccessorImpl.invoke(DelegatingMethodAccessorImpl.java:43)
	at edu.washington.cs.dt.util.TestRunnerWrapper.main(TestRunnerWrapper.java:56)

FAILURES!!!
Tests run: 1,  Failures: 0,  Errors: 1

.
Time: 0.029

OK (1 test)

.E
Time: 0.001
There was 1 error:
1) testDuplicateAddProjectPreferences(crystal.client.ClientPreferencesTest)crystal.client.ClientPreferences$DuplicateProjectNameException: Duplicate project name: shortName
	at crystal.client.ClientPreferences.addProjectPreferences(ClientPreferences.java:217)
	at crystal.client.ClientPreferencesTest.testDuplicateAddProjectPreferences(ClientPreferencesTest.java:83)
	at sun.reflect.NativeMethodAccessorImpl.invoke0(Native Method)
	at sun.reflect.NativeMethodAccessorImpl.invoke(NativeMethodAccessorImpl.java:57)
	at sun.reflect.DelegatingMethodAccessorImpl.invoke(DelegatingMethodAccessorImpl.java:43)
	at edu.washington.cs.dt.util.TestRunnerWrapper.main(TestRunnerWrapper.java:56)

FAILURES!!!
Tests run: 1,  Failures: 0,  Errors: 1

.E
Time: 1.356
There was 1 error:
1) testGetCommitters(crystal.model.RevisionHistoryTest)java.lang.NullPointerException
	at crystal.model.RevisionHistoryTest.testGetCommitters(RevisionHistoryTest.java:114)
	at sun.reflect.NativeMethodAccessorImpl.invoke0(Native Method)
	at sun.reflect.NativeMethodAccessorImpl.invoke(NativeMethodAccessorImpl.java:57)
	at sun.reflect.DelegatingMethodAccessorImpl.invoke(DelegatingMethodAccessorImpl.java:43)
	at edu.washington.cs.dt.util.TestRunnerWrapper.main(TestRunnerWrapper.java:56)

FAILURES!!!
Tests run: 1,  Failures: 0,  Errors: 1

.E
Time: 0.915
There was 1 error:
1) testSuperSubHistory(crystal.model.RevisionHistoryTest)java.lang.NullPointerException
	at crystal.model.RevisionHistoryTest.testSuperSubHistory(RevisionHistoryTest.java:91)
	at sun.reflect.NativeMethodAccessorImpl.invoke0(Native Method)
	at sun.reflect.NativeMethodAccessorImpl.invoke(NativeMethodAccessorImpl.java:57)
	at sun.reflect.DelegatingMethodAccessorImpl.invoke(DelegatingMethodAccessorImpl.java:43)
	at edu.washington.cs.dt.util.TestRunnerWrapper.main(TestRunnerWrapper.java:56)

FAILURES!!!
Tests run: 1,  Failures: 0,  Errors: 1

.E
Time: 0.833
There was 1 error:
1) testEqualsObject(crystal.model.RevisionHistoryTest)java.lang.NullPointerException
	at crystal.model.RevisionHistoryTest.testEqualsObject(RevisionHistoryTest.java:61)
	at sun.reflect.NativeMethodAccessorImpl.invoke0(Native Method)
	at sun.reflect.NativeMethodAccessorImpl.invoke(NativeMethodAccessorImpl.java:57)
	at sun.reflect.DelegatingMethodAccessorImpl.invoke(DelegatingMethodAccessorImpl.java:43)
	at edu.washington.cs.dt.util.TestRunnerWrapper.main(TestRunnerWrapper.java:56)

FAILURES!!!
Tests run: 1,  Failures: 0,  Errors: 1

.E
Time: 0.005
There was 1 error:
1) testParseNullLog(crystal.server.HgLogParserTest)java.lang.IllegalArgumentException: Null input
	at crystal.util.ValidInputChecker.checkNullInput(ValidInputChecker.java:125)
	at crystal.server.AbstractLogParser.abstractParseLog(AbstractLogParser.java:129)
	at crystal.server.HgLogParser.parseLog(HgLogParser.java:34)
	at crystal.server.HgLogParserTest.testParseNullLog(HgLogParserTest.java:29)
	at sun.reflect.NativeMethodAccessorImpl.invoke0(Native Method)
	at sun.reflect.NativeMethodAccessorImpl.invoke(NativeMethodAccessorImpl.java:57)
	at sun.reflect.DelegatingMethodAccessorImpl.invoke(DelegatingMethodAccessorImpl.java:43)
	at edu.washington.cs.dt.util.TestRunnerWrapper.main(TestRunnerWrapper.java:56)

FAILURES!!!
Tests run: 1,  Failures: 0,  Errors: 1

File not found
File not found
.E
Time: 0.036
There was 1 error:
1) testParseLog(crystal.server.HgLogParserTest)java.lang.NullPointerException
	at crystal.server.HgLogParserTest.testParseLog(HgLogParserTest.java:61)
	at sun.reflect.NativeMethodAccessorImpl.invoke0(Native Method)
	at sun.reflect.NativeMethodAccessorImpl.invoke(NativeMethodAccessorImpl.java:57)
	at sun.reflect.DelegatingMethodAccessorImpl.invoke(DelegatingMethodAccessorImpl.java:43)
	at edu.washington.cs.dt.util.TestRunnerWrapper.main(TestRunnerWrapper.java:56)

FAILURES!!!
Tests run: 1,  Failures: 0,  Errors: 1

.
Time: 0.014

OK (1 test)

.
Time: 0.003

OK (1 test)

.E
Time: 0
There was 1 error:
1) testDuplicateAddDataSource(crystal.client.ProjectPreferencesTest)java.lang.RuntimeException: Error adding new source; short name: shortName already exists for project: shortName
	at crystal.client.ProjectPreferences.addDataSource(ProjectPreferences.java:81)
	at crystal.client.ProjectPreferencesTest.testDuplicateAddDataSource(ProjectPreferencesTest.java:50)
	at sun.reflect.NativeMethodAccessorImpl.invoke0(Native Method)
	at sun.reflect.NativeMethodAccessorImpl.invoke(NativeMethodAccessorImpl.java:57)
	at sun.reflect.DelegatingMethodAccessorImpl.invoke(DelegatingMethodAccessorImpl.java:43)
	at edu.washington.cs.dt.util.TestRunnerWrapper.main(TestRunnerWrapper.java:56)

FAILURES!!!
Tests run: 1,  Failures: 0,  Errors: 1

.
Time: 0

OK (1 test)

.
Time: 0.215

OK (1 test)

.
Time: 0.014

OK (1 test)

.
Time: 0.005

OK (1 test)

.E
Time: 0
There was 1 error:
1) testStrangeNameConstructor(crystal.model.RelationshipTest)java.lang.RuntimeException: Trying to create an invalid Relationship
	at crystal.model.Relationship.<init>(Relationship.java:111)
	at crystal.model.RelationshipTest.testStrangeNameConstructor(RelationshipTest.java:29)
	at sun.reflect.NativeMethodAccessorImpl.invoke0(Native Method)
	at sun.reflect.NativeMethodAccessorImpl.invoke(NativeMethodAccessorImpl.java:57)
	at sun.reflect.DelegatingMethodAccessorImpl.invoke(DelegatingMethodAccessorImpl.java:43)
	at edu.washington.cs.dt.util.TestRunnerWrapper.main(TestRunnerWrapper.java:56)

FAILURES!!!
Tests run: 1,  Failures: 0,  Errors: 1

.
Time: 0.015

OK (1 test)

.
Time: 0.001

OK (1 test)

Execution time: 4953755218
0-th run
Pass: 10, Fail: 0, Error: 10
{crystal.server.HgLogParserTest.testSingleLog=PASS, crystal.model.LocalStateResultTest.testGetLastErrorMessage=ERROR, crystal.model.LocalStateResultTest.testGetAction=ERROR, crystal.client.ClientPreferencesTest.testAddProjectPreferences=PASS, crystal.client.ClientPreferencesTest.testDuplicateAddProjectPreferences=ERROR, crystal.model.RevisionHistoryTest.testGetCommitters=ERROR, crystal.model.RevisionHistoryTest.testSuperSubHistory=ERROR, crystal.model.RevisionHistoryTest.testEqualsObject=ERROR, crystal.server.HgLogParserTest.testParseNullLog=ERROR, crystal.server.HgLogParserTest.testParseLog=ERROR, crystal.client.ProjectPreferencesTest.testAddDataSource=PASS, crystal.model.DataSourceTest.testClone=PASS, crystal.client.ProjectPreferencesTest.testDuplicateAddDataSource=ERROR, crystal.client.ClientPreferencesTest.testClientPreferences=PASS, crystal.model.RelationshipTest.testCalculateAction=PASS, crystal.model.RelationshipTest.testConstructor=PASS, crystal.model.RelationshipTest.testEqualsObject=PASS, crystal.model.RelationshipTest.testStrangeNameConstructor=ERROR, crystal.server.GuidanceCheckerTest.testGetWhen=PASS, crystal.model.RelationshipTest.testGetActionRepoKind=PASS}


.
Time: 0.07

OK (1 test)

.E
Time: 0.001
There was 1 error:
1) testGetLastLocalState(crystal.model.LocalStateResultTest)java.lang.NullPointerException
	at crystal.model.LocalStateResultTest.testGetLastLocalState(LocalStateResultTest.java:133)
	at sun.reflect.NativeMethodAccessorImpl.invoke0(Native Method)
	at sun.reflect.NativeMethodAccessorImpl.invoke(NativeMethodAccessorImpl.java:57)
	at sun.reflect.DelegatingMethodAccessorImpl.invoke(DelegatingMethodAccessorImpl.java:43)
	at edu.washington.cs.dt.util.TestRunnerWrapper.main(TestRunnerWrapper.java:56)

FAILURES!!!
Tests run: 1,  Failures: 0,  Errors: 1

Execution time: 1257143436
0-th run
Pass: 1, Fail: 0, Error: 1
{crystal.client.ProjectPreferencesTest.testRemoveDataSource=PASS, crystal.model.LocalStateResultTest.testGetLastLocalState=ERROR}


.E
Time: 0.009
There was 1 error:
1) testNullIntersection(crystal.util.SetOperationsTest)java.lang.IllegalArgumentException: Null input
	at crystal.util.ValidInputChecker.checkNullInput(ValidInputChecker.java:125)
	at crystal.util.SetOperations.intersection(SetOperations.java:18)
	at crystal.util.SetOperationsTest.testNullIntersection(SetOperationsTest.java:22)
	at sun.reflect.NativeMethodAccessorImpl.invoke0(Native Method)
	at sun.reflect.NativeMethodAccessorImpl.invoke(NativeMethodAccessorImpl.java:57)
	at sun.reflect.DelegatingMethodAccessorImpl.invoke(DelegatingMethodAccessorImpl.java:43)
	at edu.washington.cs.dt.util.TestRunnerWrapper.main(TestRunnerWrapper.java:56)

FAILURES!!!
Tests run: 1,  Failures: 0,  Errors: 1

.
Time: 0.052

OK (1 test)

.E
Time: 0.003
There was 1 error:
1) testToString(crystal.model.LocalStateResultTest)java.lang.NullPointerException
	at crystal.model.LocalStateResultTest.testToString(LocalStateResultTest.java:116)
	at sun.reflect.NativeMethodAccessorImpl.invoke0(Native Method)
	at sun.reflect.NativeMethodAccessorImpl.invoke(NativeMethodAccessorImpl.java:57)
	at sun.reflect.DelegatingMethodAccessorImpl.invoke(DelegatingMethodAccessorImpl.java:43)
	at edu.washington.cs.dt.util.TestRunnerWrapper.main(TestRunnerWrapper.java:56)

FAILURES!!!
Tests run: 1,  Failures: 0,  Errors: 1

.E
Time: 0.002
There was 1 error:
1) testNullUnion(crystal.util.SetOperationsTest)java.lang.IllegalArgumentException: Null input
	at crystal.util.ValidInputChecker.checkNullInput(ValidInputChecker.java:125)
	at crystal.util.SetOperations.union(SetOperations.java:39)
	at crystal.util.SetOperationsTest.testNullUnion(SetOperationsTest.java:45)
	at sun.reflect.NativeMethodAccessorImpl.invoke0(Native Method)
	at sun.reflect.NativeMethodAccessorImpl.invoke(NativeMethodAccessorImpl.java:57)
	at sun.reflect.DelegatingMethodAccessorImpl.invoke(DelegatingMethodAccessorImpl.java:43)
	at edu.washington.cs.dt.util.TestRunnerWrapper.main(TestRunnerWrapper.java:56)

FAILURES!!!
Tests run: 1,  Failures: 0,  Errors: 1

.
Time: 0.004

OK (1 test)

Execution time: 1290609161
0-th run
Pass: 2, Fail: 0, Error: 3
{crystal.util.SetOperationsTest.testNullIntersection=ERROR, crystal.client.ClientPreferencesTest.testDefaultSetting=PASS, crystal.model.LocalStateResultTest.testToString=ERROR, crystal.util.SetOperationsTest.testNullUnion=ERROR, crystal.client.ConflictDaemonTest.testGetInstance=PASS}


.E
Time: 0.008
There was 1 error:
1) testIsHidden(crystal.model.DataSourceTest)java.lang.NullPointerException
	at crystal.model.DataSourceTest.testIsHidden(DataSourceTest.java:116)
	at sun.reflect.NativeMethodAccessorImpl.invoke0(Native Method)
	at sun.reflect.NativeMethodAccessorImpl.invoke(NativeMethodAccessorImpl.java:57)
	at sun.reflect.DelegatingMethodAccessorImpl.invoke(DelegatingMethodAccessorImpl.java:43)
	at edu.washington.cs.dt.util.TestRunnerWrapper.main(TestRunnerWrapper.java:56)

FAILURES!!!
Tests run: 1,  Failures: 0,  Errors: 1

.
Time: 0.011

OK (1 test)

.E
Time: 0.001
There was 1 error:
1) testSetEnabled(crystal.model.DataSourceTest)java.lang.NullPointerException
	at crystal.model.DataSourceTest.testSetEnabled(DataSourceTest.java:106)
	at sun.reflect.NativeMethodAccessorImpl.invoke0(Native Method)
	at sun.reflect.NativeMethodAccessorImpl.invoke(NativeMethodAccessorImpl.java:57)
	at sun.reflect.DelegatingMethodAccessorImpl.invoke(DelegatingMethodAccessorImpl.java:43)
	at edu.washington.cs.dt.util.TestRunnerWrapper.main(TestRunnerWrapper.java:56)

FAILURES!!!
Tests run: 1,  Failures: 0,  Errors: 1

.
Time: 0.001

OK (1 test)

.E
Time: 0.018
There was 1 error:
1) testGetLastAction(crystal.model.LocalStateResultTest)java.lang.NullPointerException
	at crystal.model.LocalStateResultTest.testGetLastAction(LocalStateResultTest.java:83)
	at sun.reflect.NativeMethodAccessorImpl.invoke0(Native Method)
	at sun.reflect.NativeMethodAccessorImpl.invoke(NativeMethodAccessorImpl.java:57)
	at sun.reflect.DelegatingMethodAccessorImpl.invoke(DelegatingMethodAccessorImpl.java:43)
	at edu.washington.cs.dt.util.TestRunnerWrapper.main(TestRunnerWrapper.java:56)

FAILURES!!!
Tests run: 1,  Failures: 0,  Errors: 1

Execution time: 1289147070
0-th run
Pass: 2, Fail: 0, Error: 3
{crystal.model.DataSourceTest.testIsHidden=ERROR, crystal.util.SetOperationsTest.testUnion=PASS, crystal.model.DataSourceTest.testSetEnabled=ERROR, crystal.util.SetOperationsTest.testIntersection=PASS, crystal.model.LocalStateResultTest.testGetLastAction=ERROR}


.
Time: 0.008

OK (1 test)

.
Time: 1.038

OK (1 test)

.
Time: 0.017

OK (1 test)

.
Time: 0

OK (1 test)

.E
Time: 0.005
There was 1 error:
1) testGetName(crystal.model.LocalStateResultTest)java.lang.NullPointerException
	at crystal.model.LocalStateResultTest.testGetName(LocalStateResultTest.java:91)
	at sun.reflect.NativeMethodAccessorImpl.invoke0(Native Method)
	at sun.reflect.NativeMethodAccessorImpl.invoke(NativeMethodAccessorImpl.java:57)
	at sun.reflect.DelegatingMethodAccessorImpl.invoke(DelegatingMethodAccessorImpl.java:43)
	at edu.washington.cs.dt.util.TestRunnerWrapper.main(TestRunnerWrapper.java:56)

FAILURES!!!
Tests run: 1,  Failures: 0,  Errors: 1

Execution time: 2529656064
0-th run
Pass: 4, Fail: 0, Error: 1
{crystal.model.DataSourceTest.testSetField=PASS, crystal.client.ConflictDaemonTest.testRelationship=PASS, crystal.client.ConflictDaemonTest.testAddListener=PASS, crystal.model.DataSourceTest.testSetParent=PASS, crystal.model.LocalStateResultTest.testGetName=ERROR}


.E
Time: 0.083
There was 1 error:
1) testNullInputConstructor(crystal.client.ClientPreferencesTest)java.lang.IllegalArgumentException: Invalid string input
	at crystal.util.ValidInputChecker.checkValidStringInput(ValidInputChecker.java:135)
	at crystal.client.ClientPreferences.<init>(ClientPreferences.java:175)
	at crystal.client.ClientPreferencesTest.testNullInputConstructor(ClientPreferencesTest.java:35)
	at sun.reflect.NativeMethodAccessorImpl.invoke0(Native Method)
	at sun.reflect.NativeMethodAccessorImpl.invoke(NativeMethodAccessorImpl.java:57)
	at sun.reflect.DelegatingMethodAccessorImpl.invoke(DelegatingMethodAccessorImpl.java:43)
	at edu.washington.cs.dt.util.TestRunnerWrapper.main(TestRunnerWrapper.java:56)

FAILURES!!!
Tests run: 1,  Failures: 0,  Errors: 1

.
Time: 0.006

OK (1 test)

.
Time: 0.007

OK (1 test)

Execution time: 1510488721
0-th run
Pass: 2, Fail: 0, Error: 1
{crystal.client.ClientPreferencesTest.testNullInputConstructor=ERROR, crystal.model.LocalStateResultTest.testStrangeActionName=PASS, crystal.util.SetOperationsTest.testSetDifference=PASS}


.
Time: 0.08

OK (1 test)

.
Time: 0.007

OK (1 test)

.E
Time: 0.005
There was 1 error:
1) testSetRemoteCmd(crystal.model.DataSourceTest)java.lang.NullPointerException
	at crystal.model.DataSourceTest.testSetRemoteCmd(DataSourceTest.java:85)
	at sun.reflect.NativeMethodAccessorImpl.invoke0(Native Method)
	at sun.reflect.NativeMethodAccessorImpl.invoke(NativeMethodAccessorImpl.java:57)
	at sun.reflect.DelegatingMethodAccessorImpl.invoke(DelegatingMethodAccessorImpl.java:43)
	at edu.washington.cs.dt.util.TestRunnerWrapper.main(TestRunnerWrapper.java:56)

FAILURES!!!
Tests run: 1,  Failures: 0,  Errors: 1

.E
Time: 0
There was 1 error:
1) testSetKind(crystal.model.DataSourceTest)java.lang.NullPointerException
	at crystal.model.DataSourceTest.testSetKind(DataSourceTest.java:139)
	at sun.reflect.NativeMethodAccessorImpl.invoke0(Native Method)
	at sun.reflect.NativeMethodAccessorImpl.invoke(NativeMethodAccessorImpl.java:57)
	at sun.reflect.DelegatingMethodAccessorImpl.invoke(DelegatingMethodAccessorImpl.java:43)
	at edu.washington.cs.dt.util.TestRunnerWrapper.main(TestRunnerWrapper.java:56)

FAILURES!!!
Tests run: 1,  Failures: 0,  Errors: 1

Execution time: 1509880557
0-th run
Pass: 2, Fail: 0, Error: 2
{crystal.client.ClientPreferencesTest.testRemoveProjectPreferences=PASS, crystal.client.ClientPreferencesTest.testRemoveProjectPreferencesAtIndex=PASS, crystal.model.DataSourceTest.testSetRemoteCmd=ERROR, crystal.model.DataSourceTest.testSetKind=ERROR}


.
Time: 0.01

OK (1 test)

.E
Time: 0.008
There was 1 error:
1) testGetLocalState(crystal.model.LocalStateResultTest)java.lang.NullPointerException
	at crystal.model.LocalStateResultTest.testGetLocalState(LocalStateResultTest.java:125)
	at sun.reflect.NativeMethodAccessorImpl.invoke0(Native Method)
	at sun.reflect.NativeMethodAccessorImpl.invoke(NativeMethodAccessorImpl.java:57)
	at sun.reflect.DelegatingMethodAccessorImpl.invoke(DelegatingMethodAccessorImpl.java:43)
	at edu.washington.cs.dt.util.TestRunnerWrapper.main(TestRunnerWrapper.java:56)

FAILURES!!!
Tests run: 1,  Failures: 0,  Errors: 1

.E
Time: 0.003
There was 1 error:
1) testSetCloneString(crystal.model.DataSourceTest)java.lang.NullPointerException
	at crystal.model.DataSourceTest.testSetCloneString(DataSourceTest.java:149)
	at sun.reflect.NativeMethodAccessorImpl.invoke0(Native Method)
	at sun.reflect.NativeMethodAccessorImpl.invoke(NativeMethodAccessorImpl.java:57)
	at sun.reflect.DelegatingMethodAccessorImpl.invoke(DelegatingMethodAccessorImpl.java:43)
	at edu.washington.cs.dt.util.TestRunnerWrapper.main(TestRunnerWrapper.java:56)

FAILURES!!!
Tests run: 1,  Failures: 0,  Errors: 1

Execution time: 1525278108
0-th run
Pass: 1, Fail: 0, Error: 2
{crystal.util.SetOperationsTest.testXor=PASS, crystal.model.LocalStateResultTest.testGetLocalState=ERROR, crystal.model.DataSourceTest.testSetCloneString=ERROR}


.E
Time: 0.015
There was 1 error:
1) testSetCompileCommand(crystal.model.DataSourceTest)java.lang.NullPointerException
	at crystal.model.DataSourceTest.testSetCompileCommand(DataSourceTest.java:95)
	at sun.reflect.NativeMethodAccessorImpl.invoke0(Native Method)
	at sun.reflect.NativeMethodAccessorImpl.invoke(NativeMethodAccessorImpl.java:57)
	at sun.reflect.DelegatingMethodAccessorImpl.invoke(DelegatingMethodAccessorImpl.java:43)
	at edu.washington.cs.dt.util.TestRunnerWrapper.main(TestRunnerWrapper.java:56)

FAILURES!!!
Tests run: 1,  Failures: 0,  Errors: 1

.E
Time: 0.125
There was 1 error:
1) testInvalidPanelParameter(crystal.util.SpringLayoutUtilityTest)java.lang.IllegalArgumentException: Invalid input for panel.
	at crystal.util.SpringLayoutUtility.formGridInColumn(SpringLayoutUtility.java:35)
	at crystal.util.SpringLayoutUtilityTest.testInvalidPanelParameter(SpringLayoutUtilityTest.java:23)
	at sun.reflect.NativeMethodAccessorImpl.invoke0(Native Method)
	at sun.reflect.NativeMethodAccessorImpl.invoke(NativeMethodAccessorImpl.java:57)
	at sun.reflect.DelegatingMethodAccessorImpl.invoke(DelegatingMethodAccessorImpl.java:43)
	at edu.washington.cs.dt.util.TestRunnerWrapper.main(TestRunnerWrapper.java:56)

FAILURES!!!
Tests run: 1,  Failures: 0,  Errors: 1

.
Time: 0.109

OK (1 test)

Execution time: 1566905182
0-th run
Pass: 1, Fail: 0, Error: 2
{crystal.model.DataSourceTest.testSetCompileCommand=ERROR, crystal.util.SpringLayoutUtilityTest.testInvalidPanelParameter=ERROR, crystal.client.ClientPreferencesTest.testDuplicateProject=PASS}


.
Time: 0.016

OK (1 test)

.E
Time: 0.006
There was 1 error:
1) testGetNoErrorMessage(crystal.model.LocalStateResultTest)java.lang.NullPointerException
	at crystal.model.LocalStateResultTest.testGetNoErrorMessage(LocalStateResultTest.java:99)
	at sun.reflect.NativeMethodAccessorImpl.invoke0(Native Method)
	at sun.reflect.NativeMethodAccessorImpl.invoke(NativeMethodAccessorImpl.java:57)
	at sun.reflect.DelegatingMethodAccessorImpl.invoke(DelegatingMethodAccessorImpl.java:43)
	at edu.washington.cs.dt.util.TestRunnerWrapper.main(TestRunnerWrapper.java:56)

FAILURES!!!
Tests run: 1,  Failures: 0,  Errors: 1

.F
Time: 0.074
There was 1 failure:
1) testGetProjectCheckoutLocation(crystal.client.ProjectPreferencesTest)junit.framework.AssertionFailedError: null
	at crystal.client.ProjectPreferencesTest.testGetProjectCheckoutLocation(ProjectPreferencesTest.java:167)
	at sun.reflect.NativeMethodAccessorImpl.invoke0(Native Method)
	at sun.reflect.NativeMethodAccessorImpl.invoke(NativeMethodAccessorImpl.java:57)
	at sun.reflect.DelegatingMethodAccessorImpl.invoke(DelegatingMethodAccessorImpl.java:43)
	at edu.washington.cs.dt.util.TestRunnerWrapper.main(TestRunnerWrapper.java:56)

FAILURES!!!
Tests run: 1,  Failures: 1,  Errors: 0

Execution time: 1501889027
0-th run
Pass: 1, Fail: 1, Error: 1
{crystal.model.LocalStateResultTest.testErrorActionNameConstructor=PASS, crystal.model.LocalStateResultTest.testGetNoErrorMessage=ERROR, crystal.client.ProjectPreferencesTest.testGetProjectCheckoutLocation=FAILURE}


.E
Time: 0.008
There was 1 error:
1) testToString(crystal.model.DataSourceTest)java.lang.NullPointerException
	at crystal.model.DataSourceTest.testToString(DataSourceTest.java:163)
	at sun.reflect.NativeMethodAccessorImpl.invoke0(Native Method)
	at sun.reflect.NativeMethodAccessorImpl.invoke(NativeMethodAccessorImpl.java:57)
	at sun.reflect.DelegatingMethodAccessorImpl.invoke(DelegatingMethodAccessorImpl.java:43)
	at edu.washington.cs.dt.util.TestRunnerWrapper.main(TestRunnerWrapper.java:56)

FAILURES!!!
Tests run: 1,  Failures: 0,  Errors: 1

.
Time: 0.014

OK (1 test)

.
Time: 0.077

OK (1 test)

Execution time: 1520917782
0-th run
Pass: 2, Fail: 0, Error: 1
{crystal.model.DataSourceTest.testToString=ERROR, crystal.model.RelationshipTest.testGetDominant=PASS, crystal.client.ProjectPreferencesTest.testProjectPreferences=PASS}


.E
Time: 2.483
There was 1 error:
1) testSetHistory(crystal.model.DataSourceTest)java.lang.NullPointerException
	at crystal.model.DataSourceTest.testSetHistory(DataSourceTest.java:67)
	at sun.reflect.NativeMethodAccessorImpl.invoke0(Native Method)
	at sun.reflect.NativeMethodAccessorImpl.invoke(NativeMethodAccessorImpl.java:57)
	at sun.reflect.DelegatingMethodAccessorImpl.invoke(DelegatingMethodAccessorImpl.java:43)
	at edu.washington.cs.dt.util.TestRunnerWrapper.main(TestRunnerWrapper.java:56)

FAILURES!!!
Tests run: 1,  Failures: 0,  Errors: 1

Execution time: 4018225580
0-th run
Pass: 0, Fail: 0, Error: 1
{crystal.model.DataSourceTest.testSetHistory=ERROR}


.
Time: 0.116

OK (1 test)

Execution time: 1467435045
0-th run
Pass: 1, Fail: 0, Error: 0
{crystal.client.ClientPreferencesTest.testClone=PASS}


.
Time: 0.092

OK (1 test)

.
Time: 0.041

OK (1 test)

Execution time: 1473249918
0-th run
Pass: 2, Fail: 0, Error: 0
{crystal.client.ProjectPreferencesTest.testGetNumOfVisibleSources=PASS, crystal.server.HgLogParserTest.testTwoLogs=PASS}


.
Time: 0.096

OK (1 test)

.
Time: 0.041

OK (1 test)

Execution time: 1485026891
0-th run
Pass: 2, Fail: 0, Error: 0
{crystal.server.GuidanceCheckerTest.testGetCommitters=PASS, crystal.client.ProjectPreferencesTest.testClone=PASS}


.
Time: 0.91

OK (1 test)

Execution time: 2390028015
0-th run
Pass: 1, Fail: 0, Error: 0
{crystal.client.ConflictDaemonTest.testLocalState=PASS}


