The following arguments were used to generate this output.
[-technique, parallelization, -order, original, -origOrder, jodatime-auto-order, -testInputDir, sootTestOutput-auto, -filesToDelete, jodatime-env-files, -project, Joda-Time, -testType, auto, -numOfMachines, 16, -outputDir, /home/winglam/dt-copy/dependent-tests-impact/experiments/parallelization-results, -timesToRun, 1, -resolveDependences]

Execution time of TLG and its time to find/nullify any DTs for 1 machine (does not include the time to run the tests in the new order): 1.136
Number of tests selected out of total in original order: 139 / 2211
Number of DTs not fixed: 0
Number of DTs fixed: 0
Execution time for executing the following testing order: 0.932

Test order list:
[randoop.jodatime.RandoopTest0.test1, randoop.jodatime.RandoopTest0.test2, randoop.jodatime.RandoopTest0.test3, randoop.jodatime.RandoopTest0.test4, randoop.jodatime.RandoopTest0.test5, randoop.jodatime.RandoopTest0.test6, randoop.jodatime.RandoopTest0.test7, randoop.jodatime.RandoopTest0.test8, randoop.jodatime.RandoopTest0.test9, randoop.jodatime.RandoopTest0.test10, randoop.jodatime.RandoopTest0.test11, randoop.jodatime.RandoopTest0.test12, randoop.jodatime.RandoopTest0.test13, randoop.jodatime.RandoopTest0.test14, randoop.jodatime.RandoopTest0.test15, randoop.jodatime.RandoopTest0.test16, randoop.jodatime.RandoopTest0.test17, randoop.jodatime.RandoopTest0.test18, randoop.jodatime.RandoopTest0.test19, randoop.jodatime.RandoopTest0.test20, randoop.jodatime.RandoopTest0.test21, randoop.jodatime.RandoopTest0.test22, randoop.jodatime.RandoopTest0.test23, randoop.jodatime.RandoopTest0.test24, randoop.jodatime.RandoopTest0.test25, randoop.jodatime.RandoopTest0.test26, randoop.jodatime.RandoopTest0.test27, randoop.jodatime.RandoopTest0.test28, randoop.jodatime.RandoopTest0.test29, randoop.jodatime.RandoopTest0.test31, randoop.jodatime.RandoopTest0.test32, randoop.jodatime.RandoopTest0.test33, randoop.jodatime.RandoopTest0.test34, randoop.jodatime.RandoopTest0.test35, randoop.jodatime.RandoopTest0.test36, randoop.jodatime.RandoopTest0.test37, randoop.jodatime.RandoopTest0.test39, randoop.jodatime.RandoopTest0.test40, randoop.jodatime.RandoopTest0.test41, randoop.jodatime.RandoopTest0.test42, randoop.jodatime.RandoopTest0.test43, randoop.jodatime.RandoopTest0.test44, randoop.jodatime.RandoopTest0.test45, randoop.jodatime.RandoopTest0.test46, randoop.jodatime.RandoopTest0.test47, randoop.jodatime.RandoopTest0.test48, randoop.jodatime.RandoopTest0.test49, randoop.jodatime.RandoopTest0.test50, randoop.jodatime.RandoopTest0.test51, randoop.jodatime.RandoopTest0.test53, randoop.jodatime.RandoopTest0.test54, randoop.jodatime.RandoopTest0.test55, randoop.jodatime.RandoopTest0.test56, randoop.jodatime.RandoopTest0.test57, randoop.jodatime.RandoopTest0.test58, randoop.jodatime.RandoopTest0.test59, randoop.jodatime.RandoopTest0.test60, randoop.jodatime.RandoopTest0.test61, randoop.jodatime.RandoopTest0.test63, randoop.jodatime.RandoopTest0.test64, randoop.jodatime.RandoopTest0.test65, randoop.jodatime.RandoopTest0.test66, randoop.jodatime.RandoopTest0.test67, randoop.jodatime.RandoopTest0.test68, randoop.jodatime.RandoopTest0.test69, randoop.jodatime.RandoopTest0.test71, randoop.jodatime.RandoopTest0.test73, randoop.jodatime.RandoopTest0.test74, randoop.jodatime.RandoopTest0.test75, randoop.jodatime.RandoopTest0.test76, randoop.jodatime.RandoopTest0.test77, randoop.jodatime.RandoopTest0.test78, randoop.jodatime.RandoopTest0.test79, randoop.jodatime.RandoopTest0.test81, randoop.jodatime.RandoopTest0.test82, randoop.jodatime.RandoopTest0.test83, randoop.jodatime.RandoopTest0.test84, randoop.jodatime.RandoopTest0.test86, randoop.jodatime.RandoopTest0.test87, randoop.jodatime.RandoopTest0.test88, randoop.jodatime.RandoopTest0.test91, randoop.jodatime.RandoopTest0.test92, randoop.jodatime.RandoopTest0.test93, randoop.jodatime.RandoopTest0.test94, randoop.jodatime.RandoopTest0.test95, randoop.jodatime.RandoopTest0.test96, randoop.jodatime.RandoopTest0.test98, randoop.jodatime.RandoopTest0.test101, randoop.jodatime.RandoopTest0.test102, randoop.jodatime.RandoopTest0.test103, randoop.jodatime.RandoopTest0.test104, randoop.jodatime.RandoopTest0.test105, randoop.jodatime.RandoopTest0.test106, randoop.jodatime.RandoopTest0.test107, randoop.jodatime.RandoopTest0.test108, randoop.jodatime.RandoopTest0.test109, randoop.jodatime.RandoopTest0.test110, randoop.jodatime.RandoopTest0.test111, randoop.jodatime.RandoopTest0.test112, randoop.jodatime.RandoopTest0.test113, randoop.jodatime.RandoopTest0.test114, randoop.jodatime.RandoopTest0.test115, randoop.jodatime.RandoopTest0.test116, randoop.jodatime.RandoopTest0.test117, randoop.jodatime.RandoopTest0.test118, randoop.jodatime.RandoopTest0.test119, randoop.jodatime.RandoopTest0.test120, randoop.jodatime.RandoopTest0.test121, randoop.jodatime.RandoopTest0.test122, randoop.jodatime.RandoopTest0.test123, randoop.jodatime.RandoopTest0.test125, randoop.jodatime.RandoopTest0.test127, randoop.jodatime.RandoopTest0.test128, randoop.jodatime.RandoopTest0.test129, randoop.jodatime.RandoopTest0.test130, randoop.jodatime.RandoopTest0.test131, randoop.jodatime.RandoopTest0.test132, randoop.jodatime.RandoopTest0.test133, randoop.jodatime.RandoopTest0.test134, randoop.jodatime.RandoopTest0.test135, randoop.jodatime.RandoopTest0.test136, randoop.jodatime.RandoopTest0.test138, randoop.jodatime.RandoopTest0.test139, randoop.jodatime.RandoopTest0.test140, randoop.jodatime.RandoopTest0.test141, randoop.jodatime.RandoopTest0.test142, randoop.jodatime.RandoopTest0.test143, randoop.jodatime.RandoopTest0.test144, randoop.jodatime.RandoopTest0.test146, randoop.jodatime.RandoopTest0.test148, randoop.jodatime.RandoopTest0.test149, randoop.jodatime.RandoopTest0.test150, randoop.jodatime.RandoopTest0.test152, randoop.jodatime.RandoopTest0.test153, randoop.jodatime.RandoopTest0.test154, randoop.jodatime.RandoopTest0.test155, randoop.jodatime.RandoopTest0.test157, randoop.jodatime.RandoopTest0.test158, randoop.jodatime.RandoopTest0.test159]

Time each test takes to run in the new order:
[114877704, 33178371, 22638566, 21462930, 20434971, 24259353, 10653748, 11120822, 11098354, 15475845, 8455898, 8756217, 7996915, 7390317, 7074943, 21450364, 11374581, 9038303, 9649422, 7487264, 8141596, 7065630, 7731520, 8110996, 6966137, 7118287, 10299226, 10722475, 11054497, 10166142, 10518268, 9746047, 9679885, 9787861, 10407096, 10390440, 10140308, 15268694, 10894579, 5916651, 4696247, 5169033, 4819544, 4727230, 4630908, 4684752, 4663515, 4587221, 4643470, 4790364, 4670190, 4621198, 4675815, 6803014, 4990177, 4798460, 5105133, 6000070, 4879601, 7311048, 4968617, 4915864, 4808524, 4821478, 4952780, 5810212, 4932749, 5384539, 5043338, 5427776, 5040287, 5640494, 4395445, 4139501, 3845437, 3806039, 3494540, 3923362, 4045584, 3248919, 3259397, 5672383, 3304526, 2737841, 3339870, 3163917, 3222385, 2850798, 2885529, 2733547, 2750038, 2732619, 2923887, 2808911, 2878611, 2949649, 3123805, 3668230, 2777856, 3374960, 2612922, 2613976, 2570634, 2582376, 3866672, 2908146, 2917828, 2481503, 2524274, 2286334, 3153745, 2453527, 2440424, 2738383, 2554607, 2541860, 2411797, 3194747, 2693779, 2707007, 2508261, 2483703, 2556164, 2372441, 2395283, 4777411, 2215778, 2179507, 2288535, 2378226, 2196043, 2263117, 2616982, 2285721, 2172247, 2225694, 2259601, 2258245, 2191551]
--------------------------
Execution time of TLG and its time to find/nullify any DTs for 1 machine (does not include the time to run the tests in the new order): 14.555
Number of tests selected out of total in original order: 140 / 2211
Number of DTs not fixed: 0
Number of DTs fixed: 3
Execution time for executing the following testing order: 0.966

Test order list:
[randoop.jodatime.RandoopTest0.test160, randoop.jodatime.RandoopTest0.test161, randoop.jodatime.RandoopTest0.test162, randoop.jodatime.RandoopTest0.test163, randoop.jodatime.RandoopTest0.test164, randoop.jodatime.RandoopTest0.test135, randoop.jodatime.RandoopTest0.test165, randoop.jodatime.RandoopTest0.test166, randoop.jodatime.RandoopTest0.test167, randoop.jodatime.RandoopTest0.test168, randoop.jodatime.RandoopTest0.test169, randoop.jodatime.RandoopTest0.test170, randoop.jodatime.RandoopTest0.test171, randoop.jodatime.RandoopTest0.test172, randoop.jodatime.RandoopTest0.test173, randoop.jodatime.RandoopTest0.test174, randoop.jodatime.RandoopTest0.test175, randoop.jodatime.RandoopTest0.test176, randoop.jodatime.RandoopTest0.test177, randoop.jodatime.RandoopTest0.test180, randoop.jodatime.RandoopTest0.test181, randoop.jodatime.RandoopTest0.test182, randoop.jodatime.RandoopTest0.test183, randoop.jodatime.RandoopTest0.test184, randoop.jodatime.RandoopTest0.test185, randoop.jodatime.RandoopTest0.test188, randoop.jodatime.RandoopTest0.test189, randoop.jodatime.RandoopTest0.test190, randoop.jodatime.RandoopTest0.test192, randoop.jodatime.RandoopTest0.test193, randoop.jodatime.RandoopTest0.test195, randoop.jodatime.RandoopTest0.test196, randoop.jodatime.RandoopTest0.test197, randoop.jodatime.RandoopTest0.test198, randoop.jodatime.RandoopTest0.test199, randoop.jodatime.RandoopTest0.test200, randoop.jodatime.RandoopTest0.test201, randoop.jodatime.RandoopTest0.test202, randoop.jodatime.RandoopTest0.test203, randoop.jodatime.RandoopTest0.test204, randoop.jodatime.RandoopTest0.test205, randoop.jodatime.RandoopTest0.test206, randoop.jodatime.RandoopTest0.test207, randoop.jodatime.RandoopTest0.test208, randoop.jodatime.RandoopTest0.test209, randoop.jodatime.RandoopTest0.test210, randoop.jodatime.RandoopTest0.test211, randoop.jodatime.RandoopTest0.test212, randoop.jodatime.RandoopTest0.test213, randoop.jodatime.RandoopTest0.test214, randoop.jodatime.RandoopTest0.test215, randoop.jodatime.RandoopTest0.test216, randoop.jodatime.RandoopTest0.test217, randoop.jodatime.RandoopTest0.test218, randoop.jodatime.RandoopTest0.test219, randoop.jodatime.RandoopTest0.test220, randoop.jodatime.RandoopTest0.test221, randoop.jodatime.RandoopTest0.test222, randoop.jodatime.RandoopTest0.test223, randoop.jodatime.RandoopTest0.test224, randoop.jodatime.RandoopTest0.test225, randoop.jodatime.RandoopTest0.test226, randoop.jodatime.RandoopTest0.test228, randoop.jodatime.RandoopTest0.test229, randoop.jodatime.RandoopTest0.test230, randoop.jodatime.RandoopTest0.test232, randoop.jodatime.RandoopTest0.test233, randoop.jodatime.RandoopTest0.test234, randoop.jodatime.RandoopTest0.test235, randoop.jodatime.RandoopTest0.test237, randoop.jodatime.RandoopTest0.test238, randoop.jodatime.RandoopTest0.test239, randoop.jodatime.RandoopTest0.test240, randoop.jodatime.RandoopTest0.test241, randoop.jodatime.RandoopTest0.test242, randoop.jodatime.RandoopTest0.test243, randoop.jodatime.RandoopTest0.test244, randoop.jodatime.RandoopTest0.test246, randoop.jodatime.RandoopTest0.test247, randoop.jodatime.RandoopTest0.test248, randoop.jodatime.RandoopTest0.test249, randoop.jodatime.RandoopTest0.test250, randoop.jodatime.RandoopTest0.test251, randoop.jodatime.RandoopTest0.test252, randoop.jodatime.RandoopTest0.test254, randoop.jodatime.RandoopTest0.test255, randoop.jodatime.RandoopTest0.test256, randoop.jodatime.RandoopTest0.test257, randoop.jodatime.RandoopTest0.test258, randoop.jodatime.RandoopTest0.test259, randoop.jodatime.RandoopTest0.test260, randoop.jodatime.RandoopTest0.test261, randoop.jodatime.RandoopTest0.test262, randoop.jodatime.RandoopTest0.test263, randoop.jodatime.RandoopTest0.test264, randoop.jodatime.RandoopTest0.test266, randoop.jodatime.RandoopTest0.test267, randoop.jodatime.RandoopTest0.test269, randoop.jodatime.RandoopTest0.test270, randoop.jodatime.RandoopTest0.test271, randoop.jodatime.RandoopTest0.test272, randoop.jodatime.RandoopTest0.test273, randoop.jodatime.RandoopTest0.test274, randoop.jodatime.RandoopTest0.test275, randoop.jodatime.RandoopTest0.test276, randoop.jodatime.RandoopTest0.test278, randoop.jodatime.RandoopTest0.test279, randoop.jodatime.RandoopTest0.test280, randoop.jodatime.RandoopTest0.test281, randoop.jodatime.RandoopTest0.test282, randoop.jodatime.RandoopTest0.test283, randoop.jodatime.RandoopTest0.test284, randoop.jodatime.RandoopTest0.test286, randoop.jodatime.RandoopTest0.test287, randoop.jodatime.RandoopTest0.test291, randoop.jodatime.RandoopTest0.test293, randoop.jodatime.RandoopTest0.test294, randoop.jodatime.RandoopTest0.test295, randoop.jodatime.RandoopTest0.test297, randoop.jodatime.RandoopTest0.test298, randoop.jodatime.RandoopTest0.test299, randoop.jodatime.RandoopTest0.test300, randoop.jodatime.RandoopTest0.test301, randoop.jodatime.RandoopTest0.test302, randoop.jodatime.RandoopTest0.test303, randoop.jodatime.RandoopTest0.test304, randoop.jodatime.RandoopTest0.test305, randoop.jodatime.RandoopTest0.test306, randoop.jodatime.RandoopTest0.test308, randoop.jodatime.RandoopTest0.test309, randoop.jodatime.RandoopTest0.test310, randoop.jodatime.RandoopTest0.test311, randoop.jodatime.RandoopTest0.test312, randoop.jodatime.RandoopTest0.test314, randoop.jodatime.RandoopTest0.test315, randoop.jodatime.RandoopTest0.test317, randoop.jodatime.RandoopTest0.test318, randoop.jodatime.RandoopTest0.test319, randoop.jodatime.RandoopTest0.test320, randoop.jodatime.RandoopTest0.test321]

Time each test takes to run in the new order:
[70625727, 68076615, 23347853, 22021626, 23680732, 17821331, 24201589, 17386292, 15230894, 10477944, 8196638, 8276979, 7147478, 8406693, 6727445, 6719114, 10371673, 7292129, 9417118, 10713995, 9470435, 8024677, 8012514, 7713860, 7513595, 7286358, 12619733, 10529524, 10950839, 10180609, 11074758, 11019179, 10644547, 10823686, 11182479, 11287242, 21581710, 14480739, 11254880, 10498974, 10269977, 7772288, 4940500, 6671256, 8594342, 4753404, 4630442, 4731745, 4654812, 4665337, 5213365, 4835662, 6028538, 4637911, 4624925, 4626137, 4618837, 4644533, 5538152, 7216584, 4628312, 4651556, 4702817, 5279278, 4685446, 4647226, 4679084, 5645848, 6254952, 5546261, 4683009, 4595512, 4589163, 4643978, 4671073, 4735515, 3920092, 3705260, 3850966, 4073797, 3807093, 5804813, 3209422, 3168086, 5754729, 3040957, 3126271, 2901703, 2649598, 2482769, 3305684, 5776359, 2792584, 3052872, 2521463, 2410547, 2580202, 2636328, 2476455, 2486786, 3325089, 2507506, 3395423, 2742886, 2726263, 2648500, 2531925, 2392927, 2666543, 2516712, 2475743, 2639594, 2515334, 2360641, 3080292, 2567128, 2432429, 2582099, 2908596, 2445477, 2408803, 2391165, 2484149, 2171965, 2293950, 2411087, 5093168, 2119264, 2025999, 2068053, 2227549, 2048969, 2195935, 2075877, 2019622, 1960400, 1957873, 1994508, 2038196, 2026711]

Dependent test list:
[Test: randoop.jodatime.RandoopTest0.test196, Intended behavior: FAILURE, when executed after: [randoop.jodatime.RandoopTest0.test192], The revealed different behavior: PASS, when executed after: [], Test: randoop.jodatime.RandoopTest0.test192, Intended behavior: FAILURE, when executed after: [randoop.jodatime.RandoopTest0.test165], The revealed different behavior: PASS, when executed after: [], Test: randoop.jodatime.RandoopTest0.test165, Intended behavior: FAILURE, when executed after: [randoop.jodatime.RandoopTest0.test135], The revealed different behavior: PASS, when executed after: []]
--------------------------
Execution time of TLG and its time to find/nullify any DTs for 1 machine (does not include the time to run the tests in the new order): 19.460
Number of tests selected out of total in original order: 143 / 2211
Number of DTs not fixed: 0
Number of DTs fixed: 3
Execution time for executing the following testing order: 0.829

Test order list:
[randoop.jodatime.RandoopTest0.test322, randoop.jodatime.RandoopTest0.test323, randoop.jodatime.RandoopTest0.test324, randoop.jodatime.RandoopTest0.test135, randoop.jodatime.RandoopTest0.test165, randoop.jodatime.RandoopTest0.test192, randoop.jodatime.RandoopTest0.test196, randoop.jodatime.RandoopTest0.test325, randoop.jodatime.RandoopTest0.test326, randoop.jodatime.RandoopTest0.test327, randoop.jodatime.RandoopTest0.test328, randoop.jodatime.RandoopTest0.test329, randoop.jodatime.RandoopTest0.test330, randoop.jodatime.RandoopTest0.test331, randoop.jodatime.RandoopTest0.test332, randoop.jodatime.RandoopTest0.test333, randoop.jodatime.RandoopTest0.test334, randoop.jodatime.RandoopTest0.test335, randoop.jodatime.RandoopTest0.test337, randoop.jodatime.RandoopTest0.test338, randoop.jodatime.RandoopTest0.test339, randoop.jodatime.RandoopTest0.test342, randoop.jodatime.RandoopTest0.test343, randoop.jodatime.RandoopTest0.test344, randoop.jodatime.RandoopTest0.test346, randoop.jodatime.RandoopTest0.test347, randoop.jodatime.RandoopTest0.test348, randoop.jodatime.RandoopTest0.test349, randoop.jodatime.RandoopTest0.test350, randoop.jodatime.RandoopTest0.test351, randoop.jodatime.RandoopTest0.test352, randoop.jodatime.RandoopTest0.test353, randoop.jodatime.RandoopTest0.test354, randoop.jodatime.RandoopTest0.test356, randoop.jodatime.RandoopTest0.test357, randoop.jodatime.RandoopTest0.test358, randoop.jodatime.RandoopTest0.test359, randoop.jodatime.RandoopTest0.test360, randoop.jodatime.RandoopTest0.test361, randoop.jodatime.RandoopTest0.test363, randoop.jodatime.RandoopTest0.test364, randoop.jodatime.RandoopTest0.test365, randoop.jodatime.RandoopTest0.test367, randoop.jodatime.RandoopTest0.test368, randoop.jodatime.RandoopTest0.test369, randoop.jodatime.RandoopTest0.test370, randoop.jodatime.RandoopTest0.test371, randoop.jodatime.RandoopTest0.test372, randoop.jodatime.RandoopTest0.test376, randoop.jodatime.RandoopTest0.test378, randoop.jodatime.RandoopTest0.test381, randoop.jodatime.RandoopTest0.test382, randoop.jodatime.RandoopTest0.test383, randoop.jodatime.RandoopTest0.test384, randoop.jodatime.RandoopTest0.test385, randoop.jodatime.RandoopTest0.test386, randoop.jodatime.RandoopTest0.test387, randoop.jodatime.RandoopTest0.test388, randoop.jodatime.RandoopTest0.test389, randoop.jodatime.RandoopTest0.test390, randoop.jodatime.RandoopTest0.test391, randoop.jodatime.RandoopTest0.test394, randoop.jodatime.RandoopTest0.test395, randoop.jodatime.RandoopTest0.test396, randoop.jodatime.RandoopTest0.test397, randoop.jodatime.RandoopTest0.test399, randoop.jodatime.RandoopTest0.test400, randoop.jodatime.RandoopTest0.test401, randoop.jodatime.RandoopTest0.test402, randoop.jodatime.RandoopTest0.test403, randoop.jodatime.RandoopTest0.test404, randoop.jodatime.RandoopTest0.test406, randoop.jodatime.RandoopTest0.test407, randoop.jodatime.RandoopTest0.test408, randoop.jodatime.RandoopTest0.test409, randoop.jodatime.RandoopTest0.test410, randoop.jodatime.RandoopTest0.test411, randoop.jodatime.RandoopTest0.test412, randoop.jodatime.RandoopTest0.test413, randoop.jodatime.RandoopTest0.test414, randoop.jodatime.RandoopTest0.test415, randoop.jodatime.RandoopTest0.test416, randoop.jodatime.RandoopTest0.test417, randoop.jodatime.RandoopTest0.test418, randoop.jodatime.RandoopTest0.test419, randoop.jodatime.RandoopTest0.test420, randoop.jodatime.RandoopTest0.test421, randoop.jodatime.RandoopTest0.test423, randoop.jodatime.RandoopTest0.test424, randoop.jodatime.RandoopTest0.test427, randoop.jodatime.RandoopTest0.test429, randoop.jodatime.RandoopTest0.test430, randoop.jodatime.RandoopTest0.test431, randoop.jodatime.RandoopTest0.test432, randoop.jodatime.RandoopTest0.test433, randoop.jodatime.RandoopTest0.test434, randoop.jodatime.RandoopTest0.test435, randoop.jodatime.RandoopTest0.test436, randoop.jodatime.RandoopTest0.test437, randoop.jodatime.RandoopTest0.test439, randoop.jodatime.RandoopTest0.test441, randoop.jodatime.RandoopTest0.test442, randoop.jodatime.RandoopTest0.test443, randoop.jodatime.RandoopTest0.test444, randoop.jodatime.RandoopTest0.test445, randoop.jodatime.RandoopTest0.test446, randoop.jodatime.RandoopTest0.test447, randoop.jodatime.RandoopTest0.test448, randoop.jodatime.RandoopTest0.test450, randoop.jodatime.RandoopTest0.test451, randoop.jodatime.RandoopTest0.test452, randoop.jodatime.RandoopTest0.test453, randoop.jodatime.RandoopTest0.test454, randoop.jodatime.RandoopTest0.test456, randoop.jodatime.RandoopTest0.test459, randoop.jodatime.RandoopTest0.test462, randoop.jodatime.RandoopTest0.test463, randoop.jodatime.RandoopTest0.test465, randoop.jodatime.RandoopTest0.test467, randoop.jodatime.RandoopTest0.test468, randoop.jodatime.RandoopTest0.test469, randoop.jodatime.RandoopTest0.test470, randoop.jodatime.RandoopTest0.test471, randoop.jodatime.RandoopTest0.test472, randoop.jodatime.RandoopTest0.test473, randoop.jodatime.RandoopTest0.test474, randoop.jodatime.RandoopTest0.test475, randoop.jodatime.RandoopTest0.test476, randoop.jodatime.RandoopTest0.test478, randoop.jodatime.RandoopTest0.test479, randoop.jodatime.RandoopTest0.test480, randoop.jodatime.RandoopTest0.test482, randoop.jodatime.RandoopTest0.test483, randoop.jodatime.RandoopTest0.test484, randoop.jodatime.RandoopTest0.test485, randoop.jodatime.RandoopTest0.test486, randoop.jodatime.RandoopTest0.test487, randoop.jodatime.RandoopTest0.test488, randoop.jodatime.RandoopTest0.test489, randoop.jodatime.RandoopTest0.test490, randoop.jodatime.RandoopTest0.test491, randoop.jodatime.RandoopTest0.test492, randoop.jodatime.RandoopTest0.test495]

Time each test takes to run in the new order:
[125536870, 28510148, 22067175, 21880571, 22969242, 17908055, 11471312, 10604252, 10610316, 9714721, 8390456, 9385794, 7344818, 7902549, 10847847, 8398277, 12312826, 8852119, 8418152, 7521157, 14066192, 6992035, 7629651, 7019674, 7174135, 9882881, 9779585, 9661607, 11783310, 9902031, 10015837, 10427437, 7085690, 5783536, 11954801, 4280454, 4304801, 7112857, 5098599, 4405797, 5903134, 4663893, 8472568, 4494654, 4284264, 4678382, 4320248, 4382087, 5611725, 4350819, 4248260, 4113222, 3638815, 5023666, 5096370, 3741686, 2570177, 4026132, 4634953, 2557881, 3224915, 2455863, 2273844, 2739529, 4994855, 2734475, 2878623, 2570827, 3056711, 2598155, 4729396, 5740215, 3838704, 3025673, 2306061, 2620621, 2189396, 2162099, 2146698, 2244833, 5161838, 2405466, 2109121, 2278190, 2131007, 2363357, 2601334, 2065382, 2186388, 2622858, 2130404, 2083094, 2049261, 2327965, 2055692, 2137107, 2245657, 2038756, 2317391, 1982802, 1992982, 1967691, 2012293, 2178530, 2069498, 2016458, 2160901, 2145405, 2399173, 2178330, 2220277, 2141438, 2713157, 2199383, 2204718, 2143820, 1966879, 2209625, 2350650, 2238119, 2206684, 2164318, 2190368, 5045842, 2129812, 2002124, 2200451, 2283448, 2193115, 2240029, 2004004, 2203952, 1983000, 2266796, 2007941, 1979572, 1958249, 2116297, 2252048, 2074510, 2010191, 2387954, 2024958]

Dependent test list:
[Test: randoop.jodatime.RandoopTest0.test196, Intended behavior: FAILURE, when executed after: [randoop.jodatime.RandoopTest0.test192], The revealed different behavior: PASS, when executed after: [], Test: randoop.jodatime.RandoopTest0.test192, Intended behavior: FAILURE, when executed after: [randoop.jodatime.RandoopTest0.test165], The revealed different behavior: PASS, when executed after: [], Test: randoop.jodatime.RandoopTest0.test165, Intended behavior: FAILURE, when executed after: [randoop.jodatime.RandoopTest0.test135], The revealed different behavior: PASS, when executed after: [], Test: randoop.jodatime.RandoopTest0.test360, Intended behavior: FAILURE, when executed after: [randoop.jodatime.RandoopTest0.test338], The revealed different behavior: PASS, when executed after: [], Test: randoop.jodatime.RandoopTest0.test338, Intended behavior: FAILURE, when executed after: [randoop.jodatime.RandoopTest0.test325], The revealed different behavior: PASS, when executed after: [], Test: randoop.jodatime.RandoopTest0.test325, Intended behavior: FAILURE, when executed after: [randoop.jodatime.RandoopTest0.test196], The revealed different behavior: PASS, when executed after: []]
--------------------------
Execution time of TLG and its time to find/nullify any DTs for 1 machine (does not include the time to run the tests in the new order): 0.912
Number of tests selected out of total in original order: 138 / 2211
Number of DTs not fixed: 0
Number of DTs fixed: 0
Execution time for executing the following testing order: 0.778

Test order list:
[randoop.jodatime.RandoopTest0.test496, randoop.jodatime.RandoopTest0.test497, randoop.jodatime.RandoopTest0.test498, randoop.jodatime.RandoopTest0.test499, randoop.jodatime.RandoopTest0.test500, randoop.jodatime.RandoopTest1.test1, randoop.jodatime.RandoopTest1.test3, randoop.jodatime.RandoopTest1.test4, randoop.jodatime.RandoopTest1.test5, randoop.jodatime.RandoopTest1.test7, randoop.jodatime.RandoopTest1.test8, randoop.jodatime.RandoopTest1.test9, randoop.jodatime.RandoopTest1.test10, randoop.jodatime.RandoopTest1.test11, randoop.jodatime.RandoopTest1.test12, randoop.jodatime.RandoopTest1.test13, randoop.jodatime.RandoopTest1.test14, randoop.jodatime.RandoopTest1.test15, randoop.jodatime.RandoopTest1.test16, randoop.jodatime.RandoopTest1.test17, randoop.jodatime.RandoopTest1.test18, randoop.jodatime.RandoopTest1.test19, randoop.jodatime.RandoopTest1.test20, randoop.jodatime.RandoopTest1.test21, randoop.jodatime.RandoopTest1.test22, randoop.jodatime.RandoopTest1.test23, randoop.jodatime.RandoopTest1.test24, randoop.jodatime.RandoopTest1.test25, randoop.jodatime.RandoopTest1.test26, randoop.jodatime.RandoopTest1.test28, randoop.jodatime.RandoopTest1.test30, randoop.jodatime.RandoopTest1.test32, randoop.jodatime.RandoopTest1.test36, randoop.jodatime.RandoopTest1.test37, randoop.jodatime.RandoopTest1.test38, randoop.jodatime.RandoopTest1.test39, randoop.jodatime.RandoopTest1.test40, randoop.jodatime.RandoopTest1.test41, randoop.jodatime.RandoopTest1.test42, randoop.jodatime.RandoopTest1.test43, randoop.jodatime.RandoopTest1.test44, randoop.jodatime.RandoopTest1.test46, randoop.jodatime.RandoopTest1.test47, randoop.jodatime.RandoopTest1.test49, randoop.jodatime.RandoopTest1.test50, randoop.jodatime.RandoopTest1.test51, randoop.jodatime.RandoopTest1.test52, randoop.jodatime.RandoopTest1.test53, randoop.jodatime.RandoopTest1.test55, randoop.jodatime.RandoopTest1.test56, randoop.jodatime.RandoopTest1.test57, randoop.jodatime.RandoopTest1.test58, randoop.jodatime.RandoopTest1.test59, randoop.jodatime.RandoopTest1.test60, randoop.jodatime.RandoopTest1.test62, randoop.jodatime.RandoopTest1.test63, randoop.jodatime.RandoopTest1.test64, randoop.jodatime.RandoopTest1.test67, randoop.jodatime.RandoopTest1.test69, randoop.jodatime.RandoopTest1.test70, randoop.jodatime.RandoopTest1.test71, randoop.jodatime.RandoopTest1.test74, randoop.jodatime.RandoopTest1.test76, randoop.jodatime.RandoopTest1.test77, randoop.jodatime.RandoopTest1.test78, randoop.jodatime.RandoopTest1.test82, randoop.jodatime.RandoopTest1.test83, randoop.jodatime.RandoopTest1.test84, randoop.jodatime.RandoopTest1.test85, randoop.jodatime.RandoopTest1.test86, randoop.jodatime.RandoopTest1.test88, randoop.jodatime.RandoopTest1.test90, randoop.jodatime.RandoopTest1.test91, randoop.jodatime.RandoopTest1.test92, randoop.jodatime.RandoopTest1.test93, randoop.jodatime.RandoopTest1.test94, randoop.jodatime.RandoopTest1.test96, randoop.jodatime.RandoopTest1.test97, randoop.jodatime.RandoopTest1.test98, randoop.jodatime.RandoopTest1.test99, randoop.jodatime.RandoopTest1.test101, randoop.jodatime.RandoopTest1.test102, randoop.jodatime.RandoopTest1.test103, randoop.jodatime.RandoopTest1.test104, randoop.jodatime.RandoopTest1.test105, randoop.jodatime.RandoopTest1.test106, randoop.jodatime.RandoopTest1.test107, randoop.jodatime.RandoopTest1.test108, randoop.jodatime.RandoopTest1.test109, randoop.jodatime.RandoopTest1.test110, randoop.jodatime.RandoopTest1.test111, randoop.jodatime.RandoopTest1.test112, randoop.jodatime.RandoopTest1.test113, randoop.jodatime.RandoopTest1.test114, randoop.jodatime.RandoopTest1.test117, randoop.jodatime.RandoopTest1.test119, randoop.jodatime.RandoopTest1.test120, randoop.jodatime.RandoopTest1.test121, randoop.jodatime.RandoopTest1.test122, randoop.jodatime.RandoopTest1.test124, randoop.jodatime.RandoopTest1.test125, randoop.jodatime.RandoopTest1.test126, randoop.jodatime.RandoopTest1.test128, randoop.jodatime.RandoopTest1.test130, randoop.jodatime.RandoopTest1.test131, randoop.jodatime.RandoopTest1.test133, randoop.jodatime.RandoopTest1.test134, randoop.jodatime.RandoopTest1.test135, randoop.jodatime.RandoopTest1.test136, randoop.jodatime.RandoopTest1.test137, randoop.jodatime.RandoopTest1.test138, randoop.jodatime.RandoopTest1.test139, randoop.jodatime.RandoopTest1.test140, randoop.jodatime.RandoopTest1.test142, randoop.jodatime.RandoopTest1.test143, randoop.jodatime.RandoopTest1.test144, randoop.jodatime.RandoopTest1.test145, randoop.jodatime.RandoopTest1.test146, randoop.jodatime.RandoopTest1.test147, randoop.jodatime.RandoopTest1.test149, randoop.jodatime.RandoopTest1.test150, randoop.jodatime.RandoopTest1.test151, randoop.jodatime.RandoopTest1.test152, randoop.jodatime.RandoopTest1.test154, randoop.jodatime.RandoopTest1.test155, randoop.jodatime.RandoopTest1.test156, randoop.jodatime.RandoopTest1.test157, randoop.jodatime.RandoopTest1.test158, randoop.jodatime.RandoopTest1.test159, randoop.jodatime.RandoopTest1.test160, randoop.jodatime.RandoopTest1.test161, randoop.jodatime.RandoopTest1.test162, randoop.jodatime.RandoopTest1.test163, randoop.jodatime.RandoopTest1.test164, randoop.jodatime.RandoopTest1.test165, randoop.jodatime.RandoopTest1.test166, randoop.jodatime.RandoopTest1.test167, randoop.jodatime.RandoopTest1.test168]

Time each test takes to run in the new order:
[119460531, 33454805, 29513281, 27370161, 27176731, 12261170, 12449485, 12249462, 10068352, 9471281, 9234265, 7867073, 7117301, 6883820, 7461450, 12254986, 8337335, 9247833, 8793773, 10011529, 7641255, 8788089, 8560182, 7426915, 8205786, 7772373, 6022470, 4813349, 4422367, 4518358, 4601139, 4505483, 4710626, 4709340, 6702762, 12147849, 4597902, 4492065, 4426554, 5025438, 5240621, 4845655, 4562791, 5856678, 3986884, 3813586, 3922097, 4384173, 3143762, 3448481, 3354255, 3001886, 3488131, 2996193, 3107464, 3026490, 4841366, 2816083, 2578912, 4006865, 2598234, 2833530, 2734732, 3626926, 2522213, 2852759, 2462650, 2699432, 2528265, 2333396, 2390749, 2309349, 2638407, 2647552, 2331361, 2645909, 2849115, 4920596, 2577388, 2764170, 2213351, 2221205, 2494789, 2591952, 2255541, 2272643, 2442403, 6561665, 2405219, 2535596, 2053337, 2080366, 2065053, 2451301, 2364159, 2308881, 2021272, 2212401, 2082539, 2229760, 2215026, 1981713, 2394357, 2223618, 2192952, 3166429, 2017864, 2208036, 2140110, 2122669, 2261400, 2253480, 2232610, 2122731, 2267865, 2506121, 2284476, 2292997, 2457022, 3598356, 5029991, 2558382, 2327963, 2497824, 2465316, 2069149, 2287431, 2032060, 2053986, 2307432, 2757106, 2284019, 2038440, 2137414, 2102852, 3154005, 2152726, 2405348]

Dependent test list:
[Test: randoop.jodatime.RandoopTest0.test196, Intended behavior: FAILURE, when executed after: [randoop.jodatime.RandoopTest0.test192], The revealed different behavior: PASS, when executed after: [], Test: randoop.jodatime.RandoopTest0.test192, Intended behavior: FAILURE, when executed after: [randoop.jodatime.RandoopTest0.test165], The revealed different behavior: PASS, when executed after: [], Test: randoop.jodatime.RandoopTest0.test165, Intended behavior: FAILURE, when executed after: [randoop.jodatime.RandoopTest0.test135], The revealed different behavior: PASS, when executed after: [], Test: randoop.jodatime.RandoopTest0.test360, Intended behavior: FAILURE, when executed after: [randoop.jodatime.RandoopTest0.test338], The revealed different behavior: PASS, when executed after: [], Test: randoop.jodatime.RandoopTest0.test338, Intended behavior: FAILURE, when executed after: [randoop.jodatime.RandoopTest0.test325], The revealed different behavior: PASS, when executed after: [], Test: randoop.jodatime.RandoopTest0.test325, Intended behavior: FAILURE, when executed after: [randoop.jodatime.RandoopTest0.test196], The revealed different behavior: PASS, when executed after: []]
--------------------------
Execution time of TLG and its time to find/nullify any DTs for 1 machine (does not include the time to run the tests in the new order): 20.095
Number of tests selected out of total in original order: 139 / 2211
Number of DTs not fixed: 0
Number of DTs fixed: 2
Execution time for executing the following testing order: 0.849

Test order list:
[randoop.jodatime.RandoopTest1.test169, randoop.jodatime.RandoopTest1.test170, randoop.jodatime.RandoopTest1.test171, randoop.jodatime.RandoopTest1.test172, randoop.jodatime.RandoopTest1.test173, randoop.jodatime.RandoopTest1.test174, randoop.jodatime.RandoopTest1.test175, randoop.jodatime.RandoopTest1.test176, randoop.jodatime.RandoopTest1.test177, randoop.jodatime.RandoopTest1.test178, randoop.jodatime.RandoopTest1.test179, randoop.jodatime.RandoopTest1.test180, randoop.jodatime.RandoopTest0.test498, randoop.jodatime.RandoopTest1.test181, randoop.jodatime.RandoopTest1.test182, randoop.jodatime.RandoopTest1.test183, randoop.jodatime.RandoopTest1.test184, randoop.jodatime.RandoopTest1.test185, randoop.jodatime.RandoopTest1.test186, randoop.jodatime.RandoopTest1.test187, randoop.jodatime.RandoopTest1.test190, randoop.jodatime.RandoopTest1.test193, randoop.jodatime.RandoopTest1.test196, randoop.jodatime.RandoopTest1.test198, randoop.jodatime.RandoopTest1.test199, randoop.jodatime.RandoopTest1.test200, randoop.jodatime.RandoopTest1.test201, randoop.jodatime.RandoopTest1.test202, randoop.jodatime.RandoopTest1.test203, randoop.jodatime.RandoopTest1.test204, randoop.jodatime.RandoopTest1.test205, randoop.jodatime.RandoopTest1.test206, randoop.jodatime.RandoopTest1.test207, randoop.jodatime.RandoopTest1.test208, randoop.jodatime.RandoopTest1.test210, randoop.jodatime.RandoopTest1.test211, randoop.jodatime.RandoopTest1.test212, randoop.jodatime.RandoopTest1.test213, randoop.jodatime.RandoopTest1.test214, randoop.jodatime.RandoopTest1.test215, randoop.jodatime.RandoopTest1.test216, randoop.jodatime.RandoopTest1.test217, randoop.jodatime.RandoopTest1.test218, randoop.jodatime.RandoopTest1.test219, randoop.jodatime.RandoopTest1.test220, randoop.jodatime.RandoopTest1.test221, randoop.jodatime.RandoopTest1.test222, randoop.jodatime.RandoopTest1.test223, randoop.jodatime.RandoopTest1.test224, randoop.jodatime.RandoopTest1.test225, randoop.jodatime.RandoopTest1.test226, randoop.jodatime.RandoopTest1.test228, randoop.jodatime.RandoopTest1.test229, randoop.jodatime.RandoopTest1.test230, randoop.jodatime.RandoopTest1.test231, randoop.jodatime.RandoopTest1.test232, randoop.jodatime.RandoopTest1.test233, randoop.jodatime.RandoopTest1.test234, randoop.jodatime.RandoopTest1.test235, randoop.jodatime.RandoopTest1.test236, randoop.jodatime.RandoopTest1.test237, randoop.jodatime.RandoopTest1.test238, randoop.jodatime.RandoopTest1.test239, randoop.jodatime.RandoopTest1.test240, randoop.jodatime.RandoopTest1.test241, randoop.jodatime.RandoopTest1.test242, randoop.jodatime.RandoopTest1.test244, randoop.jodatime.RandoopTest1.test245, randoop.jodatime.RandoopTest1.test246, randoop.jodatime.RandoopTest1.test247, randoop.jodatime.RandoopTest1.test248, randoop.jodatime.RandoopTest1.test249, randoop.jodatime.RandoopTest1.test250, randoop.jodatime.RandoopTest1.test251, randoop.jodatime.RandoopTest1.test252, randoop.jodatime.RandoopTest1.test253, randoop.jodatime.RandoopTest1.test254, randoop.jodatime.RandoopTest1.test255, randoop.jodatime.RandoopTest1.test256, randoop.jodatime.RandoopTest1.test257, randoop.jodatime.RandoopTest1.test258, randoop.jodatime.RandoopTest1.test259, randoop.jodatime.RandoopTest1.test260, randoop.jodatime.RandoopTest1.test262, randoop.jodatime.RandoopTest1.test263, randoop.jodatime.RandoopTest1.test264, randoop.jodatime.RandoopTest1.test265, randoop.jodatime.RandoopTest1.test266, randoop.jodatime.RandoopTest1.test267, randoop.jodatime.RandoopTest1.test268, randoop.jodatime.RandoopTest1.test269, randoop.jodatime.RandoopTest1.test271, randoop.jodatime.RandoopTest1.test272, randoop.jodatime.RandoopTest1.test274, randoop.jodatime.RandoopTest1.test276, randoop.jodatime.RandoopTest1.test277, randoop.jodatime.RandoopTest1.test278, randoop.jodatime.RandoopTest1.test279, randoop.jodatime.RandoopTest1.test280, randoop.jodatime.RandoopTest1.test281, randoop.jodatime.RandoopTest1.test282, randoop.jodatime.RandoopTest1.test283, randoop.jodatime.RandoopTest1.test284, randoop.jodatime.RandoopTest1.test286, randoop.jodatime.RandoopTest1.test287, randoop.jodatime.RandoopTest1.test289, randoop.jodatime.RandoopTest1.test290, randoop.jodatime.RandoopTest1.test291, randoop.jodatime.RandoopTest1.test293, randoop.jodatime.RandoopTest1.test294, randoop.jodatime.RandoopTest1.test295, randoop.jodatime.RandoopTest1.test296, randoop.jodatime.RandoopTest1.test298, randoop.jodatime.RandoopTest1.test299, randoop.jodatime.RandoopTest1.test300, randoop.jodatime.RandoopTest1.test301, randoop.jodatime.RandoopTest1.test302, randoop.jodatime.RandoopTest1.test303, randoop.jodatime.RandoopTest1.test305, randoop.jodatime.RandoopTest1.test306, randoop.jodatime.RandoopTest1.test307, randoop.jodatime.RandoopTest1.test308, randoop.jodatime.RandoopTest1.test310, randoop.jodatime.RandoopTest1.test311, randoop.jodatime.RandoopTest1.test312, randoop.jodatime.RandoopTest1.test313, randoop.jodatime.RandoopTest1.test317, randoop.jodatime.RandoopTest1.test318, randoop.jodatime.RandoopTest1.test319, randoop.jodatime.RandoopTest1.test320, randoop.jodatime.RandoopTest1.test321, randoop.jodatime.RandoopTest1.test322, randoop.jodatime.RandoopTest1.test323, randoop.jodatime.RandoopTest1.test326, randoop.jodatime.RandoopTest1.test327, randoop.jodatime.RandoopTest1.test328, randoop.jodatime.RandoopTest1.test329, randoop.jodatime.RandoopTest1.test330, randoop.jodatime.RandoopTest1.test331]

Time each test takes to run in the new order:
[118995251, 28505435, 22667976, 42630993, 22961712, 12395103, 13132244, 13826312, 10998730, 9704488, 38595601, 9340645, 9922560, 9951921, 12920034, 8150038, 7940604, 7797833, 11780130, 8516082, 7830434, 8080284, 10831303, 10535319, 11012252, 11383789, 10780964, 11318999, 10623476, 10907241, 10533513, 8182579, 6047631, 4668120, 4494600, 7912309, 4759078, 4395414, 5911652, 4614254, 4708626, 4384927, 4538970, 4412028, 4268417, 3730082, 3839873, 3935137, 3594185, 3866070, 3074510, 3627221, 3020584, 3069969, 3100850, 3028575, 3136317, 6657257, 3635938, 2682358, 2664629, 2493469, 2579924, 2742879, 2391207, 3314698, 2363907, 2375307, 2444964, 2366729, 2191669, 2847630, 2574241, 2615379, 2246906, 2315199, 3009774, 2265594, 5443065, 2144534, 2221798, 2608149, 2367503, 2569800, 2262416, 2024861, 2013084, 4060538, 2310684, 2040617, 2165721, 1944876, 2798937, 2306866, 1957012, 1931314, 2026738, 2106548, 2324851, 2188746, 2009423, 2511161, 2062169, 2022984, 2363398, 2471553, 2220844, 2310089, 2149950, 2122825, 2135677, 1917444, 2482101, 2150501, 2037048, 2702315, 2398423, 2116361, 2432356, 2191682, 2132893, 5382826, 1997567, 2029700, 2677791, 2094835, 2125896, 2056968, 2259970, 2044655, 1991417, 2062338, 2004511, 1999520, 1940969, 1981491, 2019645, 2261486, 2025801]

Dependent test list:
[Test: randoop.jodatime.RandoopTest0.test196, Intended behavior: FAILURE, when executed after: [randoop.jodatime.RandoopTest0.test192], The revealed different behavior: PASS, when executed after: [], Test: randoop.jodatime.RandoopTest0.test192, Intended behavior: FAILURE, when executed after: [randoop.jodatime.RandoopTest0.test165], The revealed different behavior: PASS, when executed after: [], Test: randoop.jodatime.RandoopTest0.test165, Intended behavior: FAILURE, when executed after: [randoop.jodatime.RandoopTest0.test135], The revealed different behavior: PASS, when executed after: [], Test: randoop.jodatime.RandoopTest0.test360, Intended behavior: FAILURE, when executed after: [randoop.jodatime.RandoopTest0.test338], The revealed different behavior: PASS, when executed after: [], Test: randoop.jodatime.RandoopTest0.test338, Intended behavior: FAILURE, when executed after: [randoop.jodatime.RandoopTest0.test325], The revealed different behavior: PASS, when executed after: [], Test: randoop.jodatime.RandoopTest0.test325, Intended behavior: FAILURE, when executed after: [randoop.jodatime.RandoopTest0.test196], The revealed different behavior: PASS, when executed after: [], Test: randoop.jodatime.RandoopTest1.test235, Intended behavior: FAILURE, when executed after: [randoop.jodatime.RandoopTest1.test181], The revealed different behavior: PASS, when executed after: [], Test: randoop.jodatime.RandoopTest1.test181, Intended behavior: FAILURE, when executed after: [randoop.jodatime.RandoopTest0.test498], The revealed different behavior: PASS, when executed after: []]
--------------------------
Execution time of TLG and its time to find/nullify any DTs for 1 machine (does not include the time to run the tests in the new order): 0.936
Number of tests selected out of total in original order: 138 / 2211
Number of DTs not fixed: 0
Number of DTs fixed: 0
Execution time for executing the following testing order: 0.842

Test order list:
[randoop.jodatime.RandoopTest1.test332, randoop.jodatime.RandoopTest1.test333, randoop.jodatime.RandoopTest1.test335, randoop.jodatime.RandoopTest1.test336, randoop.jodatime.RandoopTest1.test337, randoop.jodatime.RandoopTest1.test338, randoop.jodatime.RandoopTest1.test339, randoop.jodatime.RandoopTest1.test342, randoop.jodatime.RandoopTest1.test344, randoop.jodatime.RandoopTest1.test346, randoop.jodatime.RandoopTest1.test347, randoop.jodatime.RandoopTest1.test348, randoop.jodatime.RandoopTest1.test349, randoop.jodatime.RandoopTest1.test350, randoop.jodatime.RandoopTest1.test351, randoop.jodatime.RandoopTest1.test352, randoop.jodatime.RandoopTest1.test353, randoop.jodatime.RandoopTest1.test354, randoop.jodatime.RandoopTest1.test355, randoop.jodatime.RandoopTest1.test356, randoop.jodatime.RandoopTest1.test357, randoop.jodatime.RandoopTest1.test361, randoop.jodatime.RandoopTest1.test362, randoop.jodatime.RandoopTest1.test363, randoop.jodatime.RandoopTest1.test366, randoop.jodatime.RandoopTest1.test369, randoop.jodatime.RandoopTest1.test370, randoop.jodatime.RandoopTest1.test371, randoop.jodatime.RandoopTest1.test372, randoop.jodatime.RandoopTest1.test373, randoop.jodatime.RandoopTest1.test374, randoop.jodatime.RandoopTest1.test375, randoop.jodatime.RandoopTest1.test376, randoop.jodatime.RandoopTest1.test377, randoop.jodatime.RandoopTest1.test378, randoop.jodatime.RandoopTest1.test379, randoop.jodatime.RandoopTest1.test380, randoop.jodatime.RandoopTest1.test381, randoop.jodatime.RandoopTest1.test382, randoop.jodatime.RandoopTest1.test383, randoop.jodatime.RandoopTest1.test384, randoop.jodatime.RandoopTest1.test385, randoop.jodatime.RandoopTest1.test387, randoop.jodatime.RandoopTest1.test388, randoop.jodatime.RandoopTest1.test389, randoop.jodatime.RandoopTest1.test390, randoop.jodatime.RandoopTest1.test391, randoop.jodatime.RandoopTest1.test393, randoop.jodatime.RandoopTest1.test395, randoop.jodatime.RandoopTest1.test396, randoop.jodatime.RandoopTest1.test397, randoop.jodatime.RandoopTest1.test400, randoop.jodatime.RandoopTest1.test401, randoop.jodatime.RandoopTest1.test402, randoop.jodatime.RandoopTest1.test405, randoop.jodatime.RandoopTest1.test406, randoop.jodatime.RandoopTest1.test407, randoop.jodatime.RandoopTest1.test408, randoop.jodatime.RandoopTest1.test409, randoop.jodatime.RandoopTest1.test410, randoop.jodatime.RandoopTest1.test411, randoop.jodatime.RandoopTest1.test412, randoop.jodatime.RandoopTest1.test415, randoop.jodatime.RandoopTest1.test416, randoop.jodatime.RandoopTest1.test417, randoop.jodatime.RandoopTest1.test418, randoop.jodatime.RandoopTest1.test419, randoop.jodatime.RandoopTest1.test420, randoop.jodatime.RandoopTest1.test421, randoop.jodatime.RandoopTest1.test424, randoop.jodatime.RandoopTest1.test425, randoop.jodatime.RandoopTest1.test426, randoop.jodatime.RandoopTest1.test428, randoop.jodatime.RandoopTest1.test429, randoop.jodatime.RandoopTest1.test431, randoop.jodatime.RandoopTest1.test432, randoop.jodatime.RandoopTest1.test433, randoop.jodatime.RandoopTest1.test434, randoop.jodatime.RandoopTest1.test435, randoop.jodatime.RandoopTest1.test436, randoop.jodatime.RandoopTest1.test437, randoop.jodatime.RandoopTest1.test438, randoop.jodatime.RandoopTest1.test439, randoop.jodatime.RandoopTest1.test440, randoop.jodatime.RandoopTest1.test441, randoop.jodatime.RandoopTest1.test442, randoop.jodatime.RandoopTest1.test443, randoop.jodatime.RandoopTest1.test444, randoop.jodatime.RandoopTest1.test445, randoop.jodatime.RandoopTest1.test448, randoop.jodatime.RandoopTest1.test450, randoop.jodatime.RandoopTest1.test451, randoop.jodatime.RandoopTest1.test452, randoop.jodatime.RandoopTest1.test453, randoop.jodatime.RandoopTest1.test454, randoop.jodatime.RandoopTest1.test455, randoop.jodatime.RandoopTest1.test456, randoop.jodatime.RandoopTest1.test458, randoop.jodatime.RandoopTest1.test459, randoop.jodatime.RandoopTest1.test460, randoop.jodatime.RandoopTest1.test461, randoop.jodatime.RandoopTest1.test462, randoop.jodatime.RandoopTest1.test463, randoop.jodatime.RandoopTest1.test464, randoop.jodatime.RandoopTest1.test465, randoop.jodatime.RandoopTest1.test467, randoop.jodatime.RandoopTest1.test470, randoop.jodatime.RandoopTest1.test471, randoop.jodatime.RandoopTest1.test473, randoop.jodatime.RandoopTest1.test475, randoop.jodatime.RandoopTest1.test476, randoop.jodatime.RandoopTest1.test477, randoop.jodatime.RandoopTest1.test478, randoop.jodatime.RandoopTest1.test479, randoop.jodatime.RandoopTest1.test480, randoop.jodatime.RandoopTest1.test481, randoop.jodatime.RandoopTest1.test483, randoop.jodatime.RandoopTest1.test485, randoop.jodatime.RandoopTest1.test486, randoop.jodatime.RandoopTest1.test487, randoop.jodatime.RandoopTest1.test488, randoop.jodatime.RandoopTest1.test489, randoop.jodatime.RandoopTest1.test490, randoop.jodatime.RandoopTest1.test491, randoop.jodatime.RandoopTest1.test492, randoop.jodatime.RandoopTest1.test493, randoop.jodatime.RandoopTest1.test494, randoop.jodatime.RandoopTest1.test496, randoop.jodatime.RandoopTest1.test497, randoop.jodatime.RandoopTest1.test498, randoop.jodatime.RandoopTest1.test499, randoop.jodatime.RandoopTest1.test500, randoop.jodatime.RandoopTest2.test1, randoop.jodatime.RandoopTest2.test2, randoop.jodatime.RandoopTest2.test3, randoop.jodatime.RandoopTest2.test4, randoop.jodatime.RandoopTest2.test5, randoop.jodatime.RandoopTest2.test6]

Time each test takes to run in the new order:
[126174360, 29295439, 25294311, 21883996, 22356960, 19411344, 10907187, 11469494, 10796876, 9893669, 9973501, 17925212, 20665158, 9262784, 10010131, 18014575, 7064073, 8055042, 8789509, 8592467, 9315884, 7793963, 8372698, 10558657, 9880617, 10527802, 10145605, 10181515, 10087415, 10550950, 10471282, 10813824, 5613908, 4520078, 5050155, 9956889, 5632841, 4748167, 4683806, 4186242, 4593034, 5067232, 4455877, 3925413, 4034075, 3581786, 3532466, 3495680, 3258088, 2974877, 3276418, 3913513, 2953186, 3398943, 2835408, 2623497, 2523304, 4825459, 3506137, 3517293, 2532200, 2858806, 2433213, 2702008, 2425130, 2415122, 2410102, 2978232, 2375971, 2633456, 2407367, 2503462, 2725297, 2502190, 2401796, 2394772, 2354767, 2680190, 5045097, 2364478, 2427645, 3281740, 2251439, 2257197, 2198333, 2393624, 2165693, 2588097, 2380003, 2203589, 2207440, 2182833, 2340649, 2261194, 2191740, 2406396, 2423540, 2269354, 2433801, 2249234, 2113476, 2410568, 2427167, 2522311, 2681408, 2750766, 2332564, 2243625, 2211907, 2595872, 2498217, 2522467, 2360967, 2189095, 2383741, 2502586, 2183111, 2459859, 2350841, 2628986, 2245736, 4803174, 2498124, 2229177, 2515711, 2198039, 2212918, 2592470, 2379861, 2215393, 2205214, 2176960, 4723258, 3445412, 3412847, 3418367, 3272427, 3754399]

Dependent test list:
[Test: randoop.jodatime.RandoopTest0.test196, Intended behavior: FAILURE, when executed after: [randoop.jodatime.RandoopTest0.test192], The revealed different behavior: PASS, when executed after: [], Test: randoop.jodatime.RandoopTest0.test192, Intended behavior: FAILURE, when executed after: [randoop.jodatime.RandoopTest0.test165], The revealed different behavior: PASS, when executed after: [], Test: randoop.jodatime.RandoopTest0.test165, Intended behavior: FAILURE, when executed after: [randoop.jodatime.RandoopTest0.test135], The revealed different behavior: PASS, when executed after: [], Test: randoop.jodatime.RandoopTest0.test360, Intended behavior: FAILURE, when executed after: [randoop.jodatime.RandoopTest0.test338], The revealed different behavior: PASS, when executed after: [], Test: randoop.jodatime.RandoopTest0.test338, Intended behavior: FAILURE, when executed after: [randoop.jodatime.RandoopTest0.test325], The revealed different behavior: PASS, when executed after: [], Test: randoop.jodatime.RandoopTest0.test325, Intended behavior: FAILURE, when executed after: [randoop.jodatime.RandoopTest0.test196], The revealed different behavior: PASS, when executed after: [], Test: randoop.jodatime.RandoopTest1.test235, Intended behavior: FAILURE, when executed after: [randoop.jodatime.RandoopTest1.test181], The revealed different behavior: PASS, when executed after: [], Test: randoop.jodatime.RandoopTest1.test181, Intended behavior: FAILURE, when executed after: [randoop.jodatime.RandoopTest0.test498], The revealed different behavior: PASS, when executed after: []]
--------------------------
Execution time of TLG and its time to find/nullify any DTs for 1 machine (does not include the time to run the tests in the new order): 34.964
Number of tests selected out of total in original order: 142 / 2211
Number of DTs not fixed: 0
Number of DTs fixed: 3
Execution time for executing the following testing order: 0.867

Test order list:
[randoop.jodatime.RandoopTest2.test7, randoop.jodatime.RandoopTest2.test8, randoop.jodatime.RandoopTest2.test9, randoop.jodatime.RandoopTest2.test10, randoop.jodatime.RandoopTest2.test11, randoop.jodatime.RandoopTest2.test12, randoop.jodatime.RandoopTest2.test13, randoop.jodatime.RandoopTest2.test14, randoop.jodatime.RandoopTest2.test15, randoop.jodatime.RandoopTest2.test16, randoop.jodatime.RandoopTest2.test17, randoop.jodatime.RandoopTest2.test18, randoop.jodatime.RandoopTest2.test19, randoop.jodatime.RandoopTest2.test20, randoop.jodatime.RandoopTest0.test498, randoop.jodatime.RandoopTest1.test181, randoop.jodatime.RandoopTest1.test235, randoop.jodatime.RandoopTest2.test21, randoop.jodatime.RandoopTest2.test22, randoop.jodatime.RandoopTest2.test23, randoop.jodatime.RandoopTest2.test24, randoop.jodatime.RandoopTest2.test25, randoop.jodatime.RandoopTest2.test26, randoop.jodatime.RandoopTest2.test28, randoop.jodatime.RandoopTest2.test29, randoop.jodatime.RandoopTest2.test30, randoop.jodatime.RandoopTest2.test31, randoop.jodatime.RandoopTest2.test32, randoop.jodatime.RandoopTest2.test33, randoop.jodatime.RandoopTest2.test34, randoop.jodatime.RandoopTest2.test35, randoop.jodatime.RandoopTest2.test36, randoop.jodatime.RandoopTest2.test37, randoop.jodatime.RandoopTest2.test38, randoop.jodatime.RandoopTest2.test39, randoop.jodatime.RandoopTest2.test40, randoop.jodatime.RandoopTest2.test42, randoop.jodatime.RandoopTest2.test43, randoop.jodatime.RandoopTest2.test45, randoop.jodatime.RandoopTest2.test46, randoop.jodatime.RandoopTest2.test49, randoop.jodatime.RandoopTest2.test50, randoop.jodatime.RandoopTest2.test51, randoop.jodatime.RandoopTest2.test52, randoop.jodatime.RandoopTest2.test53, randoop.jodatime.RandoopTest2.test54, randoop.jodatime.RandoopTest2.test55, randoop.jodatime.RandoopTest2.test57, randoop.jodatime.RandoopTest2.test58, randoop.jodatime.RandoopTest2.test59, randoop.jodatime.RandoopTest2.test60, randoop.jodatime.RandoopTest2.test61, randoop.jodatime.RandoopTest2.test62, randoop.jodatime.RandoopTest2.test63, randoop.jodatime.RandoopTest2.test64, randoop.jodatime.RandoopTest2.test66, randoop.jodatime.RandoopTest2.test67, randoop.jodatime.RandoopTest2.test68, randoop.jodatime.RandoopTest2.test69, randoop.jodatime.RandoopTest2.test70, randoop.jodatime.RandoopTest2.test71, randoop.jodatime.RandoopTest2.test72, randoop.jodatime.RandoopTest2.test74, randoop.jodatime.RandoopTest2.test75, randoop.jodatime.RandoopTest2.test76, randoop.jodatime.RandoopTest1.test467, randoop.jodatime.RandoopTest2.test77, randoop.jodatime.RandoopTest2.test78, randoop.jodatime.RandoopTest2.test79, randoop.jodatime.RandoopTest2.test80, randoop.jodatime.RandoopTest2.test81, randoop.jodatime.RandoopTest2.test83, randoop.jodatime.RandoopTest2.test84, randoop.jodatime.RandoopTest2.test85, randoop.jodatime.RandoopTest2.test86, randoop.jodatime.RandoopTest2.test87, randoop.jodatime.RandoopTest2.test88, randoop.jodatime.RandoopTest2.test90, randoop.jodatime.RandoopTest2.test91, randoop.jodatime.RandoopTest2.test93, randoop.jodatime.RandoopTest2.test94, randoop.jodatime.RandoopTest2.test95, randoop.jodatime.RandoopTest2.test96, randoop.jodatime.RandoopTest2.test97, randoop.jodatime.RandoopTest2.test98, randoop.jodatime.RandoopTest2.test99, randoop.jodatime.RandoopTest2.test100, randoop.jodatime.RandoopTest2.test101, randoop.jodatime.RandoopTest2.test102, randoop.jodatime.RandoopTest2.test103, randoop.jodatime.RandoopTest2.test104, randoop.jodatime.RandoopTest2.test106, randoop.jodatime.RandoopTest2.test107, randoop.jodatime.RandoopTest2.test108, randoop.jodatime.RandoopTest2.test109, randoop.jodatime.RandoopTest2.test110, randoop.jodatime.RandoopTest2.test111, randoop.jodatime.RandoopTest2.test112, randoop.jodatime.RandoopTest2.test113, randoop.jodatime.RandoopTest2.test114, randoop.jodatime.RandoopTest2.test115, randoop.jodatime.RandoopTest2.test116, randoop.jodatime.RandoopTest2.test117, randoop.jodatime.RandoopTest2.test118, randoop.jodatime.RandoopTest2.test119, randoop.jodatime.RandoopTest2.test120, randoop.jodatime.RandoopTest2.test121, randoop.jodatime.RandoopTest2.test122, randoop.jodatime.RandoopTest2.test123, randoop.jodatime.RandoopTest2.test124, randoop.jodatime.RandoopTest2.test125, randoop.jodatime.RandoopTest2.test127, randoop.jodatime.RandoopTest2.test129, randoop.jodatime.RandoopTest2.test130, randoop.jodatime.RandoopTest2.test131, randoop.jodatime.RandoopTest2.test132, randoop.jodatime.RandoopTest2.test133, randoop.jodatime.RandoopTest2.test134, randoop.jodatime.RandoopTest2.test135, randoop.jodatime.RandoopTest2.test136, randoop.jodatime.RandoopTest2.test137, randoop.jodatime.RandoopTest2.test139, randoop.jodatime.RandoopTest2.test140, randoop.jodatime.RandoopTest2.test142, randoop.jodatime.RandoopTest2.test143, randoop.jodatime.RandoopTest2.test144, randoop.jodatime.RandoopTest2.test145, randoop.jodatime.RandoopTest2.test147, randoop.jodatime.RandoopTest2.test148, randoop.jodatime.RandoopTest2.test149, randoop.jodatime.RandoopTest2.test150, randoop.jodatime.RandoopTest2.test151, randoop.jodatime.RandoopTest2.test152, randoop.jodatime.RandoopTest2.test153, randoop.jodatime.RandoopTest2.test154, randoop.jodatime.RandoopTest2.test155, randoop.jodatime.RandoopTest2.test156, randoop.jodatime.RandoopTest2.test158, randoop.jodatime.RandoopTest2.test159, randoop.jodatime.RandoopTest2.test160, randoop.jodatime.RandoopTest2.test161, randoop.jodatime.RandoopTest2.test164]

Time each test takes to run in the new order:
[113170414, 38079176, 28170805, 23846055, 21141600, 17714640, 10897159, 11176784, 11423124, 9532143, 8449587, 11103694, 7424895, 7609639, 9533305, 8815511, 7733842, 7045477, 8178849, 8507339, 8020378, 9027293, 7890791, 8809945, 15284279, 10818244, 10524678, 12174173, 10669379, 10990898, 11127353, 7410937, 4524993, 4437826, 10274548, 14356930, 4865869, 5006248, 4611674, 4976447, 4674703, 4768498, 4542174, 4371094, 10752226, 4522743, 4142414, 4860572, 4046327, 5206527, 6431839, 3685728, 4185013, 3258359, 3080617, 9222126, 3366421, 2909601, 2597176, 4219833, 3076129, 3161938, 2737878, 2913660, 2684775, 3065689, 2993040, 2727692, 2733100, 3053459, 2915738, 2756320, 2499116, 4102862, 2423954, 2436061, 2438327, 12572212, 2478983, 2536563, 2408245, 2616727, 2522970, 2778238, 2774875, 2397381, 2964295, 2756362, 2452346, 2615505, 2913451, 2323446, 2559539, 2710061, 2460672, 2084676, 2465569, 2232491, 2118383, 2221190, 2497918, 2388286, 10864992, 2323900, 2633804, 2498302, 2383836, 2210635, 2216231, 2371310, 2193530, 2518789, 2301136, 2444625, 2152023, 2243995, 2548075, 2242999, 2393585, 2608141, 4958691, 2773286, 2112381, 2294789, 2300329, 2325589, 2395444, 2797153, 2516606, 2432258, 2250851, 2194508, 2409705, 2134407, 2420350, 2236844, 2151343, 2113091, 2416408, 2124664, 2600686, 2063660]

Dependent test list:
[Test: randoop.jodatime.RandoopTest0.test196, Intended behavior: FAILURE, when executed after: [randoop.jodatime.RandoopTest0.test192], The revealed different behavior: PASS, when executed after: [], Test: randoop.jodatime.RandoopTest0.test192, Intended behavior: FAILURE, when executed after: [randoop.jodatime.RandoopTest0.test165], The revealed different behavior: PASS, when executed after: [], Test: randoop.jodatime.RandoopTest0.test165, Intended behavior: FAILURE, when executed after: [randoop.jodatime.RandoopTest0.test135], The revealed different behavior: PASS, when executed after: [], Test: randoop.jodatime.RandoopTest0.test360, Intended behavior: FAILURE, when executed after: [randoop.jodatime.RandoopTest0.test338], The revealed different behavior: PASS, when executed after: [], Test: randoop.jodatime.RandoopTest0.test338, Intended behavior: FAILURE, when executed after: [randoop.jodatime.RandoopTest0.test325], The revealed different behavior: PASS, when executed after: [], Test: randoop.jodatime.RandoopTest0.test325, Intended behavior: FAILURE, when executed after: [randoop.jodatime.RandoopTest0.test196], The revealed different behavior: PASS, when executed after: [], Test: randoop.jodatime.RandoopTest1.test235, Intended behavior: FAILURE, when executed after: [randoop.jodatime.RandoopTest1.test181], The revealed different behavior: PASS, when executed after: [], Test: randoop.jodatime.RandoopTest1.test181, Intended behavior: FAILURE, when executed after: [randoop.jodatime.RandoopTest0.test498], The revealed different behavior: PASS, when executed after: [], Test: randoop.jodatime.RandoopTest2.test36, Intended behavior: FAILURE, when executed after: [randoop.jodatime.RandoopTest2.test21], The revealed different behavior: PASS, when executed after: [], Test: randoop.jodatime.RandoopTest2.test77, Intended behavior: FAILURE, when executed after: [randoop.jodatime.RandoopTest1.test467], The revealed different behavior: PASS, when executed after: [], Test: randoop.jodatime.RandoopTest2.test21, Intended behavior: FAILURE, when executed after: [randoop.jodatime.RandoopTest1.test235], The revealed different behavior: PASS, when executed after: []]
--------------------------
Execution time of TLG and its time to find/nullify any DTs for 1 machine (does not include the time to run the tests in the new order): 26.799
Number of tests selected out of total in original order: 145 / 2211
Number of DTs not fixed: 0
Number of DTs fixed: 2
Execution time for executing the following testing order: 0.869

Test order list:
[randoop.jodatime.RandoopTest2.test165, randoop.jodatime.RandoopTest2.test166, randoop.jodatime.RandoopTest2.test167, randoop.jodatime.RandoopTest2.test168, randoop.jodatime.RandoopTest2.test169, randoop.jodatime.RandoopTest2.test170, randoop.jodatime.RandoopTest2.test172, randoop.jodatime.RandoopTest2.test173, randoop.jodatime.RandoopTest2.test174, randoop.jodatime.RandoopTest2.test175, randoop.jodatime.RandoopTest2.test177, randoop.jodatime.RandoopTest2.test178, randoop.jodatime.RandoopTest2.test179, randoop.jodatime.RandoopTest2.test180, randoop.jodatime.RandoopTest2.test181, randoop.jodatime.RandoopTest2.test182, randoop.jodatime.RandoopTest2.test183, randoop.jodatime.RandoopTest2.test184, randoop.jodatime.RandoopTest2.test185, randoop.jodatime.RandoopTest2.test186, randoop.jodatime.RandoopTest2.test187, randoop.jodatime.RandoopTest2.test188, randoop.jodatime.RandoopTest2.test189, randoop.jodatime.RandoopTest2.test190, randoop.jodatime.RandoopTest2.test191, randoop.jodatime.RandoopTest2.test192, randoop.jodatime.RandoopTest2.test193, randoop.jodatime.RandoopTest2.test194, randoop.jodatime.RandoopTest2.test195, randoop.jodatime.RandoopTest2.test196, randoop.jodatime.RandoopTest2.test197, randoop.jodatime.RandoopTest2.test198, randoop.jodatime.RandoopTest2.test199, randoop.jodatime.RandoopTest2.test200, randoop.jodatime.RandoopTest2.test201, randoop.jodatime.RandoopTest2.test202, randoop.jodatime.RandoopTest2.test203, randoop.jodatime.RandoopTest2.test204, randoop.jodatime.RandoopTest2.test205, randoop.jodatime.RandoopTest2.test206, randoop.jodatime.RandoopTest2.test207, randoop.jodatime.RandoopTest2.test209, randoop.jodatime.RandoopTest2.test210, randoop.jodatime.RandoopTest2.test211, randoop.jodatime.RandoopTest2.test212, randoop.jodatime.RandoopTest2.test213, randoop.jodatime.RandoopTest2.test214, randoop.jodatime.RandoopTest2.test215, randoop.jodatime.RandoopTest2.test216, randoop.jodatime.RandoopTest2.test217, randoop.jodatime.RandoopTest2.test218, randoop.jodatime.RandoopTest2.test219, randoop.jodatime.RandoopTest2.test220, randoop.jodatime.RandoopTest2.test221, randoop.jodatime.RandoopTest2.test222, randoop.jodatime.RandoopTest2.test223, randoop.jodatime.RandoopTest2.test224, randoop.jodatime.RandoopTest2.test226, randoop.jodatime.RandoopTest2.test227, randoop.jodatime.RandoopTest2.test229, randoop.jodatime.RandoopTest2.test230, randoop.jodatime.RandoopTest2.test231, randoop.jodatime.RandoopTest2.test233, randoop.jodatime.RandoopTest2.test234, randoop.jodatime.RandoopTest2.test235, randoop.jodatime.RandoopTest2.test236, randoop.jodatime.RandoopTest2.test237, randoop.jodatime.RandoopTest2.test238, randoop.jodatime.RandoopTest2.test239, randoop.jodatime.RandoopTest2.test241, randoop.jodatime.RandoopTest2.test242, randoop.jodatime.RandoopTest0.test498, randoop.jodatime.RandoopTest1.test181, randoop.jodatime.RandoopTest1.test235, randoop.jodatime.RandoopTest2.test21, randoop.jodatime.RandoopTest2.test36, randoop.jodatime.RandoopTest2.test243, randoop.jodatime.RandoopTest2.test244, randoop.jodatime.RandoopTest2.test245, randoop.jodatime.RandoopTest2.test247, randoop.jodatime.RandoopTest2.test248, randoop.jodatime.RandoopTest2.test250, randoop.jodatime.RandoopTest2.test251, randoop.jodatime.RandoopTest2.test252, randoop.jodatime.RandoopTest2.test253, randoop.jodatime.RandoopTest1.test467, randoop.jodatime.RandoopTest2.test77, randoop.jodatime.RandoopTest2.test254, randoop.jodatime.RandoopTest2.test255, randoop.jodatime.RandoopTest2.test256, randoop.jodatime.RandoopTest2.test258, randoop.jodatime.RandoopTest2.test259, randoop.jodatime.RandoopTest2.test260, randoop.jodatime.RandoopTest2.test261, randoop.jodatime.RandoopTest2.test263, randoop.jodatime.RandoopTest2.test265, randoop.jodatime.RandoopTest2.test266, randoop.jodatime.RandoopTest2.test267, randoop.jodatime.RandoopTest2.test268, randoop.jodatime.RandoopTest2.test269, randoop.jodatime.RandoopTest2.test270, randoop.jodatime.RandoopTest2.test272, randoop.jodatime.RandoopTest2.test273, randoop.jodatime.RandoopTest2.test275, randoop.jodatime.RandoopTest2.test276, randoop.jodatime.RandoopTest2.test277, randoop.jodatime.RandoopTest2.test278, randoop.jodatime.RandoopTest2.test279, randoop.jodatime.RandoopTest2.test280, randoop.jodatime.RandoopTest2.test282, randoop.jodatime.RandoopTest2.test283, randoop.jodatime.RandoopTest2.test284, randoop.jodatime.RandoopTest2.test285, randoop.jodatime.RandoopTest2.test287, randoop.jodatime.RandoopTest2.test288, randoop.jodatime.RandoopTest2.test289, randoop.jodatime.RandoopTest2.test291, randoop.jodatime.RandoopTest2.test292, randoop.jodatime.RandoopTest2.test294, randoop.jodatime.RandoopTest2.test295, randoop.jodatime.RandoopTest2.test296, randoop.jodatime.RandoopTest2.test297, randoop.jodatime.RandoopTest2.test298, randoop.jodatime.RandoopTest2.test299, randoop.jodatime.RandoopTest2.test300, randoop.jodatime.RandoopTest2.test301, randoop.jodatime.RandoopTest2.test302, randoop.jodatime.RandoopTest2.test303, randoop.jodatime.RandoopTest2.test304, randoop.jodatime.RandoopTest2.test307, randoop.jodatime.RandoopTest2.test308, randoop.jodatime.RandoopTest2.test309, randoop.jodatime.RandoopTest2.test310, randoop.jodatime.RandoopTest2.test311, randoop.jodatime.RandoopTest2.test312, randoop.jodatime.RandoopTest2.test313, randoop.jodatime.RandoopTest2.test314, randoop.jodatime.RandoopTest2.test315, randoop.jodatime.RandoopTest2.test316, randoop.jodatime.RandoopTest2.test317, randoop.jodatime.RandoopTest2.test318, randoop.jodatime.RandoopTest2.test319, randoop.jodatime.RandoopTest2.test320, randoop.jodatime.RandoopTest2.test321, randoop.jodatime.RandoopTest2.test322]

Time each test takes to run in the new order:
[132379486, 33336434, 23643053, 21652286, 20568129, 19248250, 14399919, 11410581, 14431101, 11381885, 8563294, 8030613, 7875940, 9011027, 7477073, 10252699, 8885432, 7722961, 6898424, 119426177, 2848514, 3758534, 2844102, 3098122, 2692434, 2627863, 3014870, 4502014, 2507936, 2928484, 3082252, 2743841, 3135591, 3052459, 2269405, 2577092, 5404548, 3243711, 2322905, 3544971, 3010374, 2261998, 3020934, 2392859, 3644661, 2308393, 2416225, 3105992, 2605340, 2228010, 2333261, 2527120, 2240872, 2283865, 2527642, 2317851, 2246842, 4558172, 2342870, 2233665, 2258061, 2206814, 2087107, 2508123, 2202528, 2733382, 2222453, 6078424, 2127294, 2127268, 2523412, 5759604, 5234136, 3935027, 3693137, 3396356, 3436649, 4060500, 6985692, 4337386, 4167071, 6669209, 6516702, 4130313, 3361268, 3776631, 3704639, 3669437, 3271610, 2797023, 2743207, 2764910, 2999214, 2812532, 3088993, 3389554, 2963559, 2649518, 3107341, 2664005, 2576822, 3033074, 2595788, 2870597, 2480547, 3042576, 2687891, 2653167, 2713371, 2434489, 2784330, 2412526, 2411101, 2478819, 2699331, 2422378, 2865592, 2939399, 2640495, 2828667, 5594954, 2399643, 2923459, 2457355, 2315153, 2560407, 2523123, 2208046, 2335144, 2392651, 2316557, 2111805, 2461895, 2465296, 2562999, 2417271, 2204634, 2233112, 2292197, 2869944, 2173428, 2458856, 2204293, 2626403, 2140647]

Dependent test list:
[Test: randoop.jodatime.RandoopTest0.test196, Intended behavior: FAILURE, when executed after: [randoop.jodatime.RandoopTest0.test192], The revealed different behavior: PASS, when executed after: [], Test: randoop.jodatime.RandoopTest0.test192, Intended behavior: FAILURE, when executed after: [randoop.jodatime.RandoopTest0.test165], The revealed different behavior: PASS, when executed after: [], Test: randoop.jodatime.RandoopTest0.test165, Intended behavior: FAILURE, when executed after: [randoop.jodatime.RandoopTest0.test135], The revealed different behavior: PASS, when executed after: [], Test: randoop.jodatime.RandoopTest0.test360, Intended behavior: FAILURE, when executed after: [randoop.jodatime.RandoopTest0.test338], The revealed different behavior: PASS, when executed after: [], Test: randoop.jodatime.RandoopTest0.test338, Intended behavior: FAILURE, when executed after: [randoop.jodatime.RandoopTest0.test325], The revealed different behavior: PASS, when executed after: [], Test: randoop.jodatime.RandoopTest0.test325, Intended behavior: FAILURE, when executed after: [randoop.jodatime.RandoopTest0.test196], The revealed different behavior: PASS, when executed after: [], Test: randoop.jodatime.RandoopTest1.test235, Intended behavior: FAILURE, when executed after: [randoop.jodatime.RandoopTest1.test181], The revealed different behavior: PASS, when executed after: [], Test: randoop.jodatime.RandoopTest1.test181, Intended behavior: FAILURE, when executed after: [randoop.jodatime.RandoopTest0.test498], The revealed different behavior: PASS, when executed after: [], Test: randoop.jodatime.RandoopTest2.test36, Intended behavior: FAILURE, when executed after: [randoop.jodatime.RandoopTest2.test21], The revealed different behavior: PASS, when executed after: [], Test: randoop.jodatime.RandoopTest2.test77, Intended behavior: FAILURE, when executed after: [randoop.jodatime.RandoopTest1.test467], The revealed different behavior: PASS, when executed after: [], Test: randoop.jodatime.RandoopTest2.test21, Intended behavior: FAILURE, when executed after: [randoop.jodatime.RandoopTest1.test235], The revealed different behavior: PASS, when executed after: [], Test: randoop.jodatime.RandoopTest2.test254, Intended behavior: FAILURE, when executed after: [randoop.jodatime.RandoopTest2.test77], The revealed different behavior: PASS, when executed after: [], Test: randoop.jodatime.RandoopTest2.test243, Intended behavior: FAILURE, when executed after: [randoop.jodatime.RandoopTest2.test36], The revealed different behavior: PASS, when executed after: []]
--------------------------
Execution time of TLG and its time to find/nullify any DTs for 1 machine (does not include the time to run the tests in the new order): 90.126
Number of tests selected out of total in original order: 147 / 2211
Number of DTs not fixed: 0
Number of DTs fixed: 3
Execution time for executing the following testing order: 0.819

Test order list:
[randoop.jodatime.RandoopTest2.test323, randoop.jodatime.RandoopTest2.test324, randoop.jodatime.RandoopTest2.test325, randoop.jodatime.RandoopTest2.test326, randoop.jodatime.RandoopTest2.test328, randoop.jodatime.RandoopTest2.test329, randoop.jodatime.RandoopTest2.test330, randoop.jodatime.RandoopTest2.test331, randoop.jodatime.RandoopTest2.test332, randoop.jodatime.RandoopTest2.test333, randoop.jodatime.RandoopTest2.test335, randoop.jodatime.RandoopTest2.test336, randoop.jodatime.RandoopTest2.test338, randoop.jodatime.RandoopTest2.test339, randoop.jodatime.RandoopTest2.test340, randoop.jodatime.RandoopTest2.test342, randoop.jodatime.RandoopTest2.test345, randoop.jodatime.RandoopTest2.test347, randoop.jodatime.RandoopTest2.test349, randoop.jodatime.RandoopTest2.test351, randoop.jodatime.RandoopTest2.test352, randoop.jodatime.RandoopTest2.test353, randoop.jodatime.RandoopTest2.test354, randoop.jodatime.RandoopTest2.test355, randoop.jodatime.RandoopTest0.test498, randoop.jodatime.RandoopTest1.test181, randoop.jodatime.RandoopTest1.test235, randoop.jodatime.RandoopTest2.test21, randoop.jodatime.RandoopTest2.test36, randoop.jodatime.RandoopTest2.test243, randoop.jodatime.RandoopTest2.test356, randoop.jodatime.RandoopTest2.test357, randoop.jodatime.RandoopTest2.test358, randoop.jodatime.RandoopTest2.test359, randoop.jodatime.RandoopTest2.test360, randoop.jodatime.RandoopTest2.test362, randoop.jodatime.RandoopTest2.test365, randoop.jodatime.RandoopTest2.test366, randoop.jodatime.RandoopTest2.test367, randoop.jodatime.RandoopTest2.test368, randoop.jodatime.RandoopTest2.test369, randoop.jodatime.RandoopTest2.test370, randoop.jodatime.RandoopTest2.test371, randoop.jodatime.RandoopTest2.test372, randoop.jodatime.RandoopTest2.test373, randoop.jodatime.RandoopTest2.test374, randoop.jodatime.RandoopTest2.test375, randoop.jodatime.RandoopTest2.test376, randoop.jodatime.RandoopTest2.test377, randoop.jodatime.RandoopTest2.test378, randoop.jodatime.RandoopTest2.test380, randoop.jodatime.RandoopTest2.test381, randoop.jodatime.RandoopTest2.test382, randoop.jodatime.RandoopTest2.test383, randoop.jodatime.RandoopTest2.test384, randoop.jodatime.RandoopTest2.test386, randoop.jodatime.RandoopTest2.test387, randoop.jodatime.RandoopTest2.test388, randoop.jodatime.RandoopTest2.test390, randoop.jodatime.RandoopTest2.test391, randoop.jodatime.RandoopTest2.test392, randoop.jodatime.RandoopTest2.test393, randoop.jodatime.RandoopTest2.test394, randoop.jodatime.RandoopTest2.test395, randoop.jodatime.RandoopTest2.test397, randoop.jodatime.RandoopTest2.test398, randoop.jodatime.RandoopTest2.test399, randoop.jodatime.RandoopTest2.test400, randoop.jodatime.RandoopTest2.test401, randoop.jodatime.RandoopTest2.test402, randoop.jodatime.RandoopTest2.test404, randoop.jodatime.RandoopTest2.test405, randoop.jodatime.RandoopTest2.test406, randoop.jodatime.RandoopTest2.test408, randoop.jodatime.RandoopTest2.test409, randoop.jodatime.RandoopTest2.test410, randoop.jodatime.RandoopTest2.test411, randoop.jodatime.RandoopTest2.test413, randoop.jodatime.RandoopTest2.test414, randoop.jodatime.RandoopTest2.test415, randoop.jodatime.RandoopTest2.test416, randoop.jodatime.RandoopTest2.test417, randoop.jodatime.RandoopTest2.test418, randoop.jodatime.RandoopTest2.test419, randoop.jodatime.RandoopTest2.test420, randoop.jodatime.RandoopTest2.test421, randoop.jodatime.RandoopTest2.test422, randoop.jodatime.RandoopTest2.test424, randoop.jodatime.RandoopTest2.test426, randoop.jodatime.RandoopTest2.test427, randoop.jodatime.RandoopTest2.test428, randoop.jodatime.RandoopTest2.test429, randoop.jodatime.RandoopTest2.test430, randoop.jodatime.RandoopTest2.test431, randoop.jodatime.RandoopTest2.test432, randoop.jodatime.RandoopTest2.test433, randoop.jodatime.RandoopTest2.test434, randoop.jodatime.RandoopTest2.test435, randoop.jodatime.RandoopTest2.test436, randoop.jodatime.RandoopTest2.test437, randoop.jodatime.RandoopTest2.test438, randoop.jodatime.RandoopTest2.test439, randoop.jodatime.RandoopTest2.test440, randoop.jodatime.RandoopTest2.test441, randoop.jodatime.RandoopTest2.test442, randoop.jodatime.RandoopTest2.test443, randoop.jodatime.RandoopTest2.test444, randoop.jodatime.RandoopTest2.test445, randoop.jodatime.RandoopTest2.test446, randoop.jodatime.RandoopTest2.test449, randoop.jodatime.RandoopTest2.test450, randoop.jodatime.RandoopTest2.test453, randoop.jodatime.RandoopTest2.test454, randoop.jodatime.RandoopTest2.test455, randoop.jodatime.RandoopTest2.test456, randoop.jodatime.RandoopTest2.test457, randoop.jodatime.RandoopTest2.test458, randoop.jodatime.RandoopTest2.test459, randoop.jodatime.RandoopTest2.test460, randoop.jodatime.RandoopTest2.test461, randoop.jodatime.RandoopTest2.test464, randoop.jodatime.RandoopTest2.test465, randoop.jodatime.RandoopTest2.test466, randoop.jodatime.RandoopTest2.test467, randoop.jodatime.RandoopTest2.test468, randoop.jodatime.RandoopTest2.test469, randoop.jodatime.RandoopTest2.test470, randoop.jodatime.RandoopTest2.test471, randoop.jodatime.RandoopTest2.test472, randoop.jodatime.RandoopTest2.test473, randoop.jodatime.RandoopTest1.test467, randoop.jodatime.RandoopTest2.test77, randoop.jodatime.RandoopTest2.test254, randoop.jodatime.RandoopTest2.test474, randoop.jodatime.RandoopTest2.test475, randoop.jodatime.RandoopTest2.test476, randoop.jodatime.RandoopTest2.test478, randoop.jodatime.RandoopTest2.test480, randoop.jodatime.RandoopTest2.test481, randoop.jodatime.RandoopTest2.test482, randoop.jodatime.RandoopTest2.test483, randoop.jodatime.RandoopTest2.test484, randoop.jodatime.RandoopTest2.test486, randoop.jodatime.RandoopTest2.test487, randoop.jodatime.RandoopTest2.test489, randoop.jodatime.RandoopTest2.test490, randoop.jodatime.RandoopTest2.test491]

Time each test takes to run in the new order:
[121074949, 29643442, 30629105, 27226365, 22972083, 15104908, 10872918, 10583862, 10545656, 9352560, 52760062, 7400671, 7608200, 6820520, 8166643, 11101860, 7429931, 7782024, 6740763, 6934105, 6587971, 7279028, 4737839, 4871566, 7975598, 6382293, 7314737, 6427648, 5989070, 5740009, 5201178, 7208049, 4832632, 6100603, 6554405, 9123960, 6333414, 6578651, 7148948, 6885477, 5726562, 3227440, 2916827, 3531808, 8659510, 4154880, 2520891, 3032904, 2446684, 2857425, 3096908, 2810956, 2318908, 2499658, 2579935, 4504513, 3032985, 2685584, 2538808, 2456936, 2525045, 3287089, 3383122, 2172224, 2118031, 2335349, 2285575, 2558787, 2640357, 2209195, 2536385, 2305531, 2525028, 2015835, 2198065, 2129755, 5756627, 2476348, 2106661, 3397989, 2382340, 2026631, 4561998, 2312301, 2104481, 2462396, 1989567, 2696954, 2205833, 1986662, 2080374, 2299567, 2034661, 2269820, 2258973, 2574562, 2682994, 2178122, 2122044, 2163046, 1981860, 2031095, 2399232, 2245159, 2444639, 2265787, 2450023, 2429891, 2412349, 2004527, 2145233, 2507802, 2413871, 2062638, 2159492, 2954358, 2259247, 2227028, 5219905, 2009819, 2214294, 2027495, 2173144, 2011667, 2026783, 1984049, 2048870, 2161136, 4914494, 2193391, 2449440, 2418996, 2386490, 2357976, 2445564, 2288998, 2089007, 2977180, 2189820, 2023564, 1975826, 2854220, 2188577, 2270506, 2076648, 2080420, 2050904]

Dependent test list:
[Test: randoop.jodatime.RandoopTest0.test196, Intended behavior: FAILURE, when executed after: [randoop.jodatime.RandoopTest0.test192], The revealed different behavior: PASS, when executed after: [], Test: randoop.jodatime.RandoopTest0.test192, Intended behavior: FAILURE, when executed after: [randoop.jodatime.RandoopTest0.test165], The revealed different behavior: PASS, when executed after: [], Test: randoop.jodatime.RandoopTest0.test165, Intended behavior: FAILURE, when executed after: [randoop.jodatime.RandoopTest0.test135], The revealed different behavior: PASS, when executed after: [], Test: randoop.jodatime.RandoopTest0.test360, Intended behavior: FAILURE, when executed after: [randoop.jodatime.RandoopTest0.test338], The revealed different behavior: PASS, when executed after: [], Test: randoop.jodatime.RandoopTest0.test338, Intended behavior: FAILURE, when executed after: [randoop.jodatime.RandoopTest0.test325], The revealed different behavior: PASS, when executed after: [], Test: randoop.jodatime.RandoopTest0.test325, Intended behavior: FAILURE, when executed after: [randoop.jodatime.RandoopTest0.test196], The revealed different behavior: PASS, when executed after: [], Test: randoop.jodatime.RandoopTest1.test235, Intended behavior: FAILURE, when executed after: [randoop.jodatime.RandoopTest1.test181], The revealed different behavior: PASS, when executed after: [], Test: randoop.jodatime.RandoopTest1.test181, Intended behavior: FAILURE, when executed after: [randoop.jodatime.RandoopTest0.test498], The revealed different behavior: PASS, when executed after: [], Test: randoop.jodatime.RandoopTest2.test36, Intended behavior: FAILURE, when executed after: [randoop.jodatime.RandoopTest2.test21], The revealed different behavior: PASS, when executed after: [], Test: randoop.jodatime.RandoopTest2.test77, Intended behavior: FAILURE, when executed after: [randoop.jodatime.RandoopTest1.test467], The revealed different behavior: PASS, when executed after: [], Test: randoop.jodatime.RandoopTest2.test21, Intended behavior: FAILURE, when executed after: [randoop.jodatime.RandoopTest1.test235], The revealed different behavior: PASS, when executed after: [], Test: randoop.jodatime.RandoopTest2.test254, Intended behavior: FAILURE, when executed after: [randoop.jodatime.RandoopTest2.test77], The revealed different behavior: PASS, when executed after: [], Test: randoop.jodatime.RandoopTest2.test243, Intended behavior: FAILURE, when executed after: [randoop.jodatime.RandoopTest2.test36], The revealed different behavior: PASS, when executed after: [], Test: randoop.jodatime.RandoopTest2.test490, Intended behavior: FAILURE, when executed after: [randoop.jodatime.RandoopTest2.test487], The revealed different behavior: PASS, when executed after: [], Test: randoop.jodatime.RandoopTest2.test487, Intended behavior: FAILURE, when executed after: [randoop.jodatime.RandoopTest2.test356], The revealed different behavior: PASS, when executed after: [], Test: randoop.jodatime.RandoopTest2.test356, Intended behavior: FAILURE, when executed after: [randoop.jodatime.RandoopTest2.test243], The revealed different behavior: PASS, when executed after: [], Test: randoop.jodatime.RandoopTest2.test474, Intended behavior: FAILURE, when executed after: [randoop.jodatime.RandoopTest2.test254], The revealed different behavior: PASS, when executed after: []]
--------------------------
Execution time of TLG and its time to find/nullify any DTs for 1 machine (does not include the time to run the tests in the new order): 58.564
Number of tests selected out of total in original order: 147 / 2211
Number of DTs not fixed: 0
Number of DTs fixed: 1
Execution time for executing the following testing order: 1.165

Test order list:
[randoop.jodatime.RandoopTest0.test498, randoop.jodatime.RandoopTest1.test181, randoop.jodatime.RandoopTest1.test235, randoop.jodatime.RandoopTest2.test21, randoop.jodatime.RandoopTest2.test36, randoop.jodatime.RandoopTest2.test243, randoop.jodatime.RandoopTest2.test356, randoop.jodatime.RandoopTest2.test487, randoop.jodatime.RandoopTest2.test490, randoop.jodatime.RandoopTest2.test493, randoop.jodatime.RandoopTest2.test494, randoop.jodatime.RandoopTest2.test495, randoop.jodatime.RandoopTest2.test497, randoop.jodatime.RandoopTest2.test498, randoop.jodatime.RandoopTest2.test500, randoop.jodatime.RandoopTest3.test1, randoop.jodatime.RandoopTest3.test3, randoop.jodatime.RandoopTest3.test5, randoop.jodatime.RandoopTest3.test7, randoop.jodatime.RandoopTest3.test8, randoop.jodatime.RandoopTest3.test9, randoop.jodatime.RandoopTest3.test10, randoop.jodatime.RandoopTest3.test11, randoop.jodatime.RandoopTest3.test12, randoop.jodatime.RandoopTest3.test13, randoop.jodatime.RandoopTest3.test14, randoop.jodatime.RandoopTest3.test15, randoop.jodatime.RandoopTest3.test16, randoop.jodatime.RandoopTest3.test17, randoop.jodatime.RandoopTest3.test18, randoop.jodatime.RandoopTest3.test20, randoop.jodatime.RandoopTest3.test21, randoop.jodatime.RandoopTest3.test22, randoop.jodatime.RandoopTest3.test23, randoop.jodatime.RandoopTest3.test24, randoop.jodatime.RandoopTest3.test25, randoop.jodatime.RandoopTest3.test26, randoop.jodatime.RandoopTest3.test27, randoop.jodatime.RandoopTest3.test28, randoop.jodatime.RandoopTest3.test29, randoop.jodatime.RandoopTest3.test30, randoop.jodatime.RandoopTest3.test31, randoop.jodatime.RandoopTest3.test32, randoop.jodatime.RandoopTest3.test33, randoop.jodatime.RandoopTest3.test34, randoop.jodatime.RandoopTest3.test35, randoop.jodatime.RandoopTest3.test36, randoop.jodatime.RandoopTest3.test37, randoop.jodatime.RandoopTest3.test38, randoop.jodatime.RandoopTest3.test39, randoop.jodatime.RandoopTest3.test40, randoop.jodatime.RandoopTest3.test41, randoop.jodatime.RandoopTest3.test42, randoop.jodatime.RandoopTest3.test43, randoop.jodatime.RandoopTest3.test44, randoop.jodatime.RandoopTest3.test45, randoop.jodatime.RandoopTest3.test46, randoop.jodatime.RandoopTest3.test48, randoop.jodatime.RandoopTest3.test49, randoop.jodatime.RandoopTest3.test50, randoop.jodatime.RandoopTest3.test52, randoop.jodatime.RandoopTest3.test53, randoop.jodatime.RandoopTest3.test54, randoop.jodatime.RandoopTest3.test55, randoop.jodatime.RandoopTest3.test56, randoop.jodatime.RandoopTest3.test57, randoop.jodatime.RandoopTest3.test58, randoop.jodatime.RandoopTest3.test59, randoop.jodatime.RandoopTest3.test60, randoop.jodatime.RandoopTest3.test61, randoop.jodatime.RandoopTest3.test62, randoop.jodatime.RandoopTest3.test64, randoop.jodatime.RandoopTest3.test65, randoop.jodatime.RandoopTest3.test66, randoop.jodatime.RandoopTest3.test68, randoop.jodatime.RandoopTest3.test71, randoop.jodatime.RandoopTest3.test73, randoop.jodatime.RandoopTest3.test75, randoop.jodatime.RandoopTest3.test78, randoop.jodatime.RandoopTest3.test79, randoop.jodatime.RandoopTest3.test80, randoop.jodatime.RandoopTest3.test81, randoop.jodatime.RandoopTest3.test82, randoop.jodatime.RandoopTest3.test83, randoop.jodatime.RandoopTest3.test84, randoop.jodatime.RandoopTest3.test85, randoop.jodatime.RandoopTest3.test86, randoop.jodatime.RandoopTest3.test87, randoop.jodatime.RandoopTest3.test88, randoop.jodatime.RandoopTest3.test89, randoop.jodatime.RandoopTest3.test90, randoop.jodatime.RandoopTest3.test91, randoop.jodatime.RandoopTest3.test92, randoop.jodatime.RandoopTest3.test94, randoop.jodatime.RandoopTest3.test95, randoop.jodatime.RandoopTest3.test96, randoop.jodatime.RandoopTest3.test98, randoop.jodatime.RandoopTest3.test99, randoop.jodatime.RandoopTest3.test100, randoop.jodatime.RandoopTest3.test102, randoop.jodatime.RandoopTest3.test103, randoop.jodatime.RandoopTest3.test104, randoop.jodatime.RandoopTest3.test105, randoop.jodatime.RandoopTest3.test106, randoop.jodatime.RandoopTest3.test107, randoop.jodatime.RandoopTest3.test108, randoop.jodatime.RandoopTest3.test109, randoop.jodatime.RandoopTest3.test112, randoop.jodatime.RandoopTest3.test113, randoop.jodatime.RandoopTest3.test114, randoop.jodatime.RandoopTest3.test115, randoop.jodatime.RandoopTest3.test116, randoop.jodatime.RandoopTest3.test118, randoop.jodatime.RandoopTest3.test119, randoop.jodatime.RandoopTest3.test120, randoop.jodatime.RandoopTest3.test121, randoop.jodatime.RandoopTest3.test122, randoop.jodatime.RandoopTest3.test124, randoop.jodatime.RandoopTest3.test125, randoop.jodatime.RandoopTest3.test128, randoop.jodatime.RandoopTest3.test129, randoop.jodatime.RandoopTest3.test130, randoop.jodatime.RandoopTest3.test132, randoop.jodatime.RandoopTest3.test133, randoop.jodatime.RandoopTest3.test134, randoop.jodatime.RandoopTest3.test135, randoop.jodatime.RandoopTest3.test136, randoop.jodatime.RandoopTest3.test137, randoop.jodatime.RandoopTest3.test138, randoop.jodatime.RandoopTest3.test139, randoop.jodatime.RandoopTest3.test140, randoop.jodatime.RandoopTest3.test141, randoop.jodatime.RandoopTest3.test142, randoop.jodatime.RandoopTest3.test143, randoop.jodatime.RandoopTest3.test144, randoop.jodatime.RandoopTest3.test145, randoop.jodatime.RandoopTest3.test146, randoop.jodatime.RandoopTest3.test148, randoop.jodatime.RandoopTest3.test149, randoop.jodatime.RandoopTest3.test150, randoop.jodatime.RandoopTest3.test151, randoop.jodatime.RandoopTest3.test152, randoop.jodatime.RandoopTest3.test153, randoop.jodatime.RandoopTest3.test154, randoop.jodatime.RandoopTest3.test157, randoop.jodatime.RandoopTest3.test158, randoop.jodatime.RandoopTest3.test159]

Time each test takes to run in the new order:
[121865158, 32634451, 23645398, 23493634, 19418192, 17786063, 11294953, 10628763, 13715122, 15139341, 8631434, 8006883, 7432220, 9158565, 10884646, 15703800, 9327485, 7977848, 8717751, 9115102, 8837440, 7104084, 7792576, 7099690, 7334819, 9873212, 9952745, 10571072, 9864398, 10035717, 9755123, 10611272, 4969443, 7447811, 12507179, 9971738, 13969166, 13225685, 14850346, 14172560, 13630470, 14021723, 14454052, 14530263, 14855020, 13421693, 13443497, 13978030, 14846910, 13719181, 14014303, 13524094, 13972383, 13559817, 13443023, 13469411, 6611941, 8955997, 4361163, 3492153, 3873992, 3534949, 4585404, 3631341, 3704646, 3614479, 3863512, 4148510, 3612579, 3659469, 3455006, 3638873, 3911467, 3552255, 3868144, 3503408, 3627139, 8653994, 3885827, 3474453, 3404110, 3667698, 3806342, 3528158, 3812790, 3769687, 3392142, 3851426, 3436866, 3548855, 5782682, 3897542, 3953708, 3553842, 3571893, 3615765, 3952825, 3743531, 3533209, 6306166, 3669712, 3911517, 3678871, 3777616, 3631953, 3898776, 3620058, 3529914, 3580421, 3583279, 3655931, 3729750, 3578046, 3534967, 3808970, 3727461, 3461472, 3574373, 3664024, 4079143, 3869794, 8902106, 4212732, 3665595, 3967122, 3812141, 3748277, 3503687, 3563578, 3638160, 4080970, 3692301, 3797220, 3475717, 3691472, 3595292, 3479291, 3736684, 3533555, 3605069, 3867508, 3619756, 3222590, 2963795, 3146313, 3218985, 3022925]

Dependent test list:
[Test: randoop.jodatime.RandoopTest0.test196, Intended behavior: FAILURE, when executed after: [randoop.jodatime.RandoopTest0.test192], The revealed different behavior: PASS, when executed after: [], Test: randoop.jodatime.RandoopTest0.test192, Intended behavior: FAILURE, when executed after: [randoop.jodatime.RandoopTest0.test165], The revealed different behavior: PASS, when executed after: [], Test: randoop.jodatime.RandoopTest0.test165, Intended behavior: FAILURE, when executed after: [randoop.jodatime.RandoopTest0.test135], The revealed different behavior: PASS, when executed after: [], Test: randoop.jodatime.RandoopTest0.test360, Intended behavior: FAILURE, when executed after: [randoop.jodatime.RandoopTest0.test338], The revealed different behavior: PASS, when executed after: [], Test: randoop.jodatime.RandoopTest0.test338, Intended behavior: FAILURE, when executed after: [randoop.jodatime.RandoopTest0.test325], The revealed different behavior: PASS, when executed after: [], Test: randoop.jodatime.RandoopTest0.test325, Intended behavior: FAILURE, when executed after: [randoop.jodatime.RandoopTest0.test196], The revealed different behavior: PASS, when executed after: [], Test: randoop.jodatime.RandoopTest1.test235, Intended behavior: FAILURE, when executed after: [randoop.jodatime.RandoopTest1.test181], The revealed different behavior: PASS, when executed after: [], Test: randoop.jodatime.RandoopTest1.test181, Intended behavior: FAILURE, when executed after: [randoop.jodatime.RandoopTest0.test498], The revealed different behavior: PASS, when executed after: [], Test: randoop.jodatime.RandoopTest2.test36, Intended behavior: FAILURE, when executed after: [randoop.jodatime.RandoopTest2.test21], The revealed different behavior: PASS, when executed after: [], Test: randoop.jodatime.RandoopTest2.test77, Intended behavior: FAILURE, when executed after: [randoop.jodatime.RandoopTest1.test467], The revealed different behavior: PASS, when executed after: [], Test: randoop.jodatime.RandoopTest2.test21, Intended behavior: FAILURE, when executed after: [randoop.jodatime.RandoopTest1.test235], The revealed different behavior: PASS, when executed after: [], Test: randoop.jodatime.RandoopTest2.test254, Intended behavior: FAILURE, when executed after: [randoop.jodatime.RandoopTest2.test77], The revealed different behavior: PASS, when executed after: [], Test: randoop.jodatime.RandoopTest2.test243, Intended behavior: FAILURE, when executed after: [randoop.jodatime.RandoopTest2.test36], The revealed different behavior: PASS, when executed after: [], Test: randoop.jodatime.RandoopTest2.test490, Intended behavior: FAILURE, when executed after: [randoop.jodatime.RandoopTest2.test487], The revealed different behavior: PASS, when executed after: [], Test: randoop.jodatime.RandoopTest2.test487, Intended behavior: FAILURE, when executed after: [randoop.jodatime.RandoopTest2.test356], The revealed different behavior: PASS, when executed after: [], Test: randoop.jodatime.RandoopTest2.test356, Intended behavior: FAILURE, when executed after: [randoop.jodatime.RandoopTest2.test243], The revealed different behavior: PASS, when executed after: [], Test: randoop.jodatime.RandoopTest2.test474, Intended behavior: FAILURE, when executed after: [randoop.jodatime.RandoopTest2.test254], The revealed different behavior: PASS, when executed after: [], Test: randoop.jodatime.RandoopTest2.test493, Intended behavior: FAILURE, when executed after: [randoop.jodatime.RandoopTest2.test490], The revealed different behavior: PASS, when executed after: []]
--------------------------
Execution time of TLG and its time to find/nullify any DTs for 1 machine (does not include the time to run the tests in the new order): 284.661
Number of tests selected out of total in original order: 148 / 2211
Number of DTs not fixed: 0
Number of DTs fixed: 5
Execution time for executing the following testing order: 0.802

Test order list:
[randoop.jodatime.RandoopTest0.test498, randoop.jodatime.RandoopTest1.test181, randoop.jodatime.RandoopTest1.test235, randoop.jodatime.RandoopTest2.test21, randoop.jodatime.RandoopTest2.test36, randoop.jodatime.RandoopTest2.test243, randoop.jodatime.RandoopTest2.test356, randoop.jodatime.RandoopTest2.test487, randoop.jodatime.RandoopTest2.test490, randoop.jodatime.RandoopTest2.test493, randoop.jodatime.RandoopTest3.test161, randoop.jodatime.RandoopTest3.test162, randoop.jodatime.RandoopTest3.test163, randoop.jodatime.RandoopTest3.test164, randoop.jodatime.RandoopTest3.test165, randoop.jodatime.RandoopTest3.test166, randoop.jodatime.RandoopTest3.test167, randoop.jodatime.RandoopTest3.test168, randoop.jodatime.RandoopTest3.test169, randoop.jodatime.RandoopTest3.test170, randoop.jodatime.RandoopTest3.test171, randoop.jodatime.RandoopTest3.test172, randoop.jodatime.RandoopTest3.test173, randoop.jodatime.RandoopTest3.test174, randoop.jodatime.RandoopTest3.test175, randoop.jodatime.RandoopTest3.test176, randoop.jodatime.RandoopTest3.test177, randoop.jodatime.RandoopTest3.test178, randoop.jodatime.RandoopTest3.test179, randoop.jodatime.RandoopTest3.test180, randoop.jodatime.RandoopTest3.test181, randoop.jodatime.RandoopTest3.test182, randoop.jodatime.RandoopTest3.test183, randoop.jodatime.RandoopTest3.test184, randoop.jodatime.RandoopTest3.test185, randoop.jodatime.RandoopTest3.test186, randoop.jodatime.RandoopTest3.test187, randoop.jodatime.RandoopTest3.test188, randoop.jodatime.RandoopTest3.test189, randoop.jodatime.RandoopTest3.test190, randoop.jodatime.RandoopTest3.test191, randoop.jodatime.RandoopTest3.test192, randoop.jodatime.RandoopTest3.test193, randoop.jodatime.RandoopTest3.test194, randoop.jodatime.RandoopTest3.test195, randoop.jodatime.RandoopTest3.test196, randoop.jodatime.RandoopTest3.test197, randoop.jodatime.RandoopTest3.test198, randoop.jodatime.RandoopTest3.test199, randoop.jodatime.RandoopTest3.test200, randoop.jodatime.RandoopTest3.test201, randoop.jodatime.RandoopTest3.test202, randoop.jodatime.RandoopTest3.test204, randoop.jodatime.RandoopTest3.test205, randoop.jodatime.RandoopTest3.test206, randoop.jodatime.RandoopTest3.test208, randoop.jodatime.RandoopTest3.test209, randoop.jodatime.RandoopTest3.test210, randoop.jodatime.RandoopTest3.test211, randoop.jodatime.RandoopTest3.test212, randoop.jodatime.RandoopTest3.test213, randoop.jodatime.RandoopTest3.test215, randoop.jodatime.RandoopTest3.test216, randoop.jodatime.RandoopTest3.test217, randoop.jodatime.RandoopTest3.test218, randoop.jodatime.RandoopTest3.test219, randoop.jodatime.RandoopTest3.test220, randoop.jodatime.RandoopTest3.test221, randoop.jodatime.RandoopTest3.test222, randoop.jodatime.RandoopTest3.test223, randoop.jodatime.RandoopTest3.test224, randoop.jodatime.RandoopTest3.test225, randoop.jodatime.RandoopTest3.test226, randoop.jodatime.RandoopTest3.test228, randoop.jodatime.RandoopTest3.test231, randoop.jodatime.RandoopTest3.test232, randoop.jodatime.RandoopTest3.test233, randoop.jodatime.RandoopTest3.test234, randoop.jodatime.RandoopTest3.test235, randoop.jodatime.RandoopTest3.test236, randoop.jodatime.RandoopTest3.test237, randoop.jodatime.RandoopTest3.test238, randoop.jodatime.RandoopTest3.test239, randoop.jodatime.RandoopTest3.test240, randoop.jodatime.RandoopTest3.test241, randoop.jodatime.RandoopTest3.test242, randoop.jodatime.RandoopTest3.test243, randoop.jodatime.RandoopTest3.test244, randoop.jodatime.RandoopTest3.test245, randoop.jodatime.RandoopTest3.test246, randoop.jodatime.RandoopTest3.test247, randoop.jodatime.RandoopTest3.test248, randoop.jodatime.RandoopTest3.test249, randoop.jodatime.RandoopTest3.test250, randoop.jodatime.RandoopTest3.test252, randoop.jodatime.RandoopTest3.test254, randoop.jodatime.RandoopTest3.test255, randoop.jodatime.RandoopTest3.test256, randoop.jodatime.RandoopTest3.test257, randoop.jodatime.RandoopTest3.test258, randoop.jodatime.RandoopTest3.test259, randoop.jodatime.RandoopTest3.test261, randoop.jodatime.RandoopTest3.test262, randoop.jodatime.RandoopTest3.test263, randoop.jodatime.RandoopTest3.test264, randoop.jodatime.RandoopTest3.test265, randoop.jodatime.RandoopTest3.test266, randoop.jodatime.RandoopTest3.test268, randoop.jodatime.RandoopTest3.test269, randoop.jodatime.RandoopTest3.test270, randoop.jodatime.RandoopTest3.test271, randoop.jodatime.RandoopTest3.test272, randoop.jodatime.RandoopTest3.test273, randoop.jodatime.RandoopTest3.test274, randoop.jodatime.RandoopTest3.test275, randoop.jodatime.RandoopTest3.test277, randoop.jodatime.RandoopTest3.test278, randoop.jodatime.RandoopTest3.test279, randoop.jodatime.RandoopTest3.test280, randoop.jodatime.RandoopTest3.test281, randoop.jodatime.RandoopTest3.test282, randoop.jodatime.RandoopTest3.test283, randoop.jodatime.RandoopTest3.test284, randoop.jodatime.RandoopTest3.test285, randoop.jodatime.RandoopTest3.test286, randoop.jodatime.RandoopTest3.test287, randoop.jodatime.RandoopTest3.test288, randoop.jodatime.RandoopTest3.test291, randoop.jodatime.RandoopTest3.test292, randoop.jodatime.RandoopTest3.test293, randoop.jodatime.RandoopTest3.test294, randoop.jodatime.RandoopTest3.test295, randoop.jodatime.RandoopTest3.test296, randoop.jodatime.RandoopTest3.test297, randoop.jodatime.RandoopTest3.test298, randoop.jodatime.RandoopTest3.test299, randoop.jodatime.RandoopTest3.test300, randoop.jodatime.RandoopTest3.test301, randoop.jodatime.RandoopTest3.test302, randoop.jodatime.RandoopTest3.test303, randoop.jodatime.RandoopTest3.test304, randoop.jodatime.RandoopTest3.test306, randoop.jodatime.RandoopTest3.test307, randoop.jodatime.RandoopTest3.test308, randoop.jodatime.RandoopTest3.test309, randoop.jodatime.RandoopTest3.test310, randoop.jodatime.RandoopTest3.test312, randoop.jodatime.RandoopTest3.test313]

Time each test takes to run in the new order:
[122602475, 32520767, 26226546, 22638518, 19373781, 17720815, 11620714, 10924883, 14167027, 15318884, 11429269, 11090601, 12507501, 11993734, 10308920, 10607514, 8697301, 9033523, 8008553, 7876212, 8365338, 8109335, 7233443, 6935100, 6698880, 6997945, 6924727, 5006254, 4882224, 5140624, 4931470, 6099127, 4831449, 5660091, 8143160, 4931323, 5000606, 5101819, 4948684, 5168256, 4714342, 6673530, 4548004, 3835411, 3820495, 3967513, 3769814, 3755200, 5160836, 3440020, 3166906, 3181016, 3503592, 3567814, 5155582, 3156109, 5954319, 3136124, 2991377, 2898569, 2370548, 2379510, 2407353, 2803981, 2377354, 2399231, 2407004, 2636006, 2427148, 2422095, 2240556, 2146881, 2287092, 2371197, 2173756, 2215569, 2339519, 2145981, 5525800, 2277218, 2151325, 2115429, 2166785, 2155761, 2457565, 2148652, 2101733, 2311891, 2172793, 2144634, 2216851, 2161349, 2244243, 2911263, 2272991, 2122569, 2176055, 2233660, 3479780, 2256650, 2281882, 2474806, 2257028, 2161296, 2300151, 2335021, 2281190, 2272013, 2368372, 3040118, 2121182, 2460749, 2267145, 2684684, 2341922, 2307077, 2323005, 2146236, 2455954, 2403645, 2115316, 5523466, 2171062, 2175522, 2107566, 2054825, 2028388, 2094541, 2109928, 2126245, 2147042, 2059793, 2069557, 2130282, 2469240, 2097836, 2144828, 2223666, 2012773, 2104480, 2033655, 2028780, 2115309, 2183856, 2054728, 2076306, 2025527, 2119256]

Dependent test list:
[Test: randoop.jodatime.RandoopTest0.test196, Intended behavior: FAILURE, when executed after: [randoop.jodatime.RandoopTest0.test192], The revealed different behavior: PASS, when executed after: [], Test: randoop.jodatime.RandoopTest0.test192, Intended behavior: FAILURE, when executed after: [randoop.jodatime.RandoopTest0.test165], The revealed different behavior: PASS, when executed after: [], Test: randoop.jodatime.RandoopTest0.test165, Intended behavior: FAILURE, when executed after: [randoop.jodatime.RandoopTest0.test135], The revealed different behavior: PASS, when executed after: [], Test: randoop.jodatime.RandoopTest0.test360, Intended behavior: FAILURE, when executed after: [randoop.jodatime.RandoopTest0.test338], The revealed different behavior: PASS, when executed after: [], Test: randoop.jodatime.RandoopTest0.test338, Intended behavior: FAILURE, when executed after: [randoop.jodatime.RandoopTest0.test325], The revealed different behavior: PASS, when executed after: [], Test: randoop.jodatime.RandoopTest0.test325, Intended behavior: FAILURE, when executed after: [randoop.jodatime.RandoopTest0.test196], The revealed different behavior: PASS, when executed after: [], Test: randoop.jodatime.RandoopTest1.test235, Intended behavior: FAILURE, when executed after: [randoop.jodatime.RandoopTest1.test181], The revealed different behavior: PASS, when executed after: [], Test: randoop.jodatime.RandoopTest1.test181, Intended behavior: FAILURE, when executed after: [randoop.jodatime.RandoopTest0.test498], The revealed different behavior: PASS, when executed after: [], Test: randoop.jodatime.RandoopTest2.test36, Intended behavior: FAILURE, when executed after: [randoop.jodatime.RandoopTest2.test21], The revealed different behavior: PASS, when executed after: [], Test: randoop.jodatime.RandoopTest2.test77, Intended behavior: FAILURE, when executed after: [randoop.jodatime.RandoopTest1.test467], The revealed different behavior: PASS, when executed after: [], Test: randoop.jodatime.RandoopTest2.test21, Intended behavior: FAILURE, when executed after: [randoop.jodatime.RandoopTest1.test235], The revealed different behavior: PASS, when executed after: [], Test: randoop.jodatime.RandoopTest2.test254, Intended behavior: FAILURE, when executed after: [randoop.jodatime.RandoopTest2.test77], The revealed different behavior: PASS, when executed after: [], Test: randoop.jodatime.RandoopTest2.test243, Intended behavior: FAILURE, when executed after: [randoop.jodatime.RandoopTest2.test36], The revealed different behavior: PASS, when executed after: [], Test: randoop.jodatime.RandoopTest2.test490, Intended behavior: FAILURE, when executed after: [randoop.jodatime.RandoopTest2.test487], The revealed different behavior: PASS, when executed after: [], Test: randoop.jodatime.RandoopTest2.test487, Intended behavior: FAILURE, when executed after: [randoop.jodatime.RandoopTest2.test356], The revealed different behavior: PASS, when executed after: [], Test: randoop.jodatime.RandoopTest2.test356, Intended behavior: FAILURE, when executed after: [randoop.jodatime.RandoopTest2.test243], The revealed different behavior: PASS, when executed after: [], Test: randoop.jodatime.RandoopTest2.test474, Intended behavior: FAILURE, when executed after: [randoop.jodatime.RandoopTest2.test254], The revealed different behavior: PASS, when executed after: [], Test: randoop.jodatime.RandoopTest2.test493, Intended behavior: FAILURE, when executed after: [randoop.jodatime.RandoopTest2.test490], The revealed different behavior: PASS, when executed after: [], Test: randoop.jodatime.RandoopTest3.test195, Intended behavior: FAILURE, when executed after: [randoop.jodatime.RandoopTest3.test193], The revealed different behavior: PASS, when executed after: [], Test: randoop.jodatime.RandoopTest3.test193, Intended behavior: FAILURE, when executed after: [randoop.jodatime.RandoopTest3.test189], The revealed different behavior: PASS, when executed after: [], Test: randoop.jodatime.RandoopTest3.test189, Intended behavior: FAILURE, when executed after: [randoop.jodatime.RandoopTest3.test185], The revealed different behavior: PASS, when executed after: [], Test: randoop.jodatime.RandoopTest3.test185, Intended behavior: FAILURE, when executed after: [randoop.jodatime.RandoopTest3.test161], The revealed different behavior: PASS, when executed after: [], Test: randoop.jodatime.RandoopTest3.test161, Intended behavior: FAILURE, when executed after: [randoop.jodatime.RandoopTest2.test493], The revealed different behavior: PASS, when executed after: []]
--------------------------
Execution time of TLG and its time to find/nullify any DTs for 1 machine (does not include the time to run the tests in the new order): 270.605
Number of tests selected out of total in original order: 153 / 2211
Number of DTs not fixed: 0
Number of DTs fixed: 6
Execution time for executing the following testing order: 0.800

Test order list:
[randoop.jodatime.RandoopTest3.test314, randoop.jodatime.RandoopTest0.test498, randoop.jodatime.RandoopTest1.test181, randoop.jodatime.RandoopTest1.test235, randoop.jodatime.RandoopTest2.test21, randoop.jodatime.RandoopTest2.test36, randoop.jodatime.RandoopTest2.test243, randoop.jodatime.RandoopTest2.test356, randoop.jodatime.RandoopTest2.test487, randoop.jodatime.RandoopTest2.test490, randoop.jodatime.RandoopTest2.test493, randoop.jodatime.RandoopTest3.test161, randoop.jodatime.RandoopTest3.test185, randoop.jodatime.RandoopTest3.test189, randoop.jodatime.RandoopTest3.test193, randoop.jodatime.RandoopTest3.test195, randoop.jodatime.RandoopTest3.test315, randoop.jodatime.RandoopTest3.test316, randoop.jodatime.RandoopTest3.test317, randoop.jodatime.RandoopTest3.test318, randoop.jodatime.RandoopTest3.test319, randoop.jodatime.RandoopTest3.test320, randoop.jodatime.RandoopTest3.test321, randoop.jodatime.RandoopTest3.test322, randoop.jodatime.RandoopTest3.test323, randoop.jodatime.RandoopTest3.test324, randoop.jodatime.RandoopTest3.test325, randoop.jodatime.RandoopTest3.test326, randoop.jodatime.RandoopTest3.test327, randoop.jodatime.RandoopTest3.test328, randoop.jodatime.RandoopTest3.test330, randoop.jodatime.RandoopTest3.test331, randoop.jodatime.RandoopTest3.test332, randoop.jodatime.RandoopTest3.test333, randoop.jodatime.RandoopTest3.test334, randoop.jodatime.RandoopTest3.test335, randoop.jodatime.RandoopTest3.test336, randoop.jodatime.RandoopTest3.test337, randoop.jodatime.RandoopTest3.test338, randoop.jodatime.RandoopTest3.test340, randoop.jodatime.RandoopTest3.test341, randoop.jodatime.RandoopTest3.test342, randoop.jodatime.RandoopTest3.test343, randoop.jodatime.RandoopTest3.test344, randoop.jodatime.RandoopTest3.test345, randoop.jodatime.RandoopTest3.test346, randoop.jodatime.RandoopTest3.test347, randoop.jodatime.RandoopTest3.test348, randoop.jodatime.RandoopTest3.test349, randoop.jodatime.RandoopTest3.test350, randoop.jodatime.RandoopTest3.test351, randoop.jodatime.RandoopTest3.test352, randoop.jodatime.RandoopTest3.test353, randoop.jodatime.RandoopTest3.test355, randoop.jodatime.RandoopTest3.test356, randoop.jodatime.RandoopTest3.test357, randoop.jodatime.RandoopTest3.test358, randoop.jodatime.RandoopTest3.test360, randoop.jodatime.RandoopTest3.test362, randoop.jodatime.RandoopTest3.test363, randoop.jodatime.RandoopTest3.test364, randoop.jodatime.RandoopTest3.test365, randoop.jodatime.RandoopTest3.test367, randoop.jodatime.RandoopTest3.test368, randoop.jodatime.RandoopTest3.test370, randoop.jodatime.RandoopTest3.test372, randoop.jodatime.RandoopTest3.test374, randoop.jodatime.RandoopTest3.test375, randoop.jodatime.RandoopTest3.test376, randoop.jodatime.RandoopTest3.test377, randoop.jodatime.RandoopTest3.test378, randoop.jodatime.RandoopTest3.test379, randoop.jodatime.RandoopTest3.test380, randoop.jodatime.RandoopTest3.test381, randoop.jodatime.RandoopTest3.test382, randoop.jodatime.RandoopTest3.test383, randoop.jodatime.RandoopTest3.test386, randoop.jodatime.RandoopTest3.test387, randoop.jodatime.RandoopTest3.test388, randoop.jodatime.RandoopTest3.test389, randoop.jodatime.RandoopTest3.test390, randoop.jodatime.RandoopTest3.test391, randoop.jodatime.RandoopTest3.test393, randoop.jodatime.RandoopTest3.test394, randoop.jodatime.RandoopTest3.test395, randoop.jodatime.RandoopTest3.test396, randoop.jodatime.RandoopTest3.test397, randoop.jodatime.RandoopTest3.test398, randoop.jodatime.RandoopTest3.test399, randoop.jodatime.RandoopTest3.test400, randoop.jodatime.RandoopTest3.test401, randoop.jodatime.RandoopTest3.test402, randoop.jodatime.RandoopTest3.test403, randoop.jodatime.RandoopTest3.test404, randoop.jodatime.RandoopTest3.test405, randoop.jodatime.RandoopTest3.test406, randoop.jodatime.RandoopTest3.test407, randoop.jodatime.RandoopTest3.test408, randoop.jodatime.RandoopTest3.test409, randoop.jodatime.RandoopTest3.test411, randoop.jodatime.RandoopTest3.test412, randoop.jodatime.RandoopTest3.test413, randoop.jodatime.RandoopTest3.test414, randoop.jodatime.RandoopTest3.test415, randoop.jodatime.RandoopTest3.test416, randoop.jodatime.RandoopTest3.test417, randoop.jodatime.RandoopTest3.test418, randoop.jodatime.RandoopTest3.test419, randoop.jodatime.RandoopTest3.test420, randoop.jodatime.RandoopTest3.test421, randoop.jodatime.RandoopTest3.test422, randoop.jodatime.RandoopTest3.test423, randoop.jodatime.RandoopTest3.test424, randoop.jodatime.RandoopTest3.test425, randoop.jodatime.RandoopTest3.test426, randoop.jodatime.RandoopTest3.test427, randoop.jodatime.RandoopTest3.test428, randoop.jodatime.RandoopTest3.test429, randoop.jodatime.RandoopTest3.test430, randoop.jodatime.RandoopTest3.test431, randoop.jodatime.RandoopTest3.test432, randoop.jodatime.RandoopTest3.test434, randoop.jodatime.RandoopTest3.test435, randoop.jodatime.RandoopTest3.test436, randoop.jodatime.RandoopTest3.test437, randoop.jodatime.RandoopTest3.test438, randoop.jodatime.RandoopTest3.test439, randoop.jodatime.RandoopTest3.test440, randoop.jodatime.RandoopTest3.test441, randoop.jodatime.RandoopTest3.test442, randoop.jodatime.RandoopTest3.test443, randoop.jodatime.RandoopTest3.test444, randoop.jodatime.RandoopTest3.test445, randoop.jodatime.RandoopTest3.test446, randoop.jodatime.RandoopTest3.test447, randoop.jodatime.RandoopTest3.test448, randoop.jodatime.RandoopTest3.test449, randoop.jodatime.RandoopTest3.test451, randoop.jodatime.RandoopTest3.test452, randoop.jodatime.RandoopTest3.test453, randoop.jodatime.RandoopTest3.test454, randoop.jodatime.RandoopTest3.test455, randoop.jodatime.RandoopTest3.test456, randoop.jodatime.RandoopTest3.test457, randoop.jodatime.RandoopTest3.test458, randoop.jodatime.RandoopTest3.test459, randoop.jodatime.RandoopTest3.test460, randoop.jodatime.RandoopTest3.test461, randoop.jodatime.RandoopTest3.test462, randoop.jodatime.RandoopTest3.test463, randoop.jodatime.RandoopTest3.test464, randoop.jodatime.RandoopTest3.test465, randoop.jodatime.RandoopTest3.test466]

Time each test takes to run in the new order:
[74706824, 75155156, 26657599, 23444853, 20876518, 12480287, 11166937, 10706394, 10975966, 14798978, 14647439, 9466399, 8396021, 11227851, 9313272, 7374508, 7288691, 6588357, 10084222, 10774001, 6342926, 4941161, 5215598, 8265321, 6214990, 9484472, 5208400, 7871627, 4501820, 6160382, 3993082, 4204287, 4804674, 3631225, 6937162, 4428686, 3340070, 3221778, 3282184, 3018502, 3261765, 2897143, 3026902, 2952344, 3044769, 3265122, 3124552, 2863279, 3419805, 7370421, 3022828, 3109806, 4050491, 2948177, 2993894, 2850576, 6188687, 3058503, 3002559, 2949143, 3033977, 2952011, 4491932, 3132446, 4487635, 4595120, 5247420, 5322841, 4288650, 2476506, 2447673, 2698699, 2478604, 2509522, 2469715, 2526597, 2326628, 5247741, 2316883, 2396340, 2248577, 2214155, 2330341, 2311464, 2202476, 2191822, 2144895, 2498652, 2166452, 2186626, 3113465, 2160995, 2323592, 2154321, 2238154, 2151154, 2269137, 2362323, 2267453, 2226739, 2162158, 2477701, 2203540, 2152610, 2389264, 2647248, 2362422, 2353992, 2551671, 2324425, 2171564, 2391277, 2463288, 2208742, 2348864, 2353125, 2340328, 2513511, 2609761, 2306227, 2398739, 5327672, 2354252, 2190296, 2157037, 2207093, 2162305, 2166374, 2250500, 2485012, 2164035, 2839063, 2365991, 2780344, 2228236, 2176103, 2135354, 2341900, 2316339, 2565106, 2299910, 2236515, 2175768, 2228213, 2359713, 11065209, 3574657, 2172923, 2336946, 2142361, 2210490, 2155816, 2218182]

Dependent test list:
[Test: randoop.jodatime.RandoopTest0.test196, Intended behavior: FAILURE, when executed after: [randoop.jodatime.RandoopTest0.test192], The revealed different behavior: PASS, when executed after: [], Test: randoop.jodatime.RandoopTest0.test192, Intended behavior: FAILURE, when executed after: [randoop.jodatime.RandoopTest0.test165], The revealed different behavior: PASS, when executed after: [], Test: randoop.jodatime.RandoopTest0.test165, Intended behavior: FAILURE, when executed after: [randoop.jodatime.RandoopTest0.test135], The revealed different behavior: PASS, when executed after: [], Test: randoop.jodatime.RandoopTest0.test360, Intended behavior: FAILURE, when executed after: [randoop.jodatime.RandoopTest0.test338], The revealed different behavior: PASS, when executed after: [], Test: randoop.jodatime.RandoopTest0.test338, Intended behavior: FAILURE, when executed after: [randoop.jodatime.RandoopTest0.test325], The revealed different behavior: PASS, when executed after: [], Test: randoop.jodatime.RandoopTest0.test325, Intended behavior: FAILURE, when executed after: [randoop.jodatime.RandoopTest0.test196], The revealed different behavior: PASS, when executed after: [], Test: randoop.jodatime.RandoopTest1.test235, Intended behavior: FAILURE, when executed after: [randoop.jodatime.RandoopTest1.test181], The revealed different behavior: PASS, when executed after: [], Test: randoop.jodatime.RandoopTest1.test181, Intended behavior: FAILURE, when executed after: [randoop.jodatime.RandoopTest0.test498], The revealed different behavior: PASS, when executed after: [], Test: randoop.jodatime.RandoopTest2.test36, Intended behavior: FAILURE, when executed after: [randoop.jodatime.RandoopTest2.test21], The revealed different behavior: PASS, when executed after: [], Test: randoop.jodatime.RandoopTest2.test77, Intended behavior: FAILURE, when executed after: [randoop.jodatime.RandoopTest1.test467], The revealed different behavior: PASS, when executed after: [], Test: randoop.jodatime.RandoopTest2.test21, Intended behavior: FAILURE, when executed after: [randoop.jodatime.RandoopTest1.test235], The revealed different behavior: PASS, when executed after: [], Test: randoop.jodatime.RandoopTest2.test254, Intended behavior: FAILURE, when executed after: [randoop.jodatime.RandoopTest2.test77], The revealed different behavior: PASS, when executed after: [], Test: randoop.jodatime.RandoopTest2.test243, Intended behavior: FAILURE, when executed after: [randoop.jodatime.RandoopTest2.test36], The revealed different behavior: PASS, when executed after: [], Test: randoop.jodatime.RandoopTest2.test490, Intended behavior: FAILURE, when executed after: [randoop.jodatime.RandoopTest2.test487], The revealed different behavior: PASS, when executed after: [], Test: randoop.jodatime.RandoopTest2.test487, Intended behavior: FAILURE, when executed after: [randoop.jodatime.RandoopTest2.test356], The revealed different behavior: PASS, when executed after: [], Test: randoop.jodatime.RandoopTest2.test356, Intended behavior: FAILURE, when executed after: [randoop.jodatime.RandoopTest2.test243], The revealed different behavior: PASS, when executed after: [], Test: randoop.jodatime.RandoopTest2.test474, Intended behavior: FAILURE, when executed after: [randoop.jodatime.RandoopTest2.test254], The revealed different behavior: PASS, when executed after: [], Test: randoop.jodatime.RandoopTest2.test493, Intended behavior: FAILURE, when executed after: [randoop.jodatime.RandoopTest2.test490], The revealed different behavior: PASS, when executed after: [], Test: randoop.jodatime.RandoopTest3.test195, Intended behavior: FAILURE, when executed after: [randoop.jodatime.RandoopTest3.test193], The revealed different behavior: PASS, when executed after: [], Test: randoop.jodatime.RandoopTest3.test193, Intended behavior: FAILURE, when executed after: [randoop.jodatime.RandoopTest3.test189], The revealed different behavior: PASS, when executed after: [], Test: randoop.jodatime.RandoopTest3.test189, Intended behavior: FAILURE, when executed after: [randoop.jodatime.RandoopTest3.test185], The revealed different behavior: PASS, when executed after: [], Test: randoop.jodatime.RandoopTest3.test185, Intended behavior: FAILURE, when executed after: [randoop.jodatime.RandoopTest3.test161], The revealed different behavior: PASS, when executed after: [], Test: randoop.jodatime.RandoopTest3.test161, Intended behavior: FAILURE, when executed after: [randoop.jodatime.RandoopTest2.test493], The revealed different behavior: PASS, when executed after: [], Test: randoop.jodatime.RandoopTest3.test389, Intended behavior: FAILURE, when executed after: [randoop.jodatime.RandoopTest3.test383], The revealed different behavior: PASS, when executed after: [], Test: randoop.jodatime.RandoopTest3.test383, Intended behavior: FAILURE, when executed after: [randoop.jodatime.RandoopTest3.test347], The revealed different behavior: PASS, when executed after: [], Test: randoop.jodatime.RandoopTest3.test347, Intended behavior: FAILURE, when executed after: [randoop.jodatime.RandoopTest3.test345], The revealed different behavior: PASS, when executed after: [], Test: randoop.jodatime.RandoopTest3.test345, Intended behavior: FAILURE, when executed after: [randoop.jodatime.RandoopTest3.test316], The revealed different behavior: PASS, when executed after: [], Test: randoop.jodatime.RandoopTest3.test316, Intended behavior: FAILURE, when executed after: [randoop.jodatime.RandoopTest3.test315], The revealed different behavior: PASS, when executed after: [], Test: randoop.jodatime.RandoopTest3.test315, Intended behavior: FAILURE, when executed after: [randoop.jodatime.RandoopTest3.test195], The revealed different behavior: PASS, when executed after: []]
--------------------------
Execution time of TLG and its time to find/nullify any DTs for 1 machine (does not include the time to run the tests in the new order): 94.003
Number of tests selected out of total in original order: 159 / 2211
Number of DTs not fixed: 0
Number of DTs fixed: 2
Execution time for executing the following testing order: 0.964

Test order list:
[randoop.jodatime.RandoopTest0.test498, randoop.jodatime.RandoopTest1.test181, randoop.jodatime.RandoopTest1.test235, randoop.jodatime.RandoopTest2.test21, randoop.jodatime.RandoopTest2.test36, randoop.jodatime.RandoopTest2.test243, randoop.jodatime.RandoopTest2.test356, randoop.jodatime.RandoopTest2.test487, randoop.jodatime.RandoopTest2.test490, randoop.jodatime.RandoopTest2.test493, randoop.jodatime.RandoopTest3.test161, randoop.jodatime.RandoopTest3.test185, randoop.jodatime.RandoopTest3.test189, randoop.jodatime.RandoopTest3.test193, randoop.jodatime.RandoopTest3.test195, randoop.jodatime.RandoopTest3.test315, randoop.jodatime.RandoopTest3.test316, randoop.jodatime.RandoopTest3.test345, randoop.jodatime.RandoopTest3.test347, randoop.jodatime.RandoopTest3.test383, randoop.jodatime.RandoopTest3.test389, randoop.jodatime.RandoopTest3.test467, randoop.jodatime.RandoopTest3.test468, randoop.jodatime.RandoopTest3.test470, randoop.jodatime.RandoopTest3.test471, randoop.jodatime.RandoopTest3.test473, randoop.jodatime.RandoopTest3.test474, randoop.jodatime.RandoopTest3.test476, randoop.jodatime.RandoopTest3.test477, randoop.jodatime.RandoopTest3.test478, randoop.jodatime.RandoopTest3.test479, randoop.jodatime.RandoopTest3.test480, randoop.jodatime.RandoopTest3.test481, randoop.jodatime.RandoopTest3.test483, randoop.jodatime.RandoopTest3.test484, randoop.jodatime.RandoopTest3.test486, randoop.jodatime.RandoopTest3.test487, randoop.jodatime.RandoopTest3.test488, randoop.jodatime.RandoopTest3.test489, randoop.jodatime.RandoopTest3.test490, randoop.jodatime.RandoopTest3.test491, randoop.jodatime.RandoopTest3.test492, randoop.jodatime.RandoopTest3.test493, randoop.jodatime.RandoopTest3.test494, randoop.jodatime.RandoopTest3.test495, randoop.jodatime.RandoopTest3.test496, randoop.jodatime.RandoopTest3.test497, randoop.jodatime.RandoopTest3.test498, randoop.jodatime.RandoopTest3.test499, randoop.jodatime.RandoopTest3.test500, randoop.jodatime.RandoopTest4.test1, randoop.jodatime.RandoopTest4.test2, randoop.jodatime.RandoopTest4.test3, randoop.jodatime.RandoopTest4.test4, randoop.jodatime.RandoopTest4.test5, randoop.jodatime.RandoopTest4.test6, randoop.jodatime.RandoopTest4.test7, randoop.jodatime.RandoopTest4.test8, randoop.jodatime.RandoopTest4.test9, randoop.jodatime.RandoopTest4.test10, randoop.jodatime.RandoopTest4.test11, randoop.jodatime.RandoopTest4.test12, randoop.jodatime.RandoopTest4.test13, randoop.jodatime.RandoopTest4.test14, randoop.jodatime.RandoopTest4.test17, randoop.jodatime.RandoopTest4.test18, randoop.jodatime.RandoopTest4.test19, randoop.jodatime.RandoopTest4.test20, randoop.jodatime.RandoopTest4.test21, randoop.jodatime.RandoopTest4.test22, randoop.jodatime.RandoopTest4.test24, randoop.jodatime.RandoopTest4.test25, randoop.jodatime.RandoopTest4.test26, randoop.jodatime.RandoopTest4.test30, randoop.jodatime.RandoopTest4.test31, randoop.jodatime.RandoopTest4.test33, randoop.jodatime.RandoopTest4.test35, randoop.jodatime.RandoopTest4.test36, randoop.jodatime.RandoopTest4.test38, randoop.jodatime.RandoopTest4.test39, randoop.jodatime.RandoopTest4.test40, randoop.jodatime.RandoopTest4.test41, randoop.jodatime.RandoopTest4.test42, randoop.jodatime.RandoopTest4.test43, randoop.jodatime.RandoopTest4.test44, randoop.jodatime.RandoopTest4.test45, randoop.jodatime.RandoopTest4.test46, randoop.jodatime.RandoopTest4.test47, randoop.jodatime.RandoopTest4.test48, randoop.jodatime.RandoopTest4.test50, randoop.jodatime.RandoopTest4.test52, randoop.jodatime.RandoopTest4.test53, randoop.jodatime.RandoopTest4.test54, randoop.jodatime.RandoopTest4.test56, randoop.jodatime.RandoopTest4.test57, randoop.jodatime.RandoopTest4.test58, randoop.jodatime.RandoopTest4.test59, randoop.jodatime.RandoopTest4.test60, randoop.jodatime.RandoopTest4.test61, randoop.jodatime.RandoopTest4.test62, randoop.jodatime.RandoopTest4.test63, randoop.jodatime.RandoopTest4.test64, randoop.jodatime.RandoopTest4.test65, randoop.jodatime.RandoopTest4.test66, randoop.jodatime.RandoopTest4.test67, randoop.jodatime.RandoopTest4.test68, randoop.jodatime.RandoopTest4.test69, randoop.jodatime.RandoopTest4.test70, randoop.jodatime.RandoopTest4.test71, randoop.jodatime.RandoopTest4.test72, randoop.jodatime.RandoopTest4.test73, randoop.jodatime.RandoopTest4.test74, randoop.jodatime.RandoopTest4.test75, randoop.jodatime.RandoopTest4.test76, randoop.jodatime.RandoopTest4.test77, randoop.jodatime.RandoopTest4.test78, randoop.jodatime.RandoopTest4.test79, randoop.jodatime.RandoopTest4.test80, randoop.jodatime.RandoopTest4.test81, randoop.jodatime.RandoopTest4.test82, randoop.jodatime.RandoopTest4.test84, randoop.jodatime.RandoopTest4.test85, randoop.jodatime.RandoopTest4.test86, randoop.jodatime.RandoopTest4.test87, randoop.jodatime.RandoopTest4.test88, randoop.jodatime.RandoopTest4.test89, randoop.jodatime.RandoopTest4.test90, randoop.jodatime.RandoopTest4.test91, randoop.jodatime.RandoopTest4.test92, randoop.jodatime.RandoopTest4.test94, randoop.jodatime.RandoopTest4.test95, randoop.jodatime.RandoopTest4.test96, randoop.jodatime.RandoopTest4.test97, randoop.jodatime.RandoopTest4.test98, randoop.jodatime.RandoopTest4.test99, randoop.jodatime.RandoopTest4.test100, randoop.jodatime.RandoopTest4.test101, randoop.jodatime.RandoopTest4.test102, randoop.jodatime.RandoopTest4.test103, randoop.jodatime.RandoopTest4.test104, randoop.jodatime.RandoopTest4.test105, randoop.jodatime.RandoopTest4.test106, randoop.jodatime.RandoopTest4.test107, randoop.jodatime.RandoopTest4.test110, randoop.jodatime.RandoopTest4.test111, randoop.jodatime.RandoopTest4.test112, randoop.jodatime.RandoopTest4.test114, randoop.jodatime.RandoopTest4.test115, randoop.jodatime.RandoopTest4.test116, randoop.jodatime.RandoopTest4.test117, randoop.jodatime.RandoopTest4.test119, randoop.jodatime.RandoopTest4.test120, randoop.jodatime.RandoopTest4.test121, randoop.jodatime.RandoopTest4.test122, randoop.jodatime.RandoopTest4.test123, randoop.jodatime.RandoopTest4.test124, randoop.jodatime.RandoopTest4.test125, randoop.jodatime.RandoopTest4.test126, randoop.jodatime.RandoopTest4.test127]

Time each test takes to run in the new order:
[123945883, 32528139, 23767096, 22870115, 19107956, 17925540, 11620319, 10761675, 13894147, 16013570, 11888497, 10828493, 7838553, 13051515, 7611311, 7846872, 7720063, 7295219, 8974043, 9004764, 7074399, 12861237, 8160657, 8608067, 6437650, 6820136, 7496917, 4862736, 6127875, 8831625, 7085268, 11051506, 7352786, 4913082, 11433114, 4971201, 5532541, 4848589, 5219657, 4943589, 4578084, 5034067, 6626005, 4528778, 3808695, 4029629, 3994573, 3885883, 4835791, 3609861, 16755874, 2948099, 2830550, 2649027, 3286246, 8067484, 3130206, 2734436, 3448304, 2712643, 2718558, 3791224, 2637182, 3135403, 2541303, 3317211, 2646599, 2576611, 2734804, 2777024, 2260247, 2316106, 2447132, 2423872, 2170544, 2171961, 7392366, 2534708, 2329018, 2851106, 2411084, 2257699, 2164039, 2511678, 2187664, 2119427, 2516088, 2127928, 2402188, 2276800, 2579108, 2206155, 2129836, 2144422, 2463920, 2131994, 2125008, 2151568, 2135061, 2801749, 2435075, 2687937, 3861819, 6499862, 7545089, 7672445, 7978696, 8089427, 8163270, 7950613, 8467447, 8429903, 8270286, 7915809, 8464690, 7538175, 4596737, 4034429, 4525421, 10438783, 3804317, 4206933, 4183588, 4034200, 3911638, 3735774, 3457674, 2764539, 2571652, 2448942, 2236134, 2219724, 2333957, 2261939, 3691124, 2218071, 2698934, 2120259, 2241108, 2075642, 2343043, 2238135, 2379375, 2270127, 2222033, 2337699, 2205679, 2077669, 2126749, 2354699, 2137719, 2327318, 2253704, 2292665, 2467498, 2308764, 2404176, 2093572, 2325675]

Dependent test list:
[Test: randoop.jodatime.RandoopTest0.test196, Intended behavior: FAILURE, when executed after: [randoop.jodatime.RandoopTest0.test192], The revealed different behavior: PASS, when executed after: [], Test: randoop.jodatime.RandoopTest0.test192, Intended behavior: FAILURE, when executed after: [randoop.jodatime.RandoopTest0.test165], The revealed different behavior: PASS, when executed after: [], Test: randoop.jodatime.RandoopTest0.test165, Intended behavior: FAILURE, when executed after: [randoop.jodatime.RandoopTest0.test135], The revealed different behavior: PASS, when executed after: [], Test: randoop.jodatime.RandoopTest0.test360, Intended behavior: FAILURE, when executed after: [randoop.jodatime.RandoopTest0.test338], The revealed different behavior: PASS, when executed after: [], Test: randoop.jodatime.RandoopTest0.test338, Intended behavior: FAILURE, when executed after: [randoop.jodatime.RandoopTest0.test325], The revealed different behavior: PASS, when executed after: [], Test: randoop.jodatime.RandoopTest0.test325, Intended behavior: FAILURE, when executed after: [randoop.jodatime.RandoopTest0.test196], The revealed different behavior: PASS, when executed after: [], Test: randoop.jodatime.RandoopTest1.test235, Intended behavior: FAILURE, when executed after: [randoop.jodatime.RandoopTest1.test181], The revealed different behavior: PASS, when executed after: [], Test: randoop.jodatime.RandoopTest1.test181, Intended behavior: FAILURE, when executed after: [randoop.jodatime.RandoopTest0.test498], The revealed different behavior: PASS, when executed after: [], Test: randoop.jodatime.RandoopTest2.test36, Intended behavior: FAILURE, when executed after: [randoop.jodatime.RandoopTest2.test21], The revealed different behavior: PASS, when executed after: [], Test: randoop.jodatime.RandoopTest2.test77, Intended behavior: FAILURE, when executed after: [randoop.jodatime.RandoopTest1.test467], The revealed different behavior: PASS, when executed after: [], Test: randoop.jodatime.RandoopTest2.test21, Intended behavior: FAILURE, when executed after: [randoop.jodatime.RandoopTest1.test235], The revealed different behavior: PASS, when executed after: [], Test: randoop.jodatime.RandoopTest2.test254, Intended behavior: FAILURE, when executed after: [randoop.jodatime.RandoopTest2.test77], The revealed different behavior: PASS, when executed after: [], Test: randoop.jodatime.RandoopTest2.test243, Intended behavior: FAILURE, when executed after: [randoop.jodatime.RandoopTest2.test36], The revealed different behavior: PASS, when executed after: [], Test: randoop.jodatime.RandoopTest2.test490, Intended behavior: FAILURE, when executed after: [randoop.jodatime.RandoopTest2.test487], The revealed different behavior: PASS, when executed after: [], Test: randoop.jodatime.RandoopTest2.test487, Intended behavior: FAILURE, when executed after: [randoop.jodatime.RandoopTest2.test356], The revealed different behavior: PASS, when executed after: [], Test: randoop.jodatime.RandoopTest2.test356, Intended behavior: FAILURE, when executed after: [randoop.jodatime.RandoopTest2.test243], The revealed different behavior: PASS, when executed after: [], Test: randoop.jodatime.RandoopTest2.test474, Intended behavior: FAILURE, when executed after: [randoop.jodatime.RandoopTest2.test254], The revealed different behavior: PASS, when executed after: [], Test: randoop.jodatime.RandoopTest2.test493, Intended behavior: FAILURE, when executed after: [randoop.jodatime.RandoopTest2.test490], The revealed different behavior: PASS, when executed after: [], Test: randoop.jodatime.RandoopTest3.test195, Intended behavior: FAILURE, when executed after: [randoop.jodatime.RandoopTest3.test193], The revealed different behavior: PASS, when executed after: [], Test: randoop.jodatime.RandoopTest3.test193, Intended behavior: FAILURE, when executed after: [randoop.jodatime.RandoopTest3.test189], The revealed different behavior: PASS, when executed after: [], Test: randoop.jodatime.RandoopTest3.test189, Intended behavior: FAILURE, when executed after: [randoop.jodatime.RandoopTest3.test185], The revealed different behavior: PASS, when executed after: [], Test: randoop.jodatime.RandoopTest3.test185, Intended behavior: FAILURE, when executed after: [randoop.jodatime.RandoopTest3.test161], The revealed different behavior: PASS, when executed after: [], Test: randoop.jodatime.RandoopTest3.test161, Intended behavior: FAILURE, when executed after: [randoop.jodatime.RandoopTest2.test493], The revealed different behavior: PASS, when executed after: [], Test: randoop.jodatime.RandoopTest3.test389, Intended behavior: FAILURE, when executed after: [randoop.jodatime.RandoopTest3.test383], The revealed different behavior: PASS, when executed after: [], Test: randoop.jodatime.RandoopTest3.test383, Intended behavior: FAILURE, when executed after: [randoop.jodatime.RandoopTest3.test347], The revealed different behavior: PASS, when executed after: [], Test: randoop.jodatime.RandoopTest3.test347, Intended behavior: FAILURE, when executed after: [randoop.jodatime.RandoopTest3.test345], The revealed different behavior: PASS, when executed after: [], Test: randoop.jodatime.RandoopTest3.test345, Intended behavior: FAILURE, when executed after: [randoop.jodatime.RandoopTest3.test316], The revealed different behavior: PASS, when executed after: [], Test: randoop.jodatime.RandoopTest3.test316, Intended behavior: FAILURE, when executed after: [randoop.jodatime.RandoopTest3.test315], The revealed different behavior: PASS, when executed after: [], Test: randoop.jodatime.RandoopTest3.test315, Intended behavior: FAILURE, when executed after: [randoop.jodatime.RandoopTest3.test195], The revealed different behavior: PASS, when executed after: [], Test: randoop.jodatime.RandoopTest3.test496, Intended behavior: FAILURE, when executed after: [randoop.jodatime.RandoopTest3.test467], The revealed different behavior: PASS, when executed after: [], Test: randoop.jodatime.RandoopTest3.test467, Intended behavior: FAILURE, when executed after: [randoop.jodatime.RandoopTest3.test389], The revealed different behavior: PASS, when executed after: []]
--------------------------
Execution time of TLG and its time to find/nullify any DTs for 1 machine (does not include the time to run the tests in the new order): 37.673
Number of tests selected out of total in original order: 161 / 2211
Number of DTs not fixed: 0
Number of DTs fixed: 2
Execution time for executing the following testing order: 1.216

Test order list:
[randoop.jodatime.RandoopTest4.test128, randoop.jodatime.RandoopTest4.test129, randoop.jodatime.RandoopTest4.test130, randoop.jodatime.RandoopTest4.test131, randoop.jodatime.RandoopTest4.test132, randoop.jodatime.RandoopTest4.test134, randoop.jodatime.RandoopTest4.test135, randoop.jodatime.RandoopTest4.test136, randoop.jodatime.RandoopTest4.test137, randoop.jodatime.RandoopTest4.test138, randoop.jodatime.RandoopTest4.test139, randoop.jodatime.RandoopTest4.test140, randoop.jodatime.RandoopTest4.test141, randoop.jodatime.RandoopTest4.test142, randoop.jodatime.RandoopTest4.test143, randoop.jodatime.RandoopTest4.test145, randoop.jodatime.RandoopTest4.test147, randoop.jodatime.RandoopTest4.test149, randoop.jodatime.RandoopTest4.test150, randoop.jodatime.RandoopTest4.test153, randoop.jodatime.RandoopTest4.test154, randoop.jodatime.RandoopTest4.test158, randoop.jodatime.RandoopTest4.test159, randoop.jodatime.RandoopTest4.test160, randoop.jodatime.RandoopTest4.test161, randoop.jodatime.RandoopTest4.test162, randoop.jodatime.RandoopTest4.test163, randoop.jodatime.RandoopTest4.test164, randoop.jodatime.RandoopTest4.test165, randoop.jodatime.RandoopTest4.test166, randoop.jodatime.RandoopTest4.test167, randoop.jodatime.RandoopTest4.test168, randoop.jodatime.RandoopTest4.test169, randoop.jodatime.RandoopTest4.test170, randoop.jodatime.RandoopTest4.test171, randoop.jodatime.RandoopTest4.test172, randoop.jodatime.RandoopTest4.test173, randoop.jodatime.RandoopTest4.test174, randoop.jodatime.RandoopTest4.test176, randoop.jodatime.RandoopTest4.test179, randoop.jodatime.RandoopTest4.test180, randoop.jodatime.RandoopTest4.test181, randoop.jodatime.RandoopTest4.test182, randoop.jodatime.RandoopTest4.test183, randoop.jodatime.RandoopTest4.test184, randoop.jodatime.RandoopTest4.test185, randoop.jodatime.RandoopTest4.test186, randoop.jodatime.RandoopTest4.test188, randoop.jodatime.RandoopTest4.test189, randoop.jodatime.RandoopTest4.test190, randoop.jodatime.RandoopTest4.test191, randoop.jodatime.RandoopTest4.test192, randoop.jodatime.RandoopTest4.test193, randoop.jodatime.RandoopTest4.test197, randoop.jodatime.RandoopTest4.test198, randoop.jodatime.RandoopTest4.test199, randoop.jodatime.RandoopTest4.test200, randoop.jodatime.RandoopTest4.test201, randoop.jodatime.RandoopTest4.test203, randoop.jodatime.RandoopTest4.test205, randoop.jodatime.RandoopTest4.test206, randoop.jodatime.RandoopTest4.test209, randoop.jodatime.RandoopTest4.test210, randoop.jodatime.RandoopTest4.test211, randoop.jodatime.RandoopTest4.test212, randoop.jodatime.RandoopTest4.test213, randoop.jodatime.RandoopTest4.test216, randoop.jodatime.RandoopTest4.test218, randoop.jodatime.RandoopTest4.test219, randoop.jodatime.RandoopTest4.test220, randoop.jodatime.RandoopTest0.test498, randoop.jodatime.RandoopTest1.test181, randoop.jodatime.RandoopTest1.test235, randoop.jodatime.RandoopTest2.test21, randoop.jodatime.RandoopTest2.test36, randoop.jodatime.RandoopTest2.test243, randoop.jodatime.RandoopTest2.test356, randoop.jodatime.RandoopTest2.test487, randoop.jodatime.RandoopTest2.test490, randoop.jodatime.RandoopTest2.test493, randoop.jodatime.RandoopTest3.test161, randoop.jodatime.RandoopTest3.test185, randoop.jodatime.RandoopTest3.test189, randoop.jodatime.RandoopTest3.test193, randoop.jodatime.RandoopTest3.test195, randoop.jodatime.RandoopTest3.test315, randoop.jodatime.RandoopTest3.test316, randoop.jodatime.RandoopTest3.test345, randoop.jodatime.RandoopTest3.test347, randoop.jodatime.RandoopTest3.test383, randoop.jodatime.RandoopTest3.test389, randoop.jodatime.RandoopTest3.test467, randoop.jodatime.RandoopTest3.test496, randoop.jodatime.RandoopTest4.test221, randoop.jodatime.RandoopTest4.test222, randoop.jodatime.RandoopTest4.test223, randoop.jodatime.RandoopTest4.test226, randoop.jodatime.RandoopTest4.test227, randoop.jodatime.RandoopTest4.test229, randoop.jodatime.RandoopTest4.test230, randoop.jodatime.RandoopTest4.test233, randoop.jodatime.RandoopTest4.test234, randoop.jodatime.RandoopTest4.test235, randoop.jodatime.RandoopTest4.test236, randoop.jodatime.RandoopTest4.test237, randoop.jodatime.RandoopTest4.test238, randoop.jodatime.RandoopTest4.test239, randoop.jodatime.RandoopTest4.test240, randoop.jodatime.RandoopTest4.test241, randoop.jodatime.RandoopTest4.test242, randoop.jodatime.RandoopTest4.test243, randoop.jodatime.RandoopTest4.test244, randoop.jodatime.RandoopTest4.test245, randoop.jodatime.RandoopTest4.test247, randoop.jodatime.RandoopTest4.test248, randoop.jodatime.RandoopTest4.test249, randoop.jodatime.RandoopTest4.test250, randoop.jodatime.RandoopTest4.test251, randoop.jodatime.RandoopTest4.test252, randoop.jodatime.RandoopTest4.test253, randoop.jodatime.RandoopTest4.test254, randoop.jodatime.RandoopTest4.test255, randoop.jodatime.RandoopTest4.test256, randoop.jodatime.RandoopTest4.test257, randoop.jodatime.RandoopTest4.test258, randoop.jodatime.RandoopTest4.test259, randoop.jodatime.RandoopTest4.test261, randoop.jodatime.RandoopTest4.test262, randoop.jodatime.RandoopTest4.test263, randoop.jodatime.RandoopTest4.test266, randoop.jodatime.RandoopTest4.test268, randoop.jodatime.RandoopTest4.test269, randoop.jodatime.RandoopTest4.test271, randoop.jodatime.RandoopTest4.test272, randoop.jodatime.RandoopTest4.test273, randoop.jodatime.RandoopTest4.test274, randoop.jodatime.RandoopTest4.test277, randoop.jodatime.RandoopTest4.test278, randoop.jodatime.RandoopTest4.test279, randoop.jodatime.RandoopTest4.test280, randoop.jodatime.RandoopTest4.test281, randoop.jodatime.RandoopTest4.test284, randoop.jodatime.RandoopTest4.test285, randoop.jodatime.RandoopTest4.test286, randoop.jodatime.RandoopTest4.test287, randoop.jodatime.RandoopTest4.test288, randoop.jodatime.RandoopTest4.test289, randoop.jodatime.RandoopTest4.test291, randoop.jodatime.RandoopTest4.test292, randoop.jodatime.RandoopTest4.test294, randoop.jodatime.RandoopTest4.test295, randoop.jodatime.RandoopTest4.test296, randoop.jodatime.RandoopTest4.test299, randoop.jodatime.RandoopTest4.test301, randoop.jodatime.RandoopTest4.test302, randoop.jodatime.RandoopTest4.test303, randoop.jodatime.RandoopTest4.test304, randoop.jodatime.RandoopTest4.test305, randoop.jodatime.RandoopTest4.test306, randoop.jodatime.RandoopTest4.test307, randoop.jodatime.RandoopTest4.test309]

Time each test takes to run in the new order:
[124723159, 31586101, 22511796, 23912525, 19014964, 18088290, 12223659, 10942490, 12958413, 11223271, 13952849, 7672862, 8400501, 6923092, 8052589, 9820925, 8326751, 8633431, 9482360, 8021426, 7696535, 6634643, 6649864, 8021108, 6544597, 209767648, 5425403, 9313581, 8686756, 7313187, 9193606, 7862488, 8766232, 7912007, 8076631, 7813715, 11963437, 8043405, 8374618, 7997493, 7854364, 10170008, 8255741, 7772487, 7749319, 8308432, 7964207, 7792817, 2929971, 2404177, 2663385, 2387083, 2641906, 2378330, 3027566, 2491695, 2392324, 4964977, 2681009, 3443559, 2436952, 2933954, 3377384, 2641810, 2601806, 2863577, 2903296, 2543439, 3257769, 2474652, 5792585, 5935109, 4963332, 5521445, 4198062, 5174810, 7114688, 10096446, 7378009, 6815834, 8047448, 6538316, 6356439, 6469876, 6393396, 6552909, 6461785, 6651013, 6726911, 6721068, 6563139, 6710103, 6602217, 6520521, 6737079, 3431969, 3080458, 9486286, 2653457, 2896303, 2575113, 2560895, 2877648, 2497549, 3369737, 2994469, 2810501, 2921497, 2566497, 2535380, 3184279, 2753781, 2950171, 3179847, 2795884, 3146444, 2899586, 3061190, 2696667, 6480527, 3042963, 3156007, 2760392, 3102589, 2622752, 2604400, 2895093, 2572802, 2660081, 2579043, 2379173, 2401400, 2235656, 2588413, 2620521, 2778117, 2248189, 2233185, 2556029, 2662964, 3344439, 2255620, 2294555, 2152618, 2133079, 2173726, 2466748, 2367387, 2486600, 2550576, 2496500, 2410738, 2246778, 2544959, 2563246, 2378372, 2290995, 2563970, 2697263, 2242718, 2240005]

Dependent test list:
[Test: randoop.jodatime.RandoopTest0.test196, Intended behavior: FAILURE, when executed after: [randoop.jodatime.RandoopTest0.test192], The revealed different behavior: PASS, when executed after: [], Test: randoop.jodatime.RandoopTest0.test192, Intended behavior: FAILURE, when executed after: [randoop.jodatime.RandoopTest0.test165], The revealed different behavior: PASS, when executed after: [], Test: randoop.jodatime.RandoopTest0.test165, Intended behavior: FAILURE, when executed after: [randoop.jodatime.RandoopTest0.test135], The revealed different behavior: PASS, when executed after: [], Test: randoop.jodatime.RandoopTest0.test360, Intended behavior: FAILURE, when executed after: [randoop.jodatime.RandoopTest0.test338], The revealed different behavior: PASS, when executed after: [], Test: randoop.jodatime.RandoopTest0.test338, Intended behavior: FAILURE, when executed after: [randoop.jodatime.RandoopTest0.test325], The revealed different behavior: PASS, when executed after: [], Test: randoop.jodatime.RandoopTest0.test325, Intended behavior: FAILURE, when executed after: [randoop.jodatime.RandoopTest0.test196], The revealed different behavior: PASS, when executed after: [], Test: randoop.jodatime.RandoopTest1.test235, Intended behavior: FAILURE, when executed after: [randoop.jodatime.RandoopTest1.test181], The revealed different behavior: PASS, when executed after: [], Test: randoop.jodatime.RandoopTest1.test181, Intended behavior: FAILURE, when executed after: [randoop.jodatime.RandoopTest0.test498], The revealed different behavior: PASS, when executed after: [], Test: randoop.jodatime.RandoopTest2.test36, Intended behavior: FAILURE, when executed after: [randoop.jodatime.RandoopTest2.test21], The revealed different behavior: PASS, when executed after: [], Test: randoop.jodatime.RandoopTest2.test77, Intended behavior: FAILURE, when executed after: [randoop.jodatime.RandoopTest1.test467], The revealed different behavior: PASS, when executed after: [], Test: randoop.jodatime.RandoopTest2.test21, Intended behavior: FAILURE, when executed after: [randoop.jodatime.RandoopTest1.test235], The revealed different behavior: PASS, when executed after: [], Test: randoop.jodatime.RandoopTest2.test254, Intended behavior: FAILURE, when executed after: [randoop.jodatime.RandoopTest2.test77], The revealed different behavior: PASS, when executed after: [], Test: randoop.jodatime.RandoopTest2.test243, Intended behavior: FAILURE, when executed after: [randoop.jodatime.RandoopTest2.test36], The revealed different behavior: PASS, when executed after: [], Test: randoop.jodatime.RandoopTest2.test490, Intended behavior: FAILURE, when executed after: [randoop.jodatime.RandoopTest2.test487], The revealed different behavior: PASS, when executed after: [], Test: randoop.jodatime.RandoopTest2.test487, Intended behavior: FAILURE, when executed after: [randoop.jodatime.RandoopTest2.test356], The revealed different behavior: PASS, when executed after: [], Test: randoop.jodatime.RandoopTest2.test356, Intended behavior: FAILURE, when executed after: [randoop.jodatime.RandoopTest2.test243], The revealed different behavior: PASS, when executed after: [], Test: randoop.jodatime.RandoopTest2.test474, Intended behavior: FAILURE, when executed after: [randoop.jodatime.RandoopTest2.test254], The revealed different behavior: PASS, when executed after: [], Test: randoop.jodatime.RandoopTest2.test493, Intended behavior: FAILURE, when executed after: [randoop.jodatime.RandoopTest2.test490], The revealed different behavior: PASS, when executed after: [], Test: randoop.jodatime.RandoopTest3.test195, Intended behavior: FAILURE, when executed after: [randoop.jodatime.RandoopTest3.test193], The revealed different behavior: PASS, when executed after: [], Test: randoop.jodatime.RandoopTest3.test193, Intended behavior: FAILURE, when executed after: [randoop.jodatime.RandoopTest3.test189], The revealed different behavior: PASS, when executed after: [], Test: randoop.jodatime.RandoopTest3.test189, Intended behavior: FAILURE, when executed after: [randoop.jodatime.RandoopTest3.test185], The revealed different behavior: PASS, when executed after: [], Test: randoop.jodatime.RandoopTest3.test185, Intended behavior: FAILURE, when executed after: [randoop.jodatime.RandoopTest3.test161], The revealed different behavior: PASS, when executed after: [], Test: randoop.jodatime.RandoopTest3.test161, Intended behavior: FAILURE, when executed after: [randoop.jodatime.RandoopTest2.test493], The revealed different behavior: PASS, when executed after: [], Test: randoop.jodatime.RandoopTest3.test389, Intended behavior: FAILURE, when executed after: [randoop.jodatime.RandoopTest3.test383], The revealed different behavior: PASS, when executed after: [], Test: randoop.jodatime.RandoopTest3.test383, Intended behavior: FAILURE, when executed after: [randoop.jodatime.RandoopTest3.test347], The revealed different behavior: PASS, when executed after: [], Test: randoop.jodatime.RandoopTest3.test347, Intended behavior: FAILURE, when executed after: [randoop.jodatime.RandoopTest3.test345], The revealed different behavior: PASS, when executed after: [], Test: randoop.jodatime.RandoopTest3.test345, Intended behavior: FAILURE, when executed after: [randoop.jodatime.RandoopTest3.test316], The revealed different behavior: PASS, when executed after: [], Test: randoop.jodatime.RandoopTest3.test316, Intended behavior: FAILURE, when executed after: [randoop.jodatime.RandoopTest3.test315], The revealed different behavior: PASS, when executed after: [], Test: randoop.jodatime.RandoopTest3.test315, Intended behavior: FAILURE, when executed after: [randoop.jodatime.RandoopTest3.test195], The revealed different behavior: PASS, when executed after: [], Test: randoop.jodatime.RandoopTest3.test496, Intended behavior: FAILURE, when executed after: [randoop.jodatime.RandoopTest3.test467], The revealed different behavior: PASS, when executed after: [], Test: randoop.jodatime.RandoopTest3.test467, Intended behavior: FAILURE, when executed after: [randoop.jodatime.RandoopTest3.test389], The revealed different behavior: PASS, when executed after: [], Test: randoop.jodatime.RandoopTest4.test259, Intended behavior: FAILURE, when executed after: [randoop.jodatime.RandoopTest4.test221], The revealed different behavior: PASS, when executed after: [], Test: randoop.jodatime.RandoopTest4.test221, Intended behavior: FAILURE, when executed after: [randoop.jodatime.RandoopTest3.test496], The revealed different behavior: PASS, when executed after: []]
--------------------------
Execution time of TLG and its time to find/nullify any DTs for 1 machine (does not include the time to run the tests in the new order): 40.598
Number of tests selected out of total in original order: 164 / 2211
Number of DTs not fixed: 0
Number of DTs fixed: 2
Execution time for executing the following testing order: 1.888

Test order list:
[randoop.jodatime.RandoopTest4.test310, randoop.jodatime.RandoopTest4.test311, randoop.jodatime.RandoopTest4.test312, randoop.jodatime.RandoopTest4.test313, randoop.jodatime.RandoopTest4.test314, randoop.jodatime.RandoopTest4.test315, randoop.jodatime.RandoopTest4.test317, randoop.jodatime.RandoopTest4.test318, randoop.jodatime.RandoopTest4.test320, randoop.jodatime.RandoopTest4.test321, randoop.jodatime.RandoopTest4.test322, randoop.jodatime.RandoopTest4.test323, randoop.jodatime.RandoopTest4.test324, randoop.jodatime.RandoopTest4.test325, randoop.jodatime.RandoopTest4.test326, randoop.jodatime.RandoopTest4.test328, randoop.jodatime.RandoopTest4.test330, randoop.jodatime.RandoopTest4.test331, randoop.jodatime.RandoopTest4.test332, randoop.jodatime.RandoopTest4.test334, randoop.jodatime.RandoopTest4.test335, randoop.jodatime.RandoopTest4.test337, randoop.jodatime.RandoopTest4.test338, randoop.jodatime.RandoopTest4.test339, randoop.jodatime.RandoopTest4.test340, randoop.jodatime.RandoopTest4.test341, randoop.jodatime.RandoopTest4.test342, randoop.jodatime.RandoopTest4.test343, randoop.jodatime.RandoopTest4.test345, randoop.jodatime.RandoopTest4.test346, randoop.jodatime.RandoopTest4.test347, randoop.jodatime.RandoopTest4.test348, randoop.jodatime.RandoopTest4.test349, randoop.jodatime.RandoopTest4.test351, randoop.jodatime.RandoopTest4.test352, randoop.jodatime.RandoopTest4.test353, randoop.jodatime.RandoopTest4.test354, randoop.jodatime.RandoopTest4.test355, randoop.jodatime.RandoopTest4.test356, randoop.jodatime.RandoopTest4.test357, randoop.jodatime.RandoopTest4.test358, randoop.jodatime.RandoopTest4.test359, randoop.jodatime.RandoopTest4.test361, randoop.jodatime.RandoopTest4.test362, randoop.jodatime.RandoopTest4.test363, randoop.jodatime.RandoopTest4.test364, randoop.jodatime.RandoopTest4.test365, randoop.jodatime.RandoopTest4.test366, randoop.jodatime.RandoopTest4.test367, randoop.jodatime.RandoopTest4.test370, randoop.jodatime.RandoopTest4.test371, randoop.jodatime.RandoopTest4.test372, randoop.jodatime.RandoopTest4.test373, randoop.jodatime.RandoopTest4.test374, randoop.jodatime.RandoopTest4.test375, randoop.jodatime.RandoopTest4.test376, randoop.jodatime.RandoopTest4.test378, randoop.jodatime.RandoopTest4.test379, randoop.jodatime.RandoopTest4.test380, randoop.jodatime.RandoopTest4.test382, randoop.jodatime.RandoopTest4.test384, randoop.jodatime.RandoopTest4.test385, randoop.jodatime.RandoopTest4.test386, randoop.jodatime.RandoopTest4.test388, randoop.jodatime.RandoopTest4.test389, randoop.jodatime.RandoopTest4.test390, randoop.jodatime.RandoopTest4.test391, randoop.jodatime.RandoopTest4.test392, randoop.jodatime.RandoopTest4.test394, randoop.jodatime.RandoopTest4.test395, randoop.jodatime.RandoopTest4.test396, randoop.jodatime.RandoopTest4.test397, randoop.jodatime.RandoopTest4.test398, randoop.jodatime.RandoopTest4.test399, randoop.jodatime.RandoopTest0.test498, randoop.jodatime.RandoopTest1.test181, randoop.jodatime.RandoopTest1.test235, randoop.jodatime.RandoopTest2.test21, randoop.jodatime.RandoopTest2.test36, randoop.jodatime.RandoopTest2.test243, randoop.jodatime.RandoopTest2.test356, randoop.jodatime.RandoopTest2.test487, randoop.jodatime.RandoopTest2.test490, randoop.jodatime.RandoopTest2.test493, randoop.jodatime.RandoopTest3.test161, randoop.jodatime.RandoopTest3.test185, randoop.jodatime.RandoopTest3.test189, randoop.jodatime.RandoopTest3.test193, randoop.jodatime.RandoopTest3.test195, randoop.jodatime.RandoopTest3.test315, randoop.jodatime.RandoopTest3.test316, randoop.jodatime.RandoopTest3.test345, randoop.jodatime.RandoopTest3.test347, randoop.jodatime.RandoopTest3.test383, randoop.jodatime.RandoopTest3.test389, randoop.jodatime.RandoopTest3.test467, randoop.jodatime.RandoopTest3.test496, randoop.jodatime.RandoopTest4.test13, randoop.jodatime.RandoopTest4.test221, randoop.jodatime.RandoopTest4.test259, randoop.jodatime.RandoopTest4.test401, randoop.jodatime.RandoopTest4.test403, randoop.jodatime.RandoopTest4.test404, randoop.jodatime.RandoopTest4.test405, randoop.jodatime.RandoopTest4.test406, randoop.jodatime.RandoopTest4.test407, randoop.jodatime.RandoopTest4.test408, randoop.jodatime.RandoopTest4.test409, randoop.jodatime.RandoopTest4.test413, randoop.jodatime.RandoopTest4.test414, randoop.jodatime.RandoopTest4.test415, randoop.jodatime.RandoopTest4.test416, randoop.jodatime.RandoopTest4.test418, randoop.jodatime.RandoopTest4.test419, randoop.jodatime.RandoopTest4.test420, randoop.jodatime.RandoopTest4.test421, randoop.jodatime.RandoopTest4.test422, randoop.jodatime.RandoopTest4.test423, randoop.jodatime.RandoopTest4.test424, randoop.jodatime.RandoopTest4.test426, randoop.jodatime.RandoopTest4.test428, randoop.jodatime.RandoopTest4.test429, randoop.jodatime.RandoopTest4.test430, randoop.jodatime.RandoopTest4.test431, randoop.jodatime.RandoopTest4.test432, randoop.jodatime.RandoopTest4.test433, randoop.jodatime.RandoopTest4.test434, randoop.jodatime.RandoopTest4.test435, randoop.jodatime.RandoopTest4.test436, randoop.jodatime.RandoopTest4.test437, randoop.jodatime.RandoopTest4.test439, randoop.jodatime.RandoopTest4.test440, randoop.jodatime.RandoopTest4.test441, randoop.jodatime.RandoopTest4.test442, randoop.jodatime.RandoopTest4.test443, randoop.jodatime.RandoopTest4.test444, randoop.jodatime.RandoopTest4.test445, randoop.jodatime.RandoopTest4.test446, randoop.jodatime.RandoopTest4.test447, randoop.jodatime.RandoopTest4.test448, randoop.jodatime.RandoopTest4.test449, randoop.jodatime.RandoopTest4.test450, randoop.jodatime.RandoopTest4.test451, randoop.jodatime.RandoopTest4.test452, randoop.jodatime.RandoopTest4.test453, randoop.jodatime.RandoopTest4.test454, randoop.jodatime.RandoopTest4.test455, randoop.jodatime.RandoopTest4.test456, randoop.jodatime.RandoopTest4.test457, randoop.jodatime.RandoopTest4.test458, randoop.jodatime.RandoopTest4.test459, randoop.jodatime.RandoopTest4.test460, randoop.jodatime.RandoopTest4.test463, randoop.jodatime.RandoopTest4.test464, randoop.jodatime.RandoopTest4.test465, randoop.jodatime.RandoopTest4.test466, randoop.jodatime.RandoopTest4.test467, randoop.jodatime.RandoopTest4.test468, randoop.jodatime.RandoopTest4.test470, randoop.jodatime.RandoopTest4.test471, randoop.jodatime.RandoopTest4.test472, randoop.jodatime.RandoopTest4.test473, randoop.jodatime.RandoopTest4.test474, randoop.jodatime.RandoopTest4.test475]

Time each test takes to run in the new order:
[109767290, 30118764, 29318502, 28640046, 21770496, 23120466, 13752783, 11901307, 18215372, 9295061, 9659993, 7841710, 7650669, 8195371, 7008538, 11743065, 11172698, 9449211, 9379834, 8253195, 8705874, 7984461, 7511557, 8345954, 8076348, 22410791, 10608474, 10886811, 10574166, 11271934, 10849658, 11510153, 10854002, 10388734, 11251187, 14672740, 10968850, 10159960, 10137576, 10075370, 11514380, 10425088, 6363426, 4630339, 5614865, 4999006, 4722491, 4571374, 5433419, 4650966, 4980466, 5094373, 4569610, 5357148, 5387058, 5304234, 4766412, 7082571, 4911448, 5164721, 5086346, 4927499, 5200747, 4735263, 4601418, 5148220, 4812395, 5013769, 4990855, 5085430, 4659654, 4823300, 4614151, 4549522, 5666053, 5172224, 3558457, 7795674, 3294572, 3276879, 3322927, 3631012, 3405659, 3340938, 4782253, 3243658, 3088833, 3175864, 3117378, 3305311, 3209678, 3323639, 3424361, 3408111, 3270290, 3430987, 3448846, 6564813, 3151726, 3032408, 3146151, 2885222, 2686893, 2344647, 2393698, 2391244, 2718040, 3117908, 2767824, 2288374, 2571855, 3354696, 2654083, 2614168, 3684206, 2514348, 2306675, 67618924, 2519301, 783656175, 2021804, 1955955, 2278908, 2353913, 2327096, 2185883, 2319419, 1964505, 2199658, 2240011, 4335185, 1987548, 2013111, 2158209, 2164115, 1981647, 2219860, 1971648, 2179821, 2295932, 2067661, 1930332, 2657219, 2152062, 1893546, 1927536, 2739299, 2975062, 2084025, 2057264, 2277255, 2124040, 2059359, 2478633, 2323802, 2155428, 2235493, 2213686, 2426602, 2172426, 2060060, 4480336, 2523158, 1966883]

Dependent test list:
[Test: randoop.jodatime.RandoopTest0.test196, Intended behavior: FAILURE, when executed after: [randoop.jodatime.RandoopTest0.test192], The revealed different behavior: PASS, when executed after: [], Test: randoop.jodatime.RandoopTest0.test192, Intended behavior: FAILURE, when executed after: [randoop.jodatime.RandoopTest0.test165], The revealed different behavior: PASS, when executed after: [], Test: randoop.jodatime.RandoopTest0.test165, Intended behavior: FAILURE, when executed after: [randoop.jodatime.RandoopTest0.test135], The revealed different behavior: PASS, when executed after: [], Test: randoop.jodatime.RandoopTest0.test360, Intended behavior: FAILURE, when executed after: [randoop.jodatime.RandoopTest0.test338], The revealed different behavior: PASS, when executed after: [], Test: randoop.jodatime.RandoopTest0.test338, Intended behavior: FAILURE, when executed after: [randoop.jodatime.RandoopTest0.test325], The revealed different behavior: PASS, when executed after: [], Test: randoop.jodatime.RandoopTest0.test325, Intended behavior: FAILURE, when executed after: [randoop.jodatime.RandoopTest0.test196], The revealed different behavior: PASS, when executed after: [], Test: randoop.jodatime.RandoopTest1.test235, Intended behavior: FAILURE, when executed after: [randoop.jodatime.RandoopTest1.test181], The revealed different behavior: PASS, when executed after: [], Test: randoop.jodatime.RandoopTest1.test181, Intended behavior: FAILURE, when executed after: [randoop.jodatime.RandoopTest0.test498], The revealed different behavior: PASS, when executed after: [], Test: randoop.jodatime.RandoopTest2.test36, Intended behavior: FAILURE, when executed after: [randoop.jodatime.RandoopTest2.test21], The revealed different behavior: PASS, when executed after: [], Test: randoop.jodatime.RandoopTest2.test77, Intended behavior: FAILURE, when executed after: [randoop.jodatime.RandoopTest1.test467], The revealed different behavior: PASS, when executed after: [], Test: randoop.jodatime.RandoopTest2.test21, Intended behavior: FAILURE, when executed after: [randoop.jodatime.RandoopTest1.test235], The revealed different behavior: PASS, when executed after: [], Test: randoop.jodatime.RandoopTest2.test254, Intended behavior: FAILURE, when executed after: [randoop.jodatime.RandoopTest2.test77], The revealed different behavior: PASS, when executed after: [], Test: randoop.jodatime.RandoopTest2.test243, Intended behavior: FAILURE, when executed after: [randoop.jodatime.RandoopTest2.test36], The revealed different behavior: PASS, when executed after: [], Test: randoop.jodatime.RandoopTest2.test490, Intended behavior: FAILURE, when executed after: [randoop.jodatime.RandoopTest2.test487], The revealed different behavior: PASS, when executed after: [], Test: randoop.jodatime.RandoopTest2.test487, Intended behavior: FAILURE, when executed after: [randoop.jodatime.RandoopTest2.test356], The revealed different behavior: PASS, when executed after: [], Test: randoop.jodatime.RandoopTest2.test356, Intended behavior: FAILURE, when executed after: [randoop.jodatime.RandoopTest2.test243], The revealed different behavior: PASS, when executed after: [], Test: randoop.jodatime.RandoopTest2.test474, Intended behavior: FAILURE, when executed after: [randoop.jodatime.RandoopTest2.test254], The revealed different behavior: PASS, when executed after: [], Test: randoop.jodatime.RandoopTest2.test493, Intended behavior: FAILURE, when executed after: [randoop.jodatime.RandoopTest2.test490], The revealed different behavior: PASS, when executed after: [], Test: randoop.jodatime.RandoopTest3.test195, Intended behavior: FAILURE, when executed after: [randoop.jodatime.RandoopTest3.test193], The revealed different behavior: PASS, when executed after: [], Test: randoop.jodatime.RandoopTest3.test193, Intended behavior: FAILURE, when executed after: [randoop.jodatime.RandoopTest3.test189], The revealed different behavior: PASS, when executed after: [], Test: randoop.jodatime.RandoopTest3.test189, Intended behavior: FAILURE, when executed after: [randoop.jodatime.RandoopTest3.test185], The revealed different behavior: PASS, when executed after: [], Test: randoop.jodatime.RandoopTest3.test185, Intended behavior: FAILURE, when executed after: [randoop.jodatime.RandoopTest3.test161], The revealed different behavior: PASS, when executed after: [], Test: randoop.jodatime.RandoopTest3.test161, Intended behavior: FAILURE, when executed after: [randoop.jodatime.RandoopTest2.test493], The revealed different behavior: PASS, when executed after: [], Test: randoop.jodatime.RandoopTest3.test389, Intended behavior: FAILURE, when executed after: [randoop.jodatime.RandoopTest3.test383], The revealed different behavior: PASS, when executed after: [], Test: randoop.jodatime.RandoopTest3.test383, Intended behavior: FAILURE, when executed after: [randoop.jodatime.RandoopTest3.test347], The revealed different behavior: PASS, when executed after: [], Test: randoop.jodatime.RandoopTest3.test347, Intended behavior: FAILURE, when executed after: [randoop.jodatime.RandoopTest3.test345], The revealed different behavior: PASS, when executed after: [], Test: randoop.jodatime.RandoopTest3.test345, Intended behavior: FAILURE, when executed after: [randoop.jodatime.RandoopTest3.test316], The revealed different behavior: PASS, when executed after: [], Test: randoop.jodatime.RandoopTest3.test316, Intended behavior: FAILURE, when executed after: [randoop.jodatime.RandoopTest3.test315], The revealed different behavior: PASS, when executed after: [], Test: randoop.jodatime.RandoopTest3.test315, Intended behavior: FAILURE, when executed after: [randoop.jodatime.RandoopTest3.test195], The revealed different behavior: PASS, when executed after: [], Test: randoop.jodatime.RandoopTest3.test496, Intended behavior: FAILURE, when executed after: [randoop.jodatime.RandoopTest3.test467], The revealed different behavior: PASS, when executed after: [], Test: randoop.jodatime.RandoopTest3.test467, Intended behavior: FAILURE, when executed after: [randoop.jodatime.RandoopTest3.test389], The revealed different behavior: PASS, when executed after: [], Test: randoop.jodatime.RandoopTest4.test259, Intended behavior: FAILURE, when executed after: [randoop.jodatime.RandoopTest4.test221], The revealed different behavior: PASS, when executed after: [], Test: randoop.jodatime.RandoopTest4.test221, Intended behavior: FAILURE, when executed after: [randoop.jodatime.RandoopTest4.test13], The revealed different behavior: PASS, when executed after: [], Test: randoop.jodatime.RandoopTest4.test401, Intended behavior: FAILURE, when executed after: [randoop.jodatime.RandoopTest4.test259], The revealed different behavior: PASS, when executed after: [], Test: randoop.jodatime.RandoopTest4.test434, Intended behavior: FAILURE, when executed after: [randoop.jodatime.RandoopTest4.test401], The revealed different behavior: PASS, when executed after: [], Test: randoop.jodatime.RandoopTest4.test13, Intended behavior: FAILURE, when executed after: [randoop.jodatime.RandoopTest3.test496], The revealed different behavior: PASS, when executed after: []]
--------------------------
Execution time of TLG and its time to find/nullify any DTs for 1 machine (does not include the time to run the tests in the new order): 0.764
Number of tests selected out of total in original order: 138 / 2211
Number of DTs not fixed: 0
Number of DTs fixed: 0
Execution time for executing the following testing order: 0.592

Test order list:
[randoop.jodatime.RandoopTest4.test476, randoop.jodatime.RandoopTest4.test477, randoop.jodatime.RandoopTest4.test478, randoop.jodatime.RandoopTest4.test479, randoop.jodatime.RandoopTest4.test480, randoop.jodatime.RandoopTest4.test481, randoop.jodatime.RandoopTest4.test482, randoop.jodatime.RandoopTest4.test483, randoop.jodatime.RandoopTest4.test484, randoop.jodatime.RandoopTest4.test487, randoop.jodatime.RandoopTest4.test489, randoop.jodatime.RandoopTest4.test490, randoop.jodatime.RandoopTest4.test491, randoop.jodatime.RandoopTest4.test493, randoop.jodatime.RandoopTest4.test494, randoop.jodatime.RandoopTest4.test495, randoop.jodatime.RandoopTest4.test496, randoop.jodatime.RandoopTest4.test497, randoop.jodatime.RandoopTest4.test498, randoop.jodatime.RandoopTest4.test499, randoop.jodatime.RandoopTest4.test500, randoop.jodatime.RandoopTest5.test1, randoop.jodatime.RandoopTest5.test2, randoop.jodatime.RandoopTest5.test3, randoop.jodatime.RandoopTest5.test4, randoop.jodatime.RandoopTest5.test5, randoop.jodatime.RandoopTest5.test6, randoop.jodatime.RandoopTest5.test8, randoop.jodatime.RandoopTest5.test9, randoop.jodatime.RandoopTest5.test10, randoop.jodatime.RandoopTest5.test11, randoop.jodatime.RandoopTest5.test12, randoop.jodatime.RandoopTest5.test13, randoop.jodatime.RandoopTest5.test14, randoop.jodatime.RandoopTest5.test16, randoop.jodatime.RandoopTest5.test17, randoop.jodatime.RandoopTest5.test18, randoop.jodatime.RandoopTest5.test19, randoop.jodatime.RandoopTest5.test21, randoop.jodatime.RandoopTest5.test23, randoop.jodatime.RandoopTest5.test24, randoop.jodatime.RandoopTest5.test25, randoop.jodatime.RandoopTest5.test26, randoop.jodatime.RandoopTest5.test27, randoop.jodatime.RandoopTest5.test28, randoop.jodatime.RandoopTest5.test30, randoop.jodatime.RandoopTest5.test32, randoop.jodatime.RandoopTest5.test33, randoop.jodatime.RandoopTest5.test34, randoop.jodatime.RandoopTest5.test35, randoop.jodatime.RandoopTest5.test36, randoop.jodatime.RandoopTest5.test37, randoop.jodatime.RandoopTest5.test38, randoop.jodatime.RandoopTest5.test39, randoop.jodatime.RandoopTest5.test40, randoop.jodatime.RandoopTest5.test41, randoop.jodatime.RandoopTest5.test42, randoop.jodatime.RandoopTest5.test43, randoop.jodatime.RandoopTest5.test44, randoop.jodatime.RandoopTest5.test46, randoop.jodatime.RandoopTest5.test48, randoop.jodatime.RandoopTest5.test49, randoop.jodatime.RandoopTest5.test50, randoop.jodatime.RandoopTest5.test51, randoop.jodatime.RandoopTest5.test52, randoop.jodatime.RandoopTest5.test53, randoop.jodatime.RandoopTest5.test54, randoop.jodatime.RandoopTest5.test55, randoop.jodatime.RandoopTest5.test56, randoop.jodatime.RandoopTest5.test58, randoop.jodatime.RandoopTest5.test59, randoop.jodatime.RandoopTest5.test60, randoop.jodatime.RandoopTest5.test61, randoop.jodatime.RandoopTest5.test62, randoop.jodatime.RandoopTest5.test63, randoop.jodatime.RandoopTest5.test64, randoop.jodatime.RandoopTest5.test65, randoop.jodatime.RandoopTest5.test66, randoop.jodatime.RandoopTest5.test67, randoop.jodatime.RandoopTest5.test68, randoop.jodatime.RandoopTest5.test69, randoop.jodatime.RandoopTest5.test70, randoop.jodatime.RandoopTest5.test71, randoop.jodatime.RandoopTest5.test74, randoop.jodatime.RandoopTest5.test77, randoop.jodatime.RandoopTest5.test79, randoop.jodatime.RandoopTest5.test81, randoop.jodatime.RandoopTest5.test82, randoop.jodatime.RandoopTest5.test83, randoop.jodatime.RandoopTest5.test84, randoop.jodatime.RandoopTest5.test85, randoop.jodatime.RandoopTest5.test87, randoop.jodatime.RandoopTest5.test88, randoop.jodatime.RandoopTest5.test89, randoop.jodatime.RandoopTest5.test90, randoop.jodatime.RandoopTest5.test91, randoop.jodatime.RandoopTest5.test92, randoop.jodatime.RandoopTest5.test93, randoop.jodatime.RandoopTest5.test94, randoop.jodatime.RandoopTest5.test95, randoop.jodatime.RandoopTest5.test99, randoop.jodatime.RandoopTest5.test100, randoop.jodatime.RandoopTest5.test101, randoop.jodatime.RandoopTest5.test103, randoop.jodatime.RandoopTest5.test104, randoop.jodatime.RandoopTest5.test105, randoop.jodatime.RandoopTest5.test106, randoop.jodatime.RandoopTest5.test107, randoop.jodatime.RandoopTest5.test108, randoop.jodatime.RandoopTest5.test109, randoop.jodatime.RandoopTest5.test110, randoop.jodatime.RandoopTest5.test112, randoop.jodatime.RandoopTest5.test114, randoop.jodatime.RandoopTest5.test115, randoop.jodatime.RandoopTest5.test116, randoop.jodatime.RandoopTest5.test117, randoop.jodatime.RandoopTest5.test118, randoop.jodatime.RandoopTest5.test119, randoop.jodatime.RandoopTest5.test120, randoop.jodatime.RandoopTest5.test121, randoop.jodatime.RandoopTest5.test122, randoop.jodatime.RandoopTest5.test123, randoop.jodatime.RandoopTest5.test124, randoop.jodatime.RandoopTest5.test125, randoop.jodatime.RandoopTest5.test126, randoop.jodatime.RandoopTest5.test127, randoop.jodatime.RandoopTest5.test128, randoop.jodatime.RandoopTest5.test129, randoop.jodatime.RandoopTest5.test130, randoop.jodatime.RandoopTest5.test131, randoop.jodatime.RandoopTest5.test132, randoop.jodatime.RandoopTest5.test133, randoop.jodatime.RandoopTest5.test134, randoop.jodatime.RandoopTest5.test135, randoop.jodatime.RandoopTest5.test136, randoop.jodatime.RandoopTest5.test137, randoop.jodatime.RandoopTest5.test138, randoop.jodatime.RandoopTest5.test139]

Time each test takes to run in the new order:
[112579690, 42946654, 25589483, 22796051, 19624965, 16773525, 11621934, 10893038, 9317398, 16821616, 9281559, 8223569, 8839732, 8001675, 7398458, 10121851, 9783505, 8382343, 7502661, 7844225, 7273246, 3503380, 2284945, 2875674, 2945357, 2247406, 3498085, 3331646, 3193284, 3909923, 2216631, 2194607, 8416356, 2520680, 2451181, 2748694, 2665002, 2437676, 2778617, 4071900, 2536250, 2615880, 2586883, 2431640, 2533092, 2356696, 3034314, 2522423, 6233268, 2952961, 2400168, 3894593, 2673663, 2312981, 2291758, 2251918, 2174350, 3073160, 2251966, 2358519, 4932997, 1461652, 1219059, 1278254, 1098445, 1210518, 1231927, 1408332, 1125622, 1193502, 1141283, 1476859, 1389635, 1797839, 1423153, 1652524, 1408620, 2826809, 1157080, 1262647, 1605381, 1286400, 1571215, 2230212, 1010275, 1178286, 1195734, 782247, 778355, 820795, 800881, 1278370, 852637, 808185, 1185465, 804860, 1685028, 911867, 832650, 1416549, 866562, 1135608, 749970, 815569, 1371128, 1072889, 1108233, 1313656, 802366, 751696, 741551, 882840, 1099977, 1190314, 749219, 818446, 1166973, 3321722, 1168576, 886278, 1086604, 1009675, 1001037, 736979, 1047603, 845011, 1074372, 840497, 687969, 918761, 976276, 768225, 1386792, 780148, 1228668, 932392, 1427508, 1048281]

Dependent test list:
[Test: randoop.jodatime.RandoopTest0.test196, Intended behavior: FAILURE, when executed after: [randoop.jodatime.RandoopTest0.test192], The revealed different behavior: PASS, when executed after: [], Test: randoop.jodatime.RandoopTest0.test192, Intended behavior: FAILURE, when executed after: [randoop.jodatime.RandoopTest0.test165], The revealed different behavior: PASS, when executed after: [], Test: randoop.jodatime.RandoopTest0.test165, Intended behavior: FAILURE, when executed after: [randoop.jodatime.RandoopTest0.test135], The revealed different behavior: PASS, when executed after: [], Test: randoop.jodatime.RandoopTest0.test360, Intended behavior: FAILURE, when executed after: [randoop.jodatime.RandoopTest0.test338], The revealed different behavior: PASS, when executed after: [], Test: randoop.jodatime.RandoopTest0.test338, Intended behavior: FAILURE, when executed after: [randoop.jodatime.RandoopTest0.test325], The revealed different behavior: PASS, when executed after: [], Test: randoop.jodatime.RandoopTest0.test325, Intended behavior: FAILURE, when executed after: [randoop.jodatime.RandoopTest0.test196], The revealed different behavior: PASS, when executed after: [], Test: randoop.jodatime.RandoopTest1.test235, Intended behavior: FAILURE, when executed after: [randoop.jodatime.RandoopTest1.test181], The revealed different behavior: PASS, when executed after: [], Test: randoop.jodatime.RandoopTest1.test181, Intended behavior: FAILURE, when executed after: [randoop.jodatime.RandoopTest0.test498], The revealed different behavior: PASS, when executed after: [], Test: randoop.jodatime.RandoopTest2.test36, Intended behavior: FAILURE, when executed after: [randoop.jodatime.RandoopTest2.test21], The revealed different behavior: PASS, when executed after: [], Test: randoop.jodatime.RandoopTest2.test77, Intended behavior: FAILURE, when executed after: [randoop.jodatime.RandoopTest1.test467], The revealed different behavior: PASS, when executed after: [], Test: randoop.jodatime.RandoopTest2.test21, Intended behavior: FAILURE, when executed after: [randoop.jodatime.RandoopTest1.test235], The revealed different behavior: PASS, when executed after: [], Test: randoop.jodatime.RandoopTest2.test254, Intended behavior: FAILURE, when executed after: [randoop.jodatime.RandoopTest2.test77], The revealed different behavior: PASS, when executed after: [], Test: randoop.jodatime.RandoopTest2.test243, Intended behavior: FAILURE, when executed after: [randoop.jodatime.RandoopTest2.test36], The revealed different behavior: PASS, when executed after: [], Test: randoop.jodatime.RandoopTest2.test490, Intended behavior: FAILURE, when executed after: [randoop.jodatime.RandoopTest2.test487], The revealed different behavior: PASS, when executed after: [], Test: randoop.jodatime.RandoopTest2.test487, Intended behavior: FAILURE, when executed after: [randoop.jodatime.RandoopTest2.test356], The revealed different behavior: PASS, when executed after: [], Test: randoop.jodatime.RandoopTest2.test356, Intended behavior: FAILURE, when executed after: [randoop.jodatime.RandoopTest2.test243], The revealed different behavior: PASS, when executed after: [], Test: randoop.jodatime.RandoopTest2.test474, Intended behavior: FAILURE, when executed after: [randoop.jodatime.RandoopTest2.test254], The revealed different behavior: PASS, when executed after: [], Test: randoop.jodatime.RandoopTest2.test493, Intended behavior: FAILURE, when executed after: [randoop.jodatime.RandoopTest2.test490], The revealed different behavior: PASS, when executed after: [], Test: randoop.jodatime.RandoopTest3.test195, Intended behavior: FAILURE, when executed after: [randoop.jodatime.RandoopTest3.test193], The revealed different behavior: PASS, when executed after: [], Test: randoop.jodatime.RandoopTest3.test193, Intended behavior: FAILURE, when executed after: [randoop.jodatime.RandoopTest3.test189], The revealed different behavior: PASS, when executed after: [], Test: randoop.jodatime.RandoopTest3.test189, Intended behavior: FAILURE, when executed after: [randoop.jodatime.RandoopTest3.test185], The revealed different behavior: PASS, when executed after: [], Test: randoop.jodatime.RandoopTest3.test185, Intended behavior: FAILURE, when executed after: [randoop.jodatime.RandoopTest3.test161], The revealed different behavior: PASS, when executed after: [], Test: randoop.jodatime.RandoopTest3.test161, Intended behavior: FAILURE, when executed after: [randoop.jodatime.RandoopTest2.test493], The revealed different behavior: PASS, when executed after: [], Test: randoop.jodatime.RandoopTest3.test389, Intended behavior: FAILURE, when executed after: [randoop.jodatime.RandoopTest3.test383], The revealed different behavior: PASS, when executed after: [], Test: randoop.jodatime.RandoopTest3.test383, Intended behavior: FAILURE, when executed after: [randoop.jodatime.RandoopTest3.test347], The revealed different behavior: PASS, when executed after: [], Test: randoop.jodatime.RandoopTest3.test347, Intended behavior: FAILURE, when executed after: [randoop.jodatime.RandoopTest3.test345], The revealed different behavior: PASS, when executed after: [], Test: randoop.jodatime.RandoopTest3.test345, Intended behavior: FAILURE, when executed after: [randoop.jodatime.RandoopTest3.test316], The revealed different behavior: PASS, when executed after: [], Test: randoop.jodatime.RandoopTest3.test316, Intended behavior: FAILURE, when executed after: [randoop.jodatime.RandoopTest3.test315], The revealed different behavior: PASS, when executed after: [], Test: randoop.jodatime.RandoopTest3.test315, Intended behavior: FAILURE, when executed after: [randoop.jodatime.RandoopTest3.test195], The revealed different behavior: PASS, when executed after: [], Test: randoop.jodatime.RandoopTest3.test496, Intended behavior: FAILURE, when executed after: [randoop.jodatime.RandoopTest3.test467], The revealed different behavior: PASS, when executed after: [], Test: randoop.jodatime.RandoopTest3.test467, Intended behavior: FAILURE, when executed after: [randoop.jodatime.RandoopTest3.test389], The revealed different behavior: PASS, when executed after: [], Test: randoop.jodatime.RandoopTest4.test259, Intended behavior: FAILURE, when executed after: [randoop.jodatime.RandoopTest4.test221], The revealed different behavior: PASS, when executed after: [], Test: randoop.jodatime.RandoopTest4.test221, Intended behavior: FAILURE, when executed after: [randoop.jodatime.RandoopTest4.test13], The revealed different behavior: PASS, when executed after: [], Test: randoop.jodatime.RandoopTest4.test401, Intended behavior: FAILURE, when executed after: [randoop.jodatime.RandoopTest4.test259], The revealed different behavior: PASS, when executed after: [], Test: randoop.jodatime.RandoopTest4.test434, Intended behavior: FAILURE, when executed after: [randoop.jodatime.RandoopTest4.test401], The revealed different behavior: PASS, when executed after: [], Test: randoop.jodatime.RandoopTest4.test13, Intended behavior: FAILURE, when executed after: [randoop.jodatime.RandoopTest3.test496], The revealed different behavior: PASS, when executed after: []]
--------------------------
Total time (of all machines and iterations plus initial TestListGenerator): 15.894
New order time: 1.888
Total number of tests executed in all machines out of total in original order: 2341 / 2211