The following arguments were used to generate this output.
[-technique, selection, -coverage, statement, -order, absolute, -origOrder, jodatime-d6791cb5f9/jodatime-auto-order, -testInputDir, jodatime-b609d7d66d/sootTestOutput-auto-selection, -filesToDelete, jodatime-d6791cb5f9/jodatime-env-files, -project, Joda-Time, -testType, auto, -oldVersCFG, jodatime-b609d7d66d/selectionOutput, -newVersCFG, jodatime-d6791cb5f9/selectionOutput, -getCoverage, -outputDir, /home/user/dependent-tests-impact/experiments/selection-results, -timesToRun, 1, -dependentTestFile, /home/user/dependent-tests-impact/experiments/selection-dt-list/selection-Joda-Time-auto-statement-absolute.txt]

Execution time of TLG and its time to find/nullify any DTs for 1 machine (does not include the time to run the tests in the new order): 3.287
Number of tests selected out of total in original order: 464 / 2207
Number of DTs not fixed: 0
Number of DTs fixed: 0
APFD value: 0.42384421626221036
Execution time for executing the following testing order: 3.288

Test order list:
[randoop.jodatime.RandoopTest2.test406, randoop.jodatime.RandoopTest0.test115, randoop.jodatime.RandoopTest0.test135, randoop.jodatime.RandoopTest0.test141, randoop.jodatime.RandoopTest0.test144, randoop.jodatime.RandoopTest0.test146, randoop.jodatime.RandoopTest0.test152, randoop.jodatime.RandoopTest0.test159, randoop.jodatime.RandoopTest0.test165, randoop.jodatime.RandoopTest0.test172, randoop.jodatime.RandoopTest0.test181, randoop.jodatime.RandoopTest0.test182, randoop.jodatime.RandoopTest0.test188, randoop.jodatime.RandoopTest0.test192, randoop.jodatime.RandoopTest0.test196, randoop.jodatime.RandoopTest0.test208, randoop.jodatime.RandoopTest0.test226, randoop.jodatime.RandoopTest0.test229, randoop.jodatime.RandoopTest0.test235, randoop.jodatime.RandoopTest0.test246, randoop.jodatime.RandoopTest0.test247, randoop.jodatime.RandoopTest0.test251, randoop.jodatime.RandoopTest0.test252, randoop.jodatime.RandoopTest0.test258, randoop.jodatime.RandoopTest0.test260, randoop.jodatime.RandoopTest0.test267, randoop.jodatime.RandoopTest0.test282, randoop.jodatime.RandoopTest0.test283, randoop.jodatime.RandoopTest0.test293, randoop.jodatime.RandoopTest0.test297, randoop.jodatime.RandoopTest0.test304, randoop.jodatime.RandoopTest0.test306, randoop.jodatime.RandoopTest0.test314, randoop.jodatime.RandoopTest0.test320, randoop.jodatime.RandoopTest0.test325, randoop.jodatime.RandoopTest0.test338, randoop.jodatime.RandoopTest0.test346, randoop.jodatime.RandoopTest0.test347, randoop.jodatime.RandoopTest0.test360, randoop.jodatime.RandoopTest0.test361, randoop.jodatime.RandoopTest0.test369, randoop.jodatime.RandoopTest0.test370, randoop.jodatime.RandoopTest0.test376, randoop.jodatime.RandoopTest0.test378, randoop.jodatime.RandoopTest0.test386, randoop.jodatime.RandoopTest0.test387, randoop.jodatime.RandoopTest0.test389, randoop.jodatime.RandoopTest0.test390, randoop.jodatime.RandoopTest0.test395, randoop.jodatime.RandoopTest0.test406, randoop.jodatime.RandoopTest0.test450, randoop.jodatime.RandoopTest0.test498, randoop.jodatime.RandoopTest1.test168, randoop.jodatime.RandoopTest1.test354, randoop.jodatime.RandoopTest1.test467, randoop.jodatime.RandoopTest1.test475, randoop.jodatime.RandoopTest2.test58, randoop.jodatime.RandoopTest2.test85, randoop.jodatime.RandoopTest2.test212, randoop.jodatime.RandoopTest2.test216, randoop.jodatime.RandoopTest2.test269, randoop.jodatime.RandoopTest2.test289, randoop.jodatime.RandoopTest2.test310, randoop.jodatime.RandoopTest2.test376, randoop.jodatime.RandoopTest2.test487, randoop.jodatime.RandoopTest2.test490, randoop.jodatime.RandoopTest2.test493, randoop.jodatime.RandoopTest2.test495, randoop.jodatime.RandoopTest2.test500, randoop.jodatime.RandoopTest3.test1, randoop.jodatime.RandoopTest3.test7, randoop.jodatime.RandoopTest3.test8, randoop.jodatime.RandoopTest3.test9, randoop.jodatime.RandoopTest3.test12, randoop.jodatime.RandoopTest3.test14, randoop.jodatime.RandoopTest3.test16, randoop.jodatime.RandoopTest3.test22, randoop.jodatime.RandoopTest3.test28, randoop.jodatime.RandoopTest3.test29, randoop.jodatime.RandoopTest3.test32, randoop.jodatime.RandoopTest3.test34, randoop.jodatime.RandoopTest3.test36, randoop.jodatime.RandoopTest3.test40, randoop.jodatime.RandoopTest3.test46, randoop.jodatime.RandoopTest3.test52, randoop.jodatime.RandoopTest3.test54, randoop.jodatime.RandoopTest3.test56, randoop.jodatime.RandoopTest3.test57, randoop.jodatime.RandoopTest3.test58, randoop.jodatime.RandoopTest3.test65, randoop.jodatime.RandoopTest3.test81, randoop.jodatime.RandoopTest3.test84, randoop.jodatime.RandoopTest3.test87, randoop.jodatime.RandoopTest3.test92, randoop.jodatime.RandoopTest3.test95, randoop.jodatime.RandoopTest3.test96, randoop.jodatime.RandoopTest3.test98, randoop.jodatime.RandoopTest3.test99, randoop.jodatime.RandoopTest3.test102, randoop.jodatime.RandoopTest3.test105, randoop.jodatime.RandoopTest3.test106, randoop.jodatime.RandoopTest3.test107, randoop.jodatime.RandoopTest3.test108, randoop.jodatime.RandoopTest3.test113, randoop.jodatime.RandoopTest3.test115, randoop.jodatime.RandoopTest3.test116, randoop.jodatime.RandoopTest3.test118, randoop.jodatime.RandoopTest3.test121, randoop.jodatime.RandoopTest3.test124, randoop.jodatime.RandoopTest3.test125, randoop.jodatime.RandoopTest3.test128, randoop.jodatime.RandoopTest3.test129, randoop.jodatime.RandoopTest3.test130, randoop.jodatime.RandoopTest3.test132, randoop.jodatime.RandoopTest3.test138, randoop.jodatime.RandoopTest3.test142, randoop.jodatime.RandoopTest3.test144, randoop.jodatime.RandoopTest3.test148, randoop.jodatime.RandoopTest3.test150, randoop.jodatime.RandoopTest3.test151, randoop.jodatime.RandoopTest3.test152, randoop.jodatime.RandoopTest3.test159, randoop.jodatime.RandoopTest3.test161, randoop.jodatime.RandoopTest3.test163, randoop.jodatime.RandoopTest3.test166, randoop.jodatime.RandoopTest3.test170, randoop.jodatime.RandoopTest3.test173, randoop.jodatime.RandoopTest3.test176, randoop.jodatime.RandoopTest3.test182, randoop.jodatime.RandoopTest3.test184, randoop.jodatime.RandoopTest3.test185, randoop.jodatime.RandoopTest3.test189, randoop.jodatime.RandoopTest3.test193, randoop.jodatime.RandoopTest3.test195, randoop.jodatime.RandoopTest3.test196, randoop.jodatime.RandoopTest3.test199, randoop.jodatime.RandoopTest3.test201, randoop.jodatime.RandoopTest3.test205, randoop.jodatime.RandoopTest3.test208, randoop.jodatime.RandoopTest3.test210, randoop.jodatime.RandoopTest3.test219, randoop.jodatime.RandoopTest3.test220, randoop.jodatime.RandoopTest3.test223, randoop.jodatime.RandoopTest3.test226, randoop.jodatime.RandoopTest3.test232, randoop.jodatime.RandoopTest3.test233, randoop.jodatime.RandoopTest3.test239, randoop.jodatime.RandoopTest3.test241, randoop.jodatime.RandoopTest3.test242, randoop.jodatime.RandoopTest3.test246, randoop.jodatime.RandoopTest3.test247, randoop.jodatime.RandoopTest3.test249, randoop.jodatime.RandoopTest3.test252, randoop.jodatime.RandoopTest3.test257, randoop.jodatime.RandoopTest3.test258, randoop.jodatime.RandoopTest3.test259, randoop.jodatime.RandoopTest3.test262, randoop.jodatime.RandoopTest3.test263, randoop.jodatime.RandoopTest3.test266, randoop.jodatime.RandoopTest3.test269, randoop.jodatime.RandoopTest3.test270, randoop.jodatime.RandoopTest3.test272, randoop.jodatime.RandoopTest3.test274, randoop.jodatime.RandoopTest3.test275, randoop.jodatime.RandoopTest3.test277, randoop.jodatime.RandoopTest3.test280, randoop.jodatime.RandoopTest3.test288, randoop.jodatime.RandoopTest3.test292, randoop.jodatime.RandoopTest3.test294, randoop.jodatime.RandoopTest3.test297, randoop.jodatime.RandoopTest3.test299, randoop.jodatime.RandoopTest3.test300, randoop.jodatime.RandoopTest3.test301, randoop.jodatime.RandoopTest3.test304, randoop.jodatime.RandoopTest3.test308, randoop.jodatime.RandoopTest3.test309, randoop.jodatime.RandoopTest3.test312, randoop.jodatime.RandoopTest3.test313, randoop.jodatime.RandoopTest3.test316, randoop.jodatime.RandoopTest3.test320, randoop.jodatime.RandoopTest3.test324, randoop.jodatime.RandoopTest3.test326, randoop.jodatime.RandoopTest3.test327, randoop.jodatime.RandoopTest3.test330, randoop.jodatime.RandoopTest3.test332, randoop.jodatime.RandoopTest3.test333, randoop.jodatime.RandoopTest3.test336, randoop.jodatime.RandoopTest3.test338, randoop.jodatime.RandoopTest3.test345, randoop.jodatime.RandoopTest3.test346, randoop.jodatime.RandoopTest3.test347, randoop.jodatime.RandoopTest3.test352, randoop.jodatime.RandoopTest3.test356, randoop.jodatime.RandoopTest3.test365, randoop.jodatime.RandoopTest3.test375, randoop.jodatime.RandoopTest3.test376, randoop.jodatime.RandoopTest3.test380, randoop.jodatime.RandoopTest3.test381, randoop.jodatime.RandoopTest3.test382, randoop.jodatime.RandoopTest3.test383, randoop.jodatime.RandoopTest3.test389, randoop.jodatime.RandoopTest3.test398, randoop.jodatime.RandoopTest3.test403, randoop.jodatime.RandoopTest3.test407, randoop.jodatime.RandoopTest3.test409, randoop.jodatime.RandoopTest3.test411, randoop.jodatime.RandoopTest3.test413, randoop.jodatime.RandoopTest3.test417, randoop.jodatime.RandoopTest3.test418, randoop.jodatime.RandoopTest3.test419, randoop.jodatime.RandoopTest3.test420, randoop.jodatime.RandoopTest3.test424, randoop.jodatime.RandoopTest3.test426, randoop.jodatime.RandoopTest3.test432, randoop.jodatime.RandoopTest3.test434, randoop.jodatime.RandoopTest3.test435, randoop.jodatime.RandoopTest3.test441, randoop.jodatime.RandoopTest3.test442, randoop.jodatime.RandoopTest3.test445, randoop.jodatime.RandoopTest3.test446, randoop.jodatime.RandoopTest3.test447, randoop.jodatime.RandoopTest3.test451, randoop.jodatime.RandoopTest3.test452, randoop.jodatime.RandoopTest3.test454, randoop.jodatime.RandoopTest3.test455, randoop.jodatime.RandoopTest3.test457, randoop.jodatime.RandoopTest3.test462, randoop.jodatime.RandoopTest3.test467, randoop.jodatime.RandoopTest3.test470, randoop.jodatime.RandoopTest3.test471, randoop.jodatime.RandoopTest3.test481, randoop.jodatime.RandoopTest3.test487, randoop.jodatime.RandoopTest3.test492, randoop.jodatime.RandoopTest3.test496, randoop.jodatime.RandoopTest3.test497, randoop.jodatime.RandoopTest3.test498, randoop.jodatime.RandoopTest4.test4, randoop.jodatime.RandoopTest4.test5, randoop.jodatime.RandoopTest4.test13, randoop.jodatime.RandoopTest4.test138, randoop.jodatime.RandoopTest4.test315, randoop.jodatime.RandoopTest4.test434, randoop.jodatime.RandoopTest4.test464, randoop.jodatime.RandoopTest5.test35, randoop.jodatime.RandoopTest0.test1, randoop.jodatime.RandoopTest0.test109, randoop.jodatime.RandoopTest0.test118, randoop.jodatime.RandoopTest0.test12, randoop.jodatime.RandoopTest0.test120, randoop.jodatime.RandoopTest0.test122, randoop.jodatime.RandoopTest0.test134, randoop.jodatime.RandoopTest0.test16, randoop.jodatime.RandoopTest0.test170, randoop.jodatime.RandoopTest0.test175, randoop.jodatime.RandoopTest0.test183, randoop.jodatime.RandoopTest0.test2, randoop.jodatime.RandoopTest0.test21, randoop.jodatime.RandoopTest0.test24, randoop.jodatime.RandoopTest0.test254, randoop.jodatime.RandoopTest0.test261, randoop.jodatime.RandoopTest0.test319, randoop.jodatime.RandoopTest0.test32, randoop.jodatime.RandoopTest0.test34, randoop.jodatime.RandoopTest0.test343, randoop.jodatime.RandoopTest0.test356, randoop.jodatime.RandoopTest0.test368, randoop.jodatime.RandoopTest0.test388, randoop.jodatime.RandoopTest0.test391, randoop.jodatime.RandoopTest0.test404, randoop.jodatime.RandoopTest0.test424, randoop.jodatime.RandoopTest0.test437, randoop.jodatime.RandoopTest0.test454, randoop.jodatime.RandoopTest0.test499, randoop.jodatime.RandoopTest0.test55, randoop.jodatime.RandoopTest0.test71, randoop.jodatime.RandoopTest1.test104, randoop.jodatime.RandoopTest1.test154, randoop.jodatime.RandoopTest1.test157, randoop.jodatime.RandoopTest1.test162, randoop.jodatime.RandoopTest1.test175, randoop.jodatime.RandoopTest1.test211, randoop.jodatime.RandoopTest1.test214, randoop.jodatime.RandoopTest1.test216, randoop.jodatime.RandoopTest1.test228, randoop.jodatime.RandoopTest1.test24, randoop.jodatime.RandoopTest1.test250, randoop.jodatime.RandoopTest1.test262, randoop.jodatime.RandoopTest1.test267, randoop.jodatime.RandoopTest1.test280, randoop.jodatime.RandoopTest1.test298, randoop.jodatime.RandoopTest1.test312, randoop.jodatime.RandoopTest1.test337, randoop.jodatime.RandoopTest1.test349, randoop.jodatime.RandoopTest1.test357, randoop.jodatime.RandoopTest1.test378, randoop.jodatime.RandoopTest1.test385, randoop.jodatime.RandoopTest1.test416, randoop.jodatime.RandoopTest1.test420, randoop.jodatime.RandoopTest1.test43, randoop.jodatime.RandoopTest1.test444, randoop.jodatime.RandoopTest1.test455, randoop.jodatime.RandoopTest1.test46, randoop.jodatime.RandoopTest1.test470, randoop.jodatime.RandoopTest1.test481, randoop.jodatime.RandoopTest1.test490, randoop.jodatime.RandoopTest1.test492, randoop.jodatime.RandoopTest1.test56, randoop.jodatime.RandoopTest1.test57, randoop.jodatime.RandoopTest1.test73, randoop.jodatime.RandoopTest1.test74, randoop.jodatime.RandoopTest1.test77, randoop.jodatime.RandoopTest1.test82, randoop.jodatime.RandoopTest1.test91, randoop.jodatime.RandoopTest1.test96, randoop.jodatime.RandoopTest1.test98, randoop.jodatime.RandoopTest2.test103, randoop.jodatime.RandoopTest2.test111, randoop.jodatime.RandoopTest2.test115, randoop.jodatime.RandoopTest2.test118, randoop.jodatime.RandoopTest2.test120, randoop.jodatime.RandoopTest2.test133, randoop.jodatime.RandoopTest2.test161, randoop.jodatime.RandoopTest2.test174, randoop.jodatime.RandoopTest2.test18, randoop.jodatime.RandoopTest2.test183, randoop.jodatime.RandoopTest2.test200, randoop.jodatime.RandoopTest2.test203, randoop.jodatime.RandoopTest2.test206, randoop.jodatime.RandoopTest2.test215, randoop.jodatime.RandoopTest2.test23, randoop.jodatime.RandoopTest2.test268, randoop.jodatime.RandoopTest2.test277, randoop.jodatime.RandoopTest2.test291, randoop.jodatime.RandoopTest2.test312, randoop.jodatime.RandoopTest2.test321, randoop.jodatime.RandoopTest2.test323, randoop.jodatime.RandoopTest2.test332, randoop.jodatime.RandoopTest2.test340, randoop.jodatime.RandoopTest2.test355, randoop.jodatime.RandoopTest2.test386, randoop.jodatime.RandoopTest2.test39, randoop.jodatime.RandoopTest2.test394, randoop.jodatime.RandoopTest2.test405, randoop.jodatime.RandoopTest2.test43, randoop.jodatime.RandoopTest2.test433, randoop.jodatime.RandoopTest2.test443, randoop.jodatime.RandoopTest2.test454, randoop.jodatime.RandoopTest2.test471, randoop.jodatime.RandoopTest2.test473, randoop.jodatime.RandoopTest2.test475, randoop.jodatime.RandoopTest2.test478, randoop.jodatime.RandoopTest2.test489, randoop.jodatime.RandoopTest2.test59, randoop.jodatime.RandoopTest2.test61, randoop.jodatime.RandoopTest2.test67, randoop.jodatime.RandoopTest2.test75, randoop.jodatime.RandoopTest2.test80, randoop.jodatime.RandoopTest2.test95, randoop.jodatime.RandoopTest2.test98, randoop.jodatime.RandoopTest3.test217, randoop.jodatime.RandoopTest3.test221, randoop.jodatime.RandoopTest3.test228, randoop.jodatime.RandoopTest3.test244, randoop.jodatime.RandoopTest3.test261, randoop.jodatime.RandoopTest3.test353, randoop.jodatime.RandoopTest3.test37, randoop.jodatime.RandoopTest3.test370, randoop.jodatime.RandoopTest3.test393, randoop.jodatime.RandoopTest3.test416, randoop.jodatime.RandoopTest3.test422, randoop.jodatime.RandoopTest3.test453, randoop.jodatime.RandoopTest3.test473, randoop.jodatime.RandoopTest3.test478, randoop.jodatime.RandoopTest3.test480, randoop.jodatime.RandoopTest3.test91, randoop.jodatime.RandoopTest4.test1, randoop.jodatime.RandoopTest4.test107, randoop.jodatime.RandoopTest4.test117, randoop.jodatime.RandoopTest4.test12, randoop.jodatime.RandoopTest4.test122, randoop.jodatime.RandoopTest4.test125, randoop.jodatime.RandoopTest4.test127, randoop.jodatime.RandoopTest4.test129, randoop.jodatime.RandoopTest4.test135, randoop.jodatime.RandoopTest4.test141, randoop.jodatime.RandoopTest4.test143, randoop.jodatime.RandoopTest4.test147, randoop.jodatime.RandoopTest4.test15, randoop.jodatime.RandoopTest4.test162, randoop.jodatime.RandoopTest4.test170, randoop.jodatime.RandoopTest4.test18, randoop.jodatime.RandoopTest4.test198, randoop.jodatime.RandoopTest4.test2, randoop.jodatime.RandoopTest4.test20, randoop.jodatime.RandoopTest4.test203, randoop.jodatime.RandoopTest4.test216, randoop.jodatime.RandoopTest4.test218, randoop.jodatime.RandoopTest4.test230, randoop.jodatime.RandoopTest4.test237, randoop.jodatime.RandoopTest4.test238, randoop.jodatime.RandoopTest4.test240, randoop.jodatime.RandoopTest4.test250, randoop.jodatime.RandoopTest4.test254, randoop.jodatime.RandoopTest4.test257, randoop.jodatime.RandoopTest4.test26, randoop.jodatime.RandoopTest4.test261, randoop.jodatime.RandoopTest4.test269, randoop.jodatime.RandoopTest4.test272, randoop.jodatime.RandoopTest4.test273, randoop.jodatime.RandoopTest4.test274, randoop.jodatime.RandoopTest4.test289, randoop.jodatime.RandoopTest4.test291, randoop.jodatime.RandoopTest4.test320, randoop.jodatime.RandoopTest4.test33, randoop.jodatime.RandoopTest4.test341, randoop.jodatime.RandoopTest4.test353, randoop.jodatime.RandoopTest4.test363, randoop.jodatime.RandoopTest4.test364, randoop.jodatime.RandoopTest4.test376, randoop.jodatime.RandoopTest4.test379, randoop.jodatime.RandoopTest4.test386, randoop.jodatime.RandoopTest4.test390, randoop.jodatime.RandoopTest4.test391, randoop.jodatime.RandoopTest4.test394, randoop.jodatime.RandoopTest4.test403, randoop.jodatime.RandoopTest4.test41, randoop.jodatime.RandoopTest4.test413, randoop.jodatime.RandoopTest4.test419, randoop.jodatime.RandoopTest4.test430, randoop.jodatime.RandoopTest4.test431, randoop.jodatime.RandoopTest4.test439, randoop.jodatime.RandoopTest4.test443, randoop.jodatime.RandoopTest4.test448, randoop.jodatime.RandoopTest4.test451, randoop.jodatime.RandoopTest4.test455, randoop.jodatime.RandoopTest4.test46, randoop.jodatime.RandoopTest4.test467, randoop.jodatime.RandoopTest4.test470, randoop.jodatime.RandoopTest4.test476, randoop.jodatime.RandoopTest4.test48, randoop.jodatime.RandoopTest4.test488, randoop.jodatime.RandoopTest4.test54, randoop.jodatime.RandoopTest4.test68, randoop.jodatime.RandoopTest4.test69, randoop.jodatime.RandoopTest4.test74, randoop.jodatime.RandoopTest4.test81, randoop.jodatime.RandoopTest5.test10, randoop.jodatime.RandoopTest5.test100, randoop.jodatime.RandoopTest5.test118, randoop.jodatime.RandoopTest5.test120, randoop.jodatime.RandoopTest5.test126, randoop.jodatime.RandoopTest5.test134, randoop.jodatime.RandoopTest5.test136, randoop.jodatime.RandoopTest5.test138, randoop.jodatime.RandoopTest5.test21, randoop.jodatime.RandoopTest5.test53, randoop.jodatime.RandoopTest5.test60, randoop.jodatime.RandoopTest5.test64, randoop.jodatime.RandoopTest5.test65, randoop.jodatime.RandoopTest5.test66, randoop.jodatime.RandoopTest5.test69, randoop.jodatime.RandoopTest5.test71, randoop.jodatime.RandoopTest5.test77, randoop.jodatime.RandoopTest5.test95]

Time each test takes to run in the new order:
[208296639, 54228747, 23366196, 29272659, 57768468, 50162617, 44594338, 27543400, 12989441, 21111059, 24070373, 22388254, 7595402, 9963636, 7553582, 7996969, 8821837, 9321155, 22197300, 23381490, 33753604, 33908002, 22791336, 14033468, 22257343, 14210865, 21583775, 19543280, 33908957, 36619799, 37787641, 24169173, 27993704, 27787402, 35861649, 25426750, 25343247, 27612350, 37998796, 46433738, 29152492, 18659147, 57488099, 25656069, 30337639, 26201472, 31324985, 12989068, 17926246, 11771083, 19848580, 5342025, 35363260, 22531202, 31381033, 11401975, 16864642, 17071921, 12538545, 10619603, 16165744, 14822310, 17926282, 7914608, 11253987, 11282234, 3135254, 11282696, 16108443, 12227846, 10940358, 23254865, 10289885, 2673486, 10784679, 8990820, 11762137, 14744987, 11960475, 20251754, 15497893, 13059602, 13671815, 17411676, 11808808, 13704667, 11377429, 11083069, 15525182, 3428152, 10091757, 10739043, 2669243, 10555563, 12127851, 6557686, 16902420, 10576923, 2434439, 10520992, 2429745, 10389249, 10229223, 2436201, 10631202, 12472513, 10626981, 7898532, 2503953, 11290228, 10391328, 2371541, 10301692, 10293531, 2421047, 7448076, 10462848, 6039448, 10299205, 2348552, 6140369, 11262200, 2071006, 6125511, 2564729, 6119400, 2164352, 6871159, 7784027, 6770848, 2694284, 10486210, 2576691, 2381319, 6515884, 6495116, 2299722, 9929797, 2629313, 6358895, 8264130, 2380935, 2290296, 6366205, 2295321, 6687779, 6298273, 2498329, 6273303, 2079487, 3541367, 7125271, 4096657, 5755922, 2055018, 10163449, 2158337, 9498032, 2168898, 2068761, 6335521, 2198960, 2710798, 3439490, 2657408, 3430460, 3162057, 2680747, 1922421, 2417950, 2105950, 1984410, 2618848, 1869663, 2090770, 3137872, 1977296, 1926992, 1834192, 1889888, 1975896, 1961997, 2040889, 2025041, 1951650, 1956422, 3107786, 1932622, 1957853, 1957972, 2070845, 2061016, 1930564, 1965795, 1854278, 2229338, 2017130, 1981919, 3175429, 2003072, 1937611, 2079209, 1961377, 1909030, 1958620, 1855419, 1970499, 2152943, 2017564, 2907031, 2008788, 2105462, 1888874, 2007458, 1981553, 1905619, 1938460, 2060018, 1965517, 2026440, 1956907, 3438214, 1982773, 1903783, 1901271, 1887944, 1981654, 2041269, 1924069, 1873269, 1890082, 2283472, 2983720, 2100508, 2110466, 1917102, 3058361, 2513315, 1884394, 2316552, 2227633, 2061337, 2227126, 1533324, 1885405, 1956099, 1856235, 1821199, 2090604, 8753185, 1946615, 1747614, 1751777, 1841676, 2841142, 1772726, 4346238, 1799434, 2492033, 1816138, 1846541, 1740227, 1730730, 1906974, 1869514, 1939940, 3448470, 2254561, 2235360, 1844996, 1932296, 1967684, 2043492, 1820437, 1929970, 1898819, 2182848, 3176432, 2033026, 2077760, 1855274, 2151926, 2130378, 2153799, 2103366, 1957054, 2019609, 2035950, 2909049, 2035917, 2567219, 3111170, 1866280, 1792039, 1946509, 2100869, 1959734, 1969988, 1728658, 2939164, 1896300, 2055332, 1860610, 1998881, 2036596, 2023672, 1926711, 2126868, 2050947, 1938115, 2936297, 1951578, 2736906, 2024615, 1926562, 2217729, 2032071, 1943931, 1844475, 1980980, 2498407, 4090219, 2270878, 1909892, 1813220, 1964259, 2075469, 2112111, 1930421, 3853044, 2178746, 2065852, 3078568, 1958218, 2092352, 1797933, 1928259, 2141029, 2088304, 2210837, 1896200, 2159383, 2392082, 1920455, 3175462, 2149459, 1931220, 1834851, 1798569, 2050649, 1870914, 1806837, 2042187, 2090711, 2198082, 3132212, 5266863, 2330695, 2071278, 2117385, 1888938, 1947379, 2165780, 1982308, 1944140, 4390430, 2970150, 1920332, 1879236, 1820917, 2118700, 1947594, 1980203, 1823283, 2007360, 2047196, 6070502, 2163845, 4919180, 2144505, 2277915, 2217148, 5023927, 2643370, 3151076, 2990906, 2743963, 3929351, 88770101, 3580001, 2296802, 2172799, 1916682, 2153784, 1946103, 2148430, 2011648, 2152803, 2581714, 2303412, 3399634, 2183272, 2119937, 2134207, 1999556, 1927211, 1847649, 2034790, 1964563, 2001432, 1809669, 3174300, 2953692, 1957144, 2259762, 2111632, 2001546, 1978022, 2135495, 2144699, 1979977, 2087862, 3017343, 2286834, 2021242, 1749679, 2017238, 1912164, 1906946, 1893337, 5177653, 1930591, 2022020, 3197759, 2141619, 8370001, 6176011, 2622569, 6647481, 2913500, 2677763, 3676441, 2699100, 2543940, 3436591, 2562716, 1036293, 1637358, 897261, 829663, 839825, 1125935, 877142, 887977, 872841, 672408, 896729, 1078862, 800353, 782966, 836458, 840105, 683631, 928917]

Dependent test list:
[Test: randoop.jodatime.RandoopTest3.test195, Intended behavior: FAILURE, when executed after: [randoop.jodatime.RandoopTest3.test193], The revealed different behavior: PASS, when executed after: [], Test: randoop.jodatime.RandoopTest2.test487, Intended behavior: FAILURE, when executed after: [randoop.jodatime.RandoopTest2.test376], The revealed different behavior: PASS, when executed after: [], Test: randoop.jodatime.RandoopTest2.test490, Intended behavior: FAILURE, when executed after: [randoop.jodatime.RandoopTest2.test487], The revealed different behavior: PASS, when executed after: [], Test: randoop.jodatime.RandoopTest3.test389, Intended behavior: FAILURE, when executed after: [randoop.jodatime.RandoopTest3.test383], The revealed different behavior: PASS, when executed after: [], Test: randoop.jodatime.RandoopTest3.test383, Intended behavior: FAILURE, when executed after: [randoop.jodatime.RandoopTest3.test382], The revealed different behavior: PASS, when executed after: [], Test: randoop.jodatime.RandoopTest0.test152, Intended behavior: FAILURE, when executed after: [randoop.jodatime.RandoopTest0.test146], The revealed different behavior: PASS, when executed after: [], Test: randoop.jodatime.RandoopTest0.test450, Intended behavior: FAILURE, when executed after: [randoop.jodatime.RandoopTest0.test406], The revealed different behavior: PASS, when executed after: [], Test: randoop.jodatime.RandoopTest0.test395, Intended behavior: FAILURE, when executed after: [randoop.jodatime.RandoopTest0.test390], The revealed different behavior: PASS, when executed after: [], Test: randoop.jodatime.RandoopTest0.test144, Intended behavior: FAILURE, when executed after: [randoop.jodatime.RandoopTest0.test141], The revealed different behavior: PASS, when executed after: [], Test: randoop.jodatime.RandoopTest0.test146, Intended behavior: FAILURE, when executed after: [randoop.jodatime.RandoopTest0.test144], The revealed different behavior: PASS, when executed after: [], Test: randoop.jodatime.RandoopTest3.test398, Intended behavior: FAILURE, when executed after: [randoop.jodatime.RandoopTest3.test389], The revealed different behavior: PASS, when executed after: [], Test: randoop.jodatime.RandoopTest3.test193, Intended behavior: FAILURE, when executed after: [randoop.jodatime.RandoopTest3.test189], The revealed different behavior: PASS, when executed after: [], Test: randoop.jodatime.RandoopTest2.test493, Intended behavior: FAILURE, when executed after: [randoop.jodatime.RandoopTest2.test490], The revealed different behavior: PASS, when executed after: [], Test: randoop.jodatime.RandoopTest0.test498, Intended behavior: FAILURE, when executed after: [randoop.jodatime.RandoopTest0.test450], The revealed different behavior: PASS, when executed after: [], Test: randoop.jodatime.RandoopTest1.test168, Intended behavior: FAILURE, when executed after: [randoop.jodatime.RandoopTest0.test498], The revealed different behavior: PASS, when executed after: [], Test: randoop.jodatime.RandoopTest0.test165, Intended behavior: FAILURE, when executed after: [randoop.jodatime.RandoopTest0.test159], The revealed different behavior: PASS, when executed after: [], Test: randoop.jodatime.RandoopTest3.test98, Intended behavior: FAILURE, when executed after: [randoop.jodatime.RandoopTest3.test96], The revealed different behavior: PASS, when executed after: [], Test: randoop.jodatime.RandoopTest0.test159, Intended behavior: FAILURE, when executed after: [randoop.jodatime.RandoopTest0.test152], The revealed different behavior: PASS, when executed after: [], Test: randoop.jodatime.RandoopTest3.test199, Intended behavior: FAILURE, when executed after: [randoop.jodatime.RandoopTest3.test196], The revealed different behavior: PASS, when executed after: [], Test: randoop.jodatime.RandoopTest0.test172, Intended behavior: FAILURE, when executed after: [randoop.jodatime.RandoopTest0.test165], The revealed different behavior: PASS, when executed after: [], Test: randoop.jodatime.RandoopTest0.test182, Intended behavior: FAILURE, when executed after: [randoop.jodatime.RandoopTest0.test181], The revealed different behavior: PASS, when executed after: [], Test: randoop.jodatime.RandoopTest0.test181, Intended behavior: FAILURE, when executed after: [randoop.jodatime.RandoopTest0.test172], The revealed different behavior: PASS, when executed after: [], Test: randoop.jodatime.RandoopTest1.test475, Intended behavior: FAILURE, when executed after: [randoop.jodatime.RandoopTest1.test467], The revealed different behavior: PASS, when executed after: [], Test: randoop.jodatime.RandoopTest0.test196, Intended behavior: FAILURE, when executed after: [randoop.jodatime.RandoopTest0.test192], The revealed different behavior: PASS, when executed after: [], Test: randoop.jodatime.RandoopTest0.test386, Intended behavior: FAILURE, when executed after: [randoop.jodatime.RandoopTest0.test378], The revealed different behavior: PASS, when executed after: [], Test: randoop.jodatime.RandoopTest0.test387, Intended behavior: FAILURE, when executed after: [randoop.jodatime.RandoopTest0.test386], The revealed different behavior: PASS, when executed after: [], Test: randoop.jodatime.RandoopTest0.test192, Intended behavior: FAILURE, when executed after: [randoop.jodatime.RandoopTest0.test188], The revealed different behavior: PASS, when executed after: [], Test: randoop.jodatime.RandoopTest0.test389, Intended behavior: FAILURE, when executed after: [randoop.jodatime.RandoopTest0.test387], The revealed different behavior: PASS, when executed after: [], Test: randoop.jodatime.RandoopTest0.test293, Intended behavior: FAILURE, when executed after: [randoop.jodatime.RandoopTest0.test283], The revealed different behavior: PASS, when executed after: [], Test: randoop.jodatime.RandoopTest4.test315, Intended behavior: FAILURE, when executed after: [randoop.jodatime.RandoopTest4.test138], The revealed different behavior: PASS, when executed after: [], Test: randoop.jodatime.RandoopTest4.test13, Intended behavior: FAILURE, when executed after: [randoop.jodatime.RandoopTest4.test5], The revealed different behavior: PASS, when executed after: [], Test: randoop.jodatime.RandoopTest3.test189, Intended behavior: FAILURE, when executed after: [randoop.jodatime.RandoopTest3.test185], The revealed different behavior: PASS, when executed after: [], Test: randoop.jodatime.RandoopTest3.test95, Intended behavior: FAILURE, when executed after: [randoop.jodatime.RandoopTest3.test92], The revealed different behavior: PASS, when executed after: [], Test: randoop.jodatime.RandoopTest0.test297, Intended behavior: FAILURE, when executed after: [randoop.jodatime.RandoopTest0.test293], The revealed different behavior: PASS, when executed after: [], Test: randoop.jodatime.RandoopTest0.test390, Intended behavior: FAILURE, when executed after: [randoop.jodatime.RandoopTest0.test389], The revealed different behavior: PASS, when executed after: [], Test: randoop.jodatime.RandoopTest0.test188, Intended behavior: FAILURE, when executed after: [randoop.jodatime.RandoopTest0.test182], The revealed different behavior: PASS, when executed after: [], Test: randoop.jodatime.RandoopTest3.test288, Intended behavior: FAILURE, when executed after: [randoop.jodatime.RandoopTest3.test280], The revealed different behavior: PASS, when executed after: [], Test: randoop.jodatime.RandoopTest2.test58, Intended behavior: FAILURE, when executed after: [randoop.jodatime.RandoopTest1.test475], The revealed different behavior: PASS, when executed after: [], Test: randoop.jodatime.RandoopTest4.test138, Intended behavior: FAILURE, when executed after: [randoop.jodatime.RandoopTest4.test13], The revealed different behavior: PASS, when executed after: [], Test: randoop.jodatime.RandoopTest3.test411, Intended behavior: FAILURE, when executed after: [randoop.jodatime.RandoopTest3.test409], The revealed different behavior: PASS, when executed after: [], Test: randoop.jodatime.RandoopTest3.test419, Intended behavior: FAILURE, when executed after: [randoop.jodatime.RandoopTest3.test418], The revealed different behavior: PASS, when executed after: [], Test: randoop.jodatime.RandoopTest3.test407, Intended behavior: FAILURE, when executed after: [randoop.jodatime.RandoopTest3.test403], The revealed different behavior: PASS, when executed after: [], Test: randoop.jodatime.RandoopTest3.test299, Intended behavior: FAILURE, when executed after: [randoop.jodatime.RandoopTest3.test297], The revealed different behavior: PASS, when executed after: [], Test: randoop.jodatime.RandoopTest0.test267, Intended behavior: FAILURE, when executed after: [randoop.jodatime.RandoopTest0.test260], The revealed different behavior: PASS, when executed after: [], Test: randoop.jodatime.RandoopTest4.test434, Intended behavior: FAILURE, when executed after: [randoop.jodatime.RandoopTest4.test315], The revealed different behavior: PASS, when executed after: [], Test: randoop.jodatime.RandoopTest3.test185, Intended behavior: FAILURE, when executed after: [randoop.jodatime.RandoopTest3.test184], The revealed different behavior: PASS, when executed after: [], Test: randoop.jodatime.RandoopTest3.test99, Intended behavior: FAILURE, when executed after: [randoop.jodatime.RandoopTest3.test98], The revealed different behavior: PASS, when executed after: [], Test: randoop.jodatime.RandoopTest3.test84, Intended behavior: FAILURE, when executed after: [randoop.jodatime.RandoopTest3.test81], The revealed different behavior: PASS, when executed after: [], Test: randoop.jodatime.RandoopTest3.test294, Intended behavior: FAILURE, when executed after: [randoop.jodatime.RandoopTest3.test292], The revealed different behavior: PASS, when executed after: [], Test: randoop.jodatime.RandoopTest3.test292, Intended behavior: FAILURE, when executed after: [randoop.jodatime.RandoopTest3.test288], The revealed different behavior: PASS, when executed after: [], Test: randoop.jodatime.RandoopTest3.test144, Intended behavior: FAILURE, when executed after: [randoop.jodatime.RandoopTest3.test142], The revealed different behavior: PASS, when executed after: [], Test: randoop.jodatime.RandoopTest3.test409, Intended behavior: FAILURE, when executed after: [randoop.jodatime.RandoopTest3.test407], The revealed different behavior: PASS, when executed after: [], Test: randoop.jodatime.RandoopTest3.test161, Intended behavior: FAILURE, when executed after: [randoop.jodatime.RandoopTest3.test159], The revealed different behavior: PASS, when executed after: [], Test: randoop.jodatime.RandoopTest3.test159, Intended behavior: FAILURE, when executed after: [randoop.jodatime.RandoopTest3.test152], The revealed different behavior: PASS, when executed after: [], Test: randoop.jodatime.RandoopTest3.test170, Intended behavior: FAILURE, when executed after: [randoop.jodatime.RandoopTest3.test166], The revealed different behavior: PASS, when executed after: [], Test: randoop.jodatime.RandoopTest3.test163, Intended behavior: FAILURE, when executed after: [randoop.jodatime.RandoopTest3.test161], The revealed different behavior: PASS, when executed after: [], Test: randoop.jodatime.RandoopTest3.test269, Intended behavior: FAILURE, when executed after: [randoop.jodatime.RandoopTest3.test266], The revealed different behavior: PASS, when executed after: [], Test: randoop.jodatime.RandoopTest3.test266, Intended behavior: FAILURE, when executed after: [randoop.jodatime.RandoopTest3.test263], The revealed different behavior: PASS, when executed after: [], Test: randoop.jodatime.RandoopTest3.test263, Intended behavior: FAILURE, when executed after: [randoop.jodatime.RandoopTest3.test262], The revealed different behavior: PASS, when executed after: [], Test: randoop.jodatime.RandoopTest5.test35, Intended behavior: FAILURE, when executed after: [randoop.jodatime.RandoopTest4.test434], The revealed different behavior: PASS, when executed after: [], Test: randoop.jodatime.RandoopTest3.test196, Intended behavior: FAILURE, when executed after: [randoop.jodatime.RandoopTest3.test195], The revealed different behavior: PASS, when executed after: [], Test: randoop.jodatime.RandoopTest2.test495, Intended behavior: FAILURE, when executed after: [randoop.jodatime.RandoopTest2.test493], The revealed different behavior: PASS, when executed after: [], Test: randoop.jodatime.RandoopTest3.test87, Intended behavior: FAILURE, when executed after: [randoop.jodatime.RandoopTest3.test84], The revealed different behavior: PASS, when executed after: [], Test: randoop.jodatime.RandoopTest3.test150, Intended behavior: FAILURE, when executed after: [randoop.jodatime.RandoopTest3.test148], The revealed different behavior: PASS, when executed after: [], Test: randoop.jodatime.RandoopTest3.test413, Intended behavior: FAILURE, when executed after: [randoop.jodatime.RandoopTest3.test411], The revealed different behavior: PASS, when executed after: [], Test: randoop.jodatime.RandoopTest3.test148, Intended behavior: FAILURE, when executed after: [randoop.jodatime.RandoopTest3.test144], The revealed different behavior: PASS, when executed after: [], Test: randoop.jodatime.RandoopTest3.test142, Intended behavior: FAILURE, when executed after: [randoop.jodatime.RandoopTest3.test138], The revealed different behavior: PASS, when executed after: [], Test: randoop.jodatime.RandoopTest3.test403, Intended behavior: FAILURE, when executed after: [randoop.jodatime.RandoopTest3.test398], The revealed different behavior: PASS, when executed after: [], Test: randoop.jodatime.RandoopTest2.test500, Intended behavior: FAILURE, when executed after: [randoop.jodatime.RandoopTest2.test495], The revealed different behavior: PASS, when executed after: [], Test: randoop.jodatime.RandoopTest3.test152, Intended behavior: FAILURE, when executed after: [randoop.jodatime.RandoopTest3.test151], The revealed different behavior: PASS, when executed after: [], Test: randoop.jodatime.RandoopTest3.test297, Intended behavior: FAILURE, when executed after: [randoop.jodatime.RandoopTest3.test294], The revealed different behavior: PASS, when executed after: [], Test: randoop.jodatime.RandoopTest3.test166, Intended behavior: FAILURE, when executed after: [randoop.jodatime.RandoopTest3.test163], The revealed different behavior: PASS, when executed after: [], Test: randoop.jodatime.RandoopTest3.test262, Intended behavior: FAILURE, when executed after: [randoop.jodatime.RandoopTest3.test259], The revealed different behavior: PASS, when executed after: [], Test: randoop.jodatime.RandoopTest3.test184, Intended behavior: FAILURE, when executed after: [randoop.jodatime.RandoopTest3.test182], The revealed different behavior: PASS, when executed after: [], Test: randoop.jodatime.RandoopTest3.test176, Intended behavior: FAILURE, when executed after: [randoop.jodatime.RandoopTest3.test173], The revealed different behavior: PASS, when executed after: [], Test: randoop.jodatime.RandoopTest0.test283, Intended behavior: FAILURE, when executed after: [randoop.jodatime.RandoopTest0.test282], The revealed different behavior: PASS, when executed after: [], Test: randoop.jodatime.RandoopTest0.test282, Intended behavior: FAILURE, when executed after: [randoop.jodatime.RandoopTest0.test267], The revealed different behavior: PASS, when executed after: [], Test: randoop.jodatime.RandoopTest3.test277, Intended behavior: FAILURE, when executed after: [randoop.jodatime.RandoopTest3.test275], The revealed different behavior: PASS, when executed after: [], Test: randoop.jodatime.RandoopTest3.test274, Intended behavior: FAILURE, when executed after: [randoop.jodatime.RandoopTest3.test272], The revealed different behavior: PASS, when executed after: [], Test: randoop.jodatime.RandoopTest3.test275, Intended behavior: FAILURE, when executed after: [randoop.jodatime.RandoopTest3.test274], The revealed different behavior: PASS, when executed after: [], Test: randoop.jodatime.RandoopTest3.test242, Intended behavior: FAILURE, when executed after: [randoop.jodatime.RandoopTest3.test241], The revealed different behavior: PASS, when executed after: [], Test: randoop.jodatime.RandoopTest3.test105, Intended behavior: FAILURE, when executed after: [randoop.jodatime.RandoopTest3.test102], The revealed different behavior: PASS, when executed after: [], Test: randoop.jodatime.RandoopTest0.test360, Intended behavior: FAILURE, when executed after: [randoop.jodatime.RandoopTest0.test347], The revealed different behavior: PASS, when executed after: [], Test: randoop.jodatime.RandoopTest0.test361, Intended behavior: FAILURE, when executed after: [randoop.jodatime.RandoopTest0.test360], The revealed different behavior: PASS, when executed after: [], Test: randoop.jodatime.RandoopTest3.test106, Intended behavior: FAILURE, when executed after: [randoop.jodatime.RandoopTest3.test105], The revealed different behavior: PASS, when executed after: [], Test: randoop.jodatime.RandoopTest3.test107, Intended behavior: FAILURE, when executed after: [randoop.jodatime.RandoopTest3.test106], The revealed different behavior: PASS, when executed after: [], Test: randoop.jodatime.RandoopTest3.test246, Intended behavior: FAILURE, when executed after: [randoop.jodatime.RandoopTest3.test242], The revealed different behavior: PASS, when executed after: [], Test: randoop.jodatime.RandoopTest3.test108, Intended behavior: FAILURE, when executed after: [randoop.jodatime.RandoopTest3.test107], The revealed different behavior: PASS, when executed after: [], Test: randoop.jodatime.RandoopTest3.test247, Intended behavior: FAILURE, when executed after: [randoop.jodatime.RandoopTest3.test246], The revealed different behavior: PASS, when executed after: [], Test: randoop.jodatime.RandoopTest3.test34, Intended behavior: FAILURE, when executed after: [randoop.jodatime.RandoopTest3.test32], The revealed different behavior: PASS, when executed after: [], Test: randoop.jodatime.RandoopTest3.test102, Intended behavior: FAILURE, when executed after: [randoop.jodatime.RandoopTest3.test99], The revealed different behavior: PASS, when executed after: [], Test: randoop.jodatime.RandoopTest0.test260, Intended behavior: FAILURE, when executed after: [randoop.jodatime.RandoopTest0.test258], The revealed different behavior: PASS, when executed after: [], Test: randoop.jodatime.RandoopTest3.test447, Intended behavior: FAILURE, when executed after: [randoop.jodatime.RandoopTest3.test446], The revealed different behavior: PASS, when executed after: [], Test: randoop.jodatime.RandoopTest0.test258, Intended behavior: FAILURE, when executed after: [randoop.jodatime.RandoopTest0.test252], The revealed different behavior: PASS, when executed after: [], Test: randoop.jodatime.RandoopTest3.test301, Intended behavior: FAILURE, when executed after: [randoop.jodatime.RandoopTest3.test300], The revealed different behavior: PASS, when executed after: [], Test: randoop.jodatime.RandoopTest3.test308, Intended behavior: FAILURE, when executed after: [randoop.jodatime.RandoopTest3.test304], The revealed different behavior: PASS, when executed after: [], Test: randoop.jodatime.RandoopTest3.test441, Intended behavior: FAILURE, when executed after: [randoop.jodatime.RandoopTest3.test435], The revealed different behavior: PASS, when executed after: [], Test: randoop.jodatime.RandoopTest3.test309, Intended behavior: FAILURE, when executed after: [randoop.jodatime.RandoopTest3.test308], The revealed different behavior: PASS, when executed after: [], Test: randoop.jodatime.RandoopTest3.test304, Intended behavior: FAILURE, when executed after: [randoop.jodatime.RandoopTest3.test301], The revealed different behavior: PASS, when executed after: [], Test: randoop.jodatime.RandoopTest3.test445, Intended behavior: FAILURE, when executed after: [randoop.jodatime.RandoopTest3.test442], The revealed different behavior: PASS, when executed after: [], Test: randoop.jodatime.RandoopTest3.test252, Intended behavior: FAILURE, when executed after: [randoop.jodatime.RandoopTest3.test249], The revealed different behavior: PASS, when executed after: [], Test: randoop.jodatime.RandoopTest3.test118, Intended behavior: FAILURE, when executed after: [randoop.jodatime.RandoopTest3.test116], The revealed different behavior: PASS, when executed after: [], Test: randoop.jodatime.RandoopTest3.test258, Intended behavior: FAILURE, when executed after: [randoop.jodatime.RandoopTest3.test257], The revealed different behavior: PASS, when executed after: [], Test: randoop.jodatime.RandoopTest0.test252, Intended behavior: FAILURE, when executed after: [randoop.jodatime.RandoopTest0.test251], The revealed different behavior: PASS, when executed after: [], Test: randoop.jodatime.RandoopTest3.test115, Intended behavior: FAILURE, when executed after: [randoop.jodatime.RandoopTest3.test113], The revealed different behavior: PASS, when executed after: [], Test: randoop.jodatime.RandoopTest0.test251, Intended behavior: FAILURE, when executed after: [randoop.jodatime.RandoopTest0.test247], The revealed different behavior: PASS, when executed after: [], Test: randoop.jodatime.RandoopTest3.test313, Intended behavior: FAILURE, when executed after: [randoop.jodatime.RandoopTest3.test312], The revealed different behavior: PASS, when executed after: [], Test: randoop.jodatime.RandoopTest3.test312, Intended behavior: FAILURE, when executed after: [randoop.jodatime.RandoopTest3.test309], The revealed different behavior: PASS, when executed after: [], Test: randoop.jodatime.RandoopTest0.test247, Intended behavior: FAILURE, when executed after: [randoop.jodatime.RandoopTest0.test246], The revealed different behavior: PASS, when executed after: [], Test: randoop.jodatime.RandoopTest0.test246, Intended behavior: FAILURE, when executed after: [randoop.jodatime.RandoopTest0.test235], The revealed different behavior: PASS, when executed after: [], Test: randoop.jodatime.RandoopTest3.test46, Intended behavior: FAILURE, when executed after: [randoop.jodatime.RandoopTest3.test40], The revealed different behavior: PASS, when executed after: [], Test: randoop.jodatime.RandoopTest3.test452, Intended behavior: FAILURE, when executed after: [randoop.jodatime.RandoopTest3.test451], The revealed different behavior: PASS, when executed after: [], Test: randoop.jodatime.RandoopTest3.test451, Intended behavior: FAILURE, when executed after: [randoop.jodatime.RandoopTest3.test447], The revealed different behavior: PASS, when executed after: [], Test: randoop.jodatime.RandoopTest3.test316, Intended behavior: FAILURE, when executed after: [randoop.jodatime.RandoopTest3.test313], The revealed different behavior: PASS, when executed after: [], Test: randoop.jodatime.RandoopTest3.test455, Intended behavior: FAILURE, when executed after: [randoop.jodatime.RandoopTest3.test454], The revealed different behavior: PASS, when executed after: [], Test: randoop.jodatime.RandoopTest0.test347, Intended behavior: FAILURE, when executed after: [randoop.jodatime.RandoopTest0.test346], The revealed different behavior: PASS, when executed after: [], Test: randoop.jodatime.RandoopTest3.test454, Intended behavior: FAILURE, when executed after: [randoop.jodatime.RandoopTest3.test452], The revealed different behavior: PASS, when executed after: [], Test: randoop.jodatime.RandoopTest0.test346, Intended behavior: FAILURE, when executed after: [randoop.jodatime.RandoopTest0.test338], The revealed different behavior: PASS, when executed after: [], Test: randoop.jodatime.RandoopTest3.test223, Intended behavior: FAILURE, when executed after: [randoop.jodatime.RandoopTest3.test220], The revealed different behavior: PASS, when executed after: [], Test: randoop.jodatime.RandoopTest3.test128, Intended behavior: FAILURE, when executed after: [randoop.jodatime.RandoopTest3.test125], The revealed different behavior: PASS, when executed after: [], Test: randoop.jodatime.RandoopTest3.test129, Intended behavior: FAILURE, when executed after: [randoop.jodatime.RandoopTest3.test128], The revealed different behavior: PASS, when executed after: [], Test: randoop.jodatime.RandoopTest3.test220, Intended behavior: FAILURE, when executed after: [randoop.jodatime.RandoopTest3.test219], The revealed different behavior: PASS, when executed after: [], Test: randoop.jodatime.RandoopTest3.test121, Intended behavior: FAILURE, when executed after: [randoop.jodatime.RandoopTest3.test118], The revealed different behavior: PASS, when executed after: [], Test: randoop.jodatime.RandoopTest3.test226, Intended behavior: FAILURE, when executed after: [randoop.jodatime.RandoopTest3.test223], The revealed different behavior: PASS, when executed after: [], Test: randoop.jodatime.RandoopTest3.test124, Intended behavior: FAILURE, when executed after: [randoop.jodatime.RandoopTest3.test121], The revealed different behavior: PASS, when executed after: [], Test: randoop.jodatime.RandoopTest3.test125, Intended behavior: FAILURE, when executed after: [randoop.jodatime.RandoopTest3.test124], The revealed different behavior: PASS, when executed after: [], Test: randoop.jodatime.RandoopTest1.test354, Intended behavior: FAILURE, when executed after: [randoop.jodatime.RandoopTest1.test168], The revealed different behavior: PASS, when executed after: [], Test: randoop.jodatime.RandoopTest3.test320, Intended behavior: FAILURE, when executed after: [randoop.jodatime.RandoopTest3.test316], The revealed different behavior: PASS, when executed after: [], Test: randoop.jodatime.RandoopTest3.test57, Intended behavior: FAILURE, when executed after: [randoop.jodatime.RandoopTest3.test56], The revealed different behavior: PASS, when executed after: [], Test: randoop.jodatime.RandoopTest0.test235, Intended behavior: FAILURE, when executed after: [randoop.jodatime.RandoopTest0.test229], The revealed different behavior: PASS, when executed after: [], Test: randoop.jodatime.RandoopTest3.test424, Intended behavior: FAILURE, when executed after: [randoop.jodatime.RandoopTest3.test420], The revealed different behavior: PASS, when executed after: [], Test: randoop.jodatime.RandoopTest3.test324, Intended behavior: FAILURE, when executed after: [randoop.jodatime.RandoopTest3.test320], The revealed different behavior: PASS, when executed after: [], Test: randoop.jodatime.RandoopTest3.test426, Intended behavior: FAILURE, when executed after: [randoop.jodatime.RandoopTest3.test424], The revealed different behavior: PASS, when executed after: [], Test: randoop.jodatime.RandoopTest3.test327, Intended behavior: FAILURE, when executed after: [randoop.jodatime.RandoopTest3.test326], The revealed different behavior: PASS, when executed after: [], Test: randoop.jodatime.RandoopTest0.test376, Intended behavior: FAILURE, when executed after: [randoop.jodatime.RandoopTest0.test370], The revealed different behavior: PASS, when executed after: [], Test: randoop.jodatime.RandoopTest0.test378, Intended behavior: FAILURE, when executed after: [randoop.jodatime.RandoopTest0.test376], The revealed different behavior: PASS, when executed after: [], Test: randoop.jodatime.RandoopTest3.test138, Intended behavior: FAILURE, when executed after: [randoop.jodatime.RandoopTest3.test132], The revealed different behavior: PASS, when executed after: [], Test: randoop.jodatime.RandoopTest3.test233, Intended behavior: FAILURE, when executed after: [randoop.jodatime.RandoopTest3.test232], The revealed different behavior: PASS, when executed after: [], Test: randoop.jodatime.RandoopTest0.test370, Intended behavior: FAILURE, when executed after: [randoop.jodatime.RandoopTest0.test369], The revealed different behavior: PASS, when executed after: [], Test: randoop.jodatime.RandoopTest3.test232, Intended behavior: FAILURE, when executed after: [randoop.jodatime.RandoopTest3.test226], The revealed different behavior: PASS, when executed after: [], Test: randoop.jodatime.RandoopTest3.test132, Intended behavior: FAILURE, when executed after: [randoop.jodatime.RandoopTest3.test130], The revealed different behavior: PASS, when executed after: [], Test: randoop.jodatime.RandoopTest3.test130, Intended behavior: FAILURE, when executed after: [randoop.jodatime.RandoopTest3.test129], The revealed different behavior: PASS, when executed after: [], Test: randoop.jodatime.RandoopTest3.test239, Intended behavior: FAILURE, when executed after: [randoop.jodatime.RandoopTest3.test233], The revealed different behavior: PASS, when executed after: [], Test: randoop.jodatime.RandoopTest3.test330, Intended behavior: FAILURE, when executed after: [randoop.jodatime.RandoopTest3.test327], The revealed different behavior: PASS, when executed after: [], Test: randoop.jodatime.RandoopTest3.test333, Intended behavior: FAILURE, when executed after: [randoop.jodatime.RandoopTest3.test332], The revealed different behavior: PASS, when executed after: [], Test: randoop.jodatime.RandoopTest0.test226, Intended behavior: FAILURE, when executed after: [randoop.jodatime.RandoopTest0.test208], The revealed different behavior: PASS, when executed after: [], Test: randoop.jodatime.RandoopTest3.test332, Intended behavior: FAILURE, when executed after: [randoop.jodatime.RandoopTest3.test330], The revealed different behavior: PASS, when executed after: [], Test: randoop.jodatime.RandoopTest3.test435, Intended behavior: FAILURE, when executed after: [randoop.jodatime.RandoopTest3.test434], The revealed different behavior: PASS, when executed after: [], Test: randoop.jodatime.RandoopTest3.test434, Intended behavior: FAILURE, when executed after: [randoop.jodatime.RandoopTest3.test432], The revealed different behavior: PASS, when executed after: [], Test: randoop.jodatime.RandoopTest3.test338, Intended behavior: FAILURE, when executed after: [randoop.jodatime.RandoopTest3.test336], The revealed different behavior: PASS, when executed after: [], Test: randoop.jodatime.RandoopTest0.test369, Intended behavior: FAILURE, when executed after: [randoop.jodatime.RandoopTest0.test361], The revealed different behavior: PASS, when executed after: [], Test: randoop.jodatime.RandoopTest3.test336, Intended behavior: FAILURE, when executed after: [randoop.jodatime.RandoopTest3.test333], The revealed different behavior: PASS, when executed after: [], Test: randoop.jodatime.RandoopTest0.test229, Intended behavior: FAILURE, when executed after: [randoop.jodatime.RandoopTest0.test226], The revealed different behavior: PASS, when executed after: [], Test: randoop.jodatime.RandoopTest3.test205, Intended behavior: FAILURE, when executed after: [randoop.jodatime.RandoopTest3.test201], The revealed different behavior: PASS, when executed after: [], Test: randoop.jodatime.RandoopTest3.test201, Intended behavior: FAILURE, when executed after: [randoop.jodatime.RandoopTest3.test199], The revealed different behavior: PASS, when executed after: [], Test: randoop.jodatime.RandoopTest0.test135, Intended behavior: FAILURE, when executed after: [randoop.jodatime.RandoopTest0.test115], The revealed different behavior: PASS, when executed after: [], Test: randoop.jodatime.RandoopTest3.test492, Intended behavior: FAILURE, when executed after: [randoop.jodatime.RandoopTest3.test487], The revealed different behavior: PASS, when executed after: [], Test: randoop.jodatime.RandoopTest0.test314, Intended behavior: FAILURE, when executed after: [randoop.jodatime.RandoopTest0.test306], The revealed different behavior: PASS, when executed after: [], Test: randoop.jodatime.RandoopTest3.test487, Intended behavior: FAILURE, when executed after: [randoop.jodatime.RandoopTest3.test481], The revealed different behavior: PASS, when executed after: [], Test: randoop.jodatime.RandoopTest3.test345, Intended behavior: FAILURE, when executed after: [randoop.jodatime.RandoopTest3.test338], The revealed different behavior: PASS, when executed after: [], Test: randoop.jodatime.RandoopTest0.test406, Intended behavior: FAILURE, when executed after: [randoop.jodatime.RandoopTest0.test395], The revealed different behavior: PASS, when executed after: [], Test: randoop.jodatime.RandoopTest3.test219, Intended behavior: FAILURE, when executed after: [randoop.jodatime.RandoopTest3.test210], The revealed different behavior: PASS, when executed after: [], Test: randoop.jodatime.RandoopTest3.test210, Intended behavior: FAILURE, when executed after: [randoop.jodatime.RandoopTest3.test208], The revealed different behavior: PASS, when executed after: [], Test: randoop.jodatime.RandoopTest3.test496, Intended behavior: FAILURE, when executed after: [randoop.jodatime.RandoopTest3.test492], The revealed different behavior: PASS, when executed after: [], Test: randoop.jodatime.RandoopTest0.test304, Intended behavior: FAILURE, when executed after: [randoop.jodatime.RandoopTest0.test297], The revealed different behavior: PASS, when executed after: [], Test: randoop.jodatime.RandoopTest3.test497, Intended behavior: FAILURE, when executed after: [randoop.jodatime.RandoopTest3.test496], The revealed different behavior: PASS, when executed after: [], Test: randoop.jodatime.RandoopTest3.test498, Intended behavior: FAILURE, when executed after: [randoop.jodatime.RandoopTest3.test497], The revealed different behavior: PASS, when executed after: [], Test: randoop.jodatime.RandoopTest0.test208, Intended behavior: FAILURE, when executed after: [randoop.jodatime.RandoopTest0.test196], The revealed different behavior: PASS, when executed after: [], Test: randoop.jodatime.RandoopTest3.test356, Intended behavior: FAILURE, when executed after: [randoop.jodatime.RandoopTest3.test352], The revealed different behavior: PASS, when executed after: [], Test: randoop.jodatime.RandoopTest0.test306, Intended behavior: FAILURE, when executed after: [randoop.jodatime.RandoopTest0.test304], The revealed different behavior: PASS, when executed after: [], Test: randoop.jodatime.RandoopTest3.test352, Intended behavior: FAILURE, when executed after: [randoop.jodatime.RandoopTest3.test347], The revealed different behavior: PASS, when executed after: [], Test: randoop.jodatime.RandoopTest3.test8, Intended behavior: FAILURE, when executed after: [randoop.jodatime.RandoopTest3.test7], The revealed different behavior: PASS, when executed after: [], Test: randoop.jodatime.RandoopTest3.test7, Intended behavior: FAILURE, when executed after: [randoop.jodatime.RandoopTest3.test1], The revealed different behavior: PASS, when executed after: [], Test: randoop.jodatime.RandoopTest3.test12, Intended behavior: FAILURE, when executed after: [randoop.jodatime.RandoopTest3.test9], The revealed different behavior: PASS, when executed after: [], Test: randoop.jodatime.RandoopTest3.test470, Intended behavior: FAILURE, when executed after: [randoop.jodatime.RandoopTest3.test467], The revealed different behavior: PASS, when executed after: [], Test: randoop.jodatime.RandoopTest0.test141, Intended behavior: FAILURE, when executed after: [randoop.jodatime.RandoopTest0.test135], The revealed different behavior: PASS, when executed after: [], Test: randoop.jodatime.RandoopTest0.test338, Intended behavior: FAILURE, when executed after: [randoop.jodatime.RandoopTest0.test325], The revealed different behavior: PASS, when executed after: [], Test: randoop.jodatime.RandoopTest3.test462, Intended behavior: FAILURE, when executed after: [randoop.jodatime.RandoopTest3.test457], The revealed different behavior: PASS, when executed after: [], Test: randoop.jodatime.RandoopTest3.test14, Intended behavior: FAILURE, when executed after: [randoop.jodatime.RandoopTest3.test12], The revealed different behavior: PASS, when executed after: [], Test: randoop.jodatime.RandoopTest3.test365, Intended behavior: FAILURE, when executed after: [randoop.jodatime.RandoopTest3.test356], The revealed different behavior: PASS, when executed after: [], Test: randoop.jodatime.RandoopTest3.test382, Intended behavior: FAILURE, when executed after: [randoop.jodatime.RandoopTest3.test381], The revealed different behavior: PASS, when executed after: [], Test: randoop.jodatime.RandoopTest3.test381, Intended behavior: FAILURE, when executed after: [randoop.jodatime.RandoopTest3.test380], The revealed different behavior: PASS, when executed after: [], Test: randoop.jodatime.RandoopTest3.test22, Intended behavior: FAILURE, when executed after: [randoop.jodatime.RandoopTest3.test16], The revealed different behavior: PASS, when executed after: [], Test: randoop.jodatime.RandoopTest3.test380, Intended behavior: FAILURE, when executed after: [randoop.jodatime.RandoopTest3.test376], The revealed different behavior: PASS, when executed after: [], Test: randoop.jodatime.RandoopTest3.test481, Intended behavior: FAILURE, when executed after: [randoop.jodatime.RandoopTest3.test471], The revealed different behavior: PASS, when executed after: [], Test: randoop.jodatime.RandoopTest0.test325, Intended behavior: FAILURE, when executed after: [randoop.jodatime.RandoopTest0.test320], The revealed different behavior: PASS, when executed after: [], Test: randoop.jodatime.RandoopTest0.test320, Intended behavior: FAILURE, when executed after: [randoop.jodatime.RandoopTest0.test314], The revealed different behavior: PASS, when executed after: [], Test: randoop.jodatime.RandoopTest3.test471, Intended behavior: FAILURE, when executed after: [randoop.jodatime.RandoopTest3.test470], The revealed different behavior: PASS, when executed after: [], Test: randoop.jodatime.RandoopTest3.test375, Intended behavior: FAILURE, when executed after: [randoop.jodatime.RandoopTest3.test365], The revealed different behavior: PASS, when executed after: [], Test: randoop.jodatime.RandoopTest3.test29, Intended behavior: FAILURE, when executed after: [randoop.jodatime.RandoopTest3.test28], The revealed different behavior: PASS, when executed after: [], Test: randoop.jodatime.RandoopTest3.test28, Intended behavior: FAILURE, when executed after: [randoop.jodatime.RandoopTest3.test22], The revealed different behavior: PASS, when executed after: [], Test: randoop.jodatime.RandoopTest3.test376, Intended behavior: FAILURE, when executed after: [randoop.jodatime.RandoopTest3.test375], The revealed different behavior: PASS, when executed after: [], Test: randoop.jodatime.RandoopTest3.test241, Intended behavior: FAILURE, when executed after: [randoop.jodatime.RandoopTest3.test239], The revealed different behavior: PASS, when executed after: [], Test: randoop.jodatime.RandoopTest3.test272, Intended behavior: FAILURE, when executed after: [randoop.jodatime.RandoopTest3.test270], The revealed different behavior: PASS, when executed after: [], Test: randoop.jodatime.RandoopTest2.test85, Intended behavior: FAILURE, when executed after: [randoop.jodatime.RandoopTest2.test58], The revealed different behavior: PASS, when executed after: [], Test: randoop.jodatime.RandoopTest3.test270, Intended behavior: FAILURE, when executed after: [randoop.jodatime.RandoopTest3.test269], The revealed different behavior: PASS, when executed after: [], Test: randoop.jodatime.RandoopTest3.test208, Intended behavior: FAILURE, when executed after: [randoop.jodatime.RandoopTest3.test205], The revealed different behavior: PASS, when executed after: [], Test: randoop.jodatime.RandoopTest3.test81, Intended behavior: FAILURE, when executed after: [randoop.jodatime.RandoopTest3.test65], The revealed different behavior: PASS, when executed after: [], Test: randoop.jodatime.RandoopTest3.test52, Intended behavior: FAILURE, when executed after: [randoop.jodatime.RandoopTest3.test46], The revealed different behavior: PASS, when executed after: [], Test: randoop.jodatime.RandoopTest3.test417, Intended behavior: FAILURE, when executed after: [randoop.jodatime.RandoopTest3.test413], The revealed different behavior: PASS, when executed after: [], Test: randoop.jodatime.RandoopTest3.test249, Intended behavior: FAILURE, when executed after: [randoop.jodatime.RandoopTest3.test247], The revealed different behavior: PASS, when executed after: [], Test: randoop.jodatime.RandoopTest3.test151, Intended behavior: FAILURE, when executed after: [randoop.jodatime.RandoopTest3.test150], The revealed different behavior: PASS, when executed after: [], Test: randoop.jodatime.RandoopTest3.test418, Intended behavior: FAILURE, when executed after: [randoop.jodatime.RandoopTest3.test417], The revealed different behavior: PASS, when executed after: [], Test: randoop.jodatime.RandoopTest3.test32, Intended behavior: FAILURE, when executed after: [randoop.jodatime.RandoopTest3.test29], The revealed different behavior: PASS, when executed after: [], Test: randoop.jodatime.RandoopTest3.test56, Intended behavior: FAILURE, when executed after: [randoop.jodatime.RandoopTest3.test54], The revealed different behavior: PASS, when executed after: [], Test: randoop.jodatime.RandoopTest3.test173, Intended behavior: FAILURE, when executed after: [randoop.jodatime.RandoopTest3.test170], The revealed different behavior: PASS, when executed after: [], Test: randoop.jodatime.RandoopTest3.test54, Intended behavior: FAILURE, when executed after: [randoop.jodatime.RandoopTest3.test52], The revealed different behavior: PASS, when executed after: [], Test: randoop.jodatime.RandoopTest3.test300, Intended behavior: FAILURE, when executed after: [randoop.jodatime.RandoopTest3.test299], The revealed different behavior: PASS, when executed after: [], Test: randoop.jodatime.RandoopTest3.test446, Intended behavior: FAILURE, when executed after: [randoop.jodatime.RandoopTest3.test445], The revealed different behavior: PASS, when executed after: [], Test: randoop.jodatime.RandoopTest3.test58, Intended behavior: FAILURE, when executed after: [randoop.jodatime.RandoopTest3.test57], The revealed different behavior: PASS, when executed after: [], Test: randoop.jodatime.RandoopTest3.test467, Intended behavior: FAILURE, when executed after: [randoop.jodatime.RandoopTest3.test462], The revealed different behavior: PASS, when executed after: [], Test: randoop.jodatime.RandoopTest3.test347, Intended behavior: FAILURE, when executed after: [randoop.jodatime.RandoopTest3.test346], The revealed different behavior: PASS, when executed after: [], Test: randoop.jodatime.RandoopTest3.test36, Intended behavior: FAILURE, when executed after: [randoop.jodatime.RandoopTest3.test34], The revealed different behavior: PASS, when executed after: [], Test: randoop.jodatime.RandoopTest3.test326, Intended behavior: FAILURE, when executed after: [randoop.jodatime.RandoopTest3.test324], The revealed different behavior: PASS, when executed after: [], Test: randoop.jodatime.RandoopTest3.test16, Intended behavior: FAILURE, when executed after: [randoop.jodatime.RandoopTest3.test14], The revealed different behavior: PASS, when executed after: [], Test: randoop.jodatime.RandoopTest3.test420, Intended behavior: FAILURE, when executed after: [randoop.jodatime.RandoopTest3.test419], The revealed different behavior: PASS, when executed after: [], Test: randoop.jodatime.RandoopTest3.test346, Intended behavior: FAILURE, when executed after: [randoop.jodatime.RandoopTest3.test345], The revealed different behavior: PASS, when executed after: [], Test: randoop.jodatime.RandoopTest3.test442, Intended behavior: FAILURE, when executed after: [randoop.jodatime.RandoopTest3.test441], The revealed different behavior: PASS, when executed after: [], Test: randoop.jodatime.RandoopTest3.test280, Intended behavior: FAILURE, when executed after: [randoop.jodatime.RandoopTest3.test277], The revealed different behavior: PASS, when executed after: [], Test: randoop.jodatime.RandoopTest3.test92, Intended behavior: FAILURE, when executed after: [randoop.jodatime.RandoopTest3.test87], The revealed different behavior: PASS, when executed after: [], Test: randoop.jodatime.RandoopTest3.test257, Intended behavior: FAILURE, when executed after: [randoop.jodatime.RandoopTest3.test252], The revealed different behavior: PASS, when executed after: [], Test: randoop.jodatime.RandoopTest4.test4, Intended behavior: FAILURE, when executed after: [randoop.jodatime.RandoopTest3.test498], The revealed different behavior: PASS, when executed after: [], Test: randoop.jodatime.RandoopTest3.test116, Intended behavior: FAILURE, when executed after: [randoop.jodatime.RandoopTest3.test115], The revealed different behavior: PASS, when executed after: [], Test: randoop.jodatime.RandoopTest3.test259, Intended behavior: FAILURE, when executed after: [randoop.jodatime.RandoopTest3.test258], The revealed different behavior: PASS, when executed after: [], Test: randoop.jodatime.RandoopTest4.test5, Intended behavior: FAILURE, when executed after: [randoop.jodatime.RandoopTest4.test4], The revealed different behavior: PASS, when executed after: [], Test: randoop.jodatime.RandoopTest3.test113, Intended behavior: FAILURE, when executed after: [randoop.jodatime.RandoopTest3.test108], The revealed different behavior: PASS, when executed after: [], Test: randoop.jodatime.RandoopTest3.test65, Intended behavior: FAILURE, when executed after: [randoop.jodatime.RandoopTest3.test58], The revealed different behavior: PASS, when executed after: [], Test: randoop.jodatime.RandoopTest3.test182, Intended behavior: FAILURE, when executed after: [randoop.jodatime.RandoopTest3.test176], The revealed different behavior: PASS, when executed after: [], Test: randoop.jodatime.RandoopTest3.test40, Intended behavior: FAILURE, when executed after: [randoop.jodatime.RandoopTest3.test36], The revealed different behavior: PASS, when executed after: [], Test: randoop.jodatime.RandoopTest3.test96, Intended behavior: FAILURE, when executed after: [randoop.jodatime.RandoopTest3.test95], The revealed different behavior: PASS, when executed after: [], Test: randoop.jodatime.RandoopTest3.test457, Intended behavior: FAILURE, when executed after: [randoop.jodatime.RandoopTest3.test455], The revealed different behavior: PASS, when executed after: [], Test: randoop.jodatime.RandoopTest2.test376, Intended behavior: FAILURE, when executed after: [randoop.jodatime.RandoopTest2.test310], The revealed different behavior: PASS, when executed after: [], Test: randoop.jodatime.RandoopTest1.test467, Intended behavior: FAILURE, when executed after: [randoop.jodatime.RandoopTest1.test354], The revealed different behavior: PASS, when executed after: [], Test: randoop.jodatime.RandoopTest2.test212, Intended behavior: FAILURE, when executed after: [randoop.jodatime.RandoopTest2.test85], The revealed different behavior: PASS, when executed after: [], Test: randoop.jodatime.RandoopTest2.test269, Intended behavior: FAILURE, when executed after: [randoop.jodatime.RandoopTest2.test216], The revealed different behavior: PASS, when executed after: [], Test: randoop.jodatime.RandoopTest2.test216, Intended behavior: FAILURE, when executed after: [randoop.jodatime.RandoopTest2.test212], The revealed different behavior: PASS, when executed after: [], Test: randoop.jodatime.RandoopTest2.test289, Intended behavior: FAILURE, when executed after: [randoop.jodatime.RandoopTest2.test269], The revealed different behavior: PASS, when executed after: [], Test: randoop.jodatime.RandoopTest3.test1, Intended behavior: FAILURE, when executed after: [randoop.jodatime.RandoopTest2.test500], The revealed different behavior: PASS, when executed after: [], Test: randoop.jodatime.RandoopTest2.test310, Intended behavior: FAILURE, when executed after: [randoop.jodatime.RandoopTest2.test289], The revealed different behavior: PASS, when executed after: [], Test: randoop.jodatime.RandoopTest3.test432, Intended behavior: FAILURE, when executed after: [randoop.jodatime.RandoopTest3.test426], The revealed different behavior: PASS, when executed after: [], Test: randoop.jodatime.RandoopTest3.test9, Intended behavior: FAILURE, when executed after: [randoop.jodatime.RandoopTest3.test8], The revealed different behavior: PASS, when executed after: []]

Coverage test list:
[398, 23, 1, 77, 13, 14, 251, 9, 124, 172, 19, 4, 4, 19, 13, 32, 0, 11, 46, 0, 5, 20, 4, 9, 18, 1, 14, 13, 1, 261, 10, 2, 44, 3, 14, 8, 4, 10, 0, 15, 11, 90, 140, 10, 11, 6, 2, 21, 1, 59, 28, 15, 0, 35, 2, 41, 22, 32, 21, 7, 8, 2, 0, 66, 0, 14, 36, 26, 12, 18, 20, 66, 27, 7, 4, 56, 7, 49, 8, 67, 20, 23, 41, 14, 68, 12, 19, 6, 40, 48, 41, 6, 5, 19, 2, 12, 96, 4, 0, 1, 3, 2, 20, 0, 2, 13, 1, 9, 16, 1, 2, 13, 7, 18, 11, 8, 4, 3, 4, 6, 1, 1, 13, 9, 11, 1, 15, 3, 35, 6, 6, 4, 0, 0, 7, 14, 5, 8, 8, 1, 0, 7, 6, 2, 3, 10, 2, 4, 1, 10, 1, 15, 0, 26, 10, 17, 8, 2, 12, 0, 21, 16, 16, 12, 2, 10, 2, 4, 1, 22, 5, 0, 6, 3, 4, 14, 2, 3, 0, 5, 1, 35, 1, 2, 4, 3, 4, 2, 3, 3, 22, 0, 2, 4, 4, 2, 16, 30, 8, 13, 17, 50, 11, 7, 6, 2, 2, 22, 1, 6, 13, 4, 2, 35, 0, 7, 1, 37, 0, 0, 4, 30, 1, 0, 4, 5, 3, 0, 0, 5, 6, 14, 18, 1, 2, 0, 4, 19, 0, 29, 3, 6, 9, 1, 212, 11, 95, 34, 2, 31, 4, 103, 0, 13, 4, 22, 12, 9, 33, 184, 0, 11, 0, 1, 3, 3, 42, 47, 14, 2, 6, 2, 0, 0, 7, 1, 28, 0, 11, 12, 1, 1, 6, 5, 5, 4, 1, 1, 1, 0, 2, 30, 2, 9, 2, 4, 0, 1, 3, 0, 0, 1, 1, 1, 1, 11, 3, 0, 14, 1, 3, 0, 2, 0, 0, 0, 0, 5, 0, 2, 2, 7, 31, 13, 1, 1, 7, 14, 1, 2, 0, 1, 15, 13, 15, 1, 9, 2, 0, 0, 19, 68, 2, 1, 4, 3, 0, 0, 0, 69, 0, 3, 0, 8, 14, 0, 1, 0, 0, 4, 0, 4, 12, 5, 1, 2, 8, 1, 3, 3, 4, 6, 1, 8, 7, 4, 2, 0, 4, 9, 4, 0, 31, 2, 1, 1, 4, 4, 16, 2, 18, 7, 2, 0, 0, 6, 0, 0, 1, 12, 11, 0, 0, 1, 1, 1, 2, 0, 1, 2, 0, 5, 10, 1, 28, 3, 15, 1, 5, 1, 0, 4, 1, 3, 3, 31, 1, 2, 0, 0, 17, 0, 10, 10, 1, 0, 2, 1, 0, 0, 5, 3, 1, 2, 0, 1, 0, 0, 1, 0, 1, 8, 0, 19, 0, 0, 0, 3, 0, 1, 5, 0, 2, 6]
--------------------------
Total time (of all machines and iterations plus initial TestListGenerator): 7.897