The following arguments were used to generate this output.
[-technique, selection, -coverage, statement, -order, original, -origOrder, crystal/crystal-orig-order, -testInputDir, crystalvc/sootTestOutput-orig-selection, -filesToDelete, crystal/crystal-env-files, -project, Crystal, -testType, orig, -oldVersCFG, crystalvc/selectionOutput, -newVersCFG, crystal/selectionOutput, -getCoverage, -outputDir, /home/user/dependent-tests-impact/experiments/selection-results, -timesToRun, 1, -dependentTestFile, /home/user/dependent-tests-impact/experiments/selection-dt-list/selection-Crystal-orig-statement-original.txt]

Execution time of TLG and its time to find/nullify any DTs for 1 machine (does not include the time to run the tests in the new order): 0.496
Number of tests selected out of total in original order: 23 / 63
Number of DTs not fixed: 0
Number of DTs fixed: 0
APFD value: 0.37210663955706946
Execution time for executing the following testing order: 0.091

Test order list:
[crystal.client.ClientPreferencesTest.testNullInputConstructor, crystal.client.ClientPreferencesTest.testDuplicateAddProjectPreferences, crystal.client.ClientPreferencesTest.testAddProjectPreferences, crystal.client.ClientPreferencesTest.testDuplicateProject, crystal.client.ClientPreferencesTest.testRemoveProjectPreferences, crystal.client.ClientPreferencesTest.testRemoveProjectPreferencesAtIndex, crystal.client.ClientPreferencesTest.testClone, crystal.client.ConflictDaemonTest.testLocalState, crystal.client.ProjectPreferencesTest.testGetProjectCheckoutLocation, crystal.model.DataSourceTest.testSetField, crystal.model.DataSourceTest.testSetCompileCommand, crystal.model.DataSourceTest.testSetEnabled, crystal.model.DataSourceTest.testIsHidden, crystal.model.DataSourceTest.testSetKind, crystal.model.DataSourceTest.testSetCloneString, crystal.model.DataSourceTest.testSetHistory, crystal.model.RevisionHistoryTest.testEqualsObject, crystal.model.RevisionHistoryTest.testSuperSubHistory, crystal.model.RevisionHistoryTest.testGetCommitters, crystal.server.GuidanceCheckerTest.testGetCommitters, crystal.server.HgLogParserTest.testParseLog, crystal.server.HgLogParserTest.testSingleLog, crystal.server.HgLogParserTest.testTwoLogs]

Time each test takes to run in the new order:
[23466474, 4374926, 489141, 481994, 507788, 912448, 5698838, 25396849, 2727963, 1369937, 430088, 417971, 510967, 418239, 397073, 5638251, 4475116, 1010782, 5502174, 1584189, 2439082, 1106656, 1314905]

Dependent test list:
[Test: crystal.model.DataSourceTest.testSetKind, Intended behavior: FAILURE, when executed after: [crystal.model.DataSourceTest.testIsHidden], The revealed different behavior: PASS, when executed after: [], Test: crystal.model.DataSourceTest.testIsHidden, Intended behavior: FAILURE, when executed after: [crystal.model.DataSourceTest.testSetEnabled], The revealed different behavior: PASS, when executed after: [], Test: crystal.model.DataSourceTest.testSetEnabled, Intended behavior: FAILURE, when executed after: [crystal.model.DataSourceTest.testSetCompileCommand], The revealed different behavior: PASS, when executed after: [], Test: crystal.model.DataSourceTest.testSetCompileCommand, Intended behavior: FAILURE, when executed after: [crystal.model.DataSourceTest.testSetField], The revealed different behavior: PASS, when executed after: [], Test: crystal.model.DataSourceTest.testSetHistory, Intended behavior: FAILURE, when executed after: [crystal.model.DataSourceTest.testSetCloneString], The revealed different behavior: PASS, when executed after: [], Test: crystal.model.DataSourceTest.testSetCloneString, Intended behavior: FAILURE, when executed after: [crystal.model.DataSourceTest.testSetKind], The revealed different behavior: PASS, when executed after: []]

Coverage test list:
[1113, 222, 115, 80, 311, 44, 685, 2707, 71, 97, 17, 8, 8, 8, 26, 1754, 17, 89, 676, 284, 26, 35, 0]
--------------------------
Total time (of all machines and iterations plus initial TestListGenerator): 0.469