The following arguments were used to generate this output.
[-technique, selection, -coverage, statement, -order, relative, -origOrder, jodatime-d6791cb5f9/jodatime-auto-order, -testInputDir, jodatime-b609d7d66d/sootTestOutput-auto-selection, -filesToDelete, jodatime-d6791cb5f9/jodatime-env-files, -project, Joda-Time, -testType, auto, -oldVersCFG, jodatime-b609d7d66d/selectionOutput, -newVersCFG, jodatime-d6791cb5f9/selectionOutput, -getCoverage, -outputDir, /home/user/dependent-tests-impact/experiments/selection-results, -timesToRun, 1, -dependentTestFile, /home/user/dependent-tests-impact/experiments/selection-dt-list/selection-Joda-Time-auto-statement-relative.txt]

Execution time of TLG and its time to find/nullify any DTs for 1 machine (does not include the time to run the tests in the new order): 2.754
Number of tests selected out of total in original order: 465 / 2207
Number of DTs not fixed: 0
Number of DTs fixed: 0
APFD value: 0.7005885461078157
Execution time for executing the following testing order: 2.402

Test order list:
[randoop.jodatime.RandoopTest0.test115, randoop.jodatime.RandoopTest0.test135, randoop.jodatime.RandoopTest0.test141, randoop.jodatime.RandoopTest0.test144, randoop.jodatime.RandoopTest0.test146, randoop.jodatime.RandoopTest0.test152, randoop.jodatime.RandoopTest0.test159, randoop.jodatime.RandoopTest0.test165, randoop.jodatime.RandoopTest0.test172, randoop.jodatime.RandoopTest0.test181, randoop.jodatime.RandoopTest0.test182, randoop.jodatime.RandoopTest0.test188, randoop.jodatime.RandoopTest0.test192, randoop.jodatime.RandoopTest0.test196, randoop.jodatime.RandoopTest0.test208, randoop.jodatime.RandoopTest0.test226, randoop.jodatime.RandoopTest0.test229, randoop.jodatime.RandoopTest0.test235, randoop.jodatime.RandoopTest0.test246, randoop.jodatime.RandoopTest0.test247, randoop.jodatime.RandoopTest0.test251, randoop.jodatime.RandoopTest0.test252, randoop.jodatime.RandoopTest0.test258, randoop.jodatime.RandoopTest0.test260, randoop.jodatime.RandoopTest0.test267, randoop.jodatime.RandoopTest0.test282, randoop.jodatime.RandoopTest0.test283, randoop.jodatime.RandoopTest0.test293, randoop.jodatime.RandoopTest0.test297, randoop.jodatime.RandoopTest0.test304, randoop.jodatime.RandoopTest0.test306, randoop.jodatime.RandoopTest0.test314, randoop.jodatime.RandoopTest0.test320, randoop.jodatime.RandoopTest0.test325, randoop.jodatime.RandoopTest0.test338, randoop.jodatime.RandoopTest0.test346, randoop.jodatime.RandoopTest0.test347, randoop.jodatime.RandoopTest0.test360, randoop.jodatime.RandoopTest0.test361, randoop.jodatime.RandoopTest0.test369, randoop.jodatime.RandoopTest0.test370, randoop.jodatime.RandoopTest0.test376, randoop.jodatime.RandoopTest0.test378, randoop.jodatime.RandoopTest0.test386, randoop.jodatime.RandoopTest0.test387, randoop.jodatime.RandoopTest0.test389, randoop.jodatime.RandoopTest0.test390, randoop.jodatime.RandoopTest0.test395, randoop.jodatime.RandoopTest0.test406, randoop.jodatime.RandoopTest0.test498, randoop.jodatime.RandoopTest1.test154, randoop.jodatime.RandoopTest1.test168, randoop.jodatime.RandoopTest1.test220, randoop.jodatime.RandoopTest1.test465, randoop.jodatime.RandoopTest1.test467, randoop.jodatime.RandoopTest1.test475, randoop.jodatime.RandoopTest2.test58, randoop.jodatime.RandoopTest2.test85, randoop.jodatime.RandoopTest2.test212, randoop.jodatime.RandoopTest2.test216, randoop.jodatime.RandoopTest2.test259, randoop.jodatime.RandoopTest2.test269, randoop.jodatime.RandoopTest2.test284, randoop.jodatime.RandoopTest2.test289, randoop.jodatime.RandoopTest2.test310, randoop.jodatime.RandoopTest2.test376, randoop.jodatime.RandoopTest2.test487, randoop.jodatime.RandoopTest2.test490, randoop.jodatime.RandoopTest2.test493, randoop.jodatime.RandoopTest2.test495, randoop.jodatime.RandoopTest2.test500, randoop.jodatime.RandoopTest3.test1, randoop.jodatime.RandoopTest3.test7, randoop.jodatime.RandoopTest3.test8, randoop.jodatime.RandoopTest3.test9, randoop.jodatime.RandoopTest3.test12, randoop.jodatime.RandoopTest3.test14, randoop.jodatime.RandoopTest3.test16, randoop.jodatime.RandoopTest3.test22, randoop.jodatime.RandoopTest3.test28, randoop.jodatime.RandoopTest3.test29, randoop.jodatime.RandoopTest3.test32, randoop.jodatime.RandoopTest3.test34, randoop.jodatime.RandoopTest3.test36, randoop.jodatime.RandoopTest3.test40, randoop.jodatime.RandoopTest3.test46, randoop.jodatime.RandoopTest3.test52, randoop.jodatime.RandoopTest3.test54, randoop.jodatime.RandoopTest3.test56, randoop.jodatime.RandoopTest3.test57, randoop.jodatime.RandoopTest3.test58, randoop.jodatime.RandoopTest3.test65, randoop.jodatime.RandoopTest3.test81, randoop.jodatime.RandoopTest3.test84, randoop.jodatime.RandoopTest3.test87, randoop.jodatime.RandoopTest3.test92, randoop.jodatime.RandoopTest3.test95, randoop.jodatime.RandoopTest3.test96, randoop.jodatime.RandoopTest3.test98, randoop.jodatime.RandoopTest3.test99, randoop.jodatime.RandoopTest3.test102, randoop.jodatime.RandoopTest3.test105, randoop.jodatime.RandoopTest3.test106, randoop.jodatime.RandoopTest3.test107, randoop.jodatime.RandoopTest3.test108, randoop.jodatime.RandoopTest3.test113, randoop.jodatime.RandoopTest3.test115, randoop.jodatime.RandoopTest3.test116, randoop.jodatime.RandoopTest3.test118, randoop.jodatime.RandoopTest3.test121, randoop.jodatime.RandoopTest3.test124, randoop.jodatime.RandoopTest3.test125, randoop.jodatime.RandoopTest3.test128, randoop.jodatime.RandoopTest3.test129, randoop.jodatime.RandoopTest3.test130, randoop.jodatime.RandoopTest3.test132, randoop.jodatime.RandoopTest3.test138, randoop.jodatime.RandoopTest3.test142, randoop.jodatime.RandoopTest3.test144, randoop.jodatime.RandoopTest3.test148, randoop.jodatime.RandoopTest3.test150, randoop.jodatime.RandoopTest3.test151, randoop.jodatime.RandoopTest3.test152, randoop.jodatime.RandoopTest3.test159, randoop.jodatime.RandoopTest3.test161, randoop.jodatime.RandoopTest3.test163, randoop.jodatime.RandoopTest3.test166, randoop.jodatime.RandoopTest3.test170, randoop.jodatime.RandoopTest3.test173, randoop.jodatime.RandoopTest3.test176, randoop.jodatime.RandoopTest3.test182, randoop.jodatime.RandoopTest3.test184, randoop.jodatime.RandoopTest3.test185, randoop.jodatime.RandoopTest3.test189, randoop.jodatime.RandoopTest3.test193, randoop.jodatime.RandoopTest3.test195, randoop.jodatime.RandoopTest3.test196, randoop.jodatime.RandoopTest3.test199, randoop.jodatime.RandoopTest3.test201, randoop.jodatime.RandoopTest3.test205, randoop.jodatime.RandoopTest3.test208, randoop.jodatime.RandoopTest3.test210, randoop.jodatime.RandoopTest3.test219, randoop.jodatime.RandoopTest3.test220, randoop.jodatime.RandoopTest3.test223, randoop.jodatime.RandoopTest3.test226, randoop.jodatime.RandoopTest3.test232, randoop.jodatime.RandoopTest3.test233, randoop.jodatime.RandoopTest3.test239, randoop.jodatime.RandoopTest3.test241, randoop.jodatime.RandoopTest3.test242, randoop.jodatime.RandoopTest3.test246, randoop.jodatime.RandoopTest3.test247, randoop.jodatime.RandoopTest3.test249, randoop.jodatime.RandoopTest3.test252, randoop.jodatime.RandoopTest3.test257, randoop.jodatime.RandoopTest3.test258, randoop.jodatime.RandoopTest3.test259, randoop.jodatime.RandoopTest3.test262, randoop.jodatime.RandoopTest3.test263, randoop.jodatime.RandoopTest3.test266, randoop.jodatime.RandoopTest3.test269, randoop.jodatime.RandoopTest3.test270, randoop.jodatime.RandoopTest3.test272, randoop.jodatime.RandoopTest3.test274, randoop.jodatime.RandoopTest3.test275, randoop.jodatime.RandoopTest3.test277, randoop.jodatime.RandoopTest3.test280, randoop.jodatime.RandoopTest3.test288, randoop.jodatime.RandoopTest3.test292, randoop.jodatime.RandoopTest3.test294, randoop.jodatime.RandoopTest3.test297, randoop.jodatime.RandoopTest3.test299, randoop.jodatime.RandoopTest3.test300, randoop.jodatime.RandoopTest3.test301, randoop.jodatime.RandoopTest3.test304, randoop.jodatime.RandoopTest3.test308, randoop.jodatime.RandoopTest3.test309, randoop.jodatime.RandoopTest3.test312, randoop.jodatime.RandoopTest3.test313, randoop.jodatime.RandoopTest3.test316, randoop.jodatime.RandoopTest3.test320, randoop.jodatime.RandoopTest3.test324, randoop.jodatime.RandoopTest3.test326, randoop.jodatime.RandoopTest3.test327, randoop.jodatime.RandoopTest3.test330, randoop.jodatime.RandoopTest3.test332, randoop.jodatime.RandoopTest3.test333, randoop.jodatime.RandoopTest3.test336, randoop.jodatime.RandoopTest3.test338, randoop.jodatime.RandoopTest3.test345, randoop.jodatime.RandoopTest3.test346, randoop.jodatime.RandoopTest3.test347, randoop.jodatime.RandoopTest3.test352, randoop.jodatime.RandoopTest3.test356, randoop.jodatime.RandoopTest3.test365, randoop.jodatime.RandoopTest3.test375, randoop.jodatime.RandoopTest3.test376, randoop.jodatime.RandoopTest3.test380, randoop.jodatime.RandoopTest3.test381, randoop.jodatime.RandoopTest3.test382, randoop.jodatime.RandoopTest3.test383, randoop.jodatime.RandoopTest3.test389, randoop.jodatime.RandoopTest3.test398, randoop.jodatime.RandoopTest3.test403, randoop.jodatime.RandoopTest3.test407, randoop.jodatime.RandoopTest3.test409, randoop.jodatime.RandoopTest3.test411, randoop.jodatime.RandoopTest3.test413, randoop.jodatime.RandoopTest3.test417, randoop.jodatime.RandoopTest3.test418, randoop.jodatime.RandoopTest3.test419, randoop.jodatime.RandoopTest3.test420, randoop.jodatime.RandoopTest3.test424, randoop.jodatime.RandoopTest3.test426, randoop.jodatime.RandoopTest3.test432, randoop.jodatime.RandoopTest3.test434, randoop.jodatime.RandoopTest3.test435, randoop.jodatime.RandoopTest3.test441, randoop.jodatime.RandoopTest3.test442, randoop.jodatime.RandoopTest3.test445, randoop.jodatime.RandoopTest3.test446, randoop.jodatime.RandoopTest3.test447, randoop.jodatime.RandoopTest3.test451, randoop.jodatime.RandoopTest3.test452, randoop.jodatime.RandoopTest3.test454, randoop.jodatime.RandoopTest3.test455, randoop.jodatime.RandoopTest3.test457, randoop.jodatime.RandoopTest3.test462, randoop.jodatime.RandoopTest3.test467, randoop.jodatime.RandoopTest3.test470, randoop.jodatime.RandoopTest3.test471, randoop.jodatime.RandoopTest3.test481, randoop.jodatime.RandoopTest3.test487, randoop.jodatime.RandoopTest3.test492, randoop.jodatime.RandoopTest3.test496, randoop.jodatime.RandoopTest3.test497, randoop.jodatime.RandoopTest3.test498, randoop.jodatime.RandoopTest4.test4, randoop.jodatime.RandoopTest4.test5, randoop.jodatime.RandoopTest4.test13, randoop.jodatime.RandoopTest4.test138, randoop.jodatime.RandoopTest4.test434, randoop.jodatime.RandoopTest0.test261, randoop.jodatime.RandoopTest0.test1, randoop.jodatime.RandoopTest0.test16, randoop.jodatime.RandoopTest2.test174, randoop.jodatime.RandoopTest2.test394, randoop.jodatime.RandoopTest4.test129, randoop.jodatime.RandoopTest0.test254, randoop.jodatime.RandoopTest0.test388, randoop.jodatime.RandoopTest4.test455, randoop.jodatime.RandoopTest2.test406, randoop.jodatime.RandoopTest2.test18, randoop.jodatime.RandoopTest4.test162, randoop.jodatime.RandoopTest1.test492, randoop.jodatime.RandoopTest1.test91, randoop.jodatime.RandoopTest0.test118, randoop.jodatime.RandoopTest2.test475, randoop.jodatime.RandoopTest4.test451, randoop.jodatime.RandoopTest1.test73, randoop.jodatime.RandoopTest2.test321, randoop.jodatime.RandoopTest0.test2, randoop.jodatime.RandoopTest4.test390, randoop.jodatime.RandoopTest2.test291, randoop.jodatime.RandoopTest4.test18, randoop.jodatime.RandoopTest4.test353, randoop.jodatime.RandoopTest5.test64, randoop.jodatime.RandoopTest4.test488, randoop.jodatime.RandoopTest4.test1, randoop.jodatime.RandoopTest5.test95, randoop.jodatime.RandoopTest4.test240, randoop.jodatime.RandoopTest2.test206, randoop.jodatime.RandoopTest1.test214, randoop.jodatime.RandoopTest4.test419, randoop.jodatime.RandoopTest4.test448, randoop.jodatime.RandoopTest2.test433, randoop.jodatime.RandoopTest4.test439, randoop.jodatime.RandoopTest0.test21, randoop.jodatime.RandoopTest2.test67, randoop.jodatime.RandoopTest5.test138, randoop.jodatime.RandoopTest4.test470, randoop.jodatime.RandoopTest4.test363, randoop.jodatime.RandoopTest4.test341, randoop.jodatime.RandoopTest0.test391, randoop.jodatime.RandoopTest4.test41, randoop.jodatime.RandoopTest4.test431, randoop.jodatime.RandoopTest0.test12, randoop.jodatime.RandoopTest4.test320, randoop.jodatime.RandoopTest5.test71, randoop.jodatime.RandoopTest2.test39, randoop.jodatime.RandoopTest2.test200, randoop.jodatime.RandoopTest4.test81, randoop.jodatime.RandoopTest4.test413, randoop.jodatime.RandoopTest2.test215, randoop.jodatime.RandoopTest0.test356, randoop.jodatime.RandoopTest4.test216, randoop.jodatime.RandoopTest3.test217, randoop.jodatime.RandoopTest1.test56, randoop.jodatime.RandoopTest4.test46, randoop.jodatime.RandoopTest1.test175, randoop.jodatime.RandoopTest1.test337, randoop.jodatime.RandoopTest5.test134, randoop.jodatime.RandoopTest4.test464, randoop.jodatime.RandoopTest4.test394, randoop.jodatime.RandoopTest3.test353, randoop.jodatime.RandoopTest0.test175, randoop.jodatime.RandoopTest2.test268, randoop.jodatime.RandoopTest1.test216, randoop.jodatime.RandoopTest2.test115, randoop.jodatime.RandoopTest1.test211, randoop.jodatime.RandoopTest5.test10, randoop.jodatime.RandoopTest4.test272, randoop.jodatime.RandoopTest4.test15, randoop.jodatime.RandoopTest0.test109, randoop.jodatime.RandoopTest1.test280, randoop.jodatime.RandoopTest0.test32, randoop.jodatime.RandoopTest2.test61, randoop.jodatime.RandoopTest1.test298, randoop.jodatime.RandoopTest5.test21, randoop.jodatime.RandoopTest2.test120, randoop.jodatime.RandoopTest4.test274, randoop.jodatime.RandoopTest0.test183, randoop.jodatime.RandoopTest4.test403, randoop.jodatime.RandoopTest0.test71, randoop.jodatime.RandoopTest1.test354, randoop.jodatime.RandoopTest2.test332, randoop.jodatime.RandoopTest3.test261, randoop.jodatime.RandoopTest1.test349, randoop.jodatime.RandoopTest1.test416, randoop.jodatime.RandoopTest3.test370, randoop.jodatime.RandoopTest0.test343, randoop.jodatime.RandoopTest4.test237, randoop.jodatime.RandoopTest5.test69, randoop.jodatime.RandoopTest2.test183, randoop.jodatime.RandoopTest1.test162, randoop.jodatime.RandoopTest2.test161, randoop.jodatime.RandoopTest4.test117, randoop.jodatime.RandoopTest3.test478, randoop.jodatime.RandoopTest0.test437, randoop.jodatime.RandoopTest5.test100, randoop.jodatime.RandoopTest1.test378, randoop.jodatime.RandoopTest4.test376, randoop.jodatime.RandoopTest0.test368, randoop.jodatime.RandoopTest1.test312, randoop.jodatime.RandoopTest4.test69, randoop.jodatime.RandoopTest4.test379, randoop.jodatime.RandoopTest3.test244, randoop.jodatime.RandoopTest4.test12, randoop.jodatime.RandoopTest2.test203, randoop.jodatime.RandoopTest1.test455, randoop.jodatime.RandoopTest0.test55, randoop.jodatime.RandoopTest4.test198, randoop.jodatime.RandoopTest3.test37, randoop.jodatime.RandoopTest4.test122, randoop.jodatime.RandoopTest0.test319, randoop.jodatime.RandoopTest4.test127, randoop.jodatime.RandoopTest3.test228, randoop.jodatime.RandoopTest0.test134, randoop.jodatime.RandoopTest2.test405, randoop.jodatime.RandoopTest1.test77, randoop.jodatime.RandoopTest4.test143, randoop.jodatime.RandoopTest4.test2, randoop.jodatime.RandoopTest4.test443, randoop.jodatime.RandoopTest4.test261, randoop.jodatime.RandoopTest1.test357, randoop.jodatime.RandoopTest3.test91, randoop.jodatime.RandoopTest3.test480, randoop.jodatime.RandoopTest1.test98, randoop.jodatime.RandoopTest0.test404, randoop.jodatime.RandoopTest0.test34, randoop.jodatime.RandoopTest1.test43, randoop.jodatime.RandoopTest4.test238, randoop.jodatime.RandoopTest2.test75, randoop.jodatime.RandoopTest4.test107, randoop.jodatime.RandoopTest4.test125, randoop.jodatime.RandoopTest1.test385, randoop.jodatime.RandoopTest0.test122, randoop.jodatime.RandoopTest4.test170, randoop.jodatime.RandoopTest1.test470, randoop.jodatime.RandoopTest1.test228, randoop.jodatime.RandoopTest4.test476, randoop.jodatime.RandoopTest4.test269, randoop.jodatime.RandoopTest4.test257, randoop.jodatime.RandoopTest5.test118, randoop.jodatime.RandoopTest2.test23, randoop.jodatime.RandoopTest4.test391, randoop.jodatime.RandoopTest4.test135, randoop.jodatime.RandoopTest0.test170, randoop.jodatime.RandoopTest2.test340, randoop.jodatime.RandoopTest4.test289, randoop.jodatime.RandoopTest5.test66, randoop.jodatime.RandoopTest4.test230, randoop.jodatime.RandoopTest3.test422, randoop.jodatime.RandoopTest5.test77, randoop.jodatime.RandoopTest4.test68, randoop.jodatime.RandoopTest3.test473, randoop.jodatime.RandoopTest4.test291, randoop.jodatime.RandoopTest0.test424, randoop.jodatime.RandoopTest5.test120, randoop.jodatime.RandoopTest4.test218, randoop.jodatime.RandoopTest2.test133, randoop.jodatime.RandoopTest2.test111, randoop.jodatime.RandoopTest4.test467, randoop.jodatime.RandoopTest2.test312, randoop.jodatime.RandoopTest4.test147, randoop.jodatime.RandoopTest2.test471, randoop.jodatime.RandoopTest1.test157, randoop.jodatime.RandoopTest4.test430, randoop.jodatime.RandoopTest3.test453, randoop.jodatime.RandoopTest0.test120, randoop.jodatime.RandoopTest4.test273, randoop.jodatime.RandoopTest4.test250, randoop.jodatime.RandoopTest1.test104, randoop.jodatime.RandoopTest4.test20, randoop.jodatime.RandoopTest2.test478, randoop.jodatime.RandoopTest4.test74, randoop.jodatime.RandoopTest3.test221, randoop.jodatime.RandoopTest2.test386, randoop.jodatime.RandoopTest2.test473, randoop.jodatime.RandoopTest4.test364, randoop.jodatime.RandoopTest2.test118, randoop.jodatime.RandoopTest1.test82, randoop.jodatime.RandoopTest4.test54, randoop.jodatime.RandoopTest1.test96, randoop.jodatime.RandoopTest5.test60, randoop.jodatime.RandoopTest1.test262, randoop.jodatime.RandoopTest1.test490, randoop.jodatime.RandoopTest2.test80, randoop.jodatime.RandoopTest2.test98, randoop.jodatime.RandoopTest1.test444, randoop.jodatime.RandoopTest1.test57, randoop.jodatime.RandoopTest4.test386, randoop.jodatime.RandoopTest2.test443, randoop.jodatime.RandoopTest5.test126, randoop.jodatime.RandoopTest1.test420, randoop.jodatime.RandoopTest4.test26, randoop.jodatime.RandoopTest2.test323, randoop.jodatime.RandoopTest5.test136, randoop.jodatime.RandoopTest0.test454, randoop.jodatime.RandoopTest4.test141, randoop.jodatime.RandoopTest3.test393, randoop.jodatime.RandoopTest2.test43, randoop.jodatime.RandoopTest1.test481, randoop.jodatime.RandoopTest2.test277, randoop.jodatime.RandoopTest2.test103, randoop.jodatime.RandoopTest0.test499, randoop.jodatime.RandoopTest2.test355, randoop.jodatime.RandoopTest2.test454, randoop.jodatime.RandoopTest1.test24, randoop.jodatime.RandoopTest2.test59, randoop.jodatime.RandoopTest1.test267, randoop.jodatime.RandoopTest3.test416, randoop.jodatime.RandoopTest4.test48, randoop.jodatime.RandoopTest4.test203, randoop.jodatime.RandoopTest1.test46, randoop.jodatime.RandoopTest4.test33, randoop.jodatime.RandoopTest1.test74, randoop.jodatime.RandoopTest5.test53, randoop.jodatime.RandoopTest2.test95, randoop.jodatime.RandoopTest2.test489, randoop.jodatime.RandoopTest4.test254, randoop.jodatime.RandoopTest5.test65, randoop.jodatime.RandoopTest1.test250, randoop.jodatime.RandoopTest0.test24]

Time each test takes to run in the new order:
[123416279, 42318389, 28078981, 39616492, 36250715, 58207328, 19480196, 24675184, 18974083, 21757866, 12202241, 10146733, 10398804, 10503131, 8475614, 6004310, 8212188, 5500991, 19430505, 26951868, 14140012, 25622222, 9341772, 26200684, 8227249, 12257842, 12029387, 11896576, 19921346, 18835588, 17611720, 22633022, 13919576, 22116954, 13860643, 22622760, 9835053, 21649184, 19801950, 13216613, 19795920, 28489744, 12646672, 18389306, 12607512, 12879252, 12575169, 22035296, 12841944, 12593582, 16254119, 12199362, 11367392, 3451487, 10980688, 18211456, 11613046, 14036190, 2595383, 10672630, 13705253, 3579469, 2284133, 18548975, 2684227, 10780684, 10358427, 2413728, 2432820, 2428297, 18543913, 15750631, 5990461, 9138809, 10743430, 1879950, 5906015, 5572935, 1905559, 10402001, 6032257, 2252270, 7592638, 2332479, 2173948, 6088160, 2140618, 13492368, 2393944, 6272854, 8429118, 3377791, 2510601, 7137936, 8557028, 2153281, 1990994, 6102978, 11737587, 2047448, 6018031, 1924855, 4280286, 1848892, 2051732, 11286549, 1933201, 2004027, 9919824, 1939200, 6009986, 2033331, 5965796, 2075834, 6019366, 2213148, 7462784, 2036274, 1953851, 6061261, 1943235, 6257723, 1976802, 6037576, 1981515, 6075001, 8247356, 2137897, 6819954, 5992643, 2828505, 6712439, 2046305, 5987695, 1938484, 5968534, 6029415, 5510706, 1976597, 7744049, 3072838, 5174803, 2053123, 7949015, 1864522, 1806608, 1812867, 1867673, 1728602, 1964450, 1737885, 2962200, 1765304, 1821884, 1826415, 1837351, 1762397, 1967413, 1835943, 1701041, 1754389, 1729127, 3742639, 1847525, 2129456, 1895151, 1705309, 1814313, 1730014, 1846335, 1904297, 1851310, 1849074, 1881050, 3087508, 1722426, 1821911, 1713988, 1674453, 1798105, 1759547, 1819086, 1770786, 1818292, 1787892, 3108229, 1781173, 1805846, 1823669, 1960130, 1751766, 1806074, 1862698, 1862325, 1733619, 1698867, 1698808, 3105331, 1765616, 1901620, 1764583, 1868902, 1803741, 1938649, 1768556, 1744415, 2195562, 1746509, 2881898, 2000126, 1899607, 1739847, 1836492, 1777715, 1807821, 1859406, 1825105, 1781944, 1743640, 1903175, 2935259, 1879906, 1904285, 1833630, 1806495, 1744124, 1733030, 1774391, 1840545, 1876361, 1767469, 2822973, 1760742, 6436810, 1797583, 4411814, 1994668, 1761977, 2835510, 2467604, 1821909, 3137635, 1877999, 1834154, 1887018, 8175902, 2301884, 5217259, 2154843, 2457096, 1961379, 2190864, 3589908, 1959642, 48502423, 2109922, 5206051, 1809611, 2544892, 2440976, 2217409, 3061416, 1903422, 3408304, 9608773, 2195922, 2175066, 1539228, 6328219, 1937971, 902947, 6103810, 2041661, 5698879, 2013740, 3199891, 2045798, 2218417, 1969548, 2175390, 974075, 2058815, 1994853, 3170425, 1947362, 1717138, 1933324, 3940575, 2054569, 798932, 1853903, 2019614, 2085036, 2070630, 1964228, 1827613, 1968932, 2006823, 1960526, 3048060, 2061739, 2101262, 2936155, 2009205, 1924638, 1854614, 1721052, 1987992, 2071507, 1844182, 1900035, 1898392, 7465057, 2038960, 1830781, 2036464, 9056882, 2014729, 2057292, 776394, 1798845, 1929608, 2083621, 3099244, 1934346, 2158812, 1956478, 1852753, 1789350, 2560483, 1785760, 1708903, 2293528, 3042844, 1927360, 4148947, 2209223, 1929841, 1824344, 1909321, 742881, 1933658, 2051118, 7451517, 1905440, 6019675, 2937731, 1857054, 1969530, 8011050, 9384344, 1784753, 1999267, 1844917, 5981510, 1820231, 4232139, 1986275, 3023950, 5311051, 2106748, 6285945, 1746224, 8225340, 7341533, 1800988, 8150318, 1769043, 1964589, 9733259, 1717266, 1808926, 2300904, 2984505, 1933786, 4365994, 2005666, 1708957, 1776593, 1877343, 3002315, 1872571, 1805128, 1931052, 715845, 1807912, 1811238, 1698528, 1844296, 1926053, 1776977, 670455, 3033883, 1690690, 589314, 1930072, 1729699, 1888302, 1877650, 699053, 1808011, 1857890, 1892301, 1825137, 2424143, 3510180, 1924535, 2086254, 1878262, 2278405, 2131121, 1939699, 2820995, 1808597, 1954357, 1750715, 3020419, 1737644, 1864841, 1757348, 1840427, 2024998, 2074520, 1714384, 2246165, 704064, 1852684, 1891480, 2882496, 1863445, 4974352, 1919752, 1918093, 1863149, 695571, 1863584, 1834108, 1753188, 726203, 1993110, 2746997, 1737914, 1873217, 1863862, 1824278, 2537344, 1826235, 1941108, 1986233, 1864733, 1819492, 2574593, 2001108, 1898018, 1713014, 1860047, 1805817, 1874027, 545383, 1911246, 1725669, 1883474, 639520, 2469805, 1723431]

Dependent test list:
[Test: randoop.jodatime.RandoopTest3.test195, Intended behavior: FAILURE, when executed after: [randoop.jodatime.RandoopTest3.test193], The revealed different behavior: PASS, when executed after: [], Test: randoop.jodatime.RandoopTest2.test487, Intended behavior: FAILURE, when executed after: [randoop.jodatime.RandoopTest2.test376], The revealed different behavior: PASS, when executed after: [], Test: randoop.jodatime.RandoopTest2.test490, Intended behavior: FAILURE, when executed after: [randoop.jodatime.RandoopTest2.test487], The revealed different behavior: PASS, when executed after: [], Test: randoop.jodatime.RandoopTest2.test284, Intended behavior: FAILURE, when executed after: [randoop.jodatime.RandoopTest2.test269], The revealed different behavior: PASS, when executed after: [], Test: randoop.jodatime.RandoopTest3.test389, Intended behavior: FAILURE, when executed after: [randoop.jodatime.RandoopTest3.test383], The revealed different behavior: PASS, when executed after: [], Test: randoop.jodatime.RandoopTest3.test193, Intended behavior: FAILURE, when executed after: [randoop.jodatime.RandoopTest3.test189], The revealed different behavior: PASS, when executed after: [], Test: randoop.jodatime.RandoopTest2.test493, Intended behavior: FAILURE, when executed after: [randoop.jodatime.RandoopTest2.test490], The revealed different behavior: PASS, when executed after: [], Test: randoop.jodatime.RandoopTest0.test152, Intended behavior: FAILURE, when executed after: [randoop.jodatime.RandoopTest0.test146], The revealed different behavior: PASS, when executed after: [], Test: randoop.jodatime.RandoopTest0.test395, Intended behavior: FAILURE, when executed after: [randoop.jodatime.RandoopTest0.test390], The revealed different behavior: PASS, when executed after: [], Test: randoop.jodatime.RandoopTest0.test144, Intended behavior: FAILURE, when executed after: [randoop.jodatime.RandoopTest0.test141], The revealed different behavior: PASS, when executed after: [], Test: randoop.jodatime.RandoopTest0.test498, Intended behavior: FAILURE, when executed after: [randoop.jodatime.RandoopTest0.test406], The revealed different behavior: PASS, when executed after: [], Test: randoop.jodatime.RandoopTest0.test146, Intended behavior: FAILURE, when executed after: [randoop.jodatime.RandoopTest0.test144], The revealed different behavior: PASS, when executed after: [], Test: randoop.jodatime.RandoopTest3.test189, Intended behavior: FAILURE, when executed after: [randoop.jodatime.RandoopTest3.test185], The revealed different behavior: PASS, when executed after: [], Test: randoop.jodatime.RandoopTest3.test398, Intended behavior: FAILURE, when executed after: [randoop.jodatime.RandoopTest3.test389], The revealed different behavior: PASS, when executed after: [], Test: randoop.jodatime.RandoopTest3.test383, Intended behavior: FAILURE, when executed after: [randoop.jodatime.RandoopTest3.test382], The revealed different behavior: PASS, when executed after: [], Test: randoop.jodatime.RandoopTest3.test185, Intended behavior: FAILURE, when executed after: [randoop.jodatime.RandoopTest3.test184], The revealed different behavior: PASS, when executed after: [], Test: randoop.jodatime.RandoopTest3.test92, Intended behavior: FAILURE, when executed after: [randoop.jodatime.RandoopTest3.test87], The revealed different behavior: PASS, when executed after: [], Test: randoop.jodatime.RandoopTest1.test467, Intended behavior: FAILURE, when executed after: [randoop.jodatime.RandoopTest1.test465], The revealed different behavior: PASS, when executed after: [], Test: randoop.jodatime.RandoopTest0.test165, Intended behavior: FAILURE, when executed after: [randoop.jodatime.RandoopTest0.test159], The revealed different behavior: PASS, when executed after: [], Test: randoop.jodatime.RandoopTest3.test99, Intended behavior: FAILURE, when executed after: [randoop.jodatime.RandoopTest3.test98], The revealed different behavior: PASS, when executed after: [], Test: randoop.jodatime.RandoopTest3.test95, Intended behavior: FAILURE, when executed after: [randoop.jodatime.RandoopTest3.test92], The revealed different behavior: PASS, when executed after: [], Test: randoop.jodatime.RandoopTest3.test96, Intended behavior: FAILURE, when executed after: [randoop.jodatime.RandoopTest3.test95], The revealed different behavior: PASS, when executed after: [], Test: randoop.jodatime.RandoopTest0.test159, Intended behavior: FAILURE, when executed after: [randoop.jodatime.RandoopTest0.test152], The revealed different behavior: PASS, when executed after: [], Test: randoop.jodatime.RandoopTest3.test196, Intended behavior: FAILURE, when executed after: [randoop.jodatime.RandoopTest3.test195], The revealed different behavior: PASS, when executed after: [], Test: randoop.jodatime.RandoopTest2.test495, Intended behavior: FAILURE, when executed after: [randoop.jodatime.RandoopTest2.test493], The revealed different behavior: PASS, when executed after: [], Test: randoop.jodatime.RandoopTest3.test199, Intended behavior: FAILURE, when executed after: [randoop.jodatime.RandoopTest3.test196], The revealed different behavior: PASS, when executed after: [], Test: randoop.jodatime.RandoopTest3.test81, Intended behavior: FAILURE, when executed after: [randoop.jodatime.RandoopTest3.test65], The revealed different behavior: PASS, when executed after: [], Test: randoop.jodatime.RandoopTest3.test84, Intended behavior: FAILURE, when executed after: [randoop.jodatime.RandoopTest3.test81], The revealed different behavior: PASS, when executed after: [], Test: randoop.jodatime.RandoopTest0.test172, Intended behavior: FAILURE, when executed after: [randoop.jodatime.RandoopTest0.test165], The revealed different behavior: PASS, when executed after: [], Test: randoop.jodatime.RandoopTest1.test154, Intended behavior: FAILURE, when executed after: [randoop.jodatime.RandoopTest0.test498], The revealed different behavior: PASS, when executed after: [], Test: randoop.jodatime.RandoopTest3.test87, Intended behavior: FAILURE, when executed after: [randoop.jodatime.RandoopTest3.test84], The revealed different behavior: PASS, when executed after: [], Test: randoop.jodatime.RandoopTest0.test182, Intended behavior: FAILURE, when executed after: [randoop.jodatime.RandoopTest0.test181], The revealed different behavior: PASS, when executed after: [], Test: randoop.jodatime.RandoopTest0.test181, Intended behavior: FAILURE, when executed after: [randoop.jodatime.RandoopTest0.test172], The revealed different behavior: PASS, when executed after: [], Test: randoop.jodatime.RandoopTest0.test196, Intended behavior: FAILURE, when executed after: [randoop.jodatime.RandoopTest0.test192], The revealed different behavior: PASS, when executed after: [], Test: randoop.jodatime.RandoopTest3.test411, Intended behavior: FAILURE, when executed after: [randoop.jodatime.RandoopTest3.test409], The revealed different behavior: PASS, when executed after: [], Test: randoop.jodatime.RandoopTest1.test220, Intended behavior: FAILURE, when executed after: [randoop.jodatime.RandoopTest1.test168], The revealed different behavior: PASS, when executed after: [], Test: randoop.jodatime.RandoopTest1.test168, Intended behavior: FAILURE, when executed after: [randoop.jodatime.RandoopTest1.test154], The revealed different behavior: PASS, when executed after: [], Test: randoop.jodatime.RandoopTest0.test386, Intended behavior: FAILURE, when executed after: [randoop.jodatime.RandoopTest0.test378], The revealed different behavior: PASS, when executed after: [], Test: randoop.jodatime.RandoopTest0.test192, Intended behavior: FAILURE, when executed after: [randoop.jodatime.RandoopTest0.test188], The revealed different behavior: PASS, when executed after: [], Test: randoop.jodatime.RandoopTest0.test387, Intended behavior: FAILURE, when executed after: [randoop.jodatime.RandoopTest0.test386], The revealed different behavior: PASS, when executed after: [], Test: randoop.jodatime.RandoopTest0.test389, Intended behavior: FAILURE, when executed after: [randoop.jodatime.RandoopTest0.test387], The revealed different behavior: PASS, when executed after: [], Test: randoop.jodatime.RandoopTest0.test293, Intended behavior: FAILURE, when executed after: [randoop.jodatime.RandoopTest0.test283], The revealed different behavior: PASS, when executed after: [], Test: randoop.jodatime.RandoopTest0.test297, Intended behavior: FAILURE, when executed after: [randoop.jodatime.RandoopTest0.test293], The revealed different behavior: PASS, when executed after: [], Test: randoop.jodatime.RandoopTest0.test390, Intended behavior: FAILURE, when executed after: [randoop.jodatime.RandoopTest0.test389], The revealed different behavior: PASS, when executed after: [], Test: randoop.jodatime.RandoopTest0.test188, Intended behavior: FAILURE, when executed after: [randoop.jodatime.RandoopTest0.test182], The revealed different behavior: PASS, when executed after: [], Test: randoop.jodatime.RandoopTest2.test58, Intended behavior: FAILURE, when executed after: [randoop.jodatime.RandoopTest1.test475], The revealed different behavior: PASS, when executed after: [], Test: randoop.jodatime.RandoopTest2.test259, Intended behavior: FAILURE, when executed after: [randoop.jodatime.RandoopTest2.test216], The revealed different behavior: PASS, when executed after: [], Test: randoop.jodatime.RandoopTest0.test267, Intended behavior: FAILURE, when executed after: [randoop.jodatime.RandoopTest0.test260], The revealed different behavior: PASS, when executed after: [], Test: randoop.jodatime.RandoopTest4.test434, Intended behavior: FAILURE, when executed after: [randoop.jodatime.RandoopTest4.test138], The revealed different behavior: PASS, when executed after: [], Test: randoop.jodatime.RandoopTest4.test13, Intended behavior: FAILURE, when executed after: [randoop.jodatime.RandoopTest4.test5], The revealed different behavior: PASS, when executed after: [], Test: randoop.jodatime.RandoopTest3.test294, Intended behavior: FAILURE, when executed after: [randoop.jodatime.RandoopTest3.test292], The revealed different behavior: PASS, when executed after: [], Test: randoop.jodatime.RandoopTest3.test292, Intended behavior: FAILURE, when executed after: [randoop.jodatime.RandoopTest3.test288], The revealed different behavior: PASS, when executed after: [], Test: randoop.jodatime.RandoopTest3.test150, Intended behavior: FAILURE, when executed after: [randoop.jodatime.RandoopTest3.test148], The revealed different behavior: PASS, when executed after: [], Test: randoop.jodatime.RandoopTest3.test417, Intended behavior: FAILURE, when executed after: [randoop.jodatime.RandoopTest3.test413], The revealed different behavior: PASS, when executed after: [], Test: randoop.jodatime.RandoopTest3.test151, Intended behavior: FAILURE, when executed after: [randoop.jodatime.RandoopTest3.test150], The revealed different behavior: PASS, when executed after: [], Test: randoop.jodatime.RandoopTest3.test418, Intended behavior: FAILURE, when executed after: [randoop.jodatime.RandoopTest3.test417], The revealed different behavior: PASS, when executed after: [], Test: randoop.jodatime.RandoopTest3.test419, Intended behavior: FAILURE, when executed after: [randoop.jodatime.RandoopTest3.test418], The revealed different behavior: PASS, when executed after: [], Test: randoop.jodatime.RandoopTest3.test413, Intended behavior: FAILURE, when executed after: [randoop.jodatime.RandoopTest3.test411], The revealed different behavior: PASS, when executed after: [], Test: randoop.jodatime.RandoopTest3.test148, Intended behavior: FAILURE, when executed after: [randoop.jodatime.RandoopTest3.test144], The revealed different behavior: PASS, when executed after: [], Test: randoop.jodatime.RandoopTest3.test144, Intended behavior: FAILURE, when executed after: [randoop.jodatime.RandoopTest3.test142], The revealed different behavior: PASS, when executed after: [], Test: randoop.jodatime.RandoopTest3.test142, Intended behavior: FAILURE, when executed after: [randoop.jodatime.RandoopTest3.test138], The revealed different behavior: PASS, when executed after: [], Test: randoop.jodatime.RandoopTest3.test288, Intended behavior: FAILURE, when executed after: [randoop.jodatime.RandoopTest3.test280], The revealed different behavior: PASS, when executed after: [], Test: randoop.jodatime.RandoopTest3.test409, Intended behavior: FAILURE, when executed after: [randoop.jodatime.RandoopTest3.test407], The revealed different behavior: PASS, when executed after: [], Test: randoop.jodatime.RandoopTest3.test161, Intended behavior: FAILURE, when executed after: [randoop.jodatime.RandoopTest3.test159], The revealed different behavior: PASS, when executed after: [], Test: randoop.jodatime.RandoopTest3.test407, Intended behavior: FAILURE, when executed after: [randoop.jodatime.RandoopTest3.test403], The revealed different behavior: PASS, when executed after: [], Test: randoop.jodatime.RandoopTest3.test403, Intended behavior: FAILURE, when executed after: [randoop.jodatime.RandoopTest3.test398], The revealed different behavior: PASS, when executed after: [], Test: randoop.jodatime.RandoopTest3.test159, Intended behavior: FAILURE, when executed after: [randoop.jodatime.RandoopTest3.test152], The revealed different behavior: PASS, when executed after: [], Test: randoop.jodatime.RandoopTest2.test500, Intended behavior: FAILURE, when executed after: [randoop.jodatime.RandoopTest2.test495], The revealed different behavior: PASS, when executed after: [], Test: randoop.jodatime.RandoopTest3.test152, Intended behavior: FAILURE, when executed after: [randoop.jodatime.RandoopTest3.test151], The revealed different behavior: PASS, when executed after: [], Test: randoop.jodatime.RandoopTest3.test297, Intended behavior: FAILURE, when executed after: [randoop.jodatime.RandoopTest3.test294], The revealed different behavior: PASS, when executed after: [], Test: randoop.jodatime.RandoopTest3.test299, Intended behavior: FAILURE, when executed after: [randoop.jodatime.RandoopTest3.test297], The revealed different behavior: PASS, when executed after: [], Test: randoop.jodatime.RandoopTest3.test272, Intended behavior: FAILURE, when executed after: [randoop.jodatime.RandoopTest3.test270], The revealed different behavior: PASS, when executed after: [], Test: randoop.jodatime.RandoopTest3.test270, Intended behavior: FAILURE, when executed after: [randoop.jodatime.RandoopTest3.test269], The revealed different behavior: PASS, when executed after: [], Test: randoop.jodatime.RandoopTest3.test173, Intended behavior: FAILURE, when executed after: [randoop.jodatime.RandoopTest3.test170], The revealed different behavior: PASS, when executed after: [], Test: randoop.jodatime.RandoopTest3.test170, Intended behavior: FAILURE, when executed after: [randoop.jodatime.RandoopTest3.test166], The revealed different behavior: PASS, when executed after: [], Test: randoop.jodatime.RandoopTest3.test166, Intended behavior: FAILURE, when executed after: [randoop.jodatime.RandoopTest3.test163], The revealed different behavior: PASS, when executed after: [], Test: randoop.jodatime.RandoopTest3.test163, Intended behavior: FAILURE, when executed after: [randoop.jodatime.RandoopTest3.test161], The revealed different behavior: PASS, when executed after: [], Test: randoop.jodatime.RandoopTest3.test269, Intended behavior: FAILURE, when executed after: [randoop.jodatime.RandoopTest3.test266], The revealed different behavior: PASS, when executed after: [], Test: randoop.jodatime.RandoopTest3.test263, Intended behavior: FAILURE, when executed after: [randoop.jodatime.RandoopTest3.test262], The revealed different behavior: PASS, when executed after: [], Test: randoop.jodatime.RandoopTest3.test262, Intended behavior: FAILURE, when executed after: [randoop.jodatime.RandoopTest3.test259], The revealed different behavior: PASS, when executed after: [], Test: randoop.jodatime.RandoopTest3.test280, Intended behavior: FAILURE, when executed after: [randoop.jodatime.RandoopTest3.test277], The revealed different behavior: PASS, when executed after: [], Test: randoop.jodatime.RandoopTest4.test4, Intended behavior: FAILURE, when executed after: [randoop.jodatime.RandoopTest3.test498], The revealed different behavior: PASS, when executed after: [], Test: randoop.jodatime.RandoopTest4.test5, Intended behavior: FAILURE, when executed after: [randoop.jodatime.RandoopTest4.test4], The revealed different behavior: PASS, when executed after: [], Test: randoop.jodatime.RandoopTest3.test184, Intended behavior: FAILURE, when executed after: [randoop.jodatime.RandoopTest3.test182], The revealed different behavior: PASS, when executed after: [], Test: randoop.jodatime.RandoopTest3.test176, Intended behavior: FAILURE, when executed after: [randoop.jodatime.RandoopTest3.test173], The revealed different behavior: PASS, when executed after: [], Test: randoop.jodatime.RandoopTest0.test283, Intended behavior: FAILURE, when executed after: [randoop.jodatime.RandoopTest0.test282], The revealed different behavior: PASS, when executed after: [], Test: randoop.jodatime.RandoopTest0.test282, Intended behavior: FAILURE, when executed after: [randoop.jodatime.RandoopTest0.test267], The revealed different behavior: PASS, when executed after: [], Test: randoop.jodatime.RandoopTest3.test277, Intended behavior: FAILURE, when executed after: [randoop.jodatime.RandoopTest3.test275], The revealed different behavior: PASS, when executed after: [], Test: randoop.jodatime.RandoopTest3.test274, Intended behavior: FAILURE, when executed after: [randoop.jodatime.RandoopTest3.test272], The revealed different behavior: PASS, when executed after: [], Test: randoop.jodatime.RandoopTest3.test275, Intended behavior: FAILURE, when executed after: [randoop.jodatime.RandoopTest3.test274], The revealed different behavior: PASS, when executed after: [], Test: randoop.jodatime.RandoopTest3.test241, Intended behavior: FAILURE, when executed after: [randoop.jodatime.RandoopTest3.test239], The revealed different behavior: PASS, when executed after: [], Test: randoop.jodatime.RandoopTest3.test242, Intended behavior: FAILURE, when executed after: [randoop.jodatime.RandoopTest3.test241], The revealed different behavior: PASS, when executed after: [], Test: randoop.jodatime.RandoopTest0.test360, Intended behavior: FAILURE, when executed after: [randoop.jodatime.RandoopTest0.test347], The revealed different behavior: PASS, when executed after: [], Test: randoop.jodatime.RandoopTest3.test105, Intended behavior: FAILURE, when executed after: [randoop.jodatime.RandoopTest3.test102], The revealed different behavior: PASS, when executed after: [], Test: randoop.jodatime.RandoopTest0.test361, Intended behavior: FAILURE, when executed after: [randoop.jodatime.RandoopTest0.test360], The revealed different behavior: PASS, when executed after: [], Test: randoop.jodatime.RandoopTest3.test106, Intended behavior: FAILURE, when executed after: [randoop.jodatime.RandoopTest3.test105], The revealed different behavior: PASS, when executed after: [], Test: randoop.jodatime.RandoopTest3.test107, Intended behavior: FAILURE, when executed after: [randoop.jodatime.RandoopTest3.test106], The revealed different behavior: PASS, when executed after: [], Test: randoop.jodatime.RandoopTest3.test246, Intended behavior: FAILURE, when executed after: [randoop.jodatime.RandoopTest3.test242], The revealed different behavior: PASS, when executed after: [], Test: randoop.jodatime.RandoopTest3.test108, Intended behavior: FAILURE, when executed after: [randoop.jodatime.RandoopTest3.test107], The revealed different behavior: PASS, when executed after: [], Test: randoop.jodatime.RandoopTest3.test247, Intended behavior: FAILURE, when executed after: [randoop.jodatime.RandoopTest3.test246], The revealed different behavior: PASS, when executed after: [], Test: randoop.jodatime.RandoopTest3.test34, Intended behavior: FAILURE, when executed after: [randoop.jodatime.RandoopTest3.test32], The revealed different behavior: PASS, when executed after: [], Test: randoop.jodatime.RandoopTest3.test102, Intended behavior: FAILURE, when executed after: [randoop.jodatime.RandoopTest3.test99], The revealed different behavior: PASS, when executed after: [], Test: randoop.jodatime.RandoopTest3.test249, Intended behavior: FAILURE, when executed after: [randoop.jodatime.RandoopTest3.test247], The revealed different behavior: PASS, when executed after: [], Test: randoop.jodatime.RandoopTest3.test32, Intended behavior: FAILURE, when executed after: [randoop.jodatime.RandoopTest3.test29], The revealed different behavior: PASS, when executed after: [], Test: randoop.jodatime.RandoopTest1.test475, Intended behavior: FAILURE, when executed after: [randoop.jodatime.RandoopTest1.test467], The revealed different behavior: PASS, when executed after: [], Test: randoop.jodatime.RandoopTest4.test138, Intended behavior: FAILURE, when executed after: [randoop.jodatime.RandoopTest4.test13], The revealed different behavior: PASS, when executed after: [], Test: randoop.jodatime.RandoopTest3.test98, Intended behavior: FAILURE, when executed after: [randoop.jodatime.RandoopTest3.test96], The revealed different behavior: PASS, when executed after: [], Test: randoop.jodatime.RandoopTest3.test266, Intended behavior: FAILURE, when executed after: [randoop.jodatime.RandoopTest3.test263], The revealed different behavior: PASS, when executed after: [], Test: randoop.jodatime.RandoopTest3.test182, Intended behavior: FAILURE, when executed after: [randoop.jodatime.RandoopTest3.test176], The revealed different behavior: PASS, when executed after: [], Test: randoop.jodatime.RandoopTest0.test260, Intended behavior: FAILURE, when executed after: [randoop.jodatime.RandoopTest0.test258], The revealed different behavior: PASS, when executed after: [], Test: randoop.jodatime.RandoopTest3.test300, Intended behavior: FAILURE, when executed after: [randoop.jodatime.RandoopTest3.test299], The revealed different behavior: PASS, when executed after: [], Test: randoop.jodatime.RandoopTest3.test447, Intended behavior: FAILURE, when executed after: [randoop.jodatime.RandoopTest3.test446], The revealed different behavior: PASS, when executed after: [], Test: randoop.jodatime.RandoopTest0.test258, Intended behavior: FAILURE, when executed after: [randoop.jodatime.RandoopTest0.test252], The revealed different behavior: PASS, when executed after: [], Test: randoop.jodatime.RandoopTest3.test446, Intended behavior: FAILURE, when executed after: [randoop.jodatime.RandoopTest3.test445], The revealed different behavior: PASS, when executed after: [], Test: randoop.jodatime.RandoopTest3.test301, Intended behavior: FAILURE, when executed after: [randoop.jodatime.RandoopTest3.test300], The revealed different behavior: PASS, when executed after: [], Test: randoop.jodatime.RandoopTest3.test36, Intended behavior: FAILURE, when executed after: [randoop.jodatime.RandoopTest3.test34], The revealed different behavior: PASS, when executed after: [], Test: randoop.jodatime.RandoopTest3.test308, Intended behavior: FAILURE, when executed after: [randoop.jodatime.RandoopTest3.test304], The revealed different behavior: PASS, when executed after: [], Test: randoop.jodatime.RandoopTest3.test441, Intended behavior: FAILURE, when executed after: [randoop.jodatime.RandoopTest3.test435], The revealed different behavior: PASS, when executed after: [], Test: randoop.jodatime.RandoopTest3.test309, Intended behavior: FAILURE, when executed after: [randoop.jodatime.RandoopTest3.test308], The revealed different behavior: PASS, when executed after: [], Test: randoop.jodatime.RandoopTest3.test304, Intended behavior: FAILURE, when executed after: [randoop.jodatime.RandoopTest3.test301], The revealed different behavior: PASS, when executed after: [], Test: randoop.jodatime.RandoopTest3.test442, Intended behavior: FAILURE, when executed after: [randoop.jodatime.RandoopTest3.test441], The revealed different behavior: PASS, when executed after: [], Test: randoop.jodatime.RandoopTest3.test445, Intended behavior: FAILURE, when executed after: [randoop.jodatime.RandoopTest3.test442], The revealed different behavior: PASS, when executed after: [], Test: randoop.jodatime.RandoopTest3.test252, Intended behavior: FAILURE, when executed after: [randoop.jodatime.RandoopTest3.test249], The revealed different behavior: PASS, when executed after: [], Test: randoop.jodatime.RandoopTest3.test118, Intended behavior: FAILURE, when executed after: [randoop.jodatime.RandoopTest3.test116], The revealed different behavior: PASS, when executed after: [], Test: randoop.jodatime.RandoopTest3.test257, Intended behavior: FAILURE, when executed after: [randoop.jodatime.RandoopTest3.test252], The revealed different behavior: PASS, when executed after: [], Test: randoop.jodatime.RandoopTest3.test258, Intended behavior: FAILURE, when executed after: [randoop.jodatime.RandoopTest3.test257], The revealed different behavior: PASS, when executed after: [], Test: randoop.jodatime.RandoopTest3.test116, Intended behavior: FAILURE, when executed after: [randoop.jodatime.RandoopTest3.test115], The revealed different behavior: PASS, when executed after: [], Test: randoop.jodatime.RandoopTest0.test252, Intended behavior: FAILURE, when executed after: [randoop.jodatime.RandoopTest0.test251], The revealed different behavior: PASS, when executed after: [], Test: randoop.jodatime.RandoopTest3.test115, Intended behavior: FAILURE, when executed after: [randoop.jodatime.RandoopTest3.test113], The revealed different behavior: PASS, when executed after: [], Test: randoop.jodatime.RandoopTest3.test259, Intended behavior: FAILURE, when executed after: [randoop.jodatime.RandoopTest3.test258], The revealed different behavior: PASS, when executed after: [], Test: randoop.jodatime.RandoopTest3.test113, Intended behavior: FAILURE, when executed after: [randoop.jodatime.RandoopTest3.test108], The revealed different behavior: PASS, when executed after: [], Test: randoop.jodatime.RandoopTest0.test251, Intended behavior: FAILURE, when executed after: [randoop.jodatime.RandoopTest0.test247], The revealed different behavior: PASS, when executed after: [], Test: randoop.jodatime.RandoopTest3.test40, Intended behavior: FAILURE, when executed after: [randoop.jodatime.RandoopTest3.test36], The revealed different behavior: PASS, when executed after: [], Test: randoop.jodatime.RandoopTest3.test313, Intended behavior: FAILURE, when executed after: [randoop.jodatime.RandoopTest3.test312], The revealed different behavior: PASS, when executed after: [], Test: randoop.jodatime.RandoopTest3.test312, Intended behavior: FAILURE, when executed after: [randoop.jodatime.RandoopTest3.test309], The revealed different behavior: PASS, when executed after: [], Test: randoop.jodatime.RandoopTest3.test457, Intended behavior: FAILURE, when executed after: [randoop.jodatime.RandoopTest3.test455], The revealed different behavior: PASS, when executed after: [], Test: randoop.jodatime.RandoopTest0.test247, Intended behavior: FAILURE, when executed after: [randoop.jodatime.RandoopTest0.test246], The revealed different behavior: PASS, when executed after: [], Test: randoop.jodatime.RandoopTest3.test46, Intended behavior: FAILURE, when executed after: [randoop.jodatime.RandoopTest3.test40], The revealed different behavior: PASS, when executed after: [], Test: randoop.jodatime.RandoopTest0.test246, Intended behavior: FAILURE, when executed after: [randoop.jodatime.RandoopTest0.test235], The revealed different behavior: PASS, when executed after: [], Test: randoop.jodatime.RandoopTest3.test452, Intended behavior: FAILURE, when executed after: [randoop.jodatime.RandoopTest3.test451], The revealed different behavior: PASS, when executed after: [], Test: randoop.jodatime.RandoopTest3.test451, Intended behavior: FAILURE, when executed after: [randoop.jodatime.RandoopTest3.test447], The revealed different behavior: PASS, when executed after: [], Test: randoop.jodatime.RandoopTest3.test316, Intended behavior: FAILURE, when executed after: [randoop.jodatime.RandoopTest3.test313], The revealed different behavior: PASS, when executed after: [], Test: randoop.jodatime.RandoopTest3.test455, Intended behavior: FAILURE, when executed after: [randoop.jodatime.RandoopTest3.test454], The revealed different behavior: PASS, when executed after: [], Test: randoop.jodatime.RandoopTest0.test347, Intended behavior: FAILURE, when executed after: [randoop.jodatime.RandoopTest0.test346], The revealed different behavior: PASS, when executed after: [], Test: randoop.jodatime.RandoopTest3.test454, Intended behavior: FAILURE, when executed after: [randoop.jodatime.RandoopTest3.test452], The revealed different behavior: PASS, when executed after: [], Test: randoop.jodatime.RandoopTest0.test346, Intended behavior: FAILURE, when executed after: [randoop.jodatime.RandoopTest0.test338], The revealed different behavior: PASS, when executed after: [], Test: randoop.jodatime.RandoopTest3.test223, Intended behavior: FAILURE, when executed after: [randoop.jodatime.RandoopTest3.test220], The revealed different behavior: PASS, when executed after: [], Test: randoop.jodatime.RandoopTest3.test128, Intended behavior: FAILURE, when executed after: [randoop.jodatime.RandoopTest3.test125], The revealed different behavior: PASS, when executed after: [], Test: randoop.jodatime.RandoopTest3.test129, Intended behavior: FAILURE, when executed after: [randoop.jodatime.RandoopTest3.test128], The revealed different behavior: PASS, when executed after: [], Test: randoop.jodatime.RandoopTest3.test220, Intended behavior: FAILURE, when executed after: [randoop.jodatime.RandoopTest3.test219], The revealed different behavior: PASS, when executed after: [], Test: randoop.jodatime.RandoopTest3.test52, Intended behavior: FAILURE, when executed after: [randoop.jodatime.RandoopTest3.test46], The revealed different behavior: PASS, when executed after: [], Test: randoop.jodatime.RandoopTest3.test121, Intended behavior: FAILURE, when executed after: [randoop.jodatime.RandoopTest3.test118], The revealed different behavior: PASS, when executed after: [], Test: randoop.jodatime.RandoopTest3.test226, Intended behavior: FAILURE, when executed after: [randoop.jodatime.RandoopTest3.test223], The revealed different behavior: PASS, when executed after: [], Test: randoop.jodatime.RandoopTest3.test56, Intended behavior: FAILURE, when executed after: [randoop.jodatime.RandoopTest3.test54], The revealed different behavior: PASS, when executed after: [], Test: randoop.jodatime.RandoopTest3.test124, Intended behavior: FAILURE, when executed after: [randoop.jodatime.RandoopTest3.test121], The revealed different behavior: PASS, when executed after: [], Test: randoop.jodatime.RandoopTest3.test125, Intended behavior: FAILURE, when executed after: [randoop.jodatime.RandoopTest3.test124], The revealed different behavior: PASS, when executed after: [], Test: randoop.jodatime.RandoopTest3.test54, Intended behavior: FAILURE, when executed after: [randoop.jodatime.RandoopTest3.test52], The revealed different behavior: PASS, when executed after: [], Test: randoop.jodatime.RandoopTest3.test320, Intended behavior: FAILURE, when executed after: [randoop.jodatime.RandoopTest3.test316], The revealed different behavior: PASS, when executed after: [], Test: randoop.jodatime.RandoopTest3.test57, Intended behavior: FAILURE, when executed after: [randoop.jodatime.RandoopTest3.test56], The revealed different behavior: PASS, when executed after: [], Test: randoop.jodatime.RandoopTest0.test235, Intended behavior: FAILURE, when executed after: [randoop.jodatime.RandoopTest0.test229], The revealed different behavior: PASS, when executed after: [], Test: randoop.jodatime.RandoopTest3.test58, Intended behavior: FAILURE, when executed after: [randoop.jodatime.RandoopTest3.test57], The revealed different behavior: PASS, when executed after: [], Test: randoop.jodatime.RandoopTest3.test424, Intended behavior: FAILURE, when executed after: [randoop.jodatime.RandoopTest3.test420], The revealed different behavior: PASS, when executed after: [], Test: randoop.jodatime.RandoopTest3.test324, Intended behavior: FAILURE, when executed after: [randoop.jodatime.RandoopTest3.test320], The revealed different behavior: PASS, when executed after: [], Test: randoop.jodatime.RandoopTest3.test426, Intended behavior: FAILURE, when executed after: [randoop.jodatime.RandoopTest3.test424], The revealed different behavior: PASS, when executed after: [], Test: randoop.jodatime.RandoopTest3.test326, Intended behavior: FAILURE, when executed after: [randoop.jodatime.RandoopTest3.test324], The revealed different behavior: PASS, when executed after: [], Test: randoop.jodatime.RandoopTest3.test420, Intended behavior: FAILURE, when executed after: [randoop.jodatime.RandoopTest3.test419], The revealed different behavior: PASS, when executed after: [], Test: randoop.jodatime.RandoopTest3.test327, Intended behavior: FAILURE, when executed after: [randoop.jodatime.RandoopTest3.test326], The revealed different behavior: PASS, when executed after: [], Test: randoop.jodatime.RandoopTest0.test376, Intended behavior: FAILURE, when executed after: [randoop.jodatime.RandoopTest0.test370], The revealed different behavior: PASS, when executed after: [], Test: randoop.jodatime.RandoopTest0.test378, Intended behavior: FAILURE, when executed after: [randoop.jodatime.RandoopTest0.test376], The revealed different behavior: PASS, when executed after: [], Test: randoop.jodatime.RandoopTest3.test138, Intended behavior: FAILURE, when executed after: [randoop.jodatime.RandoopTest3.test132], The revealed different behavior: PASS, when executed after: [], Test: randoop.jodatime.RandoopTest3.test233, Intended behavior: FAILURE, when executed after: [randoop.jodatime.RandoopTest3.test232], The revealed different behavior: PASS, when executed after: [], Test: randoop.jodatime.RandoopTest0.test370, Intended behavior: FAILURE, when executed after: [randoop.jodatime.RandoopTest0.test369], The revealed different behavior: PASS, when executed after: [], Test: randoop.jodatime.RandoopTest3.test232, Intended behavior: FAILURE, when executed after: [randoop.jodatime.RandoopTest3.test226], The revealed different behavior: PASS, when executed after: [], Test: randoop.jodatime.RandoopTest3.test132, Intended behavior: FAILURE, when executed after: [randoop.jodatime.RandoopTest3.test130], The revealed different behavior: PASS, when executed after: [], Test: randoop.jodatime.RandoopTest3.test130, Intended behavior: FAILURE, when executed after: [randoop.jodatime.RandoopTest3.test129], The revealed different behavior: PASS, when executed after: [], Test: randoop.jodatime.RandoopTest3.test65, Intended behavior: FAILURE, when executed after: [randoop.jodatime.RandoopTest3.test58], The revealed different behavior: PASS, when executed after: [], Test: randoop.jodatime.RandoopTest3.test239, Intended behavior: FAILURE, when executed after: [randoop.jodatime.RandoopTest3.test233], The revealed different behavior: PASS, when executed after: [], Test: randoop.jodatime.RandoopTest3.test330, Intended behavior: FAILURE, when executed after: [randoop.jodatime.RandoopTest3.test327], The revealed different behavior: PASS, when executed after: [], Test: randoop.jodatime.RandoopTest0.test226, Intended behavior: FAILURE, when executed after: [randoop.jodatime.RandoopTest0.test208], The revealed different behavior: PASS, when executed after: [], Test: randoop.jodatime.RandoopTest3.test333, Intended behavior: FAILURE, when executed after: [randoop.jodatime.RandoopTest3.test332], The revealed different behavior: PASS, when executed after: [], Test: randoop.jodatime.RandoopTest3.test435, Intended behavior: FAILURE, when executed after: [randoop.jodatime.RandoopTest3.test434], The revealed different behavior: PASS, when executed after: [], Test: randoop.jodatime.RandoopTest3.test332, Intended behavior: FAILURE, when executed after: [randoop.jodatime.RandoopTest3.test330], The revealed different behavior: PASS, when executed after: [], Test: randoop.jodatime.RandoopTest3.test434, Intended behavior: FAILURE, when executed after: [randoop.jodatime.RandoopTest3.test432], The revealed different behavior: PASS, when executed after: [], Test: randoop.jodatime.RandoopTest3.test338, Intended behavior: FAILURE, when executed after: [randoop.jodatime.RandoopTest3.test336], The revealed different behavior: PASS, when executed after: [], Test: randoop.jodatime.RandoopTest3.test432, Intended behavior: FAILURE, when executed after: [randoop.jodatime.RandoopTest3.test426], The revealed different behavior: PASS, when executed after: [], Test: randoop.jodatime.RandoopTest0.test369, Intended behavior: FAILURE, when executed after: [randoop.jodatime.RandoopTest0.test361], The revealed different behavior: PASS, when executed after: [], Test: randoop.jodatime.RandoopTest3.test336, Intended behavior: FAILURE, when executed after: [randoop.jodatime.RandoopTest3.test333], The revealed different behavior: PASS, when executed after: [], Test: randoop.jodatime.RandoopTest0.test229, Intended behavior: FAILURE, when executed after: [randoop.jodatime.RandoopTest0.test226], The revealed different behavior: PASS, when executed after: [], Test: randoop.jodatime.RandoopTest3.test205, Intended behavior: FAILURE, when executed after: [randoop.jodatime.RandoopTest3.test201], The revealed different behavior: PASS, when executed after: [], Test: randoop.jodatime.RandoopTest3.test208, Intended behavior: FAILURE, when executed after: [randoop.jodatime.RandoopTest3.test205], The revealed different behavior: PASS, when executed after: [], Test: randoop.jodatime.RandoopTest3.test201, Intended behavior: FAILURE, when executed after: [randoop.jodatime.RandoopTest3.test199], The revealed different behavior: PASS, when executed after: [], Test: randoop.jodatime.RandoopTest0.test135, Intended behavior: FAILURE, when executed after: [randoop.jodatime.RandoopTest0.test115], The revealed different behavior: PASS, when executed after: [], Test: randoop.jodatime.RandoopTest3.test492, Intended behavior: FAILURE, when executed after: [randoop.jodatime.RandoopTest3.test487], The revealed different behavior: PASS, when executed after: [], Test: randoop.jodatime.RandoopTest3.test347, Intended behavior: FAILURE, when executed after: [randoop.jodatime.RandoopTest3.test346], The revealed different behavior: PASS, when executed after: [], Test: randoop.jodatime.RandoopTest0.test314, Intended behavior: FAILURE, when executed after: [randoop.jodatime.RandoopTest0.test306], The revealed different behavior: PASS, when executed after: [], Test: randoop.jodatime.RandoopTest3.test487, Intended behavior: FAILURE, when executed after: [randoop.jodatime.RandoopTest3.test481], The revealed different behavior: PASS, when executed after: [], Test: randoop.jodatime.RandoopTest3.test345, Intended behavior: FAILURE, when executed after: [randoop.jodatime.RandoopTest3.test338], The revealed different behavior: PASS, when executed after: [], Test: randoop.jodatime.RandoopTest3.test346, Intended behavior: FAILURE, when executed after: [randoop.jodatime.RandoopTest3.test345], The revealed different behavior: PASS, when executed after: [], Test: randoop.jodatime.RandoopTest0.test406, Intended behavior: FAILURE, when executed after: [randoop.jodatime.RandoopTest0.test395], The revealed different behavior: PASS, when executed after: [], Test: randoop.jodatime.RandoopTest3.test219, Intended behavior: FAILURE, when executed after: [randoop.jodatime.RandoopTest3.test210], The revealed different behavior: PASS, when executed after: [], Test: randoop.jodatime.RandoopTest3.test210, Intended behavior: FAILURE, when executed after: [randoop.jodatime.RandoopTest3.test208], The revealed different behavior: PASS, when executed after: [], Test: randoop.jodatime.RandoopTest3.test496, Intended behavior: FAILURE, when executed after: [randoop.jodatime.RandoopTest3.test492], The revealed different behavior: PASS, when executed after: [], Test: randoop.jodatime.RandoopTest0.test304, Intended behavior: FAILURE, when executed after: [randoop.jodatime.RandoopTest0.test297], The revealed different behavior: PASS, when executed after: [], Test: randoop.jodatime.RandoopTest3.test1, Intended behavior: FAILURE, when executed after: [randoop.jodatime.RandoopTest2.test500], The revealed different behavior: PASS, when executed after: [], Test: randoop.jodatime.RandoopTest3.test497, Intended behavior: FAILURE, when executed after: [randoop.jodatime.RandoopTest3.test496], The revealed different behavior: PASS, when executed after: [], Test: randoop.jodatime.RandoopTest3.test498, Intended behavior: FAILURE, when executed after: [randoop.jodatime.RandoopTest3.test497], The revealed different behavior: PASS, when executed after: [], Test: randoop.jodatime.RandoopTest0.test208, Intended behavior: FAILURE, when executed after: [randoop.jodatime.RandoopTest0.test196], The revealed different behavior: PASS, when executed after: [], Test: randoop.jodatime.RandoopTest3.test356, Intended behavior: FAILURE, when executed after: [randoop.jodatime.RandoopTest3.test352], The revealed different behavior: PASS, when executed after: [], Test: randoop.jodatime.RandoopTest0.test306, Intended behavior: FAILURE, when executed after: [randoop.jodatime.RandoopTest0.test304], The revealed different behavior: PASS, when executed after: [], Test: randoop.jodatime.RandoopTest3.test352, Intended behavior: FAILURE, when executed after: [randoop.jodatime.RandoopTest3.test347], The revealed different behavior: PASS, when executed after: [], Test: randoop.jodatime.RandoopTest3.test8, Intended behavior: FAILURE, when executed after: [randoop.jodatime.RandoopTest3.test7], The revealed different behavior: PASS, when executed after: [], Test: randoop.jodatime.RandoopTest3.test9, Intended behavior: FAILURE, when executed after: [randoop.jodatime.RandoopTest3.test8], The revealed different behavior: PASS, when executed after: [], Test: randoop.jodatime.RandoopTest3.test7, Intended behavior: FAILURE, when executed after: [randoop.jodatime.RandoopTest3.test1], The revealed different behavior: PASS, when executed after: [], Test: randoop.jodatime.RandoopTest3.test12, Intended behavior: FAILURE, when executed after: [randoop.jodatime.RandoopTest3.test9], The revealed different behavior: PASS, when executed after: [], Test: randoop.jodatime.RandoopTest3.test470, Intended behavior: FAILURE, when executed after: [randoop.jodatime.RandoopTest3.test467], The revealed different behavior: PASS, when executed after: [], Test: randoop.jodatime.RandoopTest0.test141, Intended behavior: FAILURE, when executed after: [randoop.jodatime.RandoopTest0.test135], The revealed different behavior: PASS, when executed after: [], Test: randoop.jodatime.RandoopTest0.test338, Intended behavior: FAILURE, when executed after: [randoop.jodatime.RandoopTest0.test325], The revealed different behavior: PASS, when executed after: [], Test: randoop.jodatime.RandoopTest3.test467, Intended behavior: FAILURE, when executed after: [randoop.jodatime.RandoopTest3.test462], The revealed different behavior: PASS, when executed after: [], Test: randoop.jodatime.RandoopTest3.test462, Intended behavior: FAILURE, when executed after: [randoop.jodatime.RandoopTest3.test457], The revealed different behavior: PASS, when executed after: [], Test: randoop.jodatime.RandoopTest3.test16, Intended behavior: FAILURE, when executed after: [randoop.jodatime.RandoopTest3.test14], The revealed different behavior: PASS, when executed after: [], Test: randoop.jodatime.RandoopTest3.test14, Intended behavior: FAILURE, when executed after: [randoop.jodatime.RandoopTest3.test12], The revealed different behavior: PASS, when executed after: [], Test: randoop.jodatime.RandoopTest3.test365, Intended behavior: FAILURE, when executed after: [randoop.jodatime.RandoopTest3.test356], The revealed different behavior: PASS, when executed after: [], Test: randoop.jodatime.RandoopTest3.test382, Intended behavior: FAILURE, when executed after: [randoop.jodatime.RandoopTest3.test381], The revealed different behavior: PASS, when executed after: [], Test: randoop.jodatime.RandoopTest3.test381, Intended behavior: FAILURE, when executed after: [randoop.jodatime.RandoopTest3.test380], The revealed different behavior: PASS, when executed after: [], Test: randoop.jodatime.RandoopTest3.test22, Intended behavior: FAILURE, when executed after: [randoop.jodatime.RandoopTest3.test16], The revealed different behavior: PASS, when executed after: [], Test: randoop.jodatime.RandoopTest3.test380, Intended behavior: FAILURE, when executed after: [randoop.jodatime.RandoopTest3.test376], The revealed different behavior: PASS, when executed after: [], Test: randoop.jodatime.RandoopTest3.test481, Intended behavior: FAILURE, when executed after: [randoop.jodatime.RandoopTest3.test471], The revealed different behavior: PASS, when executed after: [], Test: randoop.jodatime.RandoopTest0.test325, Intended behavior: FAILURE, when executed after: [randoop.jodatime.RandoopTest0.test320], The revealed different behavior: PASS, when executed after: [], Test: randoop.jodatime.RandoopTest0.test320, Intended behavior: FAILURE, when executed after: [randoop.jodatime.RandoopTest0.test314], The revealed different behavior: PASS, when executed after: [], Test: randoop.jodatime.RandoopTest3.test471, Intended behavior: FAILURE, when executed after: [randoop.jodatime.RandoopTest3.test470], The revealed different behavior: PASS, when executed after: [], Test: randoop.jodatime.RandoopTest3.test375, Intended behavior: FAILURE, when executed after: [randoop.jodatime.RandoopTest3.test365], The revealed different behavior: PASS, when executed after: [], Test: randoop.jodatime.RandoopTest3.test29, Intended behavior: FAILURE, when executed after: [randoop.jodatime.RandoopTest3.test28], The revealed different behavior: PASS, when executed after: [], Test: randoop.jodatime.RandoopTest3.test28, Intended behavior: FAILURE, when executed after: [randoop.jodatime.RandoopTest3.test22], The revealed different behavior: PASS, when executed after: [], Test: randoop.jodatime.RandoopTest3.test376, Intended behavior: FAILURE, when executed after: [randoop.jodatime.RandoopTest3.test375], The revealed different behavior: PASS, when executed after: [], Test: randoop.jodatime.RandoopTest2.test85, Intended behavior: FAILURE, when executed after: [randoop.jodatime.RandoopTest2.test58], The revealed different behavior: PASS, when executed after: [], Test: randoop.jodatime.RandoopTest2.test212, Intended behavior: FAILURE, when executed after: [randoop.jodatime.RandoopTest2.test85], The revealed different behavior: PASS, when executed after: [], Test: randoop.jodatime.RandoopTest2.test376, Intended behavior: FAILURE, when executed after: [randoop.jodatime.RandoopTest2.test310], The revealed different behavior: PASS, when executed after: [], Test: randoop.jodatime.RandoopTest2.test269, Intended behavior: FAILURE, when executed after: [randoop.jodatime.RandoopTest2.test259], The revealed different behavior: PASS, when executed after: [], Test: randoop.jodatime.RandoopTest1.test465, Intended behavior: FAILURE, when executed after: [randoop.jodatime.RandoopTest1.test220], The revealed different behavior: PASS, when executed after: [], Test: randoop.jodatime.RandoopTest2.test310, Intended behavior: FAILURE, when executed after: [randoop.jodatime.RandoopTest2.test289], The revealed different behavior: PASS, when executed after: [], Test: randoop.jodatime.RandoopTest2.test216, Intended behavior: FAILURE, when executed after: [randoop.jodatime.RandoopTest2.test212], The revealed different behavior: PASS, when executed after: [], Test: randoop.jodatime.RandoopTest2.test289, Intended behavior: FAILURE, when executed after: [randoop.jodatime.RandoopTest2.test284], The revealed different behavior: PASS, when executed after: []]

Coverage test list:
[0, 0, 0, 0, 0, 0, 0, 0, 5000, 0, 0, 0, 0, 0, 0, 0, 0, 0, 0, 0, 0, 0, 0, 0, 0, 0, 0, 0, 0, 0, 0, 0, 0, 0, 0, 0, 0, 0, 0, 0, 0, 0, 0, 0, 0, 0, 0, 0, 0, 0, 5000, 0, 0, 0, 0, 0, 0, 0, 0, 0, 0, 0, 0, 0, 0, 0, 0, 0, 0, 0, 0, 0, 0, 0, 0, 0, 0, 0, 0, 0, 0, 0, 0, 0, 0, 0, 0, 0, 0, 0, 0, 0, 0, 0, 0, 0, 0, 0, 0, 0, 0, 0, 0, 0, 0, 0, 0, 0, 0, 0, 0, 0, 0, 0, 0, 0, 0, 0, 0, 0, 0, 0, 0, 0, 0, 0, 0, 0, 0, 0, 0, 0, 0, 0, 0, 0, 0, 0, 0, 0, 0, 0, 0, 0, 0, 0, 0, 0, 0, 0, 0, 0, 0, 0, 0, 0, 0, 0, 0, 0, 0, 0, 0, 0, 0, 0, 0, 0, 0, 0, 0, 0, 0, 0, 0, 0, 0, 0, 0, 0, 0, 0, 0, 0, 0, 0, 0, 0, 0, 0, 0, 0, 0, 0, 0, 0, 0, 0, 0, 0, 0, 0, 0, 0, 0, 0, 0, 0, 0, 0, 0, 0, 0, 0, 0, 0, 0, 0, 0, 0, 0, 0, 0, 0, 0, 0, 0, 0, 0, 0, 0, 0, 0, 0, 0, 0, 0, 0, 0, 0, 0, 0, 0, 0, 0, 0, 0, 0, 0, 0, 0, 0, 0, 0, 0, 0, 0, 0, 0, 0, 0, 0, 0, 0, 0, 0, 0, 0, 0, 0, 0, 0, 0, 0, 0, 0, 0, 0, 0, 0, 0, 0, 0, 0, 0, 0, 0, 0, 0, 0, 0, 0, 0, 0, 0, 0, 0, 0, 0, 0, 0, 0, 0, 0, 0, 0, 0, 0, 0, 0, 0, 0, 0, 0, 0, 0, 0, 0, 0, 0, 0, 0, 0, 0, 0, 0, 0, 0, 0, 0, 0, 0, 0, 0, 0, 0, 0, 0, 0, 0, 0, 0, 0, 0, 0, 0, 0, 0, 0, 0, 0, 0, 0, 0, 0, 0, 0, 0, 0, 0, 0, 0, 0, 0, 0, 0, 0, 0, 0, 0, 0, 0, 0, 0, 0, 0, 0, 0, 0, 0, 0, 0, 0, 0, 0, 0, 0, 0, 0, 0, 0, 0, 0, 0, 0, 0, 0, 0, 0, 0, 0, 0, 0, 0, 0, 0, 0, 0, 0, 0, 0, 0, 0, 0, 0, 0, 0, 0, 0, 0, 0, 0, 0, 0, 0, 0, 0, 0, 0, 0, 0, 0, 0, 0, 0, 0, 0, 0, 0, 0, 0, 0, 0, 0, 0, 0, 0, 0, 0, 0, 0, 0, 0, 0, 0, 0, 0, 0, 0, 0, 0, 0, 0, 0, 0]
--------------------------
Total time (of all machines and iterations plus initial TestListGenerator): 617.402