Test: RegressionTest0.test255
Intended behavior: FAILURE
when executed after: [RegressionTest0.test011]
The revealed different behavior: PASS
when executed after: []

Test: RegressionTest0.test233
Intended behavior: FAILURE
when executed after: [RegressionTest0.test009]
The revealed different behavior: PASS
when executed after: []

Test: RegressionTest1.test193
Intended behavior: FAILURE
when executed after: [RegressionTest1.test009]
The revealed different behavior: PASS
when executed after: []

Test: RegressionTest1.test009
Intended behavior: FAILURE
when executed after: [RegressionTest0.test429]
The revealed different behavior: PASS
when executed after: []

Test: RegressionTest0.test327
Intended behavior: FAILURE
when executed after: [RegressionTest0.test282]
The revealed different behavior: PASS
when executed after: []

Test: RegressionTest0.test198
Intended behavior: FAILURE
when executed after: [RegressionTest0.test255]
The revealed different behavior: PASS
when executed after: []

Test: RegressionTest0.test429
Intended behavior: FAILURE
when executed after: [RegressionTest0.test424]
The revealed different behavior: PASS
when executed after: []

Test: ErrorTest0.test05
Intended behavior: FAILURE
when executed after: [RegressionTest0.test003]
The revealed different behavior: PASS
when executed after: []

Test: RegressionTest0.test282
Intended behavior: FAILURE
when executed after: [RegressionTest0.test047]
The revealed different behavior: PASS
when executed after: []

Test: RegressionTest0.test424
Intended behavior: FAILURE
when executed after: [RegressionTest0.test327]
The revealed different behavior: PASS
when executed after: []

