Test: randoop.jfreechart.RandoopTest0.test22
Intended behavior: FAILURE
when executed after: []
The revealed different behavior: PASS
when executed after: [randoop.jfreechart.RandoopTest4.test303, randoop.jfreechart.RandoopTest4.test136, randoop.jfreechart.RandoopTest3.test28]

Test: randoop.jfreechart.RandoopTest1.test300
Intended behavior: FAILURE
when executed after: [randoop.jfreechart.RandoopTest1.test65]
The revealed different behavior: PASS
when executed after: []

Test: randoop.jfreechart.RandoopTest1.test228
Intended behavior: FAILURE
when executed after: [randoop.jfreechart.RandoopTest1.test65]
The revealed different behavior: PASS
when executed after: []

Test: randoop.jfreechart.RandoopTest4.test270
Intended behavior: FAILURE
when executed after: [randoop.jfreechart.RandoopTest1.test65]
The revealed different behavior: PASS
when executed after: []

Test: randoop.jfreechart.RandoopTest0.test79
Intended behavior: FAILURE
when executed after: []
The revealed different behavior: PASS
when executed after: [randoop.jfreechart.RandoopTest4.test303, randoop.jfreechart.RandoopTest4.test136, randoop.jfreechart.RandoopTest1.test65]

Test: randoop.jfreechart.RandoopTest0.test69
Intended behavior: FAILURE
when executed after: []
The revealed different behavior: PASS
when executed after: [randoop.jfreechart.RandoopTest4.test136, randoop.jfreechart.RandoopTest3.test499]

Test: randoop.jfreechart.RandoopTest0.test1
Intended behavior: FAILURE
when executed after: []
The revealed different behavior: PASS
when executed after: [randoop.jfreechart.RandoopTest4.test303, randoop.jfreechart.RandoopTest4.test136]

Test: randoop.jfreechart.RandoopTest0.test2
Intended behavior: FAILURE
when executed after: []
The revealed different behavior: PASS
when executed after: [randoop.jfreechart.RandoopTest4.test303, randoop.jfreechart.RandoopTest4.test136]

Test: randoop.jfreechart.RandoopTest0.test3
Intended behavior: FAILURE
when executed after: []
The revealed different behavior: PASS
when executed after: [randoop.jfreechart.RandoopTest4.test303, randoop.jfreechart.RandoopTest4.test136]

Test: randoop.jfreechart.RandoopTest0.test4
Intended behavior: FAILURE
when executed after: []
The revealed different behavior: PASS
when executed after: [randoop.jfreechart.RandoopTest4.test303, randoop.jfreechart.RandoopTest4.test136]

Test: randoop.jfreechart.RandoopTest0.test5
Intended behavior: FAILURE
when executed after: []
The revealed different behavior: PASS
when executed after: [randoop.jfreechart.RandoopTest4.test303, randoop.jfreechart.RandoopTest4.test136]

Test: randoop.jfreechart.RandoopTest0.test6
Intended behavior: FAILURE
when executed after: []
The revealed different behavior: PASS
when executed after: [randoop.jfreechart.RandoopTest4.test303, randoop.jfreechart.RandoopTest4.test136]

Test: randoop.jfreechart.RandoopTest0.test7
Intended behavior: FAILURE
when executed after: []
The revealed different behavior: PASS
when executed after: [randoop.jfreechart.RandoopTest4.test303, randoop.jfreechart.RandoopTest4.test136]

Test: randoop.jfreechart.RandoopTest0.test8
Intended behavior: FAILURE
when executed after: []
The revealed different behavior: PASS
when executed after: [randoop.jfreechart.RandoopTest4.test303, randoop.jfreechart.RandoopTest4.test136]

Test: randoop.jfreechart.RandoopTest0.test9
Intended behavior: FAILURE
when executed after: []
The revealed different behavior: PASS
when executed after: [randoop.jfreechart.RandoopTest4.test303, randoop.jfreechart.RandoopTest4.test136]

Test: randoop.jfreechart.RandoopTest0.test10
Intended behavior: FAILURE
when executed after: []
The revealed different behavior: PASS
when executed after: [randoop.jfreechart.RandoopTest4.test303, randoop.jfreechart.RandoopTest4.test136]

Test: randoop.jfreechart.RandoopTest0.test11
Intended behavior: FAILURE
when executed after: []
The revealed different behavior: PASS
when executed after: [randoop.jfreechart.RandoopTest4.test303, randoop.jfreechart.RandoopTest4.test136]

Test: randoop.jfreechart.RandoopTest0.test12
Intended behavior: FAILURE
when executed after: []
The revealed different behavior: PASS
when executed after: [randoop.jfreechart.RandoopTest4.test303, randoop.jfreechart.RandoopTest4.test136]

Test: randoop.jfreechart.RandoopTest0.test13
Intended behavior: FAILURE
when executed after: []
The revealed different behavior: PASS
when executed after: [randoop.jfreechart.RandoopTest4.test303, randoop.jfreechart.RandoopTest4.test136]

Test: randoop.jfreechart.RandoopTest0.test14
Intended behavior: FAILURE
when executed after: []
The revealed different behavior: PASS
when executed after: [randoop.jfreechart.RandoopTest4.test303, randoop.jfreechart.RandoopTest4.test136]

Test: randoop.jfreechart.RandoopTest0.test15
Intended behavior: FAILURE
when executed after: []
The revealed different behavior: PASS
when executed after: [randoop.jfreechart.RandoopTest4.test303, randoop.jfreechart.RandoopTest4.test136]

Test: randoop.jfreechart.RandoopTest0.test16
Intended behavior: FAILURE
when executed after: []
The revealed different behavior: PASS
when executed after: [randoop.jfreechart.RandoopTest4.test303, randoop.jfreechart.RandoopTest4.test136]

Test: randoop.jfreechart.RandoopTest0.test17
Intended behavior: FAILURE
when executed after: []
The revealed different behavior: PASS
when executed after: [randoop.jfreechart.RandoopTest4.test303, randoop.jfreechart.RandoopTest4.test136]

Test: randoop.jfreechart.RandoopTest0.test18
Intended behavior: FAILURE
when executed after: []
The revealed different behavior: PASS
when executed after: [randoop.jfreechart.RandoopTest4.test303, randoop.jfreechart.RandoopTest4.test136]

Test: randoop.jfreechart.RandoopTest0.test19
Intended behavior: FAILURE
when executed after: []
The revealed different behavior: PASS
when executed after: [randoop.jfreechart.RandoopTest4.test303, randoop.jfreechart.RandoopTest4.test136]

Test: randoop.jfreechart.RandoopTest0.test20
Intended behavior: FAILURE
when executed after: []
The revealed different behavior: PASS
when executed after: [randoop.jfreechart.RandoopTest4.test303, randoop.jfreechart.RandoopTest4.test136]

Test: randoop.jfreechart.RandoopTest0.test21
Intended behavior: FAILURE
when executed after: []
The revealed different behavior: PASS
when executed after: [randoop.jfreechart.RandoopTest4.test303, randoop.jfreechart.RandoopTest4.test136]

Test: randoop.jfreechart.RandoopTest0.test23
Intended behavior: FAILURE
when executed after: []
The revealed different behavior: PASS
when executed after: [randoop.jfreechart.RandoopTest4.test303, randoop.jfreechart.RandoopTest4.test136]

Test: randoop.jfreechart.RandoopTest0.test24
Intended behavior: FAILURE
when executed after: []
The revealed different behavior: PASS
when executed after: [randoop.jfreechart.RandoopTest4.test303, randoop.jfreechart.RandoopTest4.test136]

Test: randoop.jfreechart.RandoopTest0.test25
Intended behavior: FAILURE
when executed after: []
The revealed different behavior: PASS
when executed after: [randoop.jfreechart.RandoopTest4.test303, randoop.jfreechart.RandoopTest4.test136]

Test: randoop.jfreechart.RandoopTest0.test26
Intended behavior: FAILURE
when executed after: []
The revealed different behavior: PASS
when executed after: [randoop.jfreechart.RandoopTest4.test303, randoop.jfreechart.RandoopTest4.test136]

Test: randoop.jfreechart.RandoopTest0.test27
Intended behavior: FAILURE
when executed after: []
The revealed different behavior: PASS
when executed after: [randoop.jfreechart.RandoopTest4.test303, randoop.jfreechart.RandoopTest4.test136]

Test: randoop.jfreechart.RandoopTest0.test28
Intended behavior: FAILURE
when executed after: []
The revealed different behavior: PASS
when executed after: [randoop.jfreechart.RandoopTest4.test303, randoop.jfreechart.RandoopTest4.test136]

Test: randoop.jfreechart.RandoopTest0.test29
Intended behavior: FAILURE
when executed after: []
The revealed different behavior: PASS
when executed after: [randoop.jfreechart.RandoopTest4.test303, randoop.jfreechart.RandoopTest4.test136]

Test: randoop.jfreechart.RandoopTest0.test30
Intended behavior: FAILURE
when executed after: []
The revealed different behavior: PASS
when executed after: [randoop.jfreechart.RandoopTest4.test303, randoop.jfreechart.RandoopTest4.test136]

Test: randoop.jfreechart.RandoopTest0.test31
Intended behavior: FAILURE
when executed after: []
The revealed different behavior: PASS
when executed after: [randoop.jfreechart.RandoopTest4.test303, randoop.jfreechart.RandoopTest4.test136]

Test: randoop.jfreechart.RandoopTest0.test32
Intended behavior: FAILURE
when executed after: []
The revealed different behavior: PASS
when executed after: [randoop.jfreechart.RandoopTest4.test303, randoop.jfreechart.RandoopTest4.test136]

Test: randoop.jfreechart.RandoopTest0.test33
Intended behavior: FAILURE
when executed after: []
The revealed different behavior: PASS
when executed after: [randoop.jfreechart.RandoopTest4.test303, randoop.jfreechart.RandoopTest4.test136]

Test: randoop.jfreechart.RandoopTest0.test34
Intended behavior: FAILURE
when executed after: []
The revealed different behavior: PASS
when executed after: [randoop.jfreechart.RandoopTest4.test303, randoop.jfreechart.RandoopTest4.test136]

Test: randoop.jfreechart.RandoopTest0.test35
Intended behavior: FAILURE
when executed after: []
The revealed different behavior: PASS
when executed after: [randoop.jfreechart.RandoopTest4.test303, randoop.jfreechart.RandoopTest4.test136]

Test: randoop.jfreechart.RandoopTest0.test36
Intended behavior: FAILURE
when executed after: []
The revealed different behavior: PASS
when executed after: [randoop.jfreechart.RandoopTest4.test303, randoop.jfreechart.RandoopTest4.test136]

Test: randoop.jfreechart.RandoopTest0.test37
Intended behavior: FAILURE
when executed after: []
The revealed different behavior: PASS
when executed after: [randoop.jfreechart.RandoopTest4.test303, randoop.jfreechart.RandoopTest4.test136]

Test: randoop.jfreechart.RandoopTest0.test38
Intended behavior: FAILURE
when executed after: []
The revealed different behavior: PASS
when executed after: [randoop.jfreechart.RandoopTest4.test303, randoop.jfreechart.RandoopTest4.test136]

Test: randoop.jfreechart.RandoopTest0.test39
Intended behavior: FAILURE
when executed after: []
The revealed different behavior: PASS
when executed after: [randoop.jfreechart.RandoopTest4.test303, randoop.jfreechart.RandoopTest4.test136]

Test: randoop.jfreechart.RandoopTest0.test40
Intended behavior: FAILURE
when executed after: []
The revealed different behavior: PASS
when executed after: [randoop.jfreechart.RandoopTest4.test303, randoop.jfreechart.RandoopTest4.test136]

Test: randoop.jfreechart.RandoopTest0.test41
Intended behavior: FAILURE
when executed after: []
The revealed different behavior: PASS
when executed after: [randoop.jfreechart.RandoopTest4.test303, randoop.jfreechart.RandoopTest4.test136]

Test: randoop.jfreechart.RandoopTest0.test42
Intended behavior: FAILURE
when executed after: []
The revealed different behavior: PASS
when executed after: [randoop.jfreechart.RandoopTest4.test303, randoop.jfreechart.RandoopTest4.test136]

Test: randoop.jfreechart.RandoopTest0.test43
Intended behavior: FAILURE
when executed after: []
The revealed different behavior: PASS
when executed after: [randoop.jfreechart.RandoopTest4.test303, randoop.jfreechart.RandoopTest4.test136]

Test: randoop.jfreechart.RandoopTest0.test44
Intended behavior: FAILURE
when executed after: []
The revealed different behavior: PASS
when executed after: [randoop.jfreechart.RandoopTest4.test303, randoop.jfreechart.RandoopTest4.test136]

Test: randoop.jfreechart.RandoopTest0.test45
Intended behavior: FAILURE
when executed after: []
The revealed different behavior: PASS
when executed after: [randoop.jfreechart.RandoopTest4.test303, randoop.jfreechart.RandoopTest4.test136]

Test: randoop.jfreechart.RandoopTest0.test46
Intended behavior: FAILURE
when executed after: []
The revealed different behavior: PASS
when executed after: [randoop.jfreechart.RandoopTest4.test303, randoop.jfreechart.RandoopTest4.test136]

Test: randoop.jfreechart.RandoopTest0.test47
Intended behavior: FAILURE
when executed after: []
The revealed different behavior: PASS
when executed after: [randoop.jfreechart.RandoopTest4.test303, randoop.jfreechart.RandoopTest4.test136]

Test: randoop.jfreechart.RandoopTest0.test48
Intended behavior: FAILURE
when executed after: []
The revealed different behavior: PASS
when executed after: [randoop.jfreechart.RandoopTest4.test303, randoop.jfreechart.RandoopTest4.test136]

Test: randoop.jfreechart.RandoopTest0.test49
Intended behavior: FAILURE
when executed after: []
The revealed different behavior: PASS
when executed after: [randoop.jfreechart.RandoopTest4.test303, randoop.jfreechart.RandoopTest4.test136]

Test: randoop.jfreechart.RandoopTest0.test50
Intended behavior: FAILURE
when executed after: []
The revealed different behavior: PASS
when executed after: [randoop.jfreechart.RandoopTest4.test303, randoop.jfreechart.RandoopTest4.test136]

Test: randoop.jfreechart.RandoopTest0.test51
Intended behavior: FAILURE
when executed after: []
The revealed different behavior: PASS
when executed after: [randoop.jfreechart.RandoopTest4.test303, randoop.jfreechart.RandoopTest4.test136]

Test: randoop.jfreechart.RandoopTest0.test52
Intended behavior: FAILURE
when executed after: []
The revealed different behavior: PASS
when executed after: [randoop.jfreechart.RandoopTest4.test303, randoop.jfreechart.RandoopTest4.test136]

Test: randoop.jfreechart.RandoopTest0.test53
Intended behavior: FAILURE
when executed after: []
The revealed different behavior: PASS
when executed after: [randoop.jfreechart.RandoopTest4.test303, randoop.jfreechart.RandoopTest4.test136]

Test: randoop.jfreechart.RandoopTest0.test54
Intended behavior: FAILURE
when executed after: []
The revealed different behavior: PASS
when executed after: [randoop.jfreechart.RandoopTest4.test136]

Test: randoop.jfreechart.RandoopTest0.test55
Intended behavior: FAILURE
when executed after: []
The revealed different behavior: PASS
when executed after: [randoop.jfreechart.RandoopTest4.test136]

Test: randoop.jfreechart.RandoopTest0.test56
Intended behavior: FAILURE
when executed after: []
The revealed different behavior: PASS
when executed after: [randoop.jfreechart.RandoopTest4.test136]

Test: randoop.jfreechart.RandoopTest0.test57
Intended behavior: FAILURE
when executed after: []
The revealed different behavior: PASS
when executed after: [randoop.jfreechart.RandoopTest4.test136]

Test: randoop.jfreechart.RandoopTest0.test67
Intended behavior: FAILURE
when executed after: []
The revealed different behavior: PASS
when executed after: [randoop.jfreechart.RandoopTest4.test136]

Test: randoop.jfreechart.RandoopTest0.test68
Intended behavior: FAILURE
when executed after: []
The revealed different behavior: PASS
when executed after: [randoop.jfreechart.RandoopTest4.test136]

Test: randoop.jfreechart.RandoopTest0.test70
Intended behavior: FAILURE
when executed after: []
The revealed different behavior: PASS
when executed after: [randoop.jfreechart.RandoopTest4.test136]

Test: randoop.jfreechart.RandoopTest0.test71
Intended behavior: FAILURE
when executed after: []
The revealed different behavior: PASS
when executed after: [randoop.jfreechart.RandoopTest4.test136]

Test: randoop.jfreechart.RandoopTest0.test72
Intended behavior: FAILURE
when executed after: []
The revealed different behavior: PASS
when executed after: [randoop.jfreechart.RandoopTest4.test303, randoop.jfreechart.RandoopTest4.test136]

Test: randoop.jfreechart.RandoopTest0.test73
Intended behavior: FAILURE
when executed after: []
The revealed different behavior: PASS
when executed after: [randoop.jfreechart.RandoopTest4.test303, randoop.jfreechart.RandoopTest4.test136]

Test: randoop.jfreechart.RandoopTest0.test74
Intended behavior: FAILURE
when executed after: []
The revealed different behavior: PASS
when executed after: [randoop.jfreechart.RandoopTest4.test303, randoop.jfreechart.RandoopTest4.test136]

Test: randoop.jfreechart.RandoopTest0.test75
Intended behavior: FAILURE
when executed after: []
The revealed different behavior: PASS
when executed after: [randoop.jfreechart.RandoopTest4.test303, randoop.jfreechart.RandoopTest4.test136]

Test: randoop.jfreechart.RandoopTest0.test76
Intended behavior: FAILURE
when executed after: []
The revealed different behavior: PASS
when executed after: [randoop.jfreechart.RandoopTest4.test303, randoop.jfreechart.RandoopTest4.test136]

Test: randoop.jfreechart.RandoopTest0.test77
Intended behavior: FAILURE
when executed after: []
The revealed different behavior: PASS
when executed after: [randoop.jfreechart.RandoopTest4.test303, randoop.jfreechart.RandoopTest4.test136]

Test: randoop.jfreechart.RandoopTest0.test78
Intended behavior: FAILURE
when executed after: []
The revealed different behavior: PASS
when executed after: [randoop.jfreechart.RandoopTest4.test303, randoop.jfreechart.RandoopTest4.test136]

Test: randoop.jfreechart.RandoopTest0.test80
Intended behavior: FAILURE
when executed after: []
The revealed different behavior: PASS
when executed after: [randoop.jfreechart.RandoopTest4.test303, randoop.jfreechart.RandoopTest4.test136]

Test: randoop.jfreechart.RandoopTest0.test81
Intended behavior: FAILURE
when executed after: []
The revealed different behavior: PASS
when executed after: [randoop.jfreechart.RandoopTest4.test303, randoop.jfreechart.RandoopTest4.test136]

Test: randoop.jfreechart.RandoopTest0.test82
Intended behavior: FAILURE
when executed after: []
The revealed different behavior: PASS
when executed after: [randoop.jfreechart.RandoopTest4.test303, randoop.jfreechart.RandoopTest4.test136]

Test: randoop.jfreechart.RandoopTest0.test83
Intended behavior: FAILURE
when executed after: []
The revealed different behavior: PASS
when executed after: [randoop.jfreechart.RandoopTest4.test303, randoop.jfreechart.RandoopTest4.test136]

Test: randoop.jfreechart.RandoopTest0.test84
Intended behavior: FAILURE
when executed after: []
The revealed different behavior: PASS
when executed after: [randoop.jfreechart.RandoopTest4.test303, randoop.jfreechart.RandoopTest4.test136]

Test: randoop.jfreechart.RandoopTest0.test85
Intended behavior: FAILURE
when executed after: []
The revealed different behavior: PASS
when executed after: [randoop.jfreechart.RandoopTest4.test303, randoop.jfreechart.RandoopTest4.test136]

Test: randoop.jfreechart.RandoopTest0.test86
Intended behavior: FAILURE
when executed after: []
The revealed different behavior: PASS
when executed after: [randoop.jfreechart.RandoopTest4.test303, randoop.jfreechart.RandoopTest4.test136]

Test: randoop.jfreechart.RandoopTest0.test87
Intended behavior: FAILURE
when executed after: []
The revealed different behavior: PASS
when executed after: [randoop.jfreechart.RandoopTest4.test303, randoop.jfreechart.RandoopTest4.test136]

Test: randoop.jfreechart.RandoopTest0.test88
Intended behavior: FAILURE
when executed after: []
The revealed different behavior: PASS
when executed after: [randoop.jfreechart.RandoopTest4.test303, randoop.jfreechart.RandoopTest4.test136]

Test: randoop.jfreechart.RandoopTest0.test89
Intended behavior: FAILURE
when executed after: []
The revealed different behavior: PASS
when executed after: [randoop.jfreechart.RandoopTest4.test303, randoop.jfreechart.RandoopTest4.test136]

Test: randoop.jfreechart.RandoopTest0.test90
Intended behavior: FAILURE
when executed after: []
The revealed different behavior: PASS
when executed after: [randoop.jfreechart.RandoopTest4.test303, randoop.jfreechart.RandoopTest4.test136]

Test: randoop.jfreechart.RandoopTest0.test91
Intended behavior: FAILURE
when executed after: []
The revealed different behavior: PASS
when executed after: [randoop.jfreechart.RandoopTest4.test303, randoop.jfreechart.RandoopTest4.test136]

Test: randoop.jfreechart.RandoopTest0.test92
Intended behavior: FAILURE
when executed after: []
The revealed different behavior: PASS
when executed after: [randoop.jfreechart.RandoopTest4.test303, randoop.jfreechart.RandoopTest4.test136]

Test: randoop.jfreechart.RandoopTest0.test93
Intended behavior: FAILURE
when executed after: []
The revealed different behavior: PASS
when executed after: [randoop.jfreechart.RandoopTest4.test303, randoop.jfreechart.RandoopTest4.test136]

Test: randoop.jfreechart.RandoopTest0.test94
Intended behavior: FAILURE
when executed after: []
The revealed different behavior: PASS
when executed after: [randoop.jfreechart.RandoopTest4.test303, randoop.jfreechart.RandoopTest4.test136]

Test: randoop.jfreechart.RandoopTest0.test95
Intended behavior: FAILURE
when executed after: []
The revealed different behavior: PASS
when executed after: [randoop.jfreechart.RandoopTest4.test303, randoop.jfreechart.RandoopTest4.test136]

Test: randoop.jfreechart.RandoopTest0.test96
Intended behavior: FAILURE
when executed after: []
The revealed different behavior: PASS
when executed after: [randoop.jfreechart.RandoopTest4.test303, randoop.jfreechart.RandoopTest4.test136]

Test: randoop.jfreechart.RandoopTest0.test97
Intended behavior: FAILURE
when executed after: []
The revealed different behavior: PASS
when executed after: [randoop.jfreechart.RandoopTest4.test303, randoop.jfreechart.RandoopTest4.test136]

Test: randoop.jfreechart.RandoopTest0.test98
Intended behavior: FAILURE
when executed after: []
The revealed different behavior: PASS
when executed after: [randoop.jfreechart.RandoopTest4.test303, randoop.jfreechart.RandoopTest4.test136]

Test: randoop.jfreechart.RandoopTest0.test99
Intended behavior: FAILURE
when executed after: []
The revealed different behavior: PASS
when executed after: [randoop.jfreechart.RandoopTest4.test303, randoop.jfreechart.RandoopTest4.test136]

Test: randoop.jfreechart.RandoopTest0.test100
Intended behavior: FAILURE
when executed after: []
The revealed different behavior: PASS
when executed after: [randoop.jfreechart.RandoopTest4.test303, randoop.jfreechart.RandoopTest4.test136]

Test: randoop.jfreechart.RandoopTest0.test101
Intended behavior: FAILURE
when executed after: []
The revealed different behavior: PASS
when executed after: [randoop.jfreechart.RandoopTest4.test303, randoop.jfreechart.RandoopTest4.test136]

Test: randoop.jfreechart.RandoopTest0.test102
Intended behavior: FAILURE
when executed after: []
The revealed different behavior: PASS
when executed after: [randoop.jfreechart.RandoopTest4.test303, randoop.jfreechart.RandoopTest4.test136]

Test: randoop.jfreechart.RandoopTest0.test103
Intended behavior: FAILURE
when executed after: []
The revealed different behavior: PASS
when executed after: [randoop.jfreechart.RandoopTest4.test303, randoop.jfreechart.RandoopTest4.test136]

Test: randoop.jfreechart.RandoopTest0.test104
Intended behavior: FAILURE
when executed after: []
The revealed different behavior: PASS
when executed after: [randoop.jfreechart.RandoopTest4.test303, randoop.jfreechart.RandoopTest4.test136]

Test: randoop.jfreechart.RandoopTest0.test105
Intended behavior: FAILURE
when executed after: []
The revealed different behavior: PASS
when executed after: [randoop.jfreechart.RandoopTest4.test303, randoop.jfreechart.RandoopTest4.test136]

Test: randoop.jfreechart.RandoopTest0.test106
Intended behavior: FAILURE
when executed after: []
The revealed different behavior: PASS
when executed after: [randoop.jfreechart.RandoopTest4.test303, randoop.jfreechart.RandoopTest4.test136]

Test: randoop.jfreechart.RandoopTest0.test107
Intended behavior: FAILURE
when executed after: []
The revealed different behavior: PASS
when executed after: [randoop.jfreechart.RandoopTest4.test303, randoop.jfreechart.RandoopTest4.test136]

Test: randoop.jfreechart.RandoopTest0.test108
Intended behavior: FAILURE
when executed after: []
The revealed different behavior: PASS
when executed after: [randoop.jfreechart.RandoopTest4.test303, randoop.jfreechart.RandoopTest4.test136]

Test: randoop.jfreechart.RandoopTest0.test109
Intended behavior: FAILURE
when executed after: []
The revealed different behavior: PASS
when executed after: [randoop.jfreechart.RandoopTest4.test303, randoop.jfreechart.RandoopTest4.test136]

Test: randoop.jfreechart.RandoopTest0.test110
Intended behavior: FAILURE
when executed after: []
The revealed different behavior: PASS
when executed after: [randoop.jfreechart.RandoopTest4.test303, randoop.jfreechart.RandoopTest4.test136]

Test: randoop.jfreechart.RandoopTest0.test111
Intended behavior: FAILURE
when executed after: []
The revealed different behavior: PASS
when executed after: [randoop.jfreechart.RandoopTest4.test303, randoop.jfreechart.RandoopTest4.test136]

Test: randoop.jfreechart.RandoopTest0.test112
Intended behavior: FAILURE
when executed after: []
The revealed different behavior: PASS
when executed after: [randoop.jfreechart.RandoopTest4.test303, randoop.jfreechart.RandoopTest4.test136]

Test: randoop.jfreechart.RandoopTest0.test113
Intended behavior: FAILURE
when executed after: []
The revealed different behavior: PASS
when executed after: [randoop.jfreechart.RandoopTest4.test303, randoop.jfreechart.RandoopTest4.test136]

Test: randoop.jfreechart.RandoopTest0.test114
Intended behavior: FAILURE
when executed after: []
The revealed different behavior: PASS
when executed after: [randoop.jfreechart.RandoopTest4.test303, randoop.jfreechart.RandoopTest4.test136]

Test: randoop.jfreechart.RandoopTest0.test115
Intended behavior: FAILURE
when executed after: []
The revealed different behavior: PASS
when executed after: [randoop.jfreechart.RandoopTest4.test303, randoop.jfreechart.RandoopTest4.test136]

Test: randoop.jfreechart.RandoopTest0.test116
Intended behavior: FAILURE
when executed after: []
The revealed different behavior: PASS
when executed after: [randoop.jfreechart.RandoopTest4.test303, randoop.jfreechart.RandoopTest4.test136]

Test: randoop.jfreechart.RandoopTest0.test117
Intended behavior: FAILURE
when executed after: []
The revealed different behavior: PASS
when executed after: [randoop.jfreechart.RandoopTest4.test303, randoop.jfreechart.RandoopTest4.test136]

Test: randoop.jfreechart.RandoopTest0.test118
Intended behavior: FAILURE
when executed after: []
The revealed different behavior: PASS
when executed after: [randoop.jfreechart.RandoopTest4.test303, randoop.jfreechart.RandoopTest4.test136]

Test: randoop.jfreechart.RandoopTest0.test119
Intended behavior: FAILURE
when executed after: []
The revealed different behavior: PASS
when executed after: [randoop.jfreechart.RandoopTest4.test303, randoop.jfreechart.RandoopTest4.test136]

Test: randoop.jfreechart.RandoopTest0.test120
Intended behavior: FAILURE
when executed after: []
The revealed different behavior: PASS
when executed after: [randoop.jfreechart.RandoopTest4.test303, randoop.jfreechart.RandoopTest4.test136]

Test: randoop.jfreechart.RandoopTest0.test121
Intended behavior: FAILURE
when executed after: []
The revealed different behavior: PASS
when executed after: [randoop.jfreechart.RandoopTest4.test303, randoop.jfreechart.RandoopTest4.test136]

Test: randoop.jfreechart.RandoopTest0.test122
Intended behavior: FAILURE
when executed after: []
The revealed different behavior: PASS
when executed after: [randoop.jfreechart.RandoopTest4.test303, randoop.jfreechart.RandoopTest4.test136]

Test: randoop.jfreechart.RandoopTest0.test123
Intended behavior: FAILURE
when executed after: []
The revealed different behavior: PASS
when executed after: [randoop.jfreechart.RandoopTest4.test303, randoop.jfreechart.RandoopTest4.test136]

Test: randoop.jfreechart.RandoopTest0.test124
Intended behavior: FAILURE
when executed after: []
The revealed different behavior: PASS
when executed after: [randoop.jfreechart.RandoopTest4.test303, randoop.jfreechart.RandoopTest4.test136]

Test: randoop.jfreechart.RandoopTest0.test125
Intended behavior: FAILURE
when executed after: []
The revealed different behavior: PASS
when executed after: [randoop.jfreechart.RandoopTest4.test303, randoop.jfreechart.RandoopTest4.test136]

Test: randoop.jfreechart.RandoopTest0.test126
Intended behavior: FAILURE
when executed after: []
The revealed different behavior: PASS
when executed after: [randoop.jfreechart.RandoopTest4.test303, randoop.jfreechart.RandoopTest4.test136]

Test: randoop.jfreechart.RandoopTest0.test127
Intended behavior: FAILURE
when executed after: []
The revealed different behavior: PASS
when executed after: [randoop.jfreechart.RandoopTest4.test303, randoop.jfreechart.RandoopTest4.test136]

Test: randoop.jfreechart.RandoopTest0.test128
Intended behavior: FAILURE
when executed after: []
The revealed different behavior: PASS
when executed after: [randoop.jfreechart.RandoopTest4.test303, randoop.jfreechart.RandoopTest4.test136]

Test: randoop.jfreechart.RandoopTest0.test129
Intended behavior: FAILURE
when executed after: []
The revealed different behavior: PASS
when executed after: [randoop.jfreechart.RandoopTest4.test303]

Test: randoop.jfreechart.RandoopTest0.test130
Intended behavior: FAILURE
when executed after: []
The revealed different behavior: PASS
when executed after: [randoop.jfreechart.RandoopTest4.test303]

Test: randoop.jfreechart.RandoopTest0.test131
Intended behavior: FAILURE
when executed after: []
The revealed different behavior: PASS
when executed after: [randoop.jfreechart.RandoopTest4.test303]

Test: randoop.jfreechart.RandoopTest0.test132
Intended behavior: FAILURE
when executed after: []
The revealed different behavior: PASS
when executed after: [randoop.jfreechart.RandoopTest4.test303]

Test: randoop.jfreechart.RandoopTest0.test133
Intended behavior: FAILURE
when executed after: []
The revealed different behavior: PASS
when executed after: [randoop.jfreechart.RandoopTest4.test303]

Test: randoop.jfreechart.RandoopTest0.test134
Intended behavior: FAILURE
when executed after: []
The revealed different behavior: PASS
when executed after: [randoop.jfreechart.RandoopTest4.test303]

Test: randoop.jfreechart.RandoopTest0.test135
Intended behavior: FAILURE
when executed after: []
The revealed different behavior: PASS
when executed after: [randoop.jfreechart.RandoopTest4.test303]

Test: randoop.jfreechart.RandoopTest0.test136
Intended behavior: FAILURE
when executed after: []
The revealed different behavior: PASS
when executed after: [randoop.jfreechart.RandoopTest4.test303]

Test: randoop.jfreechart.RandoopTest0.test137
Intended behavior: FAILURE
when executed after: []
The revealed different behavior: PASS
when executed after: [randoop.jfreechart.RandoopTest4.test303]

