Test: org.jfree.chart.axis.junit.SegmentedTimelineTests2.test5
Intended behavior: FAILURE
when executed after: [org.jfree.chart.axis.junit.SegmentedTimelineTests.testFifteenMinIncludedAndExcludedSegments]
The revealed different behavior: PASS
when executed after: []

Test: org.jfree.chart.axis.junit.SegmentedTimelineTests2.test3
Intended behavior: FAILURE
when executed after: [org.jfree.chart.axis.junit.SegmentedTimelineTests2.test1]
The revealed different behavior: PASS
when executed after: []

Test: org.jfree.data.time.junit.TimeSeriesCollectionTests.testFindDomainBounds
Intended behavior: FAILURE
when executed after: [org.jfree.chart.axis.junit.SegmentedTimelineTests2.test7]
The revealed different behavior: PASS
when executed after: []

Test: org.jfree.chart.axis.junit.SegmentedTimelineTests.testFifteenMinIncludedAndExcludedSegments
Intended behavior: FAILURE
when executed after: [org.jfree.chart.axis.junit.SegmentedTimelineTests.testFifteenMinSegmentedTimeline]
The revealed different behavior: PASS
when executed after: []

Test: org.jfree.data.time.junit.DayTests.testGetEnd
Intended behavior: FAILURE
when executed after: [org.jfree.data.time.junit.DayTests.testParseDay]
The revealed different behavior: PASS
when executed after: []

Test: org.jfree.chart.axis.junit.SegmentedTimelineTests.testFifteenMinSegmentedTimeline
Intended behavior: FAILURE
when executed after: [org.jfree.chart.axis.junit.SegmentedTimelineTests.testMondayThroughFridaySegmentedTimeline]
The revealed different behavior: PASS
when executed after: []

Test: org.jfree.data.time.junit.SecondTests.testGetStart
Intended behavior: FAILURE
when executed after: [org.jfree.data.time.junit.SecondTests.testGetEnd]
The revealed different behavior: PASS
when executed after: []

Test: org.jfree.chart.axis.junit.SegmentedTimelineTests2.test8
Intended behavior: FAILURE
when executed after: [org.jfree.chart.axis.junit.SegmentedTimelineTests.testFifteenMinTranslations]
The revealed different behavior: PASS
when executed after: []

Test: org.jfree.chart.axis.junit.SegmentedTimelineTests2.test6
Intended behavior: FAILURE
when executed after: [org.jfree.chart.axis.junit.SegmentedTimelineTests2.test4]
The revealed different behavior: PASS
when executed after: []

Test: org.jfree.chart.axis.junit.SegmentedTimelineTests2.test2
Intended behavior: FAILURE
when executed after: [org.jfree.chart.axis.junit.SegmentedTimelineTests2.test3]
The revealed different behavior: PASS
when executed after: []

Test: org.jfree.data.time.junit.DayTests.testParseDay
Intended behavior: FAILURE
when executed after: [org.jfree.data.time.junit.MillisecondTests.testGetLastMillisecond]
The revealed different behavior: PASS
when executed after: []

Test: org.jfree.data.time.junit.SecondTests.testGetFirstMillisecond
Intended behavior: FAILURE
when executed after: [org.jfree.data.time.junit.SecondTests.testGetStart]
The revealed different behavior: PASS
when executed after: []

Test: org.jfree.data.time.junit.SecondTests.testGetLastMillisecond
Intended behavior: FAILURE
when executed after: [org.jfree.data.time.junit.SecondTests.testGetFirstMillisecond]
The revealed different behavior: PASS
when executed after: []

Test: org.jfree.data.time.junit.SecondTests.testGetEnd
Intended behavior: FAILURE
when executed after: [org.jfree.data.time.junit.MonthTests.testParseMonth]
The revealed different behavior: PASS
when executed after: []

Test: org.jfree.data.time.junit.MonthTests.testParseMonth
Intended behavior: FAILURE
when executed after: [org.jfree.data.time.junit.MinuteTests.testGetLastMillisecond]
The revealed different behavior: PASS
when executed after: []

Test: org.jfree.data.time.junit.HourTests.testGetEnd
Intended behavior: FAILURE
when executed after: [org.jfree.chart.axis.junit.PeriodAxisTests.test2490803]
The revealed different behavior: PASS
when executed after: []

Test: org.jfree.data.time.junit.MinuteTests.testGetStart
Intended behavior: FAILURE
when executed after: [org.jfree.data.time.junit.MinuteTests.testGetEnd]
The revealed different behavior: PASS
when executed after: []

Test: org.jfree.chart.axis.junit.SegmentedTimelineTests2.test4
Intended behavior: FAILURE
when executed after: [org.jfree.chart.axis.junit.SegmentedTimelineTests2.test2]
The revealed different behavior: PASS
when executed after: []

Test: org.jfree.data.time.junit.HourTests.testGetStart
Intended behavior: FAILURE
when executed after: [org.jfree.data.time.junit.HourTests.testGetEnd]
The revealed different behavior: PASS
when executed after: []

Test: org.jfree.data.time.junit.MillisecondTests.testGetFirstMillisecond
Intended behavior: FAILURE
when executed after: [org.jfree.data.time.junit.MillisecondTests.testGetStart]
The revealed different behavior: PASS
when executed after: []

Test: org.jfree.chart.axis.junit.SegmentedTimelineTests2.test7
Intended behavior: FAILURE
when executed after: [org.jfree.chart.axis.junit.SegmentedTimelineTests2.test6]
The revealed different behavior: PASS
when executed after: []

Test: org.jfree.data.time.junit.MillisecondTests.testGetStart
Intended behavior: FAILURE
when executed after: [org.jfree.data.time.junit.MillisecondTests.testGetEnd]
The revealed different behavior: PASS
when executed after: []

Test: org.jfree.data.time.junit.HourTests.testGetLastMillisecond
Intended behavior: FAILURE
when executed after: [org.jfree.data.time.junit.HourTests.testGetFirstMillisecond]
The revealed different behavior: PASS
when executed after: []

Test: org.jfree.data.time.junit.MillisecondTests.testGetLastMillisecond
Intended behavior: FAILURE
when executed after: [org.jfree.data.time.junit.MillisecondTests.testGetFirstMillisecond]
The revealed different behavior: PASS
when executed after: []

Test: org.jfree.data.time.junit.MillisecondTests.testGetEnd
Intended behavior: FAILURE
when executed after: [org.jfree.data.time.junit.SecondTests.testGetLastMillisecond]
The revealed different behavior: PASS
when executed after: []

Test: org.jfree.chart.axis.junit.SegmentedTimelineTests2.test1
Intended behavior: FAILURE
when executed after: [org.jfree.chart.axis.junit.SegmentedTimelineTests2.test5]
The revealed different behavior: PASS
when executed after: []

Test: org.jfree.data.time.junit.HourTests.testGetFirstMillisecond
Intended behavior: FAILURE
when executed after: [org.jfree.data.time.junit.HourTests.testGetStart]
The revealed different behavior: PASS
when executed after: []

Test: org.jfree.chart.axis.junit.PeriodAxisTests.test2490803
Intended behavior: FAILURE
when executed after: [org.jfree.chart.axis.junit.PeriodAxisTests.test1932146]
The revealed different behavior: PASS
when executed after: []

Test: org.jfree.data.time.junit.MinuteTests.testGetLastMillisecond
Intended behavior: FAILURE
when executed after: [org.jfree.data.time.junit.MinuteTests.testGetFirstMillisecond]
The revealed different behavior: PASS
when executed after: []

Test: org.jfree.data.time.junit.MinuteTests.testGetEnd
Intended behavior: FAILURE
when executed after: [org.jfree.data.time.junit.HourTests.testGetLastMillisecond]
The revealed different behavior: PASS
when executed after: []

Test: org.jfree.data.time.junit.DayTests.testGetLastMillisecond
Intended behavior: FAILURE
when executed after: [org.jfree.data.time.junit.DayTests.testGetFirstMillisecond]
The revealed different behavior: PASS
when executed after: []

Test: org.jfree.data.time.junit.DayTests.testGetStart
Intended behavior: FAILURE
when executed after: [org.jfree.data.time.junit.DayTests.testGetEnd]
The revealed different behavior: PASS
when executed after: []

Test: org.jfree.data.time.junit.MinuteTests.testGetFirstMillisecond
Intended behavior: FAILURE
when executed after: [org.jfree.data.time.junit.MinuteTests.testGetStart]
The revealed different behavior: PASS
when executed after: []

Test: org.jfree.data.time.junit.DayTests.testGetFirstMillisecond
Intended behavior: FAILURE
when executed after: [org.jfree.data.time.junit.DayTests.testGetStart]
The revealed different behavior: PASS
when executed after: []

