The following arguments were used to generate this output.
[-technique, parallelization, -order, time, -timeOrder, /homes/gws/winglam/winglam/dependent-tests-impact/experiments/xml-security-orig-v1//xml_security-orig-time.txt, -origOrder, xml_security-orig-order, -testInputDir, /homes/gws/winglam/winglam/dependent-tests-impact/experiments/xml-security-orig-v1//sootTestOutput-orig, -filesToDelete, xml_security-env-files, -numOfMachines, 4, -project, XML Security, -testType, orig, -timesToRun, 1, -outputDir, /homes/gws/winglam/winglam/dependent-tests-impact/experiments/parallelization-results, -dependentTestFile, /homes/gws/winglam/winglam/dependent-tests-impact/experiments/parallelization-dt-list/parallelization-XML Security-orig-4-time.txt]

Execution time of TLG and its time to find/nullify any DTs for 1 machine (does not include the time to run the tests in the new order): 0.534
Number of tests selected out of total in original order: 31 / 97
Number of DTs not fixed: 0
Number of DTs fixed: 0
Execution time for executing the following testing order: 0.301

Test order list:
[org.apache.xml.security.test.algorithms.implementations.AESWrapperTest.test41, org.apache.xml.security.test.algorithms.implementations.AESWrapperTest.test42, org.apache.xml.security.test.algorithms.implementations.AESWrapperTest.test43, org.apache.xml.security.test.algorithms.implementations.AESWrapperTest.test46, org.apache.xml.security.test.c14n.helper.C14nHelperTest.testNamespaceIsAbsolute01, org.apache.xml.security.test.c14n.implementations.Canonicalizer20010315ExclusiveTest.test221, org.apache.xml.security.test.c14n.implementations.Canonicalizer20010315Test.test31withComments, org.apache.xml.security.test.c14n.implementations.Canonicalizer20010315Test.test32, org.apache.xml.security.test.c14n.implementations.Canonicalizer20010315Test.test33, org.apache.xml.security.test.c14n.implementations.Canonicalizer20010315Test.test37, org.apache.xml.security.test.c14n.implementations.ExclusiveC14NInterop.test_Y2, org.apache.xml.security.test.external.org.apache.xalan.XPathAPI.AttributeAncestorOrSelf.test03, org.apache.xml.security.test.external.org.apache.xalan.XPathAPI.XalanBug1425Test.testBad01, org.apache.xml.security.test.external.org.apache.xalan.XPathAPI.XalanBug1425Test.testBad02, org.apache.xml.security.test.interop.BaltimoreTest.test_fifteen_external_dsa, org.apache.xml.security.test.interop.IAIKTest.test_coreFeatures_signatures_manifestSignature_manifest, org.apache.xml.security.test.interop.IAIKTest.test_coreFeatures_signatures_signatureTypesSignature, org.apache.xml.security.test.interop.IAIKTest.test_coreFeatures_signatures_anonymousReferenceSignature, org.apache.xml.security.test.interop.IAIKTest.test_signatureAlgorithms_signatures_rSASignature, org.apache.xml.security.test.interop.IAIKTest.test_transforms_signatures_envelopedSignatureSignature, org.apache.xml.security.test.interop.IBMTest.test_detached_dsa, org.apache.xml.security.test.interop.IBMTest.test_enveloping_dsa, org.apache.xml.security.test.signature.XMLSignatureInputTest.testSetOctetStreamGetNodeSet1, org.apache.xml.security.test.signature.XMLSignatureInputTest.testSetOctetStreamGetNodeSet2, org.apache.xml.security.test.signature.XMLSignatureInputTest.testSetOctetStreamGetNodeSet3, org.apache.xml.security.test.signature.XMLSignatureInputTest.testSetOctetStreamGetNodeSet4, org.apache.xml.security.test.signature.XMLSignatureInputTest.testOctetStreamIsOctetStream, org.apache.xml.security.test.signature.XMLSignatureInputTest.testIsInitializedWithNodeSet, org.apache.xml.security.test.signature.XMLSignatureInputTest.testNodeSetIsNotOctetStream, org.apache.xml.security.test.transforms.implementations.TransformBase64DecodeTest.test2, org.apache.xml.security.test.utils.resolver.ResourceResolverSpiTest.testExpandSystemId_1]

Time each test takes to run in the new order:
[105006435, 1419769, 1338193, 1036978, 523779, 4312124, 11859237, 1673211, 2972099, 49281007, 36950305, 2692142, 11104996, 1476882, 8409324, 12918062, 14622514, 4276869, 11165401, 4066486, 2200242, 1295116, 2034389, 1537095, 1376542, 1449572, 356971, 1434942, 1102800, 1263151, 278663]

Dependent test list:
[Test: org.apache.xml.security.test.c14n.implementations.ExclusiveC14NInterop.test_Y5, Intended behavior: FAILURE, when executed after: [org.apache.xml.security.test.algorithms.implementations.BlockEncryptionTest.test_AES128], The revealed different behavior: PASS, when executed after: []]
--------------------------
Execution time of TLG and its time to find/nullify any DTs for 1 machine (does not include the time to run the tests in the new order): 0.622
Number of tests selected out of total in original order: 31 / 97
Number of DTs not fixed: 0
Number of DTs fixed: 0
Execution time for executing the following testing order: 0.416

Test order list:
[org.apache.xml.security.test.algorithms.implementations.AESWrapperTest.test45, org.apache.xml.security.test.algorithms.implementations.TripleDESWrapperTest.test34, org.apache.xml.security.test.c14n.helper.C14nHelperTest.testNamespaceIsAbsolute02, org.apache.xml.security.test.c14n.helper.C14nHelperTest.testNamespaceIsRelative01, org.apache.xml.security.test.c14n.implementations.Canonicalizer20010315ExclusiveTest.test222, org.apache.xml.security.test.c14n.implementations.Canonicalizer20010315ExclusiveTest.test221excl, org.apache.xml.security.test.c14n.implementations.Canonicalizer20010315ExclusiveTest.test222excl, org.apache.xml.security.test.c14n.implementations.Canonicalizer20010315Test.test36, org.apache.xml.security.test.c14n.implementations.Canonicalizer20010315Test.test37byNodeList, org.apache.xml.security.test.c14n.implementations.Canonicalizer20010315Test.testRelativeNSbehaviour, org.apache.xml.security.test.c14n.implementations.Canonicalizer20010315Test.testXMLAttributes1, org.apache.xml.security.test.c14n.implementations.ExclusiveC14NInterop.test_Y3, org.apache.xml.security.test.external.org.apache.xalan.XPathAPI.XalanBug1425Test.testBad03, org.apache.xml.security.test.external.org.apache.xalan.XPathAPI.XalanBug1425Test.testGood01, org.apache.xml.security.test.external.org.apache.xalan.XPathAPI.XalanBug1425Test.testGood02, org.apache.xml.security.test.interop.BaltimoreTest.test_fifteen_enveloping_hmac_sha1, org.apache.xml.security.test.interop.BaltimoreTest.test_fifteen_enveloped_dsa, org.apache.xml.security.test.interop.BaltimoreTest.test_fifteen_enveloping_dsa, org.apache.xml.security.test.interop.BaltimoreTest.test_sixteen_external_dsa, org.apache.xml.security.test.interop.IAIKTest.test_signatureAlgorithms_signatures_hMACSignature, org.apache.xml.security.test.interop.IAIKTest.test_transforms_signatures_base64DecodeSignature, org.apache.xml.security.test.interop.IBMTest.test_enveloping_hmac, org.apache.xml.security.test.interop.IBMTest.test_detached_rsa, org.apache.xml.security.test.interop.IBMTest.test_enveloping_dsa_soaped_broken, org.apache.xml.security.test.interop.RSASecurityTest.test_enveloping, org.apache.xml.security.test.interop.RSASecurityTest.test_enveloped, org.apache.xml.security.test.signature.XMLSignatureInputTest.testSetNodeSetGetNodeSet1, org.apache.xml.security.test.signature.XMLSignatureInputTest.testSetNodeSetGetOctetStream1, org.apache.xml.security.test.signature.XMLSignatureInputTest.testOctetStreamIsNotNodeSet, org.apache.xml.security.test.utils.Base64Test.testA1, org.apache.xml.security.test.utils.resolver.ResourceResolverSpiTest.testExpandSystemId_2]

Time each test takes to run in the new order:
[122184934, 8765028, 471577, 334827, 4422143, 2017945, 1389646, 9074214, 57136874, 1449903, 3281550, 45992571, 15709204, 1373486, 1570169, 10056763, 15201341, 6486037, 84156675, 2737201, 8844302, 1816010, 980780, 917560, 2959880, 2429047, 1282274, 1018671, 149717, 213054, 1727670]

Dependent test list:
[Test: org.apache.xml.security.test.c14n.implementations.ExclusiveC14NInterop.test_Y5, Intended behavior: FAILURE, when executed after: [org.apache.xml.security.test.algorithms.implementations.BlockEncryptionTest.test_AES128], The revealed different behavior: PASS, when executed after: []]
--------------------------
Execution time of TLG and its time to find/nullify any DTs for 1 machine (does not include the time to run the tests in the new order): 0.595
Number of tests selected out of total in original order: 34 / 97
Number of DTs not fixed: 0
Number of DTs fixed: 0
Execution time for executing the following testing order: 0.353

Test order list:
[org.apache.xml.security.test.algorithms.implementations.AESWrapperTest.test44, org.apache.xml.security.test.c14n.helper.C14nHelperTest.testNamespaceIsAbsolute03, org.apache.xml.security.test.c14n.helper.C14nHelperTest.testNamespaceIsRelative02, org.apache.xml.security.test.c14n.implementations.C14NInterop.test_Y4_stripped, org.apache.xml.security.test.c14n.implementations.Canonicalizer20010315ExclusiveTest.testA, org.apache.xml.security.test.c14n.implementations.Canonicalizer20010315Test.test31, org.apache.xml.security.test.c14n.implementations.Canonicalizer20010315Test.test34validatingParser, org.apache.xml.security.test.c14n.implementations.Canonicalizer20010315Test.test35, org.apache.xml.security.test.c14n.implementations.Canonicalizer20010315Test.testTranslationFromUTF16toUTF8, org.apache.xml.security.test.c14n.implementations.Canonicalizer20010315Test.testXMLAttributes2, org.apache.xml.security.test.c14n.implementations.Canonicalizer20010315Test.testXMLAttributes3, org.apache.xml.security.test.c14n.implementations.ExclusiveC14NInterop.test_Y1, org.apache.xml.security.test.external.org.apache.xalan.XPathAPI.AttributeAncestorOrSelf.test01, org.apache.xml.security.test.external.org.apache.xalan.XPathAPI.AttributeAncestorOrSelf.test02, org.apache.xml.security.test.external.org.apache.xalan.XPathAPI.XalanBug1425Test.testGood03, org.apache.xml.security.test.external.org.apache.xalan.XPathAPI.XalanBug1425Test.testGood04, org.apache.xml.security.test.external.org.apache.xalan.XPathAPI.XalanBug1425Test.testGood05, org.apache.xml.security.test.interop.BaltimoreTest.test_fifteen_enveloping_hmac_sha1_40, org.apache.xml.security.test.interop.BaltimoreTest.test_fifteen_enveloping_b64_dsa, org.apache.xml.security.test.interop.BaltimoreTest.test_fifteen_enveloping_rsa, org.apache.xml.security.test.interop.BaltimoreTest.test_fifteen_external_b64_dsa, org.apache.xml.security.test.interop.IAIKTest.test_signatureAlgorithms_signatures_hMACShortSignature, org.apache.xml.security.test.interop.IAIKTest.test_coreFeatures_signatures_manifestSignature_core, org.apache.xml.security.test.interop.IAIKTest.test_signatureAlgorithms_signatures_dSASignature, org.apache.xml.security.test.interop.IAIKTest.test_transforms_signatures_c14nSignature, org.apache.xml.security.test.interop.IAIKTest.test_transforms_signatures_xPathSignature, org.apache.xml.security.test.interop.IBMTest.test_enveloped_dsa, org.apache.xml.security.test.interop.IBMTest.test_enveloped_rsa, org.apache.xml.security.test.interop.IBMTest.test_enveloping_rsa, org.apache.xml.security.test.signature.XMLSignatureInputTest.testSetOctetStreamGetOctetStream, org.apache.xml.security.test.signature.XMLSignatureInputTest.testIsInitializedWithOctetStream, org.apache.xml.security.test.signature.XMLSignatureInputTest.testNodeSetIsNodeSet, org.apache.xml.security.test.transforms.implementations.TransformBase64DecodeTest.test1, org.apache.xml.security.test.transforms.implementations.TransformBase64DecodeTest.test3]

Time each test takes to run in the new order:
[106056632, 565602, 223121, 75181651, 32549081, 12187684, 2495313, 2971342, 25927992, 5408443, 2492047, 11439291, 8900599, 2439055, 1835309, 1038236, 954281, 8032137, 7990541, 7576450, 7852142, 2640249, 3317719, 3887946, 4844860, 6991987, 1398845, 670079, 751358, 212393, 125712, 1191312, 828046, 1723612]

Dependent test list:
[Test: org.apache.xml.security.test.c14n.implementations.ExclusiveC14NInterop.test_Y5, Intended behavior: FAILURE, when executed after: [org.apache.xml.security.test.algorithms.implementations.BlockEncryptionTest.test_AES128], The revealed different behavior: PASS, when executed after: []]
--------------------------
Execution time of TLG and its time to find/nullify any DTs for 1 machine (does not include the time to run the tests in the new order): 1.292
Number of tests selected out of total in original order: 2 / 97
Number of DTs not fixed: 0
Number of DTs fixed: 0
Execution time for executing the following testing order: 1.164

Test order list:
[org.apache.xml.security.test.algorithms.implementations.BlockEncryptionTest.test_AES128, org.apache.xml.security.test.c14n.implementations.ExclusiveC14NInterop.test_Y5]

Time each test takes to run in the new order:
[169565454, 994387978]

Dependent test list:
[Test: org.apache.xml.security.test.c14n.implementations.ExclusiveC14NInterop.test_Y5, Intended behavior: FAILURE, when executed after: [org.apache.xml.security.test.algorithms.implementations.BlockEncryptionTest.test_AES128], The revealed different behavior: PASS, when executed after: []]
--------------------------
Total time (of all machines and iterations plus initial TestListGenerator): 2.284
New order time: 1.164
Total number of tests executed in all machines out of total in original order: 98 / 97