Test: org.apache.ambari.server.security.authentication.AmbariDelegatingAuthenticationFilterTest.testDoFilterNoneApply
Intended behavior: FAILURE
when executed after: [org.apache.ambari.server.security.authentication.kerberos.AmbariKerberosTicketValidatorTest.testConstructor]
The revealed different behavior: PASS
when executed after: []

Test: org.apache.ambari.server.security.encryption.MasterKeyServiceTest.testReadFromEnvAsKey
Intended behavior: FAILURE
when executed after: [org.apache.ambari.server.security.authorization.ResourceTypeTest.testGetId]
The revealed different behavior: PASS
when executed after: []

Test: org.apache.ambari.server.security.authorization.AmbariAuthenticationTest.testGetPrincipalWithLoginAlias
Intended behavior: FAILURE
when executed after: [org.apache.ambari.server.view.configuration.ResourceConfigTest.testGetSubResourceNames]
The revealed different behavior: PASS
when executed after: []

Test: org.apache.ambari.server.view.configuration.ResourceConfigTest.testGetSubResourceNames
Intended behavior: FAILURE
when executed after: [org.apache.ambari.server.view.events.EventImplTest.testGetViewSubject]
The revealed different behavior: PASS
when executed after: []

Test: org.apache.ambari.server.view.events.EventImplTest.testGetViewSubject
Intended behavior: FAILURE
when executed after: [org.apache.ambari.server.view.persistence.DataStoreImplTest.testStore_create_largeEntity]
The revealed different behavior: PASS
when executed after: []

Test: org.apache.ambari.server.view.persistence.DataStoreImplTest.testStore_create_largeEntity
Intended behavior: FAILURE
when executed after: [org.apache.ambari.server.view.persistence.DataStoreImplTest.testFindAll]
The revealed different behavior: PASS
when executed after: []

Test: org.apache.ambari.server.view.persistence.DataStoreImplTest.testFindAll
Intended behavior: FAILURE
when executed after: [org.apache.ambari.server.view.persistence.DataStoreImplTest.testFind]
The revealed different behavior: PASS
when executed after: []

Test: org.apache.ambari.server.view.persistence.DataStoreImplTest.testFind
Intended behavior: FAILURE
when executed after: [org.apache.ambari.server.view.RemoteAmbariClusterTest.testGetHostsForServiceComponent]
The revealed different behavior: PASS
when executed after: []

Test: org.apache.ambari.server.view.RemoteAmbariClusterTest.testGetHostsForServiceComponent
Intended behavior: FAILURE
when executed after: [org.apache.ambari.server.view.ViewContextImplTest.testGetURLConnectionProvider]
The revealed different behavior: PASS
when executed after: []

Test: org.apache.ambari.server.view.ViewContextImplTest.testGetURLConnectionProvider
Intended behavior: FAILURE
when executed after: [org.apache.ambari.server.view.ViewContextImplTest.testGetInstanceName]
The revealed different behavior: PASS
when executed after: []

Test: org.apache.ambari.server.view.ViewContextImplTest.testGetInstanceName
Intended behavior: FAILURE
when executed after: [org.apache.ambari.server.api.predicate.operators.GreaterOperatorTest.testToPredicate]
The revealed different behavior: PASS
when executed after: []

Test: org.apache.ambari.server.api.predicate.operators.GreaterOperatorTest.testToPredicate
Intended behavior: FAILURE
when executed after: [org.apache.ambari.server.api.predicate.operators.GreaterEqualsOperatorTest.testGetPrecedence]
The revealed different behavior: PASS
when executed after: []

Test: org.apache.ambari.server.api.predicate.operators.GreaterEqualsOperatorTest.testGetPrecedence
Intended behavior: FAILURE
when executed after: [org.apache.ambari.server.api.predicate.operators.IsEmptyOperatorTest.testGetPrecedence]
The revealed different behavior: PASS
when executed after: []

Test: org.apache.ambari.server.api.predicate.operators.IsEmptyOperatorTest.testGetPrecedence
Intended behavior: FAILURE
when executed after: [org.apache.ambari.server.api.predicate.operators.NotEqualsOperatorTest.testGetBasePrecedence]
The revealed different behavior: PASS
when executed after: []

Test: org.apache.ambari.server.api.predicate.operators.NotEqualsOperatorTest.testGetBasePrecedence
Intended behavior: FAILURE
when executed after: [org.apache.ambari.server.api.predicate.operators.NotOperatorTest.testGetBasePrecedence]
The revealed different behavior: PASS
when executed after: []

Test: org.apache.ambari.server.api.predicate.operators.NotOperatorTest.testGetBasePrecedence
Intended behavior: FAILURE
when executed after: [org.apache.ambari.server.api.predicate.operators.EqualsOperatorTest.testToPredicate]
The revealed different behavior: PASS
when executed after: []

Test: org.apache.ambari.server.api.predicate.operators.EqualsOperatorTest.testToPredicate
Intended behavior: FAILURE
when executed after: [org.apache.ambari.server.api.predicate.operators.LessOperatorTest.testGetType]
The revealed different behavior: PASS
when executed after: []

Test: org.apache.ambari.server.api.predicate.operators.LessOperatorTest.testGetType
Intended behavior: FAILURE
when executed after: [org.apache.ambari.server.api.predicate.QueryParserTest.testParse_outOfOrderTokens]
The revealed different behavior: PASS
when executed after: []

Test: org.apache.ambari.server.api.predicate.QueryParserTest.testParse_outOfOrderTokens
Intended behavior: FAILURE
when executed after: [org.apache.ambari.server.api.predicate.QueryParserTest.testParse_noTokens]
The revealed different behavior: PASS
when executed after: []

Test: org.apache.ambari.server.api.predicate.QueryParserTest.testParse_noTokens
Intended behavior: FAILURE
when executed after: [org.apache.ambari.server.api.predicate.QueryParserTest.testParse_FilterOp_exception]
The revealed different behavior: PASS
when executed after: []

Test: org.apache.ambari.server.api.predicate.QueryParserTest.testParse_FilterOp_exception
Intended behavior: FAILURE
when executed after: [org.apache.ambari.server.api.predicate.QueryParserTest.testParse_NotOp]
The revealed different behavior: PASS
when executed after: []

Test: org.apache.ambari.server.api.predicate.QueryParserTest.testParse_NotOp
Intended behavior: FAILURE
when executed after: [org.apache.ambari.server.api.predicate.QueryLexerTest.testTokens_ignore__fieldsMiddle2]
The revealed different behavior: PASS
when executed after: []

Test: org.apache.ambari.server.api.predicate.QueryLexerTest.testTokens_ignore__fieldsMiddle2
Intended behavior: FAILURE
when executed after: [org.apache.ambari.server.api.predicate.QueryLexerTest.testInOperator]
The revealed different behavior: PASS
when executed after: []

Test: org.apache.ambari.server.api.predicate.QueryLexerTest.testInOperator
Intended behavior: FAILURE
when executed after: [org.apache.ambari.server.api.predicate.QueryLexerTest.testTokens_multipleBrackets]
The revealed different behavior: PASS
when executed after: []

Test: org.apache.ambari.server.api.predicate.QueryLexerTest.testTokens_multipleBrackets
Intended behavior: FAILURE
when executed after: [org.apache.ambari.server.api.UserNameOverrideFilterTest.testDoFilterNoUserNameInUri]
The revealed different behavior: PASS
when executed after: []

Test: org.apache.ambari.server.api.UserNameOverrideFilterTest.testDoFilterNoUserNameInUri
Intended behavior: FAILURE
when executed after: [org.apache.ambari.server.api.services.ViewDataMigrationServiceTest.testServiceMigrateCallNotAdmin]
The revealed different behavior: PASS
when executed after: []

Test: org.apache.ambari.server.api.services.ViewDataMigrationServiceTest.testServiceMigrateCallNotAdmin
Intended behavior: FAILURE
when executed after: [org.apache.ambari.server.api.services.LoggingServiceTest.testGetSearchEngineWhenLogSearchNotRunningAsClusterOperator]
The revealed different behavior: PASS
when executed after: []

Test: org.apache.ambari.server.api.services.LoggingServiceTest.testGetSearchEngineWhenLogSearchNotRunningAsClusterOperator
Intended behavior: FAILURE
when executed after: [org.apache.ambari.server.api.services.RequestFactoryTest.testCreate_Delete__WithUriDirective]
The revealed different behavior: PASS
when executed after: []

Test: org.apache.ambari.server.api.services.RequestFactoryTest.testCreate_Delete__WithUriDirective
Intended behavior: FAILURE
when executed after: [org.apache.ambari.server.api.services.RequestFactoryTest.testCreate_Post__UriQueryParams]
The revealed different behavior: PASS
when executed after: []

Test: org.apache.ambari.server.api.services.RequestFactoryTest.testCreate_Post__UriQueryParams
Intended behavior: FAILURE
when executed after: [org.apache.ambari.server.api.services.PostRequestTest.testRequestType]
The revealed different behavior: PASS
when executed after: []

Test: org.apache.ambari.server.api.services.PostRequestTest.testRequestType
Intended behavior: FAILURE
when executed after: [org.apache.ambari.server.api.services.RequestBodyTest.testSetGetBody]
The revealed different behavior: PASS
when executed after: []

Test: org.apache.ambari.server.api.services.RequestBodyTest.testSetGetBody
Intended behavior: FAILURE
when executed after: [org.apache.ambari.server.api.services.RequestBodyTest.testSetGetQueryString]
The revealed different behavior: PASS
when executed after: []

Test: org.apache.ambari.server.api.services.RequestBodyTest.testSetGetQueryString
Intended behavior: FAILURE
when executed after: [org.apache.ambari.server.api.services.parsers.JsonRequestBodyParserTest.testParse_NullBody]
The revealed different behavior: PASS
when executed after: []

Test: org.apache.ambari.server.api.services.parsers.JsonRequestBodyParserTest.testParse_NullBody
Intended behavior: FAILURE
when executed after: [org.apache.ambari.server.api.services.serializers.JsonSerializerTest.testDeleteResultMetadata]
The revealed different behavior: PASS
when executed after: []

Test: org.apache.ambari.server.api.services.serializers.JsonSerializerTest.testDeleteResultMetadata
Intended behavior: FAILURE
when executed after: [org.apache.ambari.server.api.services.BaseRequestTest.testParseRenderer_formatSpecified]
The revealed different behavior: PASS
when executed after: []

Test: org.apache.ambari.server.api.services.BaseRequestTest.testParseRenderer_formatSpecified
Intended behavior: FAILURE
when executed after: [org.apache.ambari.server.api.services.BaseRequestTest.testProcess_WithBody]
The revealed different behavior: PASS
when executed after: []

Test: org.apache.ambari.server.api.services.BaseRequestTest.testProcess_WithBody
Intended behavior: FAILURE
when executed after: [org.apache.ambari.server.api.services.stackadvisor.commands.StackAdvisorCommandTest.testInvoke_adjustThrowsException_throwsException]
The revealed different behavior: PASS
when executed after: []

Test: org.apache.ambari.server.api.services.stackadvisor.commands.StackAdvisorCommandTest.testInvoke_adjustThrowsException_throwsException
Intended behavior: FAILURE
when executed after: [org.apache.ambari.server.api.services.stackadvisor.StackAdvisorHelperTest.testCreateRecommendationCommand_returnsComponentLayoutRecommendationCommand]
The revealed different behavior: PASS
when executed after: []

Test: org.apache.ambari.server.api.services.stackadvisor.StackAdvisorHelperTest.testCreateRecommendationCommand_returnsComponentLayoutRecommendationCommand
Intended behavior: FAILURE
when executed after: [org.apache.ambari.server.api.services.stackadvisor.StackAdvisorHelperTest.testCreateRecommendationDependencyCommand_returnsConfigurationDependencyRecommendationCommand]
The revealed different behavior: PASS
when executed after: []

Test: org.apache.ambari.server.api.services.stackadvisor.StackAdvisorHelperTest.testCreateRecommendationDependencyCommand_returnsConfigurationDependencyRecommendationCommand
Intended behavior: FAILURE
when executed after: [org.apache.ambari.server.api.services.UserPrivilegeServiceTest.testDisabledMethods]
The revealed different behavior: PASS
when executed after: []

Test: org.apache.ambari.server.api.services.UserPrivilegeServiceTest.testDisabledMethods
Intended behavior: FAILURE
when executed after: [org.apache.ambari.server.api.services.ViewSubResourceServiceTest.testGetResultSerializer_Json]
The revealed different behavior: PASS
when executed after: []

Test: org.apache.ambari.server.api.services.ViewSubResourceServiceTest.testGetResultSerializer_Json
Intended behavior: FAILURE
when executed after: [org.apache.ambari.server.api.services.ViewSubResourceServiceTest.testGetResultSerializer_Text]
The revealed different behavior: PASS
when executed after: []

Test: org.apache.ambari.server.api.services.ViewSubResourceServiceTest.testGetResultSerializer_Text
Intended behavior: FAILURE
when executed after: [org.apache.ambari.server.api.services.DeleteRequestTest.testRequestType]
The revealed different behavior: PASS
when executed after: []

Test: org.apache.ambari.server.api.services.DeleteRequestTest.testRequestType
Intended behavior: FAILURE
when executed after: [org.apache.ambari.server.api.rest.KdcServerConnectionVerificationTest.testValidateTCP__Successful2]
The revealed different behavior: PASS
when executed after: []

Test: org.apache.ambari.server.api.rest.KdcServerConnectionVerificationTest.testValidateTCP__Successful2
Intended behavior: FAILURE
when executed after: [org.apache.ambari.server.api.resources.WorkflowResourceDefinitionTest.testGetPluralName]
The revealed different behavior: PASS
when executed after: []

Test: org.apache.ambari.server.api.resources.WorkflowResourceDefinitionTest.testGetPluralName
Intended behavior: FAILURE
when executed after: [org.apache.ambari.server.api.resources.StackConfigurationDependencyDefinitionTest.testGetSingularName]
The revealed different behavior: PASS
when executed after: []

Test: org.apache.ambari.server.api.resources.StackConfigurationDependencyDefinitionTest.testGetSingularName
Intended behavior: FAILURE
when executed after: [org.apache.ambari.server.api.resources.TargetClusterResourceDefinitionTest.testGetPluralName]
The revealed different behavior: PASS
when executed after: []

Test: org.apache.ambari.server.api.resources.TargetClusterResourceDefinitionTest.testGetPluralName
Intended behavior: FAILURE
when executed after: [org.apache.ambari.server.api.resources.UpgradeResourceDefinitionTest.testGetSingularName]
The revealed different behavior: PASS
when executed after: []

Test: org.apache.ambari.server.api.resources.UpgradeResourceDefinitionTest.testGetSingularName
Intended behavior: FAILURE
when executed after: [org.apache.ambari.server.api.resources.UpgradeResourceDefinitionTest.testGetCreateDirectives]
The revealed different behavior: PASS
when executed after: []

Test: org.apache.ambari.server.api.resources.UpgradeResourceDefinitionTest.testGetCreateDirectives
Intended behavior: FAILURE
when executed after: [org.apache.ambari.server.api.resources.SimpleResourceDefinitionTest.testGetSingularName]
The revealed different behavior: PASS
when executed after: []

Test: org.apache.ambari.server.api.resources.SimpleResourceDefinitionTest.testGetSingularName
Intended behavior: FAILURE
when executed after: [org.apache.ambari.server.api.resources.PermissionResourceDefinitionTest.testGetPluralName]
The revealed different behavior: PASS
when executed after: []

Test: org.apache.ambari.server.api.resources.PermissionResourceDefinitionTest.testGetPluralName
Intended behavior: FAILURE
when executed after: [org.apache.ambari.server.api.resources.StackConfigurationDefinitionTest.testGetPluralName]
The revealed different behavior: PASS
when executed after: []

Test: org.apache.ambari.server.api.resources.StackConfigurationDefinitionTest.testGetPluralName
Intended behavior: FAILURE
when executed after: [org.apache.ambari.server.api.resources.ResourceInstanceFactoryImplTest.testGetClusterKerberosDescriptorDefinition]
The revealed different behavior: PASS
when executed after: []

Test: org.apache.ambari.server.api.resources.ResourceInstanceFactoryImplTest.testGetClusterKerberosDescriptorDefinition
Intended behavior: FAILURE
when executed after: [org.apache.ambari.server.api.resources.ResourceInstanceFactoryImplTest.testGetHostDefinition]
The revealed different behavior: PASS
when executed after: []

Test: org.apache.ambari.server.api.resources.ResourceInstanceFactoryImplTest.testGetHostDefinition
Intended behavior: FAILURE
when executed after: [org.apache.ambari.server.api.resources.CredentialResourceDefinitionTest.testGetPluralName]
The revealed different behavior: PASS
when executed after: []

Test: org.apache.ambari.server.api.resources.CredentialResourceDefinitionTest.testGetPluralName
Intended behavior: FAILURE
when executed after: [org.apache.ambari.server.api.resources.RepositoryResourceDefinitionTest.testGetSubResourceDefinitions]
The revealed different behavior: PASS
when executed after: []

Test: org.apache.ambari.server.api.resources.RepositoryResourceDefinitionTest.testGetSubResourceDefinitions
Intended behavior: FAILURE
when executed after: [org.apache.ambari.server.api.resources.BaseResourceDefinitionTest.testGetRenderer]
The revealed different behavior: PASS
when executed after: []

Test: org.apache.ambari.server.api.resources.BaseResourceDefinitionTest.testGetRenderer
Intended behavior: FAILURE
when executed after: [org.apache.ambari.server.api.resources.HostKerberosIdentityResourceDefinitionTest.testGetPluralName]
The revealed different behavior: PASS
when executed after: []

Test: org.apache.ambari.server.api.resources.HostKerberosIdentityResourceDefinitionTest.testGetPluralName
Intended behavior: FAILURE
when executed after: [org.apache.ambari.server.api.resources.HostResourceDefinitionTest.testGetSingularName]
The revealed different behavior: PASS
when executed after: []

Test: org.apache.ambari.server.api.resources.HostResourceDefinitionTest.testGetSingularName
Intended behavior: FAILURE
when executed after: [org.apache.ambari.server.api.resources.JobResourceDefinitionTest.testGetSingularName]
The revealed different behavior: PASS
when executed after: []

Test: org.apache.ambari.server.api.resources.JobResourceDefinitionTest.testGetSingularName
Intended behavior: FAILURE
when executed after: [org.apache.ambari.server.api.resources.ViewResourceDefinitionTest.testGetPluralName]
The revealed different behavior: PASS
when executed after: []

Test: org.apache.ambari.server.api.resources.ViewResourceDefinitionTest.testGetPluralName
Intended behavior: FAILURE
when executed after: [org.apache.ambari.server.api.handlers.ReadHandlerTest.testHandleRequest__SystemException]
The revealed different behavior: PASS
when executed after: []

Test: org.apache.ambari.server.api.handlers.ReadHandlerTest.testHandleRequest__SystemException
Intended behavior: FAILURE
when executed after: [org.apache.ambari.server.api.query.render.DefaultRendererTest.testFinalizeProperties__collection_subResource_propertiesTopLevelOnly]
The revealed different behavior: PASS
when executed after: []

Test: org.apache.ambari.server.api.query.render.DefaultRendererTest.testFinalizeProperties__collection_subResource_propertiesTopLevelOnly
Intended behavior: FAILURE
when executed after: [org.apache.ambari.server.api.query.render.MetricsPaddingRendererTest.testFinalizeProperties__NullPadding_property]
The revealed different behavior: PASS
when executed after: []

Test: org.apache.ambari.server.api.query.render.MetricsPaddingRendererTest.testFinalizeProperties__NullPadding_property
Intended behavior: FAILURE
when executed after: [org.apache.ambari.server.api.query.render.MinimalRendererTest.testFinalizeProperties__instance_subResource_properties]
The revealed different behavior: PASS
when executed after: []

Test: org.apache.ambari.server.api.query.render.MinimalRendererTest.testFinalizeProperties__instance_subResource_properties
Intended behavior: FAILURE
when executed after: [org.apache.ambari.server.api.query.render.MinimalRendererTest.testFinalizeProperties__instance_properties]
The revealed different behavior: PASS
when executed after: []

Test: org.apache.ambari.server.api.query.render.MinimalRendererTest.testFinalizeProperties__instance_properties
Intended behavior: FAILURE
when executed after: [org.apache.ambari.server.api.query.render.ClusterBlueprintRendererTest.testFinalizeResultWithAttributes]
The revealed different behavior: PASS
when executed after: []

Test: org.apache.ambari.server.api.query.render.ClusterBlueprintRendererTest.testFinalizeResultWithAttributes
Intended behavior: FAILURE
when executed after: [org.apache.ambari.server.api.query.QueryImplTest.testExecute_SubResourcePropertyPredicate]
The revealed different behavior: PASS
when executed after: []

Test: org.apache.ambari.server.api.query.QueryImplTest.testExecute_SubResourcePropertyPredicate
Intended behavior: FAILURE
when executed after: [org.apache.ambari.server.api.query.QueryImplTest.testGetJoinedResourceProperties]
The revealed different behavior: PASS
when executed after: []

Test: org.apache.ambari.server.api.query.QueryImplTest.testGetJoinedResourceProperties
Intended behavior: FAILURE
when executed after: [org.apache.ambari.server.api.query.QueryImplTest.testExecute__Stack_instance_noSpecifiedProps]
The revealed different behavior: PASS
when executed after: []

Test: org.apache.ambari.server.api.query.QueryImplTest.testExecute__Stack_instance_noSpecifiedProps
Intended behavior: FAILURE
when executed after: [org.apache.ambari.server.api.query.SubResourcePredicateVisitorTest.testGetSubResourcePredicate]
The revealed different behavior: PASS
when executed after: []

Test: org.apache.ambari.server.api.query.SubResourcePredicateVisitorTest.testGetSubResourcePredicate
Intended behavior: FAILURE
when executed after: [org.apache.ambari.server.api.query.ProcessingPredicateVisitorTest.testGetSubResourceForNotPredicate]
The revealed different behavior: PASS
when executed after: []

Test: org.apache.ambari.server.api.query.ProcessingPredicateVisitorTest.testGetSubResourceForNotPredicate
Intended behavior: FAILURE
when executed after: [org.apache.ambari.server.bootstrap.BootStrapTest.testPolling]
The revealed different behavior: PASS
when executed after: []

Test: org.apache.ambari.server.bootstrap.BootStrapTest.testPolling
Intended behavior: FAILURE
when executed after: [org.apache.ambari.server.orm.dao.AlertsDAOCachedTest.testFindByClusterId]
The revealed different behavior: PASS
when executed after: []

Test: org.apache.ambari.server.orm.dao.AlertsDAOCachedTest.testFindByClusterId
Intended behavior: FAILURE
when executed after: [org.apache.ambari.server.orm.dao.AlertsDAOCachedTest.testFindAll]
The revealed different behavior: PASS
when executed after: []

Test: org.apache.ambari.server.orm.dao.AlertsDAOCachedTest.testFindAll
Intended behavior: FAILURE
when executed after: [org.apache.ambari.server.orm.dao.ResourceDAOTest.testFindById]
The revealed different behavior: PASS
when executed after: []

Test: org.apache.ambari.server.orm.dao.ResourceDAOTest.testFindById
Intended behavior: FAILURE
when executed after: [org.apache.ambari.server.orm.entities.ViewInstanceEntityTest.testGetValidationResult]
The revealed different behavior: PASS
when executed after: []

Test: org.apache.ambari.server.orm.entities.ViewInstanceEntityTest.testGetValidationResult
Intended behavior: FAILURE
when executed after: [org.apache.ambari.server.orm.entities.ViewInstanceEntityTest.testGetConfiguration]
The revealed different behavior: PASS
when executed after: []

Test: org.apache.ambari.server.orm.entities.ViewInstanceEntityTest.testGetConfiguration
Intended behavior: FAILURE
when executed after: [org.apache.ambari.server.orm.entities.BlueprintConfigEntityPKTest.testSetGetBlueprintName]
The revealed different behavior: PASS
when executed after: []

Test: org.apache.ambari.server.orm.entities.BlueprintConfigEntityPKTest.testSetGetBlueprintName
Intended behavior: FAILURE
when executed after: [org.apache.ambari.server.orm.entities.BlueprintConfigEntityPKTest.testEquals]
The revealed different behavior: PASS
when executed after: []

Test: org.apache.ambari.server.orm.entities.BlueprintConfigEntityPKTest.testEquals
Intended behavior: FAILURE
when executed after: [org.apache.ambari.server.orm.entities.HostEntityTest.testRemoveHostComponentDesiredStateEntity]
The revealed different behavior: PASS
when executed after: []

Test: org.apache.ambari.server.orm.entities.HostEntityTest.testRemoveHostComponentDesiredStateEntity
Intended behavior: FAILURE
when executed after: [org.apache.ambari.server.checks.HiveDynamicServiceDiscoveryCheckTest.testPerform]
The revealed different behavior: PASS
when executed after: []

Test: org.apache.ambari.server.checks.HiveDynamicServiceDiscoveryCheckTest.testPerform
Intended behavior: FAILURE
when executed after: [org.apache.ambari.server.checks.ComponentsInstallationCheckTest.testPerform]
The revealed different behavior: PASS
when executed after: []

Test: org.apache.ambari.server.checks.ComponentsInstallationCheckTest.testPerform
Intended behavior: FAILURE
when executed after: [org.apache.ambari.server.checks.ServicePresenceCheckTest.testPerformHasRemovedServices]
The revealed different behavior: PASS
when executed after: []

Test: org.apache.ambari.server.checks.ServicePresenceCheckTest.testPerformHasRemovedServices
Intended behavior: FAILURE
when executed after: [org.apache.ambari.server.checks.ServicePresenceCheckTest.testPerformPass]
The revealed different behavior: PASS
when executed after: []

Test: org.apache.ambari.server.checks.ServicePresenceCheckTest.testPerformPass
Intended behavior: FAILURE
when executed after: [org.apache.ambari.server.checks.RangerAuditDbCheckTest.testIsApplicable]
The revealed different behavior: PASS
when executed after: []

Test: org.apache.ambari.server.checks.RangerAuditDbCheckTest.testIsApplicable
Intended behavior: FAILURE
when executed after: [org.apache.ambari.server.checks.RangerPasswordCheckTest.testNoUser]
The revealed different behavior: PASS
when executed after: []

Test: org.apache.ambari.server.checks.RangerPasswordCheckTest.testNoUser
Intended behavior: FAILURE
when executed after: [org.apache.ambari.server.checks.HostsMasterMaintenanceCheckTest.testIsApplicable]
The revealed different behavior: PASS
when executed after: []

Test: org.apache.ambari.server.checks.HostsMasterMaintenanceCheckTest.testIsApplicable
Intended behavior: FAILURE
when executed after: [org.apache.ambari.server.checks.ServicesMapReduceDistributedCacheCheckTest.testPerformWithCheckConfig]
The revealed different behavior: PASS
when executed after: []

Test: org.apache.ambari.server.checks.ServicesMapReduceDistributedCacheCheckTest.testPerformWithCheckConfig
Intended behavior: FAILURE
when executed after: [org.apache.ambari.server.checks.ServicesMapReduceDistributedCacheCheckTest.testPerform]
The revealed different behavior: PASS
when executed after: []

Test: org.apache.ambari.server.checks.ServicesMapReduceDistributedCacheCheckTest.testPerform
Intended behavior: FAILURE
when executed after: [org.apache.ambari.server.checks.HostsHeartbeatCheckTest.testPerform]
The revealed different behavior: PASS
when executed after: []

Test: org.apache.ambari.server.checks.HostsHeartbeatCheckTest.testPerform
Intended behavior: FAILURE
when executed after: [org.apache.ambari.server.upgrade.UpgradeCatalog210Test.testUpdateRangerHiveConfigs]
The revealed different behavior: PASS
when executed after: []

Test: org.apache.ambari.server.upgrade.UpgradeCatalog210Test.testUpdateRangerHiveConfigs
Intended behavior: FAILURE
when executed after: [org.apache.ambari.server.upgrade.UpgradeCatalog250Test.testLogSearchUpdateConfigs]
The revealed different behavior: PASS
when executed after: []

Test: org.apache.ambari.server.upgrade.UpgradeCatalog250Test.testLogSearchUpdateConfigs
Intended behavior: FAILURE
when executed after: [org.apache.ambari.server.upgrade.UpgradeCatalog250Test.testAmsEnvUpdateConfigs]
The revealed different behavior: PASS
when executed after: []

Test: org.apache.ambari.server.upgrade.UpgradeCatalog250Test.testAmsEnvUpdateConfigs
Intended behavior: FAILURE
when executed after: [org.apache.ambari.server.upgrade.UpgradeCatalog211Test.testGetSourceVersion]
The revealed different behavior: PASS
when executed after: []

Test: org.apache.ambari.server.upgrade.UpgradeCatalog211Test.testGetSourceVersion
Intended behavior: FAILURE
when executed after: [org.apache.ambari.server.upgrade.UpgradeCatalog212Test.testUpdateOozieConfigs]
The revealed different behavior: PASS
when executed after: []

Test: org.apache.ambari.server.upgrade.UpgradeCatalog212Test.testUpdateOozieConfigs
Intended behavior: FAILURE
when executed after: [org.apache.ambari.server.update.HostUpdateHelperTest.testValidateHostChanges_InvalidHost]
The revealed different behavior: PASS
when executed after: []

Test: org.apache.ambari.server.update.HostUpdateHelperTest.testValidateHostChanges_InvalidHost
Intended behavior: FAILURE
when executed after: [org.apache.ambari.server.update.HostUpdateHelperTest.testValidateHostChanges_InvalidCluster]
The revealed different behavior: PASS
when executed after: []

Test: org.apache.ambari.server.update.HostUpdateHelperTest.testValidateHostChanges_InvalidCluster
Intended behavior: FAILURE
when executed after: [org.apache.ambari.server.update.HostUpdateHelperTest.testValidateHostChanges_HostChangesNull]
The revealed different behavior: PASS
when executed after: []

Test: org.apache.ambari.server.update.HostUpdateHelperTest.testValidateHostChanges_HostChangesNull
Intended behavior: FAILURE
when executed after: [org.apache.ambari.server.metric.system.impl.MetricsSourceTest.testJvmSourceInit_JVM1_8]
The revealed different behavior: PASS
when executed after: []

Test: org.apache.ambari.server.metric.system.impl.MetricsSourceTest.testJvmSourceInit_JVM1_8
Intended behavior: FAILURE
when executed after: [org.apache.ambari.server.state.ServiceInfoTest.testSetServicePropertiesAfterPropertyListSet]
The revealed different behavior: PASS
when executed after: []

Test: org.apache.ambari.server.state.ServiceInfoTest.testSetServicePropertiesAfterPropertyListSet
Intended behavior: FAILURE
when executed after: [org.apache.ambari.server.state.ServiceInfoTest.testVisibilityServicePropertyOverride]
The revealed different behavior: PASS
when executed after: []

Test: org.apache.ambari.server.state.ServiceInfoTest.testVisibilityServicePropertyOverride
Intended behavior: FAILURE
when executed after: [org.apache.ambari.server.state.ServiceInfoTest.testServiceProperties]
The revealed different behavior: PASS
when executed after: []

Test: org.apache.ambari.server.state.ServiceInfoTest.testServiceProperties
Intended behavior: FAILURE
when executed after: [org.apache.ambari.server.state.services.CachedAlertFlushServiceTest.testServiceIsDisabled]
The revealed different behavior: PASS
when executed after: []

Test: org.apache.ambari.server.state.services.CachedAlertFlushServiceTest.testServiceIsDisabled
Intended behavior: FAILURE
when executed after: [org.apache.ambari.server.state.PropertyInfoTest.testProperty]
The revealed different behavior: PASS
when executed after: []

Test: org.apache.ambari.server.state.PropertyInfoTest.testProperty
Intended behavior: FAILURE
when executed after: [org.apache.ambari.server.state.kerberos.KerberosServiceDescriptorTest.testUpdate]
The revealed different behavior: PASS
when executed after: []

Test: org.apache.ambari.server.state.kerberos.KerberosServiceDescriptorTest.testUpdate
Intended behavior: FAILURE
when executed after: [org.apache.ambari.server.state.kerberos.KerberosDescriptorTest.testGetReferencedIdentityDescriptor_NameCollisions]
The revealed different behavior: PASS
when executed after: []

Test: org.apache.ambari.server.state.kerberos.KerberosDescriptorTest.testGetReferencedIdentityDescriptor_NameCollisions
Intended behavior: FAILURE
when executed after: [org.apache.ambari.server.state.kerberos.KerberosDescriptorTest.testJSONDeserialize]
The revealed different behavior: PASS
when executed after: []

Test: org.apache.ambari.server.state.kerberos.KerberosDescriptorTest.testJSONDeserialize
Intended behavior: FAILURE
when executed after: [org.apache.ambari.server.state.kerberos.KerberosDescriptorTest.testMapDeserialize]
The revealed different behavior: PASS
when executed after: []

Test: org.apache.ambari.server.state.kerberos.KerberosDescriptorTest.testMapDeserialize
Intended behavior: FAILURE
when executed after: [org.apache.ambari.server.state.kerberos.KerberosIdentityDescriptorTest.testMapDeserialize]
The revealed different behavior: PASS
when executed after: []

Test: org.apache.ambari.server.state.kerberos.KerberosIdentityDescriptorTest.testMapDeserialize
Intended behavior: FAILURE
when executed after: [org.apache.ambari.server.state.kerberos.KerberosIdentityDescriptorTest.testEquals]
The revealed different behavior: PASS
when executed after: []

Test: org.apache.ambari.server.security.authentication.kerberos.AmbariKerberosAuthenticationPropertiesTest.testSpnegoKeytabFilePath
Intended behavior: FAILURE
when executed after: [org.apache.ambari.server.security.encryption.CredentialStoreServiceImplTest.testIsCredentialPersisted]
The revealed different behavior: PASS
when executed after: []

Test: org.apache.ambari.server.security.encryption.CredentialStoreServiceImplTest.testIsCredentialPersisted
Intended behavior: FAILURE
when executed after: [org.apache.ambari.server.security.encryption.CredentialStoreServiceImplTest.testUpdateCredential]
The revealed different behavior: PASS
when executed after: []

Test: org.apache.ambari.server.security.encryption.CredentialStoreServiceImplTest.testUpdateCredential
Intended behavior: FAILURE
when executed after: [org.apache.ambari.server.security.encryption.AESEncryptorTest.testEncryptionDecryption]
The revealed different behavior: PASS
when executed after: []

Test: org.apache.ambari.server.security.encryption.AESEncryptorTest.testEncryptionDecryption
Intended behavior: FAILURE
when executed after: [org.apache.ambari.server.security.encryption.MasterKeyServiceTest.testReadFromEnvAsKey]
The revealed different behavior: PASS
when executed after: []

Test: org.apache.ambari.server.security.authorization.ResourceTypeTest.testGetId
Intended behavior: FAILURE
when executed after: [org.apache.ambari.server.security.authorization.AmbariAuthenticationTest.testGetAuthorities]
The revealed different behavior: PASS
when executed after: []

Test: org.apache.ambari.server.security.authorization.AmbariAuthenticationTest.testGetAuthorities
Intended behavior: FAILURE
when executed after: [org.apache.ambari.server.security.authorization.AmbariAuthenticationTest.testGetNameWithUserDetailsPrincipalWithLoginAlias]
The revealed different behavior: PASS
when executed after: []

Test: org.apache.ambari.server.security.authorization.AmbariAuthenticationTest.testGetNameWithUserDetailsPrincipalWithLoginAlias
Intended behavior: FAILURE
when executed after: [org.apache.ambari.server.security.authorization.AmbariAuthenticationTest.testGetNameWithLoginAlias]
The revealed different behavior: PASS
when executed after: []

Test: org.apache.ambari.server.security.authorization.AmbariAuthenticationTest.testGetUserDetailPrincipal
Intended behavior: FAILURE
when executed after: [org.apache.ambari.server.security.authorization.AmbariAuthenticationTest.testGetPrincipalWithLoginAlias]
The revealed different behavior: PASS
when executed after: []

Test: org.apache.ambari.server.security.authentication.kerberos.AmbariKerberosTicketValidatorTest.testConstructor
Intended behavior: FAILURE
when executed after: [org.apache.ambari.server.security.authentication.kerberos.AmbariKerberosAuthenticationPropertiesTest.testSpnegoKeytabFilePath]
The revealed different behavior: PASS
when executed after: []

Test: org.apache.ambari.server.orm.entities.ViewEntityTest.testAddGetResourceDefinition
Intended behavior: FAILURE
when executed after: [org.apache.ambari.server.topology.SecurityConfigurationFactoryTest.testShouldPersistKDWhenKDFoundInRequest]
The revealed different behavior: PASS
when executed after: []

Test: org.apache.ambari.server.security.authentication.AmbariDelegatingAuthenticationFilterTest.testDoFilterFirstApplies
Intended behavior: FAILURE
when executed after: [org.apache.ambari.server.security.authentication.AmbariDelegatingAuthenticationFilterTest.testDoFilterNoneApply]
The revealed different behavior: PASS
when executed after: []

Test: org.apache.ambari.server.security.authorization.AmbariAuthenticationTest.testGetUserDetailPrincipalWithLoginAlias
Intended behavior: FAILURE
when executed after: [org.apache.ambari.server.security.authorization.AmbariAuthenticationTest.testGetUserDetailPrincipal]
The revealed different behavior: PASS
when executed after: []

Test: org.apache.ambari.server.orm.entities.ViewEntityTest.testAddGetInstanceDefinition
Intended behavior: FAILURE
when executed after: [org.apache.ambari.server.orm.entities.ViewEntityTest.testAddGetResourceDefinition]
The revealed different behavior: PASS
when executed after: []

Test: org.apache.ambari.server.security.authorization.AmbariAuthenticationTest.testGetNameWithLoginAlias
Intended behavior: FAILURE
when executed after: [org.apache.ambari.server.security.authorization.AmbariAuthenticationTest.testGetUserDetailPrincipalWithLoginAlias]
The revealed different behavior: PASS
when executed after: []

