Test: RegressionTest3.test098
Intended behavior: FAILURE
when executed after: [RegressionTest2.test298]
The revealed different behavior: PASS
when executed after: []

Test: RegressionTest0.test449
Intended behavior: FAILURE
when executed after: [RegressionTest4.test057]
The revealed different behavior: PASS
when executed after: []

