Test: RegressionTest1.test306
Intended behavior: FAILURE
when executed after: [RegressionTest1.test276]
The revealed different behavior: PASS
when executed after: []

Test: RegressionTest1.test120
Intended behavior: FAILURE
when executed after: [RegressionTest5.test018]
The revealed different behavior: PASS
when executed after: []

