The following arguments were used to generate this output.
[-technique, parallelization, -order, original, -origOrder, crystal-orig-order, -testInputDir, sootTestOutput-orig, -filesToDelete, crystal-env-files, -project, Crystal, -testType, orig, -numOfMachines, 8, -outputDir, /home/winglam/dt-copy/dependent-tests-impact/experiments/parallelization-results, -timesToRun, 1, -resolveDependences]

Execution time of TLG and its time to find/nullify any DTs for 1 machine (does not include the time to run the tests in the new order): 0.258
Number of tests selected out of total in original order: 9 / 71
Number of DTs not fixed: 0
Number of DTs fixed: 0
Execution time for executing the following testing order: 0.174

Test order list:
[crystal.client.ProjectPreferencesTest.testNullInputConstructor, crystal.client.ProjectPreferencesTest.testProjectPreferences, crystal.client.ProjectPreferencesTest.testDuplicateAddDataSource, crystal.client.ProjectPreferencesTest.testAddDataSource, crystal.client.ProjectPreferencesTest.testGetNumOfVisibleSources, crystal.client.ProjectPreferencesTest.testRemoveDataSource, crystal.client.ProjectPreferencesTest.testGetProjectCheckoutLocation, crystal.client.ProjectPreferencesTest.testClone, crystal.client.ConflictDaemonTest.testGetInstance]

Time each test takes to run in the new order:
[96828805, 62230285, 1935343, 2501496, 1778445, 2389674, 2448500, 1902591, 1891191]
--------------------------
Execution time of TLG and its time to find/nullify any DTs for 1 machine (does not include the time to run the tests in the new order): 0.307
Number of tests selected out of total in original order: 9 / 71
Number of DTs not fixed: 0
Number of DTs fixed: 0
Execution time for executing the following testing order: 0.234

Test order list:
[crystal.client.ConflictDaemonTest.testPrePerformCalculations, crystal.client.ConflictDaemonTest.testLocalState, crystal.client.ConflictDaemonTest.testRelationship, crystal.client.ConflictDaemonTest.testAddListener, crystal.client.ClientPreferencesTest.testNullInputConstructor, crystal.client.ClientPreferencesTest.testClone, crystal.client.ClientPreferencesTest.testDuplicateAddProjectPreferences, crystal.client.ClientPreferencesTest.testAddProjectPreferences, crystal.client.ClientPreferencesTest.testDuplicateProject]

Time each test takes to run in the new order:
[154147030, 28640336, 32736831, 6688313, 2464918, 2353519, 2265635, 2160601, 2676602]
--------------------------
Execution time of TLG and its time to find/nullify any DTs for 1 machine (does not include the time to run the tests in the new order): 0.827
Number of tests selected out of total in original order: 9 / 71
Number of DTs not fixed: 0
Number of DTs fixed: 0
Execution time for executing the following testing order: 0.722

Test order list:
[crystal.client.ClientPreferencesTest.testRemoveProjectPreferences, crystal.client.ClientPreferencesTest.testRemoveProjectPreferencesAtIndex, crystal.client.ClientPreferencesTest.testLoadPreferencesFromXML, crystal.client.ClientPreferencesTest.testClientPreferences, crystal.client.ClientPreferencesTest.testDefaultSetting, crystal.client.ClientPreferencesTest.testSavePreferencesToXML, crystal.model.RevisionHistoryTest.testEqualsObject, crystal.model.RevisionHistoryTest.testSuperSubHistory, crystal.model.RevisionHistoryTest.testGetCommitters]

Time each test takes to run in the new order:
[152475969, 4527150, 6903434, 2211432, 2302972, 43977309, 314169421, 128887724, 66512702]
--------------------------
Execution time of TLG and its time to find/nullify any DTs for 1 machine (does not include the time to run the tests in the new order): 0.193
Number of tests selected out of total in original order: 9 / 71
Number of DTs not fixed: 0
Number of DTs fixed: 0
Execution time for executing the following testing order: 0.113

Test order list:
[crystal.model.DataSourceTest.testClone, crystal.model.DataSourceTest.testSetField, crystal.model.DataSourceTest.testSetRemoteCmd, crystal.model.DataSourceTest.testSetCompileCommand, crystal.model.DataSourceTest.testSetEnabled, crystal.model.DataSourceTest.testIsHidden, crystal.model.DataSourceTest.testSetParent, crystal.model.DataSourceTest.testSetKind, crystal.model.DataSourceTest.testSetCloneString]

Time each test takes to run in the new order:
[94521805, 4287397, 2111962, 2064698, 2102218, 2176086, 2114015, 2006498, 2098821]
--------------------------
Execution time of TLG and its time to find/nullify any DTs for 1 machine (does not include the time to run the tests in the new order): 55.046
Number of tests selected out of total in original order: 10 / 71
Number of DTs not fixed: 0
Number of DTs fixed: 2
Execution time for executing the following testing order: 3.652

Test order list:
[crystal.model.DataSourceTest.testSetField, crystal.model.DataSourceTest.testToString, crystal.model.DataSourceTest.testSetHistory, crystal.model.RelationshipTest.testNullInputConstructor, crystal.model.RelationshipTest.testEqualsObject, crystal.model.RelationshipTest.testStrangeNameConstructor, crystal.model.RelationshipTest.testConstructor, crystal.model.RelationshipTest.testCalculateAction, crystal.model.RelationshipTest.testGetActionRepoKind, crystal.model.RelationshipTest.testGetDominant]

Time each test takes to run in the new order:
[93583607, 4642447, 3488228913, 4329180, 49190751, 1886895, 2189859, 3567695, 2209677, 1986759]

Dependent test list:
[Test: crystal.model.DataSourceTest.testSetHistory, Intended behavior: FAILURE, when executed after: [crystal.model.DataSourceTest.testToString], The revealed different behavior: PASS, when executed after: [], Test: crystal.model.DataSourceTest.testToString, Intended behavior: FAILURE, when executed after: [crystal.model.DataSourceTest.testSetField], The revealed different behavior: PASS, when executed after: []]
--------------------------
Execution time of TLG and its time to find/nullify any DTs for 1 machine (does not include the time to run the tests in the new order): 0.194
Number of tests selected out of total in original order: 9 / 71
Number of DTs not fixed: 0
Number of DTs fixed: 0
Execution time for executing the following testing order: 0.115

Test order list:
[crystal.model.LocalStateResultTest.testToString, crystal.model.LocalStateResultTest.testGetLastAction, crystal.model.LocalStateResultTest.testGetName, crystal.model.LocalStateResultTest.testGetNoErrorMessage, crystal.model.LocalStateResultTest.testGetLastErrorMessage, crystal.model.LocalStateResultTest.testGetLocalState, crystal.model.LocalStateResultTest.testGetLastLocalState, crystal.model.LocalStateResultTest.testErrorActionNameConstructor, crystal.model.LocalStateResultTest.testGetAction]

Time each test takes to run in the new order:
[96337362, 4176886, 2065781, 2106013, 2125511, 2102802, 2130300, 2160470, 2032119]

Dependent test list:
[Test: crystal.model.DataSourceTest.testSetHistory, Intended behavior: FAILURE, when executed after: [crystal.model.DataSourceTest.testToString], The revealed different behavior: PASS, when executed after: [], Test: crystal.model.DataSourceTest.testToString, Intended behavior: FAILURE, when executed after: [crystal.model.DataSourceTest.testSetField], The revealed different behavior: PASS, when executed after: []]
--------------------------
Execution time of TLG and its time to find/nullify any DTs for 1 machine (does not include the time to run the tests in the new order): 0.777
Number of tests selected out of total in original order: 9 / 71
Number of DTs not fixed: 0
Number of DTs fixed: 0
Execution time for executing the following testing order: 0.683

Test order list:
[crystal.model.LocalStateResultTest.testStrangeActionName, crystal.server.HgLogParserTest.testParseNullLog, crystal.server.HgLogParserTest.testParseLog, crystal.server.HgLogParserTest.testSingleLog, crystal.server.HgLogParserTest.testTwoLogs, crystal.server.GuidanceCheckerTest.testGetWhen, crystal.server.GuidanceCheckerTest.testGetCommitters, crystal.util.ValidInputCheckerTest.testCheckValidDirectoryPath, crystal.util.ValidInputCheckerTest.testCheckValidFilePath]

Time each test takes to run in the new order:
[97963478, 2594529, 523970124, 1553595, 1209513, 51067437, 1737130, 1594218, 1397999]

Dependent test list:
[Test: crystal.model.DataSourceTest.testSetHistory, Intended behavior: FAILURE, when executed after: [crystal.model.DataSourceTest.testToString], The revealed different behavior: PASS, when executed after: [], Test: crystal.model.DataSourceTest.testToString, Intended behavior: FAILURE, when executed after: [crystal.model.DataSourceTest.testSetField], The revealed different behavior: PASS, when executed after: []]
--------------------------
Execution time of TLG and its time to find/nullify any DTs for 1 machine (does not include the time to run the tests in the new order): 0.244
Number of tests selected out of total in original order: 8 / 71
Number of DTs not fixed: 0
Number of DTs fixed: 0
Execution time for executing the following testing order: 0.160

Test order list:
[crystal.util.ValidInputCheckerTest.testCheckUrl, crystal.util.SpringLayoutUtilityTest.testInvalidPanelParameter, crystal.util.SetOperationsTest.testNullIntersection, crystal.util.SetOperationsTest.testIntersection, crystal.util.SetOperationsTest.testNullUnion, crystal.util.SetOperationsTest.testUnion, crystal.util.SetOperationsTest.testSetDifference, crystal.util.SetOperationsTest.testXor]

Time each test takes to run in the new order:
[109631115, 37546893, 1988738, 4335828, 1495620, 1493059, 1598805, 1478937]

Dependent test list:
[Test: crystal.model.DataSourceTest.testSetHistory, Intended behavior: FAILURE, when executed after: [crystal.model.DataSourceTest.testToString], The revealed different behavior: PASS, when executed after: [], Test: crystal.model.DataSourceTest.testToString, Intended behavior: FAILURE, when executed after: [crystal.model.DataSourceTest.testSetField], The revealed different behavior: PASS, when executed after: []]
--------------------------
Total time (of all machines and iterations plus initial TestListGenerator): 5.869
New order time: 3.652
Total number of tests executed in all machines out of total in original order: 72 / 71