The following arguments were used to generate this output.
[-technique, parallelization, -order, time, -timeOrder, crystal-orig-time.txt, -origOrder, crystal-orig-order, -testInputDir, sootTestOutput-orig, -filesToDelete, crystal-env-files, -numOfMachines, 4, -project, Crystal, -testType, orig, -timesToRun, 1, -outputDir, /home/winglam/dt-copy/dependent-tests-impact/experiments/parallelization-results, -resolveDependences]

Execution time of TLG and its time to find/nullify any DTs for 1 machine (does not include the time to run the tests in the new order): 5.756
Number of tests selected out of total in original order: 36 / 71
Number of DTs not fixed: 0
Number of DTs fixed: 1
Execution time for executing the following testing order: 0.695

Test order list:
[crystal.client.ProjectPreferencesTest.testNullInputConstructor, crystal.client.ProjectPreferencesTest.testAddDataSource, crystal.client.ConflictDaemonTest.testPrePerformCalculations, crystal.client.ConflictDaemonTest.testAddListener, crystal.client.ClientPreferencesTest.testClone, crystal.client.ClientPreferencesTest.testAddProjectPreferences, crystal.client.ClientPreferencesTest.testRemoveProjectPreferences, crystal.client.ClientPreferencesTest.testRemoveProjectPreferencesAtIndex, crystal.client.ClientPreferencesTest.testLoadPreferencesFromXML, crystal.client.ClientPreferencesTest.testClientPreferences, crystal.model.RevisionHistoryTest.testEqualsObject, crystal.model.RevisionHistoryTest.testGetCommitters, crystal.model.DataSourceTest.testClone, crystal.model.DataSourceTest.testSetField, crystal.model.DataSourceTest.testIsHidden, crystal.model.DataSourceTest.testSetParent, crystal.model.DataSourceTest.testSetCloneString, crystal.model.DataSourceTest.testToString, crystal.model.RelationshipTest.testNullInputConstructor, crystal.model.RelationshipTest.testEqualsObject, crystal.model.RelationshipTest.testConstructor, crystal.model.RelationshipTest.testCalculateAction, crystal.model.RelationshipTest.testGetDominant, crystal.model.LocalStateResultTest.testToString, crystal.model.LocalStateResultTest.testGetLastAction, crystal.model.LocalStateResultTest.testGetNoErrorMessage, crystal.model.LocalStateResultTest.testGetLocalState, crystal.model.LocalStateResultTest.testGetAction, crystal.model.LocalStateResultTest.testStrangeActionName, crystal.server.HgLogParserTest.testParseNullLog, crystal.server.GuidanceCheckerTest.testGetWhen, crystal.util.ValidInputCheckerTest.testCheckValidDirectoryPath, crystal.util.ValidInputCheckerTest.testCheckValidFilePath, crystal.util.SpringLayoutUtilityTest.testInvalidPanelParameter, crystal.util.SetOperationsTest.testNullUnion, crystal.util.SetOperationsTest.testSetDifference]

Time each test takes to run in the new order:
[95494299, 61859211, 2979879, 4377842, 2514154, 2281194, 2347560, 2276913, 5301079, 2157798, 309877974, 107004078, 2115517, 1840649, 1873370, 1808928, 1820970, 1792562, 2488705, 34904046, 2184866, 2995608, 1451369, 1664463, 1547328, 1522948, 1514909, 1506989, 1651942, 904600, 2460386, 1168966, 1096011, 23308026, 1365847, 1301307]

Dependent test list:
[Test: crystal.model.DataSourceTest.testIsHidden, Intended behavior: FAILURE, when executed after: [crystal.model.DataSourceTest.testSetField], The revealed different behavior: PASS, when executed after: []]
--------------------------
Execution time of TLG and its time to find/nullify any DTs for 1 machine (does not include the time to run the tests in the new order): 0.937
Number of tests selected out of total in original order: 34 / 71
Number of DTs not fixed: 0
Number of DTs fixed: 0
Execution time for executing the following testing order: 0.848

Test order list:
[crystal.client.ProjectPreferencesTest.testProjectPreferences, crystal.client.ProjectPreferencesTest.testDuplicateAddDataSource, crystal.client.ProjectPreferencesTest.testGetNumOfVisibleSources, crystal.client.ProjectPreferencesTest.testRemoveDataSource, crystal.client.ProjectPreferencesTest.testGetProjectCheckoutLocation, crystal.client.ProjectPreferencesTest.testClone, crystal.client.ConflictDaemonTest.testGetInstance, crystal.client.ConflictDaemonTest.testLocalState, crystal.client.ConflictDaemonTest.testRelationship, crystal.client.ClientPreferencesTest.testNullInputConstructor, crystal.client.ClientPreferencesTest.testDuplicateAddProjectPreferences, crystal.client.ClientPreferencesTest.testDuplicateProject, crystal.client.ClientPreferencesTest.testDefaultSetting, crystal.client.ClientPreferencesTest.testSavePreferencesToXML, crystal.model.RevisionHistoryTest.testSuperSubHistory, crystal.model.DataSourceTest.testSetField, crystal.model.DataSourceTest.testSetRemoteCmd, crystal.model.DataSourceTest.testSetCompileCommand, crystal.model.DataSourceTest.testSetEnabled, crystal.model.DataSourceTest.testSetKind, crystal.model.RelationshipTest.testStrangeNameConstructor, crystal.model.RelationshipTest.testGetActionRepoKind, crystal.model.LocalStateResultTest.testGetName, crystal.model.LocalStateResultTest.testGetLastErrorMessage, crystal.model.LocalStateResultTest.testGetLastLocalState, crystal.model.LocalStateResultTest.testErrorActionNameConstructor, crystal.server.HgLogParserTest.testParseLog, crystal.server.HgLogParserTest.testSingleLog, crystal.server.HgLogParserTest.testTwoLogs, crystal.server.GuidanceCheckerTest.testGetCommitters, crystal.util.SetOperationsTest.testNullIntersection, crystal.util.SetOperationsTest.testIntersection, crystal.util.SetOperationsTest.testUnion, crystal.util.SetOperationsTest.testXor]

Time each test takes to run in the new order:
[155100117, 4031511, 1756155, 4021436, 2300357, 1758325, 1987223, 14109018, 32308194, 2426623, 2230383, 2443732, 2188738, 47061204, 310282336, 2162213, 1807909, 1816555, 1802282, 1812181, 1460157, 2386736, 1856413, 1821642, 1626817, 1669537, 233317813, 1481871, 1083304, 1554195, 1599815, 1908237, 1193733, 1136569]

Dependent test list:
[Test: crystal.model.DataSourceTest.testIsHidden, Intended behavior: FAILURE, when executed after: [crystal.model.DataSourceTest.testSetField], The revealed different behavior: PASS, when executed after: []]
--------------------------
Execution time of TLG and its time to find/nullify any DTs for 1 machine (does not include the time to run the tests in the new order): 47.621
Number of tests selected out of total in original order: 3 / 71
Number of DTs not fixed: 0
Number of DTs fixed: 1
Execution time for executing the following testing order: 3.573

Test order list:
[crystal.model.DataSourceTest.testSetField, crystal.model.DataSourceTest.testIsHidden, crystal.model.DataSourceTest.testSetHistory]

Time each test takes to run in the new order:
[94200108, 4168114, 3474756222]

Dependent test list:
[Test: crystal.model.DataSourceTest.testIsHidden, Intended behavior: FAILURE, when executed after: [crystal.model.DataSourceTest.testSetField], The revealed different behavior: PASS, when executed after: [], Test: crystal.model.DataSourceTest.testSetHistory, Intended behavior: FAILURE, when executed after: [crystal.model.DataSourceTest.testIsHidden], The revealed different behavior: PASS, when executed after: []]
--------------------------
Execution time of TLG and its time to find/nullify any DTs for 1 machine (does not include the time to run the tests in the new order): 0.196
Number of tests selected out of total in original order: 1 / 71
Number of DTs not fixed: 0
Number of DTs fixed: 0
Execution time for executing the following testing order: 0.111

Test order list:
[crystal.util.ValidInputCheckerTest.testCheckUrl]

Time each test takes to run in the new order:
[110849646]

Dependent test list:
[Test: crystal.model.DataSourceTest.testIsHidden, Intended behavior: FAILURE, when executed after: [crystal.model.DataSourceTest.testSetField], The revealed different behavior: PASS, when executed after: [], Test: crystal.model.DataSourceTest.testSetHistory, Intended behavior: FAILURE, when executed after: [crystal.model.DataSourceTest.testIsHidden], The revealed different behavior: PASS, when executed after: []]
--------------------------
Total time (of all machines and iterations plus initial TestListGenerator): 5.253
New order time: 3.573
Total number of tests executed in all machines out of total in original order: 74 / 71