.
Time: 0.003

OK (1 test)

.
Time: 0.061

OK (1 test)

.E
Time: 0.002
There was 1 error:
1) test13(randoop.xmlsecurity.RandoopTest0)java.lang.NullPointerException
	at org.apache.xml.security.algorithms.JCEMapper.getKeyLengthFromURI(JCEMapper.java:127)
	at randoop.xmlsecurity.RandoopTest0.test13(RandoopTest0.java:152)
	at sun.reflect.NativeMethodAccessorImpl.invoke0(Native Method)
	at sun.reflect.NativeMethodAccessorImpl.invoke(NativeMethodAccessorImpl.java:57)
	at sun.reflect.DelegatingMethodAccessorImpl.invoke(DelegatingMethodAccessorImpl.java:43)
	at edu.washington.cs.dt.util.TestRunnerWrapper.main(TestRunnerWrapper.java:56)

FAILURES!!!
Tests run: 1,  Failures: 0,  Errors: 1

.
Time: 0.001

OK (1 test)

.
Time: 0.007

OK (1 test)

.
Time: 0.001

OK (1 test)

.F
Time: 0.001
There was 1 failure:
1) test28(randoop.xmlsecurity.RandoopTest0)junit.framework.AssertionFailedError: 'FF FF FF FF ' != 'FFaFFaFFaFFa'
	at randoop.xmlsecurity.RandoopTest0.test28(RandoopTest0.java:314)
	at sun.reflect.NativeMethodAccessorImpl.invoke0(Native Method)
	at sun.reflect.NativeMethodAccessorImpl.invoke(NativeMethodAccessorImpl.java:57)
	at sun.reflect.DelegatingMethodAccessorImpl.invoke(DelegatingMethodAccessorImpl.java:43)
	at edu.washington.cs.dt.util.TestRunnerWrapper.main(TestRunnerWrapper.java:56)

FAILURES!!!
Tests run: 1,  Failures: 1,  Errors: 0

.F
Time: 0.001
There was 1 failure:
1) test41(randoop.xmlsecurity.RandoopTest0)junit.framework.AssertionFailedError: '00 00 00 00 00 00 00 00 ' != '0000000000000000'
	at randoop.xmlsecurity.RandoopTest0.test41(RandoopTest0.java:466)
	at sun.reflect.NativeMethodAccessorImpl.invoke0(Native Method)
	at sun.reflect.NativeMethodAccessorImpl.invoke(NativeMethodAccessorImpl.java:57)
	at sun.reflect.DelegatingMethodAccessorImpl.invoke(DelegatingMethodAccessorImpl.java:43)
	at edu.washington.cs.dt.util.TestRunnerWrapper.main(TestRunnerWrapper.java:56)

FAILURES!!!
Tests run: 1,  Failures: 1,  Errors: 0

log4j:WARN No appenders could be found for logger (org.apache.xml.security.utils.JavaUtils).
log4j:WARN Please initialize the log4j system properly.
.
Time: 0.011

OK (1 test)

.
Time: 0.002

OK (1 test)

.E
Time: 0.001
There was 1 error:
1) test61(randoop.xmlsecurity.RandoopTest0)java.lang.NullPointerException
	at org.apache.xml.security.utils.ElementProxy.setDefaultPrefix(ElementProxy.java:522)
	at org.apache.xml.security.utils.Constants.setSignatureSpecNSprefix(Constants.java:217)
	at randoop.xmlsecurity.RandoopTest0.test61(RandoopTest0.java:693)
	at sun.reflect.NativeMethodAccessorImpl.invoke0(Native Method)
	at sun.reflect.NativeMethodAccessorImpl.invoke(NativeMethodAccessorImpl.java:57)
	at sun.reflect.DelegatingMethodAccessorImpl.invoke(DelegatingMethodAccessorImpl.java:43)
	at edu.washington.cs.dt.util.TestRunnerWrapper.main(TestRunnerWrapper.java:56)

FAILURES!!!
Tests run: 1,  Failures: 0,  Errors: 1

.F
Time: 0
There was 1 failure:
1) test63(randoop.xmlsecurity.RandoopTest0)junit.framework.AssertionFailedError: '41 44 51 41 0A 49 41 41 41 0A ' != '414451410A494141410A'
	at randoop.xmlsecurity.RandoopTest0.test63(RandoopTest0.java:719)
	at sun.reflect.NativeMethodAccessorImpl.invoke0(Native Method)
	at sun.reflect.NativeMethodAccessorImpl.invoke(NativeMethodAccessorImpl.java:57)
	at sun.reflect.DelegatingMethodAccessorImpl.invoke(DelegatingMethodAccessorImpl.java:43)
	at edu.washington.cs.dt.util.TestRunnerWrapper.main(TestRunnerWrapper.java:56)

FAILURES!!!
Tests run: 1,  Failures: 1,  Errors: 0

.F
Time: 0
There was 1 failure:
1) test73(randoop.xmlsecurity.RandoopTest0)junit.framework.AssertionFailedError: '00 ' != '00'
	at randoop.xmlsecurity.RandoopTest0.test73(RandoopTest0.java:830)
	at sun.reflect.NativeMethodAccessorImpl.invoke0(Native Method)
	at sun.reflect.NativeMethodAccessorImpl.invoke(NativeMethodAccessorImpl.java:57)
	at sun.reflect.DelegatingMethodAccessorImpl.invoke(DelegatingMethodAccessorImpl.java:43)
	at edu.washington.cs.dt.util.TestRunnerWrapper.main(TestRunnerWrapper.java:56)

FAILURES!!!
Tests run: 1,  Failures: 1,  Errors: 0

.
Time: 0

OK (1 test)

.
Time: 0

OK (1 test)

.F
Time: 0
There was 1 failure:
1) test111(randoop.xmlsecurity.RandoopTest0)junit.framework.AssertionFailedError: '4E 6F 20 6D 65 73 73 61 67 65 20 77 69 74 68 20 49 44 20 22 4E 6F 20 6D 65 73 73 61 67 65 20 77 69 74 68 20 49 44 20 22 30 30 30 30 30 30 30 30 20 30 30 30 30 30 30 30 30 22 20 66 6F 75 6E 64 20 69 6E 20 72 65 73 6F 75 72 63 65 20 62 75 6E 64 6C 65 20 22 6F 72 67 2F 61 70 61 63 68 65 2F 78 6D 6C 2F 73 65 63 75 72 69 74 79 2F 72 65 73 6F 75 72 63 65 2F 78 6D 6C 73 65 63 75 72 69 74 79 22 22 20 66 6F 75 6E 64 20 69 6E 20 72 65 73 6F 75 72 63 65 20 62 75 6E 64 6C 65 20 22 6F 72 67 2F 61 70 61 63 68 65 2F 78 6D 6C 2F 73 65 63 75 72 69 74 79 2F 72 65 73 6F 75 72 63 65 2F 78 6D 6C 73 65 63 75 72 69 74 79 22 ' != '4E6F206D657373616765207769746820494420224E6F206D6573736167652077697468204944202230303030303030302030303030303030302220666F756E6420696E207265736F757263652062756E646C6520226F72672F6170616368652F786D6C2F73656375726974792F7265736F757263652F786D6C7365637572697479222220666F756E6420696E207265736F757263652062756E646C6520226F72672F6170616368652F786D6C2F73656375726974792F7265736F757263652F786D6C736563757269747922'
	at randoop.xmlsecurity.RandoopTest0.test111(RandoopTest0.java:1389)
	at sun.reflect.NativeMethodAccessorImpl.invoke0(Native Method)
	at sun.reflect.NativeMethodAccessorImpl.invoke(NativeMethodAccessorImpl.java:57)
	at sun.reflect.DelegatingMethodAccessorImpl.invoke(DelegatingMethodAccessorImpl.java:43)
	at edu.washington.cs.dt.util.TestRunnerWrapper.main(TestRunnerWrapper.java:56)

FAILURES!!!
Tests run: 1,  Failures: 1,  Errors: 0

.
Time: 0.168

OK (1 test)

.F
Time: 0
There was 1 failure:
1) test125(randoop.xmlsecurity.RandoopTest0)junit.framework.AssertionFailedError: 'FF FF FF FF FF FF FF FF' != 'FFFFFFFFFFFFFFFF'
	at randoop.xmlsecurity.RandoopTest0.test125(RandoopTest0.java:1565)
	at sun.reflect.NativeMethodAccessorImpl.invoke0(Native Method)
	at sun.reflect.NativeMethodAccessorImpl.invoke(NativeMethodAccessorImpl.java:57)
	at sun.reflect.DelegatingMethodAccessorImpl.invoke(DelegatingMethodAccessorImpl.java:43)
	at edu.washington.cs.dt.util.TestRunnerWrapper.main(TestRunnerWrapper.java:56)

FAILURES!!!
Tests run: 1,  Failures: 1,  Errors: 0

.F
Time: 0
There was 1 failure:
1) test138(randoop.xmlsecurity.RandoopTest0)junit.framework.AssertionFailedError: '00 00 00 00 00 00 00 01 ' != '0000000000000001'
	at randoop.xmlsecurity.RandoopTest0.test138(RandoopTest0.java:1738)
	at sun.reflect.NativeMethodAccessorImpl.invoke0(Native Method)
	at sun.reflect.NativeMethodAccessorImpl.invoke(NativeMethodAccessorImpl.java:57)
	at sun.reflect.DelegatingMethodAccessorImpl.invoke(DelegatingMethodAccessorImpl.java:43)
	at edu.washington.cs.dt.util.TestRunnerWrapper.main(TestRunnerWrapper.java:56)

FAILURES!!!
Tests run: 1,  Failures: 1,  Errors: 0

.F
Time: 0.001
There was 1 failure:
1) test144(randoop.xmlsecurity.RandoopTest0)junit.framework.AssertionFailedError: '00 00 00 10 ' != '00000010'
	at randoop.xmlsecurity.RandoopTest0.test144(RandoopTest0.java:1812)
	at sun.reflect.NativeMethodAccessorImpl.invoke0(Native Method)
	at sun.reflect.NativeMethodAccessorImpl.invoke(NativeMethodAccessorImpl.java:57)
	at sun.reflect.DelegatingMethodAccessorImpl.invoke(DelegatingMethodAccessorImpl.java:43)
	at edu.washington.cs.dt.util.TestRunnerWrapper.main(TestRunnerWrapper.java:56)

FAILURES!!!
Tests run: 1,  Failures: 1,  Errors: 0

.F
Time: 0.003
There was 1 failure:
1) test149(randoop.xmlsecurity.RandoopTest0)junit.framework.AssertionFailedError: '4E 6F 20 6D 65 73 73 61 67 65 20 77 69 74 68 20 49 44 20 22 36 38 20 36 39 20 32 31 20 22 20 66 6F 75 6E 64 20 69 6E 20 72 65 73 6F 75 72 63 65 20 62 75 6E 64 6C 65 20 22 6F 72 67 2F 61 70 61 63 68 65 2F 78 6D 6C 2F 73 65 63 75 72 69 74 79 2F 72 65 73 6F 75 72 63 65 2F 78 6D 6C 73 65 63 75 72 69 74 79 22 ' != '4E6F206D657373616765207769746820494420223638203639203231202220666F756E6420696E207265736F757263652062756E646C6520226F72672F6170616368652F786D6C2F73656375726974792F7265736F757263652F786D6C736563757269747922'
	at randoop.xmlsecurity.RandoopTest0.test149(RandoopTest0.java:1870)
	at sun.reflect.NativeMethodAccessorImpl.invoke0(Native Method)
	at sun.reflect.NativeMethodAccessorImpl.invoke(NativeMethodAccessorImpl.java:57)
	at sun.reflect.DelegatingMethodAccessorImpl.invoke(DelegatingMethodAccessorImpl.java:43)
	at edu.washington.cs.dt.util.TestRunnerWrapper.main(TestRunnerWrapper.java:56)

FAILURES!!!
Tests run: 1,  Failures: 1,  Errors: 0

.E
Time: 0
There was 1 error:
1) test154(randoop.xmlsecurity.RandoopTest0)java.lang.NullPointerException
	at org.apache.xml.security.algorithms.JCEMapper.getAlgorithmClassFromURI(JCEMapper.java:117)
	at randoop.xmlsecurity.RandoopTest0.test154(RandoopTest0.java:1921)
	at sun.reflect.NativeMethodAccessorImpl.invoke0(Native Method)
	at sun.reflect.NativeMethodAccessorImpl.invoke(NativeMethodAccessorImpl.java:57)
	at sun.reflect.DelegatingMethodAccessorImpl.invoke(DelegatingMethodAccessorImpl.java:43)
	at edu.washington.cs.dt.util.TestRunnerWrapper.main(TestRunnerWrapper.java:56)

FAILURES!!!
Tests run: 1,  Failures: 0,  Errors: 1

.F
Time: 0
There was 1 failure:
1) test158(randoop.xmlsecurity.RandoopTest0)junit.framework.AssertionFailedError: '00 00 ' != '0000'
	at randoop.xmlsecurity.RandoopTest0.test158(RandoopTest0.java:1963)
	at sun.reflect.NativeMethodAccessorImpl.invoke0(Native Method)
	at sun.reflect.NativeMethodAccessorImpl.invoke(NativeMethodAccessorImpl.java:57)
	at sun.reflect.DelegatingMethodAccessorImpl.invoke(DelegatingMethodAccessorImpl.java:43)
	at edu.washington.cs.dt.util.TestRunnerWrapper.main(TestRunnerWrapper.java:56)

FAILURES!!!
Tests run: 1,  Failures: 1,  Errors: 0

.F
Time: 0
There was 1 failure:
1) test160(randoop.xmlsecurity.RandoopTest0)junit.framework.AssertionFailedError: '0A ' != '0A'
	at randoop.xmlsecurity.RandoopTest0.test160(RandoopTest0.java:1984)
	at sun.reflect.NativeMethodAccessorImpl.invoke0(Native Method)
	at sun.reflect.NativeMethodAccessorImpl.invoke(NativeMethodAccessorImpl.java:57)
	at sun.reflect.DelegatingMethodAccessorImpl.invoke(DelegatingMethodAccessorImpl.java:43)
	at edu.washington.cs.dt.util.TestRunnerWrapper.main(TestRunnerWrapper.java:56)

FAILURES!!!
Tests run: 1,  Failures: 1,  Errors: 0

.E
Time: 0.004
There was 1 error:
1) test161(randoop.xmlsecurity.RandoopTest0)java.lang.NullPointerException
	at org.apache.xml.security.algorithms.SignatureAlgorithm.register(SignatureAlgorithm.java:363)
	at randoop.xmlsecurity.RandoopTest0.test161(RandoopTest0.java:1993)
	at sun.reflect.NativeMethodAccessorImpl.invoke0(Native Method)
	at sun.reflect.NativeMethodAccessorImpl.invoke(NativeMethodAccessorImpl.java:57)
	at sun.reflect.DelegatingMethodAccessorImpl.invoke(DelegatingMethodAccessorImpl.java:43)
	at edu.washington.cs.dt.util.TestRunnerWrapper.main(TestRunnerWrapper.java:56)

FAILURES!!!
Tests run: 1,  Failures: 0,  Errors: 1

.E
Time: 0.001
There was 1 error:
1) test168(randoop.xmlsecurity.RandoopTest0)java.lang.NullPointerException
	at org.apache.xml.security.algorithms.SignatureAlgorithm.register(SignatureAlgorithm.java:363)
	at randoop.xmlsecurity.RandoopTest0.test168(RandoopTest0.java:2088)
	at sun.reflect.NativeMethodAccessorImpl.invoke0(Native Method)
	at sun.reflect.NativeMethodAccessorImpl.invoke(NativeMethodAccessorImpl.java:57)
	at sun.reflect.DelegatingMethodAccessorImpl.invoke(DelegatingMethodAccessorImpl.java:43)
	at edu.washington.cs.dt.util.TestRunnerWrapper.main(TestRunnerWrapper.java:56)

FAILURES!!!
Tests run: 1,  Failures: 0,  Errors: 1

.E
Time: 0.003
There was 1 error:
1) test172(randoop.xmlsecurity.RandoopTest0)java.lang.NullPointerException
	at org.apache.xml.security.algorithms.SignatureAlgorithm.register(SignatureAlgorithm.java:363)
	at randoop.xmlsecurity.RandoopTest0.test172(RandoopTest0.java:2128)
	at sun.reflect.NativeMethodAccessorImpl.invoke0(Native Method)
	at sun.reflect.NativeMethodAccessorImpl.invoke(NativeMethodAccessorImpl.java:57)
	at sun.reflect.DelegatingMethodAccessorImpl.invoke(DelegatingMethodAccessorImpl.java:43)
	at edu.washington.cs.dt.util.TestRunnerWrapper.main(TestRunnerWrapper.java:56)

FAILURES!!!
Tests run: 1,  Failures: 0,  Errors: 1

.
Time: 0.003

OK (1 test)

.
Time: 0

OK (1 test)

.
Time: 0.001

OK (1 test)

.
Time: 0

OK (1 test)

.
Time: 0.019

OK (1 test)

.F
Time: 0.001
There was 1 failure:
1) test203(randoop.xmlsecurity.RandoopTest0)junit.framework.AssertionFailedError: '11111111 11111111 11111111 11111111 11111111 11111111 11111111 11111111' != '                                                                '
	at randoop.xmlsecurity.RandoopTest0.test203(RandoopTest0.java:2539)
	at sun.reflect.NativeMethodAccessorImpl.invoke0(Native Method)
	at sun.reflect.NativeMethodAccessorImpl.invoke(NativeMethodAccessorImpl.java:57)
	at sun.reflect.DelegatingMethodAccessorImpl.invoke(DelegatingMethodAccessorImpl.java:43)
	at edu.washington.cs.dt.util.TestRunnerWrapper.main(TestRunnerWrapper.java:56)

FAILURES!!!
Tests run: 1,  Failures: 1,  Errors: 0

.
Time: 0

OK (1 test)

.E
Time: 0
There was 1 error:
1) test205(randoop.xmlsecurity.RandoopTest0)java.lang.NullPointerException
	at org.apache.xml.security.algorithms.JCEMapper.getKeyLengthFromURI(JCEMapper.java:127)
	at randoop.xmlsecurity.RandoopTest0.test205(RandoopTest0.java:2557)
	at sun.reflect.NativeMethodAccessorImpl.invoke0(Native Method)
	at sun.reflect.NativeMethodAccessorImpl.invoke(NativeMethodAccessorImpl.java:57)
	at sun.reflect.DelegatingMethodAccessorImpl.invoke(DelegatingMethodAccessorImpl.java:43)
	at edu.washington.cs.dt.util.TestRunnerWrapper.main(TestRunnerWrapper.java:56)

FAILURES!!!
Tests run: 1,  Failures: 0,  Errors: 1

.
Time: 0.001

OK (1 test)

.
Time: 0.115

OK (1 test)

.
Time: 0

OK (1 test)

.
Time: 0

OK (1 test)

.
Time: 0.018

OK (1 test)

.
F
Time: 0.002
There was 1 failure:
1) test241(randoop.xmlsecurity.RandoopTest0)junit.framework.AssertionFailedError: '0000: 01                                                 .
' != '0000: 01                                                 .
'
	at randoop.xmlsecurity.RandoopTest0.test241(RandoopTest0.java:3039)
	at sun.reflect.NativeMethodAccessorImpl.invoke0(Native Method)
	at sun.reflect.NativeMethodAccessorImpl.invoke(NativeMethodAccessorImpl.java:57)
	at sun.reflect.DelegatingMethodAccessorImpl.invoke(DelegatingMethodAccessorImpl.java:43)
	at edu.washington.cs.dt.util.TestRunnerWrapper.main(TestRunnerWrapper.java:56)

FAILURES!!!
Tests run: 1,  Failures: 1,  Errors: 0

.
Time: 0

OK (1 test)

.F
Time: 0
There was 1 failure:
1) test249(randoop.xmlsecurity.RandoopTest0)junit.framework.AssertionFailedError: '00 0A ' != '000A'
	at randoop.xmlsecurity.RandoopTest0.test249(RandoopTest0.java:3136)
	at sun.reflect.NativeMethodAccessorImpl.invoke0(Native Method)
	at sun.reflect.NativeMethodAccessorImpl.invoke(NativeMethodAccessorImpl.java:57)
	at sun.reflect.DelegatingMethodAccessorImpl.invoke(DelegatingMethodAccessorImpl.java:43)
	at edu.washington.cs.dt.util.TestRunnerWrapper.main(TestRunnerWrapper.java:56)

FAILURES!!!
Tests run: 1,  Failures: 1,  Errors: 0

.E
Time: 0
There was 1 error:
1) test277(randoop.xmlsecurity.RandoopTest0)java.lang.NullPointerException
	at org.apache.xml.security.algorithms.JCEMapper.getKeyLengthFromURI(JCEMapper.java:127)
	at randoop.xmlsecurity.RandoopTest0.test277(RandoopTest0.java:3532)
	at sun.reflect.NativeMethodAccessorImpl.invoke0(Native Method)
	at sun.reflect.NativeMethodAccessorImpl.invoke(NativeMethodAccessorImpl.java:57)
	at sun.reflect.DelegatingMethodAccessorImpl.invoke(DelegatingMethodAccessorImpl.java:43)
	at edu.washington.cs.dt.util.TestRunnerWrapper.main(TestRunnerWrapper.java:56)

FAILURES!!!
Tests run: 1,  Failures: 0,  Errors: 1

.
Time: 0

OK (1 test)

.F
Time: 0
There was 1 failure:
1) test285(randoop.xmlsecurity.RandoopTest0)junit.framework.AssertionFailedError: '41 41 41 41 42 41 3D 3D ' != '4141414142413D3D'
	at randoop.xmlsecurity.RandoopTest0.test285(RandoopTest0.java:3658)
	at sun.reflect.NativeMethodAccessorImpl.invoke0(Native Method)
	at sun.reflect.NativeMethodAccessorImpl.invoke(NativeMethodAccessorImpl.java:57)
	at sun.reflect.DelegatingMethodAccessorImpl.invoke(DelegatingMethodAccessorImpl.java:43)
	at edu.washington.cs.dt.util.TestRunnerWrapper.main(TestRunnerWrapper.java:56)

FAILURES!!!
Tests run: 1,  Failures: 1,  Errors: 0

.E
Time: 0
There was 1 error:
1) test295(randoop.xmlsecurity.RandoopTest0)java.lang.NullPointerException
	at org.apache.xml.security.algorithms.JCEMapper.getKeyLengthFromURI(JCEMapper.java:127)
	at randoop.xmlsecurity.RandoopTest0.test295(RandoopTest0.java:3793)
	at sun.reflect.NativeMethodAccessorImpl.invoke0(Native Method)
	at sun.reflect.NativeMethodAccessorImpl.invoke(NativeMethodAccessorImpl.java:57)
	at sun.reflect.DelegatingMethodAccessorImpl.invoke(DelegatingMethodAccessorImpl.java:43)
	at edu.washington.cs.dt.util.TestRunnerWrapper.main(TestRunnerWrapper.java:56)

FAILURES!!!
Tests run: 1,  Failures: 0,  Errors: 1

.E
Time: 0
There was 1 error:
1) test303(randoop.xmlsecurity.RandoopTest0)java.lang.NullPointerException
	at org.apache.xml.security.algorithms.JCEMapper.getKeyLengthFromURI(JCEMapper.java:127)
	at randoop.xmlsecurity.RandoopTest0.test303(RandoopTest0.java:3882)
	at sun.reflect.NativeMethodAccessorImpl.invoke0(Native Method)
	at sun.reflect.NativeMethodAccessorImpl.invoke(NativeMethodAccessorImpl.java:57)
	at sun.reflect.DelegatingMethodAccessorImpl.invoke(DelegatingMethodAccessorImpl.java:43)
	at edu.washington.cs.dt.util.TestRunnerWrapper.main(TestRunnerWrapper.java:56)

FAILURES!!!
Tests run: 1,  Failures: 0,  Errors: 1

.F
Time: 0
There was 1 failure:
1) test310(randoop.xmlsecurity.RandoopTest0)junit.framework.AssertionFailedError: 'FF FF FF FF FF FF FF FF' != 'FFFFFFFFFFFFFFFF'
	at randoop.xmlsecurity.RandoopTest0.test310(RandoopTest0.java:4003)
	at sun.reflect.NativeMethodAccessorImpl.invoke0(Native Method)
	at sun.reflect.NativeMethodAccessorImpl.invoke(NativeMethodAccessorImpl.java:57)
	at sun.reflect.DelegatingMethodAccessorImpl.invoke(DelegatingMethodAccessorImpl.java:43)
	at edu.washington.cs.dt.util.TestRunnerWrapper.main(TestRunnerWrapper.java:56)

FAILURES!!!
Tests run: 1,  Failures: 1,  Errors: 0

.
Time: 0

OK (1 test)

.
Time: 0

OK (1 test)

.
Time: 0

OK (1 test)

.F
Time: 0
There was 1 failure:
1) test343(randoop.xmlsecurity.RandoopTest0)junit.framework.AssertionFailedError: 'FF FF FF FF ' != 'FFFFFFFF'
	at randoop.xmlsecurity.RandoopTest0.test343(RandoopTest0.java:4466)
	at sun.reflect.NativeMethodAccessorImpl.invoke0(Native Method)
	at sun.reflect.NativeMethodAccessorImpl.invoke(NativeMethodAccessorImpl.java:57)
	at sun.reflect.DelegatingMethodAccessorImpl.invoke(DelegatingMethodAccessorImpl.java:43)
	at edu.washington.cs.dt.util.TestRunnerWrapper.main(TestRunnerWrapper.java:56)

FAILURES!!!
Tests run: 1,  Failures: 1,  Errors: 0

.
Time: 0

OK (1 test)

.
Time: 0

OK (1 test)

.
Time: 0

OK (1 test)

.E
Time: 0
There was 1 error:
1) test363(randoop.xmlsecurity.RandoopTest0)java.lang.NullPointerException
	at org.apache.xml.security.algorithms.JCEMapper.getKeyLengthFromURI(JCEMapper.java:127)
	at randoop.xmlsecurity.RandoopTest0.test363(RandoopTest0.java:4705)
	at sun.reflect.NativeMethodAccessorImpl.invoke0(Native Method)
	at sun.reflect.NativeMethodAccessorImpl.invoke(NativeMethodAccessorImpl.java:57)
	at sun.reflect.DelegatingMethodAccessorImpl.invoke(DelegatingMethodAccessorImpl.java:43)
	at edu.washington.cs.dt.util.TestRunnerWrapper.main(TestRunnerWrapper.java:56)

FAILURES!!!
Tests run: 1,  Failures: 0,  Errors: 1

.F
Time: 0
There was 1 failure:
1) test382(randoop.xmlsecurity.RandoopTest0)junit.framework.AssertionFailedError: 'FF FF FF FF FF FF FF FF ' != 'FFFFFFFFFFFFFFFF'
	at randoop.xmlsecurity.RandoopTest0.test382(RandoopTest0.java:4967)
	at sun.reflect.NativeMethodAccessorImpl.invoke0(Native Method)
	at sun.reflect.NativeMethodAccessorImpl.invoke(NativeMethodAccessorImpl.java:57)
	at sun.reflect.DelegatingMethodAccessorImpl.invoke(DelegatingMethodAccessorImpl.java:43)
	at edu.washington.cs.dt.util.TestRunnerWrapper.main(TestRunnerWrapper.java:56)

FAILURES!!!
Tests run: 1,  Failures: 1,  Errors: 0

.F
Time: 0
There was 1 failure:
1) test384(randoop.xmlsecurity.RandoopTest0)junit.framework.AssertionFailedError: 'FF FF FF FF FF FF FF FF' != 'FFFFFFFFFFFFFFFF'
	at randoop.xmlsecurity.RandoopTest0.test384(RandoopTest0.java:4996)
	at sun.reflect.NativeMethodAccessorImpl.invoke0(Native Method)
	at sun.reflect.NativeMethodAccessorImpl.invoke(NativeMethodAccessorImpl.java:57)
	at sun.reflect.DelegatingMethodAccessorImpl.invoke(DelegatingMethodAccessorImpl.java:43)
	at edu.washington.cs.dt.util.TestRunnerWrapper.main(TestRunnerWrapper.java:56)

FAILURES!!!
Tests run: 1,  Failures: 1,  Errors: 0

.
Time: 0

OK (1 test)

.F
Time: 0.001
There was 1 failure:
1) test397(randoop.xmlsecurity.RandoopTest0)junit.framework.AssertionFailedError: '6F 72 67 2E 61 70 61 63 68 65 2E 78 6D 6C 2E 73 65 63 75 72 69 74 79 2E 6B 65 79 73 2E 6B 65 79 72 65 73 6F 6C 76 65 72 2E 69 6D 70 6C 65 6D 65 6E 74 61 74 69 6F 6E 73 2E 52 53 41 4B 65 79 56 61 6C 75 65 52 65 73 6F 6C 76 65 72 ' != '6F72672E6170616368652E786D6C2E73656375726974792E6B6579732E6B65797265736F6C7665722E696D706C656D656E746174696F6E732E5253414B657956616C75655265736F6C766572'
	at randoop.xmlsecurity.RandoopTest0.test397(RandoopTest0.java:5139)
	at sun.reflect.NativeMethodAccessorImpl.invoke0(Native Method)
	at sun.reflect.NativeMethodAccessorImpl.invoke(NativeMethodAccessorImpl.java:57)
	at sun.reflect.DelegatingMethodAccessorImpl.invoke(DelegatingMethodAccessorImpl.java:43)
	at edu.washington.cs.dt.util.TestRunnerWrapper.main(TestRunnerWrapper.java:56)

FAILURES!!!
Tests run: 1,  Failures: 1,  Errors: 0

.
Time: 0

OK (1 test)

.F
Time: 0.001
There was 1 failure:
1) test399(randoop.xmlsecurity.RandoopTest0)junit.framework.AssertionFailedError: '0000: FF FF FF FF                                        ....
' != '0000: FF FF FF FF                                        ....
'
	at randoop.xmlsecurity.RandoopTest0.test399(RandoopTest0.java:5177)
	at sun.reflect.NativeMethodAccessorImpl.invoke0(Native Method)
	at sun.reflect.NativeMethodAccessorImpl.invoke(NativeMethodAccessorImpl.java:57)
	at sun.reflect.DelegatingMethodAccessorImpl.invoke(DelegatingMethodAccessorImpl.java:43)
	at edu.washington.cs.dt.util.TestRunnerWrapper.main(TestRunnerWrapper.java:56)

FAILURES!!!
Tests run: 1,  Failures: 1,  Errors: 0

.
Time: 0

OK (1 test)

.
Time: 0

OK (1 test)

.
Time: 0.001

OK (1 test)

.
Time: 0

OK (1 test)

.
Time: 0

OK (1 test)

.
Time: 0.002

OK (1 test)

.
Time: 0

OK (1 test)

.
Time: 0.001

OK (1 test)

.
Time: 0

OK (1 test)

.
Time: 0

OK (1 test)

.
Time: 0

OK (1 test)

.
Time: 0

OK (1 test)

.F
Time: 0
There was 1 failure:
1) test488(randoop.xmlsecurity.RandoopTest0)junit.framework.AssertionFailedError: '20 61 61 20 20 61 20 20 ' != '2061612020612020'
	at randoop.xmlsecurity.RandoopTest0.test488(RandoopTest0.java:6561)
	at sun.reflect.NativeMethodAccessorImpl.invoke0(Native Method)
	at sun.reflect.NativeMethodAccessorImpl.invoke(NativeMethodAccessorImpl.java:57)
	at sun.reflect.DelegatingMethodAccessorImpl.invoke(DelegatingMethodAccessorImpl.java:43)
	at edu.washington.cs.dt.util.TestRunnerWrapper.main(TestRunnerWrapper.java:56)

FAILURES!!!
Tests run: 1,  Failures: 1,  Errors: 0

.E
Time: 0.001
There was 1 error:
1) test490(randoop.xmlsecurity.RandoopTest0)org.apache.xml.security.exceptions.Base64DecodingException: Error while decoding
	at org.apache.xml.security.utils.Base64.decodeInternal(Base64.java:610)
	at org.apache.xml.security.utils.Base64.decode(Base64.java:554)
	at randoop.xmlsecurity.RandoopTest0.test490(RandoopTest0.java:6579)
	at sun.reflect.NativeMethodAccessorImpl.invoke0(Native Method)
	at sun.reflect.NativeMethodAccessorImpl.invoke(NativeMethodAccessorImpl.java:57)
	at sun.reflect.DelegatingMethodAccessorImpl.invoke(DelegatingMethodAccessorImpl.java:43)
	at edu.washington.cs.dt.util.TestRunnerWrapper.main(TestRunnerWrapper.java:56)

FAILURES!!!
Tests run: 1,  Failures: 0,  Errors: 1

.
Time: 0

OK (1 test)

.F
Time: 0
There was 1 failure:
1) test2(randoop.xmlsecurity.RandoopTest1)junit.framework.AssertionFailedError: '01 ' != '01'
	at randoop.xmlsecurity.RandoopTest1.test2(RandoopTest1.java:33)
	at sun.reflect.NativeMethodAccessorImpl.invoke0(Native Method)
	at sun.reflect.NativeMethodAccessorImpl.invoke(NativeMethodAccessorImpl.java:57)
	at sun.reflect.DelegatingMethodAccessorImpl.invoke(DelegatingMethodAccessorImpl.java:43)
	at edu.washington.cs.dt.util.TestRunnerWrapper.main(TestRunnerWrapper.java:56)

FAILURES!!!
Tests run: 1,  Failures: 1,  Errors: 0

.
Time: 0

OK (1 test)

.E
Time: 0.001
There was 1 error:
1) test8(randoop.xmlsecurity.RandoopTest1)java.lang.NullPointerException
	at org.apache.xml.security.algorithms.JCEMapper.getAlgorithmClassFromURI(JCEMapper.java:117)
	at randoop.xmlsecurity.RandoopTest1.test8(RandoopTest1.java:115)
	at sun.reflect.NativeMethodAccessorImpl.invoke0(Native Method)
	at sun.reflect.NativeMethodAccessorImpl.invoke(NativeMethodAccessorImpl.java:57)
	at sun.reflect.DelegatingMethodAccessorImpl.invoke(DelegatingMethodAccessorImpl.java:43)
	at edu.washington.cs.dt.util.TestRunnerWrapper.main(TestRunnerWrapper.java:56)

FAILURES!!!
Tests run: 1,  Failures: 0,  Errors: 1

.
F
Time: 0
There was 1 failure:
1) test13(randoop.xmlsecurity.RandoopTest1)junit.framework.AssertionFailedError: '00 00 01 ' != '000001'
	at randoop.xmlsecurity.RandoopTest1.test13(RandoopTest1.java:178)
	at sun.reflect.NativeMethodAccessorImpl.invoke0(Native Method)
	at sun.reflect.NativeMethodAccessorImpl.invoke(NativeMethodAccessorImpl.java:57)
	at sun.reflect.DelegatingMethodAccessorImpl.invoke(DelegatingMethodAccessorImpl.java:43)
	at edu.washington.cs.dt.util.TestRunnerWrapper.main(TestRunnerWrapper.java:56)

FAILURES!!!
Tests run: 1,  Failures: 1,  Errors: 0

[Fatal Error] :1:1: Content is not allowed in prolog.
.F
Time: 0.004
There was 1 failure:
1) test16(randoop.xmlsecurity.RandoopTest1)junit.framework.AssertionFailedError: '0000: 01                                                 .
' != '0000: 01                                                 .
'
	at randoop.xmlsecurity.RandoopTest1.test16(RandoopTest1.java:283)
	at sun.reflect.NativeMethodAccessorImpl.invoke0(Native Method)
	at sun.reflect.NativeMethodAccessorImpl.invoke(NativeMethodAccessorImpl.java:57)
	at sun.reflect.DelegatingMethodAccessorImpl.invoke(DelegatingMethodAccessorImpl.java:43)
	at edu.washington.cs.dt.util.TestRunnerWrapper.main(TestRunnerWrapper.java:56)

FAILURES!!!
Tests run: 1,  Failures: 1,  Errors: 0

.
Time: 0

OK (1 test)

.F
Time: 0.001
There was 1 failure:
1) test25(randoop.xmlsecurity.RandoopTest1)junit.framework.AssertionFailedError: 'FF ' != 'FF'
	at randoop.xmlsecurity.RandoopTest1.test25(RandoopTest1.java:458)
	at sun.reflect.NativeMethodAccessorImpl.invoke0(Native Method)
	at sun.reflect.NativeMethodAccessorImpl.invoke(NativeMethodAccessorImpl.java:57)
	at sun.reflect.DelegatingMethodAccessorImpl.invoke(DelegatingMethodAccessorImpl.java:43)
	at edu.washington.cs.dt.util.TestRunnerWrapper.main(TestRunnerWrapper.java:56)

FAILURES!!!
Tests run: 1,  Failures: 1,  Errors: 0

.F
Time: 0
There was 1 failure:
1) test27(randoop.xmlsecurity.RandoopTest1)junit.framework.AssertionFailedError: '��������' != 'ÿÿÿÿÿÿÿÿ'
	at randoop.xmlsecurity.RandoopTest1.test27(RandoopTest1.java:531)
	at sun.reflect.NativeMethodAccessorImpl.invoke0(Native Method)
	at sun.reflect.NativeMethodAccessorImpl.invoke(NativeMethodAccessorImpl.java:57)
	at sun.reflect.DelegatingMethodAccessorImpl.invoke(DelegatingMethodAccessorImpl.java:43)
	at edu.washington.cs.dt.util.TestRunnerWrapper.main(TestRunnerWrapper.java:56)

FAILURES!!!
Tests run: 1,  Failures: 1,  Errors: 0

.
Time: 0.001

OK (1 test)

.E
Time: 0
There was 1 error:
1) test31(randoop.xmlsecurity.RandoopTest1)java.lang.NullPointerException
	at org.apache.xml.security.algorithms.JCEMapper.getKeyLengthFromURI(JCEMapper.java:127)
	at randoop.xmlsecurity.RandoopTest1.test31(RandoopTest1.java:595)
	at sun.reflect.NativeMethodAccessorImpl.invoke0(Native Method)
	at sun.reflect.NativeMethodAccessorImpl.invoke(NativeMethodAccessorImpl.java:57)
	at sun.reflect.DelegatingMethodAccessorImpl.invoke(DelegatingMethodAccessorImpl.java:43)
	at edu.washington.cs.dt.util.TestRunnerWrapper.main(TestRunnerWrapper.java:56)

FAILURES!!!
Tests run: 1,  Failures: 0,  Errors: 1

.
Time: 0

OK (1 test)

.
Time: 0

OK (1 test)

.
Time: 0

OK (1 test)

.
Time: 0

OK (1 test)

.
Time: 0.001

OK (1 test)

.F
Time: 0
There was 1 failure:
1) test80(randoop.xmlsecurity.RandoopTest1)junit.framework.AssertionFailedError: 'FF FF FF FF FF FF FF FF ' != 'FFFFFFFFFFFFFFFF'
	at randoop.xmlsecurity.RandoopTest1.test80(RandoopTest1.java:1282)
	at sun.reflect.NativeMethodAccessorImpl.invoke0(Native Method)
	at sun.reflect.NativeMethodAccessorImpl.invoke(NativeMethodAccessorImpl.java:57)
	at sun.reflect.DelegatingMethodAccessorImpl.invoke(DelegatingMethodAccessorImpl.java:43)
	at edu.washington.cs.dt.util.TestRunnerWrapper.main(TestRunnerWrapper.java:56)

FAILURES!!!
Tests run: 1,  Failures: 1,  Errors: 0

.
Time: 0

OK (1 test)

.
Time: 0

OK (1 test)

.
Time: 0.001

OK (1 test)

.
Time: 0

OK (1 test)

.
Time: 0

OK (1 test)

.F
Time: 0
There was 1 failure:
1) test124(randoop.xmlsecurity.RandoopTest1)junit.framework.AssertionFailedError: '00000000 00000000' != '                '
	at randoop.xmlsecurity.RandoopTest1.test124(RandoopTest1.java:1999)
	at sun.reflect.NativeMethodAccessorImpl.invoke0(Native Method)
	at sun.reflect.NativeMethodAccessorImpl.invoke(NativeMethodAccessorImpl.java:57)
	at sun.reflect.DelegatingMethodAccessorImpl.invoke(DelegatingMethodAccessorImpl.java:43)
	at edu.washington.cs.dt.util.TestRunnerWrapper.main(TestRunnerWrapper.java:56)

FAILURES!!!
Tests run: 1,  Failures: 1,  Errors: 0

.
Time: 0.001

OK (1 test)

.
Time: 0

OK (1 test)

.
Time: 0

OK (1 test)

.F
Time: 0
There was 1 failure:
1) test145(randoop.xmlsecurity.RandoopTest1)junit.framework.AssertionFailedError: '0000: FF FF FF FF                                        ....
' != '0000: FF FF FF FF                                        ....
'
	at randoop.xmlsecurity.RandoopTest1.test145(RandoopTest1.java:2352)
	at sun.reflect.NativeMethodAccessorImpl.invoke0(Native Method)
	at sun.reflect.NativeMethodAccessorImpl.invoke(NativeMethodAccessorImpl.java:57)
	at sun.reflect.DelegatingMethodAccessorImpl.invoke(DelegatingMethodAccessorImpl.java:43)
	at edu.washington.cs.dt.util.TestRunnerWrapper.main(TestRunnerWrapper.java:56)

FAILURES!!!
Tests run: 1,  Failures: 1,  Errors: 0

.
Time: 0

OK (1 test)

.
Time: 0.001

OK (1 test)

.
Time: 0

OK (1 test)

Execution time: 843173441
0-th run
Pass: 63, Fail: 30, Error: 14
{randoop.xmlsecurity.RandoopTest0.test3=PASS, randoop.xmlsecurity.RandoopTest0.test8=PASS, randoop.xmlsecurity.RandoopTest0.test13=ERROR, randoop.xmlsecurity.RandoopTest0.test17=PASS, randoop.xmlsecurity.RandoopTest0.test24=PASS, randoop.xmlsecurity.RandoopTest0.test26=PASS, randoop.xmlsecurity.RandoopTest0.test28=FAILURE, randoop.xmlsecurity.RandoopTest0.test41=FAILURE, randoop.xmlsecurity.RandoopTest0.test52=PASS, randoop.xmlsecurity.RandoopTest0.test55=PASS, randoop.xmlsecurity.RandoopTest0.test61=ERROR, randoop.xmlsecurity.RandoopTest0.test63=FAILURE, randoop.xmlsecurity.RandoopTest0.test73=FAILURE, randoop.xmlsecurity.RandoopTest0.test93=PASS, randoop.xmlsecurity.RandoopTest0.test101=PASS, randoop.xmlsecurity.RandoopTest0.test111=FAILURE, randoop.xmlsecurity.RandoopTest0.test122=PASS, randoop.xmlsecurity.RandoopTest0.test125=FAILURE, randoop.xmlsecurity.RandoopTest0.test138=FAILURE, randoop.xmlsecurity.RandoopTest0.test144=FAILURE, randoop.xmlsecurity.RandoopTest0.test149=FAILURE, randoop.xmlsecurity.RandoopTest0.test154=ERROR, randoop.xmlsecurity.RandoopTest0.test158=FAILURE, randoop.xmlsecurity.RandoopTest0.test160=FAILURE, randoop.xmlsecurity.RandoopTest0.test161=ERROR, randoop.xmlsecurity.RandoopTest0.test168=ERROR, randoop.xmlsecurity.RandoopTest0.test172=ERROR, randoop.xmlsecurity.RandoopTest0.test185=PASS, randoop.xmlsecurity.RandoopTest0.test186=PASS, randoop.xmlsecurity.RandoopTest0.test194=PASS, randoop.xmlsecurity.RandoopTest0.test199=PASS, randoop.xmlsecurity.RandoopTest0.test202=PASS, randoop.xmlsecurity.RandoopTest0.test203=FAILURE, randoop.xmlsecurity.RandoopTest0.test204=PASS, randoop.xmlsecurity.RandoopTest0.test205=ERROR, randoop.xmlsecurity.RandoopTest0.test210=PASS, randoop.xmlsecurity.RandoopTest0.test211=PASS, randoop.xmlsecurity.RandoopTest0.test217=PASS, randoop.xmlsecurity.RandoopTest0.test235=PASS, randoop.xmlsecurity.RandoopTest0.test239=PASS, randoop.xmlsecurity.RandoopTest0.test241=FAILURE, randoop.xmlsecurity.RandoopTest0.test247=PASS, randoop.xmlsecurity.RandoopTest0.test249=FAILURE, randoop.xmlsecurity.RandoopTest0.test277=ERROR, randoop.xmlsecurity.RandoopTest0.test280=PASS, randoop.xmlsecurity.RandoopTest0.test285=FAILURE, randoop.xmlsecurity.RandoopTest0.test295=ERROR, randoop.xmlsecurity.RandoopTest0.test303=ERROR, randoop.xmlsecurity.RandoopTest0.test310=FAILURE, randoop.xmlsecurity.RandoopTest0.test317=PASS, randoop.xmlsecurity.RandoopTest0.test336=PASS, randoop.xmlsecurity.RandoopTest0.test340=PASS, randoop.xmlsecurity.RandoopTest0.test343=FAILURE, randoop.xmlsecurity.RandoopTest0.test344=PASS, randoop.xmlsecurity.RandoopTest0.test346=PASS, randoop.xmlsecurity.RandoopTest0.test359=PASS, randoop.xmlsecurity.RandoopTest0.test363=ERROR, randoop.xmlsecurity.RandoopTest0.test382=FAILURE, randoop.xmlsecurity.RandoopTest0.test384=FAILURE, randoop.xmlsecurity.RandoopTest0.test394=PASS, randoop.xmlsecurity.RandoopTest0.test397=FAILURE, randoop.xmlsecurity.RandoopTest0.test398=PASS, randoop.xmlsecurity.RandoopTest0.test399=FAILURE, randoop.xmlsecurity.RandoopTest0.test408=PASS, randoop.xmlsecurity.RandoopTest0.test413=PASS, randoop.xmlsecurity.RandoopTest0.test415=PASS, randoop.xmlsecurity.RandoopTest0.test424=PASS, randoop.xmlsecurity.RandoopTest0.test432=PASS, randoop.xmlsecurity.RandoopTest0.test442=PASS, randoop.xmlsecurity.RandoopTest0.test444=PASS, randoop.xmlsecurity.RandoopTest0.test447=PASS, randoop.xmlsecurity.RandoopTest0.test460=PASS, randoop.xmlsecurity.RandoopTest0.test464=PASS, randoop.xmlsecurity.RandoopTest0.test473=PASS, randoop.xmlsecurity.RandoopTest0.test482=PASS, randoop.xmlsecurity.RandoopTest0.test488=FAILURE, randoop.xmlsecurity.RandoopTest0.test490=ERROR, randoop.xmlsecurity.RandoopTest0.test491=PASS, randoop.xmlsecurity.RandoopTest1.test2=FAILURE, randoop.xmlsecurity.RandoopTest1.test5=PASS, randoop.xmlsecurity.RandoopTest1.test8=ERROR, randoop.xmlsecurity.RandoopTest1.test13=FAILURE, randoop.xmlsecurity.RandoopTest1.test16=FAILURE, randoop.xmlsecurity.RandoopTest1.test19=PASS, randoop.xmlsecurity.RandoopTest1.test25=FAILURE, randoop.xmlsecurity.RandoopTest1.test27=FAILURE, randoop.xmlsecurity.RandoopTest1.test29=PASS, randoop.xmlsecurity.RandoopTest1.test31=ERROR, randoop.xmlsecurity.RandoopTest1.test33=PASS, randoop.xmlsecurity.RandoopTest1.test49=PASS, randoop.xmlsecurity.RandoopTest1.test61=PASS, randoop.xmlsecurity.RandoopTest1.test67=PASS, randoop.xmlsecurity.RandoopTest1.test73=PASS, randoop.xmlsecurity.RandoopTest1.test80=FAILURE, randoop.xmlsecurity.RandoopTest1.test92=PASS, randoop.xmlsecurity.RandoopTest1.test96=PASS, randoop.xmlsecurity.RandoopTest1.test100=PASS, randoop.xmlsecurity.RandoopTest1.test113=PASS, randoop.xmlsecurity.RandoopTest1.test117=PASS, randoop.xmlsecurity.RandoopTest1.test124=FAILURE, randoop.xmlsecurity.RandoopTest1.test128=PASS, randoop.xmlsecurity.RandoopTest1.test142=PASS, randoop.xmlsecurity.RandoopTest1.test143=PASS, randoop.xmlsecurity.RandoopTest1.test145=FAILURE, randoop.xmlsecurity.RandoopTest1.test150=PASS, randoop.xmlsecurity.RandoopTest1.test158=PASS, randoop.xmlsecurity.RandoopTest1.test165=PASS}

