The following arguments were used to generate this output.
[-technique, prioritization, -coverage, function, -order, absolute, -origOrder, xml_security-orig-order, -testInputDir, /home/user/dependent-tests-impact/experiments/xml-security-orig-v1/sootTestOutput-orig, -filesToDelete, xml_security-env-files, -getCoverage, -project, XML Security, -testType, orig, -outputDir, /home/user/dependent-tests-impact/experiments/prioritization-results, -dependentTestFile, /home/user/dependent-tests-impact/experiments/prioritization-dt-list/prioritization-XML Security-orig-function-absolute.txt, -timesToRun, 1]

Execution time of TLG and its time to find/nullify any DTs for 1 machine (does not include the time to run the tests in the new order): 3.942
Number of tests selected out of total in original order: 107 / 97
Number of DTs not fixed: 0
Number of DTs fixed: 0
APFD value: 0.4153096775597827
Execution time for executing the following testing order: 3.899

Test order list:
[org.apache.xml.security.test.algorithms.implementations.BlockEncryptionTest.test_AES128, org.apache.xml.security.test.c14n.implementations.ExclusiveC14NInterop.test_Y1, org.apache.xml.security.test.c14n.implementations.ExclusiveC14NInterop.test_Y2, org.apache.xml.security.test.c14n.implementations.ExclusiveC14NInterop.test_Y3, org.apache.xml.security.test.c14n.implementations.ExclusiveC14NInterop.test_Y5, org.apache.xml.security.test.interop.BaltimoreTest.test_fifteen_enveloping_hmac_sha1, org.apache.xml.security.test.interop.IAIKTest.test_coreFeatures_signatures_anonymousReferenceSignature, org.apache.xml.security.test.interop.IAIKTest.test_signatureAlgorithms_signatures_hMACShortSignature, org.apache.xml.security.test.interop.RSASecurityTest.test_enveloping, org.apache.xml.security.test.transforms.implementations.TransformBase64DecodeTest.test3, org.apache.xml.security.test.c14n.implementations.Canonicalizer20010315ExclusiveTest.test221excl, org.apache.xml.security.test.c14n.implementations.Canonicalizer20010315ExclusiveTest.test222excl, org.apache.xml.security.test.c14n.implementations.Canonicalizer20010315ExclusiveTest.testA, org.apache.xml.security.test.interop.BaltimoreTest.test_fifteen_enveloped_dsa, org.apache.xml.security.test.interop.BaltimoreTest.test_fifteen_enveloping_b64_dsa, org.apache.xml.security.test.interop.BaltimoreTest.test_fifteen_enveloping_dsa, org.apache.xml.security.test.interop.BaltimoreTest.test_fifteen_enveloping_hmac_sha1_40, org.apache.xml.security.test.interop.BaltimoreTest.test_fifteen_enveloping_rsa, org.apache.xml.security.test.interop.BaltimoreTest.test_fifteen_external_b64_dsa, org.apache.xml.security.test.interop.BaltimoreTest.test_fifteen_external_dsa, org.apache.xml.security.test.interop.BaltimoreTest.test_sixteen_external_dsa, org.apache.xml.security.test.interop.IAIKTest.test_coreFeatures_signatures_manifestSignature_core, org.apache.xml.security.test.interop.IAIKTest.test_coreFeatures_signatures_manifestSignature_manifest, org.apache.xml.security.test.interop.IAIKTest.test_coreFeatures_signatures_signatureTypesSignature, org.apache.xml.security.test.interop.IAIKTest.test_signatureAlgorithms_signatures_dSASignature, org.apache.xml.security.test.interop.IAIKTest.test_signatureAlgorithms_signatures_hMACSignature, org.apache.xml.security.test.interop.IAIKTest.test_signatureAlgorithms_signatures_rSASignature, org.apache.xml.security.test.interop.IAIKTest.test_transforms_signatures_base64DecodeSignature, org.apache.xml.security.test.interop.IAIKTest.test_transforms_signatures_c14nSignature, org.apache.xml.security.test.interop.IAIKTest.test_transforms_signatures_envelopedSignatureSignature, org.apache.xml.security.test.interop.IAIKTest.test_transforms_signatures_xPathSignature, org.apache.xml.security.test.interop.RSASecurityTest.test_enveloped, org.apache.xml.security.test.c14n.implementations.Canonicalizer20010315ExclusiveTest.test222, org.apache.xml.security.test.c14n.implementations.Canonicalizer20010315ExclusiveTest.test221, org.apache.xml.security.test.signature.XMLSignatureInputTest.testSetNodeSetGetOctetStream1, org.apache.xml.security.test.transforms.implementations.TransformBase64DecodeTest.test1, org.apache.xml.security.test.c14n.implementations.Canonicalizer20010315Test.test37, org.apache.xml.security.test.signature.XMLSignatureInputTest.testSetOctetStreamGetNodeSet4, org.apache.xml.security.test.transforms.implementations.TransformBase64DecodeTest.test2, org.apache.xml.security.test.c14n.implementations.C14NInterop.test_Y4_stripped, org.apache.xml.security.test.external.org.apache.xalan.XPathAPI.AttributeAncestorOrSelf.test01, org.apache.xml.security.test.external.org.apache.xalan.XPathAPI.XalanBug1425Test.testBad01, org.apache.xml.security.test.c14n.implementations.Canonicalizer20010315Test.test31withComments, org.apache.xml.security.test.signature.XMLSignatureInputTest.testSetOctetStreamGetNodeSet1, org.apache.xml.security.test.signature.XMLSignatureInputTest.testSetOctetStreamGetNodeSet2, org.apache.xml.security.test.signature.XMLSignatureInputTest.testSetOctetStreamGetNodeSet3, org.apache.xml.security.test.utils.Base64Test.testA1, org.apache.xml.security.test.c14n.implementations.Canonicalizer20010315Test.test31, org.apache.xml.security.test.c14n.implementations.Canonicalizer20010315Test.test32, org.apache.xml.security.test.c14n.implementations.Canonicalizer20010315Test.test33, org.apache.xml.security.test.c14n.implementations.Canonicalizer20010315Test.test34validatingParser, org.apache.xml.security.test.c14n.implementations.Canonicalizer20010315Test.test36, org.apache.xml.security.test.c14n.implementations.Canonicalizer20010315Test.test35, org.apache.xml.security.test.c14n.implementations.Canonicalizer20010315Test.testXMLAttributes1, org.apache.xml.security.test.c14n.implementations.Canonicalizer20010315Test.testXMLAttributes2, org.apache.xml.security.test.c14n.implementations.Canonicalizer20010315Test.testXMLAttributes3, org.apache.xml.security.test.c14n.implementations.Canonicalizer20010315Test.testRelativeNSbehaviour, org.apache.xml.security.test.c14n.implementations.Canonicalizer20010315Test.testTranslationFromUTF16toUTF8, org.apache.xml.security.test.signature.XMLSignatureInputTest.testIsInitializedWithNodeSet, org.apache.xml.security.test.signature.XMLSignatureInputTest.testSetOctetStreamGetOctetStream, org.apache.xml.security.test.algorithms.implementations.BlockEncryptionTest.test_AES192, org.apache.xml.security.test.algorithms.implementations.BlockEncryptionTest.test_AES256, org.apache.xml.security.test.algorithms.implementations.KeyWrapTest.test_3DES, org.apache.xml.security.test.algorithms.implementations.KeyWrapTest.test_AES_41, org.apache.xml.security.test.algorithms.implementations.KeyWrapTest.test_AES_42, org.apache.xml.security.test.algorithms.implementations.KeyWrapTest.test_AES_43, org.apache.xml.security.test.algorithms.implementations.KeyWrapTest.test_AES_44, org.apache.xml.security.test.algorithms.implementations.KeyWrapTest.test_AES_45, org.apache.xml.security.test.algorithms.implementations.KeyWrapTest.test_AES_46, org.apache.xml.security.test.signature.XMLSignatureInputTest.testIsInitializedWithOctetStream, org.apache.xml.security.test.signature.XMLSignatureInputTest.testSetNodeSetGetNodeSet1, org.apache.xml.security.test.c14n.helper.C14nHelperTest.testNamespaceIsAbsolute01, org.apache.xml.security.test.c14n.helper.C14nHelperTest.testNamespaceIsRelative01, org.apache.xml.security.test.c14n.helper.C14nHelperTest.testNamespaceIsRelative02, org.apache.xml.security.test.c14n.implementations.Canonicalizer20010315Test.test37byNodeList, org.apache.xml.security.test.interop.IBMTest.test_enveloping_hmac, org.apache.xml.security.test.signature.XMLSignatureInputTest.testNodeSetIsNodeSet, org.apache.xml.security.test.signature.XMLSignatureInputTest.testNodeSetIsNotOctetStream, org.apache.xml.security.test.signature.XMLSignatureInputTest.testOctetStreamIsNotNodeSet, org.apache.xml.security.test.signature.XMLSignatureInputTest.testOctetStreamIsOctetStream, org.apache.xml.security.test.utils.resolver.ResourceResolverSpiTest.testExpandSystemId_1, org.apache.xml.security.test.utils.resolver.ResourceResolverSpiTest.testExpandSystemId_2, org.apache.xml.security.test.c14n.helper.C14nHelperTest.testNamespaceIsAbsolute02, org.apache.xml.security.test.c14n.helper.C14nHelperTest.testNamespaceIsAbsolute03, org.apache.xml.security.test.algorithms.implementations.AESWrapperTest.test41, org.apache.xml.security.test.algorithms.implementations.AESWrapperTest.test42, org.apache.xml.security.test.algorithms.implementations.AESWrapperTest.test43, org.apache.xml.security.test.algorithms.implementations.AESWrapperTest.test44, org.apache.xml.security.test.algorithms.implementations.AESWrapperTest.test45, org.apache.xml.security.test.algorithms.implementations.AESWrapperTest.test46, org.apache.xml.security.test.algorithms.implementations.TripleDESWrapperTest.test34, org.apache.xml.security.test.external.org.apache.xalan.XPathAPI.AttributeAncestorOrSelf.test02, org.apache.xml.security.test.external.org.apache.xalan.XPathAPI.AttributeAncestorOrSelf.test03, org.apache.xml.security.test.external.org.apache.xalan.XPathAPI.XalanBug1425Test.testBad02, org.apache.xml.security.test.external.org.apache.xalan.XPathAPI.XalanBug1425Test.testBad03, org.apache.xml.security.test.external.org.apache.xalan.XPathAPI.XalanBug1425Test.testGood01, org.apache.xml.security.test.external.org.apache.xalan.XPathAPI.XalanBug1425Test.testGood02, org.apache.xml.security.test.external.org.apache.xalan.XPathAPI.XalanBug1425Test.testGood03, org.apache.xml.security.test.external.org.apache.xalan.XPathAPI.XalanBug1425Test.testGood04, org.apache.xml.security.test.external.org.apache.xalan.XPathAPI.XalanBug1425Test.testGood05, org.apache.xml.security.test.interop.IBMTest.test_detached_dsa, org.apache.xml.security.test.interop.IBMTest.test_detached_rsa, org.apache.xml.security.test.interop.IBMTest.test_enveloped_dsa, org.apache.xml.security.test.interop.IBMTest.test_enveloped_rsa, org.apache.xml.security.test.interop.IBMTest.test_enveloping_dsa, org.apache.xml.security.test.interop.IBMTest.test_enveloping_dsa_soaped_broken, org.apache.xml.security.test.interop.IBMTest.test_enveloping_rsa]

Time each test takes to run in the new order:
[263061424, 224234549, 91759669, 75025956, 1431179460, 196975755, 9184043, 3179968, 4438366, 3814837, 1998005, 2069725, 89256622, 29864178, 20031198, 22215112, 9905534, 16888050, 30866798, 17079466, 330915671, 17110307, 19950650, 43939921, 6956945, 9491437, 11465476, 10717507, 17368251, 11827277, 23961362, 8005650, 10851247, 5540232, 6943320, 1638414, 43717904, 10478925, 1422936, 27868740, 2348320, 43426453, 9092405, 4134342, 11984243, 2195482, 650419, 7796046, 3466072, 9379620, 11271095, 10438249, 9531419, 11574631, 6865577, 2462308, 11042817, 70279414, 9622027, 588810, 1753541, 4876793, 1212508, 993828, 975874, 5597337, 1005024, 6407628, 1028182, 552338, 1792446, 736309, 535728, 531821, 14323464, 4763280, 1740444, 8855192, 578419, 536290, 643792, 9182009, 523262, 503910, 367329013, 2259918, 2478831, 2756652, 4067083, 2190931, 9990392, 6436881, 1798338, 1527420, 4830335, 1573487, 3655032, 1499366, 2041529, 1537472, 1573036, 1805401, 1512039, 2399916, 1456783, 1454214, 1426927]

Dependent test list:
[Test: org.apache.xml.security.test.c14n.implementations.ExclusiveC14NInterop.test_Y2, Intended behavior: FAILURE, when executed after: [org.apache.xml.security.test.c14n.implementations.ExclusiveC14NInterop.test_Y1], The revealed different behavior: PASS, when executed after: [], Test: org.apache.xml.security.test.c14n.implementations.ExclusiveC14NInterop.test_Y1, Intended behavior: FAILURE, when executed after: [org.apache.xml.security.test.algorithms.implementations.BlockEncryptionTest.test_AES128], The revealed different behavior: PASS, when executed after: []]

Coverage test list:
[454, 1818, 0, 0, 0, 227, 113, 0, 0, 1250, 1477, 0, 0, 0, 0, 0, 0, 0, 0, 0, 0, 0, 0, 0, 0, 0, 0, 0, 0, 0, 0, 0, 909, 0, 1022, 0, 340, 113, 0, 1022, 0, 0, 0, 0, 0, 0, 795, 0, 0, 0, 0, 0, 0, 0, 0, 0, 0, 0, 113, 0, 0, 0, 0, 0, 0, 0, 0, 0, 0, 0, 0, 0, 0, 0, 113, 0, 0, 0, 0, 0, 113, 113, 0, 0, 0, 0, 0, 0, 0, 0, 0, 0, 0, 0, 0, 0, 0, 0, 0, 0, 0, 0, 0, 0, 0, 0, 0]
--------------------------
Total time (of all machines and iterations plus initial TestListGenerator): 4.058