.E
Time: 0.021
There was 1 error:
1) testNullInputConstructor(crystal.client.ClientPreferencesTest)java.lang.IllegalArgumentException: Invalid string input
	at crystal.util.ValidInputChecker.checkValidStringInput(ValidInputChecker.java:135)
	at crystal.client.ClientPreferences.<init>(ClientPreferences.java:175)
	at crystal.client.ClientPreferencesTest.testNullInputConstructor(ClientPreferencesTest.java:35)
	at sun.reflect.NativeMethodAccessorImpl.invoke0(Native Method)
	at sun.reflect.NativeMethodAccessorImpl.invoke(NativeMethodAccessorImpl.java:57)
	at sun.reflect.DelegatingMethodAccessorImpl.invoke(DelegatingMethodAccessorImpl.java:43)
	at edu.washington.cs.dt.util.TestRunnerWrapper.main(TestRunnerWrapper.java:53)

FAILURES!!!
Tests run: 1,  Failures: 0,  Errors: 1

.
Time: 0.004

OK (1 test)

.
Time: 0

OK (1 test)

.E
Time: 0
There was 1 error:
1) testDuplicateAddProjectPreferences(crystal.client.ClientPreferencesTest)crystal.client.ClientPreferences$DuplicateProjectNameException: Duplicate project name: shortName
	at crystal.client.ClientPreferences.addProjectPreferences(ClientPreferences.java:217)
	at crystal.client.ClientPreferencesTest.testDuplicateAddProjectPreferences(ClientPreferencesTest.java:83)
	at sun.reflect.NativeMethodAccessorImpl.invoke0(Native Method)
	at sun.reflect.NativeMethodAccessorImpl.invoke(NativeMethodAccessorImpl.java:57)
	at sun.reflect.DelegatingMethodAccessorImpl.invoke(DelegatingMethodAccessorImpl.java:43)
	at edu.washington.cs.dt.util.TestRunnerWrapper.main(TestRunnerWrapper.java:53)

FAILURES!!!
Tests run: 1,  Failures: 0,  Errors: 1

.
Time: 0.001

OK (1 test)

.
Time: 0

OK (1 test)

.
Time: 0.001

OK (1 test)

.
Time: 0.001

OK (1 test)

.
Time: 0.006

OK (1 test)

.
Time: 0.005

OK (1 test)

.
Time: 0

OK (1 test)

.ERROR 2014-02-17 16:20:13,966 (ConflictDaemon.java:221) - Runtime Exception caught while getting state for: shortName_2_HG_cloneString_2
null
java.lang.NullPointerException
	at crystal.client.ConflictClient.refresh(ConflictClient.java:486)
	at crystal.client.ConflictClient.update(ConflictClient.java:561)
	at crystal.client.ConflictDaemon.calculateLocalState(ConflictDaemon.java:214)
	at crystal.client.ConflictDaemonTest.testLocalState(ConflictDaemonTest.java:57)
	at sun.reflect.NativeMethodAccessorImpl.invoke0(Native Method)
	at sun.reflect.NativeMethodAccessorImpl.invoke(NativeMethodAccessorImpl.java:57)
	at sun.reflect.DelegatingMethodAccessorImpl.invoke(DelegatingMethodAccessorImpl.java:43)
	at java.lang.reflect.Method.invoke(Method.java:606)
	at junit.framework.TestCase.runTest(TestCase.java:168)
	at junit.framework.TestCase.runBare(TestCase.java:134)
	at junit.framework.TestResult$1.protect(TestResult.java:110)
	at junit.framework.TestResult.runProtected(TestResult.java:128)
	at junit.framework.TestResult.run(TestResult.java:113)
	at junit.framework.TestCase.run(TestCase.java:124)
	at junit.textui.TestRunner.doRun(TestRunner.java:116)
	at junit.textui.TestRunner.runSingleMethod(TestRunner.java:189)
	at junit.textui.TestRunner.start(TestRunner.java:178)
	at edu.washington.cs.dt.util.TestRunnerWrapper.main(TestRunnerWrapper.java:53)

Time: 0.18

OK (1 test)

.F
Time: 0.025
There was 1 failure:
1) testRelationship(crystal.client.ConflictDaemonTest)junit.framework.AssertionFailedError: non listeners expected:<0> but was:<2>
	at crystal.client.ConflictDaemonTest.testRelationship(ConflictDaemonTest.java:101)
	at sun.reflect.NativeMethodAccessorImpl.invoke0(Native Method)
	at sun.reflect.NativeMethodAccessorImpl.invoke(NativeMethodAccessorImpl.java:57)
	at sun.reflect.DelegatingMethodAccessorImpl.invoke(DelegatingMethodAccessorImpl.java:43)
	at edu.washington.cs.dt.util.TestRunnerWrapper.main(TestRunnerWrapper.java:53)

FAILURES!!!
Tests run: 1,  Failures: 1,  Errors: 0

.
Time: 0.001

OK (1 test)

.
Time: 0

OK (1 test)

.E
Time: 0
There was 1 error:
1) testDuplicateAddDataSource(crystal.client.ProjectPreferencesTest)java.lang.RuntimeException: Error adding new source; short name: shortName already exists for project: shortName
	at crystal.client.ProjectPreferences.addDataSource(ProjectPreferences.java:81)
	at crystal.client.ProjectPreferencesTest.testDuplicateAddDataSource(ProjectPreferencesTest.java:50)
	at sun.reflect.NativeMethodAccessorImpl.invoke0(Native Method)
	at sun.reflect.NativeMethodAccessorImpl.invoke(NativeMethodAccessorImpl.java:57)
	at sun.reflect.DelegatingMethodAccessorImpl.invoke(DelegatingMethodAccessorImpl.java:43)
	at edu.washington.cs.dt.util.TestRunnerWrapper.main(TestRunnerWrapper.java:53)

FAILURES!!!
Tests run: 1,  Failures: 0,  Errors: 1

.
Time: 0

OK (1 test)

.
Time: 0

OK (1 test)

.
Time: 0.002

OK (1 test)

.F
Time: 0
There was 1 failure:
1) testGetProjectCheckoutLocation(crystal.client.ProjectPreferencesTest)junit.framework.AssertionFailedError: null
	at crystal.client.ProjectPreferencesTest.testGetProjectCheckoutLocation(ProjectPreferencesTest.java:167)
	at sun.reflect.NativeMethodAccessorImpl.invoke0(Native Method)
	at sun.reflect.NativeMethodAccessorImpl.invoke(NativeMethodAccessorImpl.java:57)
	at sun.reflect.DelegatingMethodAccessorImpl.invoke(DelegatingMethodAccessorImpl.java:43)
	at edu.washington.cs.dt.util.TestRunnerWrapper.main(TestRunnerWrapper.java:53)

FAILURES!!!
Tests run: 1,  Failures: 1,  Errors: 0

.
Time: 0

OK (1 test)

.
Time: 0

OK (1 test)

.
Time: 0.592

OK (1 test)

.
Time: 0.004

OK (1 test)

.
Time: 0.001

OK (1 test)

.
Time: 0

OK (1 test)

.
Time: 0

OK (1 test)

.
Time: 0

OK (1 test)

.
Time: 0

OK (1 test)

.
Time: 0

OK (1 test)

.
Time: 0

OK (1 test)

.
Time: 0.005

OK (1 test)

.
Time: 0

OK (1 test)

.
Time: 0

OK (1 test)

.
Time: 0

OK (1 test)

.
Time: 0

OK (1 test)

.
Time: 0

OK (1 test)

.
Time: 0

OK (1 test)

.
Time: 0

OK (1 test)

.
Time: 0

OK (1 test)

.

Time: 0

OK (1 test)

.
Time: 0

OK (1 test)

.E
Time: 0
There was 1 error:
1) testStrangeNameConstructor(crystal.model.RelationshipTest)java.lang.RuntimeException: Trying to create an invalid Relationship
	at crystal.model.Relationship.<init>(Relationship.java:111)
	at crystal.model.RelationshipTest.testStrangeNameConstructor(RelationshipTest.java:29)
	at sun.reflect.NativeMethodAccessorImpl.invoke0(Native Method)
	at sun.reflect.NativeMethodAccessorImpl.invoke(NativeMethodAccessorImpl.java:57)
	at sun.reflect.DelegatingMethodAccessorImpl.invoke(DelegatingMethodAccessorImpl.java:43)
	at edu.washington.cs.dt.util.TestRunnerWrapper.main(TestRunnerWrapper.java:53)

FAILURES!!!
Tests run: 1,  Failures: 0,  Errors: 1

.
Time: 0.007

OK (1 test)

.
Time: 0.002

OK (1 test)

.
Time: 0

OK (1 test)

.
Time: 0.001

OK (1 test)

.
Time: 0.001

OK (1 test)

.E
Time: 0.247
There was 1 error:
1) testEqualsObject(crystal.model.RevisionHistoryTest)java.lang.NullPointerException
	at crystal.model.RevisionHistoryTest.testEqualsObject(RevisionHistoryTest.java:61)
	at sun.reflect.NativeMethodAccessorImpl.invoke0(Native Method)
	at sun.reflect.NativeMethodAccessorImpl.invoke(NativeMethodAccessorImpl.java:57)
	at sun.reflect.DelegatingMethodAccessorImpl.invoke(DelegatingMethodAccessorImpl.java:43)
	at edu.washington.cs.dt.util.TestRunnerWrapper.main(TestRunnerWrapper.java:53)

FAILURES!!!
Tests run: 1,  Failures: 0,  Errors: 1

.E
Time: 0.283
There was 1 error:
1) testSuperSubHistory(crystal.model.RevisionHistoryTest)java.lang.NullPointerException
	at crystal.model.RevisionHistoryTest.testSuperSubHistory(RevisionHistoryTest.java:91)
	at sun.reflect.NativeMethodAccessorImpl.invoke0(Native Method)
	at sun.reflect.NativeMethodAccessorImpl.invoke(NativeMethodAccessorImpl.java:57)
	at sun.reflect.DelegatingMethodAccessorImpl.invoke(DelegatingMethodAccessorImpl.java:43)
	at edu.washington.cs.dt.util.TestRunnerWrapper.main(TestRunnerWrapper.java:53)

FAILURES!!!
Tests run: 1,  Failures: 0,  Errors: 1

.E
Time: 0.11
There was 1 error:
1) testGetCommitters(crystal.model.RevisionHistoryTest)java.lang.NullPointerException
	at crystal.model.RevisionHistoryTest.testGetCommitters(RevisionHistoryTest.java:114)
	at sun.reflect.NativeMethodAccessorImpl.invoke0(Native Method)
	at sun.reflect.NativeMethodAccessorImpl.invoke(NativeMethodAccessorImpl.java:57)
	at sun.reflect.DelegatingMethodAccessorImpl.invoke(DelegatingMethodAccessorImpl.java:43)
	at edu.washington.cs.dt.util.TestRunnerWrapper.main(TestRunnerWrapper.java:53)

FAILURES!!!
Tests run: 1,  Failures: 0,  Errors: 1

.
Time: 0.002

OK (1 test)

.
Time: 0.002

OK (1 test)

.E
Time: 0
There was 1 error:
1) testParseNullLog(crystal.server.HgLogParserTest)java.lang.IllegalArgumentException: Null input
	at crystal.util.ValidInputChecker.checkNullInput(ValidInputChecker.java:125)
	at crystal.server.AbstractLogParser.abstractParseLog(AbstractLogParser.java:129)
	at crystal.server.HgLogParser.parseLog(HgLogParser.java:34)
	at crystal.server.HgLogParserTest.testParseNullLog(HgLogParserTest.java:29)
	at sun.reflect.NativeMethodAccessorImpl.invoke0(Native Method)
	at sun.reflect.NativeMethodAccessorImpl.invoke(NativeMethodAccessorImpl.java:57)
	at sun.reflect.DelegatingMethodAccessorImpl.invoke(DelegatingMethodAccessorImpl.java:43)
	at edu.washington.cs.dt.util.TestRunnerWrapper.main(TestRunnerWrapper.java:53)

FAILURES!!!
Tests run: 1,  Failures: 0,  Errors: 1

File not found
File not found
.E
Time: 0.006
There was 1 error:
1) testParseLog(crystal.server.HgLogParserTest)java.lang.NullPointerException
	at crystal.server.HgLogParserTest.testParseLog(HgLogParserTest.java:61)
	at sun.reflect.NativeMethodAccessorImpl.invoke0(Native Method)
	at sun.reflect.NativeMethodAccessorImpl.invoke(NativeMethodAccessorImpl.java:57)
	at sun.reflect.DelegatingMethodAccessorImpl.invoke(DelegatingMethodAccessorImpl.java:43)
	at edu.washington.cs.dt.util.TestRunnerWrapper.main(TestRunnerWrapper.java:53)

FAILURES!!!
Tests run: 1,  Failures: 0,  Errors: 1

.
Time: 0.001

OK (1 test)

.
Time: 0

OK (1 test)

1
2
3
.F
Time: 0.001
There was 1 failure:
1) warning(junit.framework.TestSuite$1)junit.framework.AssertionFailedError: Exception in constructor: testBasicMergeConflict (java.lang.ExceptionInInitializerError
	at crystal.server.TestGitStateChecker.generatePreferences(TestGitStateChecker.java:176)
	at crystal.server.TestGitStateChecker.<init>(TestGitStateChecker.java:46)
	at sun.reflect.NativeConstructorAccessorImpl.newInstance0(Native Method)
	at sun.reflect.NativeConstructorAccessorImpl.newInstance(NativeConstructorAccessorImpl.java:57)
	at sun.reflect.DelegatingConstructorAccessorImpl.newInstance(DelegatingConstructorAccessorImpl.java:45)
	at java.lang.reflect.Constructor.newInstance(Constructor.java:526)
	at edu.washington.cs.dt.util.TestRunnerWrapper.main(TestRunnerWrapper.java:53)
Caused by: java.lang.NullPointerException
	at crystal.server.TestConstants.<clinit>(TestConstants.java:44)
	... 10 more
)
	at edu.washington.cs.dt.util.TestRunnerWrapper.main(TestRunnerWrapper.java:53)

FAILURES!!!
Tests run: 1,  Failures: 1,  Errors: 0

.F
Time: 0.001
There was 1 failure:
1) warning(junit.framework.TestSuite$1)junit.framework.AssertionFailedError: Exception in constructor: testBasicCleanMerge (java.lang.NoClassDefFoundError: Could not initialize class crystal.server.TestConstants
	at crystal.server.TestGitStateChecker.generatePreferences(TestGitStateChecker.java:176)
	at crystal.server.TestGitStateChecker.<init>(TestGitStateChecker.java:46)
	at sun.reflect.NativeConstructorAccessorImpl.newInstance0(Native Method)
	at sun.reflect.NativeConstructorAccessorImpl.newInstance(NativeConstructorAccessorImpl.java:57)
	at sun.reflect.DelegatingConstructorAccessorImpl.newInstance(DelegatingConstructorAccessorImpl.java:45)
	at java.lang.reflect.Constructor.newInstance(Constructor.java:526)
	at edu.washington.cs.dt.util.TestRunnerWrapper.main(TestRunnerWrapper.java:53)
)
	at edu.washington.cs.dt.util.TestRunnerWrapper.main(TestRunnerWrapper.java:53)

FAILURES!!!
Tests run: 1,  Failures: 1,  Errors: 0

.F
Time: 0
There was 1 failure:
1) warning(junit.framework.TestSuite$1)junit.framework.AssertionFailedError: Exception in constructor: testBasicAhead (java.lang.NoClassDefFoundError: Could not initialize class crystal.server.TestConstants
	at crystal.server.TestGitStateChecker.generatePreferences(TestGitStateChecker.java:176)
	at crystal.server.TestGitStateChecker.<init>(TestGitStateChecker.java:46)
	at sun.reflect.NativeConstructorAccessorImpl.newInstance0(Native Method)
	at sun.reflect.NativeConstructorAccessorImpl.newInstance(NativeConstructorAccessorImpl.java:57)
	at sun.reflect.DelegatingConstructorAccessorImpl.newInstance(DelegatingConstructorAccessorImpl.java:45)
	at java.lang.reflect.Constructor.newInstance(Constructor.java:526)
	at edu.washington.cs.dt.util.TestRunnerWrapper.main(TestRunnerWrapper.java:53)
)
	at edu.washington.cs.dt.util.TestRunnerWrapper.main(TestRunnerWrapper.java:53)

FAILURES!!!
Tests run: 1,  Failures: 1,  Errors: 0

.F
Time: 0.001
There was 1 failure:
1) warning(junit.framework.TestSuite$1)junit.framework.AssertionFailedError: Exception in constructor: testBasicBehind (java.lang.NoClassDefFoundError: Could not initialize class crystal.server.TestConstants
	at crystal.server.TestGitStateChecker.generatePreferences(TestGitStateChecker.java:176)
	at crystal.server.TestGitStateChecker.<init>(TestGitStateChecker.java:46)
	at sun.reflect.NativeConstructorAccessorImpl.newInstance0(Native Method)
	at sun.reflect.NativeConstructorAccessorImpl.newInstance(NativeConstructorAccessorImpl.java:57)
	at sun.reflect.DelegatingConstructorAccessorImpl.newInstance(DelegatingConstructorAccessorImpl.java:45)
	at java.lang.reflect.Constructor.newInstance(Constructor.java:526)
	at edu.washington.cs.dt.util.TestRunnerWrapper.main(TestRunnerWrapper.java:53)
)
	at edu.washington.cs.dt.util.TestRunnerWrapper.main(TestRunnerWrapper.java:53)

FAILURES!!!
Tests run: 1,  Failures: 1,  Errors: 0

.F
Time: 0
There was 1 failure:
1) warning(junit.framework.TestSuite$1)junit.framework.AssertionFailedError: Exception in constructor: testBasicSame (java.lang.NoClassDefFoundError: Could not initialize class crystal.server.TestConstants
	at crystal.server.TestGitStateChecker.generatePreferences(TestGitStateChecker.java:176)
	at crystal.server.TestGitStateChecker.<init>(TestGitStateChecker.java:46)
	at sun.reflect.NativeConstructorAccessorImpl.newInstance0(Native Method)
	at sun.reflect.NativeConstructorAccessorImpl.newInstance(NativeConstructorAccessorImpl.java:57)
	at sun.reflect.DelegatingConstructorAccessorImpl.newInstance(DelegatingConstructorAccessorImpl.java:45)
	at java.lang.reflect.Constructor.newInstance(Constructor.java:526)
	at edu.washington.cs.dt.util.TestRunnerWrapper.main(TestRunnerWrapper.java:53)
)
	at edu.washington.cs.dt.util.TestRunnerWrapper.main(TestRunnerWrapper.java:53)

FAILURES!!!
Tests run: 1,  Failures: 1,  Errors: 0

.F
Time: 0.001
There was 1 failure:
1) warning(junit.framework.TestSuite$1)junit.framework.AssertionFailedError: Exception in constructor: testBasicMergeConflict (java.lang.NoClassDefFoundError: Could not initialize class crystal.server.TestConstants
	at crystal.server.TestHgStateChecker.generatePreferences(TestHgStateChecker.java:172)
	at crystal.server.TestHgStateChecker.<init>(TestHgStateChecker.java:41)
	at sun.reflect.NativeConstructorAccessorImpl.newInstance0(Native Method)
	at sun.reflect.NativeConstructorAccessorImpl.newInstance(NativeConstructorAccessorImpl.java:57)
	at sun.reflect.DelegatingConstructorAccessorImpl.newInstance(DelegatingConstructorAccessorImpl.java:45)
	at java.lang.reflect.Constructor.newInstance(Constructor.java:526)
	at edu.washington.cs.dt.util.TestRunnerWrapper.main(TestRunnerWrapper.java:53)
)
	at edu.washington.cs.dt.util.TestRunnerWrapper.main(TestRunnerWrapper.java:53)

FAILURES!!!
Tests run: 1,  Failures: 1,  Errors: 0

.F
Time: 0.001
There was 1 failure:
1) warning(junit.framework.TestSuite$1)junit.framework.AssertionFailedError: Exception in constructor: testBasicCleanMerge (java.lang.NoClassDefFoundError: Could not initialize class crystal.server.TestConstants
	at crystal.server.TestHgStateChecker.generatePreferences(TestHgStateChecker.java:172)
	at crystal.server.TestHgStateChecker.<init>(TestHgStateChecker.java:41)
	at sun.reflect.NativeConstructorAccessorImpl.newInstance0(Native Method)
	at sun.reflect.NativeConstructorAccessorImpl.newInstance(NativeConstructorAccessorImpl.java:57)
	at sun.reflect.DelegatingConstructorAccessorImpl.newInstance(DelegatingConstructorAccessorImpl.java:45)
	at java.lang.reflect.Constructor.newInstance(Constructor.java:526)
	at edu.washington.cs.dt.util.TestRunnerWrapper.main(TestRunnerWrapper.java:53)
)
	at edu.washington.cs.dt.util.TestRunnerWrapper.main(TestRunnerWrapper.java:53)

FAILURES!!!
Tests run: 1,  Failures: 1,  Errors: 0

.F
Time: 0
There was 1 failure:
1) warning(junit.framework.TestSuite$1)junit.framework.AssertionFailedError: Exception in constructor: testBasicAhead (java.lang.NoClassDefFoundError: Could not initialize class crystal.server.TestConstants
	at crystal.server.TestHgStateChecker.generatePreferences(TestHgStateChecker.java:172)
	at crystal.server.TestHgStateChecker.<init>(TestHgStateChecker.java:41)
	at sun.reflect.NativeConstructorAccessorImpl.newInstance0(Native Method)
	at sun.reflect.NativeConstructorAccessorImpl.newInstance(NativeConstructorAccessorImpl.java:57)
	at sun.reflect.DelegatingConstructorAccessorImpl.newInstance(DelegatingConstructorAccessorImpl.java:45)
	at java.lang.reflect.Constructor.newInstance(Constructor.java:526)
	at edu.washington.cs.dt.util.TestRunnerWrapper.main(TestRunnerWrapper.java:53)
)
	at edu.washington.cs.dt.util.TestRunnerWrapper.main(TestRunnerWrapper.java:53)

FAILURES!!!
Tests run: 1,  Failures: 1,  Errors: 0

.F
Time: 0
There was 1 failure:
1) warning(junit.framework.TestSuite$1)junit.framework.AssertionFailedError: Exception in constructor: testBasicBehind (java.lang.NoClassDefFoundError: Could not initialize class crystal.server.TestConstants
	at crystal.server.TestHgStateChecker.generatePreferences(TestHgStateChecker.java:172)
	at crystal.server.TestHgStateChecker.<init>(TestHgStateChecker.java:41)
	at sun.reflect.NativeConstructorAccessorImpl.newInstance0(Native Method)
	at sun.reflect.NativeConstructorAccessorImpl.newInstance(NativeConstructorAccessorImpl.java:57)
	at sun.reflect.DelegatingConstructorAccessorImpl.newInstance(DelegatingConstructorAccessorImpl.java:45)
	at java.lang.reflect.Constructor.newInstance(Constructor.java:526)
	at edu.washington.cs.dt.util.TestRunnerWrapper.main(TestRunnerWrapper.java:53)
)
	at edu.washington.cs.dt.util.TestRunnerWrapper.main(TestRunnerWrapper.java:53)

FAILURES!!!
Tests run: 1,  Failures: 1,  Errors: 0

.F
Time: 0
There was 1 failure:
1) warning(junit.framework.TestSuite$1)junit.framework.AssertionFailedError: Exception in constructor: testBasicSame (java.lang.NoClassDefFoundError: Could not initialize class crystal.server.TestConstants
	at crystal.server.TestHgStateChecker.generatePreferences(TestHgStateChecker.java:172)
	at crystal.server.TestHgStateChecker.<init>(TestHgStateChecker.java:41)
	at sun.reflect.NativeConstructorAccessorImpl.newInstance0(Native Method)
	at sun.reflect.NativeConstructorAccessorImpl.newInstance(NativeConstructorAccessorImpl.java:57)
	at sun.reflect.DelegatingConstructorAccessorImpl.newInstance(DelegatingConstructorAccessorImpl.java:45)
	at java.lang.reflect.Constructor.newInstance(Constructor.java:526)
	at edu.washington.cs.dt.util.TestRunnerWrapper.main(TestRunnerWrapper.java:53)
)
	at edu.washington.cs.dt.util.TestRunnerWrapper.main(TestRunnerWrapper.java:53)

FAILURES!!!
Tests run: 1,  Failures: 1,  Errors: 0

.E
Time: 0.001
There was 1 error:
1) testNullIntersection(crystal.util.SetOperationsTest)java.lang.IllegalArgumentException: Null input
	at crystal.util.ValidInputChecker.checkNullInput(ValidInputChecker.java:125)
	at crystal.util.SetOperations.intersection(SetOperations.java:18)
	at crystal.util.SetOperationsTest.testNullIntersection(SetOperationsTest.java:22)
	at sun.reflect.NativeMethodAccessorImpl.invoke0(Native Method)
	at sun.reflect.NativeMethodAccessorImpl.invoke(NativeMethodAccessorImpl.java:57)
	at sun.reflect.DelegatingMethodAccessorImpl.invoke(DelegatingMethodAccessorImpl.java:43)
	at edu.washington.cs.dt.util.TestRunnerWrapper.main(TestRunnerWrapper.java:53)

FAILURES!!!
Tests run: 1,  Failures: 0,  Errors: 1

.
Time: 0

OK (1 test)

.E
Time: 0
There was 1 error:
1) testNullUnion(crystal.util.SetOperationsTest)java.lang.IllegalArgumentException: Null input
	at crystal.util.ValidInputChecker.checkNullInput(ValidInputChecker.java:125)
	at crystal.util.SetOperations.union(SetOperations.java:39)
	at crystal.util.SetOperationsTest.testNullUnion(SetOperationsTest.java:45)
	at sun.reflect.NativeMethodAccessorImpl.invoke0(Native Method)
	at sun.reflect.NativeMethodAccessorImpl.invoke(NativeMethodAccessorImpl.java:57)
	at sun.reflect.DelegatingMethodAccessorImpl.invoke(DelegatingMethodAccessorImpl.java:43)
	at edu.washington.cs.dt.util.TestRunnerWrapper.main(TestRunnerWrapper.java:53)

FAILURES!!!
Tests run: 1,  Failures: 0,  Errors: 1

.
Time: 0

OK (1 test)

.
Time: 0

OK (1 test)

.
Time: 0.001

OK (1 test)

.E
Time: 0.043
There was 1 error:
1) testInvalidPanelParameter(crystal.util.SpringLayoutUtilityTest)java.lang.IllegalArgumentException: Invalid input for panel.
	at crystal.util.SpringLayoutUtility.formGridInColumn(SpringLayoutUtility.java:35)
	at crystal.util.SpringLayoutUtilityTest.testInvalidPanelParameter(SpringLayoutUtilityTest.java:23)
	at sun.reflect.NativeMethodAccessorImpl.invoke0(Native Method)
	at sun.reflect.NativeMethodAccessorImpl.invoke(NativeMethodAccessorImpl.java:57)
	at sun.reflect.DelegatingMethodAccessorImpl.invoke(DelegatingMethodAccessorImpl.java:43)
	at edu.washington.cs.dt.util.TestRunnerWrapper.main(TestRunnerWrapper.java:53)

FAILURES!!!
Tests run: 1,  Failures: 0,  Errors: 1

.
Time: 0

OK (1 test)

0-th run
Pass: 51, Fail: 12, Error: 12
{crystal.client.ClientPreferencesTest.testNullInputConstructor=ERROR, crystal.client.ClientPreferencesTest.testClientPreferences=PASS, crystal.client.ClientPreferencesTest.testDefaultSetting=PASS, crystal.client.ClientPreferencesTest.testDuplicateAddProjectPreferences=ERROR, crystal.client.ClientPreferencesTest.testAddProjectPreferences=PASS, crystal.client.ClientPreferencesTest.testDuplicateProject=PASS, crystal.client.ClientPreferencesTest.testRemoveProjectPreferences=PASS, crystal.client.ClientPreferencesTest.testRemoveProjectPreferencesAtIndex=PASS, crystal.client.ClientPreferencesTest.testClone=PASS, crystal.client.ConflictDaemonTest.testAddListener=PASS, crystal.client.ConflictDaemonTest.testGetInstance=PASS, crystal.client.ConflictDaemonTest.testLocalState=PASS, crystal.client.ConflictDaemonTest.testRelationship=FAILURE, crystal.client.ProjectPreferencesTest.testClone=PASS, crystal.client.ProjectPreferencesTest.testProjectPreferences=PASS, crystal.client.ProjectPreferencesTest.testDuplicateAddDataSource=ERROR, crystal.client.ProjectPreferencesTest.testAddDataSource=PASS, crystal.client.ProjectPreferencesTest.testGetNumOfVisibleSources=PASS, crystal.client.ProjectPreferencesTest.testRemoveDataSource=PASS, crystal.client.ProjectPreferencesTest.testGetProjectCheckoutLocation=FAILURE, crystal.model.DataSourceTest.testClone=PASS, crystal.model.DataSourceTest.testSetField=PASS, crystal.model.DataSourceTest.testSetHistory=PASS, crystal.model.DataSourceTest.testSetRemoteCmd=PASS, crystal.model.DataSourceTest.testSetCompileCommand=PASS, crystal.model.DataSourceTest.testSetEnabled=PASS, crystal.model.DataSourceTest.testIsHidden=PASS, crystal.model.DataSourceTest.testSetParent=PASS, crystal.model.DataSourceTest.testSetKind=PASS, crystal.model.DataSourceTest.testSetCloneString=PASS, crystal.model.DataSourceTest.testToString=PASS, crystal.model.LocalStateResultTest.testLocalStateResult=PASS, crystal.model.LocalStateResultTest.testStrangeActionName=PASS, crystal.model.LocalStateResultTest.testErrorActionNameConstructor=PASS, crystal.model.LocalStateResultTest.testGetAction=PASS, crystal.model.LocalStateResultTest.testGetLastAction=PASS, crystal.model.LocalStateResultTest.testGetName=PASS, crystal.model.LocalStateResultTest.testGetNoErrorMessage=PASS, crystal.model.LocalStateResultTest.testGetLastErrorMessage=PASS, crystal.model.LocalStateResultTest.testGetLocalState=PASS, crystal.model.LocalStateResultTest.testGetLastLocalState=PASS, crystal.model.LocalStateResultTest.testToString=PASS, crystal.model.RelationshipTest.testStrangeNameConstructor=ERROR, crystal.model.RelationshipTest.testConstructor=PASS, crystal.model.RelationshipTest.testCalculateAction=PASS, crystal.model.RelationshipTest.testGetActionRepoKind=PASS, crystal.model.RelationshipTest.testGetDominant=PASS, crystal.model.RelationshipTest.testEqualsObject=PASS, crystal.model.RevisionHistoryTest.testEqualsObject=ERROR, crystal.model.RevisionHistoryTest.testSuperSubHistory=ERROR, crystal.model.RevisionHistoryTest.testGetCommitters=ERROR, crystal.server.GuidanceCheckerTest.testGetCommitters=PASS, crystal.server.GuidanceCheckerTest.testGetWhen=PASS, crystal.server.HgLogParserTest.testParseNullLog=ERROR, crystal.server.HgLogParserTest.testParseLog=ERROR, crystal.server.HgLogParserTest.testSingleLog=PASS, crystal.server.HgLogParserTest.testTwoLogs=PASS, crystal.server.TestGitStateChecker.testBasicMergeConflict=FAILURE, crystal.server.TestGitStateChecker.testBasicCleanMerge=FAILURE, crystal.server.TestGitStateChecker.testBasicAhead=FAILURE, crystal.server.TestGitStateChecker.testBasicBehind=FAILURE, crystal.server.TestGitStateChecker.testBasicSame=FAILURE, crystal.server.TestHgStateChecker.testBasicMergeConflict=FAILURE, crystal.server.TestHgStateChecker.testBasicCleanMerge=FAILURE, crystal.server.TestHgStateChecker.testBasicAhead=FAILURE, crystal.server.TestHgStateChecker.testBasicBehind=FAILURE, crystal.server.TestHgStateChecker.testBasicSame=FAILURE, crystal.util.SetOperationsTest.testNullIntersection=ERROR, crystal.util.SetOperationsTest.testIntersection=PASS, crystal.util.SetOperationsTest.testNullUnion=ERROR, crystal.util.SetOperationsTest.testUnion=PASS, crystal.util.SetOperationsTest.testSetDifference=PASS, crystal.util.SetOperationsTest.testXor=PASS, crystal.util.SpringLayoutUtilityTest.testInvalidPanelParameter=ERROR, crystal.util.SpringLayoutUtilityTest.testFormGrid=PASS}

